empty24-5.scen	1	576	23	23	0	0	0.05	OK	13	1	428	75
empty24-5.scen	2	576	32	55	0	0	0.1	OK	26	1	3141	96
empty24-5.scen	3	576	32	64	0	0	0.11	OK	53	1	3266	106
empty24-5.scen	4	576	32	69	0	0	0.12	OK	66	1	3296	109
empty24-5.scen	5	576	32	91	0	0	0.18	OK	45	1	3853	146
empty24-5.scen	6	576	32	101	0	0	0.16	OK	44	1	3946	154
empty24-5.scen	7	576	32	130	0	0	0.21	OK	71	1	5507	205
empty24-5.scen	8	576	32	131	0	0	0.21	OK	73	1	5505	199
empty24-5.scen	9	576	32	148	0	0	0.2	OK	75	1	5620	207
empty24-5.scen	10	576	32	180	0	0	0.28	OK	117	1	8083	264
empty24-5.scen	11	576	32	191	0	0	0.28	OK	113	1	8292	279
empty24-5.scen	12	576	32	205	0	0	0.31	OK	138	1	8698	300
empty24-5.scen	13	576	32	217	0	0	0.32	OK	130	1	8895	317
empty24-5.scen	14	576	32	218	0	0	0.33	OK	128	1	8893	317
empty24-5.scen	15	576	32	236	0	0	0.36	OK	157	1	9539	346
empty24-5.scen	16	576	32	242	0	0	0.37	OK	156	1	9576	350
empty24-5.scen	17	576	32	258	0	0	0.4	OK	168	1	9741	363
empty24-5.scen	18	576	32	268	0	0	0.41	OK	167	1	9926	374
empty24-5.scen	19	576	32	293	0	0	0.47	OK	178	1	11316	417
empty24-5.scen	20	576	32	309	0	0	0.48	OK	175	1	11327	417
empty24-5.scen	21	576	32	318	0	0	0.5	OK	179	1	11450	425
empty24-5.scen	22	576	32	337	0	0	0.53	OK	202	1	12274	456
empty24-5.scen	23	576	32	346	0	0	0.55	OK	206	1	12412	465
empty24-5.scen	24	576	32	361	0	0	0.58	OK	222	1	12745	488
empty24-5.scen	25	576	32	378	0	0	0.6	OK	224	1	13144	513
empty24-5.scen	26	576	32	396	0	0	0.63	NO SOLUTION	117	5	13505	539
empty24-5.scen	26	576	32	396	1	0.01	0.74	OK	361	6	31101	2187
empty24-5.scen	27	576	32	401	0	0	0.64	NO SOLUTION	74	5	13536	542
empty24-5.scen	27	576	32	401	1	0.01	0.76	OK	467	8	31095	2197
empty24-5.scen	28	576	32	420	0	0	0.69	NO SOLUTION	91	5	14340	571
empty24-5.scen	28	576	32	420	1	0.01	0.79	OK	387	6	32040	2333
empty24-5.scen	29	576	32	437	0	0	0.69	NO SOLUTION	89	5	14979	598
empty24-5.scen	29	576	32	437	1	0.01	0.82	OK	426	6	32820	2456
empty24-5.scen	30	576	33	470	0	0	0.79	NO SOLUTION	98	5	17372	657
empty24-5.scen	30	576	33	470	1	0.01	0.96	OK	436	8	35330	2815
empty24-5.scen	31	576	33	488	0	0	0.83	NO SOLUTION	45	5	18092	687
empty24-5.scen	31	576	33	488	1	0.01	1	OK	447	7	36223	2943
empty24-5.scen	32	576	33	512	0	0	0.9	NO SOLUTION	40	6	19433	726
empty24-5.scen	32	576	33	512	1	0.01	1.06	OK	471	7	37679	3145
empty24-5.scen	33	576	33	516	0	0	0.9	NO SOLUTION	5	3	19457	719
empty24-5.scen	33	576	33	516	1	0.01	1.07	OK	446	4	37737	3123
empty24-5.scen	34	576	33	521	0	0	0.92	NO SOLUTION	17	3	19454	717
empty24-5.scen	34	576	33	521	1	0.01	1.07	OK	446	4	37770	3108
empty24-5.scen	35	576	33	534	0	0	0.89	NO SOLUTION	0	1	10571	0
empty24-5.scen	35	576	33	534	1	0	1.09	NO SOLUTION	0	1	38223	0
empty24-5.scen	35	576	33	534	2	0.02	2.68	NO SOLUTION	1340	45	65291	10025
empty24-5.scen	35	576	33	534	3	0.03	1.92	OK	1016	41	94088	18314
empty24-5.scen	36	576	33	556	0	0	0.91	NO SOLUTION	0	1	10805	0
empty24-5.scen	36	576	33	556	1	0	1.12	NO SOLUTION	0	1	38636	0
empty24-5.scen	36	576	33	556	2	0.03	2.77	NO SOLUTION	1382	48	66579	10324
empty24-5.scen	36	576	33	556	3	0.04	1.96	OK	992	46	96182	18846
empty24-5.scen	37	576	33	562	0	0	0.93	NO SOLUTION	0	1	10810	0
empty24-5.scen	37	576	33	562	1	0	1.14	NO SOLUTION	0	1	38676	0
empty24-5.scen	37	576	33	562	2	0.03	2.8	NO SOLUTION	1450	50	66677	10298
empty24-5.scen	37	576	33	562	3	0.04	3.23	NO SOLUTION	1175	77	96509	18820
empty24-5.scen	37	576	33	562	4	0.05	4.33	NO SOLUTION	1377	57	134559	30275
empty24-5.scen	37	576	33	562	5	0.07	3.02	OK	1088	60	173365	43185
empty24-5.scen	38	576	33	586	0	0	0.97	NO SOLUTION	0	1	11489	0
empty24-5.scen	38	576	33	586	1	0	1.2	NO SOLUTION	0	1	40189	0
empty24-5.scen	38	576	33	586	2	0.03	2.93	NO SOLUTION	1489	48	70087	11000
empty24-5.scen	38	576	33	586	3	0.04	3.42	NO SOLUTION	1189	64	101683	20089
empty24-5.scen	38	576	33	586	4	0.05	4.55	NO SOLUTION	1380	61	141697	32511
empty24-5.scen	38	576	33	586	5	0.07	3.12	OK	1298	62	182599	46195
empty24-5.scen	39	576	33	606	0	0	0.99	NO SOLUTION	0	1	11694	0
empty24-5.scen	39	576	33	606	1	0	1.21	NO SOLUTION	0	1	40679	0
empty24-5.scen	39	576	33	606	2	0.03	3.06	NO SOLUTION	1576	51	71234	11234
empty24-5.scen	39	576	33	606	3	0.04	3.47	NO SOLUTION	1331	75	103598	20581
empty24-5.scen	39	576	33	606	4	0.05	4.68	NO SOLUTION	1289	57	144641	33363
empty24-5.scen	39	576	33	606	5	0.08	3.2	OK	1155	62	186528	47431
empty24-5.scen	40	576	33	619	0	0	1.01	NO SOLUTION	0	1	11911	0
empty24-5.scen	40	576	33	619	1	0	1.24	NO SOLUTION	0	1	41106	0
empty24-5.scen	40	576	33	619	2	0.03	3.15	NO SOLUTION	1816	53	72389	11478
empty24-5.scen	40	576	33	619	3	0.04	3.55	NO SOLUTION	1325	76	105418	21072
empty24-5.scen	40	576	33	619	4	0.05	4.83	NO SOLUTION	1319	62	147407	34269
empty24-5.scen	40	576	33	619	5	0.07	3.23	OK	1366	65	175480	49094
empty24-5.scen	41	576	33	640	0	0	1.05	NO SOLUTION	0	1	12211	0
empty24-5.scen	41	576	33	640	1	0	1.29	NO SOLUTION	0	1	41759	0
empty24-5.scen	41	576	33	640	2	0.03	3.23	NO SOLUTION	1773	48	73954	11912
empty24-5.scen	41	576	33	640	3	0.04	3.68	NO SOLUTION	1292	65	107898	21832
empty24-5.scen	41	576	33	640	4	0.05	4.95	NO SOLUTION	1197	68	151024	35486
empty24-5.scen	41	576	33	640	5	0.07	3.31	OK	1215	57	180311	50810
empty24-5.scen	42	576	33	655	0	0	1.08	NO SOLUTION	0	1	12311	0
empty24-5.scen	42	576	33	655	1	0	1.35	NO SOLUTION	0	1	41954	0
empty24-5.scen	42	576	33	655	2	0.03	3.31	NO SOLUTION	1880	50	74606	12003
empty24-5.scen	42	576	33	655	3	0.04	3.72	NO SOLUTION	1200	54	108987	22059
empty24-5.scen	42	576	33	655	4	0.05	5.02	NO SOLUTION	1164	68	152896	35963
empty24-5.scen	42	576	33	655	5	0.07	3.38	OK	1242	64	182799	51569
empty24-5.scen	43	576	33	686	0	0	1.11	NO SOLUTION	0	1	13466	0
empty24-5.scen	43	576	33	686	1	0	1.38	NO SOLUTION	0	1	44300	0
empty24-5.scen	43	576	33	686	2	0.04	3.48	NO SOLUTION	2118	50	79502	13195
empty24-5.scen	43	576	33	686	3	0.04	3.93	NO SOLUTION	1520	74	116251	24002
empty24-5.scen	43	576	33	686	4	0.05	5.3	NO SOLUTION	1314	58	148132	39113
empty24-5.scen	43	576	33	686	5	0.09	3.71	OK	1324	74	195297	55182
empty24-5.scen	44	576	33	698	0	0	1.13	NO SOLUTION	0	1	13479	0
empty24-5.scen	44	576	33	698	1	0	1.39	NO SOLUTION	0	1	44395	0
empty24-5.scen	44	576	33	698	2	0.04	3.51	NO SOLUTION	2004	55	79702	13291
empty24-5.scen	44	576	33	698	3	0.05	4.06	NO SOLUTION	1411	57	116777	24179
empty24-5.scen	44	576	33	698	4	0.07	5.37	NO SOLUTION	1677	83	149149	39428
empty24-5.scen	44	576	33	698	5	0.16	6.15	NO SOLUTION	1593	125	196791	55644
empty24-5.scen	44	576	33	698	6	0.13	4.7	OK	1566	80	253458	75037
empty24-5.scen	45	576	33	712	0	0	1.16	NO SOLUTION	0	1	13705	0
empty24-5.scen	45	576	33	712	1	0	1.42	NO SOLUTION	0	1	44915	0
empty24-5.scen	45	576	33	712	2	0.05	3.64	NO SOLUTION	2200	56	80956	13548
empty24-5.scen	45	576	33	712	3	0.05	4.14	NO SOLUTION	1463	57	118710	24699
empty24-5.scen	45	576	33	712	4	0.07	5.49	NO SOLUTION	1546	100	152045	40409
empty24-5.scen	45	576	33	712	5	0.17	6.31	NO SOLUTION	1922	122	200499	57072
empty24-5.scen	45	576	33	712	6	0.15	4.83	OK	1532	90	258115	76931
empty24-5.scen	46	576	33	721	0	0	1.2	NO SOLUTION	0	1	13827	0
empty24-5.scen	46	576	33	721	1	0	1.45	NO SOLUTION	0	1	45174	0
empty24-5.scen	46	576	33	721	2	0.05	3.68	NO SOLUTION	2310	58	81622	13699
empty24-5.scen	46	576	33	721	3	0.05	4.21	NO SOLUTION	1898	103	119770	24996
empty24-5.scen	46	576	33	721	4	0.08	5.61	NO SOLUTION	1898	77	153548	40921
empty24-5.scen	46	576	33	721	5	0.14	6.42	NO SOLUTION	1632	85	202502	57717
empty24-5.scen	46	576	33	721	6	0.14	4.91	OK	2058	102	260751	77750
empty24-5.scen	47	576	33	742	0	0	1.22	NO SOLUTION	0	1	14310	0
empty24-5.scen	47	576	33	742	1	0	1.51	NO SOLUTION	0	1	46253	0
empty24-5.scen	47	576	33	742	2	0.05	3.81	NO SOLUTION	2446	59	83879	14219
empty24-5.scen	47	576	33	742	3	0.05	4.32	NO SOLUTION	1739	76	123130	25941
empty24-5.scen	47	576	33	742	4	0.07	5.76	NO SOLUTION	1747	75	158313	42276
empty24-5.scen	47	576	33	742	5	0.18	6.62	NO SOLUTION	2267	138	208608	59504
empty24-5.scen	47	576	33	742	6	0.16	5.05	OK	1877	87	268341	80035
empty24-5.scen	48	576	33	756	0	0	1.25	NO SOLUTION	0	1	14450	0
empty24-5.scen	48	576	33	756	1	0	1.54	NO SOLUTION	0	1	46526	0
empty24-5.scen	48	576	33	756	2	0.06	3.92	NO SOLUTION	2432	83	84641	14414
empty24-5.scen	48	576	33	756	3	0.07	4.43	NO SOLUTION	1811	67	124470	26295
empty24-5.scen	48	576	33	756	4	0.09	5.92	NO SOLUTION	1929	100	160249	42839
empty24-5.scen	48	576	33	756	5	0.17	6.76	NO SOLUTION	1843	104	211265	60289
empty24-5.scen	48	576	33	756	6	0.17	5.15	OK	2105	98	271881	81103
empty24-5.scen	49	576	33	771	0	0	1.26	NO SOLUTION	0	1	14600	0
empty24-5.scen	49	576	33	771	1	0	1.56	NO SOLUTION	0	1	46859	0
empty24-5.scen	49	576	33	771	2	0.05	3.92	NO SOLUTION	2461	64	85549	14710
empty24-5.scen	49	576	33	771	3	0.08	4.54	NO SOLUTION	2193	104	125821	26822
empty24-5.scen	49	576	33	771	4	0.09	6	NO SOLUTION	1630	86	162282	43576
empty24-5.scen	49	576	33	771	5	0.19	6.86	NO SOLUTION	2171	144	213995	61116
empty24-5.scen	49	576	33	771	6	0.18	5.22	OK	1896	104	275559	82156
empty24-5.scen	50	576	33	783	0	0	1.29	NO SOLUTION	0	1	14779	0
empty24-5.scen	50	576	33	783	1	0	1.6	NO SOLUTION	0	1	47213	0
empty24-5.scen	50	576	33	783	2	0.06	4.03	NO SOLUTION	2779	83	86460	14943
empty24-5.scen	50	576	33	783	3	0.06	4.58	NO SOLUTION	2052	90	112857	27683
empty24-5.scen	50	576	33	783	4	0.08	6.13	NO SOLUTION	1967	103	164558	44270
empty24-5.scen	50	576	33	783	5	0.19	7.1	NO SOLUTION	2292	107	217071	62088
empty24-5.scen	50	576	33	783	6	0.19	5.3	OK	2161	106	279634	83425
empty24-5.scen	51	576	33	807	0	0	1.32	NO SOLUTION	0	1	15119	0
empty24-5.scen	51	576	33	807	1	0	1.63	NO SOLUTION	0	1	47926	0
empty24-5.scen	51	576	33	807	2	0.07	4.13	NO SOLUTION	3042	92	88202	15286
empty24-5.scen	51	576	33	807	3	0.08	4.69	NO SOLUTION	2652	97	115615	28327
empty24-5.scen	51	576	33	807	4	0.1	6.28	NO SOLUTION	1971	97	168563	45313
empty24-5.scen	51	576	33	807	5	0.22	7.29	NO SOLUTION	2704	120	222288	63614
empty24-5.scen	51	576	33	807	6	0.23	9.03	NO SOLUTION	2681	118	286225	85433
empty24-5.scen	51	576	33	807	7	0.33	6.19	OK	2812	136	350913	107467
empty24-5.scen	52	576	33	829	0	0	1.37	NO SOLUTION	0	1	15604	0
empty24-5.scen	52	576	33	829	1	0	1.67	NO SOLUTION	0	1	48639	0
empty24-5.scen	52	576	33	829	2	0.09	4.27	NO SOLUTION	4265	161	90052	15560
empty24-5.scen	52	576	33	829	3	0.12	4.84	NO SOLUTION	2945	292	118352	28795
empty24-5.scen	52	576	33	829	4	0.15	6.48	NO SOLUTION	2576	252	172449	46001
empty24-5.scen	52	576	33	829	5	0.35	7.57	NO SOLUTION	3932	419	227377	64549
empty24-5.scen	52	576	33	829	6	0.28	9.33	NO SOLUTION	2999	214	292800	86628
empty24-5.scen	52	576	33	829	7	0.4	10.58	NO SOLUTION	3534	232	359039	108998
empty24-5.scen	52	576	33	829	8	0.58	12.86	NO SOLUTION	3500	310	435372	134212
empty24-5.scen	52	576	33	829	9	0.8	8.22	OK	3464	352	512680	159875
empty24-5.scen	53	576	33	845	0	0	1.4	NO SOLUTION	0	1	15879	0
empty24-5.scen	53	576	33	845	1	0	1.71	NO SOLUTION	0	1	49178	0
empty24-5.scen	53	576	33	845	2	0.09	4.35	NO SOLUTION	4851	146	91477	15944
empty24-5.scen	53	576	33	845	3	0.11	4.94	NO SOLUTION	2784	223	120536	29432
empty24-5.scen	53	576	33	845	4	0.15	6.71	NO SOLUTION	3014	243	175548	46929
empty24-5.scen	53	576	33	845	5	0.36	7.74	NO SOLUTION	3652	367	231427	65800
empty24-5.scen	53	576	33	845	6	0.31	9.59	NO SOLUTION	2837	218	297976	88249
empty24-5.scen	53	576	33	845	7	0.42	10.77	NO SOLUTION	3553	301	365340	111064
empty24-5.scen	53	576	33	845	8	0.53	13.07	NO SOLUTION	3738	244	443008	136724
empty24-5.scen	53	576	33	845	9	0.84	8.45	OK	3719	338	521716	162812
empty24-5.scen	54	576	33	847	0	0	1.42	NO SOLUTION	0	1	15888	0
empty24-5.scen	54	576	33	847	1	0	1.74	NO SOLUTION	0	1	49206	0
empty24-5.scen	54	576	33	847	2	0.09	4.39	NO SOLUTION	5197	146	91512	15963
empty24-5.scen	54	576	33	847	3	0.11	4.98	NO SOLUTION	2909	199	120718	29473
empty24-5.scen	54	576	33	847	4	0.14	6.72	NO SOLUTION	2796	209	175879	47018
empty24-5.scen	54	576	33	847	5	0.29	7.74	NO SOLUTION	3207	226	231927	65970
empty24-5.scen	54	576	33	847	6	0.34	9.69	NO SOLUTION	3271	296	298721	88520
empty24-5.scen	54	576	33	847	7	0.41	10.9	NO SOLUTION	3418	187	366315	111465
empty24-5.scen	54	576	33	847	8	0.6	13.22	NO SOLUTION	3871	257	444301	137262
empty24-5.scen	54	576	33	847	9	0.94	8.67	OK	4027	385	523306	163463
empty24-5.scen	55	576	33	872	0	0	1.46	NO SOLUTION	0	1	16540	0
empty24-5.scen	55	576	33	872	1	0	1.8	NO SOLUTION	0	1	50644	0
empty24-5.scen	55	576	33	872	2	0.11	4.52	NO SOLUTION	4984	294	94681	16609
empty24-5.scen	55	576	33	872	3	0.12	5.21	NO SOLUTION	3114	233	125438	30690
empty24-5.scen	55	576	33	872	4	0.17	7	NO SOLUTION	3330	351	182445	48830
empty24-5.scen	55	576	33	872	5	0.33	8.06	NO SOLUTION	4179	265	240303	68282
empty24-5.scen	55	576	33	872	6	0.34	9.99	NO SOLUTION	3306	322	309047	91415
empty24-5.scen	55	576	33	872	7	0.39	11.2	NO SOLUTION	3675	181	378590	114981
empty24-5.scen	55	576	33	872	8	0.55	13.68	NO SOLUTION	3517	245	458667	141486
empty24-5.scen	55	576	33	872	9	0.95	8.89	OK	4285	464	539789	168345
empty24-5.scen	56	576	33	879	0	0	1.49	NO SOLUTION	0	1	16622	0
empty24-5.scen	56	576	33	879	1	0	1.81	NO SOLUTION	0	1	50818	0
empty24-5.scen	56	576	33	879	2	0.09	4.63	NO SOLUTION	5039	151	95148	16624
empty24-5.scen	56	576	33	879	3	0.12	5.26	NO SOLUTION	3151	198	126137	30779
empty24-5.scen	56	576	33	879	4	0.16	7.09	NO SOLUTION	2970	209	183479	49044
empty24-5.scen	56	576	33	879	5	0.36	8.15	NO SOLUTION	3676	362	241685	68571
empty24-5.scen	56	576	33	879	6	0.42	10.11	NO SOLUTION	3246	298	310932	91774
empty24-5.scen	56	576	33	879	7	0.5	11.44	NO SOLUTION	3473	443	381016	115464
empty24-5.scen	56	576	33	879	8	0.65	13.89	NO SOLUTION	4012	410	461806	142120
empty24-5.scen	56	576	33	879	9	0.94	9.02	OK	4444	439	543680	169167
empty24-5.scen	57	576	33	886	0	0	1.53	NO SOLUTION	0	1	16690	0
empty24-5.scen	57	576	33	886	1	0	1.85	NO SOLUTION	0	1	50987	0
empty24-5.scen	57	576	33	886	2	0.09	4.67	NO SOLUTION	4687	168	95506	16695
empty24-5.scen	57	576	33	886	3	0.11	5.37	NO SOLUTION	2962	194	126847	30916
empty24-5.scen	57	576	33	886	4	0.19	7.23	NO SOLUTION	2925	270	184544	49306
empty24-5.scen	57	576	33	886	5	0.36	8.34	NO SOLUTION	3589	354	243085	69005
empty24-5.scen	57	576	33	886	6	0.37	10.18	NO SOLUTION	3382	251	312700	92357
empty24-5.scen	57	576	33	886	7	0.59	11.61	NO SOLUTION	3495	392	383181	116154
empty24-5.scen	57	576	33	886	8	0.58	14.03	NO SOLUTION	3818	274	464462	142946
empty24-5.scen	57	576	33	886	9	1.16	9.37	OK	4156	523	546861	170134
empty24-5.scen	58	576	33	894	0	0	1.55	NO SOLUTION	0	1	16792	0
empty24-5.scen	58	576	33	894	1	0	1.88	NO SOLUTION	0	1	51201	0
empty24-5.scen	58	576	33	894	2	0.1	4.78	NO SOLUTION	4586	159	96031	16828
empty24-5.scen	58	576	33	894	3	0.14	5.49	NO SOLUTION	3235	282	127646	31178
empty24-5.scen	58	576	33	894	4	0.18	7.38	NO SOLUTION	3415	216	185746	49730
empty24-5.scen	58	576	33	894	5	0.38	8.44	NO SOLUTION	3911	405	244695	69549
empty24-5.scen	58	576	33	894	6	0.32	10.33	NO SOLUTION	3363	227	314863	93024
empty24-5.scen	58	576	33	894	7	0.45	11.68	NO SOLUTION	3179	219	385928	116947
empty24-5.scen	58	576	33	894	8	0.65	14.28	NO SOLUTION	3499	262	467914	143854
empty24-5.scen	58	576	33	894	9	0.93	9.24	OK	3827	310	551044	171195
empty24-5.scen	59	576	33	911	0	0	1.56	NO SOLUTION	0	1	16906	0
empty24-5.scen	59	576	33	911	1	0	1.92	NO SOLUTION	0	1	51400	0
empty24-5.scen	59	576	33	911	2	0.1	4.86	NO SOLUTION	4873	159	96825	17008
empty24-5.scen	59	576	33	911	3	0.12	5.55	NO SOLUTION	2784	179	128939	31550
empty24-5.scen	59	576	33	911	4	0.19	7.5	NO SOLUTION	3117	186	187761	50422
empty24-5.scen	59	576	33	911	5	0.39	8.58	NO SOLUTION	3980	432	247440	70456
empty24-5.scen	59	576	33	911	6	0.39	10.59	NO SOLUTION	3368	275	318532	94197
empty24-5.scen	59	576	33	911	7	0.48	11.87	NO SOLUTION	3273	198	390546	118395
empty24-5.scen	59	576	33	911	8	0.88	14.75	NO SOLUTION	4253	506	473740	145611
empty24-5.scen	59	576	33	911	9	1.03	9.53	OK	3942	451	558107	173334
empty24-5.scen	60	576	33	923	0	0	1.6	NO SOLUTION	0	1	17096	0
empty24-5.scen	60	576	33	923	1	0	1.96	NO SOLUTION	0	1	51796	0
empty24-5.scen	60	576	33	923	2	0.1	4.96	NO SOLUTION	4502	167	97855	17259
empty24-5.scen	60	576	33	923	3	0.16	5.69	NO SOLUTION	3716	352	130516	32035
empty24-5.scen	60	576	33	923	4	0.21	7.65	NO SOLUTION	3799	254	189998	51191
empty24-5.scen	60	576	33	923	5	0.36	8.74	NO SOLUTION	3572	257	250378	71435
empty24-5.scen	60	576	33	923	6	0.49	10.89	NO SOLUTION	3543	508	322371	95429
empty24-5.scen	60	576	33	923	7	0.47	12.05	NO SOLUTION	3089	252	395307	119882
empty24-5.scen	60	576	33	923	8	0.74	14.89	NO SOLUTION	4047	418	479602	147379
empty24-5.scen	60	576	33	923	9	0.98	9.64	OK	4038	461	565141	175378
empty24-5.scen	61	576	33	934	0	0	1.63	NO SOLUTION	0	1	17169	0
empty24-5.scen	61	576	33	934	1	0	1.99	NO SOLUTION	0	1	51938	0
empty24-5.scen	61	576	33	934	2	0.1	5.07	NO SOLUTION	4725	138	98303	17379
empty24-5.scen	61	576	33	934	3	0.12	5.76	NO SOLUTION	3330	184	131304	32239
empty24-5.scen	61	576	33	934	4	0.2	7.74	NO SOLUTION	3363	205	191265	51541
empty24-5.scen	61	576	33	934	5	0.41	8.91	NO SOLUTION	3987	376	252153	71947
empty24-5.scen	61	576	33	934	6	0.34	10.97	NO SOLUTION	2997	232	324827	96151
empty24-5.scen	61	576	33	934	7	0.52	12.41	NO SOLUTION	3273	391	398474	120795
empty24-5.scen	61	576	33	934	8	0.7	15.12	NO SOLUTION	3795	356	483698	148528
empty24-5.scen	61	576	33	934	9	1.1	9.93	OK	4538	487	570205	176788
empty24-5.scen	62	576	33	955	0	0	1.65	NO SOLUTION	0	1	17582	0
empty24-5.scen	62	576	33	955	1	0	2.04	NO SOLUTION	0	1	52776	0
empty24-5.scen	62	576	33	955	2	0.08	5.13	NO SOLUTION	3032	158	86153	18494
empty24-5.scen	62	576	33	955	3	0.15	5.94	NO SOLUTION	3670	288	134318	33069
empty24-5.scen	62	576	33	955	4	0.22	7.9	NO SOLUTION	3748	225	195509	52722
empty24-5.scen	62	576	33	955	5	0.36	9.05	NO SOLUTION	3621	292	257607	73523
empty24-5.scen	62	576	33	955	6	0.42	11.19	NO SOLUTION	3798	285	331689	98161
empty24-5.scen	62	576	33	955	7	0.59	12.76	NO SOLUTION	3971	406	406810	123210
empty24-5.scen	62	576	33	955	8	0.76	14.55	NO SOLUTION	4307	395	493769	151366
empty24-5.scen	62	576	33	955	9	1.04	10.07	OK	4317	384	582092	180112
empty24-5.scen	63	576	33	968	0	0	1.7	NO SOLUTION	0	1	17800	0
empty24-5.scen	63	576	33	968	1	0	2.06	NO SOLUTION	0	1	53407	0
empty24-5.scen	63	576	33	968	2	0.09	5.19	NO SOLUTION	3219	180	87240	18805
empty24-5.scen	63	576	33	968	3	0.15	6.01	NO SOLUTION	3712	239	135985	33624
empty24-5.scen	63	576	33	968	4	0.21	8.04	NO SOLUTION	3447	226	197839	53589
empty24-5.scen	63	576	33	968	5	0.39	9.26	NO SOLUTION	3775	260	260581	74661
empty24-5.scen	63	576	33	968	6	0.36	11.31	NO SOLUTION	3397	227	335471	99561
empty24-5.scen	63	576	33	968	7	0.54	12.93	NO SOLUTION	3842	279	411392	124822
empty24-5.scen	63	576	33	968	8	0.72	14.78	NO SOLUTION	4201	285	499340	153251
empty24-5.scen	63	576	33	968	9	1.06	10.24	OK	4004	330	588662	182215
empty24-5.scen	64	576	38	1006	0	0	2.34	NO SOLUTION	0	1	19381	0
empty24-5.scen	64	576	38	1006	1	0	2.81	NO SOLUTION	0	1	58376	0
empty24-5.scen	64	576	38	1006	2	0.11	6.82	NO SOLUTION	6359	220	108786	19748
empty24-5.scen	64	576	38	1006	3	0.13	7.66	NO SOLUTION	3378	174	146945	36506
empty24-5.scen	64	576	38	1006	4	0.24	10	NO SOLUTION	3382	195	212679	57613
empty24-5.scen	64	576	38	1006	5	0.39	11.27	NO SOLUTION	3918	310	279202	79983
empty24-5.scen	64	576	38	1006	6	0.51	13.95	NO SOLUTION	4127	468	358058	106082
empty24-5.scen	64	576	38	1006	7	0.61	15.55	NO SOLUTION	3690	344	437884	132483
empty24-5.scen	64	576	38	1006	8	0.89	18.02	NO SOLUTION	3875	355	529839	161954
empty24-5.scen	64	576	38	1006	9	1.09	12.2	OK	5469	392	623194	191915
empty24-5.scen	65	576	38	1015	0	0	2.37	NO SOLUTION	0	1	19470	0
empty24-5.scen	65	576	38	1015	1	0	2.82	NO SOLUTION	0	1	58579	0
empty24-5.scen	65	576	38	1015	2	0.12	6.95	NO SOLUTION	6305	169	109321	19870
empty24-5.scen	65	576	38	1015	3	0.15	7.8	NO SOLUTION	3558	245	147773	36740
empty24-5.scen	65	576	38	1015	4	0.23	10.23	NO SOLUTION	3802	273	213978	57982
empty24-5.scen	65	576	38	1015	5	0.41	11.5	NO SOLUTION	3896	340	280954	80504
empty24-5.scen	65	576	38	1015	6	0.39	14.13	NO SOLUTION	3316	197	360372	106797
empty24-5.scen	65	576	38	1015	7	0.61	15.81	NO SOLUTION	3853	316	440779	133366
empty24-5.scen	65	576	38	1015	8	0.72	18.15	NO SOLUTION	4439	200	533438	162992
empty24-5.scen	65	576	38	1015	9	0.95	12.31	OK	6581	242	627553	193120
empty24-5.scen	66	576	38	1042	0	0	2.43	NO SOLUTION	0	1	20150	0
empty24-5.scen	66	576	38	1042	1	0	2.9	NO SOLUTION	0	1	60151	0
empty24-5.scen	66	576	38	1042	2	0.12	7.14	NO SOLUTION	6666	159	112616	20567
empty24-5.scen	66	576	38	1042	3	0.15	8.08	NO SOLUTION	3790	188	152738	38022
empty24-5.scen	66	576	38	1042	4	0.26	10.54	NO SOLUTION	3695	268	220827	59902
empty24-5.scen	66	576	38	1042	5	0.39	11.81	NO SOLUTION	3812	257	289655	83020
empty24-5.scen	66	576	38	1042	6	0.43	14.68	NO SOLUTION	3826	254	371217	109833
empty24-5.scen	66	576	38	1042	7	0.62	16.26	NO SOLUTION	3927	335	453828	136984
empty24-5.scen	66	576	38	1042	8	0.78	18.68	NO SOLUTION	6256	237	548991	167196
empty24-5.scen	66	576	38	1042	9	1.05	12.7	OK	14350	347	645683	197979
empty24-5.scen	67	576	38	1065	0	0	2.5	NO SOLUTION	0	1	20742	0
empty24-5.scen	67	576	38	1065	1	0	2.95	NO SOLUTION	0	1	61584	0
empty24-5.scen	67	576	38	1065	2	0.12	7.34	NO SOLUTION	6745	127	115394	21242
empty24-5.scen	67	576	38	1065	3	0.16	8.28	NO SOLUTION	3856	254	156814	39118
empty24-5.scen	67	576	38	1065	4	0.24	10.74	NO SOLUTION	3623	199	226274	61375
empty24-5.scen	67	576	38	1065	5	0.4	12.07	NO SOLUTION	3900	212	296582	84838
empty24-5.scen	67	576	38	1065	6	0.4	14.89	NO SOLUTION	3834	236	379837	112007
empty24-5.scen	67	576	38	1065	7	0.61	16.66	NO SOLUTION	3829	247	464250	139609
empty24-5.scen	67	576	38	1065	8	0.95	19.25	NO SOLUTION	6324	494	561484	170302
empty24-5.scen	67	576	38	1065	9	1.27	13.21	OK	8215	414	660312	201629
empty24-5.scen	68	576	38	1074	0	0	2.54	NO SOLUTION	0	1	20862	0
empty24-5.scen	68	576	38	1074	1	0	3.01	NO SOLUTION	0	1	61828	0
empty24-5.scen	68	576	38	1074	2	0.12	7.44	NO SOLUTION	6644	143	115969	21247
empty24-5.scen	68	576	38	1074	3	0.13	8.34	NO SOLUTION	3581	240	157662	39140
empty24-5.scen	68	576	38	1074	4	0.24	10.84	NO SOLUTION	3952	256	227568	61456
empty24-5.scen	68	576	38	1074	5	0.42	12.27	NO SOLUTION	3769	316	298359	85057
empty24-5.scen	68	576	38	1074	6	0.42	15.12	NO SOLUTION	3644	242	382261	112341
empty24-5.scen	68	576	38	1074	7	0.9	17.25	NO SOLUTION	4141	341	467362	140120
empty24-5.scen	68	576	38	1074	8	0.93	19.57	NO SOLUTION	7082	288	565470	171015
empty24-5.scen	68	576	38	1074	9	1.29	13.41	OK	7188	437	665209	202571
empty24-5.scen	69	576	38	1087	0	0	2.57	NO SOLUTION	0	1	20973	0
empty24-5.scen	69	576	38	1087	1	0	3.06	NO SOLUTION	0	1	62043	0
empty24-5.scen	69	576	38	1087	2	0.13	7.56	NO SOLUTION	7791	177	116549	21379
empty24-5.scen	69	576	38	1087	3	0.14	8.55	NO SOLUTION	3424	249	158599	39409
empty24-5.scen	69	576	38	1087	4	0.23	10.96	NO SOLUTION	4263	279	229077	61914
empty24-5.scen	69	576	38	1087	5	0.47	12.44	NO SOLUTION	4429	374	300406	85681
empty24-5.scen	69	576	38	1087	6	0.44	15.36	NO SOLUTION	4875	241	385024	113132
empty24-5.scen	69	576	38	1087	7	0.75	17.36	NO SOLUTION	4488	324	470848	141045
empty24-5.scen	69	576	38	1087	8	0.97	19.79	NO SOLUTION	5889	331	569834	172149
empty24-5.scen	69	576	38	1087	9	1.12	13.43	OK	8839	310	670487	203921
empty24-5.scen	70	576	38	1107	0	0	2.63	NO SOLUTION	0	1	21348	0
empty24-5.scen	70	576	38	1107	1	0	3.15	NO SOLUTION	0	1	62906	0
empty24-5.scen	70	576	38	1107	2	0.1	7.65	NO SOLUTION	3432	193	104257	22426
empty24-5.scen	70	576	38	1107	3	0.14	8.7	NO SOLUTION	3707	240	161412	40177
empty24-5.scen	70	576	38	1107	4	0.23	11.21	NO SOLUTION	4385	344	233054	63102
empty24-5.scen	70	576	38	1107	5	0.45	12.67	NO SOLUTION	4088	400	305514	87188
empty24-5.scen	70	576	38	1107	6	0.55	15.78	NO SOLUTION	4107	366	391513	114843
empty24-5.scen	70	576	38	1107	7	0.65	16.59	NO SOLUTION	5313	313	478753	143111
empty24-5.scen	70	576	38	1107	8	0.83	20.02	NO SOLUTION	4730	259	579466	174589
empty24-5.scen	70	576	38	1107	9	1.41	13.94	OK	8214	412	681893	206841
empty24-5.scen	71	576	38	1135	0	0	2.7	NO SOLUTION	0	1	22238	0
empty24-5.scen	71	576	38	1135	1	0	3.19	NO SOLUTION	0	1	65164	0
empty24-5.scen	71	576	38	1135	2	0.1	7.92	NO SOLUTION	3938	164	108562	23502
empty24-5.scen	71	576	38	1135	3	0.13	8.93	NO SOLUTION	3302	199	167809	41997
empty24-5.scen	71	576	38	1135	4	0.25	11.52	NO SOLUTION	4347	327	241798	65557
empty24-5.scen	71	576	38	1135	5	0.45	13.09	NO SOLUTION	4438	331	316603	90392
empty24-5.scen	71	576	38	1135	6	0.53	16.43	NO SOLUTION	3957	335	405429	118696
empty24-5.scen	71	576	38	1135	7	0.86	17.29	NO SOLUTION	4990	428	495495	147755
empty24-5.scen	71	576	38	1135	8	1.16	20.95	NO SOLUTION	7861	546	599396	180034
empty24-5.scen	71	576	38	1135	9	1.15	14.15	OK	5807	276	704951	213146
empty24-5.scen	72	576	38	1161	0	0	2.78	NO SOLUTION	0	1	23015	0
empty24-5.scen	72	576	38	1161	1	0	3.28	NO SOLUTION	0	1	66925	0
empty24-5.scen	72	576	38	1161	2	0.13	8.15	NO SOLUTION	4425	306	112032	24433
empty24-5.scen	72	576	38	1161	3	0.2	9.22	NO SOLUTION	4117	379	172990	43447
empty24-5.scen	72	576	38	1161	4	0.36	11.98	NO SOLUTION	5765	595	248859	67590
empty24-5.scen	72	576	38	1161	5	0.44	13.41	NO SOLUTION	4381	290	325510	93052
empty24-5.scen	72	576	38	1161	6	0.56	16.64	NO SOLUTION	6652	374	416356	121935
empty24-5.scen	72	576	38	1161	7	0.73	17.59	NO SOLUTION	7282	287	508429	151581
empty24-5.scen	72	576	38	1161	8	0.89	21.07	NO SOLUTION	7178	261	614541	184403
empty24-5.scen	72	576	38	1161	9	1.39	14.68	OK	7383	455	722339	218075
empty24-5.scen	73	576	38	1189	0	0	2.84	NO SOLUTION	0	1	24018	0
empty24-5.scen	73	576	38	1189	1	0	3.36	NO SOLUTION	0	1	69123	0
empty24-5.scen	73	576	38	1189	2	0.3	8.57	NO SOLUTION	5229	1206	116146	25480
empty24-5.scen	73	576	38	1189	3	0.57	9.83	NO SOLUTION	6457	1599	178939	45088
empty24-5.scen	73	576	38	1189	4	0.81	12.67	NO SOLUTION	8455	2125	256944	69841
empty24-5.scen	73	576	38	1189	5	0.83	14.27	NO SOLUTION	5816	1269	335719	95966
empty24-5.scen	73	576	38	1189	6	1.57	18.28	NO SOLUTION	8595	1693	429047	125510
empty24-5.scen	73	576	38	1189	7	1.88	19.21	NO SOLUTION	10907	1692	523616	155954
empty24-5.scen	73	576	38	1189	8	2.69	23.43	NO SOLUTION	12586	2352	632581	189615
empty24-5.scen	73	576	38	1189	9	3.55	26.11	NO SOLUTION	12366	2723	743236	224278
empty24-5.scen	73	576	38	1189	10	5.06	31.44	NO SOLUTION	17731	2018	867690	261722
empty24-5.scen	73	576	38	1189	11	12.09	29.04	OK	58803	4293	993979	300501
empty24-5.scen	74	576	38	1217	0	0	2.9	NO SOLUTION	0	1	24909	0
empty24-5.scen	74	576	38	1217	1	0	3.48	NO SOLUTION	0	1	71177	0
empty24-5.scen	74	576	38	1217	2	0.27	8.76	NO SOLUTION	5897	1209	120214	25669
empty24-5.scen	74	576	38	1217	3	0.38	9.93	NO SOLUTION	5879	1201	184985	45657
empty24-5.scen	74	576	38	1217	4	0.55	12.84	NO SOLUTION	5940	1057	265192	71136
empty24-5.scen	74	576	38	1217	5	0.92	14.64	NO SOLUTION	6922	1398	346142	97938
empty24-5.scen	74	576	38	1217	6	1.64	18.58	NO SOLUTION	8082	1806	441862	128339
empty24-5.scen	74	576	38	1217	7	1.68	19.64	NO SOLUTION	7978	1757	538814	159522
empty24-5.scen	74	576	38	1217	8	3.63	24.99	NO SOLUTION	20896	3220	650311	193932
empty24-5.scen	74	576	38	1217	9	3.07	26.39	NO SOLUTION	12427	2411	763490	229358
empty24-5.scen	74	576	38	1217	10	8.01	35.01	NO SOLUTION	41588	4021	890600	267551
empty24-5.scen	74	576	38	1217	11	9	37.84	NO SOLUTION	19816	3362	1019605	307026
empty24-5.scen	74	576	38	1217	12	9.3	42.53	NO SOLUTION	29298	3436	1162326	348950
empty24-5.scen	74	576	38	1217	13	16.6	37.9	OK	24681	3606	1321767	392202
empty24-5.scen	75	576	38	1229	0	0	2.95	NO SOLUTION	0	1	24991	0
empty24-5.scen	75	576	38	1229	1	0	3.51	NO SOLUTION	0	1	71355	0
empty24-5.scen	75	576	38	1229	2	0.26	8.86	NO SOLUTION	6104	1095	120727	25752
empty24-5.scen	75	576	38	1229	3	0.57	10.23	NO SOLUTION	7133	1419	185804	45786
empty24-5.scen	75	576	38	1229	4	0.76	13.14	NO SOLUTION	6932	1551	266489	71378
empty24-5.scen	75	576	38	1229	5	0.81	14.72	NO SOLUTION	6504	1191	347962	98293
empty24-5.scen	75	576	38	1229	6	1.86	19.09	NO SOLUTION	8190	1752	444393	128873
empty24-5.scen	75	576	38	1229	7	2.44	20.62	NO SOLUTION	13009	2278	542109	160237
empty24-5.scen	75	576	38	1229	8	3.22	24.91	NO SOLUTION	13423	2794	654569	194893
empty24-5.scen	75	576	38	1229	9	5.75	29.35	NO SOLUTION	18584	3121	768756	230581
empty24-5.scen	75	576	38	1229	10	9	36.39	NO SOLUTION	30433	3024	897087	269083
empty24-5.scen	75	576	38	1229	11	8.26	37.51	NO SOLUTION	23763	3293	1027356	308902
empty24-5.scen	75	576	38	1229	12	8.2	41.76	NO SOLUTION	20054	2986	1171572	351212
empty24-5.scen	75	576	38	1229	13	12.07	33.62	OK	25678	3314	1332617	394890
empty24-5.scen	76	576	38	1250	0	0	3	NO SOLUTION	0	1	25135	0
empty24-5.scen	76	576	38	1250	1	0	3.56	NO SOLUTION	0	1	71616	0
empty24-5.scen	76	576	38	1250	2	0.32	9.04	NO SOLUTION	7122	1303	121631	25963
empty24-5.scen	76	576	38	1250	3	0.56	10.39	NO SOLUTION	6222	1441	187335	46214
empty24-5.scen	76	576	38	1250	4	0.71	13.31	NO SOLUTION	7747	1855	268878	72179
empty24-5.scen	76	576	38	1250	5	1.29	15.4	NO SOLUTION	8403	1868	351116	99349
empty24-5.scen	76	576	38	1250	6	1.93	19.41	NO SOLUTION	9564	1777	448654	130123
empty24-5.scen	76	576	38	1250	7	2.29	20.83	NO SOLUTION	9998	1989	547541	161801
empty24-5.scen	76	576	38	1250	8	2.03	24.12	NO SOLUTION	9609	1462	661477	196808
empty24-5.scen	76	576	38	1250	9	3.82	27.6	NO SOLUTION	16049	2124	777166	232954
empty24-5.scen	76	576	38	1250	10	4.96	32.8	NO SOLUTION	18719	2514	907148	271903
empty24-5.scen	76	576	38	1250	11	13.89	43.84	NO SOLUTION	44678	4842	1039079	312271
empty24-5.scen	76	576	38	1250	12	9.29	43.36	NO SOLUTION	28938	3801	1185097	355050
