empty08-3.scen	1	64	8	8	0	0	0.01	OK	3	1	71	10
empty08-3.scen	2	64	8	11	0	0	0.01	OK	6	1	87	7
empty08-3.scen	3	64	8	18	0	0	0.01	OK	13	1	164	14
empty08-3.scen	4	64	8	19	0	0	0.01	OK	14	1	165	12
empty08-3.scen	5	64	8	25	0	0	0.01	OK	16	1	216	16
empty08-3.scen	6	64	8	28	0	0	0.01	OK	18	1	234	16
empty08-3.scen	7	64	8	28	0	0	0.01	OK	18	1	234	16
empty08-3.scen	8	64	12	40	0	0	0.02	OK	22	1	521	31
empty08-3.scen	9	64	12	44	0	0	0.02	OK	19	1	524	28
empty08-3.scen	10	64	12	48	0	0	0.02	OK	16	1	550	30
empty08-3.scen	11	64	12	49	0	0	0.02	OK	16	1	547	27
empty08-3.scen	12	64	12	50	0	0	0.03	OK	14	1	548	22
empty08-3.scen	13	64	12	59	0	0	0.03	OK	17	1	693	22
empty08-3.scen	14	64	12	61	0	0	0.03	OK	17	1	699	22
empty08-3.scen	15	64	12	71	0	0	0.03	NO SOLUTION	0	1	878	0
empty08-3.scen	15	64	12	71	1	0	0.04	OK	21	2	2660	124
empty08-3.scen	16	64	12	78	0	0	0.03	NO SOLUTION	0	1	920	0
empty08-3.scen	16	64	12	78	1	0	0.07	NO SOLUTION	17	4	2780	125
empty08-3.scen	16	64	12	78	2	0	0.07	OK	78	12	4163	858
empty08-3.scen	17	64	12	82	0	0	0.04	NO SOLUTION	0	1	943	0
empty08-3.scen	17	64	12	82	1	0	0.07	NO SOLUTION	15	4	2844	122
empty08-3.scen	17	64	12	82	2	0	0.07	OK	64	14	4344	901
empty08-3.scen	18	64	12	89	0	0	0.04	NO SOLUTION	0	1	1024	0
empty08-3.scen	18	64	12	89	1	0	0.08	NO SOLUTION	12	4	2000	241
empty08-3.scen	18	64	12	89	2	0	0.08	OK	80	17	4771	1018
empty08-3.scen	19	64	12	91	0	0	0.04	NO SOLUTION	0	1	1014	0
empty08-3.scen	19	64	12	91	1	0	0.05	NO SOLUTION	0	1	2015	0
empty08-3.scen	19	64	12	91	2	0	0.14	NO SOLUTION	36	16	4843	850
empty08-3.scen	19	64	12	91	3	0.01	0.18	NO SOLUTION	206	97	7872	1642
empty08-3.scen	19	64	12	91	4	0.01	0.25	NO SOLUTION	234	114	12075	3003
empty08-3.scen	19	64	12	91	5	0.02	0.2	OK	287	154	16406	4426
empty08-3.scen	20	64	12	97	0	0	0.04	NO SOLUTION	0	1	1064	0
empty08-3.scen	20	64	12	97	1	0	0.05	NO SOLUTION	0	1	2136	0
empty08-3.scen	20	64	12	97	2	0	0.14	NO SOLUTION	73	47	5137	932
empty08-3.scen	20	64	12	97	3	0.01	0.2	NO SOLUTION	248	125	8338	1768
empty08-3.scen	20	64	12	97	4	0.02	0.27	NO SOLUTION	248	124	12779	3191
empty08-3.scen	20	64	12	97	5	0.05	0.36	NO SOLUTION	611	344	17352	4684
empty08-3.scen	20	64	12	97	6	0.09	0.33	OK	662	433	22879	6584
empty08-3.scen	21	64	12	106	0	0	0.04	NO SOLUTION	0	1	1202	0
empty08-3.scen	21	64	12	106	1	0	0.06	NO SOLUTION	0	1	2395	0
empty08-3.scen	21	64	12	106	2	0	0.16	NO SOLUTION	94	58	5692	860
empty08-3.scen	21	64	12	106	3	0.02	0.21	NO SOLUTION	254	175	9199	1805
empty08-3.scen	21	64	12	106	4	0.1	0.37	NO SOLUTION	910	587	14035	3278
empty08-3.scen	21	64	12	106	5	0.14	0.46	NO SOLUTION	1143	778	19009	4905
empty08-3.scen	21	64	12	106	6	0.2	0.62	NO SOLUTION	1175	742	24965	6907
empty08-3.scen	21	64	12	106	7	0.25	0.73	NO SOLUTION	1144	792	31071	8978
empty08-3.scen	21	64	12	106	8	0.82	1.41	NO SOLUTION	2569	1789	37978	11253
empty08-3.scen	21	64	12	106	9	0.93	1.33	OK	2349	1671	45025	13616
empty08-3.scen	22	64	12	117	0	0	0.05	NO SOLUTION	0	1	1429	0
empty08-3.scen	22	64	12	117	1	0	0.06	NO SOLUTION	0	1	2745	0
empty08-3.scen	22	64	12	117	2	0	0.18	NO SOLUTION	81	41	6429	980
empty08-3.scen	22	64	12	117	3	0.02	0.24	NO SOLUTION	334	205	10298	2028
empty08-3.scen	22	64	12	117	4	0.13	0.43	NO SOLUTION	1200	874	15543	3620
empty08-3.scen	22	64	12	117	5	0.09	0.45	NO SOLUTION	597	408	20921	5370
empty08-3.scen	22	64	12	117	6	0.3	0.76	NO SOLUTION	1735	1068	27295	7488
empty08-3.scen	22	64	12	117	7	0.43	0.96	NO SOLUTION	1840	1294	33819	9673
empty08-3.scen	22	64	12	117	8	0.68	1.31	NO SOLUTION	2273	1531	41149	12072
empty08-3.scen	22	64	12	117	9	1.15	1.59	OK	3189	2201	48622	14556
empty08-3.scen	23	64	12	121	0	0	0.05	NO SOLUTION	0	1	1448	0
empty08-3.scen	23	64	12	121	1	0	0.06	NO SOLUTION	0	1	2814	0
empty08-3.scen	23	64	12	121	2	0	0.11	NO SOLUTION	0	1	6618	0
empty08-3.scen	23	64	12	121	3	0.02	0.24	NO SOLUTION	393	187	10618	2110
empty08-3.scen	23	64	12	121	4	0.08	0.4	NO SOLUTION	866	520	16034	3754
empty08-3.scen	23	64	12	121	5	0.15	0.53	NO SOLUTION	1000	677	21577	5542
empty08-3.scen	23	64	12	121	6	0.53	1.01	NO SOLUTION	2114	1528	28195	7713
empty08-3.scen	23	64	12	121	7	0.36	0.91	NO SOLUTION	1542	1079	34957	9960
empty08-3.scen	23	64	12	121	8	0.58	1.24	NO SOLUTION	1855	1280	42579	12435
empty08-3.scen	23	64	12	121	9	2.17	2.63	OK	4547	3265	50353	15004
empty08-3.scen	24	64	12	132	0	0	0.05	NO SOLUTION	0	1	1675	0
empty08-3.scen	24	64	12	132	1	0	0.07	NO SOLUTION	0	1	3194	0
empty08-3.scen	24	64	12	132	2	0	0.12	NO SOLUTION	0	1	7410	0
empty08-3.scen	24	64	12	132	3	0.04	0.29	NO SOLUTION	528	366	11821	2381
empty08-3.scen	24	64	12	132	4	0.19	0.53	NO SOLUTION	1440	1009	17698	4142
empty08-3.scen	24	64	12	132	5	0.28	0.68	NO SOLUTION	1803	1175	23669	6043
empty08-3.scen	24	64	12	132	6	0.87	1.38	NO SOLUTION	3115	2341	30710	8315
empty08-3.scen	24	64	12	132	7	0.9	1.48	NO SOLUTION	2994	2152	37882	10672
empty08-3.scen	24	64	12	132	8	1.53	2.24	NO SOLUTION	3888	2775	45913	13251
empty08-3.scen	24	64	12	132	9	2.9	3.7	NO SOLUTION	5567	4017	54104	15933
empty08-3.scen	24	64	12	132	10	2.74	3.3	OK	4919	3558	62959	18767
empty08-3.scen	25	64	12	142	0	0	0.06	NO SOLUTION	0	1	1475	0
empty08-3.scen	25	64	12	142	1	0	0.07	NO SOLUTION	0	1	3520	0
empty08-3.scen	25	64	12	142	2	0	0.12	NO SOLUTION	0	1	8048	0
empty08-3.scen	25	64	12	142	3	0.06	0.32	NO SOLUTION	942	537	12797	2559
empty08-3.scen	25	64	12	142	4	0.25	0.61	NO SOLUTION	1778	1195	19034	4429
empty08-3.scen	25	64	12	142	5	0.8	1.23	NO SOLUTION	3377	2455	25385	6421
empty08-3.scen	25	64	12	142	6	1.93	2.47	NO SOLUTION	6066	4441	32827	8813
empty08-3.scen	25	64	12	142	7	2.31	2.93	NO SOLUTION	5613	4219	40425	11276
empty08-3.scen	25	64	12	142	8	3.52	4.26	NO SOLUTION	6933	5258	48880	13972
empty08-3.scen	25	64	12	142	9	5.47	6.31	NO SOLUTION	8355	5963	57499	16784
empty08-3.scen	25	64	12	142	10	6.4	7.39	NO SOLUTION	9171	6754	66778	19750
empty08-3.scen	25	64	12	142	11	9.57	10.24	OK	11216	8134	76181	22822
empty08-3.scen	26	64	12	147	0	0	0.06	NO SOLUTION	0	1	1505	0
empty08-3.scen	26	64	12	147	1	0	0.08	NO SOLUTION	0	1	3555	0
empty08-3.scen	26	64	12	147	2	0	0.13	NO SOLUTION	0	1	8184	0
empty08-3.scen	26	64	12	147	3	0.19	0.5	OK	2068	1416	26086	5155
empty08-3.scen	27	64	12	150	0	0	0.06	NO SOLUTION	0	1	1524	0
empty08-3.scen	27	64	12	150	1	0	0.08	NO SOLUTION	0	1	3602	0
empty08-3.scen	27	64	12	150	2	0	0.13	NO SOLUTION	0	1	8316	0
empty08-3.scen	27	64	12	150	3	0.25	0.54	NO SOLUTION	2155	1593	13262	2682
empty08-3.scen	27	64	12	150	4	6.82	7.27	OK	28324	22594	39660	9260
empty08-3.scen	28	64	12	159	0	0	0.06	NO SOLUTION	0	1	1647	0
empty08-3.scen	28	64	12	159	1	0	0.08	NO SOLUTION	0	1	3873	0
empty08-3.scen	28	64	12	159	2	0	0.14	NO SOLUTION	0	1	8870	0
empty08-3.scen	28	64	12	159	3	0.42	0.74	NO SOLUTION	3446	2553	14113	2872
empty08-3.scen	28	64	12	159	4	3.12	3.56	NO SOLUTION	14109	11237	21011	4917
empty08-3.scen	28	64	12	159	5	18.83	19.39	OK	54778	43204	56124	14104
empty08-3.scen	29	64	12	168	0	0	0.06	NO SOLUTION	0	1	1746	0
empty08-3.scen	29	64	12	168	1	0	0.08	NO SOLUTION	0	1	4078	0
empty08-3.scen	29	64	12	168	2	0	0.14	NO SOLUTION	0	1	9306	0
empty08-3.scen	29	64	12	168	3	0.84	1.22	NO SOLUTION	6141	4764	14803	2989
empty08-3.scen	29	64	12	168	4	8.12	8.63	NO SOLUTION	32921	26432	21984	5108
empty08-3.scen	29	64	12	168	5	30.32	30.9	NO SOLUTION	74291	60411	29344	7318
empty08-3.scen	29	64	12	168	6	42.2	42.88	NO SOLUTION	72821	58897	38017	9994
empty08-3.scen	29	64	12	168	7	109.34	110.2	OK	156770	126438	93808	25580
empty08-3.scen	30	64	12	170	0	0	0.06	NO SOLUTION	0	1	1756	0
empty08-3.scen	30	64	12	170	1	0	0.09	NO SOLUTION	0	1	4105	0
empty08-3.scen	30	64	12	170	2	0	0.15	NO SOLUTION	0	1	9400	0
empty08-3.scen	30	64	12	170	3	0.02	0.21	NO SOLUTION	211	155	14964	2786
empty08-3.scen	30	64	12	170	4	54.97	55.78	NO SOLUTION	215424	183360	22278	4891
