empty48-5.scen	1	2304	31	31	0	0	0.12	OK	10	0	524	107
empty48-5.scen	2	2304	31	52	0	0	0.13	OK	35	0	819	174
empty48-5.scen	3	2304	43	95	0	0	0.3	OK	57	0	5714	169
empty48-5.scen	4	2304	43	125	0	0	0.34	OK	92	0	6842	222
empty48-5.scen	5	2304	43	157	0	0	0.44	OK	81	0	8914	279
empty48-5.scen	6	2304	43	185	0	0	0.44	OK	82	0	8941	279
empty48-5.scen	7	2304	43	225	0	0	0.48	OK	106	0	9810	352
empty48-5.scen	8	2304	43	237	0	0	0.51	OK	111	0	10047	369
empty48-5.scen	9	2304	43	268	0	0	0.57	OK	131	0	11762	424
empty48-5.scen	10	2304	43	278	0	0	0.6	OK	134	0	11911	437
empty48-5.scen	11	2304	43	311	0	0	0.72	OK	169	0	14380	495
empty48-5.scen	12	2304	57	368	0	0	1.45	OK	190	0	21876	602
empty48-5.scen	13	2304	57	398	0	0.01	1.56	OK	211	0	23363	655
empty48-5.scen	14	2304	57	451	0	0	1.96	OK	304	0	27952	789
empty48-5.scen	15	2304	57	484	0	0	2.12	OK	326	0	29020	885
empty48-5.scen	16	2304	57	491	0	0	2.16	OK	315	0	29074	894
empty48-5.scen	17	2304	57	545	0	0	2.48	OK	358	0	31505	1082
empty48-5.scen	18	2304	57	587	0	0	2.72	OK	378	0	33123	1203
empty48-5.scen	19	2304	57	616	0	0	2.86	OK	420	0	33909	1281
empty48-5.scen	20	2304	57	662	0	0	3.18	OK	445	0	36135	1418
empty48-5.scen	21	2304	57	706	0	0	3.31	OK	446	0	36694	1541
empty48-5.scen	22	2304	57	713	0	0	3.34	OK	455	0	36738	1546
empty48-5.scen	23	2304	57	741	0	0	3.37	OK	513	0	37053	1619
empty48-5.scen	24	2304	57	788	0	0.01	3.85	OK	548	0	39369	1775
empty48-5.scen	25	2304	70	858	0	0.01	6.08	OK	625	0	44585	2088
empty48-5.scen	26	2304	70	883	0	0.01	6.24	OK	690	0	45282	2162
empty48-5.scen	27	2304	70	912	0	0.01	6.37	OK	683	0	46014	2242
empty48-5.scen	28	2304	70	942	0	0.01	6.56	OK	727	0	46947	2325
empty48-5.scen	29	2304	70	958	0	0.01	6.65	OK	780	0	47106	2339
empty48-5.scen	30	2304	70	977	0	0.01	6.76	OK	790	0	47448	2385
empty48-5.scen	31	2304	70	990	0	0.01	6.87	OK	732	0	47555	2412
empty48-5.scen	32	2304	70	1006	0	0.01	6.96	OK	732	0	47571	2412
empty48-5.scen	33	2304	70	1014	0	0.01	6.97	OK	781	0	47654	2423
empty48-5.scen	34	2304	70	1033	0	0.01	7.09	OK	743	0	47783	2440
empty48-5.scen	35	2304	70	1072	0	0.02	7.32	OK	786	0	49310	2558
empty48-5.scen	36	2304	70	1093	0	0.02	7.55	OK	832	0	49729	2613
empty48-5.scen	37	2304	70	1110	0	0.02	7.66	OK	826	0	49882	2629
empty48-5.scen	38	2304	70	1160	0	0.02	7.65	OK	883	0	52065	2832
empty48-5.scen	39	2304	70	1196	0	0.02	7.9	OK	883	0	53331	2959
empty48-5.scen	40	2304	71	1267	0	0.02	9.03	OK	1097	0	58688	3228
empty48-5.scen	41	2304	71	1292	0	0.02	9.14	OK	1124	0	58858	3251
empty48-5.scen	42	2304	71	1324	0	0	9.18	NO SOLUTION	0	1	58879	3254
empty48-5.scen	42	2304	71	1324	1	0.09	10.1	OK	12529	19	118556	14346
empty48-5.scen	43	2304	71	1374	0	0	9.68	NO SOLUTION	0	1	61549	3438
empty48-5.scen	43	2304	71	1374	1	0.09	10.55	OK	12459	19	124837	15154
empty48-5.scen	44	2304	71	1387	0	0	9.72	NO SOLUTION	0	1	61755	3474
empty48-5.scen	44	2304	71	1387	1	0.1	10.74	OK	13327	20	125323	15218
empty48-5.scen	45	2304	71	1426	0	0	9.93	NO SOLUTION	0	1	62673	3613
empty48-5.scen	45	2304	71	1426	1	0.1	10.87	OK	13643	20	127385	15576
empty48-5.scen	46	2304	71	1471	0	0	10.33	NO SOLUTION	0	1	64908	3788
empty48-5.scen	46	2304	71	1471	1	0.1	11.3	OK	15551	22	132388	16279
empty48-5.scen	47	2304	71	1541	0	0	10.84	NO SOLUTION	0	1	69566	4059
empty48-5.scen	47	2304	71	1541	1	0.11	11.95	OK	17482	23	142894	17574
empty48-5.scen	48	2304	71	1569	0	0	11.16	NO SOLUTION	0	1	70289	4157
empty48-5.scen	48	2304	71	1569	1	0.11	12.26	OK	17313	24	144815	17886
empty48-5.scen	49	2304	71	1584	0	0	11.21	NO SOLUTION	0	1	70464	4187
empty48-5.scen	49	2304	71	1584	1	0.11	12.37	OK	16665	23	145182	17975
empty48-5.scen	50	2304	71	1607	0	0	11.42	NO SOLUTION	0	1	70775	4262
empty48-5.scen	50	2304	71	1607	1	0.11	12.44	OK	17163	23	145879	18091
empty48-5.scen	51	2304	71	1671	0	0	11.93	NO SOLUTION	0	1	75104	4510
empty48-5.scen	51	2304	71	1671	1	0.13	13.32	OK	21430	26	156461	19522
empty48-5.scen	52	2304	71	1688	0	0	12.08	NO SOLUTION	0	1	75401	4562
empty48-5.scen	52	2304	71	1688	1	0.13	13.45	OK	21249	26	157127	19583
empty48-5.scen	53	2304	71	1740	0	0	12.61	NO SOLUTION	0	1	78340	4779
empty48-5.scen	53	2304	71	1740	1	0.14	13.94	OK	23647	28	163801	20487
empty48-5.scen	54	2304	71	1785	0	0	12.97	NO SOLUTION	0	1	80651	4957
empty48-5.scen	54	2304	71	1785	1	0.15	14.32	OK	25495	29	168967	21183
empty48-5.scen	55	2304	71	1810	0	0	13.13	NO SOLUTION	0	1	81203	5042
empty48-5.scen	55	2304	71	1810	1	0.16	14.59	OK	25940	30	170215	21390
empty48-5.scen	56	2304	71	1823	0	0	13.2	NO SOLUTION	0	1	81329	5062
empty48-5.scen	56	2304	71	1823	1	0.16	14.72	OK	26763	31	170497	21451
empty48-5.scen	57	2304	71	1838	0	0	13.38	NO SOLUTION	0	1	81490	5086
empty48-5.scen	57	2304	71	1838	1	0.16	14.91	OK	26563	31	170855	21506
empty48-5.scen	58	2304	71	1862	0	0	13.64	NO SOLUTION	0	1	82133	5167
empty48-5.scen	58	2304	71	1862	1	0.17	15.11	OK	27433	32	172307	21724
empty48-5.scen	59	2304	71	1873	0	0	13.69	NO SOLUTION	0	1	82285	5194
empty48-5.scen	59	2304	71	1873	1	0.18	15.39	OK	28047	33	172647	21730
empty48-5.scen	60	2304	71	1913	0	0	14.08	NO SOLUTION	0	1	83953	5343
empty48-5.scen	60	2304	71	1913	1	0.17	15.84	OK	27772	32	176430	22293
empty48-5.scen	61	2304	71	1935	0	0	14.21	NO SOLUTION	0	1	84521	5432
empty48-5.scen	61	2304	71	1935	1	0.17	16.12	OK	28694	32	177708	22550
empty48-5.scen	62	2304	71	1950	0	0	14.39	NO SOLUTION	0	1	84711	5456
empty48-5.scen	62	2304	71	1950	1	0.17	16.14	OK	28439	32	178120	22593
empty48-5.scen	63	2304	71	1959	0	0	14.51	NO SOLUTION	0	1	84812	5475
empty48-5.scen	63	2304	71	1959	1	0.17	16.29	OK	28764	35	178354	22559
empty48-5.scen	64	2304	71	1980	0	0	14.69	NO SOLUTION	0	1	85323	5542
empty48-5.scen	64	2304	71	1980	1	0.18	16.58	OK	30118	35	179500	22740
empty48-5.scen	65	2304	71	2028	0	0	15.12	NO SOLUTION	0	1	87848	5743
empty48-5.scen	65	2304	71	2028	1	0.21	17.03	OK	33232	38	185308	23637
empty48-5.scen	66	2304	71	2088	0	0	15.4	NO SOLUTION	0	1	91730	6061
empty48-5.scen	66	2304	71	2088	1	0.2	17.64	OK	34694	38	193954	24995
empty48-5.scen	67	2304	71	2131	0	0	15.52	NO SOLUTION	0	1	93645	6286
empty48-5.scen	67	2304	71	2131	1	0.35	18.08	NO SOLUTION	40194	2006	197904	25873
empty48-5.scen	67	2304	71	2131	2	0.24	22.86	OK	8575	261	375580	72889
empty48-5.scen	68	2304	71	2167	0	0	15.82	NO SOLUTION	0	1	94891	6427
empty48-5.scen	68	2304	71	2167	1	0.44	18.37	NO SOLUTION	45315	2985	201119	26379
empty48-5.scen	68	2304	71	2167	2	0.21	23.28	OK	7198	159	381915	74374
empty48-5.scen	69	2304	71	2179	0	0	15.95	NO SOLUTION	0	1	94970	6440
empty48-5.scen	69	2304	71	2179	1	0.41	18.55	NO SOLUTION	44157	2356	201296	26400
empty48-5.scen	69	2304	71	2179	2	0.21	23.4	OK	7572	275	382412	74486
empty48-5.scen	70	2304	71	2235	0	0	16.39	NO SOLUTION	0	1	98575	6754
empty48-5.scen	70	2304	71	2235	1	0.44	19.03	NO SOLUTION	48858	2662	209150	27469
empty48-5.scen	70	2304	71	2235	2	0.23	24.02	OK	7606	145	397231	77854
empty48-5.scen	71	2304	71	2256	0	0	16.06	NO SOLUTION	0	1	98955	6699
empty48-5.scen	71	2304	71	2256	1	0.33	19.17	NO SOLUTION	45567	1518	210366	27642
empty48-5.scen	71	2304	71	2256	2	0.21	24.32	OK	7293	156	399687	78379
empty48-5.scen	72	2304	71	2279	0	0	16.34	NO SOLUTION	0	1	99567	6770
empty48-5.scen	72	2304	71	2279	1	0.13	18.64	NO SOLUTION	3440	1455	211524	27680
empty48-5.scen	72	2304	71	2279	2	0.22	24.56	OK	6658	226	402740	79266
empty48-5.scen	73	2304	71	2322	0	0	16.65	NO SOLUTION	0	1	101581	6932
empty48-5.scen	73	2304	71	2322	1	0.11	19.05	NO SOLUTION	2730	1215	216151	28422
empty48-5.scen	73	2304	71	2322	2	0.22	24.19	OK	8402	195	411760	81211
empty48-5.scen	74	2304	71	2343	0	0	16.8	NO SOLUTION	0	1	102181	7003
empty48-5.scen	74	2304	71	2343	1	0.1	19.22	NO SOLUTION	2886	1217	217471	28651
empty48-5.scen	74	2304	71	2343	2	0.23	24.51	OK	9269	342	414416	81911
empty48-5.scen	75	2304	71	2391	0	0	17.73	NO SOLUTION	0	1	104633	7191
empty48-5.scen	75	2304	71	2391	1	0.11	19.77	NO SOLUTION	2369	1312	223090	29455
empty48-5.scen	75	2304	71	2391	2	0.22	25.07	OK	8592	202	426062	84649
empty48-5.scen	76	2304	71	2429	0	0	17.88	NO SOLUTION	0	1	104998	7246
empty48-5.scen	76	2304	71	2429	1	0.1	19.93	NO SOLUTION	2454	1317	224095	29724
empty48-5.scen	76	2304	71	2429	2	0.31	25.37	OK	8983	547	428386	85303
empty48-5.scen	77	2304	71	2455	0	0	18.19	NO SOLUTION	0	1	105585	7326
empty48-5.scen	77	2304	71	2455	1	0.14	20.12	NO SOLUTION	2904	1677	225433	29965
empty48-5.scen	77	2304	71	2455	2	0.24	25.8	OK	8347	276	431266	86021
empty48-5.scen	78	2304	71	2465	0	0	18.2	NO SOLUTION	0	1	105653	7334
empty48-5.scen	78	2304	71	2465	1	0.13	20.49	NO SOLUTION	2690	1485	225549	29947
empty48-5.scen	78	2304	71	2465	2	0.57	26.28	OK	11405	276	431712	86035
empty48-5.scen	79	2304	71	2499	0	0	18.47	NO SOLUTION	0	1	106328	7445
empty48-5.scen	79	2304	71	2499	1	0.11	20.69	NO SOLUTION	3008	1432	227231	30238
empty48-5.scen	79	2304	71	2499	2	0.25	26.18	OK	8684	364	435327	86900
empty48-5.scen	80	2304	71	2520	0	0	18.71	NO SOLUTION	0	1	106581	7500
empty48-5.scen	80	2304	71	2520	1	0.43	21.1	NO SOLUTION	51296	1353	227970	30360
empty48-5.scen	80	2304	71	2520	2	0.23	26.49	OK	8670	287	436914	87207
empty48-5.scen	81	2304	71	2563	0	0	19.12	NO SOLUTION	0	1	108273	7660
empty48-5.scen	81	2304	71	2563	1	0.11	21.33	NO SOLUTION	2900	1201	231936	31025
empty48-5.scen	81	2304	71	2563	2	0.22	27.06	OK	8505	162	445039	89129
empty48-5.scen	82	2304	71	2609	0	0	19.44	NO SOLUTION	0	1	110313	7851
empty48-5.scen	82	2304	71	2609	1	0.22	22.08	NO SOLUTION	5104	2349	236557	31769
empty48-5.scen	82	2304	71	2609	2	0.23	27.79	OK	8960	176	454367	91391
empty48-5.scen	83	2304	71	2663	0	0	19.76	NO SOLUTION	0	1	113376	8101
empty48-5.scen	83	2304	71	2663	1	0.12	22.24	NO SOLUTION	2991	1197	243505	32860
empty48-5.scen	83	2304	71	2663	2	0.22	28.58	OK	8403	214	468088	94661
empty48-5.scen	84	2304	71	2679	0	0	20.34	NO SOLUTION	0	1	113500	8118
empty48-5.scen	84	2304	71	2679	1	0.51	22.79	NO SOLUTION	63343	1592	243858	32914
empty48-5.scen	84	2304	71	2679	2	0.28	28.81	OK	10199	330	468966	94825
empty48-5.scen	85	2304	71	2718	0	0	20.24	NO SOLUTION	0	1	114971	8271
empty48-5.scen	85	2304	71	2718	1	0.11	22.89	NO SOLUTION	2622	927	247224	33485
empty48-5.scen	85	2304	71	2718	2	0.27	29.17	OK	10298	383	476009	96617
empty48-5.scen	86	2304	71	2746	0	0	20.55	NO SOLUTION	0	1	115705	8370
empty48-5.scen	86	2304	71	2746	1	0.1	23.08	NO SOLUTION	2425	1050	248997	33838
empty48-5.scen	86	2304	71	2746	2	0.26	29.51	OK	10124	192	479728	97715
empty48-5.scen	87	2304	71	2777	0	0	20.92	NO SOLUTION	0	1	116712	8504
empty48-5.scen	87	2304	71	2777	1	0.11	23.17	NO SOLUTION	2573	1053	251239	34204
empty48-5.scen	87	2304	71	2777	2	0.22	29.84	OK	9483	338	484170	98858
empty48-5.scen	88	2304	71	2823	0	0	21.35	NO SOLUTION	0	1	118527	8707
empty48-5.scen	88	2304	71	2823	1	0.15	23.82	NO SOLUTION	3466	1668	255303	34833
empty48-5.scen	88	2304	71	2823	2	0.28	30.69	OK	10611	228	491994	100593
empty48-5.scen	89	2304	71	2833	0	0	21.24	NO SOLUTION	0	1	118593	8716
empty48-5.scen	89	2304	71	2833	1	0.11	23.86	NO SOLUTION	2741	1224	255419	34863
empty48-5.scen	89	2304	71	2833	2	0.26	31.05	OK	11566	281	492393	100708
empty48-5.scen	90	2304	71	2851	0	0	21.39	NO SOLUTION	0	1	118727	8735
empty48-5.scen	90	2304	71	2851	1	0.02	24.11	NO SOLUTION	88	9	255684	34875
empty48-5.scen	90	2304	71	2851	2	0.48	31.43	NO SOLUTION	10817	2106	493240	100754
