empty24-3.scen	1	576	19	19	0	0	0.07	OK	21	1	416	59
empty24-3.scen	2	576	19	20	0	0	0.05	OK	21	1	417	59
empty24-3.scen	3	576	19	28	0	0	0.06	OK	28	1	500	74
empty24-3.scen	4	576	19	43	0	0	0.06	OK	49	1	744	117
empty24-3.scen	5	576	19	55	0	0	0.07	OK	53	1	887	148
empty24-3.scen	6	576	25	80	0	0	0.11	OK	58	1	1361	231
empty24-3.scen	7	576	25	96	0	0	0.15	OK	87	1	1664	278
empty24-3.scen	8	576	26	122	0	0	0.18	OK	78	1	4566	193
empty24-3.scen	9	576	26	143	0	0	0.19	OK	110	1	5568	228
empty24-3.scen	10	576	29	172	0	0	0.25	OK	127	1	7567	278
empty24-3.scen	11	576	29	188	0	0	0.27	OK	146	1	8092	302
empty24-3.scen	12	576	29	202	0	0	0.28	OK	179	1	8512	323
empty24-3.scen	13	576	29	219	0	0	0.31	OK	179	1	9129	350
empty24-3.scen	14	576	29	233	0	0	0.33	OK	192	1	9268	362
empty24-3.scen	15	576	29	251	0	0	0.34	OK	212	1	9449	378
empty24-3.scen	16	576	29	262	0	0	0.35	OK	200	1	9689	392
empty24-3.scen	17	576	29	264	0	0	0.36	OK	194	1	9698	392
empty24-3.scen	18	576	29	279	0	0	0.38	OK	199	1	9846	405
empty24-3.scen	19	576	29	288	0	0	0.4	OK	200	1	9987	414
empty24-3.scen	20	576	32	320	0	0	0.53	OK	265	1	12431	471
empty24-3.scen	21	576	32	334	0	0	0.55	NO SOLUTION	52	35	12808	491
empty24-3.scen	21	576	32	334	1	0.01	0.66	OK	541	56	29886	2008
empty24-3.scen	22	576	32	341	0	0	0.56	NO SOLUTION	51	35	12868	495
empty24-3.scen	22	576	32	341	1	0.01	0.67	OK	589	60	29984	2021
empty24-3.scen	23	576	32	359	0	0	0.59	NO SOLUTION	81	37	13617	524
empty24-3.scen	23	576	32	359	1	0.01	0.7	OK	561	55	30923	2153
empty24-3.scen	24	576	32	389	0	0	0.64	NO SOLUTION	75	50	15513	577
empty24-3.scen	24	576	32	389	1	0.01	0.76	OK	597	43	32921	2462
empty24-3.scen	25	576	32	400	0	0	0.66	NO SOLUTION	79	48	15686	592
empty24-3.scen	25	576	32	400	1	0.01	0.78	OK	549	54	33199	2520
empty24-3.scen	26	576	32	413	0	0	0.68	NO SOLUTION	87	41	15913	603
empty24-3.scen	26	576	32	413	1	0.01	0.81	OK	627	53	33566	2572
empty24-3.scen	27	576	32	432	0	0	0.69	NO SOLUTION	51	41	16332	631
empty24-3.scen	27	576	32	432	1	0.01	0.84	OK	529	49	34199	2688
empty24-3.scen	28	576	32	451	0	0	0.73	NO SOLUTION	51	41	16953	662
empty24-3.scen	28	576	32	451	1	0.01	0.89	OK	587	62	34960	2833
empty24-3.scen	29	576	32	463	0	0	0.75	NO SOLUTION	59	38	17032	672
empty24-3.scen	29	576	32	463	1	0.01	0.92	OK	560	57	35098	2868
empty24-3.scen	30	576	32	465	0	0	0.75	NO SOLUTION	59	38	17041	672
empty24-3.scen	30	576	32	465	1	0.01	0.92	OK	570	59	35124	2868
empty24-3.scen	31	576	32	478	0	0	0.76	NO SOLUTION	0	1	17040	0
empty24-3.scen	31	576	32	478	1	0.01	1.55	NO SOLUTION	585	61	35215	2864
empty24-3.scen	31	576	32	478	2	0.03	1.4	OK	2713	96	58452	8885
empty24-3.scen	32	576	32	496	0	0	0.78	NO SOLUTION	0	1	17733	0
empty24-3.scen	32	576	32	496	1	0.01	1.62	NO SOLUTION	609	53	36044	3011
empty24-3.scen	32	576	32	496	2	0.02	1.45	OK	2289	74	60758	9550
empty24-3.scen	33	576	32	519	0	0	0.83	NO SOLUTION	0	1	19099	0
empty24-3.scen	33	576	32	519	1	0.01	1.67	NO SOLUTION	563	55	37356	3405
empty24-3.scen	33	576	32	519	2	0.03	1.52	OK	2114	66	63793	10549
empty24-3.scen	34	576	32	539	0	0	0.84	NO SOLUTION	0	1	19491	0
empty24-3.scen	34	576	32	539	1	0.01	1.73	NO SOLUTION	578	57	37966	3515
empty24-3.scen	34	576	32	539	2	0.03	1.54	OK	2429	80	65321	10920
empty24-3.scen	35	576	32	557	0	0	0.91	NO SOLUTION	0	1	20208	0
empty24-3.scen	35	576	32	557	1	0.01	1.78	NO SOLUTION	605	52	38806	3650
empty24-3.scen	35	576	32	557	2	0.03	1.59	OK	2501	79	67262	11338
empty24-3.scen	36	576	32	577	0	0	0.93	NO SOLUTION	0	1	21112	0
empty24-3.scen	36	576	32	577	1	0.01	1.85	NO SOLUTION	641	53	39791	3801
empty24-3.scen	36	576	32	577	2	0.03	1.65	OK	2744	73	69684	11931
empty24-3.scen	37	576	32	591	0	0	0.96	NO SOLUTION	0	1	21374	0
empty24-3.scen	37	576	32	591	1	0.01	1.89	NO SOLUTION	692	65	40256	3866
empty24-3.scen	37	576	32	591	2	0.03	1.68	OK	2729	76	70657	12223
empty24-3.scen	38	576	32	603	0	0	0.98	NO SOLUTION	0	1	21491	0
empty24-3.scen	38	576	32	603	1	0.01	1.95	NO SOLUTION	685	66	40489	3919
empty24-3.scen	38	576	32	603	2	0.03	1.72	OK	2781	75	71334	12385
empty24-3.scen	39	576	32	615	0	0	1	NO SOLUTION	0	1	21735	0
empty24-3.scen	39	576	32	615	1	0.01	1.98	NO SOLUTION	706	65	40876	3960
empty24-3.scen	39	576	32	615	2	0.03	1.77	OK	2919	76	72225	12551
empty24-3.scen	40	576	32	628	0	0	1.02	NO SOLUTION	0	1	21825	0
empty24-3.scen	40	576	32	628	1	0.01	2.01	NO SOLUTION	710	67	41013	3995
empty24-3.scen	40	576	32	628	2	0.04	1.85	OK	3077	90	72784	12696
empty24-3.scen	41	576	32	646	0	0	1.04	NO SOLUTION	0	1	22260	0
empty24-3.scen	41	576	32	646	1	0.01	2.07	NO SOLUTION	747	67	41604	4109
empty24-3.scen	41	576	32	646	2	0.04	1.89	OK	3076	81	74246	13075
empty24-3.scen	42	576	32	672	0	0	1.08	NO SOLUTION	0	1	23344	0
empty24-3.scen	42	576	32	672	1	0.02	2.18	NO SOLUTION	1224	202	42784	4308
empty24-3.scen	42	576	32	672	2	0.05	3.26	NO SOLUTION	3849	200	76875	13731
empty24-3.scen	42	576	32	672	3	0.05	2.24	OK	1799	210	97428	25054
empty24-3.scen	43	576	32	687	0	0	1.1	NO SOLUTION	0	1	23677	0
empty24-3.scen	43	576	32	687	1	0.02	2.22	NO SOLUTION	1344	222	43289	4395
empty24-3.scen	43	576	32	687	2	0.05	3.33	NO SOLUTION	4057	209	78090	14045
empty24-3.scen	43	576	32	687	3	0.06	2.31	OK	2262	219	99415	25645
empty24-3.scen	44	576	32	703	0	0	1.14	NO SOLUTION	0	1	24236	0
empty24-3.scen	44	576	32	703	1	0.02	2.27	NO SOLUTION	1249	207	43914	4513
empty24-3.scen	44	576	32	703	2	0.06	3.42	NO SOLUTION	3790	248	79623	14450
empty24-3.scen	44	576	32	703	3	0.07	2.34	OK	2576	200	101768	26343
empty24-3.scen	45	576	32	715	0	0	1.15	NO SOLUTION	0	1	24356	0
empty24-3.scen	45	576	32	715	1	0.02	2.31	NO SOLUTION	1311	195	44157	4541
empty24-3.scen	45	576	32	715	2	0.05	3.52	NO SOLUTION	4339	202	80310	14568
empty24-3.scen	45	576	32	715	3	0.06	2.39	OK	2420	227	102827	26630
empty24-3.scen	46	576	32	721	0	0	1.18	NO SOLUTION	0	1	24405	0
empty24-3.scen	46	576	32	721	1	0.02	2.38	NO SOLUTION	1246	203	44294	4540
empty24-3.scen	46	576	32	721	2	0.06	3.55	NO SOLUTION	4458	265	80576	14585
empty24-3.scen	46	576	32	721	3	0.06	2.42	OK	2274	227	103356	26692
empty24-3.scen	47	576	32	753	0	0	1.24	NO SOLUTION	0	1	26703	0
empty24-3.scen	47	576	32	753	1	0.02	2.5	NO SOLUTION	1331	161	46696	4844
empty24-3.scen	47	576	32	753	2	0.06	3.74	NO SOLUTION	4082	227	85429	15542
empty24-3.scen	47	576	32	753	3	0.07	2.54	OK	2970	215	110566	28336
empty24-3.scen	48	576	32	778	0	0	1.29	NO SOLUTION	0	1	28254	0
empty24-3.scen	48	576	32	778	1	0.02	2.59	NO SOLUTION	1540	226	48255	5132
empty24-3.scen	48	576	32	778	2	0.06	3.85	NO SOLUTION	4968	238	88746	16389
empty24-3.scen	48	576	32	778	3	0.07	2.62	OK	3123	213	115532	29753
empty24-3.scen	49	576	32	786	0	0	1.3	NO SOLUTION	0	1	28364	0
empty24-3.scen	49	576	32	786	1	0.02	2.64	NO SOLUTION	1201	198	48420	5103
empty24-3.scen	49	576	32	786	2	0.06	3.91	NO SOLUTION	5179	233	89258	16318
empty24-3.scen	49	576	32	786	3	0.06	2.66	OK	2758	200	116311	29670
empty24-3.scen	50	576	32	797	0	0	1.32	NO SOLUTION	0	1	28358	0
empty24-3.scen	50	576	32	797	1	0.02	2.68	NO SOLUTION	1372	194	48456	5094
empty24-3.scen	50	576	32	797	2	0.06	3.96	NO SOLUTION	4867	218	89487	16370
empty24-3.scen	50	576	32	797	3	0.06	2.72	OK	2350	181	116848	29796
empty24-3.scen	51	576	32	820	0	0	1.37	NO SOLUTION	0	1	28794	0
empty24-3.scen	51	576	32	820	1	0.02	2.76	NO SOLUTION	1202	194	49286	5228
empty24-3.scen	51	576	32	820	2	0.06	4.09	NO SOLUTION	5560	193	91274	16715
empty24-3.scen	51	576	32	820	3	0.07	2.74	OK	2456	202	119506	30358
empty24-3.scen	52	576	32	834	0	0	1.38	NO SOLUTION	0	1	28924	0
empty24-3.scen	52	576	32	834	1	0.02	2.81	NO SOLUTION	1641	154	49568	5288
empty24-3.scen	52	576	32	834	2	0.04	4.06	NO SOLUTION	2743	171	77787	17463
empty24-3.scen	52	576	32	834	3	0.06	2.81	OK	2326	144	120841	30725
empty24-3.scen	53	576	32	848	0	0	1.42	NO SOLUTION	0	1	28892	0
empty24-3.scen	53	576	32	848	1	0.02	2.84	NO SOLUTION	1641	166	49655	5283
empty24-3.scen	53	576	32	848	2	0.04	4.16	NO SOLUTION	2579	177	78153	17577
empty24-3.scen	53	576	32	848	3	0.06	2.86	OK	2330	149	121509	30943
empty24-3.scen	54	576	32	870	0	0	1.43	NO SOLUTION	0	1	29346	0
empty24-3.scen	54	576	32	870	1	0.02	2.92	NO SOLUTION	1324	140	50762	5471
empty24-3.scen	54	576	32	870	2	0.05	4.27	NO SOLUTION	2772	202	80564	18177
empty24-3.scen	54	576	32	870	3	0.06	2.92	OK	2452	158	125181	31976
empty24-3.scen	55	576	32	881	0	0	1.48	NO SOLUTION	0	1	29457	0
empty24-3.scen	55	576	32	881	1	0.02	2.99	NO SOLUTION	1605	120	51040	5520
empty24-3.scen	55	576	32	881	2	0.05	4.3	NO SOLUTION	2555	211	81391	18406
empty24-3.scen	55	576	32	881	3	0.07	2.98	OK	2712	171	126429	32370
empty24-3.scen	56	576	32	895	0	0	1.51	NO SOLUTION	0	1	29722	0
empty24-3.scen	56	576	32	895	1	0.02	3.05	NO SOLUTION	1585	164	51678	5595
empty24-3.scen	56	576	32	895	2	0.06	4.47	NO SOLUTION	3364	295	82668	18762
empty24-3.scen	56	576	32	895	3	0.08	5.11	NO SOLUTION	2923	241	128342	32924
empty24-3.scen	56	576	32	895	4	0.29	4.37	OK	3948	431	186105	51456
empty24-3.scen	57	576	32	903	0	0	1.53	NO SOLUTION	0	1	29795	0
empty24-3.scen	57	576	32	903	1	0.02	3.11	NO SOLUTION	1423	151	51832	5597
empty24-3.scen	57	576	32	903	2	0.06	4.5	NO SOLUTION	2954	276	83183	18813
empty24-3.scen	57	576	32	903	3	0.09	5.21	NO SOLUTION	3430	314	129150	33036
empty24-3.scen	57	576	32	903	4	0.18	4.32	OK	3294	255	187326	51667
empty24-3.scen	58	576	32	914	0	0	1.55	NO SOLUTION	0	1	29867	0
empty24-3.scen	58	576	32	914	1	0.02	3.16	NO SOLUTION	1579	222	51990	5625
empty24-3.scen	58	576	32	914	2	0.06	4.56	NO SOLUTION	3146	306	83670	18918
empty24-3.scen	58	576	32	914	3	0.08	5.26	NO SOLUTION	2953	304	129987	33260
empty24-3.scen	58	576	32	914	4	0.2	4.4	OK	3826	329	188623	52052
empty24-3.scen	59	576	32	931	0	0	1.58	NO SOLUTION	0	1	29953	0
empty24-3.scen	59	576	32	931	1	0	1.85	NO SOLUTION	0	1	52260	0
empty24-3.scen	59	576	32	931	2	0.07	4.63	NO SOLUTION	2936	318	84379	19042
empty24-3.scen	59	576	32	931	3	0.09	5.38	NO SOLUTION	3207	301	131139	33504
empty24-3.scen	59	576	32	931	4	0.2	7.34	NO SOLUTION	3891	330	190397	52566
empty24-3.scen	59	576	32	931	5	0.33	8.4	NO SOLUTION	4243	416	250602	72708
empty24-3.scen	59	576	32	931	6	0.49	6.49	OK	4204	350	323256	96256
empty24-3.scen	60	576	32	947	0	0	1.61	NO SOLUTION	0	1	30084	0
empty24-3.scen	60	576	32	947	1	0	1.87	NO SOLUTION	0	1	52753	0
empty24-3.scen	60	576	32	947	2	0.06	4.74	NO SOLUTION	3215	256	85292	19377
empty24-3.scen	60	576	32	947	3	0.09	5.51	NO SOLUTION	3810	286	132549	34010
empty24-3.scen	60	576	32	947	4	0.26	7.51	NO SOLUTION	4177	442	192510	53297
empty24-3.scen	60	576	32	947	5	0.25	8.49	NO SOLUTION	3991	364	253478	73668
empty24-3.scen	60	576	32	947	6	0.91	6.97	OK	4391	600	327142	97474
empty24-3.scen	61	576	32	960	0	0	1.62	NO SOLUTION	0	1	30170	0
empty24-3.scen	61	576	32	960	1	0	1.9	NO SOLUTION	0	1	52938	0
empty24-3.scen	61	576	32	960	2	0.07	4.84	NO SOLUTION	3074	269	85839	19538
empty24-3.scen	61	576	32	960	3	0.1	5.6	NO SOLUTION	3774	302	133491	34303
empty24-3.scen	61	576	32	960	4	0.21	7.55	NO SOLUTION	3550	362	193997	53843
empty24-3.scen	61	576	32	960	5	0.24	8.59	NO SOLUTION	3887	331	255538	74455
empty24-3.scen	61	576	32	960	6	0.48	6.69	OK	4697	452	329929	98576
empty24-3.scen	62	576	32	988	0	0	1.69	NO SOLUTION	0	1	31165	0
empty24-3.scen	62	576	32	988	1	0	1.94	NO SOLUTION	0	1	42668	0
empty24-3.scen	62	576	32	988	2	0.09	4.95	NO SOLUTION	3847	373	90265	20381
empty24-3.scen	62	576	32	988	3	0.13	5.79	NO SOLUTION	4116	443	139771	35687
empty24-3.scen	62	576	32	988	4	0.21	7.8	NO SOLUTION	4447	491	202567	55851
empty24-3.scen	62	576	32	988	5	0.37	8.94	NO SOLUTION	4011	399	266151	77153
empty24-3.scen	62	576	32	988	6	0.77	11.52	NO SOLUTION	4330	621	342992	102023
empty24-3.scen	62	576	32	988	7	0.63	7.83	OK	4659	514	421023	127628
empty24-3.scen	63	576	32	1002	0	0	1.69	NO SOLUTION	0	1	31352	0
empty24-3.scen	63	576	32	1002	1	0	1.97	NO SOLUTION	0	1	43141	0
empty24-3.scen	63	576	32	1002	2	0.09	5.1	NO SOLUTION	4118	387	91224	20633
empty24-3.scen	63	576	32	1002	3	0.16	5.93	NO SOLUTION	4864	520	141239	36099
empty24-3.scen	63	576	32	1002	4	0.35	8.07	NO SOLUTION	4799	605	204720	56477
empty24-3.scen	63	576	32	1002	5	0.58	9.34	NO SOLUTION	5116	618	269020	77968
empty24-3.scen	63	576	32	1002	6	1.92	12.86	NO SOLUTION	5932	990	346812	103066
empty24-3.scen	63	576	32	1002	7	1.84	14.12	NO SOLUTION	5770	939	425849	128920
empty24-3.scen	63	576	32	1002	8	3.8	12.13	OK	6848	1355	518097	158230
empty24-3.scen	64	576	32	1034	0	0	1.76	NO SOLUTION	0	1	32342	0
empty24-3.scen	64	576	32	1034	1	0	2.09	NO SOLUTION	0	1	45531	0
empty24-3.scen	64	576	32	1034	2	0.1	5.28	NO SOLUTION	5042	462	96004	21599
empty24-3.scen	64	576	32	1034	3	0.2	6.17	NO SOLUTION	5565	568	148429	37775
empty24-3.scen	64	576	32	1034	4	0.38	8.38	NO SOLUTION	5469	560	214566	59180
empty24-3.scen	64	576	32	1034	5	0.39	9.4	NO SOLUTION	4653	618	281536	81541
empty24-3.scen	64	576	32	1034	6	1.82	13.14	NO SOLUTION	6250	1076	362183	107607
empty24-3.scen	64	576	32	1034	7	0.94	13.67	NO SOLUTION	8586	688	444041	134310
empty24-3.scen	64	576	32	1034	8	2.07	10.74	OK	5810	987	539372	164514
empty24-3.scen	65	576	32	1047	0	0	1.79	NO SOLUTION	0	1	32498	0
empty24-3.scen	65	576	32	1047	1	0	2.11	NO SOLUTION	0	1	45980	0
empty24-3.scen	65	576	32	1047	2	0.1	5.36	NO SOLUTION	4375	405	97039	21913
empty24-3.scen	65	576	32	1047	3	0.17	6.25	NO SOLUTION	5032	481	150015	38233
empty24-3.scen	65	576	32	1047	4	0.43	8.54	NO SOLUTION	5472	603	216860	59803
empty24-3.scen	65	576	32	1047	5	0.63	9.85	NO SOLUTION	4863	675	284593	82343
empty24-3.scen	65	576	32	1047	6	2.92	14.46	NO SOLUTION	15224	1424	366232	108634
empty24-3.scen	65	576	32	1047	7	1.69	14.7	NO SOLUTION	6136	900	449114	135605
empty24-3.scen	65	576	32	1047	8	3.16	11.97	OK	6115	1198	545702	166129
empty24-3.scen	66	576	32	1062	0	0	1.83	NO SOLUTION	0	1	32630	0
empty24-3.scen	66	576	32	1062	1	0	2.16	NO SOLUTION	0	1	46372	0
empty24-3.scen	66	576	32	1062	2	0.09	5.43	NO SOLUTION	4459	352	97920	22169
empty24-3.scen	66	576	32	1062	3	0.28	6.47	NO SOLUTION	5621	594	151352	38696
empty24-3.scen	66	576	32	1062	4	0.42	8.74	NO SOLUTION	6069	716	218848	60464
empty24-3.scen	66	576	32	1062	5	0.79	10.11	NO SOLUTION	5658	692	287249	83133
empty24-3.scen	66	576	32	1062	6	2.71	14.38	NO SOLUTION	7767	1501	369816	109624
empty24-3.scen	66	576	32	1062	7	0.98	14.17	NO SOLUTION	5578	669	453643	136841
empty24-3.scen	66	576	32	1062	8	3.01	11.95	OK	5949	1028	551415	167625
empty24-3.scen	67	576	35	1097	0	0	2.27	NO SOLUTION	0	1	33943	0
empty24-3.scen	67	576	35	1097	1	0	2.64	NO SOLUTION	0	1	63217	0
empty24-3.scen	67	576	35	1097	2	0.11	6.52	NO SOLUTION	5271	402	104245	23274
empty24-3.scen	67	576	35	1097	3	0.22	7.51	NO SOLUTION	5651	598	161049	40655
empty24-3.scen	67	576	35	1097	4	0.75	10.29	NO SOLUTION	5657	850	232269	63515
empty24-3.scen	67	576	35	1097	5	0.61	11.31	NO SOLUTION	6485	695	304246	87280
empty24-3.scen	67	576	35	1097	6	2.17	15.65	NO SOLUTION	7238	1093	390281	115097
empty24-3.scen	67	576	35	1097	7	2.49	17.52	NO SOLUTION	7238	1097	477613	143466
empty24-3.scen	67	576	35	1097	8	2.62	12.99	OK	6249	920	578959	175435
empty24-3.scen	68	576	35	1107	0	0	2.29	NO SOLUTION	0	1	33916	0
empty24-3.scen	68	576	35	1107	1	0	2.65	NO SOLUTION	0	1	63282	0
empty24-3.scen	68	576	35	1107	2	0.1	6.62	NO SOLUTION	4788	337	104519	23043
empty24-3.scen	68	576	35	1107	3	0.18	7.58	NO SOLUTION	4955	345	161537	40329
empty24-3.scen	68	576	35	1107	4	0.28	9.95	NO SOLUTION	5186	462	233144	63247
empty24-3.scen	68	576	35	1107	5	0.69	11.52	NO SOLUTION	5692	574	305498	87125
empty24-3.scen	68	576	35	1107	6	2.14	15.83	NO SOLUTION	6281	1073	392095	115088
empty24-3.scen	68	576	35	1107	7	2.83	17.16	NO SOLUTION	6516	1083	480014	143615
empty24-3.scen	68	576	35	1107	8	7.42	17.91	OK	9333	1771	582166	175761
empty24-3.scen	69	576	35	1129	0	0	2.35	NO SOLUTION	0	1	34301	0
empty24-3.scen	69	576	35	1129	1	0	2.72	NO SOLUTION	0	1	64365	0
empty24-3.scen	69	576	35	1129	2	0.11	6.74	NO SOLUTION	5949	345	106715	23641
empty24-3.scen	69	576	35	1129	3	0.21	7.83	NO SOLUTION	5342	489	164884	41276
empty24-3.scen	69	576	35	1129	4	0.77	10.6	NO SOLUTION	7609	816	237888	64559
empty24-3.scen	69	576	35	1129	5	0.6	11.67	NO SOLUTION	5655	651	311736	88875
empty24-3.scen	69	576	35	1129	6	3.62	17.59	NO SOLUTION	7160	1363	400016	117275
empty24-3.scen	69	576	35	1129	7	2.12	16.78	NO SOLUTION	6711	964	489640	146303
empty24-3.scen	69	576	35	1129	8	4.97	15.62	OK	8033	1531	593603	178954
empty24-3.scen	70	576	35	1149	0	0	2.39	NO SOLUTION	0	1	34687	0
empty24-3.scen	70	576	35	1149	1	0	2.79	NO SOLUTION	0	1	65333	0
empty24-3.scen	70	576	35	1149	2	0.12	6.9	NO SOLUTION	5470	422	108834	24230
empty24-3.scen	70	576	35	1149	3	0.21	7.94	NO SOLUTION	5122	424	168104	42291
empty24-3.scen	70	576	35	1149	4	0.27	10.3	NO SOLUTION	5136	406	242323	66032
empty24-3.scen	70	576	35	1149	5	0.54	11.81	NO SOLUTION	5790	483	317455	90744
empty24-3.scen	70	576	35	1149	6	2.8	17.05	NO SOLUTION	11810	1527	407170	119590
empty24-3.scen	70	576	35	1149	7	2.38	17.37	NO SOLUTION	6364	962	498300	149087
empty24-3.scen	70	576	35	1149	8	2.18	13.08	OK	5906	785	603921	182184
empty24-3.scen	71	576	35	1183	0	0	2.47	NO SOLUTION	0	1	35911	0
empty24-3.scen	71	576	35	1183	1	0	2.86	NO SOLUTION	0	1	54534	0
empty24-3.scen	71	576	35	1183	2	0.12	7.14	NO SOLUTION	6302	362	114743	25449
empty24-3.scen	71	576	35	1183	3	0.22	8.26	NO SOLUTION	5908	428	176889	44343
empty24-3.scen	71	576	35	1183	4	0.6	11	NO SOLUTION	6107	755	254336	68966
empty24-3.scen	71	576	35	1183	5	1.16	12.85	NO SOLUTION	7371	783	332548	94617
empty24-3.scen	71	576	35	1183	6	1.13	15.86	NO SOLUTION	6029	605	425717	124479
empty24-3.scen	71	576	35	1183	7	5.26	20.79	NO SOLUTION	9514	1651	520256	155059
empty24-3.scen	71	576	35	1183	8	3.27	14.54	OK	6210	995	629507	189249
empty24-3.scen	72	576	35	1203	0	0	2.5	NO SOLUTION	0	1	36100	0
empty24-3.scen	72	576	35	1203	1	0	2.88	NO SOLUTION	0	1	55141	0
empty24-3.scen	72	576	35	1203	2	0.12	7.25	NO SOLUTION	5864	370	116144	25743
empty24-3.scen	72	576	35	1203	3	0.23	8.4	NO SOLUTION	6527	463	179051	44882
empty24-3.scen	72	576	35	1203	4	0.5	11.05	NO SOLUTION	7259	711	257369	69942
empty24-3.scen	72	576	35	1203	5	1.13	13.06	NO SOLUTION	6574	781	336383	95998
empty24-3.scen	72	576	35	1203	6	1.76	16.72	NO SOLUTION	6742	957	430428	126254
empty24-3.scen	72	576	35	1203	7	6.35	22.11	NO SOLUTION	8396	1734	525940	157133
empty24-3.scen	72	576	35	1203	8	7.48	18.89	OK	8209	1763	636278	191567
empty24-3.scen	73	576	35	1210	0	0	2.57	NO SOLUTION	0	1	36144	0
empty24-3.scen	73	576	35	1210	1	0	2.9	NO SOLUTION	0	1	55244	0
empty24-3.scen	73	576	35	1210	2	0.12	7.36	NO SOLUTION	5237	384	116457	25834
empty24-3.scen	73	576	35	1210	3	0.21	8.44	NO SOLUTION	7140	488	179568	45051
empty24-3.scen	73	576	35	1210	4	0.3	11	NO SOLUTION	5719	411	258209	70196
empty24-3.scen	73	576	35	1210	5	0.62	12.71	NO SOLUTION	6304	693	337550	96350
empty24-3.scen	73	576	35	1210	6	1.13	16.28	NO SOLUTION	10119	733	432025	126734
empty24-3.scen	73	576	35	1210	7	4.87	20.68	NO SOLUTION	7828	1452	527989	157720
empty24-3.scen	73	576	35	1210	8	10.27	21.77	OK	9002	2259	638927	192273
empty24-3.scen	74	576	35	1239	0	0	2.58	NO SOLUTION	0	1	37047	0
empty24-3.scen	74	576	35	1239	1	0	3.01	NO SOLUTION	0	1	57439	0
empty24-3.scen	74	576	35	1239	2	0.12	7.6	NO SOLUTION	6003	384	120750	26840
empty24-3.scen	74	576	35	1239	3	0.24	8.72	NO SOLUTION	5956	481	185878	46732
empty24-3.scen	74	576	35	1239	4	0.34	11.31	NO SOLUTION	6113	528	266855	72610
empty24-3.scen	74	576	35	1239	5	0.43	12.88	NO SOLUTION	5963	449	348542	99468
empty24-3.scen	74	576	35	1239	6	2.8	18.29	NO SOLUTION	15946	1234	445514	130672
empty24-3.scen	74	576	35	1239	7	4.01	20.39	NO SOLUTION	7636	1395	544017	162415
empty24-3.scen	74	576	35	1239	8	5.94	17.78	OK	7457	1496	657653	197795
empty24-3.scen	75	576	35	1269	0	0	2.64	NO SOLUTION	0	1	37956	0
empty24-3.scen	75	576	35	1269	1	0	3.05	NO SOLUTION	0	1	59824	0
empty24-3.scen	75	576	35	1269	2	0.14	7.82	NO SOLUTION	6600	404	125334	27907
empty24-3.scen	75	576	35	1269	3	0.24	9.01	NO SOLUTION	7792	437	192588	48427
empty24-3.scen	75	576	35	1269	4	0.63	11.87	NO SOLUTION	7491	805	276015	74929
empty24-3.scen	75	576	35	1269	5	0.5	13.34	NO SOLUTION	6057	470	360209	102506
empty24-3.scen	75	576	35	1269	6	1.79	17.9	NO SOLUTION	14562	1018	459998	134443
empty24-3.scen	75	576	35	1269	7	4.77	21.72	NO SOLUTION	19486	1370	561419	166999
empty24-3.scen	75	576	35	1269	8	5.11	17.16	OK	7352	1403	678247	203190
empty24-3.scen	76	576	35	1274	0	0	2.72	NO SOLUTION	0	1	37994	0
empty24-3.scen	76	576	35	1274	1	0	3.12	NO SOLUTION	0	1	59917	0
empty24-3.scen	76	576	35	1274	2	0.13	7.86	NO SOLUTION	6151	357	125600	27924
empty24-3.scen	76	576	35	1274	3	0.31	9.14	NO SOLUTION	7300	570	193029	48453
empty24-3.scen	76	576	35	1274	4	0.37	11.84	NO SOLUTION	6750	520	276723	75018
empty24-3.scen	76	576	35	1274	5	0.5	13.46	NO SOLUTION	6106	494	361185	102664
empty24-3.scen	76	576	35	1274	6	1.3	17.62	NO SOLUTION	8871	782	461361	134695
empty24-3.scen	76	576	35	1274	7	5.99	23.08	NO SOLUTION	14728	1647	563181	167346
empty24-3.scen	76	576	35	1274	8	4.82	17.11	OK	9711	1379	680529	203635
empty24-3.scen	77	576	35	1296	0	0	2.74	NO SOLUTION	0	1	38524	0
empty24-3.scen	77	576	35	1296	1	0	3.16	NO SOLUTION	0	1	61240	0
empty24-3.scen	77	576	35	1296	2	0.13	8.1	NO SOLUTION	6668	354	128343	28542
empty24-3.scen	77	576	35	1296	3	0.25	9.29	NO SOLUTION	7779	464	197104	49509
empty24-3.scen	77	576	35	1296	4	0.61	12.32	NO SOLUTION	7963	762	282332	76553
empty24-3.scen	77	576	35	1296	5	1.06	14.32	NO SOLUTION	8197	775	368341	104650
empty24-3.scen	77	576	35	1296	6	3.73	20.33	NO SOLUTION	18240	1532	470350	137133
empty24-3.scen	77	576	35	1296	7	4.79	22.34	NO SOLUTION	17942	1320	574003	170237
empty24-3.scen	77	576	35	1296	8	4.72	17.38	OK	10043	1161	693487	207008
empty24-3.scen	78	576	35	1317	0	0	2.79	NO SOLUTION	0	1	39029	0
empty24-3.scen	78	576	35	1317	1	0	3.23	NO SOLUTION	0	1	62388	0
empty24-3.scen	78	576	35	1317	2	0.15	8.24	NO SOLUTION	7470	490	130526	29137
empty24-3.scen	78	576	35	1317	3	0.41	9.7	NO SOLUTION	11166	701	200282	50340
empty24-3.scen	78	576	35	1317	4	0.94	12.82	NO SOLUTION	10885	865	286759	77678
empty24-3.scen	78	576	35	1317	5	1.53	14.99	NO SOLUTION	8167	1015	374050	106105
empty24-3.scen	78	576	35	1317	6	4.57	20.57	NO SOLUTION	8694	1812	477601	138952
empty24-3.scen	78	576	35	1317	7	11.39	29.28	NO SOLUTION	12812	2903	582845	172462
empty24-3.scen	78	576	35	1317	8	22.79	44.07	NO SOLUTION	33620	4334	704220	209668
empty24-3.scen	78	576	35	1317	9	30.42	44.29	OK	25855	4649	827791	247906
empty24-3.scen	79	576	35	1345	0	0	2.83	NO SOLUTION	0	1	39665	0
empty24-3.scen	79	576	35	1345	1	0	3.28	NO SOLUTION	0	1	63941	0
empty24-3.scen	79	576	35	1345	2	0.16	8.32	NO SOLUTION	7342	449	133719	29895
empty24-3.scen	79	576	35	1345	3	0.4	9.81	NO SOLUTION	10171	729	205079	51753
empty24-3.scen	79	576	35	1345	4	0.51	12.63	NO SOLUTION	8860	808	293319	79804
empty24-3.scen	79	576	35	1345	5	2.07	15.81	NO SOLUTION	7955	1231	382267	108842
empty24-3.scen	79	576	35	1345	6	2.06	18.44	NO SOLUTION	13437	1000	487539	142268
empty24-3.scen	79	576	35	1345	7	6.6	27.69	NO SOLUTION	9342	1845	594553	176276
empty24-3.scen	79	576	35	1345	8	14.81	36.59	NO SOLUTION	17459	2726	717728	214069
empty24-3.scen	79	576	35	1345	9	11.23	25.51	OK	21194	2182	843165	252865
empty24-3.scen	80	576	35	1355	0	0	2.91	NO SOLUTION	0	1	39794	0
empty24-3.scen	80	576	35	1355	1	0	3.33	NO SOLUTION	0	1	64232	0
empty24-3.scen	80	576	35	1355	2	0.16	8.44	NO SOLUTION	7652	486	134399	30092
empty24-3.scen	80	576	35	1355	3	0.32	9.88	NO SOLUTION	9209	659	206150	52100
empty24-3.scen	80	576	35	1355	4	0.92	13.17	NO SOLUTION	8473	983	294885	80344
empty24-3.scen	80	576	35	1355	5	2.06	15.95	NO SOLUTION	8397	1358	384340	109560
empty24-3.scen	80	576	35	1355	6	4.45	21.03	NO SOLUTION	16765	1348	490194	143199
empty24-3.scen	80	576	35	1355	7	20.49	38.85	NO SOLUTION	12020	3889	597811	177377
empty24-3.scen	80	576	35	1355	8	41.33	63.49	NO SOLUTION	135320	6286	721667	215392
empty24-3.scen	80	576	35	1355	9	9.12	23.44	OK	15304	1874	847799	254375
empty24-3.scen	81	576	35	1364	0	0	2.97	NO SOLUTION	0	1	39848	0
empty24-3.scen	81	576	35	1364	1	0	3.4	NO SOLUTION	0	1	64436	0
empty24-3.scen	81	576	35	1364	2	0.19	8.59	NO SOLUTION	7871	589	134879	30031
empty24-3.scen	81	576	35	1364	3	0.5	10.09	NO SOLUTION	8750	756	206908	52053
empty24-3.scen	81	576	35	1364	4	0.61	13.1	NO SOLUTION	7540	884	296087	80310
empty24-3.scen	81	576	35	1364	5	3.05	17.11	NO SOLUTION	9239	1638	386001	109602
empty24-3.scen	81	576	35	1364	6	3.02	19.84	NO SOLUTION	9605	1468	492490	143354
empty24-3.scen	81	576	35	1364	7	3.65	22.25	NO SOLUTION	13825	1425	600743	177712
empty24-3.scen	81	576	35	1364	8	15.9	38.22	NO SOLUTION	17341	3180	725440	215890
empty24-3.scen	81	576	35	1364	9	13.9	28.42	OK	18296	2800	852448	255101
empty24-3.scen	82	576	35	1387	0	0	2.97	NO SOLUTION	0	1	40277	0
empty24-3.scen	82	576	35	1387	1	0	3.44	NO SOLUTION	0	1	65623	0
empty24-3.scen	82	576	35	1387	2	0.21	8.78	NO SOLUTION	8224	711	137211	30594
empty24-3.scen	82	576	35	1387	3	0.33	10.11	NO SOLUTION	8187	797	210433	52975
empty24-3.scen	82	576	35	1387	4	3.83	16.49	NO SOLUTION	34371	2755	301055	81655
empty24-3.scen	82	576	35	1387	5	1.24	15.55	NO SOLUTION	10275	1080	392471	111412
empty24-3.scen	82	576	35	1387	6	13.55	30.85	NO SOLUTION	13160	3694	500637	145683
empty24-3.scen	82	576	35	1387	7	6.74	25.75	NO SOLUTION	14419	2126	610659	180566
empty24-3.scen	82	576	35	1387	8	20.61	43.34	NO SOLUTION	40396	3981	737415	219248
empty24-3.scen	82	576	35	1387	9	21.32	46.03	NO SOLUTION	15475	3510	866557	259034
empty24-3.scen	82	576	35	1387	10	19.75	36.96	OK	49406	2476	1012446	302148
empty24-3.scen	83	576	35	1407	0	0	3.01	NO SOLUTION	0	1	40652	0
empty24-3.scen	83	576	35	1407	1	0	3.52	NO SOLUTION	0	1	66681	0
empty24-3.scen	83	576	35	1407	2	0.23	8.91	NO SOLUTION	8636	780	139358	31087
empty24-3.scen	83	576	35	1407	3	1.02	10.94	NO SOLUTION	14097	1294	213601	53731
empty24-3.scen	83	576	35	1407	4	3.06	16.01	NO SOLUTION	23734	2075	305525	82724
empty24-3.scen	83	576	35	1407	5	2.54	17.1	NO SOLUTION	10739	1549	398243	112820
empty24-3.scen	83	576	35	1407	6	10.23	27.79	NO SOLUTION	19269	2952	508046	147481
empty24-3.scen	83	576	35	1407	7	13.16	32.45	NO SOLUTION	12999	3097	619718	182827
empty24-3.scen	83	576	35	1407	8	13.83	36.98	NO SOLUTION	62244	2874	748399	221983
empty24-3.scen	83	576	35	1407	9	17.35	42.43	NO SOLUTION	45911	2723	879502	262265
empty24-3.scen	83	576	35	1407	10	15.81	33.35	OK	28048	2325	1027577	305922
empty24-3.scen	84	576	35	1435	0	0	3.39	NO SOLUTION	0	1	41454	0
empty24-3.scen	84	576	35	1435	1	0	3.63	NO SOLUTION	0	1	68844	0
empty24-3.scen	84	576	35	1435	2	0.23	9.14	NO SOLUTION	8493	740	143544	32119
empty24-3.scen	84	576	35	1435	3	0.55	10.74	NO SOLUTION	12685	943	219790	55456
empty24-3.scen	84	576	35	1435	4	0.86	14.31	NO SOLUTION	12484	1021	314054	85164
empty24-3.scen	84	576	35	1435	5	4.44	19.39	NO SOLUTION	9739	1947	409133	116014
empty24-3.scen	84	576	35	1435	6	6.86	24.83	NO SOLUTION	10331	2242	521675	151392
empty24-3.scen	84	576	35	1435	7	11.3	31.02	NO SOLUTION	12248	3368	636111	187417
empty24-3.scen	84	576	35	1435	8	18.45	42.18	NO SOLUTION	52191	3488	767795	227343
empty24-3.scen	84	576	35	1435	9	25.43	51.33	NO SOLUTION	82637	4092	901843	268481
empty24-3.scen	84	576	35	1435	10	8.65	26.66	OK	27469	2163	1053084	313037
empty24-3.scen	85	576	35	1459	0	0	3.19	NO SOLUTION	0	1	41960	0
empty24-3.scen	85	576	35	1459	1	0	3.69	NO SOLUTION	0	1	70278	0
empty24-3.scen	85	576	35	1459	2	0.23	9.3	NO SOLUTION	8398	718	146240	32844
empty24-3.scen	85	576	35	1459	3	0.5	10.86	NO SOLUTION	10344	964	223761	56640
empty24-3.scen	85	576	35	1459	4	0.73	14.23	NO SOLUTION	8758	861	319536	86757
empty24-3.scen	85	576	35	1459	5	5.9	21.13	NO SOLUTION	10168	2022	416130	118040
empty24-3.scen	85	576	35	1459	6	7.44	25.75	NO SOLUTION	10397	2500	530489	153819
empty24-3.scen	85	576	35	1459	7	10.7	30.82	NO SOLUTION	13950	2970	646735	190349
empty24-3.scen	85	576	35	1459	8	15.1	39.06	NO SOLUTION	70133	3239	780565	230803
empty24-3.scen	85	576	35	1459	9	18.04	44.5	NO SOLUTION	47131	2788	916806	272551
empty24-3.scen	85	576	35	1459	10	16.76	35.11	OK	49571	2669	1070546	317752
empty24-3.scen	86	576	35	1472	0	0	3.19	NO SOLUTION	0	1	42051	0
empty24-3.scen	86	576	35	1472	1	0	3.72	NO SOLUTION	0	1	70605	0
empty24-3.scen	86	576	35	1472	2	0.23	9.42	NO SOLUTION	8518	641	146991	33109
empty24-3.scen	86	576	35	1472	3	0.67	11.12	NO SOLUTION	11405	1079	224873	57034
empty24-3.scen	86	576	35	1472	4	1.16	14.88	NO SOLUTION	11658	1127	321211	87247
empty24-3.scen	86	576	35	1472	5	5.27	20.69	NO SOLUTION	12122	2388	418426	118619
empty24-3.scen	86	576	35	1472	6	3.6	22.11	NO SOLUTION	17016	1350	533616	154560
empty24-3.scen	86	576	35	1472	7	13.72	34.13	NO SOLUTION	13147	3500	650736	191281
empty24-3.scen	86	576	35	1472	8	29.54	53.84	NO SOLUTION	99617	5290	785651	231986
empty24-3.scen	86	576	35	1472	9	30.19	56.77	NO SOLUTION	77423	3801	923019	274004
empty24-3.scen	86	576	35	1472	10	21.89	40.44	OK	43305	3080	1078111	319527
empty24-3.scen	87	576	35	1477	0	0	3.11	NO SOLUTION	0	1	31100	0
empty24-3.scen	87	576	35	1477	1	0	3.74	NO SOLUTION	0	1	70682	0
empty24-3.scen	87	576	35	1477	2	0.23	9.49	NO SOLUTION	8025	603	147211	32630
empty24-3.scen	87	576	35	1477	3	0.49	11.04	NO SOLUTION	9173	752	225247	56381
empty24-3.scen	87	576	35	1477	4	0.74	14.55	NO SOLUTION	9471	801	321828	86621
empty24-3.scen	87	576	35	1477	5	9.3	24.88	NO SOLUTION	16497	3376	419290	117945
empty24-3.scen	87	576	35	1477	6	13.67	32.38	NO SOLUTION	13230	3630	534848	153881
empty24-3.scen	87	576	35	1477	7	16.25	36.8	NO SOLUTION	53867	3539	652365	190583
empty24-3.scen	87	576	35	1477	8	26.72	51.3	NO SOLUTION	99875	5010	787828	231361
empty24-3.scen	87	576	35	1477	9	34.46	61.35	NO SOLUTION	91974	5116	925774	273451
