empty16-1.scen	1	256	11	11	0	0	0.02	OK	0	1	11	0
empty16-1.scen	2	256	12	23	0	0	0.02	OK	4	1	126	18
empty16-1.scen	3	256	12	33	0	0	0.02	OK	15	1	251	41
empty16-1.scen	4	256	12	44	0	0	0.02	OK	26	1	323	50
empty16-1.scen	5	256	12	49	0	0	0.02	OK	21	1	409	27
empty16-1.scen	6	256	15	64	0	0	0.03	OK	41	1	631	89
empty16-1.scen	7	256	15	72	0	0	0.04	OK	38	1	703	98
empty16-1.scen	8	256	15	84	0	0	0.04	OK	53	1	869	128
empty16-1.scen	9	256	15	98	0	0	0.05	OK	64	1	1102	167
empty16-1.scen	10	256	15	108	0	0	0.05	OK	71	1	1167	175
empty16-1.scen	11	256	15	118	0	0	0.06	OK	52	1	1741	108
empty16-1.scen	12	256	17	135	0	0	0.07	OK	63	1	2135	135
empty16-1.scen	13	256	17	150	0	0	0.08	OK	74	1	2622	150
empty16-1.scen	14	256	17	158	0	0	0.08	OK	80	1	2693	156
empty16-1.scen	15	256	17	169	0	0	0.09	OK	84	1	2909	169
empty16-1.scen	16	256	17	180	0	0	0.09	OK	86	2	3151	184
empty16-1.scen	17	256	17	193	0	0	0.1	OK	99	2	3426	203
empty16-1.scen	18	256	17	199	0	0	0.11	OK	102	1	3428	195
empty16-1.scen	19	256	17	212	0	0	0.11	NO SOLUTION	0	1	3666	0
empty16-1.scen	19	256	17	212	1	0	0.14	OK	613	14	5798	1041
empty16-1.scen	20	256	17	218	0	0	0.11	NO SOLUTION	0	1	3715	0
empty16-1.scen	20	256	17	218	1	0	0.15	OK	631	14	5911	1052
empty16-1.scen	21	256	17	231	0	0	0.12	NO SOLUTION	0	1	3989	0
empty16-1.scen	21	256	17	231	1	0	0.15	OK	812	18	6346	1145
empty16-1.scen	22	256	17	241	0	0	0.12	NO SOLUTION	0	1	4174	0
empty16-1.scen	22	256	17	241	1	0	0.17	OK	1017	19	6657	1210
empty16-1.scen	23	256	17	248	0	0	0.13	NO SOLUTION	0	1	4253	0
empty16-1.scen	23	256	17	248	1	0	0.17	OK	1046	17	6816	1238
empty16-1.scen	24	256	17	252	0	0	0.14	NO SOLUTION	0	1	4280	0
empty16-1.scen	24	256	17	252	1	0	0.18	OK	1117	17	6883	1248
empty16-1.scen	25	256	17	267	0	0	0.14	NO SOLUTION	0	1	4752	0
empty16-1.scen	25	256	17	267	1	0	0.19	OK	1298	18	7505	1350
empty16-1.scen	26	256	17	278	0	0	0.15	NO SOLUTION	0	1	4856	0
empty16-1.scen	26	256	17	278	1	0	0.2	OK	1387	19	7738	1405
empty16-1.scen	27	256	17	289	0	0	0.15	NO SOLUTION	0	1	5042	0
empty16-1.scen	27	256	17	289	1	0	0.21	OK	1401	20	8059	1494
empty16-1.scen	28	256	18	307	0	0	0.18	NO SOLUTION	0	1	5739	0
empty16-1.scen	28	256	18	307	1	0	0.24	OK	1629	21	8923	1650
empty16-1.scen	29	256	18	322	0	0	0.2	NO SOLUTION	0	1	6162	0
empty16-1.scen	29	256	18	322	1	0	0.25	OK	1666	21	9481	1748
empty16-1.scen	30	256	18	335	0	0	0.21	NO SOLUTION	0	1	6399	0
empty16-1.scen	30	256	18	335	1	0	0.27	OK	1627	20	9869	1817
empty16-1.scen	31	256	18	347	0	0	0.21	NO SOLUTION	0	1	6696	0
empty16-1.scen	31	256	18	347	1	0	0.27	OK	1757	20	10303	1912
empty16-1.scen	32	256	18	352	0	0	0.22	NO SOLUTION	0	1	6736	0
empty16-1.scen	32	256	18	352	1	0	0.28	OK	1555	19	10398	1918
empty16-1.scen	33	256	18	362	0	0	0.22	NO SOLUTION	0	1	6907	0
empty16-1.scen	33	256	18	362	1	0.01	0.29	OK	1651	19	10695	1992
empty16-1.scen	34	256	18	367	0	0	0.23	NO SOLUTION	0	1	6907	0
empty16-1.scen	34	256	18	367	1	0.01	0.29	OK	1704	20	10729	1978
empty16-1.scen	35	256	18	369	0	0	0.23	NO SOLUTION	0	1	6916	0
empty16-1.scen	35	256	18	369	1	0.01	0.3	OK	1606	19	10756	1966
empty16-1.scen	36	256	18	374	0	0	0.24	NO SOLUTION	0	1	6949	0
empty16-1.scen	36	256	18	374	1	0.01	0.3	OK	1688	21	10833	1971
empty16-1.scen	37	256	20	394	0	0	0.29	NO SOLUTION	0	1	7836	0
empty16-1.scen	37	256	20	394	1	0.01	0.37	OK	1541	19	11870	2141
empty16-1.scen	38	256	20	407	0	0	0.3	NO SOLUTION	0	1	8113	0
empty16-1.scen	38	256	20	407	1	0.01	0.39	OK	1725	20	12326	2217
empty16-1.scen	39	256	23	430	0	0	0.4	NO SOLUTION	0	1	9311	0
empty16-1.scen	39	256	23	430	1	0.01	0.5	OK	1874	20	13700	2395
empty16-1.scen	40	256	23	442	0	0	0.42	NO SOLUTION	0	1	9605	0
empty16-1.scen	40	256	23	442	1	0.01	0.52	OK	2144	21	14159	2496
empty16-1.scen	41	256	23	447	0	0	0.43	NO SOLUTION	0	1	9609	0
empty16-1.scen	41	256	23	447	1	0.01	0.53	OK	2183	21	14197	2489
empty16-1.scen	42	256	23	463	0	0	0.44	NO SOLUTION	0	1	10027	0
empty16-1.scen	42	256	23	463	1	0.01	0.93	NO SOLUTION	2307	43	14832	2639
empty16-1.scen	42	256	23	463	2	0.01	0.84	OK	935	65	33027	7847
empty16-1.scen	43	256	23	469	0	0	0.45	NO SOLUTION	0	1	10066	0
empty16-1.scen	43	256	23	469	1	0.01	0.94	NO SOLUTION	2152	40	14932	2605
empty16-1.scen	43	256	23	469	2	0.01	0.95	OK	994	68	33294	7788
empty16-1.scen	44	256	23	473	0	0	0.48	NO SOLUTION	0	1	10090	0
empty16-1.scen	44	256	23	473	1	0.01	0.99	NO SOLUTION	2183	40	14990	2614
empty16-1.scen	44	256	23	473	2	0.02	0.88	OK	1025	79	33443	7841
empty16-1.scen	45	256	23	482	0	0	0.49	NO SOLUTION	0	1	10179	0
empty16-1.scen	45	256	23	482	1	0.01	0.99	NO SOLUTION	2013	38	15190	2672
empty16-1.scen	45	256	23	482	2	0.02	0.9	OK	1000	94	33935	8018
empty16-1.scen	46	256	23	504	0	0	0.5	NO SOLUTION	0	1	11298	0
empty16-1.scen	46	256	23	504	1	0.01	1.06	NO SOLUTION	2161	39	16499	2856
empty16-1.scen	46	256	23	504	2	0.02	0.97	OK	1077	69	36600	8580
empty16-1.scen	47	256	23	519	0	0	0.52	NO SOLUTION	0	1	11775	0
empty16-1.scen	47	256	23	519	1	0.01	1.09	NO SOLUTION	2518	70	17148	2984
empty16-1.scen	47	256	23	519	2	0.02	1.66	NO SOLUTION	1213	106	37892	8891
empty16-1.scen	47	256	23	519	3	0.03	1.18	OK	1206	80	59656	15711
empty16-1.scen	48	256	23	524	0	0	0.53	NO SOLUTION	0	1	11812	0
empty16-1.scen	48	256	23	524	1	0.01	1.11	NO SOLUTION	2443	73	17237	3002
empty16-1.scen	48	256	23	524	2	0.02	1.7	NO SOLUTION	1145	95	38124	8942
empty16-1.scen	48	256	23	524	3	0.04	1.21	OK	1210	96	60051	15811
empty16-1.scen	49	256	23	541	0	0	0.55	NO SOLUTION	0	1	12402	0
empty16-1.scen	49	256	23	541	1	0.01	1.14	NO SOLUTION	2162	60	18003	3204
empty16-1.scen	49	256	23	541	2	0.03	1.75	NO SOLUTION	1434	136	39717	9425
empty16-1.scen	49	256	23	541	3	0.04	1.25	OK	1177	97	62418	16614
empty16-1.scen	50	256	23	554	0	0	0.57	NO SOLUTION	0	1	12738	0
empty16-1.scen	50	256	23	554	1	0.01	1.17	NO SOLUTION	2144	52	18520	3293
empty16-1.scen	50	256	23	554	2	0.04	1.82	NO SOLUTION	1698	168	40700	9666
empty16-1.scen	50	256	23	554	3	0.04	1.28	OK	1335	137	63879	16943
empty16-1.scen	51	256	23	568	0	0	0.58	NO SOLUTION	0	1	13188	0
empty16-1.scen	51	256	23	568	1	0.02	1.21	NO SOLUTION	2733	69	19100	3435
empty16-1.scen	51	256	23	568	2	0.03	1.86	NO SOLUTION	1582	148	41931	10010
empty16-1.scen	51	256	23	568	3	0.05	1.33	OK	1587	148	65702	17497
empty16-1.scen	52	256	23	573	0	0	0.59	NO SOLUTION	0	1	13226	0
empty16-1.scen	52	256	23	573	1	0.02	1.24	NO SOLUTION	2660	78	19200	3450
empty16-1.scen	52	256	23	573	2	0.04	1.9	NO SOLUTION	1484	116	42195	10051
empty16-1.scen	52	256	23	573	3	0.05	1.34	OK	1455	137	66106	17546
empty16-1.scen	53	256	23	595	0	0	0.62	NO SOLUTION	0	1	14369	0
empty16-1.scen	53	256	23	595	1	0.02	1.29	NO SOLUTION	2908	58	20690	3675
empty16-1.scen	53	256	23	595	2	0.03	1.96	NO SOLUTION	1859	112	45036	10757
empty16-1.scen	53	256	23	595	3	0.05	1.41	OK	1633	130	70270	18700
empty16-1.scen	54	256	23	609	0	0	0.63	NO SOLUTION	0	1	14810	0
empty16-1.scen	54	256	23	609	1	0.02	1.33	NO SOLUTION	2777	91	21304	3837
empty16-1.scen	54	256	23	609	2	0.04	2.03	NO SOLUTION	1912	151	46226	11109
empty16-1.scen	54	256	23	609	3	0.05	1.43	OK	1626	146	72038	19247
empty16-1.scen	55	256	23	620	0	0	0.64	NO SOLUTION	0	1	14988	0
empty16-1.scen	55	256	23	620	1	0.02	1.36	NO SOLUTION	3299	74	21629	3930
empty16-1.scen	55	256	23	620	2	0.04	2.07	NO SOLUTION	2016	150	46898	11308
empty16-1.scen	55	256	23	620	3	0.05	1.46	OK	1656	113	73082	19479
empty16-1.scen	56	256	23	630	0	0	0.65	NO SOLUTION	0	1	9452	0
empty16-1.scen	56	256	23	630	1	0.02	1.39	NO SOLUTION	3334	115	21867	3976
empty16-1.scen	56	256	23	630	2	0.08	2.16	NO SOLUTION	2191	171	47412	11413
empty16-1.scen	56	256	23	630	3	0.11	1.55	OK	2267	261	73901	19628
empty16-1.scen	57	256	23	636	0	0	0.67	NO SOLUTION	0	1	15176	0
empty16-1.scen	57	256	23	636	1	0.02	1.42	NO SOLUTION	2537	98	21990	3955
empty16-1.scen	57	256	23	636	2	0.06	2.17	NO SOLUTION	2492	256	47711	11372
empty16-1.scen	57	256	23	636	3	0.09	2.58	NO SOLUTION	2072	293	74397	19591
empty16-1.scen	57	256	23	636	4	0.16	2.15	OK	2189	247	108720	30202
empty16-1.scen	58	256	23	641	0	0	0.68	NO SOLUTION	0	1	15206	0
empty16-1.scen	58	256	23	641	1	0.02	1.45	NO SOLUTION	3170	137	22069	3964
empty16-1.scen	58	256	23	641	2	0.09	2.25	NO SOLUTION	2187	295	47932	11416
empty16-1.scen	58	256	23	641	3	0.09	2.61	NO SOLUTION	1932	208	74764	19668
empty16-1.scen	58	256	23	641	4	0.27	2.29	OK	2516	293	109299	30336
empty16-1.scen	59	256	23	645	0	0	0.69	NO SOLUTION	0	1	15229	0
empty16-1.scen	59	256	23	645	1	0.02	1.47	NO SOLUTION	3011	104	22126	3965
empty16-1.scen	59	256	23	645	2	0.08	2.26	NO SOLUTION	2718	314	48101	11421
empty16-1.scen	59	256	23	645	3	0.07	2.64	NO SOLUTION	1828	181	75043	19711
empty16-1.scen	59	256	23	645	4	0.23	2.28	OK	2028	237	109734	30388
empty16-1.scen	60	256	23	651	0	0	0.7	NO SOLUTION	0	1	15275	0
empty16-1.scen	60	256	23	651	1	0.03	1.5	NO SOLUTION	2842	117	22225	3920
empty16-1.scen	60	256	23	651	2	0.1	2.32	NO SOLUTION	3045	405	48357	11346
empty16-1.scen	60	256	23	651	3	0.08	2.68	NO SOLUTION	1956	151	75465	19641
empty16-1.scen	60	256	23	651	4	0.35	3.89	NO SOLUTION	2530	439	110425	30386
empty16-1.scen	60	256	23	651	5	0.47	2.88	OK	2414	491	146223	41646
empty16-1.scen	61	256	23	660	0	0	0.71	NO SOLUTION	0	1	15334	0
empty16-1.scen	61	256	23	660	1	0.03	1.54	NO SOLUTION	2771	188	22378	3954
empty16-1.scen	61	256	23	660	2	0.08	2.33	NO SOLUTION	2022	253	48741	11431
empty16-1.scen	61	256	23	660	3	0.15	2.82	NO SOLUTION	2251	379	76082	19777
empty16-1.scen	61	256	23	660	4	0.4	4.04	NO SOLUTION	2312	541	111429	30602
empty16-1.scen	61	256	23	660	5	0.61	3.06	OK	2531	678	147638	41910
empty16-1.scen	62	256	23	663	0	0	0.73	NO SOLUTION	0	1	15359	0
empty16-1.scen	62	256	23	663	1	0.03	1.56	NO SOLUTION	3103	167	22422	3863
empty16-1.scen	62	256	23	663	2	0.09	2.38	NO SOLUTION	2524	304	48875	11262
empty16-1.scen	62	256	23	663	3	0.31	3.02	NO SOLUTION	2961	731	76306	19548
empty16-1.scen	62	256	23	663	4	0.74	4.43	NO SOLUTION	2778	797	111823	30307
empty16-1.scen	62	256	23	663	5	1.41	5.57	NO SOLUTION	3897	1333	148211	41563
empty16-1.scen	62	256	23	663	6	2.13	5.26	OK	3491	1249	192397	54705
empty16-1.scen	63	256	23	677	0	0	0.75	NO SOLUTION	0	1	15449	0
empty16-1.scen	63	256	23	677	1	0	0.89	NO SOLUTION	0	1	22638	0
empty16-1.scen	63	256	23	677	2	0	1.34	NO SOLUTION	0	1	49385	0
empty16-1.scen	63	256	23	677	3	0	1.58	NO SOLUTION	0	1	77121	0
empty16-1.scen	63	256	23	677	4	0.54	4.26	NO SOLUTION	2916	682	113029	30445
empty16-1.scen	63	256	23	677	5	0.71	4.94	NO SOLUTION	3339	832	149806	41769
empty16-1.scen	63	256	23	677	6	1.66	6.97	NO SOLUTION	3645	1082	194456	55049
empty16-1.scen	63	256	23	677	7	2.46	8.47	NO SOLUTION	4232	1344	240301	69000
empty16-1.scen	63	256	23	677	8	5.39	12.75	NO SOLUTION	4931	1932	294078	84605
empty16-1.scen	63	256	23	677	9	7.27	15.4	NO SOLUTION	5529	2135	349175	101164
empty16-1.scen	63	256	23	677	10	14.18	20.01	OK	36063	3337	411916	119195
empty16-1.scen	64	256	23	686	0	0	0.76	NO SOLUTION	0	1	15539	0
empty16-1.scen	64	256	23	686	1	0	0.91	NO SOLUTION	0	1	22849	0
empty16-1.scen	64	256	23	686	2	0	1.37	NO SOLUTION	0	1	49877	0
empty16-1.scen	64	256	23	686	3	0	1.64	NO SOLUTION	0	1	77891	0
empty16-1.scen	64	256	23	686	4	0.71	4.52	NO SOLUTION	3272	878	114190	30648
empty16-1.scen	64	256	23	686	5	1.24	5.54	NO SOLUTION	3239	1056	151402	42063
empty16-1.scen	64	256	23	686	6	1.56	7.01	NO SOLUTION	4145	1118	196582	55429
empty16-1.scen	64	256	23	686	7	2.85	8.99	NO SOLUTION	4573	1459	242985	69518
empty16-1.scen	64	256	23	686	8	3.21	10.69	NO SOLUTION	4019	1326	297404	85293
empty16-1.scen	64	256	23	686	9	7.29	15.59	NO SOLUTION	5289	2150	353177	102015
empty16-1.scen	64	256	23	686	10	13.22	19.18	OK	54667	3653	416686	120244
empty16-1.scen	65	256	23	690	0	0	0.76	NO SOLUTION	0	1	15528	0
empty16-1.scen	65	256	23	690	1	0	0.91	NO SOLUTION	0	1	22879	0
empty16-1.scen	65	256	23	690	2	0	1.38	NO SOLUTION	0	1	50010	0
empty16-1.scen	65	256	23	690	3	0	1.66	NO SOLUTION	0	1	78114	0
empty16-1.scen	65	256	23	690	4	0.63	4.49	NO SOLUTION	2813	678	114599	29939
empty16-1.scen	65	256	23	690	5	0.65	5.04	NO SOLUTION	3210	727	152008	41194
empty16-1.scen	65	256	23	690	6	1.47	7.02	NO SOLUTION	3472	924	197472	54427
empty16-1.scen	65	256	23	690	7	1.06	7.26	NO SOLUTION	2804	591	244177	68398
empty16-1.scen	65	256	23	690	8	2.68	10.29	NO SOLUTION	3427	1009	298992	84074
empty16-1.scen	65	256	23	690	9	3.02	11.5	NO SOLUTION	3485	1007	355181	100767
empty16-1.scen	65	256	23	690	10	6.78	16.86	NO SOLUTION	27500	1824	419209	119000
empty16-1.scen	65	256	23	690	11	11.98	23.01	NO SOLUTION	54736	3071	484589	138298
empty16-1.scen	65	256	23	690	12	10.62	18.19	OK	15087	2070	557313	159050
empty16-1.scen	66	256	23	699	0	0	0.78	NO SOLUTION	0	1	15622	0
empty16-1.scen	66	256	23	699	1	0	0.94	NO SOLUTION	0	1	23081	0
empty16-1.scen	66	256	23	699	2	0	1.42	NO SOLUTION	0	1	50466	0
empty16-1.scen	66	256	23	699	3	0	1.69	NO SOLUTION	0	1	78817	0
empty16-1.scen	66	256	23	699	4	1.08	5.03	NO SOLUTION	3592	1051	115672	29671
empty16-1.scen	66	256	23	699	5	2.4	6.86	NO SOLUTION	4278	1617	153482	40985
empty16-1.scen	66	256	23	699	6	3.6	9.27	NO SOLUTION	4203	1617	199476	54310
empty16-1.scen	66	256	23	699	7	3.2	9.52	NO SOLUTION	3885	1561	246739	68384
empty16-1.scen	66	256	23	699	8	7.1	14.82	NO SOLUTION	5023	2069	302253	84202
empty16-1.scen	66	256	23	699	9	9.57	18.2	NO SOLUTION	5385	2456	359169	101086
empty16-1.scen	66	256	23	699	10	32.21	42.43	NO SOLUTION	10348	5916	424077	119531
empty16-1.scen	66	256	23	699	11	23.72	34.81	NO SOLUTION	7772	4184	490367	139071
empty16-1.scen	66	256	23	699	12	66.23	79.07	NO SOLUTION	156533	8130	564129	160092
