empty08-1.scen	1	64	2	2	0	0	0.01	OK	0	1	2	0
empty08-1.scen	2	64	7	9	0	0	0.01	OK	8	1	70	11
empty08-1.scen	3	64	7	13	0	0	0.01	OK	3	1	103	7
empty08-1.scen	4	64	8	21	0	0	0.01	OK	17	1	177	26
empty08-1.scen	5	64	8	26	0	0	0.01	OK	7	1	234	16
empty08-1.scen	6	64	8	30	0	0	0.01	OK	11	1	257	18
empty08-1.scen	7	64	10	40	0	0	0.02	OK	14	1	430	27
empty08-1.scen	8	64	10	46	0	0	0.02	OK	15	1	500	26
empty08-1.scen	9	64	10	56	0	0	0.02	OK	19	1	649	37
empty08-1.scen	10	64	10	61	0	0	0.02	OK	21	1	691	35
empty08-1.scen	11	64	10	65	0	0	0.03	OK	21	1	715	33
empty08-1.scen	12	64	10	73	0	0	0.03	OK	20	1	766	39
empty08-1.scen	13	64	10	78	0	0	0.03	OK	12	1	799	35
empty08-1.scen	14	64	10	87	0	0	0.03	NO SOLUTION	0	1	882	0
empty08-1.scen	14	64	10	87	1	0	0.04	OK	82	5	1839	302
empty08-1.scen	15	64	10	91	0	0	0.03	NO SOLUTION	0	1	913	0
empty08-1.scen	15	64	10	91	1	0	0.04	OK	77	5	1912	318
empty08-1.scen	16	64	10	101	0	0	0.03	NO SOLUTION	0	1	1062	0
empty08-1.scen	16	64	10	101	1	0	0.05	OK	107	6	2182	363
empty08-1.scen	17	64	10	108	0	0	0.04	NO SOLUTION	0	1	1144	0
empty08-1.scen	17	64	10	108	1	0	0.08	NO SOLUTION	130	8	2359	395
empty08-1.scen	17	64	10	108	2	0	0.08	OK	181	24	5458	1310
empty08-1.scen	18	64	10	112	0	0	0.04	NO SOLUTION	0	1	1171	0
empty08-1.scen	18	64	10	112	1	0	0.09	NO SOLUTION	128	8	2428	410
empty08-1.scen	18	64	10	112	2	0	0.08	OK	173	24	5666	1357
empty08-1.scen	19	64	10	114	0	0	0.04	NO SOLUTION	0	1	1168	0
empty08-1.scen	19	64	10	114	1	0	0.08	NO SOLUTION	77	12	2444	402
empty08-1.scen	19	64	10	114	2	0	0.14	NO SOLUTION	111	27	5724	1357
empty08-1.scen	19	64	10	114	3	0.01	0.12	OK	180	59	9211	2435
empty08-1.scen	20	64	10	116	0	0	0.04	NO SOLUTION	0	1	1178	0
empty08-1.scen	20	64	10	116	1	0	0.09	NO SOLUTION	74	12	2472	401
empty08-1.scen	20	64	10	116	2	0	0.14	NO SOLUTION	130	25	5824	1381
empty08-1.scen	20	64	10	116	3	0.01	0.12	OK	203	69	9391	2482
empty08-1.scen	21	64	10	123	0	0	0.04	NO SOLUTION	0	1	1255	0
empty08-1.scen	21	64	10	123	1	0	0.09	NO SOLUTION	84	13	2632	427
empty08-1.scen	21	64	10	123	2	0	0.16	NO SOLUTION	137	24	6219	1457
empty08-1.scen	21	64	10	123	3	0.01	0.13	OK	202	64	10005	2635
empty08-1.scen	22	64	10	125	0	0	0.04	NO SOLUTION	0	1	1257	0
empty08-1.scen	22	64	10	125	1	0	0.1	NO SOLUTION	66	13	2658	408
empty08-1.scen	22	64	10	125	2	0	0.17	NO SOLUTION	117	22	6320	1457
empty08-1.scen	22	64	10	125	3	0.01	0.13	OK	139	41	10173	2634
empty08-1.scen	23	64	10	131	0	0	0.05	NO SOLUTION	0	1	1308	0
empty08-1.scen	23	64	10	131	1	0	0.06	NO SOLUTION	0	1	2789	0
empty08-1.scen	23	64	10	131	2	0.01	0.17	NO SOLUTION	168	63	6635	1511
empty08-1.scen	23	64	10	131	3	0.01	0.22	NO SOLUTION	177	80	10670	2763
empty08-1.scen	23	64	10	131	4	0.03	0.33	NO SOLUTION	349	161	16140	4510
empty08-1.scen	23	64	10	131	5	0.03	0.25	OK	169	84	21763	6356
empty08-1.scen	24	64	10	139	0	0	0.04	NO SOLUTION	0	1	1361	0
empty08-1.scen	24	64	10	139	1	0	0.06	NO SOLUTION	0	1	2909	0
empty08-1.scen	24	64	10	139	2	0	0.18	NO SOLUTION	155	49	6908	1588
empty08-1.scen	24	64	10	139	3	0.01	0.25	NO SOLUTION	245	115	11109	2892
empty08-1.scen	24	64	10	139	4	0.03	0.34	NO SOLUTION	327	159	16784	4720
empty08-1.scen	24	64	10	139	5	0.06	0.29	OK	417	248	22613	6632
empty08-1.scen	25	64	10	139	0	0	0.05	NO SOLUTION	0	1	1355	0
empty08-1.scen	25	64	10	139	1	0	0.06	NO SOLUTION	0	1	2903	0
empty08-1.scen	25	64	10	139	2	0.01	0.19	NO SOLUTION	194	85	6932	1550
empty08-1.scen	25	64	10	139	3	0.01	0.24	NO SOLUTION	208	65	11161	2830
empty08-1.scen	25	64	10	139	4	0.03	0.35	NO SOLUTION	377	202	16898	4654
empty08-1.scen	25	64	10	139	5	0.05	0.43	NO SOLUTION	414	261	22798	6559
empty08-1.scen	25	64	10	139	6	0.07	0.38	OK	429	242	29915	8795
empty08-1.scen	26	64	10	142	0	0	0.05	NO SOLUTION	0	1	1215	0
empty08-1.scen	26	64	10	142	1	0	0.06	NO SOLUTION	0	1	2925	0
empty08-1.scen	26	64	10	142	2	0	0.12	NO SOLUTION	0	1	7030	0
empty08-1.scen	26	64	10	142	3	0	0.14	NO SOLUTION	0	1	11342	0
empty08-1.scen	26	64	10	142	4	0.02	0.4	NO SOLUTION	321	121	34441	4493
empty08-1.scen	26	64	10	142	5	0.06	0.51	NO SOLUTION	409	233	46539	6416
empty08-1.scen	26	64	10	142	6	0.06	0.65	NO SOLUTION	407	204	61221	8689
empty08-1.scen	26	64	10	142	7	0.12	0.84	OK	768	353	76269	17388
empty08-1.scen	27	64	10	147	0	0	0.05	NO SOLUTION	0	1	1253	0
empty08-1.scen	27	64	10	147	1	0	0.07	NO SOLUTION	0	1	3025	0
empty08-1.scen	27	64	10	147	2	0	0.12	NO SOLUTION	0	1	7273	0
empty08-1.scen	27	64	10	147	3	0	0.14	NO SOLUTION	0	1	11688	0
empty08-1.scen	27	64	10	147	4	0.03	0.43	NO SOLUTION	475	187	35432	4611
empty08-1.scen	27	64	10	147	5	0.07	0.55	NO SOLUTION	606	333	47854	6580
empty08-1.scen	27	64	10	147	6	0.09	0.71	NO SOLUTION	686	349	62956	8903
empty08-1.scen	27	64	10	147	7	0.43	1.18	OK	1651	994	78464	20124
empty08-1.scen	28	64	10	152	0	0	0.05	NO SOLUTION	0	1	1261	0
empty08-1.scen	28	64	10	152	1	0	0.07	NO SOLUTION	0	1	3063	0
empty08-1.scen	28	64	10	152	2	0	0.12	NO SOLUTION	0	1	7417	0
empty08-1.scen	28	64	10	152	3	0	0.15	NO SOLUTION	0	1	11939	0
empty08-1.scen	28	64	10	152	4	0.1	0.49	NO SOLUTION	1119	723	18133	4633
empty08-1.scen	28	64	10	152	5	0.44	0.94	OK	2762	1902	49036	13290
empty08-1.scen	29	64	10	156	0	0	0.05	NO SOLUTION	0	1	1288	0
empty08-1.scen	29	64	10	156	1	0	0.07	NO SOLUTION	0	1	3129	0
empty08-1.scen	29	64	10	156	2	0	0.12	NO SOLUTION	0	1	7579	0
empty08-1.scen	29	64	10	156	3	0	0.16	NO SOLUTION	0	1	12217	0
empty08-1.scen	29	64	10	156	4	0.47	0.94	NO SOLUTION	3805	2796	18602	4715
empty08-1.scen	29	64	10	156	5	2.56	3.09	NO SOLUTION	8601	6722	25197	6793
empty08-1.scen	29	64	10	156	6	4.18	4.83	NO SOLUTION	12390	9458	33257	9235
empty08-1.scen	29	64	10	156	7	13.61	14.34	NO SOLUTION	21666	17200	41545	11868
empty08-1.scen	29	64	10	156	8	32.33	33.19	NO SOLUTION	32995	26436	51086	14773
empty08-1.scen	29	64	10	156	9	85.98	87.06	OK	79122	62758	121704	35750
empty08-1.scen	30	64	10	159	0	0	0.05	NO SOLUTION	0	1	1307	0
empty08-1.scen	30	64	10	159	1	0	0.07	NO SOLUTION	0	1	3175	0
empty08-1.scen	30	64	10	159	2	0	0.13	NO SOLUTION	0	1	7701	0
empty08-1.scen	30	64	10	159	3	0	0.16	NO SOLUTION	0	1	12413	0
empty08-1.scen	30	64	10	159	4	0.53	1	NO SOLUTION	3969	2968	18918	4796
empty08-1.scen	30	64	10	159	5	2.04	2.57	NO SOLUTION	7935	6061	25643	6888
empty08-1.scen	30	64	10	159	6	3.26	3.92	NO SOLUTION	10683	7848	33884	9352
empty08-1.scen	30	64	10	159	7	11.1	11.86	NO SOLUTION	18886	14654	42366	12029
empty08-1.scen	30	64	10	159	8	28.8	29.7	NO SOLUTION	30329	23766	52148	14997
empty08-1.scen	30	64	10	159	9	110.09	111.22	OK	93456	75122	124328	36344
empty08-1.scen	31	64	10	160	0	0	0.05	NO SOLUTION	0	1	1308	0
empty08-1.scen	31	64	10	160	1	0	0.07	NO SOLUTION	0	1	3184	0
empty08-1.scen	31	64	10	160	2	0	0.12	NO SOLUTION	0	1	7752	0
empty08-1.scen	31	64	10	160	3	0	0.15	NO SOLUTION	0	1	12509	0
empty08-1.scen	31	64	10	160	4	0.63	1.11	NO SOLUTION	4795	3583	19101	4801
empty08-1.scen	31	64	10	160	5	1.72	2.25	NO SOLUTION	8410	6315	25928	6902
empty08-1.scen	31	64	10	160	6	4.91	5.57	NO SOLUTION	14316	11106	34321	9377
empty08-1.scen	31	64	10	160	7	14.86	15.61	NO SOLUTION	26551	20557	42966	12088
empty08-1.scen	31	64	10	160	8	40.28	41.18	NO SOLUTION	42809	34246	52959	15107
empty08-1.scen	31	64	10	160	9	73.86	74.85	NO SOLUTION	63032	50298	63197	18338
empty08-1.scen	31	64	10	160	10	100.29	101.6	OK	89544	68700	149060	43666
empty08-1.scen	32	64	10	163	0	0	0.05	NO SOLUTION	0	1	1325	0
empty08-1.scen	32	64	10	163	1	0	0.07	NO SOLUTION	0	1	3229	0
empty08-1.scen	32	64	10	163	2	0	0.12	NO SOLUTION	0	1	7872	0
empty08-1.scen	32	64	10	163	3	0	0.16	NO SOLUTION	0	1	12712	0
empty08-1.scen	32	64	10	163	4	0.58	1.08	NO SOLUTION	4383	3247	19434	4828
empty08-1.scen	32	64	10	163	5	3.09	3.64	NO SOLUTION	10724	8536	26407	6964
empty08-1.scen	32	64	10	163	6	7.19	7.87	NO SOLUTION	18176	14205	34997	9479
empty08-1.scen	32	64	10	163	7	25.57	26.33	NO SOLUTION	37128	30042	43850	12247
empty08-1.scen	32	64	10	163	8	44.5	45.43	NO SOLUTION	46560	37051	54105	15330
empty08-1.scen	32	64	10	163	9	56.57	57.61	NO SOLUTION	51568	40589	64617	18636
empty08-1.scen	32	64	10	163	10	108.19	109.55	OK	87528	66682	152544	44428
empty08-1.scen	33	64	10	166	0	0	0.05	NO SOLUTION	0	1	1342	0
empty08-1.scen	33	64	10	166	1	0	0.07	NO SOLUTION	0	1	3272	0
empty08-1.scen	33	64	10	166	2	0	0.12	NO SOLUTION	0	1	7987	0
empty08-1.scen	33	64	10	166	3	0	0.16	NO SOLUTION	0	1	12894	0
empty08-1.scen	33	64	10	166	4	3.43	4.16	NO SOLUTION	18216	14888	19714	4694
empty08-1.scen	33	64	10	166	5	5.16	5.82	NO SOLUTION	16768	13273	26788	6953
empty08-1.scen	33	64	10	166	6	17.53	18.36	NO SOLUTION	34858	28571	35516	9486
empty08-1.scen	33	64	10	166	7	65.71	66.62	NO SOLUTION	95134	76689	44518	12289
empty08-1.scen	33	64	10	166	8	82.73	83.8	NO SOLUTION	88183	70045	54961	15402
empty08-1.scen	33	64	10	166	9	115.15	116.34	NO SOLUTION	101592	80641	65674	18758
