empty24-1.scen	1	576	11	11	0	0	0.07	OK	11	1	144	27
empty24-1.scen	2	576	21	32	0	0	0.05	OK	36	1	622	94
empty24-1.scen	3	576	21	52	0	0	0.06	OK	40	1	885	157
empty24-1.scen	4	576	21	60	0	0	0.07	OK	52	1	972	172
empty24-1.scen	5	576	21	71	0	0	0.07	OK	67	1	1124	199
empty24-1.scen	6	576	21	83	0	0	0.08	OK	81	1	1299	230
empty24-1.scen	7	576	31	114	0	0	0.18	OK	67	1	4428	179
empty24-1.scen	8	576	31	118	0	0	0.17	OK	72	1	4451	181
empty24-1.scen	9	576	31	139	0	0	0.2	OK	86	1	5261	216
empty24-1.scen	10	576	31	162	0	0	0.27	OK	97	1	5854	255
empty24-1.scen	11	576	31	184	0	0	0.26	OK	115	1	6609	290
empty24-1.scen	12	576	31	203	0	0	0.26	OK	127	1	6737	307
empty24-1.scen	13	576	31	212	0	0	0.28	OK	129	1	6819	312
empty24-1.scen	14	576	31	236	0	0	0.3	OK	147	1	7316	351
empty24-1.scen	15	576	31	263	0	0	0.36	OK	171	1	9054	398
empty24-1.scen	16	576	31	274	0	0	0.38	OK	188	1	9259	413
empty24-1.scen	17	576	31	290	0	0	0.41	OK	184	1	9791	438
empty24-1.scen	18	576	31	319	0	0	0.47	OK	215	1	11712	489
empty24-1.scen	19	576	31	338	0	0	0.49	OK	240	1	12083	520
empty24-1.scen	20	576	31	349	0	0	0.51	OK	242	1	12257	535
empty24-1.scen	21	576	31	373	0	0	0.56	OK	266	1	13553	576
empty24-1.scen	22	576	31	388	0	0	0.56	OK	272	1	13701	589
empty24-1.scen	23	576	31	403	0	0	0.57	NO SOLUTION	0	1	13707	0
empty24-1.scen	23	576	31	403	1	0.01	0.69	OK	290	2	31300	2298
empty24-1.scen	24	576	31	412	0	0	0.58	NO SOLUTION	0	1	13793	0
empty24-1.scen	24	576	31	412	1	0.01	0.7	OK	298	2	31457	2303
empty24-1.scen	25	576	31	416	0	0	0.59	NO SOLUTION	0	1	13822	0
empty24-1.scen	25	576	31	416	1	0.01	0.71	OK	305	2	31526	2299
empty24-1.scen	26	576	31	423	0	0	0.6	NO SOLUTION	0	1	13885	0
empty24-1.scen	26	576	31	423	1	0.01	0.73	OK	272	2	31692	2289
empty24-1.scen	27	576	31	444	0	0	0.63	NO SOLUTION	0	1	14816	0
empty24-1.scen	27	576	31	444	1	0.01	0.75	OK	326	2	32764	2485
empty24-1.scen	28	576	31	456	0	0	0.64	NO SOLUTION	0	1	15013	0
empty24-1.scen	28	576	31	456	1	0.01	0.78	OK	307	2	33033	2543
empty24-1.scen	29	576	31	469	0	0	0.67	NO SOLUTION	0	1	15349	0
empty24-1.scen	29	576	31	469	1	0.01	0.81	OK	315	2	33510	2620
empty24-1.scen	30	576	31	484	0	0	0.7	NO SOLUTION	0	1	15779	0
empty24-1.scen	30	576	31	484	1	0.01	0.83	OK	313	2	34038	2706
empty24-1.scen	31	576	31	487	0	0	0.7	NO SOLUTION	0	1	15795	0
empty24-1.scen	31	576	31	487	1	0.01	0.85	OK	318	2	34079	2712
empty24-1.scen	32	576	31	506	0	0	0.73	NO SOLUTION	0	1	16622	0
empty24-1.scen	32	576	31	506	1	0.01	0.91	OK	364	2	35070	2858
empty24-1.scen	33	576	31	527	0	0	0.76	NO SOLUTION	0	1	16836	0
empty24-1.scen	33	576	31	527	1	0.01	0.94	OK	361	2	35504	2955
empty24-1.scen	34	576	31	541	0	0	0.77	NO SOLUTION	0	1	16973	0
empty24-1.scen	34	576	31	541	1	0.01	0.96	OK	358	2	35794	3018
empty24-1.scen	35	576	31	553	0	0	0.8	NO SOLUTION	0	1	17168	0
empty24-1.scen	35	576	31	553	1	0.01	0.98	OK	373	2	36129	3058
empty24-1.scen	36	576	31	580	0	0	0.84	NO SOLUTION	0	1	18881	0
empty24-1.scen	36	576	31	580	1	0.01	1.04	OK	404	3	37920	3316
empty24-1.scen	37	576	31	596	0	0	0.9	NO SOLUTION	0	1	19264	0
empty24-1.scen	37	576	31	596	1	0.01	1.06	OK	416	4	38460	3379
empty24-1.scen	38	576	31	610	0	0	0.92	NO SOLUTION	0	1	19370	0
empty24-1.scen	38	576	31	610	1	0.01	1.08	OK	415	4	38646	3417
empty24-1.scen	39	576	31	637	0	0	0.95	NO SOLUTION	0	1	21063	0
empty24-1.scen	39	576	31	637	1	0.01	1.87	NO SOLUTION	456	22	40610	3709
empty24-1.scen	39	576	31	637	2	0.03	1.71	OK	2504	63	71755	11666
empty24-1.scen	40	576	31	641	0	0	0.97	NO SOLUTION	0	1	21086	0
empty24-1.scen	40	576	31	641	1	0.01	1.92	NO SOLUTION	453	21	40666	3714
empty24-1.scen	40	576	31	641	2	0.03	1.73	OK	2583	64	71919	11705
empty24-1.scen	41	576	31	651	0	0	0.98	NO SOLUTION	0	1	21191	0
empty24-1.scen	41	576	31	651	1	0.01	1.94	NO SOLUTION	542	40	40878	3734
empty24-1.scen	41	576	31	651	2	0.04	1.76	OK	2247	68	72467	11759
empty24-1.scen	42	576	31	666	0	0	1	NO SOLUTION	0	1	21638	0
empty24-1.scen	42	576	31	666	1	0.01	2.01	NO SOLUTION	568	39	41449	3829
empty24-1.scen	42	576	31	666	2	0.04	1.81	OK	2640	68	73829	12127
empty24-1.scen	43	576	31	680	0	0	1.03	NO SOLUTION	0	1	21947	0
empty24-1.scen	43	576	31	680	1	0.01	2.05	NO SOLUTION	531	22	41876	3914
empty24-1.scen	43	576	31	680	2	0.04	1.91	OK	3002	55	74927	12468
empty24-1.scen	44	576	31	686	0	0	1.05	NO SOLUTION	0	1	21998	0
empty24-1.scen	44	576	31	686	1	0.01	2.1	NO SOLUTION	547	22	41976	3900
empty24-1.scen	44	576	31	686	2	0.04	1.94	OK	2682	77	75233	12487
empty24-1.scen	45	576	31	697	0	0	1.06	NO SOLUTION	0	1	22103	0
empty24-1.scen	45	576	31	697	1	0.01	2.13	NO SOLUTION	555	23	42243	3955
empty24-1.scen	45	576	31	697	2	0.04	1.96	OK	2824	64	75850	12650
empty24-1.scen	46	576	31	715	0	0	1.09	NO SOLUTION	0	1	22458	0
empty24-1.scen	46	576	31	715	1	0.01	2.19	NO SOLUTION	653	23	42696	4014
empty24-1.scen	46	576	31	715	2	0.04	2.01	OK	2808	66	77158	12894
empty24-1.scen	47	576	31	741	0	0	1.13	NO SOLUTION	0	1	24086	0
empty24-1.scen	47	576	31	741	1	0.01	2.27	NO SOLUTION	461	18	43992	4439
empty24-1.scen	47	576	31	741	2	0.05	2.08	OK	3236	87	80445	14053
empty24-1.scen	48	576	31	752	0	0	1.16	NO SOLUTION	0	1	24190	0
empty24-1.scen	48	576	31	752	1	0.01	2.32	NO SOLUTION	461	14	44289	4434
empty24-1.scen	48	576	31	752	2	0.05	2.12	OK	3449	74	81054	14089
empty24-1.scen	49	576	31	767	0	0	1.18	NO SOLUTION	0	1	24628	0
empty24-1.scen	49	576	31	767	1	0.01	2.38	NO SOLUTION	519	13	44802	4459
empty24-1.scen	49	576	31	767	2	0.03	2.12	OK	1837	73	68131	14823
empty24-1.scen	50	576	31	785	0	0	1.2	NO SOLUTION	0	1	24802	0
empty24-1.scen	50	576	31	785	1	0.01	2.43	NO SOLUTION	485	27	45206	4541
empty24-1.scen	50	576	31	785	2	0.03	2.16	OK	1884	73	69141	15091
empty24-1.scen	51	576	31	792	0	0	1.21	NO SOLUTION	0	1	24873	0
empty24-1.scen	51	576	31	792	1	0.01	2.47	NO SOLUTION	461	12	45279	4539
empty24-1.scen	51	576	31	792	2	0.03	2.19	OK	1896	72	69524	15105
empty24-1.scen	52	576	31	818	0	0	1.26	NO SOLUTION	0	1	25646	0
empty24-1.scen	52	576	31	818	1	0.01	2.52	NO SOLUTION	463	11	46437	4692
empty24-1.scen	52	576	31	818	2	0.03	2.24	OK	1876	74	71936	15686
empty24-1.scen	53	576	32	850	0	0	1.38	NO SOLUTION	0	1	28023	0
empty24-1.scen	53	576	32	850	1	0.01	2.77	NO SOLUTION	545	18	48847	5017
empty24-1.scen	53	576	32	850	2	0.04	2.45	OK	2143	76	77281	16836
empty24-1.scen	54	576	32	864	0	0	1.4	NO SOLUTION	0	1	28128	0
empty24-1.scen	54	576	32	864	1	0.01	2.83	NO SOLUTION	521	17	49012	5029
empty24-1.scen	54	576	32	864	2	0.05	4.23	NO SOLUTION	2206	96	77914	16974
empty24-1.scen	54	576	32	864	3	0.06	2.86	OK	2113	72	121389	29990
empty24-1.scen	55	576	32	871	0	0	1.42	NO SOLUTION	0	1	28202	0
empty24-1.scen	55	576	32	871	1	0.01	1.71	NO SOLUTION	207	67	49123	5010
empty24-1.scen	55	576	32	871	2	0.05	4.24	NO SOLUTION	2276	91	78316	16991
empty24-1.scen	55	576	32	871	3	0.07	4.91	NO SOLUTION	2143	88	122016	30032
empty24-1.scen	55	576	32	871	4	0.12	3.97	OK	1999	94	178127	47783
empty24-1.scen	56	576	32	897	0	0	1.48	NO SOLUTION	0	1	29361	0
empty24-1.scen	56	576	32	897	1	0.01	1.75	NO SOLUTION	214	68	50702	5199
empty24-1.scen	56	576	32	897	2	0.05	4.42	NO SOLUTION	2272	100	81742	17743
empty24-1.scen	56	576	32	897	3	0.07	5.05	NO SOLUTION	2100	90	127143	31275
empty24-1.scen	56	576	32	897	4	0.12	4.21	OK	2053	83	185055	49507
empty24-1.scen	57	576	32	909	0	0	1.49	NO SOLUTION	0	1	29370	0
empty24-1.scen	57	576	32	909	1	0.01	1.77	NO SOLUTION	81	77	50777	5200
empty24-1.scen	57	576	32	909	2	0.05	4.47	NO SOLUTION	2468	95	82024	17839
empty24-1.scen	57	576	32	909	3	0.08	5.11	NO SOLUTION	2256	91	127690	31434
empty24-1.scen	57	576	32	909	4	0.13	4.26	OK	2007	82	186061	49762
empty24-1.scen	58	576	32	920	0	0	1.53	NO SOLUTION	0	1	29472	0
empty24-1.scen	58	576	32	920	1	0.01	1.79	NO SOLUTION	218	70	51055	5226
empty24-1.scen	58	576	32	920	2	0.05	4.48	NO SOLUTION	2220	83	82764	17985
empty24-1.scen	58	576	32	920	3	0.08	5.22	NO SOLUTION	2204	93	128847	31690
empty24-1.scen	58	576	32	920	4	0.13	4.33	OK	2022	84	187738	50138
empty24-1.scen	59	576	32	935	0	0	1.53	NO SOLUTION	0	1	29544	0
empty24-1.scen	59	576	32	935	1	0.01	1.79	NO SOLUTION	265	95	39050	6486
empty24-1.scen	59	576	32	935	2	0.08	4.62	NO SOLUTION	3220	129	83381	18149
empty24-1.scen	59	576	32	935	3	0.18	5.42	NO SOLUTION	3127	137	129896	31936
empty24-1.scen	59	576	32	935	4	0.5	7.66	NO SOLUTION	4231	375	189424	50540
empty24-1.scen	59	576	32	935	5	0.73	8.86	NO SOLUTION	4643	425	250241	70443
empty24-1.scen	59	576	32	935	6	2.13	8.14	OK	5868	795	323709	94112
empty24-1.scen	60	576	32	945	0	0	1.55	NO SOLUTION	0	1	29626	0
empty24-1.scen	60	576	32	945	1	0.01	1.82	NO SOLUTION	93	80	39332	6536
empty24-1.scen	60	576	32	945	2	0.09	4.71	NO SOLUTION	3541	160	84058	18281
empty24-1.scen	60	576	32	945	3	0.25	5.6	NO SOLUTION	4420	240	130965	32202
empty24-1.scen	60	576	32	945	4	0.45	7.67	NO SOLUTION	4469	356	191032	51001
empty24-1.scen	60	576	32	945	5	0.72	8.96	NO SOLUTION	4427	413	252339	71080
empty24-1.scen	60	576	32	945	6	1.48	7.57	OK	4781	693	326464	94844
empty24-1.scen	61	576	32	962	0	0	1.6	NO SOLUTION	0	1	29906	0
empty24-1.scen	61	576	32	962	1	0.01	1.86	NO SOLUTION	259	91	40061	6647
empty24-1.scen	61	576	32	962	2	0.09	4.82	NO SOLUTION	3666	143	85589	18675
empty24-1.scen	61	576	32	962	3	0.33	5.77	NO SOLUTION	4209	335	133264	32900
empty24-1.scen	61	576	32	962	4	0.5	7.91	NO SOLUTION	4225	284	194323	51972
empty24-1.scen	61	576	32	962	5	0.59	8.94	NO SOLUTION	3843	394	256645	72315
empty24-1.scen	61	576	32	962	6	1.5	7.73	OK	4985	527	332028	96388
empty24-1.scen	62	576	32	965	0	0	1.6	NO SOLUTION	0	1	29923	0
empty24-1.scen	62	576	32	965	1	0.01	1.89	NO SOLUTION	258	92	40104	6635
empty24-1.scen	62	576	32	965	2	0.09	4.9	NO SOLUTION	3405	154	85731	18668
empty24-1.scen	62	576	32	965	3	0.18	5.72	NO SOLUTION	3189	179	133514	32894
empty24-1.scen	62	576	32	965	4	0.41	7.88	NO SOLUTION	3882	341	194727	52038
empty24-1.scen	62	576	32	965	5	0.72	9.18	NO SOLUTION	4731	330	257212	72413
empty24-1.scen	62	576	32	965	6	2.51	8.82	OK	5056	966	332820	96550
empty24-1.scen	63	576	32	975	0	0	1.57	NO SOLUTION	0	1	17102	0
empty24-1.scen	63	576	32	975	1	0.01	1.93	NO SOLUTION	156	99	40174	6623
empty24-1.scen	63	576	32	975	2	0.1	4.95	NO SOLUTION	3734	189	86009	18724
empty24-1.scen	63	576	32	975	3	0.25	5.92	NO SOLUTION	4507	229	134002	33013
empty24-1.scen	63	576	32	975	4	0.49	8.07	NO SOLUTION	5377	342	195578	52312
empty24-1.scen	63	576	32	975	5	0.98	9.55	NO SOLUTION	5059	499	258444	72792
empty24-1.scen	63	576	32	975	6	4	14.87	NO SOLUTION	6234	1388	334643	97051
empty24-1.scen	63	576	32	975	7	1.89	14.02	NO SOLUTION	5600	893	412325	122378
empty24-1.scen	63	576	32	975	8	6.16	14.4	OK	7043	1701	502998	151035
empty24-1.scen	64	576	32	982	0	0	1.61	NO SOLUTION	0	1	17140	0
empty24-1.scen	64	576	32	982	1	0.01	1.95	NO SOLUTION	52	70	40286	6576
empty24-1.scen	64	576	32	982	2	0.14	5.06	NO SOLUTION	3461	271	86311	18623
empty24-1.scen	64	576	32	982	3	0.59	6.28	NO SOLUTION	5112	627	134505	32915
empty24-1.scen	64	576	32	982	4	1.12	8.79	NO SOLUTION	6004	833	196407	52257
empty24-1.scen	64	576	32	982	5	2.22	10.94	NO SOLUTION	7041	1161	259622	72816
empty24-1.scen	64	576	32	982	6	5.96	16.92	NO SOLUTION	8451	2054	336317	97149
empty24-1.scen	64	576	32	982	7	7.53	19.85	NO SOLUTION	8417	2484	414508	122574
empty24-1.scen	64	576	32	982	8	14.25	28.34	NO SOLUTION	11655	3821	505851	151343
empty24-1.scen	64	576	32	982	9	14.64	23.83	OK	11208	3473	598838	181279
empty24-1.scen	65	576	32	1011	0	0	1.66	NO SOLUTION	0	1	18136	0
empty24-1.scen	65	576	32	1011	1	0.01	2.03	NO SOLUTION	56	90	42538	7022
empty24-1.scen	65	576	32	1011	2	0.16	5.23	NO SOLUTION	3927	345	90590	19664
empty24-1.scen	65	576	32	1011	3	0.51	6.44	NO SOLUTION	5258	574	140762	34634
empty24-1.scen	65	576	32	1011	4	1.74	9.69	NO SOLUTION	7013	1174	205011	54665
empty24-1.scen	65	576	32	1011	5	1.32	10.34	NO SOLUTION	4966	773	270560	76025
empty24-1.scen	65	576	32	1011	6	5.74	17.01	NO SOLUTION	8164	2090	349759	101171
empty24-1.scen	65	576	32	1011	7	6.25	18.98	NO SOLUTION	14832	2081	430522	127460
empty24-1.scen	65	576	32	1011	8	11.01	25.58	NO SOLUTION	44525	2834	524633	157046
empty24-1.scen	65	576	32	1011	9	11.55	21.05	OK	10952	2740	620348	187869
empty24-1.scen	66	576	32	1013	0	0	1.68	NO SOLUTION	0	1	18144	0
empty24-1.scen	66	576	32	1013	1	0.02	2.05	NO SOLUTION	56	91	42566	6932
empty24-1.scen	66	576	32	1013	2	0.15	5.54	NO SOLUTION	4276	309	90682	19474
empty24-1.scen	66	576	32	1013	3	0.57	6.57	NO SOLUTION	5388	797	140934	34291
empty24-1.scen	66	576	32	1013	4	2.35	10.37	NO SOLUTION	6516	1419	205315	54349
empty24-1.scen	66	576	32	1013	5	1.9	11.03	NO SOLUTION	6441	933	271015	75634
empty24-1.scen	66	576	32	1013	6	5.55	16.97	NO SOLUTION	7566	2019	350437	100864
empty24-1.scen	66	576	32	1013	7	5.2	18.03	NO SOLUTION	8424	1720	431436	127377
empty24-1.scen	66	576	32	1013	8	7.72	22.34	NO SOLUTION	55345	1894	525867	157051
empty24-1.scen	66	576	32	1013	9	17.74	27.32	OK	46254	3676	621925	187944
empty24-1.scen	67	576	32	1040	0	0	1.73	NO SOLUTION	0	1	18960	0
empty24-1.scen	67	576	32	1040	1	0.02	2.11	NO SOLUTION	200	124	44475	7270
empty24-1.scen	67	576	32	1040	2	0.16	5.51	NO SOLUTION	4390	378	94423	20388
empty24-1.scen	67	576	32	1040	3	0.49	6.65	NO SOLUTION	4618	581	146509	35784
empty24-1.scen	67	576	32	1040	4	1.62	9.89	NO SOLUTION	6762	1141	212951	56452
empty24-1.scen	67	576	32	1040	5	2.44	11.82	NO SOLUTION	7579	1208	280776	78362
empty24-1.scen	67	576	32	1040	6	5.97	17.71	NO SOLUTION	40063	2029	362611	104364
empty24-1.scen	67	576	32	1040	7	8.41	21.74	NO SOLUTION	8753	2635	446004	131700
empty24-1.scen	67	576	32	1040	8	5.18	20.29	NO SOLUTION	28056	1447	542996	162238
empty24-1.scen	67	576	32	1040	9	15.65	25.51	OK	10475	3386	641542	193963
empty24-1.scen	68	576	32	1068	0	0	1.77	NO SOLUTION	0	1	19700	0
empty24-1.scen	68	576	32	1068	1	0.02	2.22	NO SOLUTION	197	125	46514	7600
empty24-1.scen	68	576	32	1068	2	0.17	5.68	NO SOLUTION	3942	403	98086	21253
empty24-1.scen	68	576	32	1068	3	0.43	6.78	NO SOLUTION	4554	465	151958	37391
empty24-1.scen	68	576	32	1068	4	2.46	10.99	NO SOLUTION	7650	1440	220400	58716
empty24-1.scen	68	576	32	1068	5	2.19	11.77	NO SOLUTION	6581	1130	290137	81418
empty24-1.scen	68	576	32	1068	6	5.96	18.15	NO SOLUTION	11817	2186	374298	108142
empty24-1.scen	68	576	32	1068	7	4.51	18.15	NO SOLUTION	8654	1584	459941	136246
empty24-1.scen	68	576	32	1068	8	6.93	22.49	NO SOLUTION	66109	1688	559502	167592
empty24-1.scen	68	576	32	1068	9	16.09	26.2	OK	13324	3179	660619	200061
empty24-1.scen	69	576	32	1090	0	0	1.79	NO SOLUTION	0	1	19868	0
empty24-1.scen	69	576	32	1090	1	0.02	2.27	NO SOLUTION	184	120	46886	7486
empty24-1.scen	69	576	32	1090	2	0.29	5.87	NO SOLUTION	5801	475	99006	21407
empty24-1.scen	69	576	32	1090	3	1.62	8.06	NO SOLUTION	7381	1384	153441	37738
empty24-1.scen	69	576	32	1090	4	7.75	16.32	NO SOLUTION	12730	3409	222757	59264
empty24-1.scen	69	576	32	1090	5	13.63	23.29	NO SOLUTION	13965	4892	293402	82248
empty24-1.scen	69	576	32	1090	6	24.44	36.79	NO SOLUTION	16422	6105	378759	109283
empty24-1.scen	69	576	32	1090	7	59.12	72.9	NO SOLUTION	116503	12247	465658	137734
empty24-1.scen	69	576	32	1090	8	68.75	84.7	NO SOLUTION	201697	11843	566752	169478
