empty08-4.scen	1	64	7	7	0	0	0.01	OK	2	0	44	5
empty08-4.scen	2	64	7	10	0	0	0.01	OK	4	0	60	6
empty08-4.scen	3	64	7	15	0	0	0.01	OK	7	0	98	9
empty08-4.scen	4	64	7	18	0	0	0.01	OK	10	0	114	10
empty08-4.scen	5	64	8	26	0	0	0.01	NO SOLUTION	1	2	225	15
empty08-4.scen	5	64	8	26	1	0	0.01	OK	22	2	478	89
empty08-4.scen	6	64	8	32	0	0	0.01	NO SOLUTION	1	2	262	19
empty08-4.scen	6	64	8	32	1	0	0.02	OK	23	2	570	109
empty08-4.scen	7	64	8	33	0	0	0.01	NO SOLUTION	1	2	263	19
empty08-4.scen	7	64	8	33	1	0	0.02	OK	23	2	578	110
empty08-4.scen	8	64	8	37	0	0	0.01	NO SOLUTION	1	2	286	19
empty08-4.scen	8	64	8	37	1	0	0.02	OK	20	0	633	119
empty08-4.scen	9	64	8	44	0	0	0.02	NO SOLUTION	1	2	369	24
empty08-4.scen	9	64	8	44	1	0	0.02	OK	44	3	799	150
empty08-4.scen	10	64	8	52	0	0	0.02	NO SOLUTION	1	2	471	33
empty08-4.scen	10	64	8	52	1	0	0.02	OK	59	3	990	195
empty08-4.scen	11	64	8	56	0	0	0.02	NO SOLUTION	1	2	498	35
empty08-4.scen	11	64	8	56	1	0	0.02	OK	77	4	1054	208
empty08-4.scen	12	64	8	59	0	0	0.02	NO SOLUTION	1	2	514	36
empty08-4.scen	12	64	8	59	1	0	0.02	OK	74	2	1101	215
empty08-4.scen	13	64	8	62	0	0	0.02	NO SOLUTION	1	2	530	37
empty08-4.scen	13	64	8	62	1	0	0.03	OK	78	2	1142	221
empty08-4.scen	14	64	8	66	0	0	0.02	NO SOLUTION	1	2	557	39
empty08-4.scen	14	64	8	66	1	0	0.03	OK	80	2	1209	235
empty08-4.scen	15	64	8	71	0	0	0.02	NO SOLUTION	1	2	588	42
empty08-4.scen	15	64	8	71	1	0	0.03	OK	85	2	1282	250
empty08-4.scen	16	64	8	79	0	0	0.02	NO SOLUTION	1	2	660	48
empty08-4.scen	16	64	8	79	1	0	0.03	OK	98	2	1465	291
empty08-4.scen	17	64	8	80	0	0	0.02	NO SOLUTION	1	2	654	36
empty08-4.scen	17	64	8	80	1	0	0.03	OK	71	9	1473	283
empty08-4.scen	18	64	8	85	0	0	0.02	NO SOLUTION	1	2	694	39
empty08-4.scen	18	64	8	85	1	0	0.03	OK	105	9	1576	305
empty08-4.scen	19	64	9	94	0	0	0.03	NO SOLUTION	1	2	776	46
empty08-4.scen	19	64	9	94	1	0	0.04	OK	103	10	1770	343
empty08-4.scen	20	64	9	101	0	0	0.03	NO SOLUTION	1	2	860	47
empty08-4.scen	20	64	9	101	1	0	0.04	OK	91	15	1942	371
empty08-4.scen	21	64	9	109	0	0	0.03	NO SOLUTION	1	2	953	53
empty08-4.scen	21	64	9	109	1	0	0.04	NO SOLUTION	50	21	2156	420
empty08-4.scen	21	64	9	109	2	0	0.08	OK	221	42	5322	1474
empty08-4.scen	22	64	9	118	0	0	0.03	NO SOLUTION	2	2	1113	59
empty08-4.scen	22	64	9	118	1	0	0.05	NO SOLUTION	35	17	2425	490
empty08-4.scen	22	64	9	118	2	0.01	0.08	NO SOLUTION	218	96	5843	1660
empty08-4.scen	22	64	9	118	3	0.01	0.11	OK	447	144	9471	2818
empty08-4.scen	23	64	11	129	0	0	0.05	NO SOLUTION	3	2	1355	68
empty08-4.scen	23	64	11	129	1	0	0.06	NO SOLUTION	48	29	2781	551
empty08-4.scen	23	64	11	129	2	0.01	0.11	NO SOLUTION	289	107	6580	1833
empty08-4.scen	23	64	11	129	3	0.01	0.14	OK	452	148	10586	3116
empty08-4.scen	24	64	11	133	0	0	0.05	NO SOLUTION	0	1	1378	117
empty08-4.scen	24	64	11	133	1	0	0.07	NO SOLUTION	7	6	2836	215
empty08-4.scen	24	64	11	133	2	0.01	0.11	NO SOLUTION	405	94	6737	1782
empty08-4.scen	24	64	11	133	3	0.01	0.15	OK	745	143	10852	3085
empty08-4.scen	25	64	11	142	0	0	0.05	NO SOLUTION	0	1	1505	129
empty08-4.scen	25	64	11	142	1	0	0.07	NO SOLUTION	2	3	3067	225
empty08-4.scen	25	64	11	142	2	0	0.12	NO SOLUTION	334	68	7240	1886
empty08-4.scen	25	64	11	142	3	0.01	0.15	OK	623	143	11608	3246
empty08-4.scen	26	64	11	144	0	0	0.05	NO SOLUTION	0	1	1487	118
empty08-4.scen	26	64	11	144	1	0	0.07	NO SOLUTION	0	1	3083	694
empty08-4.scen	26	64	11	144	2	0	0.12	NO SOLUTION	193	32	7305	1767
empty08-4.scen	26	64	11	144	3	0.01	0.15	NO SOLUTION	192	70	11733	3078
empty08-4.scen	26	64	11	144	4	0.05	0.25	NO SOLUTION	615	323	17704	4938
empty08-4.scen	26	64	11	144	5	0.18	0.43	NO SOLUTION	1647	984	23864	6907
empty08-4.scen	26	64	11	144	6	0.67	0.99	NO SOLUTION	4589	2507	31398	9254
empty08-4.scen	26	64	11	144	7	0.85	1.23	OK	5377	2920	39151	11744
empty08-4.scen	27	64	11	150	0	0	0.05	NO SOLUTION	0	1	1520	119
empty08-4.scen	27	64	11	150	1	0	0.07	NO SOLUTION	0	1	3174	714
empty08-4.scen	27	64	11	150	2	0	0.12	NO SOLUTION	144	25	7531	1783
empty08-4.scen	27	64	11	150	3	0	0.15	NO SOLUTION	110	27	12099	3110
empty08-4.scen	27	64	11	150	4	0.03	0.24	NO SOLUTION	506	203	18228	5022
empty08-4.scen	27	64	11	150	5	0.06	0.32	NO SOLUTION	740	356	24561	7023
empty08-4.scen	27	64	11	150	6	0.21	0.54	NO SOLUTION	1840	921	32296	9409
empty08-4.scen	27	64	11	150	7	0.63	1.02	NO SOLUTION	3789	1962	40279	11927
empty08-4.scen	27	64	11	150	8	1.82	2.29	NO SOLUTION	8096	4497	49386	14747
empty08-4.scen	27	64	11	150	9	2.61	3.14	OK	10363	5613	58697	17731
empty08-4.scen	28	64	11	154	0	0	0.06	NO SOLUTION	0	1	1546	122
empty08-4.scen	28	64	11	154	1	0	0.07	NO SOLUTION	0	1	3240	732
empty08-4.scen	28	64	11	154	2	0	0.12	NO SOLUTION	121	22	7700	1765
empty08-4.scen	28	64	11	154	3	0	0.16	NO SOLUTION	113	29	12380	3099
empty08-4.scen	28	64	11	154	4	0.02	0.24	NO SOLUTION	391	172	18703	5030
empty08-4.scen	28	64	11	154	5	0.07	0.34	NO SOLUTION	920	431	25244	7083
empty08-4.scen	28	64	11	154	6	0.22	0.57	NO SOLUTION	2157	1040	33274	9523
empty08-4.scen	28	64	11	154	7	0.54	0.95	NO SOLUTION	3801	2017	41572	12126
empty08-4.scen	28	64	11	154	8	1.79	2.29	NO SOLUTION	10515	5433	51052	15038
empty08-4.scen	28	64	11	154	9	4.26	4.82	NO SOLUTION	16192	9318	60744	18133
empty08-4.scen	28	64	11	154	10	8.73	9.4	NO SOLUTION	24335	14911	71273	21436
empty08-4.scen	28	64	11	154	11	21.97	22.71	NO SOLUTION	72689	27506	81958	24879
empty08-4.scen	28	64	11	154	12	20.63	21.46	OK	62285	24427	93216	28478
empty08-4.scen	29	64	11	160	0	0	0.06	NO SOLUTION	0	1	1605	127
empty08-4.scen	29	64	11	160	1	0	0.08	NO SOLUTION	0	1	3375	768
empty08-4.scen	29	64	11	160	2	0	0.13	NO SOLUTION	88	14	8013	1839
empty08-4.scen	29	64	11	160	3	0	0.16	NO SOLUTION	107	26	12846	3238
empty08-4.scen	29	64	11	160	4	0.01	0.24	NO SOLUTION	286	133	19405	5204
empty08-4.scen	29	64	11	160	5	0.07	0.35	NO SOLUTION	1109	406	26199	7316
empty08-4.scen	29	64	11	160	6	0.25	0.62	NO SOLUTION	2509	1098	34545	9828
empty08-4.scen	29	64	11	160	7	0.74	1.17	NO SOLUTION	4873	2443	43162	12521
empty08-4.scen	29	64	11	160	8	1.68	2.2	NO SOLUTION	8192	4518	53010	15534
empty08-4.scen	29	64	11	160	9	3.81	4.4	NO SOLUTION	14077	7915	63078	18738
empty08-4.scen	29	64	11	160	10	10.49	11.18	NO SOLUTION	28234	16657	74012	22160
empty08-4.scen	29	64	11	160	11	19.24	20.02	NO SOLUTION	70038	25654	85106	25728
empty08-4.scen	29	64	11	160	12	36.3	37.17	NO SOLUTION	109217	38513	96785	29456
empty08-4.scen	29	64	11	160	13	69.04	70	NO SOLUTION	220595	64273	108564	33277
empty08-4.scen	29	64	11	160	14	128.65	129.71	OK	653471	96219	120663	37188
empty08-4.scen	30	64	11	161	0	0	0.06	NO SOLUTION	0	1	1432	0
empty08-4.scen	30	64	11	161	1	0	0.08	NO SOLUTION	0	1	3384	770
empty08-4.scen	30	64	11	161	2	0	0.13	NO SOLUTION	0	1	8063	2567
empty08-4.scen	30	64	11	161	3	0	0.17	NO SOLUTION	28	9	12940	3075
empty08-4.scen	30	64	11	161	4	0.02	0.28	NO SOLUTION	273	146	19588	5067
empty08-4.scen	30	64	11	161	5	0.05	0.34	NO SOLUTION	769	345	26483	7163
empty08-4.scen	30	64	11	161	6	0.15	0.53	NO SOLUTION	1260	629	34987	9701
empty08-4.scen	30	64	11	161	7	0.67	1.11	NO SOLUTION	3973	2270	43776	12428
empty08-4.scen	30	64	11	161	8	0.99	1.53	NO SOLUTION	4510	2418	53858	15494
empty08-4.scen	30	64	11	161	9	2.41	3.04	NO SOLUTION	7566	4547	64173	18767
empty08-4.scen	30	64	11	161	10	3.5	4.21	NO SOLUTION	10266	5970	75407	22270
empty08-4.scen	30	64	11	161	11	5.76	6.57	NO SOLUTION	22077	7510	86811	25926
empty08-4.scen	30	64	11	161	12	9.87	10.78	NO SOLUTION	59197	11536	98843	29754
empty08-4.scen	30	64	11	161	13	25.78	26.77	NO SOLUTION	61903	25632	110982	33682
empty08-4.scen	30	64	11	161	14	32.58	33.68	NO SOLUTION	86160	28944	123471	37707
empty08-4.scen	30	64	11	161	15	74.31	75.5	NO SOLUTION	146168	55830	136015	41788
empty08-4.scen	30	64	11	161	16	108.84	110.18	NO SOLUTION	222112	80046	148745	45916
