empty08-4.scen	1	64	7	7	0	0	0.01	OK	2	1	44	5
empty08-4.scen	2	64	7	10	0	0	0.01	OK	4	1	60	6
empty08-4.scen	3	64	7	15	0	0	0.01	OK	7	1	98	9
empty08-4.scen	4	64	7	18	0	0	0.01	OK	10	1	114	10
empty08-4.scen	5	64	8	26	0	0	0.01	NO SOLUTION	1	2	225	15
empty08-4.scen	5	64	8	26	1	0	0.02	OK	22	4	482	89
empty08-4.scen	6	64	8	32	0	0	0.01	NO SOLUTION	1	2	262	19
empty08-4.scen	6	64	8	32	1	0	0.02	OK	21	4	575	109
empty08-4.scen	7	64	8	33	0	0	0.01	NO SOLUTION	1	2	263	19
empty08-4.scen	7	64	8	33	1	0	0.02	OK	21	4	584	110
empty08-4.scen	8	64	8	37	0	0	0.01	NO SOLUTION	1	2	286	19
empty08-4.scen	8	64	8	37	1	0	0.02	OK	52	5	640	119
empty08-4.scen	9	64	8	44	0	0	0.02	NO SOLUTION	1	2	369	24
empty08-4.scen	9	64	8	44	1	0	0.02	OK	84	6	807	150
empty08-4.scen	10	64	8	52	0	0	0.02	NO SOLUTION	2	2	471	33
empty08-4.scen	10	64	8	52	1	0	0.02	OK	91	6	999	195
empty08-4.scen	11	64	8	56	0	0	0.02	NO SOLUTION	2	2	498	35
empty08-4.scen	11	64	8	56	1	0	0.02	OK	91	5	1064	208
empty08-4.scen	12	64	8	59	0	0	0.02	NO SOLUTION	2	2	514	36
empty08-4.scen	12	64	8	59	1	0	0.03	OK	82	5	1112	215
empty08-4.scen	13	64	8	62	0	0	0.02	NO SOLUTION	2	2	530	37
empty08-4.scen	13	64	8	62	1	0	0.03	OK	88	5	1154	221
empty08-4.scen	14	64	8	66	0	0	0.02	NO SOLUTION	2	2	557	39
empty08-4.scen	14	64	8	66	1	0	0.03	OK	102	5	1222	235
empty08-4.scen	15	64	8	71	0	0	0.02	NO SOLUTION	2	2	588	42
empty08-4.scen	15	64	8	71	1	0	0.03	OK	110	5	1296	250
empty08-4.scen	16	64	8	79	0	0	0.02	NO SOLUTION	2	2	660	48
empty08-4.scen	16	64	8	79	1	0	0.03	OK	121	5	1480	291
empty08-4.scen	17	64	8	80	0	0	0.03	NO SOLUTION	1	2	654	36
empty08-4.scen	17	64	8	80	1	0	0.03	OK	113	6	1489	283
empty08-4.scen	18	64	8	85	0	0	0.03	NO SOLUTION	1	2	694	39
empty08-4.scen	18	64	8	85	1	0	0.03	OK	79	5	1593	305
empty08-4.scen	19	64	9	94	0	0	0.03	NO SOLUTION	1	2	776	46
empty08-4.scen	19	64	9	94	1	0	0.04	OK	107	6	1788	343
empty08-4.scen	20	64	9	101	0	0	0.03	NO SOLUTION	1	2	860	47
empty08-4.scen	20	64	9	101	1	0	0.04	OK	92	8	1961	371
empty08-4.scen	21	64	9	109	0	0	0.03	NO SOLUTION	1	2	953	53
empty08-4.scen	21	64	9	109	1	0	0.07	NO SOLUTION	93	31	2176	420
empty08-4.scen	21	64	9	109	2	0	0.08	OK	211	42	5362	1474
empty08-4.scen	22	64	9	118	0	0	0.03	NO SOLUTION	1	2	1113	59
empty08-4.scen	22	64	9	118	1	0	0.08	NO SOLUTION	174	98	2446	490
empty08-4.scen	22	64	9	118	2	0.01	0.13	NO SOLUTION	159	69	5885	1660
empty08-4.scen	22	64	9	118	3	0.01	0.11	OK	227	73	9534	2818
empty08-4.scen	23	64	11	129	0	0	0.05	NO SOLUTION	1	2	1355	68
empty08-4.scen	23	64	11	129	1	0	0.1	NO SOLUTION	162	68	2803	551
empty08-4.scen	23	64	11	129	2	0.01	0.18	NO SOLUTION	272	102	6624	1833
empty08-4.scen	23	64	11	129	3	0.01	0.14	OK	250	96	10652	3116
empty08-4.scen	24	64	11	133	0	0	0.05	NO SOLUTION	0	1	1378	0
empty08-4.scen	24	64	11	133	1	0	0.11	NO SOLUTION	160	25	2859	507
empty08-4.scen	24	64	11	133	2	0	0.18	NO SOLUTION	267	49	6783	1782
empty08-4.scen	24	64	11	133	3	0.01	0.14	OK	312	89	10921	3085
empty08-4.scen	25	64	11	142	0	0	0.05	NO SOLUTION	0	1	1505	0
empty08-4.scen	25	64	11	142	1	0	0.12	NO SOLUTION	172	54	3091	540
empty08-4.scen	25	64	11	142	2	0.01	0.19	NO SOLUTION	204	63	7288	1886
empty08-4.scen	25	64	11	142	3	0.01	0.15	OK	224	69	11680	3246
empty08-4.scen	26	64	11	144	0	0	0.05	NO SOLUTION	0	1	1487	0
empty08-4.scen	26	64	11	144	1	0	0.07	NO SOLUTION	12	26	3108	461
empty08-4.scen	26	64	11	144	2	0.01	0.2	NO SOLUTION	307	110	7355	1767
empty08-4.scen	26	64	11	144	3	0.03	0.27	NO SOLUTION	591	332	11808	3078
empty08-4.scen	26	64	11	144	4	0.09	0.43	NO SOLUTION	946	537	17804	4938
empty08-4.scen	26	64	11	144	5	0.18	0.59	NO SOLUTION	1056	626	23989	6907
empty08-4.scen	26	64	11	144	6	0.47	0.99	NO SOLUTION	1794	1172	31548	9254
empty08-4.scen	26	64	11	144	7	0.85	1.22	OK	2564	1670	39326	11744
empty08-4.scen	27	64	11	150	0	0	0.05	NO SOLUTION	0	1	1520	0
empty08-4.scen	27	64	11	150	1	0	0.07	NO SOLUTION	0	1	3200	0
empty08-4.scen	27	64	11	150	2	0.01	0.21	NO SOLUTION	341	126	7583	1783
empty08-4.scen	27	64	11	150	3	0.03	0.28	NO SOLUTION	577	296	12177	3110
empty08-4.scen	27	64	11	150	4	0.18	0.53	NO SOLUTION	1455	879	18332	5022
empty08-4.scen	27	64	11	150	5	0.4	0.81	NO SOLUTION	1760	1213	24691	7023
empty08-4.scen	27	64	11	150	6	1.54	2.09	NO SOLUTION	4747	3313	32452	9409
empty08-4.scen	27	64	11	150	7	2.39	3.02	NO SOLUTION	5065	3807	40461	11927
empty08-4.scen	27	64	11	150	8	3.28	4.05	NO SOLUTION	5609	4020	49594	14747
empty08-4.scen	27	64	11	150	9	3.89	4.41	OK	5501	4103	58931	17731
empty08-4.scen	28	64	11	154	0	0	0.06	NO SOLUTION	0	1	1546	0
empty08-4.scen	28	64	11	154	1	0	0.07	NO SOLUTION	0	1	3267	0
empty08-4.scen	28	64	11	154	2	0.04	0.26	NO SOLUTION	747	504	7754	1765
empty08-4.scen	28	64	11	154	3	0.49	0.77	OK	4394	3246	24922	6198
empty08-4.scen	29	64	11	160	0	0	0.06	NO SOLUTION	0	1	1605	0
empty08-4.scen	29	64	11	160	1	0	0.08	NO SOLUTION	0	1	3403	0
empty08-4.scen	29	64	11	160	2	0.14	0.39	NO SOLUTION	2180	1633	8069	1839
empty08-4.scen	29	64	11	160	3	0.77	1.06	NO SOLUTION	5988	4827	12930	3238
empty08-4.scen	29	64	11	160	4	4.78	5.21	OK	21366	16570	39034	10408
empty08-4.scen	30	64	11	161	0	0	0.06	NO SOLUTION	0	1	1432	0
empty08-4.scen	30	64	11	161	1	0	0.08	NO SOLUTION	0	1	3413	0
empty08-4.scen	30	64	11	161	2	0	0.14	NO SOLUTION	70	61	8121	1610
empty08-4.scen	30	64	11	161	3	0.05	0.55	NO SOLUTION	994	578	13027	3075
empty08-4.scen	30	64	11	161	4	3.46	3.99	NO SOLUTION	16766	13806	19704	5067
empty08-4.scen	30	64	11	161	5	7.08	7.62	NO SOLUTION	24033	19206	26628	7163
empty08-4.scen	30	64	11	161	6	17.76	18.44	NO SOLUTION	38604	30267	35161	9701
empty08-4.scen	30	64	11	161	7	42.64	43.41	NO SOLUTION	64367	51478	43979	12428
empty08-4.scen	30	64	11	161	8	73.54	74.47	NO SOLUTION	82176	62908	54090	15494
