empty16-4.scen	1	256	7	7	0	0	0.02	OK	2	1	44	5
empty16-4.scen	2	256	8	15	0	0	0.02	OK	10	1	127	20
empty16-4.scen	3	256	8	22	0	0	0.02	OK	10	1	189	19
empty16-4.scen	4	256	10	32	0	0	0.02	OK	23	1	287	48
empty16-4.scen	5	256	23	55	0	0	0.05	OK	35	1	1540	71
empty16-4.scen	6	256	23	70	0	0	0.06	OK	42	1	1963	94
empty16-4.scen	7	256	23	79	0	0	0.08	OK	41	1	2022	100
empty16-4.scen	8	256	23	89	0	0	0.07	OK	61	1	2212	113
empty16-4.scen	9	256	23	100	0	0	0.08	OK	61	1	2388	128
empty16-4.scen	10	256	23	107	0	0	0.09	OK	62	1	2448	133
empty16-4.scen	11	256	23	118	0	0	0.09	OK	70	1	2520	142
empty16-4.scen	12	256	23	124	0	0	0.1	OK	65	1	2557	146
empty16-4.scen	13	256	23	132	0	0	0.1	OK	68	1	2610	145
empty16-4.scen	14	256	23	147	0	0	0.11	OK	68	1	2624	145
empty16-4.scen	15	256	23	154	0	0	0.12	OK	73	1	2684	150
empty16-4.scen	16	256	23	169	0	0	0.13	OK	92	1	3165	172
empty16-4.scen	17	256	23	179	0	0	0.14	OK	83	1	3259	180
empty16-4.scen	18	256	23	195	0	0	0.16	OK	105	1	3791	204
empty16-4.scen	19	256	23	207	0	0	0.17	OK	102	1	3988	215
empty16-4.scen	20	256	23	223	0	0	0.17	OK	108	1	4156	229
empty16-4.scen	21	256	23	229	0	0	0.18	NO SOLUTION	6	3	4221	232
empty16-4.scen	21	256	23	229	1	0	0.24	OK	132	5	11451	832
empty16-4.scen	22	256	23	236	0	0	0.19	NO SOLUTION	7	3	4301	239
empty16-4.scen	22	256	23	236	1	0	0.25	OK	130	5	11724	853
empty16-4.scen	23	256	23	249	0	0	0.21	NO SOLUTION	7	3	4629	257
empty16-4.scen	23	256	23	249	1	0	0.27	OK	140	5	12681	922
empty16-4.scen	24	256	23	262	0	0	0.21	NO SOLUTION	7	3	4641	256
empty16-4.scen	24	256	23	262	1	0	0.27	OK	148	5	12771	923
empty16-4.scen	25	256	23	282	0	0	0.24	NO SOLUTION	9	3	5459	289
empty16-4.scen	25	256	23	282	1	0	0.29	OK	151	5	14776	1050
empty16-4.scen	26	256	23	291	0	0	0.25	NO SOLUTION	17	3	5636	301
empty16-4.scen	26	256	23	291	1	0	0.31	OK	162	5	15270	1093
empty16-4.scen	27	256	23	301	0	0	0.26	NO SOLUTION	28	4	5815	314
empty16-4.scen	27	256	23	301	1	0	0.31	OK	169	5	15812	1139
empty16-4.scen	28	256	23	319	0	0	0.27	NO SOLUTION	0	1	6243	0
empty16-4.scen	28	256	23	319	1	0	0.55	NO SOLUTION	205	9	17072	1234
empty16-4.scen	28	256	23	319	2	0.01	0.53	OK	589	32	21377	4981
empty16-4.scen	29	256	23	330	0	0	0.26	NO SOLUTION	0	1	4199	0
empty16-4.scen	29	256	23	330	1	0	0.34	NO SOLUTION	0	1	17716	0
empty16-4.scen	29	256	23	330	2	0.01	0.92	NO SOLUTION	620	36	22195	5189
empty16-4.scen	29	256	23	330	3	0.01	1.08	NO SOLUTION	620	35	35456	9357
empty16-4.scen	29	256	23	330	4	0.02	0.94	OK	872	42	53328	15172
empty16-4.scen	30	256	23	345	0	0	0.28	NO SOLUTION	0	1	4457	0
empty16-4.scen	30	256	23	345	1	0	0.36	NO SOLUTION	0	1	18842	0
empty16-4.scen	30	256	23	345	2	0.01	0.96	NO SOLUTION	587	36	23540	5476
empty16-4.scen	30	256	23	345	3	0.01	1.15	NO SOLUTION	676	37	37511	9896
empty16-4.scen	30	256	23	345	4	0.02	0.97	OK	716	40	56068	16034
empty16-4.scen	31	256	23	359	0	0	0.29	NO SOLUTION	0	1	4732	0
empty16-4.scen	31	256	23	359	1	0	0.38	NO SOLUTION	0	1	19945	0
empty16-4.scen	31	256	23	359	2	0.01	0.99	NO SOLUTION	657	35	24737	5805
empty16-4.scen	31	256	23	359	3	0.02	1.19	NO SOLUTION	601	37	39295	10460
empty16-4.scen	31	256	23	359	4	0.02	1.03	OK	723	40	58602	16845
empty16-4.scen	32	256	23	371	0	0	0.3	NO SOLUTION	0	1	4821	0
empty16-4.scen	32	256	23	371	1	0	0.39	NO SOLUTION	0	1	20150	0
empty16-4.scen	32	256	23	371	2	0.01	1.04	NO SOLUTION	644	38	25246	5866
empty16-4.scen	32	256	23	371	3	0.02	1.23	NO SOLUTION	614	39	40129	10570
empty16-4.scen	32	256	23	371	4	0.02	1.04	OK	698	40	59929	17063
empty16-4.scen	33	256	23	389	0	0	0.31	NO SOLUTION	0	1	5145	0
empty16-4.scen	33	256	23	389	1	0	0.41	NO SOLUTION	0	1	21593	0
empty16-4.scen	33	256	23	389	2	0.01	1.07	NO SOLUTION	770	36	26900	6227
empty16-4.scen	33	256	23	389	3	0.02	1.28	NO SOLUTION	743	42	42744	11223
empty16-4.scen	33	256	23	389	4	0.03	1.1	OK	722	36	63704	18132
empty16-4.scen	34	256	24	413	0	0	0.35	NO SOLUTION	0	1	5773	0
empty16-4.scen	34	256	24	413	1	0	0.46	NO SOLUTION	0	1	13385	0
empty16-4.scen	34	256	24	413	2	0.01	1.22	NO SOLUTION	673	36	29839	6711
empty16-4.scen	34	256	24	413	3	0.02	1.45	NO SOLUTION	631	38	47183	12120
empty16-4.scen	34	256	24	413	4	0.03	1.21	OK	724	41	69794	19597
empty16-4.scen	35	256	24	416	0	0	0.36	NO SOLUTION	0	1	5776	0
empty16-4.scen	35	256	24	416	1	0	0.47	NO SOLUTION	0	1	13406	0
empty16-4.scen	35	256	24	416	2	0.01	1.26	NO SOLUTION	642	35	29941	6644
empty16-4.scen	35	256	24	416	3	0.02	1.47	NO SOLUTION	637	38	47376	11993
empty16-4.scen	35	256	24	416	4	0.03	1.21	OK	735	41	70167	19445
empty16-4.scen	36	256	24	427	0	0	0.37	NO SOLUTION	0	1	5907	0
empty16-4.scen	36	256	24	427	1	0	0.48	NO SOLUTION	0	1	13721	0
empty16-4.scen	36	256	24	427	2	0.01	1.29	NO SOLUTION	964	47	30644	6868
empty16-4.scen	36	256	24	427	3	0.02	1.52	NO SOLUTION	693	42	48511	12377
empty16-4.scen	36	256	24	427	4	0.03	1.26	OK	730	40	71810	20046
empty16-4.scen	37	256	24	442	0	0	0.38	NO SOLUTION	0	1	6008	0
empty16-4.scen	37	256	24	442	1	0	0.5	NO SOLUTION	0	1	13960	0
empty16-4.scen	37	256	24	442	2	0.02	1.34	NO SOLUTION	1221	59	31321	7015
empty16-4.scen	37	256	24	442	3	0.03	1.59	NO SOLUTION	1165	76	49572	12674
empty16-4.scen	37	256	24	442	4	0.04	2.16	NO SOLUTION	1032	53	73471	20546
empty16-4.scen	37	256	24	442	5	0.06	1.54	OK	1149	77	97839	28667
empty16-4.scen	38	256	24	451	0	0	0.39	NO SOLUTION	0	1	6114	0
empty16-4.scen	38	256	24	451	1	0	0.5	NO SOLUTION	0	1	14205	0
empty16-4.scen	38	256	24	451	2	0.02	1.37	NO SOLUTION	1113	60	31939	7161
empty16-4.scen	38	256	24	451	3	0.03	1.63	NO SOLUTION	1045	72	50560	12933
empty16-4.scen	38	256	24	451	4	0.04	2.24	NO SOLUTION	1048	61	74893	20980
empty16-4.scen	38	256	24	451	5	0.06	1.58	OK	1108	72	99699	29258
empty16-4.scen	39	256	24	465	0	0	0.41	NO SOLUTION	0	1	6366	0
empty16-4.scen	39	256	24	465	1	0	0.52	NO SOLUTION	0	1	14808	0
empty16-4.scen	39	256	24	465	2	0.02	1.43	NO SOLUTION	1175	64	33171	7279
empty16-4.scen	39	256	24	465	3	0.04	1.69	NO SOLUTION	1201	79	52402	13149
empty16-4.scen	39	256	24	465	4	0.05	2.32	NO SOLUTION	1012	61	77495	21424
empty16-4.scen	39	256	24	465	5	0.07	2.71	NO SOLUTION	1273	87	102988	29946
empty16-4.scen	39	256	24	465	6	0.13	3.32	NO SOLUTION	1365	74	133644	40004
empty16-4.scen	39	256	24	465	7	0.16	2.29	OK	1009	75	164875	50334
empty16-4.scen	40	256	24	469	0	0	0.42	NO SOLUTION	0	1	6389	0
empty16-4.scen	40	256	24	469	1	0	0.54	NO SOLUTION	0	1	14864	0
empty16-4.scen	40	256	24	469	2	0.02	1.45	NO SOLUTION	1395	69	33317	7301
empty16-4.scen	40	256	24	469	3	0.04	1.72	NO SOLUTION	1482	83	52654	13193
empty16-4.scen	40	256	24	469	4	0.05	2.36	NO SOLUTION	1033	70	77913	21494
empty16-4.scen	40	256	24	469	5	0.08	2.76	NO SOLUTION	1259	82	103577	30066
empty16-4.scen	40	256	24	469	6	0.19	3.46	NO SOLUTION	1616	164	134457	40182
empty16-4.scen	40	256	24	469	7	0.29	3.98	NO SOLUTION	1606	144	165920	50546
empty16-4.scen	40	256	24	469	8	0.36	3.08	OK	1781	167	202328	62077
empty16-4.scen	41	256	24	477	0	0	0.44	NO SOLUTION	0	1	6440	0
empty16-4.scen	41	256	24	477	1	0	0.56	NO SOLUTION	0	1	14980	0
empty16-4.scen	41	256	24	477	2	0.03	1.48	NO SOLUTION	1321	72	33648	7390
empty16-4.scen	41	256	24	477	3	0.04	1.77	NO SOLUTION	1435	85	53202	13372
empty16-4.scen	41	256	24	477	4	0.06	2.41	NO SOLUTION	1194	71	78770	21772
empty16-4.scen	41	256	24	477	5	0.08	2.8	NO SOLUTION	1205	82	104747	30439
empty16-4.scen	41	256	24	477	6	0.24	3.58	NO SOLUTION	1985	171	136028	40680
empty16-4.scen	41	256	24	477	7	0.18	3.95	NO SOLUTION	1608	104	167885	51195
empty16-4.scen	41	256	24	477	8	0.4	3.14	OK	1922	200	204749	62869
empty16-4.scen	42	256	24	484	0	0	0.45	NO SOLUTION	0	1	6486	0
empty16-4.scen	42	256	24	484	1	0	0.57	NO SOLUTION	0	1	15087	0
empty16-4.scen	42	256	24	484	2	0.03	1.51	NO SOLUTION	1358	81	33966	7472
empty16-4.scen	42	256	24	484	3	0.04	1.79	NO SOLUTION	1041	76	53731	13516
empty16-4.scen	42	256	24	484	4	0.06	2.46	NO SOLUTION	1220	82	79642	22024
empty16-4.scen	42	256	24	484	5	0.09	2.86	NO SOLUTION	1332	96	105982	30800
empty16-4.scen	42	256	24	484	6	0.12	3.53	NO SOLUTION	1429	79	137706	41189
empty16-4.scen	42	256	24	484	7	0.38	4.25	NO SOLUTION	1774	206	169999	51844
empty16-4.scen	42	256	24	484	8	0.6	3.4	OK	1615	296	207376	63646
empty16-4.scen	43	256	24	493	0	0	0.46	NO SOLUTION	0	1	6592	0
empty16-4.scen	43	256	24	493	1	0	0.58	NO SOLUTION	0	1	15333	0
empty16-4.scen	43	256	24	493	2	0.02	1.57	NO SOLUTION	1034	59	34504	7637
empty16-4.scen	43	256	24	493	3	0.04	1.83	NO SOLUTION	1203	73	54551	13825
empty16-4.scen	43	256	24	493	4	0.06	2.54	NO SOLUTION	1215	75	80823	22452
empty16-4.scen	43	256	24	493	5	0.09	2.94	NO SOLUTION	1355	99	107495	31365
empty16-4.scen	43	256	24	493	6	0.2	3.69	NO SOLUTION	1424	102	139627	41858
empty16-4.scen	43	256	24	493	7	0.42	4.33	NO SOLUTION	1494	200	172332	52641
empty16-4.scen	43	256	24	493	8	0.54	3.39	OK	1931	253	210192	64542
empty16-4.scen	44	256	24	511	0	0	0.48	NO SOLUTION	0	1	6923	0
empty16-4.scen	44	256	24	511	1	0	0.6	NO SOLUTION	0	1	16145	0
empty16-4.scen	44	256	24	511	2	0.03	1.62	NO SOLUTION	1362	62	36106	8089
empty16-4.scen	44	256	24	511	3	0.04	1.91	NO SOLUTION	1531	74	56947	14534
empty16-4.scen	44	256	24	511	4	0.06	2.64	NO SOLUTION	1338	75	84234	23396
empty16-4.scen	44	256	24	511	5	0.1	3.05	NO SOLUTION	1259	91	111940	32643
empty16-4.scen	44	256	24	511	6	0.31	3.98	NO SOLUTION	1930	189	145330	43445
empty16-4.scen	44	256	24	511	7	0.34	4.43	NO SOLUTION	1760	178	179279	54613
empty16-4.scen	44	256	24	511	8	0.58	3.57	OK	1816	282	218501	66883
empty16-4.scen	45	256	24	524	0	0	0.49	NO SOLUTION	0	1	7032	0
empty16-4.scen	45	256	24	524	1	0	0.61	NO SOLUTION	0	1	16376	0
empty16-4.scen	45	256	24	524	2	0.04	1.67	NO SOLUTION	1583	128	36659	8285
empty16-4.scen	45	256	24	524	3	0.04	1.97	NO SOLUTION	1511	78	57845	14831
empty16-4.scen	45	256	24	524	4	0.08	2.72	NO SOLUTION	1647	99	85668	23838
empty16-4.scen	45	256	24	524	5	0.11	3.12	NO SOLUTION	1397	99	113950	33257
empty16-4.scen	45	256	24	524	6	0.22	3.96	NO SOLUTION	1976	154	148096	44270
empty16-4.scen	45	256	24	524	7	0.48	4.65	NO SOLUTION	2175	281	182815	55678
empty16-4.scen	45	256	24	524	8	1.33	6.46	NO SOLUTION	2616	627	222970	68201
empty16-4.scen	45	256	24	524	9	1.22	4.61	OK	2079	419	263881	81166
empty16-4.scen	46	256	24	535	0	0	0.5	NO SOLUTION	0	1	7171	0
empty16-4.scen	46	256	24	535	1	0	0.63	NO SOLUTION	0	1	16694	0
empty16-4.scen	46	256	24	535	2	0.04	1.72	NO SOLUTION	1634	101	37392	8525
empty16-4.scen	46	256	24	535	3	0.06	2.03	NO SOLUTION	1696	110	58972	15203
empty16-4.scen	46	256	24	535	4	0.08	2.76	NO SOLUTION	1483	93	87320	24375
empty16-4.scen	46	256	24	535	5	0.11	3.22	NO SOLUTION	1825	100	116166	33936
empty16-4.scen	46	256	24	535	6	0.3	4.17	NO SOLUTION	2035	229	151058	45098
empty16-4.scen	46	256	24	535	7	1.23	5.56	NO SOLUTION	2360	561	186557	56693
empty16-4.scen	46	256	24	535	8	1.72	6.97	NO SOLUTION	2885	628	227678	69440
empty16-4.scen	46	256	24	535	9	1.37	4.86	OK	2423	491	269598	82657
empty16-4.scen	47	256	24	541	0	0	0.52	NO SOLUTION	0	1	7212	0
empty16-4.scen	47	256	24	541	1	0	0.64	NO SOLUTION	0	1	16793	0
empty16-4.scen	47	256	24	541	2	0.04	1.74	NO SOLUTION	1544	101	37642	8549
empty16-4.scen	47	256	24	541	3	0.06	2.07	NO SOLUTION	1439	135	59383	15203
empty16-4.scen	47	256	24	541	4	0.09	2.85	NO SOLUTION	1597	102	87991	24411
empty16-4.scen	47	256	24	541	5	0.17	3.34	NO SOLUTION	1706	144	117129	34026
empty16-4.scen	47	256	24	541	6	0.36	4.3	NO SOLUTION	1734	306	152448	45285
empty16-4.scen	47	256	24	541	7	0.45	4.86	NO SOLUTION	1756	259	188403	56986
empty16-4.scen	47	256	24	541	8	0.57	5.96	NO SOLUTION	1849	250	230136	69877
empty16-4.scen	47	256	24	541	9	1.56	5.09	OK	2358	553	272700	83258
empty16-4.scen	48	256	24	549	0	0	0.53	NO SOLUTION	0	1	7269	0
empty16-4.scen	48	256	24	549	1	0	0.65	NO SOLUTION	0	1	16920	0
empty16-4.scen	48	256	24	549	2	0.04	1.8	NO SOLUTION	1445	123	37973	8455
empty16-4.scen	48	256	24	549	3	0.05	2.12	NO SOLUTION	1336	127	59914	15101
empty16-4.scen	48	256	24	549	4	0.13	2.95	NO SOLUTION	1705	209	88828	24331
empty16-4.scen	48	256	24	549	5	0.2	3.42	NO SOLUTION	1748	181	118306	33991
empty16-4.scen	48	256	24	549	6	0.72	4.75	NO SOLUTION	2456	598	154072	45334
empty16-4.scen	48	256	24	549	7	0.87	5.37	NO SOLUTION	2556	632	190511	57149
empty16-4.scen	48	256	24	549	8	1.59	7.05	NO SOLUTION	3074	856	232860	70181
empty16-4.scen	48	256	24	549	9	2.9	8.95	NO SOLUTION	3516	1196	276070	83731
empty16-4.scen	48	256	24	549	10	6.63	13.8	NO SOLUTION	4419	2131	324750	98354
empty16-4.scen	48	256	24	549	11	7.28	11.92	OK	4557	2136	374321	113637
empty16-4.scen	49	256	24	564	0	0	0.54	NO SOLUTION	0	1	7529	0
empty16-4.scen	49	256	24	564	1	0	0.68	NO SOLUTION	0	1	17524	0
empty16-4.scen	49	256	24	564	2	0.05	1.84	NO SOLUTION	1580	143	39289	8772
empty16-4.scen	49	256	24	564	3	0.08	2.19	NO SOLUTION	1555	165	61931	15648
empty16-4.scen	49	256	24	564	4	0.18	3.05	NO SOLUTION	1871	323	91663	25110
empty16-4.scen	49	256	24	564	5	0.25	3.56	NO SOLUTION	2015	273	121956	35069
empty16-4.scen	49	256	24	564	6	0.61	4.75	NO SOLUTION	2372	476	158652	46708
empty16-4.scen	49	256	24	564	7	1.66	6.3	NO SOLUTION	3252	1015	196001	58798
empty16-4.scen	49	256	24	564	8	1.64	7.27	NO SOLUTION	3348	831	239374	72136
empty16-4.scen	49	256	24	564	9	3.88	10.1	NO SOLUTION	3775	1471	283631	85949
empty16-4.scen	49	256	24	564	10	6.88	14.25	NO SOLUTION	4264	1915	333455	100883
empty16-4.scen	49	256	24	564	11	9.01	13.78	OK	4758	2188	384216	116473
empty16-4.scen	50	256	24	573	0	0	0.55	NO SOLUTION	0	1	7657	0
empty16-4.scen	50	256	24	573	1	0	0.69	NO SOLUTION	0	1	17811	0
empty16-4.scen	50	256	24	573	2	0.1	1.95	NO SOLUTION	2025	339	39891	8906
empty16-4.scen	50	256	24	573	3	0.12	2.27	NO SOLUTION	1880	262	62862	15865
empty16-4.scen	50	256	24	573	4	0.35	3.31	NO SOLUTION	2168	533	93064	25421
empty16-4.scen	50	256	24	573	5	0.35	3.75	NO SOLUTION	1932	363	123863	35488
empty16-4.scen	50	256	24	573	6	1.83	6.07	NO SOLUTION	3732	1476	161180	47282
empty16-4.scen	50	256	24	573	7	2.98	7.73	NO SOLUTION	3941	1500	199155	59522
empty16-4.scen	50	256	24	573	8	4.12	9.88	NO SOLUTION	4381	1809	243258	73026
empty16-4.scen	50	256	24	573	9	6.3	12.69	NO SOLUTION	5068	2340	288276	87002
empty16-4.scen	50	256	24	573	10	10.61	18.12	NO SOLUTION	4935	2834	338967	102140
empty16-4.scen	50	256	24	573	11	13.59	21.9	NO SOLUTION	6325	3288	390620	117957
empty16-4.scen	50	256	24	573	12	20.34	26.07	OK	6700	3450	447777	134791
empty16-4.scen	51	256	24	580	0	0	0.57	NO SOLUTION	0	1	7727	0
empty16-4.scen	51	256	24	580	1	0	0.7	NO SOLUTION	0	1	17975	0
empty16-4.scen	51	256	24	580	2	0.08	1.95	NO SOLUTION	2125	282	40273	8992
empty16-4.scen	51	256	24	580	3	0.13	2.34	NO SOLUTION	1833	253	63482	16009
empty16-4.scen	51	256	24	580	4	0.35	3.37	NO SOLUTION	2373	461	93959	25642
empty16-4.scen	51	256	24	580	5	0.32	3.81	NO SOLUTION	2081	328	125070	35786
empty16-4.scen	51	256	24	580	6	2.15	6.45	NO SOLUTION	3878	1463	162726	47669
empty16-4.scen	51	256	24	580	7	4.15	8.98	NO SOLUTION	4628	1983	201076	60024
empty16-4.scen	51	256	24	580	8	3.18	9.06	NO SOLUTION	4204	1443	245590	73632
empty16-4.scen	51	256	24	580	9	8.12	14.58	NO SOLUTION	5613	2473	291050	87731
empty16-4.scen	51	256	24	580	10	13.5	21.19	NO SOLUTION	6485	3576	342252	102994
empty16-4.scen	51	256	24	580	11	13.65	22.07	NO SOLUTION	6240	3152	394443	118946
empty16-4.scen	51	256	24	580	12	18.8	24.63	OK	6217	3368	452229	135938
empty16-4.scen	52	256	24	593	0	0	0.58	NO SOLUTION	0	1	7983	0
empty16-4.scen	52	256	24	593	1	0	0.73	NO SOLUTION	0	1	18471	0
empty16-4.scen	52	256	24	593	2	0.07	2	NO SOLUTION	2225	232	41335	9194
empty16-4.scen	52	256	24	593	3	0.13	2.4	NO SOLUTION	2061	256	65054	16355
empty16-4.scen	52	256	24	593	4	0.34	3.48	NO SOLUTION	2349	511	96216	26155
empty16-4.scen	52	256	24	593	5	0.27	3.86	NO SOLUTION	2101	282	128048	36475
empty16-4.scen	52	256	24	593	6	2.37	6.84	NO SOLUTION	4370	1657	166587	48572
empty16-4.scen	52	256	24	593	7	4.64	9.65	NO SOLUTION	5129	2298	205866	61142
empty16-4.scen	52	256	24	593	8	5.35	11.38	NO SOLUTION	5340	2363	251483	75019
empty16-4.scen	52	256	24	593	9	6.56	13.21	NO SOLUTION	4708	2073	298083	89419
empty16-4.scen	52	256	24	593	10	13.84	21.74	NO SOLUTION	6996	3677	350577	105019
empty16-4.scen	52	256	24	593	11	13.63	22.28	NO SOLUTION	6222	3434	404087	121334
empty16-4.scen	52	256	24	593	12	31.4	37.39	OK	8999	5181	463299	138710
empty16-4.scen	53	256	24	605	0	0	0.6	NO SOLUTION	0	1	8187	0
empty16-4.scen	53	256	24	605	1	0	0.74	NO SOLUTION	0	1	18932	0
empty16-4.scen	53	256	24	605	2	0.07	2.08	NO SOLUTION	2220	261	42235	9511
empty16-4.scen	53	256	24	605	3	0.15	2.47	NO SOLUTION	1916	256	66404	16814
empty16-4.scen	53	256	24	605	4	0.36	3.53	NO SOLUTION	2546	506	98238	26733
empty16-4.scen	53	256	24	605	5	0.46	4.02	NO SOLUTION	2550	467	130729	37251
empty16-4.scen	53	256	24	605	6	2.71	7.28	NO SOLUTION	4466	1751	170104	49510
empty16-4.scen	53	256	24	605	7	5.04	10.11	NO SOLUTION	5636	2323	210233	62286
empty16-4.scen	53	256	24	605	8	4.79	10.98	NO SOLUTION	4421	1998	256832	76393
empty16-4.scen	53	256	24	605	9	8.32	15.18	NO SOLUTION	5504	2488	304438	91059
empty16-4.scen	53	256	24	605	10	16.99	25.11	NO SOLUTION	7053	3678	358064	106949
empty16-4.scen	53	256	24	605	11	16.96	25.82	NO SOLUTION	6521	3697	412730	123578
empty16-4.scen	53	256	24	605	12	23.92	30.09	OK	7773	4242	473230	141288
empty16-4.scen	54	256	24	606	0	0	0.61	NO SOLUTION	0	1	8188	0
empty16-4.scen	54	256	24	606	1	0	0.77	NO SOLUTION	0	1	18941	0
empty16-4.scen	54	256	24	606	2	0.08	2.11	NO SOLUTION	2343	275	42280	9504
empty16-4.scen	54	256	24	606	3	0.15	2.5	NO SOLUTION	1720	250	66499	16784
empty16-4.scen	54	256	24	606	4	0.35	3.61	NO SOLUTION	2552	471	98422	26706
empty16-4.scen	54	256	24	606	5	0.43	4.07	NO SOLUTION	2105	377	131015	37213
empty16-4.scen	54	256	24	606	6	3.29	7.9	NO SOLUTION	4648	1979	170548	49491
empty16-4.scen	54	256	24	606	7	4.45	9.64	NO SOLUTION	4286	1914	210824	62288
empty16-4.scen	54	256	24	606	8	3.35	9.64	NO SOLUTION	4430	1552	257644	76440
empty16-4.scen	54	256	24	606	9	9.1	16.06	NO SOLUTION	5578	2430	305480	91143
empty16-4.scen	54	256	24	606	10	14.52	22.7	NO SOLUTION	6161	3330	359400	107090
empty16-4.scen	54	256	24	606	11	16	25	NO SOLUTION	6559	3319	414373	123771
empty16-4.scen	54	256	24	606	12	22.9	29.14	OK	6902	3885	475246	141547
empty16-4.scen	55	256	24	611	0	0	0.62	NO SOLUTION	0	1	8193	0
empty16-4.scen	55	256	24	611	1	0	0.78	NO SOLUTION	0	1	18976	0
empty16-4.scen	55	256	24	611	2	0.13	2.19	NO SOLUTION	2512	465	42424	9530
empty16-4.scen	55	256	24	611	3	0.24	2.64	NO SOLUTION	2538	549	66761	16837
empty16-4.scen	55	256	24	611	4	0.35	3.61	NO SOLUTION	2300	476	98887	26763
empty16-4.scen	55	256	24	611	5	1.07	4.75	NO SOLUTION	3509	1163	131703	37267
empty16-4.scen	55	256	24	611	6	5.09	9.78	NO SOLUTION	5528	2603	171567	49540
empty16-4.scen	55	256	24	611	7	7.93	13.18	NO SOLUTION	6807	3412	212193	62354
empty16-4.scen	55	256	24	611	8	11.12	17.52	NO SOLUTION	7095	4111	259483	76563
empty16-4.scen	55	256	24	611	9	11.64	18.74	NO SOLUTION	6409	3370	307813	91354
empty16-4.scen	55	256	24	611	10	12.36	20.76	NO SOLUTION	6133	2823	362356	107410
empty16-4.scen	55	256	24	611	11	19.49	28.64	NO SOLUTION	7493	3989	417978	124223
empty16-4.scen	55	256	24	611	12	35.72	46.23	NO SOLUTION	10098	5926	479641	142157
empty16-4.scen	55	256	24	611	13	33.17	40.13	OK	8504	4829	542417	161001
empty16-4.scen	56	256	24	624	0	0	0.65	NO SOLUTION	0	1	8400	0
empty16-4.scen	56	256	24	624	1	0	0.81	NO SOLUTION	0	1	19431	0
empty16-4.scen	56	256	24	624	2	0.1	2.2	NO SOLUTION	2323	250	43407	9791
empty16-4.scen	56	256	24	624	3	0.13	2.6	NO SOLUTION	2121	322	68251	17256
empty16-4.scen	56	256	24	624	4	0.31	3.72	NO SOLUTION	2540	504	101099	27344
empty16-4.scen	56	256	24	624	5	1.4	5.18	NO SOLUTION	4159	1431	134604	38049
empty16-4.scen	56	256	24	624	6	2.97	7.82	NO SOLUTION	4699	1926	175315	50560
empty16-4.scen	56	256	24	624	7	6.81	12.21	NO SOLUTION	5879	2700	216837	63606
empty16-4.scen	56	256	24	624	8	8.3	14.85	NO SOLUTION	6252	3049	265128	78091
empty16-4.scen	56	256	24	624	9	10.84	18.13	NO SOLUTION	5623	2681	314507	93177
empty16-4.scen	56	256	24	624	10	15.57	24.15	NO SOLUTION	6422	3390	370210	109555
empty16-4.scen	56	256	24	624	11	25.92	35.57	NO SOLUTION	8759	4927	427019	126698
empty16-4.scen	56	256	24	624	12	31.86	42.71	NO SOLUTION	9021	5163	489967	144984
empty16-4.scen	56	256	24	624	13	44.61	51.77	OK	9213	5815	554048	164198
empty16-4.scen	57	256	24	632	0	0	0.65	NO SOLUTION	0	1	8506	0
empty16-4.scen	57	256	24	632	1	0	0.83	NO SOLUTION	0	1	19645	0
empty16-4.scen	57	256	24	632	2	0.1	2.26	NO SOLUTION	2366	294	43874	9807
empty16-4.scen	57	256	24	632	3	0.16	2.66	NO SOLUTION	2232	310	68967	17285
empty16-4.scen	57	256	24	632	4	0.46	3.92	NO SOLUTION	2760	634	102172	27494
empty16-4.scen	57	256	24	632	5	1.32	5.18	NO SOLUTION	4021	1316	136031	38284
empty16-4.scen	57	256	24	632	6	3.34	8.28	NO SOLUTION	4985	1989	177200	50894
empty16-4.scen	57	256	24	632	7	8.72	14.25	NO SOLUTION	6662	3269	219203	64026
empty16-4.scen	57	256	24	632	8	7.19	13.9	NO SOLUTION	6022	2609	268097	78642
empty16-4.scen	57	256	24	632	9	21.24	28.66	NO SOLUTION	9200	5344	318104	93892
empty16-4.scen	57	256	24	632	10	20.97	29.76	NO SOLUTION	8410	4477	374542	110458
empty16-4.scen	57	256	24	632	11	23.89	33.53	NO SOLUTION	9092	4572	432106	127812
empty16-4.scen	57	256	24	632	12	33.87	45	NO SOLUTION	9187	5107	495917	146333
empty16-4.scen	57	256	24	632	13	39.35	46.61	OK	9144	5082	560882	165798
empty16-4.scen	58	256	24	643	0	0	0.66	NO SOLUTION	0	1	8657	0
empty16-4.scen	58	256	24	643	1	0	0.83	NO SOLUTION	0	1	19978	0
empty16-4.scen	58	256	24	643	2	0.14	2.35	NO SOLUTION	2833	447	44558	9969
empty16-4.scen	58	256	24	643	3	0.21	2.79	NO SOLUTION	2513	449	69994	17529
empty16-4.scen	58	256	24	643	4	0.36	3.85	NO SOLUTION	2846	621	103686	27820
empty16-4.scen	58	256	24	643	5	2.12	6.12	NO SOLUTION	4581	1530	138069	38720
empty16-4.scen	58	256	24	643	6	6.29	11.34	NO SOLUTION	6482	3131	179892	51462
empty16-4.scen	58	256	24	643	7	11.22	16.87	NO SOLUTION	8103	4279	222589	64754
empty16-4.scen	58	256	24	643	8	15.32	22.13	NO SOLUTION	9096	4953	272340	79561
empty16-4.scen	58	256	24	643	9	27.25	34.82	NO SOLUTION	10421	6334	323235	95035
empty16-4.scen	58	256	24	643	10	44.66	53.57	NO SOLUTION	13101	8129	380732	111853
empty16-4.scen	58	256	24	643	11	58.97	68.85	NO SOLUTION	15489	9705	439388	129488
