empty64-1.scen	1	4096	58	58	0	0	0.46	OK	39	0	7954	109
empty64-1.scen	2	4096	58	93	0	0	0.59	OK	85	0	9995	172
empty64-1.scen	3	4096	58	108	0	0	0.63	OK	108	0	10328	195
empty64-1.scen	4	4096	58	138	0	0	0.76	OK	136	0	11966	248
empty64-1.scen	5	4096	58	183	0	0	0.84	OK	132	0	12955	331
empty64-1.scen	6	4096	58	224	0	0	0.91	OK	160	0	13392	370
empty64-1.scen	7	4096	58	277	0	0	1.24	OK	153	0	20161	469
empty64-1.scen	8	4096	58	326	0	0	1.56	OK	278	0	25722	559
empty64-1.scen	9	4096	58	350	0	0	1.71	OK	315	0	26590	610
empty64-1.scen	10	4096	75	425	0	0.01	3.18	OK	309	0	31018	862
empty64-1.scen	11	4096	75	458	0	0.01	3.48	OK	311	0	31874	958
empty64-1.scen	12	4096	75	485	0	0.01	3.6	OK	344	0	32163	1031
empty64-1.scen	13	4096	75	495	0	0.01	3.63	OK	345	0	32249	1049
empty64-1.scen	14	4096	75	542	0	0.01	3.95	OK	440	0	33965	1191
empty64-1.scen	15	4096	78	620	0	0.01	5.39	OK	517	0	40211	1502
empty64-1.scen	16	4096	78	670	0	0.01	6.09	OK	482	0	42732	1686
empty64-1.scen	17	4096	78	678	0	0.01	6.11	OK	479	0	42803	1692
empty64-1.scen	18	4096	78	698	0	0.01	6.28	OK	553	0	43277	1741
empty64-1.scen	19	4096	78	710	0	0.01	6.35	OK	550	0	43337	1752
empty64-1.scen	20	4096	78	733	0	0.01	6.49	OK	599	0	43813	1810
empty64-1.scen	21	4096	78	787	0	0.01	6.95	OK	663	0	45898	1970
empty64-1.scen	22	4096	78	842	0	0.01	7.38	OK	703	0	47583	2129
empty64-1.scen	23	4096	78	868	0	0.01	7.43	OK	632	1	47760	2153
empty64-1.scen	24	4096	78	911	0	0.02	7.75	OK	639	0	48754	2273
empty64-1.scen	25	4096	78	948	0	0.02	7.93	OK	668	0	49857	2378
empty64-1.scen	26	4096	78	989	0	0.02	8.77	OK	734	0	51607	2519
empty64-1.scen	27	4096	78	1053	0	0.02	8.98	OK	856	0	55802	2759
empty64-1.scen	28	4096	78	1106	0	0.02	9.6	OK	916	0	58720	2954
empty64-1.scen	29	4096	78	1138	0	0.02	9.88	OK	958	0	59739	3065
empty64-1.scen	30	4096	78	1143	0	0.02	9.97	OK	939	0	59769	3068
empty64-1.scen	31	4096	78	1187	0	0.02	10.43	OK	1053	0	61692	3227
empty64-1.scen	32	4096	78	1252	0	0.02	11.06	OK	1056	0	65038	3470
empty64-1.scen	33	4096	78	1296	0	0.03	11.57	OK	1125	0	67005	3629
empty64-1.scen	34	4096	78	1341	0	0.03	12.01	OK	1074	0	68927	3793
empty64-1.scen	35	4096	78	1410	0	0.03	12.5	OK	1218	0	71494	4052
empty64-1.scen	36	4096	78	1429	0	0.03	12.6	OK	1247	0	71830	4111
empty64-1.scen	37	4096	78	1486	0	0.03	12.78	OK	1217	0	72442	4219
empty64-1.scen	38	4096	78	1503	0	0.03	12.88	OK	1248	0	72704	4270
empty64-1.scen	39	4096	78	1523	0	0.03	13.03	OK	1282	0	73019	4333
empty64-1.scen	40	4096	80	1603	0	0.03	14.75	OK	1279	0	79478	4637
empty64-1.scen	41	4096	80	1665	0	0.03	15.25	OK	1370	0	82641	4869
empty64-1.scen	42	4096	80	1705	0	0.03	15.66	OK	1426	0	84344	5012
empty64-1.scen	43	4096	80	1741	0	0.03	16.57	OK	1460	0	85647	5139
empty64-1.scen	44	4096	80	1776	0	0.03	16.19	OK	1509	0	86454	5262
empty64-1.scen	45	4096	80	1816	0	0.03	17.07	OK	1465	0	87605	5405
empty64-1.scen	46	4096	80	1871	0	0.03	17.47	OK	1517	0	89849	5608
empty64-1.scen	47	4096	80	1948	0	0.04	17.75	OK	1748	2	95688	5901
empty64-1.scen	48	4096	80	1977	0	0.04	17.87	OK	1793	2	95909	5927
empty64-1.scen	49	4096	80	1981	0	0.04	17.98	OK	1833	2	95932	5929
empty64-1.scen	50	4096	80	2000	0	0.04	18.19	OK	1818	2	96243	5987
empty64-1.scen	51	4096	80	2057	0	0.03	18.62	OK	1900	2	98751	6200
empty64-1.scen	52	4096	80	2107	0	0.03	18.7	OK	1933	2	99728	6402
empty64-1.scen	53	4096	80	2155	0	0.05	19.26	OK	1935	2	102066	6579
empty64-1.scen	54	4096	80	2178	0	0.02	19.5	OK	1983	2	102634	6610
empty64-1.scen	55	4096	80	2219	0	0.03	19.91	OK	2012	2	104414	6759
empty64-1.scen	56	4096	80	2221	0	0.02	20	OK	1929	2	104423	6759
empty64-1.scen	57	4096	80	2274	0	0.02	20.24	OK	2056	2	105889	6954
empty64-1.scen	58	4096	80	2322	0	0.02	20.58	OK	2030	2	106892	7128
empty64-1.scen	59	4096	80	2342	0	0.02	20.84	OK	1958	2	107261	7191
empty64-1.scen	60	4096	80	2378	0	0.03	20.92	OK	2022	2	107640	7257
empty64-1.scen	61	4096	80	2437	0	0.02	21.56	OK	2082	2	110713	7480
empty64-1.scen	62	4096	80	2457	0	0.02	21.66	OK	2055	2	110848	7498
empty64-1.scen	63	4096	80	2519	0	0.02	22.1	OK	2109	2	112573	7729
empty64-1.scen	64	4096	80	2529	0	0.02	22.27	OK	2109	2	112666	7742
empty64-1.scen	65	4096	80	2551	0	0.02	22.5	OK	2122	2	113071	7813
empty64-1.scen	66	4096	80	2563	0	0.02	22.67	OK	2197	2	113234	7844
empty64-1.scen	67	4096	80	2639	0	0.02	23.68	OK	2299	2	118825	8136
empty64-1.scen	68	4096	80	2659	0	0.02	23.93	OK	2300	2	119268	8198
empty64-1.scen	69	4096	80	2698	0	0.06	24.51	NO SOLUTION	3608	1089	121211	8337
empty64-1.scen	69	4096	80	2698	1	0.28	26.79	OK	34954	115	258245	33719
empty64-1.scen	70	4096	80	2742	0	0.08	24.95	NO SOLUTION	4210	1464	122422	8501
empty64-1.scen	70	4096	80	2742	1	0.29	27.18	OK	38755	127	261093	34197
empty64-1.scen	71	4096	80	2804	0	0.05	24.92	NO SOLUTION	3219	904	123535	8732
empty64-1.scen	71	4096	80	2804	1	0.3	27.53	OK	39300	119	263664	34671
empty64-1.scen	72	4096	80	2843	0	0.06	25.19	NO SOLUTION	5519	1001	125492	8874
empty64-1.scen	72	4096	80	2843	1	0.32	27.9	OK	44315	130	267854	35178
empty64-1.scen	73	4096	80	2900	0	0.06	25.56	NO SOLUTION	4768	960	126898	9086
empty64-1.scen	73	4096	80	2900	1	0.32	28.25	OK	44409	131	271062	35600
empty64-1.scen	74	4096	80	2913	0	0.05	25.85	NO SOLUTION	4509	657	127104	9121
empty64-1.scen	74	4096	80	2913	1	0.32	28.48	OK	43721	129	271534	35684
empty64-1.scen	75	4096	83	2996	0	0.05	28.91	NO SOLUTION	5679	741	133624	9442
empty64-1.scen	75	4096	83	2996	1	0.35	32.11	OK	47100	280	286318	37559
empty64-1.scen	76	4096	83	3015	0	0.04	29.57	NO SOLUTION	3397	722	134051	9501
empty64-1.scen	76	4096	83	3015	1	0.34	32.6	OK	47489	156	287279	37697
empty64-1.scen	77	4096	83	3084	0	0.06	29.79	NO SOLUTION	5366	880	137422	9764
empty64-1.scen	77	4096	83	3084	1	0.42	33.44	OK	63594	151	294867	38728
empty64-1.scen	78	4096	83	3136	0	0.06	30.4	NO SOLUTION	4357	1002	139183	9961
empty64-1.scen	78	4096	83	3136	1	0.46	33.98	OK	59419	150	299005	39323
empty64-1.scen	79	4096	83	3148	0	0.05	30.45	NO SOLUTION	3990	833	139262	9971
empty64-1.scen	79	4096	83	3148	1	0.46	34.04	OK	60998	149	299191	39351
empty64-1.scen	80	4096	83	3182	0	0.06	30.59	NO SOLUTION	4451	1050	140046	10089
empty64-1.scen	80	4096	83	3182	1	0.48	34.29	OK	62723	227	301112	39671
empty64-1.scen	81	4096	83	3242	0	0.04	31.99	NO SOLUTION	3587	588	143908	10314
empty64-1.scen	81	4096	83	3242	1	0.47	35.24	OK	62093	200	309977	40864
empty64-1.scen	82	4096	83	3246	0	0.05	32.14	NO SOLUTION	3739	734	143935	10315
empty64-1.scen	82	4096	83	3246	1	0.48	35.61	OK	64162	202	310041	40864
empty64-1.scen	83	4096	83	3277	0	0.03	31.48	NO SOLUTION	1325	667	144163	10113
empty64-1.scen	83	4096	83	3277	1	0.48	36.02	OK	67105	194	312577	41272
empty64-1.scen	84	4096	83	3311	0	0.03	31.8	NO SOLUTION	1364	571	144969	10228
empty64-1.scen	84	4096	83	3311	1	0.51	35.22	OK	58964	131	313990	41251
empty64-1.scen	85	4096	83	3346	0	0.03	31.86	NO SOLUTION	1057	491	145212	10261
empty64-1.scen	85	4096	83	3346	1	0.53	35.45	OK	61978	202	314467	41380
empty64-1.scen	86	4096	83	3386	0	0.03	32.38	NO SOLUTION	1553	764	146436	10400
empty64-1.scen	86	4096	83	3386	1	0.53	36.27	OK	61743	127	317263	41790
empty64-1.scen	87	4096	83	3412	0	0.03	32.78	NO SOLUTION	1296	543	147041	10449
empty64-1.scen	87	4096	83	3412	1	0.51	36.48	OK	57363	138	318769	41960
empty64-1.scen	88	4096	83	3436	0	0.04	33.35	NO SOLUTION	1365	672	147478	10520
empty64-1.scen	88	4096	83	3436	1	0.5	37.65	OK	59845	127	319829	42108
empty64-1.scen	89	4096	83	3511	0	0.03	34.49	NO SOLUTION	1471	572	152828	10811
empty64-1.scen	89	4096	83	3511	1	0.6	38.78	OK	68554	154	332420	43724
empty64-1.scen	90	4096	83	3541	0	0.03	34.25	NO SOLUTION	1664	685	153810	10908
empty64-1.scen	90	4096	83	3541	1	0.61	39.57	OK	66309	124	334610	44039
empty64-1.scen	91	4096	83	3606	0	0.03	35.03	NO SOLUTION	1600	602	158014	11159
empty64-1.scen	91	4096	83	3606	1	0.63	41.31	OK	66064	124	344220	45263
empty64-1.scen	92	4096	83	3659	0	0.03	35.88	NO SOLUTION	2045	505	161552	11491
empty64-1.scen	92	4096	83	3659	1	1.31	41.91	NO SOLUTION	63261	5641	352321	46749
