empty40-5.scen	1	1600	29	29	0	0	0.09	OK	17	0	302	52
empty40-5.scen	2	1600	43	72	0	0	0.21	OK	29	0	4561	106
empty40-5.scen	3	1600	43	97	0	0	0.25	OK	86	0	5214	149
empty40-5.scen	4	1600	43	121	0	0	0.28	OK	59	0	5699	190
empty40-5.scen	5	1600	43	153	0	0	0.32	OK	93	0	6576	247
empty40-5.scen	6	1600	43	171	0	0	0.37	OK	102	0	7145	276
empty40-5.scen	7	1600	43	199	0	0	0.45	OK	140	0	8837	325
empty40-5.scen	8	1600	43	240	0	0	0.56	OK	135	0	11982	400
empty40-5.scen	9	1600	43	254	0	0	0.56	OK	134	0	11993	400
empty40-5.scen	10	1600	43	274	0	0	0.59	OK	154	0	12198	418
empty40-5.scen	11	1600	43	316	0	0	0.77	OK	159	0	16289	495
empty40-5.scen	12	1600	43	325	0	0	0.8	OK	159	0	16430	506
empty40-5.scen	13	1600	43	350	0	0	0.85	OK	197	0	17323	549
empty40-5.scen	14	1600	43	393	0	0	0.97	OK	252	0	21223	628
empty40-5.scen	15	1600	49	442	0	0	1.41	OK	318	0	25759	719
empty40-5.scen	16	1600	49	470	0	0	1.52	OK	339	0	27121	782
empty40-5.scen	17	1600	49	490	0	0	1.56	OK	392	0	27287	801
empty40-5.scen	18	1600	49	501	0	0	1.6	OK	373	0	27418	822
empty40-5.scen	19	1600	49	548	0	0	1.9	OK	407	0	29730	978
empty40-5.scen	20	1600	49	578	0	0	2.01	OK	466	0	30650	1061
empty40-5.scen	21	1600	49	603	0	0.01	2.13	OK	486	0	31342	1127
empty40-5.scen	22	1600	49	644	0	0	2.24	OK	507	0	32250	1251
empty40-5.scen	23	1600	49	683	0	0.01	2.39	OK	529	0	33331	1364
empty40-5.scen	24	1600	49	697	0	0	2.45	OK	553	0	33552	1380
empty40-5.scen	25	1600	49	733	0	0	2.55	OK	586	0	34719	1484
empty40-5.scen	26	1600	49	757	0	0	2.66	NO SOLUTION	39	14	35382	1550
empty40-5.scen	26	1600	49	757	1	0.02	2.97	OK	2920	23	63992	7047
empty40-5.scen	27	1600	49	779	0	0	2.69	NO SOLUTION	57	22	35742	1607
empty40-5.scen	27	1600	49	779	1	0.03	3.03	OK	3617	29	64932	7218
empty40-5.scen	28	1600	49	802	0	0	2.77	NO SOLUTION	65	22	36286	1673
empty40-5.scen	28	1600	49	802	1	0.03	3.11	OK	3533	32	66200	7419
empty40-5.scen	29	1600	49	806	0	0	2.78	NO SOLUTION	65	22	36309	1675
empty40-5.scen	29	1600	49	806	1	0.03	3.14	OK	4051	33	66255	7430
empty40-5.scen	30	1600	60	866	0	0	4.39	NO SOLUTION	89	22	40078	1887
empty40-5.scen	30	1600	60	866	1	0.03	4.87	OK	3965	32	74843	8542
empty40-5.scen	31	1600	60	906	0	0	4.64	NO SOLUTION	112	22	41596	2015
empty40-5.scen	31	1600	60	906	1	0.04	5.03	OK	4451	33	78358	9045
empty40-5.scen	32	1600	60	948	0	0	4.84	NO SOLUTION	142	23	43472	2152
empty40-5.scen	32	1600	60	948	1	0.05	5.31	OK	5950	39	82870	9664
empty40-5.scen	33	1600	60	978	0	0	4.97	NO SOLUTION	165	24	44383	2240
empty40-5.scen	33	1600	60	978	1	0.05	5.47	OK	6327	40	85050	9989
empty40-5.scen	34	1600	60	985	0	0	5.09	NO SOLUTION	163	24	44455	2247
empty40-5.scen	34	1600	60	985	1	0.05	5.57	OK	6423	32	85212	9981
empty40-5.scen	35	1600	60	1012	0	0	5.2	NO SOLUTION	173	24	45258	2328
empty40-5.scen	35	1600	60	1012	1	0.05	5.71	OK	7039	41	87088	10236
empty40-5.scen	36	1600	60	1050	0	0	5.45	NO SOLUTION	229	24	46767	2475
empty40-5.scen	36	1600	60	1050	1	0.06	6.07	OK	7808	42	90523	10713
empty40-5.scen	37	1600	60	1084	0	0	5.6	NO SOLUTION	260	23	47930	2594
empty40-5.scen	37	1600	60	1084	1	0.06	6.27	OK	8934	43	93504	11196
empty40-5.scen	38	1600	60	1105	0	0	5.77	NO SOLUTION	276	24	48420	2648
empty40-5.scen	38	1600	60	1105	1	0.06	6.43	OK	9417	38	94714	11414
empty40-5.scen	39	1600	60	1132	0	0	5.84	NO SOLUTION	285	24	48678	2718
empty40-5.scen	39	1600	60	1132	1	0.06	6.52	OK	10350	39	95600	11598
empty40-5.scen	40	1600	60	1166	0	0	5.96	NO SOLUTION	304	24	49066	2810
empty40-5.scen	40	1600	60	1166	1	0.07	6.66	OK	10662	40	96960	11833
empty40-5.scen	41	1600	60	1193	0	0	6.03	NO SOLUTION	320	24	49592	2880
empty40-5.scen	41	1600	60	1193	1	0.07	6.76	OK	12117	44	98156	12034
empty40-5.scen	42	1600	60	1203	0	0	6.14	NO SOLUTION	313	24	49599	2880
empty40-5.scen	42	1600	60	1203	1	0.07	6.82	OK	11756	44	98218	12032
empty40-5.scen	43	1600	60	1226	0	0	6.25	NO SOLUTION	330	24	50008	2939
empty40-5.scen	43	1600	60	1226	1	0.07	6.97	OK	12158	44	99290	12216
empty40-5.scen	44	1600	60	1252	0	0	6.38	NO SOLUTION	343	24	50302	3005
empty40-5.scen	44	1600	60	1252	1	0.09	7.09	OK	13690	43	100129	12337
empty40-5.scen	45	1600	60	1289	0	0	6.27	NO SOLUTION	368	24	51757	3113
empty40-5.scen	45	1600	60	1289	1	0.08	6.97	OK	13916	37	103608	12823
empty40-5.scen	46	1600	60	1328	0	0.01	6.43	NO SOLUTION	609	28	53056	3273
empty40-5.scen	46	1600	60	1328	1	0.08	7.16	OK	14507	38	106374	13234
empty40-5.scen	47	1600	60	1367	0	0.01	6.65	NO SOLUTION	669	36	54230	3413
empty40-5.scen	47	1600	60	1367	1	0.09	7.39	OK	14562	37	108992	13625
empty40-5.scen	48	1600	60	1404	0	0	6.8	NO SOLUTION	411	20	56290	3631
empty40-5.scen	48	1600	60	1404	1	0.24	7.96	NO SOLUTION	21572	2326	113247	14517
empty40-5.scen	48	1600	60	1404	2	0.13	10.37	OK	3356	151	212264	40156
empty40-5.scen	49	1600	60	1429	0	0	6.94	NO SOLUTION	417	20	56764	3714
empty40-5.scen	49	1600	60	1429	1	0.3	7.89	NO SOLUTION	23450	3361	114311	14701
empty40-5.scen	49	1600	60	1429	2	0.13	10.5	OK	3647	188	214453	40616
empty40-5.scen	50	1600	60	1467	0	0.01	7.13	NO SOLUTION	463	22	58266	3887
empty40-5.scen	50	1600	60	1467	1	0.29	8.38	NO SOLUTION	22799	3351	118091	15372
empty40-5.scen	50	1600	60	1467	2	0.15	10.83	OK	4081	176	221750	42690
empty40-5.scen	51	1600	60	1501	0	0.01	7.21	NO SOLUTION	469	26	58642	3958
empty40-5.scen	51	1600	60	1501	1	0.29	8.5	NO SOLUTION	22798	3031	118911	15586
empty40-5.scen	51	1600	60	1501	2	0.13	10.92	OK	3813	151	223688	43231
empty40-5.scen	52	1600	60	1535	0	0.01	7.33	NO SOLUTION	455	21	59323	4076
empty40-5.scen	52	1600	60	1535	1	0.3	8.61	NO SOLUTION	24768	3322	120446	15854
empty40-5.scen	52	1600	60	1535	2	0.13	11.08	OK	4489	229	226716	43870
empty40-5.scen	53	1600	60	1587	0	0	7.74	NO SOLUTION	467	25	62197	4269
empty40-5.scen	53	1600	60	1587	1	0.29	9.08	NO SOLUTION	26018	2396	126976	16770
empty40-5.scen	53	1600	60	1587	2	0.14	11.67	OK	3868	174	239667	46468
empty40-5.scen	54	1600	60	1612	0	0	7.79	NO SOLUTION	463	25	62215	4269
empty40-5.scen	54	1600	60	1612	1	0.41	9.27	NO SOLUTION	29604	4588	127150	16728
empty40-5.scen	54	1600	60	1612	2	0.15	11.82	OK	4259	273	240268	46565
empty40-5.scen	55	1600	60	1626	0	0	8.17	NO SOLUTION	468	25	62459	4308
empty40-5.scen	55	1600	60	1626	1	0.31	9.25	NO SOLUTION	26706	2386	127707	16802
empty40-5.scen	55	1600	60	1626	2	0.14	11.95	OK	3999	168	241506	46773
empty40-5.scen	56	1600	60	1656	0	0.01	8.29	NO SOLUTION	493	28	63294	4411
empty40-5.scen	56	1600	60	1656	1	0.33	9.43	NO SOLUTION	28966	3141	129580	17103
empty40-5.scen	56	1600	60	1656	2	0.14	12.24	OK	4270	172	245365	47689
empty40-5.scen	57	1600	60	1663	0	0.01	8.33	NO SOLUTION	490	21	63295	4401
empty40-5.scen	57	1600	60	1663	1	0.29	9.47	NO SOLUTION	29373	2468	129624	17051
empty40-5.scen	57	1600	60	1663	2	0.15	12.27	OK	4476	226	245561	47621
empty40-5.scen	58	1600	60	1707	0	0.01	8.54	NO SOLUTION	504	20	64836	4565
empty40-5.scen	58	1600	60	1707	1	0.32	9.72	NO SOLUTION	29059	3036	133104	17601
empty40-5.scen	58	1600	60	1707	2	0.25	12.7	OK	5706	585	252644	49208
empty40-5.scen	59	1600	60	1747	0	0.01	8.76	NO SOLUTION	593	21	66582	4713
empty40-5.scen	59	1600	60	1747	1	0.36	10.08	NO SOLUTION	30382	2950	137474	18288
empty40-5.scen	59	1600	60	1747	2	0.18	13.1	OK	4718	147	261168	51368
empty40-5.scen	60	1600	60	1760	0	0	8.61	NO SOLUTION	600	21	66697	4701
empty40-5.scen	60	1600	60	1760	1	0.53	10.36	NO SOLUTION	35835	5989	137664	18335
empty40-5.scen	60	1600	60	1760	2	0.17	13.23	OK	5445	171	261593	51491
empty40-5.scen	61	1600	60	1785	0	0	8.7	NO SOLUTION	512	27	67358	4780
empty40-5.scen	61	1600	60	1785	1	0.36	10.09	NO SOLUTION	34251	2311	139156	18447
empty40-5.scen	61	1600	60	1785	2	0.18	13.36	OK	4648	171	264914	52143
empty40-5.scen	62	1600	60	1789	0	0	8.82	NO SOLUTION	515	27	67355	4779
empty40-5.scen	62	1600	60	1789	1	0.36	10.13	NO SOLUTION	35508	2706	139182	18400
empty40-5.scen	62	1600	60	1789	2	0.22	13.09	OK	6662	400	264820	51931
empty40-5.scen	63	1600	60	1844	0	0.01	9.17	NO SOLUTION	674	21	70813	5622
empty40-5.scen	63	1600	60	1844	1	0.38	10.61	NO SOLUTION	36259	2597	147004	20396
empty40-5.scen	63	1600	60	1844	2	0.23	13.59	OK	7971	335	279379	56372
empty40-5.scen	64	1600	60	1870	0	0.01	9.26	NO SOLUTION	663	21	71033	5650
empty40-5.scen	64	1600	60	1870	1	0.36	10.62	NO SOLUTION	35180	2524	147589	20519
empty40-5.scen	64	1600	60	1870	2	0.21	13.76	OK	8642	289	280905	56700
empty40-5.scen	65	1600	60	1890	0	0.01	9.34	NO SOLUTION	652	21	71169	5625
empty40-5.scen	65	1600	60	1890	1	0.33	10.76	NO SOLUTION	34027	1747	147886	20521
empty40-5.scen	65	1600	60	1890	2	0.15	13.92	OK	6776	150	281750	56803
empty40-5.scen	66	1600	60	1946	0	0.01	9.69	NO SOLUTION	745	21	75204	5997
empty40-5.scen	66	1600	60	1946	1	0.73	11.56	NO SOLUTION	43303	6686	156550	22257
empty40-5.scen	66	1600	60	1946	2	0.21	14.42	OK	8625	287	297660	61185
empty40-5.scen	67	1600	60	1953	0	0.01	9.77	NO SOLUTION	738	21	75206	5997
empty40-5.scen	67	1600	60	1953	1	0.45	11.33	NO SOLUTION	38625	3192	156599	22234
empty40-5.scen	67	1600	60	1953	2	0.23	14.61	OK	7846	254	297867	61195
empty40-5.scen	68	1600	60	2005	0	0.01	10.06	NO SOLUTION	719	29	77534	6196
empty40-5.scen	68	1600	60	2005	1	0.41	11.66	NO SOLUTION	37826	2482	161993	23058
empty40-5.scen	68	1600	60	2005	2	0.23	14.79	OK	7387	291	308486	63541
empty40-5.scen	69	1600	60	2040	0	0.01	10.3	NO SOLUTION	733	25	78954	6328
empty40-5.scen	69	1600	60	2040	1	0.43	11.82	NO SOLUTION	40728	2866	165153	23519
empty40-5.scen	69	1600	60	2040	2	0.14	15.23	OK	6825	156	314736	64977
empty40-5.scen	70	1600	60	2063	0	0.01	10.41	NO SOLUTION	744	25	79539	6396
empty40-5.scen	70	1600	60	2063	1	0.42	11.99	NO SOLUTION	39719	2499	166640	23784
empty40-5.scen	70	1600	60	2063	2	0.2	15.44	OK	7769	220	317887	65810
empty40-5.scen	71	1600	60	2068	0	0.01	10.61	NO SOLUTION	744	25	79577	6401
empty40-5.scen	71	1600	60	2068	1	0.42	12.11	NO SOLUTION	39431	2970	166735	23772
empty40-5.scen	71	1600	60	2068	2	0.24	15.61	OK	9057	508	318128	65788
empty40-5.scen	72	1600	60	2092	0	0.01	10.65	NO SOLUTION	736	25	80014	6473
empty40-5.scen	72	1600	60	2092	1	0.42	12.26	NO SOLUTION	40573	2442	167785	23957
empty40-5.scen	72	1600	60	2092	2	0.15	15.8	OK	7276	150	320437	66339
empty40-5.scen	73	1600	67	2159	0	0.01	13.38	NO SOLUTION	852	23	84835	6759
empty40-5.scen	73	1600	67	2159	1	0.44	15.32	NO SOLUTION	43516	2234	179632	25525
empty40-5.scen	73	1600	67	2159	2	0.15	19.84	OK	7326	149	342504	70916
empty40-5.scen	74	1600	67	2195	0	0	13.54	NO SOLUTION	0	1	85191	6958
empty40-5.scen	74	1600	67	2195	1	0.3	15.39	NO SOLUTION	41315	69	180524	25347
empty40-5.scen	74	1600	67	2195	2	0.55	20.47	NO SOLUTION	11674	2865	344568	71280
empty40-5.scen	74	1600	67	2195	3	0.37	22.31	OK	7674	325	517515	125696
empty40-5.scen	75	1600	67	2222	0	0	13.75	NO SOLUTION	0	1	85706	7054
empty40-5.scen	75	1600	67	2222	1	0.32	15.63	NO SOLUTION	43197	85	181885	25654
empty40-5.scen	75	1600	67	2222	2	0.49	20.6	NO SOLUTION	11756	2577	347278	72152
empty40-5.scen	75	1600	67	2222	3	0.48	22.67	OK	8058	303	521385	126994
empty40-5.scen	76	1600	67	2248	0	0	13.8	NO SOLUTION	0	1	86008	7132
empty40-5.scen	76	1600	67	2248	1	0.34	15.82	NO SOLUTION	46571	82	182771	25818
empty40-5.scen	76	1600	67	2248	2	0.78	21.17	NO SOLUTION	22044	6948	349218	72645
empty40-5.scen	76	1600	67	2248	3	0.46	22.97	OK	8403	328	524465	127887
empty40-5.scen	77	1600	67	2277	0	0	14.09	NO SOLUTION	0	1	87222	7298
empty40-5.scen	77	1600	67	2277	1	0.34	16.06	NO SOLUTION	47114	77	185162	26539
empty40-5.scen	77	1600	67	2277	2	0.53	21.33	NO SOLUTION	17285	3360	353860	74235
empty40-5.scen	77	1600	67	2277	3	0.37	23.17	OK	7502	221	531076	130405
empty40-5.scen	78	1600	67	2326	0	0	14.43	NO SOLUTION	0	1	89722	7507
empty40-5.scen	78	1600	67	2326	1	0.05	16.15	NO SOLUTION	1311	27	190838	27462
empty40-5.scen	78	1600	67	2326	2	0.49	21.78	NO SOLUTION	15662	3666	364949	76807
empty40-5.scen	78	1600	67	2326	3	0.35	23.83	OK	7210	340	547835	135063
empty40-5.scen	79	1600	67	2357	0	0	14.65	NO SOLUTION	0	1	89954	7542
empty40-5.scen	79	1600	67	2357	1	0.01	16.26	NO SOLUTION	14	2	191341	27498
empty40-5.scen	79	1600	67	2357	2	0.22	21.7	NO SOLUTION	4294	132	366294	77154
empty40-5.scen	79	1600	67	2357	3	1.18	24.85	NO SOLUTION	10426	2531	549990	135597
