empty24-2.scen	1	576	6	6	0	0	0.05	OK	0	1	6	0
empty24-2.scen	2	576	22	28	0	0	0.06	OK	28	1	519	71
empty24-2.scen	3	576	22	40	0	0	0.05	OK	24	1	634	89
empty24-2.scen	4	576	25	65	0	0	0.08	OK	42	1	2532	90
empty24-2.scen	5	576	25	69	0	0	0.09	OK	37	1	2555	92
empty24-2.scen	6	576	25	75	0	0	0.09	OK	42	1	2604	96
empty24-2.scen	7	576	25	99	0	0	0.11	OK	66	1	3697	137
empty24-2.scen	8	576	25	118	0	0	0.14	OK	75	1	3889	154
empty24-2.scen	9	576	25	132	0	0	0.13	OK	82	1	4141	171
empty24-2.scen	10	576	25	149	0	0	0.15	OK	109	1	4762	198
empty24-2.scen	11	576	25	166	0	0	0.17	OK	101	1	5339	225
empty24-2.scen	12	576	25	173	0	0	0.18	OK	112	1	5418	230
empty24-2.scen	13	576	25	187	0	0	0.18	OK	122	1	5555	242
empty24-2.scen	14	576	25	196	0	0	0.2	OK	122	1	5701	252
empty24-2.scen	15	576	26	222	0	0	0.24	OK	160	1	7148	297
empty24-2.scen	16	576	26	238	0	0	0.27	OK	168	1	7705	322
empty24-2.scen	17	576	26	241	0	0	0.27	OK	165	1	7721	323
empty24-2.scen	18	576	26	251	0	0	0.28	OK	166	1	7873	336
empty24-2.scen	19	576	26	263	0	0	0.29	OK	176	1	7988	346
empty24-2.scen	20	576	26	285	0	0	0.31	NO SOLUTION	188	96	8821	389
empty24-2.scen	20	576	26	285	1	0.01	0.39	OK	348	63	22394	1524
empty24-2.scen	21	576	26	304	0	0	0.34	NO SOLUTION	139	81	9635	425
empty24-2.scen	21	576	26	304	1	0.01	0.43	OK	358	71	24368	1655
empty24-2.scen	22	576	37	341	0	0	0.67	NO SOLUTION	177	80	12869	492
empty24-2.scen	22	576	37	341	1	0.01	0.78	OK	411	75	29803	2058
empty24-2.scen	23	576	37	368	0	0	0.73	NO SOLUTION	178	68	14455	539
empty24-2.scen	23	576	37	368	1	0.01	0.87	OK	437	76	31536	2294
empty24-2.scen	24	576	37	389	0	0	0.76	NO SOLUTION	225	88	15160	574
empty24-2.scen	24	576	37	389	1	0.01	0.92	OK	517	87	32395	2441
empty24-2.scen	25	576	37	408	0	0	0.79	NO SOLUTION	222	87	15289	591
empty24-2.scen	25	576	37	408	1	0.01	0.94	OK	454	70	32612	2497
empty24-2.scen	26	576	37	422	0	0	0.82	NO SOLUTION	231	75	15534	612
empty24-2.scen	26	576	37	422	1	0.01	0.97	OK	476	70	33023	2557
empty24-2.scen	27	576	37	455	0	0	0.92	NO SOLUTION	247	77	17703	670
empty24-2.scen	27	576	37	455	1	0.01	1.06	OK	515	80	35450	2897
empty24-2.scen	28	576	37	462	0	0	0.93	NO SOLUTION	243	77	17747	675
empty24-2.scen	28	576	37	462	1	0.01	1.09	OK	513	77	35537	2902
empty24-2.scen	29	576	37	474	0	0	0.96	NO SOLUTION	245	73	18045	692
empty24-2.scen	29	576	37	474	1	0.01	1.12	OK	556	72	35964	2973
empty24-2.scen	30	576	37	495	0	0	1.01	NO SOLUTION	169	79	19045	730
empty24-2.scen	30	576	37	495	1	0.01	1.16	OK	527	75	37028	3159
empty24-2.scen	31	576	37	510	0	0	1.05	NO SOLUTION	201	102	19317	752
empty24-2.scen	31	576	37	510	1	0.01	1.2	OK	534	75	37474	3229
empty24-2.scen	32	576	37	521	0	0	1.05	NO SOLUTION	0	1	19446	0
empty24-2.scen	32	576	37	521	1	0	1.22	NO SOLUTION	0	1	37711	0
empty24-2.scen	32	576	37	521	2	0.02	2.98	NO SOLUTION	1308	135	64020	9648
empty24-2.scen	32	576	37	521	3	0.03	2.06	OK	949	99	92258	17734
empty24-2.scen	33	576	37	544	0	0	1.11	NO SOLUTION	0	1	20584	0
empty24-2.scen	33	576	37	544	1	0	1.29	NO SOLUTION	0	1	38981	0
empty24-2.scen	33	576	37	544	2	0.02	3.17	NO SOLUTION	1316	97	66769	10267
empty24-2.scen	33	576	37	544	3	0.04	2.14	OK	1071	105	96398	18865
empty24-2.scen	34	576	37	566	0	0	1.15	NO SOLUTION	0	1	21338	0
empty24-2.scen	34	576	37	566	1	0	1.31	NO SOLUTION	0	1	39799	0
empty24-2.scen	34	576	37	566	2	0.02	3.3	NO SOLUTION	1388	126	68765	10743
empty24-2.scen	34	576	37	566	3	0.04	2.23	OK	1124	95	99505	19715
empty24-2.scen	35	576	37	594	0	0	1.25	NO SOLUTION	0	1	23131	0
empty24-2.scen	35	576	37	594	1	0	1.41	NO SOLUTION	0	1	41827	0
empty24-2.scen	35	576	37	594	2	0.02	3.45	NO SOLUTION	1427	126	72815	11574
empty24-2.scen	35	576	37	594	3	0.04	2.35	OK	1155	100	105674	21207
empty24-2.scen	36	576	37	599	0	0	1.26	NO SOLUTION	0	1	23167	0
empty24-2.scen	36	576	37	599	1	0	1.44	NO SOLUTION	0	1	41908	0
empty24-2.scen	36	576	37	599	2	0.02	3.54	NO SOLUTION	1619	109	73023	11519
empty24-2.scen	36	576	37	599	3	0.04	2.4	OK	1131	95	106030	21150
empty24-2.scen	37	576	37	624	0	0	1.3	NO SOLUTION	0	1	24487	0
empty24-2.scen	37	576	37	624	1	0	1.48	NO SOLUTION	0	1	43320	0
empty24-2.scen	37	576	37	624	2	0.03	3.69	NO SOLUTION	1764	156	76183	12417
empty24-2.scen	37	576	37	624	3	0.04	2.49	OK	1154	66	110777	22697
empty24-2.scen	38	576	37	646	0	0	1.33	NO SOLUTION	0	1	25452	0
empty24-2.scen	38	576	37	646	1	0	1.53	NO SOLUTION	0	1	44491	0
empty24-2.scen	38	576	37	646	2	0.02	3.79	NO SOLUTION	1763	98	78712	13068
empty24-2.scen	38	576	37	646	3	0.04	2.58	OK	1190	88	114496	23856
empty24-2.scen	39	576	37	669	0	0	1.37	NO SOLUTION	0	1	25704	0
empty24-2.scen	39	576	37	669	1	0	1.56	NO SOLUTION	0	1	45022	0
empty24-2.scen	39	576	37	669	2	0.03	3.81	NO SOLUTION	2342	116	80146	13432
empty24-2.scen	39	576	37	669	3	0.05	2.64	OK	1225	88	116695	24508
empty24-2.scen	40	576	37	686	0	0	1.39	NO SOLUTION	0	1	26108	0
empty24-2.scen	40	576	37	686	1	0	1.61	NO SOLUTION	0	1	45603	0
empty24-2.scen	40	576	37	686	2	0.03	3.92	NO SOLUTION	1803	76	81588	13830
empty24-2.scen	40	576	37	686	3	0.05	2.66	OK	1386	109	118975	25200
empty24-2.scen	41	576	37	695	0	0	1.42	NO SOLUTION	0	1	26103	0
empty24-2.scen	41	576	37	695	1	0	1.63	NO SOLUTION	0	1	45666	0
empty24-2.scen	41	576	37	695	2	0.04	3.98	NO SOLUTION	2237	58	81793	13759
empty24-2.scen	41	576	37	695	3	0.06	4.48	NO SOLUTION	1576	69	119418	25170
empty24-2.scen	41	576	37	695	4	0.08	3.55	OK	1507	106	166172	40210
empty24-2.scen	42	576	37	723	0	0	1.47	NO SOLUTION	0	1	27951	0
empty24-2.scen	42	576	37	723	1	0	1.69	NO SOLUTION	0	1	47580	0
empty24-2.scen	42	576	37	723	2	0.04	4.16	NO SOLUTION	2398	79	85950	14725
empty24-2.scen	42	576	37	723	3	0.06	4.69	NO SOLUTION	1549	81	125591	26904
empty24-2.scen	42	576	37	723	4	0.08	3.67	OK	1563	107	160126	43050
empty24-2.scen	43	576	37	733	0	0	1.49	NO SOLUTION	0	1	28139	0
empty24-2.scen	43	576	37	733	1	0	1.73	NO SOLUTION	0	1	47911	0
empty24-2.scen	43	576	37	733	2	0.04	4.23	NO SOLUTION	2623	81	86681	14856
empty24-2.scen	43	576	37	733	3	0.06	4.79	NO SOLUTION	1688	74	126768	27182
empty24-2.scen	43	576	37	733	4	0.07	3.73	OK	1479	82	161809	43599
empty24-2.scen	44	576	37	752	0	0	1.55	NO SOLUTION	0	1	28726	0
empty24-2.scen	44	576	37	752	1	0	1.78	NO SOLUTION	0	1	48765	0
empty24-2.scen	44	576	37	752	2	0.04	4.36	NO SOLUTION	2643	68	88808	15414
empty24-2.scen	44	576	37	752	3	0.06	5.01	NO SOLUTION	1695	67	129929	28172
empty24-2.scen	44	576	37	752	4	0.08	3.98	OK	1919	109	166269	45033
empty24-2.scen	45	576	37	768	0	0	1.6	NO SOLUTION	0	1	29030	0
empty24-2.scen	45	576	37	768	1	0	1.83	NO SOLUTION	0	1	49428	0
empty24-2.scen	45	576	37	768	2	0.05	4.48	NO SOLUTION	2943	82	90343	15829
empty24-2.scen	45	576	37	768	3	0.06	5.11	NO SOLUTION	1688	70	132275	28906
empty24-2.scen	45	576	37	768	4	0.09	4.08	OK	1626	84	169609	46123
empty24-2.scen	46	576	37	781	0	0	1.61	NO SOLUTION	0	1	29116	0
empty24-2.scen	46	576	37	781	1	0	1.85	NO SOLUTION	0	1	49619	0
empty24-2.scen	46	576	37	781	2	0.04	4.55	NO SOLUTION	2861	69	90882	15942
empty24-2.scen	46	576	37	781	3	0.07	5.2	NO SOLUTION	1749	90	133189	29105
empty24-2.scen	46	576	37	781	4	0.09	4.14	OK	1862	103	171015	46477
empty24-2.scen	47	576	37	785	0	0	1.65	NO SOLUTION	0	1	29139	0
empty24-2.scen	47	576	37	785	1	0	1.89	NO SOLUTION	0	1	49675	0
empty24-2.scen	47	576	37	785	2	0.05	4.65	NO SOLUTION	3179	72	91010	15986
empty24-2.scen	47	576	37	785	3	0.07	5.3	NO SOLUTION	1992	108	133444	29193
empty24-2.scen	47	576	37	785	4	0.08	4.2	OK	1958	100	171429	46632
empty24-2.scen	48	576	37	799	0	0	1.69	NO SOLUTION	0	1	29353	0
empty24-2.scen	48	576	37	799	1	0	1.92	NO SOLUTION	0	1	50199	0
empty24-2.scen	48	576	37	799	2	0.05	4.75	NO SOLUTION	3711	99	92265	16354
empty24-2.scen	48	576	37	799	3	0.08	5.41	NO SOLUTION	2244	88	135327	29785
empty24-2.scen	48	576	37	799	4	0.09	7.13	NO SOLUTION	2120	88	174117	47468
empty24-2.scen	48	576	37	799	5	0.11	4.77	OK	2141	82	228218	65843
empty24-2.scen	49	576	37	829	0	0	1.74	NO SOLUTION	0	1	30277	0
empty24-2.scen	49	576	37	829	1	0	2.05	NO SOLUTION	0	1	52601	0
empty24-2.scen	49	576	37	829	2	0.06	5	NO SOLUTION	5166	107	97038	16772
empty24-2.scen	49	576	37	829	3	0.08	5.64	NO SOLUTION	2097	91	127822	31071
empty24-2.scen	49	576	37	829	4	0.12	7.39	NO SOLUTION	1936	88	183431	49247
empty24-2.scen	49	576	37	829	5	0.14	8.32	NO SOLUTION	1978	94	239714	68498
empty24-2.scen	49	576	37	829	6	0.2	10.41	NO SOLUTION	2048	108	306464	90625
empty24-2.scen	49	576	37	829	7	0.26	6.93	OK	2041	129	373950	113290
empty24-2.scen	50	576	37	850	0	0	1.79	NO SOLUTION	0	1	30704	0
empty24-2.scen	50	576	37	850	1	0	2.1	NO SOLUTION	0	1	54022	0
empty24-2.scen	50	576	37	850	2	0.05	5.1	NO SOLUTION	4363	92	99234	17385
empty24-2.scen	50	576	37	850	3	0.08	5.79	NO SOLUTION	2214	83	131028	32134
empty24-2.scen	50	576	37	850	4	0.13	7.63	NO SOLUTION	2040	98	187786	50804
empty24-2.scen	50	576	37	850	5	0.14	8.52	NO SOLUTION	2300	96	245212	70357
empty24-2.scen	50	576	37	850	6	0.21	10.68	NO SOLUTION	2311	109	313414	92808
empty24-2.scen	50	576	37	850	7	0.26	7.16	OK	2169	115	382408	115750
empty24-2.scen	51	576	39	889	0	0	2.1	NO SOLUTION	0	1	32326	0
empty24-2.scen	51	576	39	889	1	0	2.41	NO SOLUTION	0	1	58498	0
empty24-2.scen	51	576	39	889	2	0.07	5.84	NO SOLUTION	5149	100	106758	18733
empty24-2.scen	51	576	39	889	3	0.09	6.52	NO SOLUTION	2065	96	142156	34704
empty24-2.scen	51	576	39	889	4	0.13	8.56	NO SOLUTION	1909	105	202918	54651
empty24-2.scen	51	576	39	889	5	0.14	9.43	NO SOLUTION	2330	97	264159	75568
empty24-2.scen	51	576	39	889	6	0.21	11.7	NO SOLUTION	2299	107	336386	99300
empty24-2.scen	51	576	39	889	7	0.25	7.81	OK	2030	102	409276	123526
empty24-2.scen	52	576	39	904	0	0	2.17	NO SOLUTION	0	1	32531	0
empty24-2.scen	52	576	39	904	1	0	2.46	NO SOLUTION	0	1	59137	0
empty24-2.scen	52	576	39	904	2	0.06	5.97	NO SOLUTION	5511	82	108039	19039
empty24-2.scen	52	576	39	904	3	0.11	6.67	NO SOLUTION	2601	156	144095	35184
empty24-2.scen	52	576	39	904	4	0.13	8.75	NO SOLUTION	2188	91	205731	55340
empty24-2.scen	52	576	39	904	5	0.14	9.68	NO SOLUTION	2243	98	267811	76479
empty24-2.scen	52	576	39	904	6	0.23	12.03	NO SOLUTION	2302	107	341112	100496
empty24-2.scen	52	576	39	904	7	0.28	8	OK	2188	103	415151	124936
empty24-2.scen	53	576	39	915	0	0	2.19	NO SOLUTION	0	1	32634	0
empty24-2.scen	53	576	39	915	1	0	2.51	NO SOLUTION	0	1	59396	0
empty24-2.scen	53	576	39	915	2	0.07	6.09	NO SOLUTION	4869	95	108679	19026
empty24-2.scen	53	576	39	915	3	0.09	6.79	NO SOLUTION	2198	94	145096	35182
empty24-2.scen	53	576	39	915	4	0.14	8.88	NO SOLUTION	2154	138	207296	55430
empty24-2.scen	53	576	39	915	5	0.15	9.86	NO SOLUTION	2295	106	269927	76709
empty24-2.scen	53	576	39	915	6	0.2	12.17	NO SOLUTION	2202	94	343920	100967
empty24-2.scen	53	576	39	915	7	0.28	8.11	OK	2834	95	418689	125581
empty24-2.scen	54	576	39	925	0	0	2.23	NO SOLUTION	0	1	32700	0
empty24-2.scen	54	576	39	925	1	0	2.53	NO SOLUTION	0	1	59578	0
empty24-2.scen	54	576	39	925	2	0.07	6.18	NO SOLUTION	3919	106	109275	19167
empty24-2.scen	54	576	39	925	3	0.09	6.91	NO SOLUTION	2762	98	145990	35410
empty24-2.scen	54	576	39	925	4	0.15	9.06	NO SOLUTION	1975	98	208647	55732
empty24-2.scen	54	576	39	925	5	0.16	9.95	NO SOLUTION	2558	116	271740	77035
empty24-2.scen	54	576	39	925	6	0.2	12.45	NO SOLUTION	2040	95	346367	101313
empty24-2.scen	54	576	39	925	7	0.27	8.26	OK	2582	108	421786	126004
empty24-2.scen	55	576	39	945	0	0	2.25	NO SOLUTION	0	1	32894	0
empty24-2.scen	55	576	39	945	1	0	2.59	NO SOLUTION	0	1	60079	0
empty24-2.scen	55	576	39	945	2	0.08	6.28	NO SOLUTION	4663	125	110360	19486
empty24-2.scen	55	576	39	945	3	0.1	7.09	NO SOLUTION	2344	130	147808	35908
empty24-2.scen	55	576	39	945	4	0.16	9.19	NO SOLUTION	2310	138	211459	56514
empty24-2.scen	55	576	39	945	5	0.19	10.22	NO SOLUTION	2570	169	275548	78137
empty24-2.scen	55	576	39	945	6	0.28	12.71	NO SOLUTION	2652	180	351472	102842
empty24-2.scen	55	576	39	945	7	0.42	14.19	NO SOLUTION	2825	184	428221	127939
empty24-2.scen	55	576	39	945	8	0.61	9.71	OK	2662	234	516604	155939
empty24-2.scen	56	576	39	961	0	0	2.3	NO SOLUTION	0	1	33068	0
empty24-2.scen	56	576	39	961	1	0	2.65	NO SOLUTION	0	1	60676	0
empty24-2.scen	56	576	39	961	2	0.08	6.44	NO SOLUTION	4369	126	111644	19871
empty24-2.scen	56	576	39	961	3	0.1	7.24	NO SOLUTION	2211	122	149688	36497
empty24-2.scen	56	576	39	961	4	0.16	9.39	NO SOLUTION	2788	131	214109	57325
empty24-2.scen	56	576	39	961	5	0.18	10.43	NO SOLUTION	2811	136	278996	79175
empty24-2.scen	56	576	39	961	6	0.28	12.96	NO SOLUTION	2617	159	355922	104090
empty24-2.scen	56	576	39	961	7	0.44	14.41	NO SOLUTION	2668	184	433731	129451
empty24-2.scen	56	576	39	961	8	0.64	10.22	OK	2655	190	523379	157749
empty24-2.scen	57	576	39	965	0	0	2.34	NO SOLUTION	0	1	33095	0
empty24-2.scen	57	576	39	965	1	0	2.7	NO SOLUTION	0	1	60741	0
empty24-2.scen	57	576	39	965	2	0.07	6.49	NO SOLUTION	4755	102	111800	19772
empty24-2.scen	57	576	39	965	3	0.11	7.34	NO SOLUTION	2232	127	150015	36340
empty24-2.scen	57	576	39	965	4	0.16	9.53	NO SOLUTION	2266	113	214699	57147
empty24-2.scen	57	576	39	965	5	0.17	10.5	NO SOLUTION	2928	120	279860	79030
empty24-2.scen	57	576	39	965	6	0.3	13.17	NO SOLUTION	2621	177	357189	104078
empty24-2.scen	57	576	39	965	7	0.47	14.7	NO SOLUTION	2842	204	435340	129542
empty24-2.scen	57	576	39	965	8	0.71	10.15	OK	2979	222	525474	158023
empty24-2.scen	58	576	39	976	0	0	2.4	NO SOLUTION	0	1	33168	0
empty24-2.scen	58	576	39	976	1	0	2.73	NO SOLUTION	0	1	60832	0
empty24-2.scen	58	576	39	976	2	0.08	6.65	NO SOLUTION	5029	157	112265	19872
empty24-2.scen	58	576	39	976	3	0.11	7.45	NO SOLUTION	2569	126	150839	36543
empty24-2.scen	58	576	39	976	4	0.17	9.66	NO SOLUTION	2142	140	216005	57569
empty24-2.scen	58	576	39	976	5	0.18	10.74	NO SOLUTION	2694	118	281598	79614
empty24-2.scen	58	576	39	976	6	0.33	13.42	NO SOLUTION	2634	166	359483	104807
empty24-2.scen	58	576	39	976	7	0.44	14.91	NO SOLUTION	2498	181	438238	130341
empty24-2.scen	58	576	39	976	8	0.65	10.51	OK	3111	208	529161	158907
empty24-2.scen	59	576	39	988	0	0	2.41	NO SOLUTION	0	1	33329	0
empty24-2.scen	59	576	39	988	1	0	2.78	NO SOLUTION	0	1	61351	0
empty24-2.scen	59	576	39	988	2	0.08	6.71	NO SOLUTION	4706	140	113202	20167
empty24-2.scen	59	576	39	988	3	0.11	7.59	NO SOLUTION	2814	134	152257	36949
empty24-2.scen	59	576	39	988	4	0.17	9.8	NO SOLUTION	2468	141	218077	58156
empty24-2.scen	59	576	39	988	5	0.2	10.9	NO SOLUTION	2909	161	284361	80351
empty24-2.scen	59	576	39	988	6	0.35	13.66	NO SOLUTION	2641	169	363071	105751
empty24-2.scen	59	576	39	988	7	0.45	15.1	NO SOLUTION	2950	203	442719	131492
empty24-2.scen	59	576	39	988	8	0.68	10.74	OK	3045	216	534712	160285
empty24-2.scen	60	576	39	997	0	0	2.44	NO SOLUTION	0	1	33418	0
empty24-2.scen	60	576	39	997	1	0	2.81	NO SOLUTION	0	1	61636	0
empty24-2.scen	60	576	39	997	2	0.08	6.83	NO SOLUTION	5837	137	113749	20354
empty24-2.scen	60	576	39	997	3	0.1	7.7	NO SOLUTION	2358	121	153159	37247
empty24-2.scen	60	576	39	997	4	0.2	9.97	NO SOLUTION	2985	179	219338	58564
empty24-2.scen	60	576	39	997	5	0.19	11.09	NO SOLUTION	2749	150	286027	80870
empty24-2.scen	60	576	39	997	6	0.35	13.81	NO SOLUTION	2938	195	365247	106371
empty24-2.scen	60	576	39	997	7	0.45	15.3	NO SOLUTION	3062	186	445437	132263
empty24-2.scen	60	576	39	997	8	0.64	10.78	OK	2792	208	538089	161218
empty24-2.scen	61	576	39	1011	0	0	2.51	NO SOLUTION	0	1	33623	0
empty24-2.scen	61	576	39	1011	1	0	2.87	NO SOLUTION	0	1	62175	0
empty24-2.scen	61	576	39	1011	2	0.1	7	NO SOLUTION	5996	153	115022	20709
empty24-2.scen	61	576	39	1011	3	0.13	7.88	NO SOLUTION	2992	161	154996	37847
empty24-2.scen	61	576	39	1011	4	0.22	10.18	NO SOLUTION	2701	204	221938	59397
empty24-2.scen	61	576	39	1011	5	0.39	11.51	NO SOLUTION	3447	246	289415	81905
empty24-2.scen	61	576	39	1011	6	0.7	14.36	NO SOLUTION	5730	292	369671	107616
empty24-2.scen	61	576	39	1011	7	0.55	15.75	NO SOLUTION	3126	245	450967	133781
empty24-2.scen	61	576	39	1011	8	1.31	18.65	NO SOLUTION	3534	368	544884	163069
empty24-2.scen	61	576	39	1011	9	1.35	12.59	OK	3673	374	640168	193100
empty24-2.scen	62	576	39	1032	0	0	2.56	NO SOLUTION	0	1	33842	0
empty24-2.scen	62	576	39	1032	1	0	2.93	NO SOLUTION	0	1	62831	0
empty24-2.scen	62	576	39	1032	2	0.1	7.13	NO SOLUTION	5569	184	116561	21088
empty24-2.scen	62	576	39	1032	3	0.14	8	NO SOLUTION	3790	154	157390	38574
empty24-2.scen	62	576	39	1032	4	0.29	10.43	NO SOLUTION	3168	233	225425	60556
empty24-2.scen	62	576	39	1032	5	0.55	11.84	NO SOLUTION	4546	387	294011	83379
empty24-2.scen	62	576	39	1032	6	0.6	14.64	NO SOLUTION	5168	289	375644	109438
empty24-2.scen	62	576	39	1032	7	0.84	16.33	NO SOLUTION	3928	321	458391	135999
empty24-2.scen	62	576	39	1032	8	1.54	19.16	NO SOLUTION	4478	488	553930	165749
empty24-2.scen	62	576	39	1032	9	1.38	20.38	NO SOLUTION	4164	336	650911	196266
empty24-2.scen	62	576	39	1032	10	2.01	15.21	OK	11211	483	760392	229805
empty24-2.scen	63	576	39	1049	0	0	2.6	NO SOLUTION	0	1	34190	0
empty24-2.scen	63	576	39	1049	1	0	2.97	NO SOLUTION	0	1	63647	0
empty24-2.scen	63	576	39	1049	2	0.1	7.24	NO SOLUTION	6000	127	118308	21498
empty24-2.scen	63	576	39	1049	3	0.15	8.21	NO SOLUTION	3225	208	160100	39300
empty24-2.scen	63	576	39	1049	4	0.33	10.72	NO SOLUTION	3625	296	229251	61802
empty24-2.scen	63	576	39	1049	5	0.48	12	NO SOLUTION	3888	347	298902	85081
empty24-2.scen	63	576	39	1049	6	0.56	14.84	NO SOLUTION	4506	230	381527	111682
empty24-2.scen	63	576	39	1049	7	0.85	16.73	NO SOLUTION	3326	312	465343	138635
empty24-2.scen	63	576	39	1049	8	1.22	19.19	NO SOLUTION	3857	304	561987	168710
empty24-2.scen	63	576	39	1049	9	1.52	20.95	NO SOLUTION	4401	354	660175	199520
empty24-2.scen	63	576	39	1049	10	2.35	15.82	OK	6534	478	771029	233278
empty24-2.scen	64	576	39	1060	0	0	2.65	NO SOLUTION	0	1	34253	0
empty24-2.scen	64	576	39	1060	1	0	3.04	NO SOLUTION	0	1	63861	0
empty24-2.scen	64	576	39	1060	2	0.1	7.41	NO SOLUTION	6286	131	118891	21613
empty24-2.scen	64	576	39	1060	3	0.15	8.32	NO SOLUTION	3355	188	161070	39487
empty24-2.scen	64	576	39	1060	4	0.29	10.71	NO SOLUTION	3697	243	230778	62055
empty24-2.scen	64	576	39	1060	5	0.46	12.13	NO SOLUTION	4008	317	301023	85463
empty24-2.scen	64	576	39	1060	6	0.69	15.16	NO SOLUTION	4959	334	384408	112206
empty24-2.scen	64	576	39	1060	7	0.91	17.07	NO SOLUTION	4360	342	469011	139379
empty24-2.scen	64	576	39	1060	8	1.08	19.33	NO SOLUTION	3874	266	566586	169656
empty24-2.scen	64	576	39	1060	9	1.71	21.4	NO SOLUTION	4673	394	665678	200728
empty24-2.scen	64	576	39	1060	10	2.01	15.72	OK	6217	417	777546	234739
empty24-2.scen	65	576	39	1071	0	0	2.7	NO SOLUTION	0	1	34404	0
empty24-2.scen	65	576	39	1071	1	0	3.08	NO SOLUTION	0	1	64211	0
empty24-2.scen	65	576	39	1071	2	0.11	7.58	NO SOLUTION	6859	157	119641	21837
empty24-2.scen	65	576	39	1071	3	0.17	8.48	NO SOLUTION	3455	239	162236	39869
empty24-2.scen	65	576	39	1071	4	0.25	10.86	NO SOLUTION	3738	201	232439	62614
empty24-2.scen	65	576	39	1071	5	0.47	12.35	NO SOLUTION	4136	319	303223	86185
empty24-2.scen	65	576	39	1071	6	0.73	15.45	NO SOLUTION	6898	312	387227	113109
empty24-2.scen	65	576	39	1071	7	0.73	17.25	NO SOLUTION	3633	338	472483	140448
empty24-2.scen	65	576	39	1071	8	1.7	20.3	NO SOLUTION	4281	464	570806	170900
empty24-2.scen	65	576	39	1071	9	1.48	21.5	NO SOLUTION	4378	370	670648	202171
empty24-2.scen	65	576	39	1071	10	3.05	16.97	OK	7146	530	783393	236407
empty24-2.scen	66	576	39	1108	0	0	2.8	NO SOLUTION	0	1	35845	0
empty24-2.scen	66	576	39	1108	1	0	3.21	NO SOLUTION	0	1	67862	0
empty24-2.scen	66	576	39	1108	2	0.13	7.86	NO SOLUTION	6835	198	126670	23252
empty24-2.scen	66	576	39	1108	3	0.19	8.88	NO SOLUTION	3659	266	172704	42382
empty24-2.scen	66	576	39	1108	4	0.27	11.34	NO SOLUTION	3607	195	246687	66399
empty24-2.scen	66	576	39	1108	5	0.51	12.82	NO SOLUTION	4205	356	321227	91176
empty24-2.scen	66	576	39	1108	6	0.7	16.05	NO SOLUTION	5870	271	409196	119457
empty24-2.scen	66	576	39	1108	7	0.94	16.88	NO SOLUTION	4148	387	498278	148369
empty24-2.scen	66	576	39	1108	8	1.26	20.4	NO SOLUTION	3938	323	600521	180233
empty24-2.scen	66	576	39	1108	9	1.39	22.14	NO SOLUTION	4350	360	704190	212809
empty24-2.scen	66	576	39	1108	10	2.14	16.51	OK	7431	420	820766	248340
empty24-2.scen	67	576	39	1132	0	0	2.84	NO SOLUTION	0	1	36276	0
empty24-2.scen	67	576	39	1132	1	0	3.25	NO SOLUTION	0	1	68966	0
empty24-2.scen	67	576	39	1132	2	0.11	8.03	NO SOLUTION	3450	205	114835	24443
empty24-2.scen	67	576	39	1132	3	0.22	9.06	NO SOLUTION	4098	253	176414	43517
empty24-2.scen	67	576	39	1132	4	0.39	11.67	NO SOLUTION	4365	299	251676	68265
empty24-2.scen	67	576	39	1132	5	0.35	12.94	NO SOLUTION	3692	238	327482	93581
empty24-2.scen	67	576	39	1132	6	0.79	16.44	NO SOLUTION	8100	424	416780	122259
empty24-2.scen	67	576	39	1132	7	0.87	17.22	NO SOLUTION	4621	283	507308	151470
empty24-2.scen	67	576	39	1132	8	1.43	20.99	NO SOLUTION	4230	426	611119	183639
empty24-2.scen	67	576	39	1132	9	1.52	22.82	NO SOLUTION	5065	348	716464	216599
empty24-2.scen	67	576	39	1132	10	2.17	16.75	OK	8254	421	834827	252550
empty24-2.scen	68	576	39	1141	0	0	2.88	NO SOLUTION	0	1	36359	0
empty24-2.scen	68	576	39	1141	1	0	3.31	NO SOLUTION	0	1	69129	0
empty24-2.scen	68	576	39	1141	2	0.1	8.13	NO SOLUTION	3750	205	115323	24309
empty24-2.scen	68	576	39	1141	3	0.17	9.14	NO SOLUTION	4073	182	177253	43302
empty24-2.scen	68	576	39	1141	4	0.31	11.77	NO SOLUTION	3543	192	253000	68165
empty24-2.scen	68	576	39	1141	5	0.32	13.1	NO SOLUTION	3959	186	329254	93643
empty24-2.scen	68	576	39	1141	6	0.52	16.53	NO SOLUTION	4494	262	419052	122485
empty24-2.scen	68	576	39	1141	7	0.88	17.49	NO SOLUTION	4707	277	510146	151817
empty24-2.scen	68	576	39	1141	8	1.05	20.9	NO SOLUTION	4084	235	614687	184135
empty24-2.scen	68	576	39	1141	9	1.2	22.72	NO SOLUTION	4801	343	720810	217272
empty24-2.scen	68	576	39	1141	10	2.13	16.95	OK	4854	371	840121	253436
empty24-2.scen	69	576	39	1159	0	0	2.97	NO SOLUTION	0	1	36683	0
empty24-2.scen	69	576	39	1159	1	0	3.38	NO SOLUTION	0	1	69985	0
empty24-2.scen	69	576	39	1159	2	0.1	8.3	NO SOLUTION	3650	158	117114	24693
empty24-2.scen	69	576	39	1159	3	0.15	9.31	NO SOLUTION	4143	138	179889	43935
empty24-2.scen	69	576	39	1159	4	0.38	12.07	NO SOLUTION	3973	224	256606	69045
empty24-2.scen	69	576	39	1159	5	0.28	13.38	NO SOLUTION	3389	184	333919	94787
empty24-2.scen	69	576	39	1159	6	0.65	16.95	NO SOLUTION	5403	245	424979	123860
empty24-2.scen	69	576	39	1159	7	0.84	17.83	NO SOLUTION	4649	288	517412	153507
empty24-2.scen	69	576	39	1159	8	0.91	21.13	NO SOLUTION	4675	217	623542	186185
empty24-2.scen	69	576	39	1159	9	1.41	23.48	NO SOLUTION	5636	438	731306	219750
empty24-2.scen	69	576	39	1159	10	1.91	17.39	OK	4718	395	852508	256395
empty24-2.scen	70	576	39	1167	0	0	2.97	NO SOLUTION	0	1	36757	0
empty24-2.scen	70	576	39	1167	1	0	3.45	NO SOLUTION	0	1	70192	0
empty24-2.scen	70	576	39	1167	2	0.11	8.38	NO SOLUTION	3605	256	117657	24791
empty24-2.scen	70	576	39	1167	3	0.16	9.5	NO SOLUTION	4420	166	180723	44090
empty24-2.scen	70	576	39	1167	4	0.33	12.27	NO SOLUTION	3996	224	257802	69273
empty24-2.scen	70	576	39	1167	5	0.39	13.69	NO SOLUTION	3736	217	335516	95051
empty24-2.scen	70	576	39	1167	6	0.62	17.17	NO SOLUTION	5183	228	427075	124204
empty24-2.scen	70	576	39	1167	7	0.83	17.91	NO SOLUTION	4948	268	520048	153935
empty24-2.scen	70	576	39	1167	8	1.03	21.47	NO SOLUTION	4346	282	626851	186747
empty24-2.scen	70	576	39	1167	9	1.1	23.4	NO SOLUTION	5026	233	735313	220446
empty24-2.scen	70	576	39	1167	10	1.85	17.44	OK	4490	364	857355	257282
empty24-2.scen	71	576	39	1199	0	0	3.08	NO SOLUTION	0	1	37835	0
empty24-2.scen	71	576	39	1199	1	0	3.53	NO SOLUTION	0	1	72810	0
empty24-2.scen	71	576	39	1199	2	0.11	8.69	NO SOLUTION	3688	198	122697	25810
empty24-2.scen	71	576	39	1199	3	0.18	10.01	NO SOLUTION	4371	232	188056	45820
empty24-2.scen	71	576	39	1199	4	0.36	12.61	NO SOLUTION	3624	200	267667	71727
empty24-2.scen	71	576	39	1199	5	0.42	14.06	NO SOLUTION	3625	233	347855	98152
empty24-2.scen	71	576	39	1199	6	0.53	17.56	NO SOLUTION	5745	232	442104	128094
empty24-2.scen	71	576	39	1199	7	0.91	18.64	NO SOLUTION	5223	312	537764	158589
empty24-2.scen	71	576	39	1199	8	0.99	22.02	NO SOLUTION	4556	218	647404	192284
empty24-2.scen	71	576	39	1199	9	1.13	23.99	NO SOLUTION	4238	289	758730	226814
empty24-2.scen	71	576	39	1199	10	1.76	17.71	OK	5452	384	883711	264404
empty24-2.scen	72	576	39	1201	0	0	3.15	NO SOLUTION	0	1	37796	0
empty24-2.scen	72	576	39	1201	1	0	3.61	NO SOLUTION	0	1	72828	0
empty24-2.scen	72	576	39	1201	2	0.1	8.73	NO SOLUTION	3753	171	122771	25663
empty24-2.scen	72	576	39	1201	3	0.22	9.98	NO SOLUTION	4577	267	188207	45554
empty24-2.scen	72	576	39	1201	4	0.35	12.78	NO SOLUTION	3807	218	267932	71438
empty24-2.scen	72	576	39	1201	5	0.3	14.11	NO SOLUTION	3499	176	348266	97859
empty24-2.scen	72	576	39	1201	6	0.47	17.48	NO SOLUTION	4387	222	442732	127802
empty24-2.scen	72	576	39	1201	7	0.91	18.72	NO SOLUTION	5311	340	538627	158319
empty24-2.scen	72	576	39	1201	8	1.23	22.55	NO SOLUTION	4596	352	648616	192077
empty24-2.scen	72	576	39	1201	9	1.01	24.19	NO SOLUTION	4173	224	760315	226656
empty24-2.scen	72	576	39	1201	10	1.83	18.03	OK	5208	444	885801	264329
empty24-2.scen	73	576	39	1209	0	0	3.17	NO SOLUTION	0	1	37853	0
empty24-2.scen	73	576	39	1209	1	0	3.66	NO SOLUTION	0	1	73045	0
empty24-2.scen	73	576	39	1209	2	0.11	8.88	NO SOLUTION	3414	228	123219	25662
empty24-2.scen	73	576	39	1209	3	0.16	10.07	NO SOLUTION	4388	162	188917	45546
empty24-2.scen	73	576	39	1209	4	0.34	12.91	NO SOLUTION	3749	228	269005	71473
empty24-2.scen	73	576	39	1209	5	0.29	14.24	NO SOLUTION	4212	163	349732	97917
empty24-2.scen	73	576	39	1209	6	0.49	17.94	NO SOLUTION	4234	222	444741	127965
empty24-2.scen	73	576	39	1209	7	0.67	19.01	NO SOLUTION	4254	226	541228	158620
empty24-2.scen	73	576	39	1209	8	1.04	22.8	NO SOLUTION	4031	307	651990	192523
empty24-2.scen	73	576	39	1209	9	1.32	24.79	NO SOLUTION	5270	318	764500	227298
empty24-2.scen	73	576	39	1209	10	2.91	19.31	OK	5659	691	891001	265196
empty24-2.scen	74	576	39	1225	0	0	3.21	NO SOLUTION	0	1	38042	0
empty24-2.scen	74	576	39	1225	1	0	3.73	NO SOLUTION	0	1	73676	0
empty24-2.scen	74	576	39	1225	2	0.1	8.98	NO SOLUTION	4265	205	124503	26039
empty24-2.scen	74	576	39	1225	3	0.16	10.21	NO SOLUTION	4714	160	190827	46178
empty24-2.scen	74	576	39	1225	4	0.3	13.12	NO SOLUTION	4649	220	271700	72262
empty24-2.scen	74	576	39	1225	5	0.36	14.6	NO SOLUTION	4846	249	353316	98834
empty24-2.scen	74	576	39	1225	6	0.48	18.11	NO SOLUTION	5112	220	449455	129094
empty24-2.scen	74	576	39	1225	7	0.86	19.48	NO SOLUTION	4428	302	547145	160007
empty24-2.scen	74	576	39	1225	8	1.11	23.19	NO SOLUTION	4726	327	659384	194287
empty24-2.scen	74	576	39	1225	9	1.14	25.03	NO SOLUTION	5967	281	773429	229458
empty24-2.scen	74	576	39	1225	10	1.77	18.48	OK	4683	351	901765	267821
empty24-2.scen	75	576	39	1235	0	0	3.24	NO SOLUTION	0	1	38141	0
empty24-2.scen	75	576	39	1235	1	0	3.78	NO SOLUTION	0	1	73938	0
empty24-2.scen	75	576	39	1235	2	0.11	9.14	NO SOLUTION	3892	227	125134	26172
empty24-2.scen	75	576	39	1235	3	0.16	10.42	NO SOLUTION	4168	141	191884	46402
empty24-2.scen	75	576	39	1235	4	0.3	13.25	NO SOLUTION	4617	217	273274	72631
empty24-2.scen	75	576	39	1235	5	0.32	14.76	NO SOLUTION	4425	187	355414	99368
empty24-2.scen	75	576	39	1235	6	0.55	18.4	NO SOLUTION	7611	252	452116	129805
empty24-2.scen	75	576	39	1235	7	0.8	19.57	NO SOLUTION	4412	285	550368	160951
empty24-2.scen	75	576	39	1235	8	1.15	23.59	NO SOLUTION	4947	327	663248	195394
empty24-2.scen	75	576	39	1235	9	1.19	25.4	NO SOLUTION	4980	287	777959	230733
empty24-2.scen	75	576	39	1235	10	2.18	19.16	OK	6679	382	907047	269239
empty24-2.scen	76	576	39	1253	0	0	3.43	NO SOLUTION	0	1	38400	0
empty24-2.scen	76	576	39	1253	1	0	3.83	NO SOLUTION	0	1	74729	0
empty24-2.scen	76	576	39	1253	2	0.11	9.28	NO SOLUTION	4601	214	126776	26413
empty24-2.scen	76	576	39	1253	3	0.16	10.58	NO SOLUTION	4576	146	194404	46910
empty24-2.scen	76	576	39	1253	4	0.27	13.46	NO SOLUTION	4232	179	276958	73497
empty24-2.scen	76	576	39	1253	5	0.31	15.06	NO SOLUTION	4057	164	360270	100600
empty24-2.scen	76	576	39	1253	6	0.6	18.79	NO SOLUTION	5627	270	458291	131371
empty24-2.scen	76	576	39	1253	7	0.68	19.76	NO SOLUTION	4319	214	557865	162935
empty24-2.scen	76	576	39	1253	8	1	23.9	NO SOLUTION	4544	260	672175	197813
empty24-2.scen	76	576	39	1253	9	1.48	26.18	NO SOLUTION	5666	360	788395	233639
empty24-2.scen	76	576	39	1253	10	1.85	19	OK	5975	373	919201	272595
empty24-2.scen	77	576	39	1268	0	0	3.4	NO SOLUTION	0	1	38596	0
empty24-2.scen	77	576	39	1268	1	0	3.9	NO SOLUTION	0	1	75209	0
empty24-2.scen	77	576	39	1268	2	0.09	9.43	NO SOLUTION	3495	152	127916	26729
empty24-2.scen	77	576	39	1268	3	0.17	10.7	NO SOLUTION	4820	198	196099	47441
empty24-2.scen	77	576	39	1268	4	0.31	13.68	NO SOLUTION	5502	227	279460	74223
empty24-2.scen	77	576	39	1268	5	0.35	15.33	NO SOLUTION	4977	224	363595	101548
empty24-2.scen	77	576	39	1268	6	0.51	19.01	NO SOLUTION	5292	196	462676	132573
empty24-2.scen	77	576	39	1268	7	0.74	20.24	NO SOLUTION	4684	237	563310	164458
empty24-2.scen	77	576	39	1268	8	1.12	24.33	NO SOLUTION	4875	341	678875	199712
empty24-2.scen	77	576	39	1268	9	1.38	26.43	NO SOLUTION	9291	266	796387	235940
empty24-2.scen	77	576	39	1268	10	2.15	19.67	OK	6671	438	928561	275355
empty24-2.scen	78	576	39	1276	0	0	3.4	NO SOLUTION	0	1	38649	0
empty24-2.scen	78	576	39	1276	1	0	3.98	NO SOLUTION	0	1	75335	0
empty24-2.scen	78	576	39	1276	2	0.1	9.59	NO SOLUTION	4586	165	128262	26716
empty24-2.scen	78	576	39	1276	3	0.17	10.88	NO SOLUTION	4724	167	196654	47383
empty24-2.scen	78	576	39	1276	4	0.28	13.84	NO SOLUTION	5199	197	280378	74168
empty24-2.scen	78	576	39	1276	5	0.38	15.53	NO SOLUTION	4602	216	364875	101531
empty24-2.scen	78	576	39	1276	6	0.69	19.5	NO SOLUTION	7431	259	464489	132698
empty24-2.scen	78	576	39	1276	7	0.82	20.63	NO SOLUTION	6016	235	565672	164645
empty24-2.scen	78	576	39	1276	8	0.99	24.46	NO SOLUTION	5337	233	681938	200045
empty24-2.scen	78	576	39	1276	9	1.52	26.87	NO SOLUTION	6843	319	800180	236476
empty24-2.scen	78	576	39	1276	10	2.58	20.28	OK	11323	458	933231	276084
empty24-2.scen	79	576	39	1283	0	0	3.47	NO SOLUTION	0	1	38672	0
empty24-2.scen	79	576	39	1283	1	0	4	NO SOLUTION	0	1	75464	0
empty24-2.scen	79	576	39	1283	2	0.11	9.71	NO SOLUTION	4495	170	128641	26642
empty24-2.scen	79	576	39	1283	3	0.22	11	NO SOLUTION	5003	241	197284	47405
empty24-2.scen	79	576	39	1283	4	0.3	14.05	NO SOLUTION	4822	235	281332	74259
empty24-2.scen	79	576	39	1283	5	0.34	15.68	NO SOLUTION	4709	185	366124	101739
empty24-2.scen	79	576	39	1283	6	0.61	19.68	NO SOLUTION	4924	252	466120	132974
empty24-2.scen	79	576	39	1283	7	0.94	20.89	NO SOLUTION	5184	310	567728	165015
empty24-2.scen	79	576	39	1283	8	1.23	25.07	NO SOLUTION	5517	343	684537	200488
empty24-2.scen	79	576	39	1283	9	2.17	27.83	NO SOLUTION	5636	484	803356	237023
empty24-2.scen	79	576	39	1283	10	3	32.74	NO SOLUTION	8806	436	937114	276762
empty24-2.scen	79	576	39	1283	11	2.47	21.91	OK	7271	331	1073069	317962
empty24-2.scen	80	576	39	1284	0	0	3.51	NO SOLUTION	0	1	38660	0
empty24-2.scen	80	576	39	1284	1	0	4.06	NO SOLUTION	0	1	75473	0
empty24-2.scen	80	576	39	1284	2	0.11	9.9	NO SOLUTION	4295	186	128686	26398
empty24-2.scen	80	576	39	1284	3	0.21	11.17	NO SOLUTION	4906	212	197377	47010
empty24-2.scen	80	576	39	1284	4	0.37	14.28	NO SOLUTION	5884	276	281544	73805
empty24-2.scen	80	576	39	1284	5	0.36	15.87	NO SOLUTION	4699	216	366469	101229
empty24-2.scen	80	576	39	1284	6	0.66	19.92	NO SOLUTION	6184	293	466664	132487
empty24-2.scen	80	576	39	1284	7	0.93	21.18	NO SOLUTION	4945	260	568448	164603
empty24-2.scen	80	576	39	1284	8	1.07	25.18	NO SOLUTION	5135	277	685533	200122
empty24-2.scen	80	576	39	1284	9	1.92	27.92	NO SOLUTION	5512	409	804663	236686
empty24-2.scen	80	576	39	1284	10	2.55	32.61	NO SOLUTION	9448	317	938855	276481
empty24-2.scen	80	576	39	1284	11	2.91	22.61	OK	11250	465	1075270	317772
empty24-2.scen	81	576	39	1298	0	0	3.55	NO SOLUTION	0	1	38770	0
empty24-2.scen	81	576	39	1298	1	0	4.14	NO SOLUTION	0	1	75658	0
empty24-2.scen	81	576	39	1298	2	0.14	10.03	NO SOLUTION	4443	209	129288	26540
empty24-2.scen	81	576	39	1298	3	0.28	11.4	NO SOLUTION	5369	265	198321	47200
empty24-2.scen	81	576	39	1298	4	0.42	14.48	NO SOLUTION	5039	249	283013	74033
empty24-2.scen	81	576	39	1298	5	0.68	16.41	NO SOLUTION	4179	296	368535	101497
empty24-2.scen	81	576	39	1298	6	0.85	19.69	NO SOLUTION	5000	277	469550	132909
empty24-2.scen	81	576	39	1298	7	1.07	21.68	NO SOLUTION	5088	300	572206	165267
empty24-2.scen	81	576	39	1298	8	1.76	26.2	NO SOLUTION	8210	405	690413	201078
empty24-2.scen	81	576	39	1298	9	2.2	28.6	NO SOLUTION	5749	373	810715	237953
empty24-2.scen	81	576	39	1298	10	3.56	34.26	NO SOLUTION	14356	461	946359	278104
empty24-2.scen	81	576	39	1298	11	4.62	24.66	OK	13426	533	1084274	319787
empty24-2.scen	82	576	39	1314	0	0	3.58	NO SOLUTION	0	1	38933	0
empty24-2.scen	82	576	39	1314	1	0	4.2	NO SOLUTION	0	1	76298	0
empty24-2.scen	82	576	39	1314	2	0.17	10.2	NO SOLUTION	4612	255	130504	26927
empty24-2.scen	82	576	39	1314	3	0.34	11.68	NO SOLUTION	5218	282	200098	47761
empty24-2.scen	82	576	39	1314	4	0.4	14.8	NO SOLUTION	4967	262	285579	74699
empty24-2.scen	82	576	39	1314	5	0.68	16.72	NO SOLUTION	4597	320	371920	102342
empty24-2.scen	82	576	39	1314	6	1.03	20.15	NO SOLUTION	5425	285	473966	133976
empty24-2.scen	82	576	39	1314	7	1.27	22.09	NO SOLUTION	4999	331	577687	166618
empty24-2.scen	82	576	39	1314	8	1.58	26.49	NO SOLUTION	6137	413	697176	202738
empty24-2.scen	82	576	39	1314	9	2.45	29.35	NO SOLUTION	6304	451	818802	239969
empty24-2.scen	82	576	39	1314	10	3.14	34.19	NO SOLUTION	17958	488	955995	280525
empty24-2.scen	82	576	39	1314	11	5.16	25.45	OK	21012	573	1095501	322641
empty24-2.scen	83	576	39	1323	0	0	3.65	NO SOLUTION	0	1	39032	0
empty24-2.scen	83	576	39	1323	1	0	4.29	NO SOLUTION	0	1	76519	0
empty24-2.scen	83	576	39	1323	2	0.12	10.37	NO SOLUTION	3817	230	131080	27000
empty24-2.scen	83	576	39	1323	3	0.19	11.65	NO SOLUTION	4878	149	200990	47874
empty24-2.scen	83	576	39	1323	4	0.36	14.94	NO SOLUTION	5564	249	286906	74885
empty24-2.scen	83	576	39	1323	5	0.76	17.02	NO SOLUTION	4693	341	373706	102591
empty24-2.scen	83	576	39	1323	6	1.19	20.59	NO SOLUTION	7795	433	476380	134360
empty24-2.scen	83	576	39	1323	7	1.32	22.52	NO SOLUTION	5116	335	580783	167139
empty24-2.scen	83	576	39	1323	8	1.92	27.13	NO SOLUTION	9453	434	701141	203447
empty24-2.scen	83	576	39	1323	9	2.39	29.63	NO SOLUTION	5323	390	823679	240921
empty24-2.scen	83	576	39	1323	10	2.69	34.17	NO SOLUTION	8235	343	961951	281739
empty24-2.scen	83	576	39	1323	11	6.38	27.12	OK	14728	646	1102565	324146
empty24-2.scen	84	576	39	1347	0	0	3.73	NO SOLUTION	0	1	39669	0
empty24-2.scen	84	576	39	1347	1	0	4.39	NO SOLUTION	0	1	78129	0
empty24-2.scen	84	576	39	1347	2	0.14	10.57	NO SOLUTION	4365	207	134215	27858
empty24-2.scen	84	576	39	1347	3	0.31	11.98	NO SOLUTION	4784	280	205560	49194
empty24-2.scen	84	576	39	1347	4	0.6	15.53	NO SOLUTION	6094	393	293210	76651
empty24-2.scen	84	576	39	1347	5	0.48	17.1	NO SOLUTION	5005	204	381721	104837
empty24-2.scen	84	576	39	1347	6	0.95	20.71	NO SOLUTION	5296	308	486273	137075
empty24-2.scen	84	576	39	1347	7	1.24	23.03	NO SOLUTION	7848	344	592580	170352
empty24-2.scen	84	576	39	1347	8	1.61	27.26	NO SOLUTION	6366	290	714987	207187
empty24-2.scen	84	576	39	1347	9	2.9	30.88	NO SOLUTION	7959	429	839631	245215
empty24-2.scen	84	576	39	1347	10	3.34	35.6	NO SOLUTION	9790	445	980164	286585
empty24-2.scen	84	576	39	1347	11	4.25	25.3	OK	9872	419	1123127	329581
empty24-2.scen	85	576	39	1359	0	0	3.77	NO SOLUTION	0	1	39857	0
empty24-2.scen	85	576	39	1359	1	0	4.48	NO SOLUTION	0	1	78574	0
empty24-2.scen	85	576	39	1359	2	0.13	10.63	NO SOLUTION	4766	232	135166	28073
empty24-2.scen	85	576	39	1359	3	0.24	12.05	NO SOLUTION	4732	213	207009	49501
empty24-2.scen	85	576	39	1359	4	0.54	15.69	NO SOLUTION	5873	327	295292	77086
empty24-2.scen	85	576	39	1359	5	0.53	17.35	NO SOLUTION	5665	307	384462	105446
empty24-2.scen	85	576	39	1359	6	0.98	21.12	NO SOLUTION	5394	316	489809	137868
empty24-2.scen	85	576	39	1359	7	1.32	23.23	NO SOLUTION	5752	352	596949	171401
empty24-2.scen	85	576	39	1359	8	1.23	27.24	NO SOLUTION	6564	282	720346	208477
empty24-2.scen	85	576	39	1359	9	3.27	31.56	NO SOLUTION	11469	612	846028	246773
empty24-2.scen	85	576	39	1359	10	4.31	36.98	NO SOLUTION	9253	510	987769	288448
empty24-2.scen	85	576	39	1359	11	4.84	26.34	OK	14316	594	1131976	331783
empty24-2.scen	86	576	39	1387	0	0	3.85	NO SOLUTION	0	1	40702	0
empty24-2.scen	86	576	39	1387	1	0	4.55	NO SOLUTION	0	1	80743	0
empty24-2.scen	86	576	39	1387	2	0.16	10.96	NO SOLUTION	5287	267	139367	28920
empty24-2.scen	86	576	39	1387	3	0.21	12.2	NO SOLUTION	5048	159	213040	50829
empty24-2.scen	86	576	39	1387	4	0.42	15.87	NO SOLUTION	7316	258	303490	79001
empty24-2.scen	86	576	39	1387	5	0.51	17.75	NO SOLUTION	4621	253	394797	107990
empty24-2.scen	86	576	39	1387	6	1.07	21.65	NO SOLUTION	5735	322	502562	141207
empty24-2.scen	86	576	39	1387	7	0.88	23.28	NO SOLUTION	4384	222	612211	175486
empty24-2.scen	86	576	39	1387	8	1.24	27.71	NO SOLUTION	7173	236	738363	213377
empty24-2.scen	86	576	39	1387	9	2.82	31.86	NO SOLUTION	11514	383	866876	252510
empty24-2.scen	86	576	39	1387	10	2.69	36.11	NO SOLUTION	7384	255	1011675	295113
empty24-2.scen	86	576	39	1387	11	3.89	25.79	OK	9401	375	1159017	339418
empty24-2.scen	87	576	39	1402	0	0	3.95	NO SOLUTION	0	1	40909	0
empty24-2.scen	87	576	39	1402	1	0	4.62	NO SOLUTION	0	1	81375	0
empty24-2.scen	87	576	39	1402	2	0.18	11.12	NO SOLUTION	5565	299	140644	29311
empty24-2.scen	87	576	39	1402	3	0.29	12.56	NO SOLUTION	5335	224	214977	51385
empty24-2.scen	87	576	39	1402	4	0.48	16.21	NO SOLUTION	5667	280	306289	79755
empty24-2.scen	87	576	39	1402	5	0.69	18.23	NO SOLUTION	5229	312	398452	109023
empty24-2.scen	87	576	39	1402	6	1.5	22.4	NO SOLUTION	6454	435	507242	142557
empty24-2.scen	87	576	39	1402	7	1.36	24.13	NO SOLUTION	6202	351	617926	177169
empty24-2.scen	87	576	39	1402	8	1.72	28.76	NO SOLUTION	8061	325	745327	215347
empty24-2.scen	87	576	39	1402	9	2.53	32.32	NO SOLUTION	15406	389	875151	254785
empty24-2.scen	87	576	39	1402	10	4.32	38.38	NO SOLUTION	14012	549	1021482	297714
empty24-2.scen	87	576	39	1402	11	6.72	29.02	OK	12598	528	1170415	342400
empty24-2.scen	88	576	39	1413	0	0	4.01	NO SOLUTION	0	1	40983	0
empty24-2.scen	88	576	39	1413	1	0	4.66	NO SOLUTION	0	1	81510	0
empty24-2.scen	88	576	39	1413	2	0.15	11.21	NO SOLUTION	5169	221	141140	29461
empty24-2.scen	88	576	39	1413	3	0.27	12.63	NO SOLUTION	5167	209	215819	51699
empty24-2.scen	88	576	39	1413	4	0.55	16.48	NO SOLUTION	6731	340	307510	80273
empty24-2.scen	88	576	39	1413	5	0.54	18.31	NO SOLUTION	6123	247	400051	109677
empty24-2.scen	88	576	39	1413	6	1.62	22.87	NO SOLUTION	8784	381	509344	143294
empty24-2.scen	88	576	39	1413	7	1.38	24.48	NO SOLUTION	6433	352	620588	178012
empty24-2.scen	88	576	39	1413	8	2.08	29.45	NO SOLUTION	9279	405	748657	216314
empty24-2.scen	88	576	39	1413	9	2.19	31.92	NO SOLUTION	10740	330	879198	255902
empty24-2.scen	88	576	39	1413	10	5.19	39.42	NO SOLUTION	22394	746	1026387	298988
empty24-2.scen	88	576	39	1413	11	5.02	27.69	OK	11889	430	1176206	343888
empty24-2.scen	89	576	39	1427	0	0	4.04	NO SOLUTION	0	1	41119	0
empty24-2.scen	89	576	39	1427	1	0	4.75	NO SOLUTION	0	1	82022	0
empty24-2.scen	89	576	39	1427	2	0.18	11.4	NO SOLUTION	5870	268	142181	29759
empty24-2.scen	89	576	39	1427	3	0.33	12.89	NO SOLUTION	5958	331	217356	52173
empty24-2.scen	89	576	39	1427	4	0.51	16.72	NO SOLUTION	6270	289	309643	80909
empty24-2.scen	89	576	39	1427	5	0.74	18.86	NO SOLUTION	5500	305	402822	110482
empty24-2.scen	89	576	39	1427	6	1.5	22.86	NO SOLUTION	13646	453	512899	144282
empty24-2.scen	89	576	39	1427	7	1.06	24.45	NO SOLUTION	7653	245	624954	179206
empty24-2.scen	89	576	39	1427	8	1.93	29.74	NO SOLUTION	8956	315	753937	217730
empty24-2.scen	89	576	39	1427	9	2.88	33.15	NO SOLUTION	8165	429	885432	257555
empty24-2.scen	89	576	39	1427	10	3.52	38.36	NO SOLUTION	10811	451	1033741	300857
empty24-2.scen	89	576	39	1427	11	4.34	27.34	OK	11827	358	1199328	345710
empty24-2.scen	90	576	39	1450	0	0	4.11	NO SOLUTION	0	1	41683	0
empty24-2.scen	90	576	39	1450	1	0	4.8	NO SOLUTION	0	1	69819	0
empty24-2.scen	90	576	39	1450	2	0.17	11.57	NO SOLUTION	6301	247	145071	30498
empty24-2.scen	90	576	39	1450	3	0.28	13.08	NO SOLUTION	5035	221	221646	53272
empty24-2.scen	90	576	39	1450	4	0.57	17.14	NO SOLUTION	7429	381	315529	82444
empty24-2.scen	90	576	39	1450	5	0.62	18.94	NO SOLUTION	4948	214	410413	112464
empty24-2.scen	90	576	39	1450	6	1.18	23.03	NO SOLUTION	8039	273	522417	146688
empty24-2.scen	90	576	39	1450	7	1.5	25.46	NO SOLUTION	8772	351	636463	182150
empty24-2.scen	90	576	39	1450	8	2.23	30.45	NO SOLUTION	8961	388	767673	221239
empty24-2.scen	90	576	39	1450	9	2.76	33.65	NO SOLUTION	9350	418	901448	261705
empty24-2.scen	90	576	39	1450	10	7.12	42.64	NO SOLUTION	18731	986	1052276	305653
empty24-2.scen	90	576	39	1450	11	7.4	30.8	OK	15508	607	1220475	351219
empty24-2.scen	91	576	39	1470	0	0	4.15	NO SOLUTION	0	1	41900	0
empty24-2.scen	91	576	39	1470	1	0	4.87	NO SOLUTION	0	1	70584	0
empty24-2.scen	91	576	39	1470	2	0.17	11.74	NO SOLUTION	5931	233	146696	30791
empty24-2.scen	91	576	39	1470	3	0.27	13.29	NO SOLUTION	5667	246	224093	53778
empty24-2.scen	91	576	39	1470	4	0.5	17.22	NO SOLUTION	6677	329	318929	83223
empty24-2.scen	91	576	39	1470	5	0.87	19.6	NO SOLUTION	6238	332	414732	113508
empty24-2.scen	91	576	39	1470	6	1.06	23.26	NO SOLUTION	8977	306	527806	147993
empty24-2.scen	91	576	39	1470	7	1.28	25.63	NO SOLUTION	6786	351	642908	183770
empty24-2.scen	91	576	39	1470	8	1.58	30.24	NO SOLUTION	7764	265	775370	223213
empty24-2.scen	91	576	39	1470	9	2.97	34.12	NO SOLUTION	10775	444	910369	264084
empty24-2.scen	91	576	39	1470	10	3.31	39.53	NO SOLUTION	10164	334	1062621	308381
empty24-2.scen	91	576	39	1470	11	5.26	28.94	OK	12402	407	1232149	354332
empty24-2.scen	92	576	39	1483	0	0	4.25	NO SOLUTION	0	1	42083	0
empty24-2.scen	92	576	39	1483	1	0	4.93	NO SOLUTION	0	1	71075	0
empty24-2.scen	92	576	39	1483	2	0.19	11.94	NO SOLUTION	6208	255	147820	31094
empty24-2.scen	92	576	39	1483	3	0.36	13.58	NO SOLUTION	6050	314	225800	54329
empty24-2.scen	92	576	39	1483	4	0.43	17.38	NO SOLUTION	6193	303	321321	83998
empty24-2.scen	92	576	39	1483	5	0.86	19.83	NO SOLUTION	6025	311	417825	114470
empty24-2.scen	92	576	39	1483	6	1.11	23.67	NO SOLUTION	7479	276	531768	149104
empty24-2.scen	92	576	39	1483	7	1.04	25.85	NO SOLUTION	7617	270	647801	185052
empty24-2.scen	92	576	39	1483	8	1.57	30.69	NO SOLUTION	8510	330	781382	224700
empty24-2.scen	92	576	39	1483	9	2.34	34.03	NO SOLUTION	7905	328	917545	265846
empty24-2.scen	92	576	39	1483	10	3.99	40.63	NO SOLUTION	15258	435	1071157	310454
empty24-2.scen	92	576	39	1483	11	4.77	28.73	OK	10755	388	1242112	356761
empty24-2.scen	93	576	39	1490	0	0	4.26	NO SOLUTION	0	1	42127	0
empty24-2.scen	93	576	39	1490	1	0	5.05	NO SOLUTION	0	1	71176	0
empty24-2.scen	93	576	39	1490	2	0.21	12.08	NO SOLUTION	6790	311	148127	31141
empty24-2.scen	93	576	39	1490	3	0.28	13.79	NO SOLUTION	5387	246	226333	54417
empty24-2.scen	93	576	39	1490	4	0.6	17.76	NO SOLUTION	6804	391	322166	84244
empty24-2.scen	93	576	39	1490	5	0.48	19.68	NO SOLUTION	5993	257	418995	114843
empty24-2.scen	93	576	39	1490	6	1.46	24.36	NO SOLUTION	9022	436	533322	149607
empty24-2.scen	93	576	39	1490	7	1.24	26.38	NO SOLUTION	8763	325	649765	185647
empty24-2.scen	93	576	39	1490	8	2.24	31.68	NO SOLUTION	11097	393	783848	225352
empty24-2.scen	93	576	39	1490	9	2.68	34.73	NO SOLUTION	13144	469	920533	266617
empty24-2.scen	93	576	39	1490	10	4.36	41.55	NO SOLUTION	16249	482	1074737	311342
empty24-2.scen	93	576	39	1490	11	6.66	31.06	OK	18382	676	1246337	357786
empty24-2.scen	94	576	39	1513	0	0	4.36	NO SOLUTION	0	1	42381	0
empty24-2.scen	94	576	39	1513	1	0	5.08	NO SOLUTION	0	1	72109	0
empty24-2.scen	94	576	39	1513	2	0.25	12.31	NO SOLUTION	6874	293	149973	31543
empty24-2.scen	94	576	39	1513	3	0.33	14	NO SOLUTION	6642	295	229091	54979
empty24-2.scen	94	576	39	1513	4	0.93	18.43	NO SOLUTION	10410	663	326124	84992
empty24-2.scen	94	576	39	1513	5	0.99	20.5	NO SOLUTION	7605	436	424238	115836
empty24-2.scen	94	576	39	1513	6	1.31	24.54	NO SOLUTION	9909	414	540141	150935
empty24-2.scen	94	576	39	1513	7	1.81	27.37	NO SOLUTION	13458	520	658226	187344
empty24-2.scen	94	576	39	1513	8	4.08	34.08	NO SOLUTION	17142	898	794236	227522
empty24-2.scen	94	576	39	1513	9	2.88	35.45	NO SOLUTION	9917	697	932897	269278
empty24-2.scen	94	576	39	1513	10	5.96	43.66	NO SOLUTION	39471	1203	1089363	314563
empty24-2.scen	94	576	39	1513	11	7.99	48.78	NO SOLUTION	22623	887	1263298	361593
