empty24-4.scen	1	576	21	21	0	0	0.05	OK	13	0	214	36
empty24-4.scen	2	576	21	36	0	0	0.04	OK	13	0	229	36
empty24-4.scen	3	576	21	55	0	0	0.04	OK	21	0	248	19
empty24-4.scen	4	576	31	86	0	0	0.09	OK	33	0	2222	74
empty24-4.scen	5	576	31	101	0	0	0.1	OK	52	0	2645	97
empty24-4.scen	6	576	31	119	0	0	0.14	OK	70	0	3209	126
empty24-4.scen	7	576	31	126	0	0	0.13	OK	67	0	3286	133
empty24-4.scen	8	576	31	138	0	0	0.14	OK	71	0	3298	133
empty24-4.scen	9	576	31	161	0	0	0.18	OK	63	0	4514	172
empty24-4.scen	10	576	31	173	0	0	0.19	OK	81	0	4812	189
empty24-4.scen	11	576	31	189	0	0	0.21	OK	85	0	4915	190
empty24-4.scen	12	576	31	212	0	0	0.25	OK	109	0	6013	227
empty24-4.scen	13	576	31	214	0	0	0.25	OK	109	0	6014	226
empty24-4.scen	14	576	31	223	0	0	0.26	OK	103	0	6135	231
empty24-4.scen	15	576	31	243	0	0	0.29	OK	110	0	6636	253
empty24-4.scen	16	576	31	264	0	0	0.31	OK	113	0	7161	288
empty24-4.scen	17	576	31	274	0	0	0.32	OK	113	0	7171	288
empty24-4.scen	18	576	31	289	0	0	0.35	OK	116	0	7591	309
empty24-4.scen	19	576	31	299	0	0	0.36	OK	111	0	7596	309
empty24-4.scen	20	576	31	315	0	0	0.38	OK	126	0	8115	333
empty24-4.scen	21	576	31	340	0	0	0.43	OK	176	0	9584	374
empty24-4.scen	22	576	31	353	0	0	0.45	OK	179	0	9670	385
empty24-4.scen	23	576	31	377	0	0	0.5	OK	199	0	10657	426
empty24-4.scen	24	576	31	396	0	0	0.52	OK	200	0	11261	457
empty24-4.scen	25	576	31	412	0	0	0.54	OK	214	0	11553	474
empty24-4.scen	26	576	31	430	0	0	0.58	OK	238	0	12241	502
empty24-4.scen	27	576	33	463	0	0	0.7	OK	271	0	14637	560
empty24-4.scen	28	576	33	480	0	0	0.72	OK	272	0	15158	586
empty24-4.scen	29	576	33	485	0	0	0.73	OK	269	0	15196	589
empty24-4.scen	30	576	33	516	0	0	0.8	OK	287	0	17366	641
empty24-4.scen	31	576	33	528	0	0	0.82	OK	323	1	17572	658
empty24-4.scen	32	576	33	550	0	0	0.86	OK	351	1	18529	691
empty24-4.scen	33	576	33	572	0	0	0.91	OK	371	1	19573	724
empty24-4.scen	34	576	33	591	0	0	0.94	NO SOLUTION	0	1	20337	804
empty24-4.scen	34	576	33	591	1	0.01	1.11	OK	411	3	39507	3383
empty24-4.scen	35	576	33	597	0	0	0.97	NO SOLUTION	0	1	20390	809
empty24-4.scen	35	576	33	597	1	0.01	1.12	OK	420	3	39649	3402
empty24-4.scen	36	576	33	612	0	0	0.98	NO SOLUTION	0	1	20517	823
empty24-4.scen	36	576	33	612	1	0.01	1.13	OK	412	3	39821	3446
empty24-4.scen	37	576	33	640	0	0	1.02	NO SOLUTION	0	1	22286	872
empty24-4.scen	37	576	33	640	1	0.01	1.2	OK	422	3	41700	3700
empty24-4.scen	38	576	33	656	0	0	1.05	NO SOLUTION	0	1	22588	896
empty24-4.scen	38	576	33	656	1	0.01	1.24	OK	429	3	42188	3785
empty24-4.scen	39	576	33	670	0	0	1.08	NO SOLUTION	0	1	22973	917
empty24-4.scen	39	576	33	670	1	0.01	1.26	OK	425	2	42676	3856
empty24-4.scen	40	576	33	682	0	0	1.1	NO SOLUTION	0	1	23088	927
empty24-4.scen	40	576	33	682	1	0.01	1.3	OK	431	2	42906	3896
empty24-4.scen	41	576	33	701	0	0	1.12	NO SOLUTION	0	1	23564	961
empty24-4.scen	41	576	33	701	1	0.01	1.32	OK	438	2	43539	4018
empty24-4.scen	42	576	33	722	0	0	1.16	NO SOLUTION	0	1	24544	1008
empty24-4.scen	42	576	33	722	1	0.01	1.36	OK	459	2	44581	4202
empty24-4.scen	43	576	33	728	0	0	1.19	NO SOLUTION	0	1	24517	1008
empty24-4.scen	43	576	33	728	1	0.01	1.38	OK	460	2	44619	4171
empty24-4.scen	44	576	33	745	0	0	1.19	NO SOLUTION	0	1	24636	1023
empty24-4.scen	44	576	33	745	1	0.01	1.41	OK	456	2	44835	4218
empty24-4.scen	45	576	33	755	0	0	1.22	NO SOLUTION	0	1	24788	1036
empty24-4.scen	45	576	33	755	1	0.01	1.43	OK	455	2	45086	4266
empty24-4.scen	46	576	33	766	0	0	1.26	NO SOLUTION	0	1	24896	1045
empty24-4.scen	46	576	33	766	1	0.01	1.46	OK	482	2	45221	4267
empty24-4.scen	47	576	33	772	0	0	1.28	NO SOLUTION	0	1	24949	1050
empty24-4.scen	47	576	33	772	1	0.01	1.48	OK	470	2	45370	4272
empty24-4.scen	48	576	33	795	0	0	1.3	NO SOLUTION	0	1	25986	1090
empty24-4.scen	48	576	33	795	1	0.01	1.55	OK	465	3	46642	4455
empty24-4.scen	49	576	33	805	0	0	1.32	NO SOLUTION	0	1	26156	1108
empty24-4.scen	49	576	33	805	1	0.01	1.55	OK	488	4	46866	4450
empty24-4.scen	50	576	33	835	0	0	1.41	NO SOLUTION	0	1	28296	1161
empty24-4.scen	50	576	33	835	1	0.01	1.63	OK	513	4	49066	4743
empty24-4.scen	51	576	33	841	0	0	1.42	NO SOLUTION	0	1	28333	1165
empty24-4.scen	51	576	33	841	1	0.01	1.66	OK	511	4	49088	4750
empty24-4.scen	52	576	33	851	0	0	1.46	NO SOLUTION	0	1	28325	1162
empty24-4.scen	52	576	33	851	1	0.01	1.67	OK	506	4	49159	4732
empty24-4.scen	53	576	33	864	0	0	1.47	NO SOLUTION	0	1	28589	1196
empty24-4.scen	53	576	33	864	1	0	1.71	NO SOLUTION	27	9	49613	4821
empty24-4.scen	53	576	33	864	2	0.05	2.54	OK	2107	84	78292	17058
empty24-4.scen	54	576	33	882	0	0	1.51	NO SOLUTION	0	1	28790	1236
empty24-4.scen	54	576	33	882	1	0	1.74	NO SOLUTION	38	4	50032	4921
empty24-4.scen	54	576	33	882	2	0.06	2.59	NO SOLUTION	191	70	79530	17419
empty24-4.scen	54	576	33	882	3	0.22	3.15	OK	2920	187	123739	30958
empty24-4.scen	55	576	33	904	0	0	1.54	NO SOLUTION	0	1	29275	1319
empty24-4.scen	55	576	33	904	1	0	1.79	NO SOLUTION	66	5	51244	5137
empty24-4.scen	55	576	33	904	2	0.07	2.68	NO SOLUTION	305	78	82184	18125
empty24-4.scen	55	576	33	904	3	0.15	3.18	OK	2070	156	127646	32048
empty24-4.scen	56	576	33	918	0	0	1.57	NO SOLUTION	0	1	29415	1331
empty24-4.scen	56	576	33	918	1	0	1.82	NO SOLUTION	65	5	51551	5203
empty24-4.scen	56	576	33	918	2	0.07	2.7	NO SOLUTION	200	87	82986	18339
empty24-4.scen	56	576	33	918	3	0.12	3.21	OK	1881	149	128949	32432
empty24-4.scen	57	576	33	925	0	0	1.59	NO SOLUTION	0	1	29504	1342
empty24-4.scen	57	576	33	925	1	0	1.86	NO SOLUTION	64	5	51713	5219
empty24-4.scen	57	576	33	925	2	0.07	2.78	NO SOLUTION	222	94	83423	18392
empty24-4.scen	57	576	33	925	3	0.21	3.34	OK	3387	168	129636	32500
empty24-4.scen	58	576	33	954	0	0	1.65	NO SOLUTION	0	1	30428	1428
empty24-4.scen	58	576	33	954	1	0	1.93	NO SOLUTION	48	5	54593	5812
empty24-4.scen	58	576	33	954	2	0.05	2.85	NO SOLUTION	204	71	87813	19499
empty24-4.scen	58	576	33	954	3	0.12	3.37	OK	3321	158	136106	34418
empty24-4.scen	59	576	33	971	0	0	1.69	NO SOLUTION	0	1	30748	1475
empty24-4.scen	59	576	33	971	1	0	1.98	NO SOLUTION	33	5	55606	6014
empty24-4.scen	59	576	33	971	2	0.07	2.91	NO SOLUTION	199	72	89507	19875
empty24-4.scen	59	576	33	971	3	0.2	3.55	OK	2380	163	138729	35100
empty24-4.scen	60	576	33	985	0	0	1.72	NO SOLUTION	0	1	30905	1506
empty24-4.scen	60	576	33	985	1	0	2	NO SOLUTION	32	5	56231	6143
empty24-4.scen	60	576	33	985	2	0.08	2.99	NO SOLUTION	229	86	90600	20164
empty24-4.scen	60	576	33	985	3	0.22	3.61	OK	2772	176	140507	35617
empty24-4.scen	61	576	33	990	0	0	1.74	NO SOLUTION	0	1	30910	1510
empty24-4.scen	61	576	33	990	1	0	2.1	NO SOLUTION	32	5	56301	6094
empty24-4.scen	61	576	33	990	2	0.08	3.02	NO SOLUTION	213	82	90804	20073
empty24-4.scen	61	576	33	990	3	0.33	3.79	NO SOLUTION	2586	252	140874	35446
empty24-4.scen	61	576	33	990	4	1.34	5.96	OK	4318	597	203867	55605
empty24-4.scen	62	576	33	998	0	0	1.77	NO SOLUTION	0	1	31006	1516
empty24-4.scen	62	576	33	998	1	0	2.07	NO SOLUTION	35	5	56531	6089
empty24-4.scen	62	576	33	998	2	0.06	3.05	NO SOLUTION	175	63	91235	20043
empty24-4.scen	62	576	33	998	3	0.31	3.81	NO SOLUTION	2966	225	141572	35433
empty24-4.scen	62	576	33	998	4	1.07	5.79	OK	4889	516	204962	55621
empty24-4.scen	63	576	33	1017	0	0	1.72	NO SOLUTION	0	1	18526	0
empty24-4.scen	63	576	33	1017	1	0	2.15	NO SOLUTION	0	1	56661	7310
empty24-4.scen	63	576	33	1017	2	0.01	3.08	NO SOLUTION	77	7	91714	20114
empty24-4.scen	63	576	33	1017	3	0.06	3.6	NO SOLUTION	226	44	142484	35663
empty24-4.scen	63	576	33	1017	4	0.27	5.04	NO SOLUTION	819	145	206565	56106
empty24-4.scen	63	576	33	1017	5	1.65	7.05	NO SOLUTION	4143	566	271369	77691
empty24-4.scen	63	576	33	1017	6	2.64	9.29	OK	6535	842	348971	102992
empty24-4.scen	64	576	33	1033	0	0	1.75	NO SOLUTION	0	1	18735	0
empty24-4.scen	64	576	33	1033	1	0	2.17	NO SOLUTION	0	1	57246	7466
empty24-4.scen	64	576	33	1033	2	0.01	3.1	NO SOLUTION	76	6	92871	20411
empty24-4.scen	64	576	33	1033	3	0.06	3.67	NO SOLUTION	237	46	144308	36210
empty24-4.scen	64	576	33	1033	4	0.2	5.06	NO SOLUTION	924	127	209321	56996
empty24-4.scen	64	576	33	1033	5	1.38	6.88	NO SOLUTION	4180	388	274989	79002
empty24-4.scen	64	576	33	1033	6	4.95	11.73	OK	7371	1309	353710	104657
empty24-4.scen	65	576	33	1038	0	0	1.76	NO SOLUTION	0	1	18773	0
empty24-4.scen	65	576	33	1038	1	0	2.22	NO SOLUTION	0	1	57332	7485
empty24-4.scen	65	576	33	1038	2	0.01	3.18	NO SOLUTION	78	6	93111	20402
empty24-4.scen	65	576	33	1038	3	0.06	3.71	NO SOLUTION	240	46	144712	36218
empty24-4.scen	65	576	33	1038	4	0.31	5.25	NO SOLUTION	1760	158	209990	57033
empty24-4.scen	65	576	33	1038	5	0.97	6.51	NO SOLUTION	2975	386	275938	79080
empty24-4.scen	65	576	33	1038	6	2.88	9.76	OK	6838	804	355053	104798
empty24-4.scen	66	576	33	1051	0	0	1.79	NO SOLUTION	0	1	18977	0
empty24-4.scen	66	576	33	1051	1	0	2.26	NO SOLUTION	0	1	57922	7612
empty24-4.scen	66	576	33	1051	2	0.01	3.2	NO SOLUTION	81	6	94205	20711
empty24-4.scen	66	576	33	1051	3	0.06	3.79	NO SOLUTION	240	46	146316	36754
empty24-4.scen	66	576	33	1051	4	0.2	5.2	NO SOLUTION	889	136	212303	57729
empty24-4.scen	66	576	33	1051	5	1.12	6.79	NO SOLUTION	3879	371	278952	79929
empty24-4.scen	66	576	33	1051	6	2.25	9.21	OK	5161	677	359062	105831
empty24-4.scen	67	576	33	1067	0	0	1.83	NO SOLUTION	0	1	19277	0
empty24-4.scen	67	576	33	1067	1	0	2.3	NO SOLUTION	0	1	58657	7832
empty24-4.scen	67	576	33	1067	2	0.01	3.26	NO SOLUTION	84	7	95590	21135
empty24-4.scen	67	576	33	1067	3	0.07	3.83	NO SOLUTION	227	38	148367	37375
empty24-4.scen	67	576	33	1067	4	0.33	5.45	NO SOLUTION	1302	200	215204	58552
empty24-4.scen	67	576	33	1067	5	1.58	7.33	NO SOLUTION	4039	510	282789	80941
empty24-4.scen	67	576	33	1067	6	4.31	11.5	OK	7107	1068	364072	107081
empty24-4.scen	68	576	33	1085	0	0	1.86	NO SOLUTION	0	1	19601	0
empty24-4.scen	68	576	33	1085	1	0	2.34	NO SOLUTION	0	1	59477	8010
empty24-4.scen	68	576	33	1085	2	0.04	3.38	NO SOLUTION	792	24	97231	21580
empty24-4.scen	68	576	33	1085	3	0.05	3.91	NO SOLUTION	244	50	150823	38139
empty24-4.scen	68	576	33	1085	4	0.34	5.52	NO SOLUTION	1295	184	218534	59669
empty24-4.scen	68	576	33	1085	5	1.6	7.45	NO SOLUTION	4050	480	287002	82365
empty24-4.scen	68	576	33	1085	6	5.9	13.23	OK	11477	1451	369219	108827
empty24-4.scen	69	576	33	1096	0	0	1.89	NO SOLUTION	0	1	19731	0
empty24-4.scen	69	576	33	1096	1	0	2.39	NO SOLUTION	0	1	59785	8067
empty24-4.scen	69	576	33	1096	2	0.03	3.39	NO SOLUTION	604	19	97970	21773
empty24-4.scen	69	576	33	1096	3	0.13	4.03	NO SOLUTION	1574	77	152020	38511
empty24-4.scen	69	576	33	1096	4	0.36	5.64	NO SOLUTION	1360	159	220331	60264
empty24-4.scen	69	576	33	1096	5	1.91	7.85	NO SOLUTION	5013	549	289440	83143
empty24-4.scen	69	576	33	1096	6	4.38	11.84	OK	6884	1051	372413	109842
empty24-4.scen	70	576	33	1112	0	0	1.93	NO SOLUTION	0	1	19841	0
empty24-4.scen	70	576	33	1112	1	0	2.42	NO SOLUTION	0	1	59957	8125
empty24-4.scen	70	576	33	1112	2	0.03	3.49	NO SOLUTION	535	17	98649	21931
empty24-4.scen	70	576	33	1112	3	0.06	4.03	NO SOLUTION	293	66	153110	38819
empty24-4.scen	70	576	33	1112	4	0.34	5.66	NO SOLUTION	1099	210	222078	60736
empty24-4.scen	70	576	33	1112	5	1.45	7.4	NO SOLUTION	3798	443	291843	83812
empty24-4.scen	70	576	33	1112	6	7.02	14.6	OK	9272	1491	375720	110678
empty24-4.scen	71	576	33	1122	0	0	1.94	NO SOLUTION	0	1	19954	0
empty24-4.scen	71	576	33	1122	1	0	2.48	NO SOLUTION	0	1	60217	8186
empty24-4.scen	71	576	33	1122	2	0.03	3.55	NO SOLUTION	512	14	99295	22012
empty24-4.scen	71	576	33	1122	3	0.14	4.19	NO SOLUTION	1761	102	154078	39014
empty24-4.scen	71	576	33	1122	4	0.24	5.62	NO SOLUTION	1178	130	223513	61055
empty24-4.scen	71	576	33	1122	5	0.75	6.79	NO SOLUTION	1388	222	293740	84220
empty24-4.scen	71	576	33	1122	6	4.71	12.4	NO SOLUTION	8335	932	378224	111221
empty24-4.scen	71	576	33	1122	7	7.64	16.23	OK	14603	1753	463838	139035
empty24-4.scen	72	576	33	1136	0	0	1.97	NO SOLUTION	0	1	20179	0
empty24-4.scen	72	576	33	1136	1	0	2.48	NO SOLUTION	0	1	47102	9166
empty24-4.scen	72	576	33	1136	2	0.03	3.59	NO SOLUTION	565	18	100374	22285
empty24-4.scen	72	576	33	1136	3	0.14	4.24	NO SOLUTION	1693	96	155703	39411
empty24-4.scen	72	576	33	1136	4	0.25	5.72	NO SOLUTION	1223	129	225892	61641
empty24-4.scen	72	576	33	1136	5	0.97	7.14	NO SOLUTION	1401	306	296867	85047
empty24-4.scen	72	576	33	1136	6	4.86	12.65	NO SOLUTION	8501	934	382289	112337
empty24-4.scen	72	576	33	1136	7	8.77	17.56	OK	14770	1534	468858	140402
empty24-4.scen	73	576	33	1155	0	0	2.02	NO SOLUTION	0	1	20638	0
empty24-4.scen	73	576	33	1155	1	0	2.53	NO SOLUTION	0	1	48109	9399
empty24-4.scen	73	576	33	1155	2	0.05	3.69	NO SOLUTION	1095	27	102447	22838
empty24-4.scen	73	576	33	1155	3	0.12	4.31	NO SOLUTION	1316	103	158828	40314
empty24-4.scen	73	576	33	1155	4	0.26	5.86	NO SOLUTION	1358	129	230289	62980
empty24-4.scen	73	576	33	1155	5	0.7	7	NO SOLUTION	1169	250	302484	86743
empty24-4.scen	73	576	33	1155	6	5.91	13.87	NO SOLUTION	12109	1295	389402	114405
empty24-4.scen	73	576	33	1155	7	11.71	20.26	OK	8827	2127	477525	142805
empty24-4.scen	74	576	33	1164	0	0	2.06	NO SOLUTION	0	1	20701	0
empty24-4.scen	74	576	33	1164	1	0	2.55	NO SOLUTION	0	1	48251	9443
empty24-4.scen	74	576	33	1164	2	0.03	3.73	NO SOLUTION	556	16	102825	22863
empty24-4.scen	74	576	33	1164	3	0.07	4.33	NO SOLUTION	374	76	159448	40364
empty24-4.scen	74	576	33	1164	4	0.27	5.9	NO SOLUTION	1315	150	231292	63082
empty24-4.scen	74	576	33	1164	5	0.85	7.23	NO SOLUTION	1182	280	303918	86917
empty24-4.scen	74	576	33	1164	6	3.99	12.04	NO SOLUTION	7312	763	391449	114731
empty24-4.scen	74	576	33	1164	7	16.58	25.23	OK	18082	3115	480202	143315
empty24-4.scen	75	576	33	1185	0	0	2.15	NO SOLUTION	0	1	21249	0
empty24-4.scen	75	576	33	1185	1	0	2.61	NO SOLUTION	0	1	49464	9744
empty24-4.scen	75	576	33	1185	2	0.01	3.78	NO SOLUTION	88	4	105242	23557
empty24-4.scen	75	576	33	1185	3	0.13	4.46	NO SOLUTION	1419	101	163112	41451
empty24-4.scen	75	576	33	1185	4	0.3	6.05	NO SOLUTION	1704	177	236361	64518
empty24-4.scen	75	576	33	1185	5	0.81	7.35	NO SOLUTION	1063	284	310511	88774
empty24-4.scen	75	576	33	1185	6	5.92	14.15	NO SOLUTION	9193	1208	399746	117061
empty24-4.scen	75	576	33	1185	7	9.85	18.64	OK	17861	1537	490253	146192
empty24-4.scen	76	576	33	1200	0	0	2.18	NO SOLUTION	0	1	21517	0
empty24-4.scen	76	576	33	1200	1	0	2.64	NO SOLUTION	0	1	50088	9881
empty24-4.scen	76	576	33	1200	2	0.01	3.85	NO SOLUTION	88	4	106632	23940
empty24-4.scen	76	576	33	1200	3	0.07	4.47	NO SOLUTION	324	59	165204	42142
empty24-4.scen	76	576	33	1200	4	0.27	6.12	NO SOLUTION	897	161	239299	65531
empty24-4.scen	76	576	33	1200	5	0.83	7.47	NO SOLUTION	1935	244	314356	90088
empty24-4.scen	76	576	33	1200	6	5.07	13.42	NO SOLUTION	7617	962	404557	118678
empty24-4.scen	76	576	33	1200	7	8.22	17.16	OK	17651	1307	496088	148085
empty24-4.scen	77	576	33	1219	0	0	2.23	NO SOLUTION	0	1	21966	0
empty24-4.scen	77	576	33	1219	1	0	2.7	NO SOLUTION	0	1	51122	10165
empty24-4.scen	77	576	33	1219	2	0.01	3.93	NO SOLUTION	92	5	108593	24164
empty24-4.scen	77	576	33	1219	3	0.07	4.69	NO SOLUTION	344	68	168051	42601
empty24-4.scen	77	576	33	1219	4	0.21	6.2	NO SOLUTION	754	150	243316	66192
empty24-4.scen	77	576	33	1219	5	0.56	7.35	NO SOLUTION	1929	235	319586	91009
empty24-4.scen	77	576	33	1219	6	3.58	12.1	NO SOLUTION	6302	914	411327	119919
empty24-4.scen	77	576	33	1219	7	10.56	19.68	OK	13853	2012	504437	149687
empty24-4.scen	78	576	33	1228	0	0	2.27	NO SOLUTION	0	1	22053	0
empty24-4.scen	78	576	33	1228	1	0	2.74	NO SOLUTION	0	1	51318	10213
empty24-4.scen	78	576	33	1228	2	0.01	3.96	NO SOLUTION	94	5	109027	24293
empty24-4.scen	78	576	33	1228	3	0.07	4.61	NO SOLUTION	360	54	168740	42834
empty24-4.scen	78	576	33	1228	4	0.26	6.29	NO SOLUTION	1351	149	244288	66630
empty24-4.scen	78	576	33	1228	5	0.69	7.58	NO SOLUTION	2083	312	320872	91547
empty24-4.scen	78	576	33	1228	6	3.71	12.3	NO SOLUTION	6491	803	412965	120606
empty24-4.scen	78	576	33	1228	7	14.44	23.72	OK	15762	2882	506480	150401
empty24-4.scen	79	576	33	1238	0	0	2.31	NO SOLUTION	0	1	22122	0
empty24-4.scen	79	576	33	1238	1	0	2.78	NO SOLUTION	0	1	51478	10261
empty24-4.scen	79	576	33	1238	2	0.01	4	NO SOLUTION	96	6	109477	24425
empty24-4.scen	79	576	33	1238	3	0.07	4.85	NO SOLUTION	457	64	169456	43072
empty24-4.scen	79	576	33	1238	4	0.22	6.32	NO SOLUTION	1143	109	245448	66970
empty24-4.scen	79	576	33	1238	5	0.65	7.62	NO SOLUTION	1691	286	322478	92039
empty24-4.scen	79	576	33	1238	6	2.9	11.68	NO SOLUTION	6638	764	415210	121275
empty24-4.scen	79	576	33	1238	7	15.93	25.29	OK	17004	3100	509341	151269
empty24-4.scen	80	576	35	1273	0	0	2.66	NO SOLUTION	0	1	23533	0
empty24-4.scen	80	576	35	1273	1	0	3.19	NO SOLUTION	0	1	54663	10822
empty24-4.scen	80	576	35	1273	2	0.01	4.66	NO SOLUTION	98	5	115541	25722
empty24-4.scen	80	576	35	1273	3	0.09	5.43	NO SOLUTION	680	77	178392	45162
empty24-4.scen	80	576	35	1273	4	0.19	7.03	NO SOLUTION	562	110	257486	69944
empty24-4.scen	80	576	35	1273	5	0.69	8.44	NO SOLUTION	1571	227	337659	95889
empty24-4.scen	80	576	35	1273	6	3.47	13.12	NO SOLUTION	3756	739	433702	126181
empty24-4.scen	80	576	35	1273	7	14.08	24.4	NO SOLUTION	19456	2738	531196	157097
empty24-4.scen	80	576	35	1273	8	13.25	25.81	OK	16772	2408	644357	191800
empty24-4.scen	81	576	35	1306	0	0	2.72	NO SOLUTION	0	1	24789	0
empty24-4.scen	81	576	35	1306	1	0	3.29	NO SOLUTION	0	1	57684	11440
empty24-4.scen	81	576	35	1306	2	0.01	4.81	NO SOLUTION	97	6	121223	27039
empty24-4.scen	81	576	35	1306	3	0.09	5.53	NO SOLUTION	523	76	186758	47265
empty24-4.scen	81	576	35	1306	4	0.19	7.23	NO SOLUTION	477	102	268770	72860
empty24-4.scen	81	576	35	1306	5	0.68	8.72	NO SOLUTION	1570	262	351930	99739
empty24-4.scen	81	576	35	1306	6	3.64	13.87	NO SOLUTION	4423	843	451234	130919
empty24-4.scen	81	576	35	1306	7	14.41	25.06	NO SOLUTION	18954	2674	552158	162723
empty24-4.scen	81	576	35	1306	8	36.7	49.68	OK	29600	5702	669062	198385
empty24-4.scen	82	576	35	1317	0	0	2.75	NO SOLUTION	0	1	24950	0
empty24-4.scen	82	576	35	1317	1	0	3.32	NO SOLUTION	0	1	58057	11537
empty24-4.scen	82	576	35	1317	2	0.01	4.85	NO SOLUTION	103	5	122022	27021
empty24-4.scen	82	576	35	1317	3	0.09	5.66	NO SOLUTION	530	78	187965	47175
empty24-4.scen	82	576	35	1317	4	0.23	7.41	NO SOLUTION	1271	117	270534	72766
empty24-4.scen	82	576	35	1317	5	0.69	8.88	NO SOLUTION	1303	279	354301	99638
empty24-4.scen	82	576	35	1317	6	4.05	14.41	NO SOLUTION	5211	923	454412	130889
empty24-4.scen	82	576	35	1317	7	12.37	23.45	NO SOLUTION	21799	2499	556157	162859
empty24-4.scen	82	576	35	1317	8	41.01	54.19	NO SOLUTION	103129	6771	674107	198770
empty24-4.scen	82	576	35	1317	9	47.92	62.39	OK	196931	9246	794389	235726
empty24-4.scen	83	576	35	1342	0	0	2.83	NO SOLUTION	0	1	25717	0
empty24-4.scen	83	576	35	1342	1	0	3.38	NO SOLUTION	0	1	59710	11967
empty24-4.scen	83	576	35	1342	2	0.01	4.94	NO SOLUTION	98	5	125173	27896
empty24-4.scen	83	576	35	1342	3	0.07	5.77	NO SOLUTION	258	76	192601	48460
empty24-4.scen	83	576	35	1342	4	0.18	7.51	NO SOLUTION	529	104	276982	74568
empty24-4.scen	83	576	35	1342	5	0.72	9.1	NO SOLUTION	3149	246	362624	101983
empty24-4.scen	83	576	35	1342	6	3.14	13.71	NO SOLUTION	5168	841	464865	133857
empty24-4.scen	83	576	35	1342	7	11.86	23.18	NO SOLUTION	9525	2091	568809	166438
empty24-4.scen	83	576	35	1342	8	27.91	41.4	NO SOLUTION	69361	4944	689177	203010
empty24-4.scen	83	576	35	1342	9	30.7	45.41	OK	29062	4320	811911	240691
empty24-4.scen	84	576	35	1369	0	0	2.88	NO SOLUTION	0	1	26591	0
empty24-4.scen	84	576	35	1369	1	0	3.47	NO SOLUTION	0	1	61656	12383
empty24-4.scen	84	576	35	1369	2	0.01	5.09	NO SOLUTION	100	5	129032	28738
empty24-4.scen	84	576	35	1369	3	0.07	5.88	NO SOLUTION	252	71	198336	49839
empty24-4.scen	84	576	35	1369	4	0.21	7.64	NO SOLUTION	568	124	284813	76521
empty24-4.scen	84	576	35	1369	5	0.7	9.24	NO SOLUTION	1029	296	372477	104591
empty24-4.scen	84	576	35	1369	6	3.35	13.73	NO SOLUTION	3908	775	476899	137082
empty24-4.scen	84	576	35	1369	7	12.96	24.46	NO SOLUTION	13955	2260	583033	170347
empty24-4.scen	84	576	35	1369	8	26.82	40.58	NO SOLUTION	74758	3982	705800	207548
empty24-4.scen	84	576	35	1369	9	62.28	77.26	OK	194954	9205	830941	245953
empty24-4.scen	85	576	35	1379	0	0	2.92	NO SOLUTION	0	1	26698	0
empty24-4.scen	85	576	35	1379	1	0	3.52	NO SOLUTION	0	1	61890	12457
empty24-4.scen	85	576	35	1379	2	0.01	5.15	NO SOLUTION	101	5	129597	28771
empty24-4.scen	85	576	35	1379	3	0.08	5.99	NO SOLUTION	325	74	199192	49918
empty24-4.scen	85	576	35	1379	4	0.25	7.82	NO SOLUTION	1360	136	286116	76587
empty24-4.scen	85	576	35	1379	5	0.66	9.35	NO SOLUTION	1067	274	374265	104672
empty24-4.scen	85	576	35	1379	6	3.06	13.58	NO SOLUTION	3477	616	479371	137233
empty24-4.scen	85	576	35	1379	7	13.47	25.14	NO SOLUTION	14814	2201	586213	170615
empty24-4.scen	85	576	35	1379	8	28.74	42.67	NO SOLUTION	64099	5035	709896	207965
empty24-4.scen	85	576	35	1379	9	48.01	63.21	OK	35085	7097	835993	246559
empty24-4.scen	86	576	35	1397	0	0	2.98	NO SOLUTION	0	1	26849	0
empty24-4.scen	86	576	35	1397	1	0	3.55	NO SOLUTION	0	1	62195	12570
empty24-4.scen	86	576	35	1397	2	0.01	5.22	NO SOLUTION	105	4	130339	29054
empty24-4.scen	86	576	35	1397	3	0.07	6.05	NO SOLUTION	325	71	200395	50361
empty24-4.scen	86	576	35	1397	4	0.23	7.9	NO SOLUTION	1203	108	288009	77224
empty24-4.scen	86	576	35	1397	5	0.63	9.4	NO SOLUTION	971	227	376875	105514
empty24-4.scen	86	576	35	1397	6	4.56	15.27	NO SOLUTION	4997	812	482933	138303
empty24-4.scen	86	576	35	1397	7	10.05	21.83	NO SOLUTION	19142	1821	590771	171936
empty24-4.scen	86	576	35	1397	8	34.67	48.83	NO SOLUTION	30606	4588	715597	209582
empty24-4.scen	86	576	35	1397	9	50.69	66.12	NO SOLUTION	156966	7518	842877	248458
