empty32-3.scen	1	1024	18	18	0	0	0.06	OK	21	0	377	55
empty32-3.scen	2	1024	35	53	0	0	0.13	OK	32	0	3587	92
empty32-3.scen	3	1024	35	88	0	0	0.28	OK	58	0	6510	155
empty32-3.scen	4	1024	35	122	0	0	0.3	OK	87	0	8917	216
empty32-3.scen	5	1024	35	136	0	0	0.32	OK	89	0	9218	237
empty32-3.scen	6	1024	35	167	0	0	0.37	OK	153	0	11304	292
empty32-3.scen	7	1024	35	169	0	0	0.38	OK	146	0	11305	291
empty32-3.scen	8	1024	35	170	0	0	0.38	OK	141	0	11305	291
empty32-3.scen	9	1024	35	173	0	0	0.39	OK	143	0	11305	291
empty32-3.scen	10	1024	35	185	0	0	0.4	OK	151	0	11420	301
empty32-3.scen	11	1024	35	206	0	0	0.44	OK	167	0	12404	336
empty32-3.scen	12	1024	35	240	0	0	0.53	OK	193	0	15168	397
empty32-3.scen	13	1024	35	271	0	0	0.55	OK	203	0	15380	426
empty32-3.scen	14	1024	35	291	0	0	0.57	OK	197	0	15515	444
empty32-3.scen	15	1024	43	334	0	0	0.96	OK	281	0	19709	523
empty32-3.scen	16	1024	43	356	0	0	0.99	OK	271	0	20149	560
empty32-3.scen	17	1024	43	365	0	0	1.01	OK	287	0	20231	567
empty32-3.scen	18	1024	43	392	0	0	1.11	OK	316	0	21835	614
empty32-3.scen	19	1024	43	421	0	0	1.15	OK	341	0	22935	665
empty32-3.scen	20	1024	43	462	0	0	1.27	OK	370	0	26307	740
empty32-3.scen	21	1024	43	476	0	0	1.29	OK	374	0	26320	740
empty32-3.scen	22	1024	43	482	0	0	1.31	OK	385	0	26357	744
empty32-3.scen	23	1024	43	515	0	0.01	1.41	OK	429	0	27969	830
empty32-3.scen	24	1024	43	541	0	0.01	1.49	OK	450	0	28515	904
empty32-3.scen	25	1024	43	545	0	0.01	1.51	OK	463	0	28538	906
empty32-3.scen	26	1024	43	575	0	0.01	1.61	OK	462	0	29537	991
empty32-3.scen	27	1024	43	596	0	0.01	1.63	OK	480	0	29878	1043
empty32-3.scen	28	1024	43	618	0	0.01	1.69	OK	530	0	30496	1134
empty32-3.scen	29	1024	43	637	0	0.01	1.74	OK	533	0	30643	1152
empty32-3.scen	30	1024	43	651	0	0.01	1.81	OK	527	0	30817	1175
empty32-3.scen	31	1024	43	657	0	0.01	1.83	OK	524	0	30825	1180
empty32-3.scen	32	1024	43	669	0	0.01	1.88	OK	554	0	30964	1203
empty32-3.scen	33	1024	43	692	0	0.01	1.91	OK	545	0	31118	1207
empty32-3.scen	34	1024	43	697	0	0.01	1.96	OK	527	0	31155	1209
empty32-3.scen	35	1024	43	704	0	0.01	1.98	OK	533	0	31195	1209
empty32-3.scen	36	1024	43	725	0	0.01	2.03	OK	581	0	31688	1265
empty32-3.scen	37	1024	43	730	0	0.01	2.05	OK	555	0	31718	1268
empty32-3.scen	38	1024	43	763	0	0.01	2.17	OK	592	0	32880	1405
empty32-3.scen	39	1024	43	787	0	0.01	2.21	OK	592	0	33374	1468
empty32-3.scen	40	1024	43	810	0	0.01	2.3	OK	604	0	33941	1530
empty32-3.scen	41	1024	43	824	0	0.01	2.33	OK	590	0	34149	1562
empty32-3.scen	42	1024	43	832	0	0.01	2.39	OK	594	0	34223	1574
empty32-3.scen	43	1024	43	859	0	0.01	2.38	OK	646	0	34808	1665
empty32-3.scen	44	1024	43	874	0	0.01	2.44	OK	649	0	35042	1701
empty32-3.scen	45	1024	43	892	0	0.01	2.48	OK	693	0	35344	1744
empty32-3.scen	46	1024	43	916	0	0.01	2.58	OK	683	0	36081	1821
empty32-3.scen	47	1024	43	943	0	0.01	2.65	OK	724	0	36854	1894
empty32-3.scen	48	1024	43	969	0	0.01	2.75	OK	744	0	37161	1961
empty32-3.scen	49	1024	43	989	0	0.01	2.77	OK	768	0	37557	2011
empty32-3.scen	50	1024	43	994	0	0.01	2.82	OK	797	0	37595	2012
empty32-3.scen	51	1024	43	999	0	0.01	2.86	OK	942	1	37627	2012
empty32-3.scen	52	1024	43	1008	0	0.01	2.86	OK	774	0	37685	2018
empty32-3.scen	53	1024	43	1035	0	0.01	2.97	OK	780	0	38363	2098
empty32-3.scen	54	1024	43	1071	0	0.01	3.08	OK	806	0	39199	2202
empty32-3.scen	55	1024	43	1099	0	0.01	3.15	OK	839	0	39818	2292
empty32-3.scen	56	1024	43	1116	0	0.01	3.2	OK	887	0	40125	2331
empty32-3.scen	57	1024	43	1149	0	0.01	3.28	OK	905	0	41191	2424
empty32-3.scen	58	1024	43	1169	0	0.01	3.32	OK	834	0	41326	2435
empty32-3.scen	59	1024	43	1195	0	0.01	3.37	OK	884	0	41505	2439
empty32-3.scen	60	1024	43	1216	0	0.01	3.44	OK	894	0	42005	2494
empty32-3.scen	61	1024	43	1222	0	0.01	3.51	OK	876	0	42042	2496
empty32-3.scen	62	1024	43	1253	0	0.01	3.59	OK	878	0	42840	2602
empty32-3.scen	63	1024	43	1278	0	0.01	3.68	OK	952	0	43510	2675
empty32-3.scen	64	1024	43	1306	0	0.01	3.76	OK	967	0	44381	2754
empty32-3.scen	65	1024	43	1337	0	0.01	3.86	OK	1007	0	45383	2963
empty32-3.scen	66	1024	43	1368	0	0.01	3.96	OK	1113	5	46434	3056
empty32-3.scen	67	1024	43	1386	0	0.01	4.09	NO SOLUTION	575	126	46851	3086
empty32-3.scen	67	1024	43	1386	1	0.11	4.82	OK	17449	92	92599	12214
empty32-3.scen	68	1024	43	1404	0	0.01	4.22	NO SOLUTION	610	163	47060	3130
empty32-3.scen	68	1024	43	1404	1	0.12	4.88	OK	18444	92	93268	12340
empty32-3.scen	69	1024	43	1417	0	0.01	4.24	NO SOLUTION	608	163	47071	3129
empty32-3.scen	69	1024	43	1417	1	0.11	4.94	OK	17364	89	93348	12339
empty32-3.scen	70	1024	43	1440	0	0.01	4.33	NO SOLUTION	623	126	47619	3206
empty32-3.scen	70	1024	43	1440	1	0.14	5.05	OK	20390	158	94846	12626
empty32-3.scen	71	1024	43	1452	0	0.01	4.39	NO SOLUTION	690	194	47699	3215
empty32-3.scen	71	1024	43	1452	1	0.13	5.11	OK	20175	156	94996	12649
empty32-3.scen	72	1024	43	1475	0	0.01	4.53	NO SOLUTION	781	147	47870	3141
empty32-3.scen	72	1024	43	1475	1	0.12	5.15	OK	18244	157	95317	12682
empty32-3.scen	73	1024	43	1498	0	0	4.5	NO SOLUTION	0	1	48253	3423
empty32-3.scen	73	1024	43	1498	1	0.02	5.11	NO SOLUTION	692	147	96327	12893
empty32-3.scen	73	1024	43	1498	2	0.15	7.08	OK	10413	222	184592	37760
empty32-3.scen	74	1024	43	1513	0	0	4.52	NO SOLUTION	0	1	48432	3442
empty32-3.scen	74	1024	43	1513	1	0.02	5.19	NO SOLUTION	731	166	96720	12985
empty32-3.scen	74	1024	43	1513	2	0.15	7.2	OK	9645	155	185368	38090
empty32-3.scen	75	1024	43	1537	0	0	4.57	NO SOLUTION	0	1	48637	3465
empty32-3.scen	75	1024	43	1537	1	0.02	5.25	NO SOLUTION	716	151	97314	13125
empty32-3.scen	75	1024	43	1537	2	0.16	7.28	OK	9878	156	186898	38471
empty32-3.scen	76	1024	43	1562	0	0	4.64	NO SOLUTION	0	1	49140	3530
empty32-3.scen	76	1024	43	1562	1	0.02	5.35	NO SOLUTION	637	124	98571	13374
empty32-3.scen	76	1024	43	1562	2	0.14	7.46	OK	10968	150	189625	39259
empty32-3.scen	77	1024	43	1592	0	0	4.76	NO SOLUTION	0	1	50200	3653
empty32-3.scen	77	1024	43	1592	1	0.02	5.44	NO SOLUTION	717	118	101071	13784
empty32-3.scen	77	1024	43	1592	2	0.17	7.63	OK	11345	202	194562	40392
empty32-3.scen	78	1024	43	1596	0	0	4.83	NO SOLUTION	0	1	50212	3656
empty32-3.scen	78	1024	43	1596	1	0.02	5.52	NO SOLUTION	673	116	101135	13694
empty32-3.scen	78	1024	43	1596	2	0.17	7.72	OK	11196	212	194728	40208
empty32-3.scen	79	1024	43	1636	0	0	4.9	NO SOLUTION	0	1	51939	3991
empty32-3.scen	79	1024	43	1636	1	0.02	5.65	NO SOLUTION	918	132	105579	14615
empty32-3.scen	79	1024	43	1636	2	0.16	7.91	OK	12697	215	203022	42188
empty32-3.scen	80	1024	43	1654	0	0	4.98	NO SOLUTION	0	1	52206	4039
empty32-3.scen	80	1024	43	1654	1	0.03	5.72	NO SOLUTION	946	139	106374	14762
empty32-3.scen	80	1024	43	1654	2	0.15	8.01	OK	8723	151	204653	42651
empty32-3.scen	81	1024	43	1676	0	0	5.06	NO SOLUTION	0	1	52815	4138
empty32-3.scen	81	1024	43	1676	1	0.03	5.84	NO SOLUTION	967	123	107693	14989
empty32-3.scen	81	1024	43	1676	2	0.12	8.15	OK	9646	187	207471	43316
empty32-3.scen	82	1024	43	1697	0	0	5.16	NO SOLUTION	0	1	53368	4255
empty32-3.scen	82	1024	43	1697	1	0.04	5.95	NO SOLUTION	989	148	108747	15224
empty32-3.scen	82	1024	43	1697	2	0.12	8.28	OK	9591	142	209681	43922
empty32-3.scen	83	1024	43	1713	0	0	5.19	NO SOLUTION	0	1	53529	4280
empty32-3.scen	83	1024	43	1713	1	0.03	6.02	NO SOLUTION	898	166	109121	15317
empty32-3.scen	83	1024	43	1713	2	0.17	8.4	OK	9327	201	210592	44194
empty32-3.scen	84	1024	43	1749	0	0	5.32	NO SOLUTION	0	1	55288	4586
empty32-3.scen	84	1024	43	1749	1	0.04	6.11	NO SOLUTION	922	133	112138	15877
empty32-3.scen	84	1024	43	1749	2	0.14	8.54	OK	9891	164	216363	45590
empty32-3.scen	85	1024	43	1754	0	0	5.34	NO SOLUTION	0	1	55330	4591
empty32-3.scen	85	1024	43	1754	1	0.03	6.18	NO SOLUTION	866	131	112241	15845
empty32-3.scen	85	1024	43	1754	2	0.13	8.57	OK	9129	168	216633	45595
empty32-3.scen	86	1024	43	1773	0	0	5.39	NO SOLUTION	0	1	55469	4608
empty32-3.scen	86	1024	43	1773	1	0.03	6.23	NO SOLUTION	825	122	112501	15921
empty32-3.scen	86	1024	43	1773	2	0.14	8.69	OK	9740	165	217470	45848
empty32-3.scen	87	1024	43	1779	0	0	5.48	NO SOLUTION	0	1	55525	4619
empty32-3.scen	87	1024	43	1779	1	0.03	6.27	NO SOLUTION	653	115	112607	15877
empty32-3.scen	87	1024	43	1779	2	0.13	8.75	OK	8985	171	217803	45743
empty32-3.scen	88	1024	43	1804	0	0	5.53	NO SOLUTION	0	1	56147	4723
empty32-3.scen	88	1024	43	1804	1	0.03	6.39	NO SOLUTION	786	106	113851	16081
empty32-3.scen	88	1024	43	1804	2	0.15	8.88	OK	9961	165	220349	46334
empty32-3.scen	89	1024	43	1839	0	0	5.61	NO SOLUTION	0	1	57332	4932
empty32-3.scen	89	1024	43	1839	1	0.03	6.52	NO SOLUTION	665	95	115975	16436
empty32-3.scen	89	1024	43	1839	2	0.14	9.04	OK	9557	189	224680	47334
empty32-3.scen	90	1024	43	1855	0	0	5.74	NO SOLUTION	0	1	57790	5038
empty32-3.scen	90	1024	43	1855	1	0.03	6.62	NO SOLUTION	843	94	116789	16562
empty32-3.scen	90	1024	43	1855	2	0.16	9.39	OK	9904	170	226216	47728
empty32-3.scen	91	1024	43	1891	0	0	5.84	NO SOLUTION	0	1	59149	5214
empty32-3.scen	91	1024	43	1891	1	0.03	6.69	NO SOLUTION	821	102	119719	17001
empty32-3.scen	91	1024	43	1891	2	0.18	9.62	OK	11847	206	232154	49035
empty32-3.scen	92	1024	43	1907	0	0	5.91	NO SOLUTION	0	1	59473	5263
empty32-3.scen	92	1024	43	1907	1	0.03	6.78	NO SOLUTION	854	114	120430	17124
empty32-3.scen	92	1024	43	1907	2	0.16	9.78	OK	11319	154	233623	49372
empty32-3.scen	93	1024	43	1922	0	0	5.96	NO SOLUTION	0	1	59729	5316
empty32-3.scen	93	1024	43	1922	1	0.04	6.87	NO SOLUTION	852	73	121086	17191
empty32-3.scen	93	1024	43	1922	2	0.17	9.89	OK	10915	177	235012	49545
empty32-3.scen	94	1024	43	1946	0	0	6.09	NO SOLUTION	0	1	60397	5419
empty32-3.scen	94	1024	43	1946	1	0.02	7.03	NO SOLUTION	801	61	122748	17524
empty32-3.scen	94	1024	43	1946	2	0.16	10.06	OK	10622	182	238238	50298
empty32-3.scen	95	1024	43	1964	0	0	6.12	NO SOLUTION	0	1	60743	5476
empty32-3.scen	95	1024	43	1964	1	0.04	7.11	NO SOLUTION	717	79	123574	17675
empty32-3.scen	95	1024	43	1964	2	0.16	10.18	OK	10545	173	239994	50761
empty32-3.scen	96	1024	43	1976	0	0	6.22	NO SOLUTION	0	1	60892	5504
empty32-3.scen	96	1024	43	1976	1	0.03	7.2	NO SOLUTION	697	64	123957	17745
empty32-3.scen	96	1024	43	1976	2	0.17	10.33	OK	10810	159	240858	50967
empty32-3.scen	97	1024	43	2014	0	0	6.4	NO SOLUTION	0	1	62756	5774
empty32-3.scen	97	1024	43	2014	1	0.03	7.37	NO SOLUTION	545	81	128109	18481
empty32-3.scen	97	1024	43	2014	2	0.4	10.71	NO SOLUTION	13878	807	248540	52900
empty32-3.scen	97	1024	43	2014	3	0.52	12.28	OK	9720	384	357092	93127
empty32-3.scen	98	1024	43	2049	0	0	6.46	NO SOLUTION	0	1	64200	5979
empty32-3.scen	98	1024	43	2049	1	0.03	7.52	NO SOLUTION	638	150	131152	19111
empty32-3.scen	98	1024	43	2049	2	0.35	10.89	NO SOLUTION	7100	484	239995	55015
empty32-3.scen	98	1024	43	2049	3	1.53	13.51	NO SOLUTION	15184	1396	365312	95271
empty32-3.scen	98	1024	43	2049	4	1.02	16.13	OK	17689	1135	517452	144228
empty32-3.scen	99	1024	47	2096	0	0	7.85	NO SOLUTION	0	1	66630	6195
empty32-3.scen	99	1024	47	2096	1	0.03	9.15	NO SOLUTION	624	176	136936	20069
empty32-3.scen	99	1024	47	2096	2	0.33	12.82	NO SOLUTION	14209	476	265207	56988
empty32-3.scen	99	1024	47	2096	3	1.47	15.45	NO SOLUTION	11465	1095	381492	99583
empty32-3.scen	99	1024	47	2096	4	1.94	19.73	OK	12681	721	539261	150386
empty32-3.scen	100	1024	47	2117	0	0	7.98	NO SOLUTION	0	1	66774	6219
empty32-3.scen	100	1024	47	2117	1	0.04	9.22	NO SOLUTION	706	235	137256	20157
empty32-3.scen	100	1024	47	2117	2	0.35	13.02	NO SOLUTION	14014	577	266110	57297
empty32-3.scen	100	1024	47	2117	3	1.63	15.8	NO SOLUTION	17462	1907	382940	100056
empty32-3.scen	100	1024	47	2117	4	1.64	19.61	OK	16059	1239	541575	151069
empty32-3.scen	101	1024	47	2129	0	0	8.05	NO SOLUTION	0	1	66894	6235
empty32-3.scen	101	1024	47	2129	1	0.03	9.31	NO SOLUTION	716	235	137511	20196
empty32-3.scen	101	1024	47	2129	2	0.46	13.17	NO SOLUTION	14951	693	266797	57458
empty32-3.scen	101	1024	47	2129	3	2.02	16.33	NO SOLUTION	16909	1570	384056	100356
empty32-3.scen	101	1024	47	2129	4	1.67	19.99	OK	15545	889	543267	151591
empty32-3.scen	102	1024	47	2144	0	0	8.09	NO SOLUTION	0	1	67068	6305
empty32-3.scen	102	1024	47	2144	1	0	9.38	NO SOLUTION	0	1	137986	23324
empty32-3.scen	102	1024	47	2144	2	0.04	12.91	NO SOLUTION	389	17	267801	57678
empty32-3.scen	102	1024	47	2144	3	0.66	15.19	NO SOLUTION	9069	461	385645	100643
empty32-3.scen	102	1024	47	2144	4	1.62	20.1	NO SOLUTION	12702	871	545596	152000
empty32-3.scen	102	1024	47	2144	5	5.09	25.69	NO SOLUTION	26979	2486	706993	205367
