empty24-5.scen	1	576	23	23	0	0	0.04	OK	15	0	405	54
empty24-5.scen	2	576	32	55	0	0	0.23	OK	519	0	28392	3271
empty24-5.scen	3	576	32	64	0	0.01	0.58	OK	1423	0	56121	10046
empty24-5.scen	4	576	32	69	0	0.01	1.08	OK	3272	0	95509	20389
empty24-5.scen	5	576	32	91	0	0.02	1.25	OK	3423	0	110728	26123
empty24-5.scen	6	576	32	101	0	0.02	1.52	OK	4629	0	138515	34766
empty24-5.scen	7	576	32	130	0	0.02	1.6	OK	4817	0	143624	35892
empty24-5.scen	8	576	32	131	0	0.03	2.08	OK	5966	0	181518	49279
empty24-5.scen	9	576	32	148	0	0.04	2.27	OK	6641	0	201567	58574
empty24-5.scen	10	576	32	180	0	0.04	2.33	OK	6772	0	202759	59158
empty24-5.scen	11	576	32	191	0	0.04	2.66	OK	7663	0	230385	70245
empty24-5.scen	12	576	32	205	0	0.05	2.92	OK	8129	0	252803	79027
empty24-5.scen	13	576	32	217	0	0.05	3.12	OK	8694	0	259584	87250
empty24-5.scen	14	576	32	218	0	0.06	3.73	OK	9931	4	298629	100646
empty24-5.scen	15	576	32	236	0	0.06	3.96	OK	11195	1	322935	109333
empty24-5.scen	16	576	32	242	0	0.07	4.24	OK	12004	6	343630	116015
empty24-5.scen	17	576	32	258	0	0.07	4.42	OK	11528	0	366903	123354
empty24-5.scen	18	576	32	268	0	0.08	4.73	OK	12989	0	391499	131485
empty24-5.scen	19	576	32	293	0	0.08	4.95	OK	14126	0	404758	136260
empty24-5.scen	20	576	32	309	0	0.09	5.18	OK	13942	0	423669	142589
empty24-5.scen	21	576	32	318	0	0.09	5.63	OK	15424	1	458288	153694
empty24-5.scen	22	576	32	337	0	0.13	5.96	OK	24447	13	481479	160697
empty24-5.scen	23	576	32	346	0	0.13	6.21	OK	22608	8	505033	167823
empty24-5.scen	24	576	32	361	0	0.14	6.46	OK	23625	9	527130	174496
empty24-5.scen	25	576	32	378	0	0.12	6.7	OK	19182	1	550055	181352
empty24-5.scen	26	576	32	396	0	0.21	7.03	OK	38343	67	570039	187463
empty24-5.scen	27	576	32	401	0	0.23	7.52	OK	39668	68	602750	197564
empty24-5.scen	28	576	32	420	0	0.18	7.7	OK	27084	21	622254	203135
empty24-5.scen	29	576	32	437	0	0.15	7.97	OK	22099	2	647032	210378
empty24-5.scen	30	576	33	470	0	0.16	9.17	OK	23961	2	716541	232353
empty24-5.scen	31	576	33	488	0	0.17	9.32	OK	24655	2	737454	238699
empty24-5.scen	32	576	33	512	0	0.18	9.54	OK	24652	3	753346	243217
empty24-5.scen	33	576	33	516	0	0.2	9.9	OK	31292	39	784069	252171
empty24-5.scen	34	576	33	521	0	0.21	10.41	OK	33807	34	819081	263194
empty24-5.scen	35	576	33	534	0	0.2	10.82	OK	27757	1	850357	271933
empty24-5.scen	36	576	33	556	0	0.22	10.98	OK	33021	15	863541	275932
empty24-5.scen	37	576	33	562	0	0.25	11.39	OK	36720	22	896019	285039
empty24-5.scen	38	576	33	586	0	0.26	11.68	OK	37478	32	912592	289890
empty24-5.scen	39	576	33	606	0	0.26	11.95	OK	38425	23	930323	295513
empty24-5.scen	40	576	33	619	0	0.25	12.32	OK	31331	3	961653	304299
empty24-5.scen	41	576	33	640	0	0.24	12.45	OK	30436	0	976901	308789
empty24-5.scen	42	576	33	655	0	0.27	13.04	OK	37461	32	999028	315043
empty24-5.scen	43	576	33	686	0	0.25	13	OK	30484	5	1003440	316021
empty24-5.scen	44	576	33	698	0	0.26	13.34	OK	31038	5	1030128	323354
empty24-5.scen	45	576	33	712	0	0.28	13.68	OK	31372	29	1055370	330514
empty24-5.scen	46	576	33	721	0	0.33	14.12	OK	42888	33	1083388	338552
empty24-5.scen	47	576	33	742	0	0.34	14.54	OK	42390	22	1099795	343759
empty24-5.scen	48	576	33	756	0	0.34	14.72	OK	42933	22	1126090	351311
empty24-5.scen	49	576	33	771	0	0.34	14.95	OK	42045	23	1151376	358285
empty24-5.scen	50	576	33	783	0	0.34	15.41	OK	42661	19	1180473	367117
empty24-5.scen	51	576	33	807	0	0.35	15.54	OK	43473	20	1190306	370011
empty24-5.scen	52	576	33	829	0	0.38	15.81	OK	49008	28	1206558	374363
empty24-5.scen	53	576	33	845	0	0.36	16.36	OK	43862	24	1232528	381887
empty24-5.scen	54	576	33	847	0	0.39	16.59	OK	47015	24	1254329	388648
empty24-5.scen	55	576	33	872	0	0.37	16.52	OK	44420	29	1267811	392281
empty24-5.scen	56	576	33	879	0	0.39	17.04	OK	46337	26	1305801	402767
empty24-5.scen	57	576	33	886	0	0.43	17.52	OK	47242	28	1328582	409471
empty24-5.scen	58	576	33	894	0	0.44	17.85	OK	49504	29	1354775	416838
empty24-5.scen	59	576	33	911	0	0.48	18.06	OK	55489	35	1375752	422806
empty24-5.scen	60	576	33	923	0	0.49	18.5	OK	55195	34	1406682	431474
empty24-5.scen	61	576	33	934	0	0.51	19.11	OK	51833	56	1452244	439842
empty24-5.scen	62	576	33	955	0	0.43	19.21	OK	43939	23	1470488	444769
empty24-5.scen	63	576	33	968	0	0.47	19.38	OK	47161	58	1494527	451591
empty24-5.scen	64	576	38	1006	0	0.72	19.99	OK	52859	25	2324267	696555
empty24-5.scen	65	576	38	1015	0	0.92	20.66	OK	76921	42	2364291	707900
empty24-5.scen	66	576	38	1042	0	0.9	20.77	OK	74976	46	2386993	714041
empty24-5.scen	67	576	38	1065	0	0.71	20.92	OK	46841	8	2418119	722433
empty24-5.scen	68	576	38	1074	0	0.77	21.84	OK	53133	6	2466492	735920
empty24-5.scen	69	576	38	1087	0	0.76	22.13	OK	49950	14	2499120	745198
empty24-5.scen	70	576	38	1107	0	0.86	22.94	OK	61455	20	2534970	755023
empty24-5.scen	71	576	38	1135	0	0.89	23.16	OK	63671	23	2559823	761632
empty24-5.scen	72	576	38	1161	0	1.08	23.66	OK	84518	41	2583873	768220
empty24-5.scen	73	576	38	1189	0	0.92	23.98	OK	63881	25	2607294	774503
empty24-5.scen	74	576	38	1217	0	0.98	23.91	OK	68518	48	2629433	780500
empty24-5.scen	75	576	38	1229	0	0.95	24.32	OK	63537	65	2672696	792606
empty24-5.scen	76	576	38	1250	0	0.96	24.4	OK	63151	27	2696399	799240
empty24-5.scen	77	576	38	1259	0	1.24	24.95	OK	92796	64	2749441	813888
empty24-5.scen	78	576	38	1279	0	1.25	25.64	OK	88158	46	2780631	822505
empty24-5.scen	79	576	38	1303	0	1.33	25.9	OK	97094	63	2813930	831464
empty24-5.scen	80	576	38	1311	0	1.52	26.47	OK	116206	52	2857195	843484
empty24-5.scen	81	576	38	1315	0	1.59	26.83	OK	118463	36	2907838	857579
empty24-5.scen	82	576	38	1344	0	1.52	27.02	OK	110672	70	2929821	863390
empty24-5.scen	83	576	38	1355	0	1.34	27.29	OK	87466	39	2959233	871669
empty24-5.scen	84	576	38	1366	0	1.32	27.48	OK	82775	31	3003707	884053
empty24-5.scen	85	576	38	1388	0	1.44	27.85	OK	91740	53	3034841	892560
empty24-5.scen	86	576	38	1398	0	1.18	27.98	OK	60292	56	3068369	901944
empty24-5.scen	87	576	38	1423	0	1.46	28.42	OK	88568	46	3097698	909841
empty24-5.scen	88	576	38	1443	0	1.65	29.03	OK	103561	108	3133688	919774
empty24-5.scen	89	576	38	1462	0	1.62	29.25	OK	107966	96	3167993	929325
empty24-5.scen	90	576	38	1478	0	1.52	29.3	OK	94956	65	3197749	937638
empty24-5.scen	91	576	38	1495	0	1.51	29.73	OK	91377	69	3240465	949388
empty24-5.scen	92	576	38	1504	0	1.47	30.04	OK	88330	50	3273362	958673
empty24-5.scen	93	576	38	1527	0	1.39	30.22	OK	76905	33	3305713	967452
empty24-5.scen	94	576	38	1540	0	1.55	30.81	OK	89674	65	3351614	980111
empty24-5.scen	95	576	38	1551	0	1.66	31.26	OK	94399	69	3396061	992499
empty24-5.scen	96	576	38	1577	0	1.56	31.37	OK	86210	63	3424002	1000115
empty24-5.scen	97	576	38	1599	0	1.9	31.99	OK	117579	67	3451918	1007800
empty24-5.scen	98	576	38	1617	0	2.1	32.3	OK	127509	109	3484462	1016717
empty24-5.scen	99	576	38	1630	0	1.91	32.62	OK	112566	99	3519882	1026687
empty24-5.scen	100	576	38	1646	0	2.24	33.37	OK	133312	117	3562959	1038546
empty24-5.scen	101	576	38	1655	0	2.55	33.86	OK	158034	121	3588385	1045750
empty24-5.scen	102	576	38	1659	0	2.05	33.67	OK	124316	77	3627934	1056892
empty24-5.scen	103	576	38	1690	0	2.11	33.89	OK	124619	85	3645068	1061304
empty24-5.scen	104	576	38	1701	0	2.4	34.65	OK	136832	91	3693857	1074820
empty24-5.scen	105	576	38	1717	0	2.09	34.47	OK	117824	64	3731078	1085105
empty24-5.scen	106	576	38	1724	0	2.14	34.88	OK	119805	41	3784733	1099910
empty24-5.scen	107	576	38	1740	0	2.14	35.44	OK	120779	68	3825476	1111136
empty24-5.scen	108	576	38	1770	0	2.22	35.73	OK	122140	94	3845677	1116430
empty24-5.scen	109	576	38	1787	0	2.13	36.12	OK	114553	64	3874684	1124427
empty24-5.scen	110	576	38	1803	0	2.09	36.3	OK	106599	72	3913350	1134940
empty24-5.scen	111	576	38	1811	0	2.23	36.63	OK	114899	36	3948629	1144825
empty24-5.scen	112	576	38	1822	0	2.94	37.86	OK	168375	121	3994231	1157361
empty24-5.scen	113	576	38	1836	0	2.18	37.36	OK	107989	65	4039108	1169731
empty24-5.scen	114	576	38	1845	0	2.13	38.01	OK	103190	48	4092342	1184428
empty24-5.scen	115	576	38	1868	0	2.43	38.3	OK	124318	53	4116030	1190958
empty24-5.scen	116	576	38	1873	0	2.45	39.22	OK	125080	47	4154010	1201570
empty24-5.scen	117	576	38	1905	0	2.47	39.43	OK	122516	57	4167634	1205067
empty24-5.scen	118	576	38	1911	0	2.56	40.06	OK	125011	93	4222800	1220288
empty24-5.scen	119	576	38	1926	0	2.41	40.15	OK	111482	50	4259084	1230372
empty24-5.scen	120	576	38	1930	0	3.55	41.59	OK	184259	180	4283847	1237386
empty24-5.scen	121	576	38	1939	0	3.71	42.45	OK	194417	164	4333622	1251162
empty24-5.scen	122	576	38	1944	0	2.88	42.37	OK	138903	116	4388704	1266392
empty24-5.scen	123	576	38	1950	0	2.57	42.34	OK	115748	129	4440792	1280829
empty24-5.scen	124	576	38	1971	0	2.38	42.58	OK	101652	137	4467642	1288242
empty24-5.scen	125	576	38	1982	0	2.23	42.88	OK	89129	87	4515492	1301429
empty24-5.scen	126	576	38	1997	0	2.27	43.3	OK	91234	67	4560924	1313912
empty24-5.scen	127	576	38	2013	0	3.5	45.05	OK	168519	107	4600007	1324738
empty24-5.scen	128	576	38	2024	0	2.59	44.35	OK	114781	81	4639201	1335594
empty24-5.scen	129	576	38	2048	0	2.37	44.31	OK	94410	52	4660746	1341373
empty24-5.scen	130	576	38	2060	0	2.4	44.76	OK	93838	72	4700868	1352479
empty24-5.scen	131	576	38	2089	0	2.36	45.13	OK	89481	62	4721908	1357985
empty24-5.scen	132	576	38	2095	0	3.43	46.74	OK	158107	73	4762210	1369242
empty24-5.scen	133	576	38	2107	0	3.94	47.25	OK	177535	139	4788810	1376746
empty24-5.scen	134	576	38	2121	0	3.91	48.6	OK	177275	107	4819165	1385203
empty24-5.scen	135	576	38	2132	0	2.58	46.42	OK	100852	60	4851999	1394368
empty24-5.scen	136	576	38	2145	0	2.44	47.67	OK	89241	62	4898613	1407093
empty24-5.scen	137	576	38	2150	0	2.55	47.85	OK	93169	48	4935320	1417320
empty24-5.scen	138	576	38	2183	0	3.28	49.16	OK	131541	103	4947890	1420479
empty24-5.scen	139	576	38	2199	0	3.19	49.63	OK	122367	118	4990393	1432197
empty24-5.scen	140	576	38	2201	0	3.21	49.59	OK	127667	64	5020744	1440715
empty24-5.scen	141	576	38	2227	0	2.61	49.16	OK	94980	67	5047647	1447923
empty24-5.scen	142	576	38	2233	0	2.54	49.21	OK	88393	51	5085431	1458470
empty24-5.scen	143	576	38	2254	0	3.31	51.39	OK	130810	55	5115676	1466784
empty24-5.scen	144	576	38	2264	0	3.33	51.89	OK	130628	72	5150648	1476547
empty24-5.scen	145	576	38	2276	0	2.9	51.84	OK	106803	93	5198790	1489756
empty24-5.scen	146	576	38	2296	0	3.37	52.82	OK	129167	79	5234376	1499548
empty24-5.scen	147	576	38	2320	0	3.4	52.92	OK	126798	87	5261727	1506826
empty24-5.scen	148	576	38	2326	0	3.56	53.37	OK	131506	110	5305546	1519011
empty24-5.scen	149	576	38	2345	0	3.61	53.74	OK	134589	103	5339989	1528421
empty24-5.scen	150	576	38	2373	0	4.1	54.74	OK	150967	144	5361654	1534217
empty24-5.scen	151	576	38	2386	0	3.51	54.07	OK	124371	117	5393709	1543152
empty24-5.scen	152	576	38	2399	0	3.44	54.46	OK	125756	109	5435864	1554803
empty24-5.scen	153	576	38	2426	0	4.17	55.32	OK	155724	241	5462651	1561919
empty24-5.scen	154	576	38	2433	0	3.27	54.72	OK	109514	97	5507019	1574209
empty24-5.scen	155	576	38	2452	0	4.54	56.29	OK	168805	214	5535764	1582023
empty24-5.scen	156	576	38	2465	0	3.92	56.15	OK	139507	137	5586082	1595824
empty24-5.scen	157	576	38	2472	0	2.96	55.85	OK	92144	85	5626729	1607122
empty24-5.scen	158	576	38	2482	0	3.14	55.91	OK	99442	96	5667020	1618301
empty24-5.scen	159	576	38	2489	0	3.07	56.35	OK	97561	104	5707763	1629656
empty24-5.scen	160	576	38	2497	0	4.1	58.1	OK	141663	139	5742922	1639458
empty24-5.scen	161	576	38	2518	0	3.09	57.13	OK	93819	100	5772672	1647625
empty24-5.scen	162	576	38	2549	0	2.74	56.89	OK	74800	90	5786514	1651215
empty24-5.scen	163	576	38	2568	0	3.25	57.63	OK	101750	87	5819924	1660305
empty24-5.scen	164	576	38	2584	0	3.32	58.07	OK	107182	92	5864444	1672495
empty24-5.scen	165	576	38	2596	0	3.02	58.4	OK	88049	90	5905360	1683876
empty24-5.scen	166	576	38	2605	0	3.78	59.43	OK	128839	87	5942500	1694222
empty24-5.scen	167	576	38	2619	0	7.44	63.44	OK	297558	249	5978247	1704120
empty24-5.scen	168	576	38	2641	0	5.17	61.47	OK	176218	164	6013513	1713663
empty24-5.scen	169	576	38	2646	0	4.76	61.31	OK	154344	198	6064634	1727793
empty24-5.scen	170	576	38	2667	0	6.56	63.42	OK	246129	235	6095151	1736154
empty24-5.scen	171	576	38	2679	0	4.71	62.11	OK	154189	125	6126030	1744778
empty24-5.scen	172	576	38	2693	0	5.16	63.02	OK	164840	170	6163760	1755117
empty24-5.scen	173	576	38	2723	0	5.57	63.44	OK	179695	189	6183812	1760320
empty24-5.scen	174	576	38	2754	0	4.44	62.45	OK	132842	227	6201445	1764870
empty24-5.scen	175	576	38	2767	0	4.56	63.27	OK	138001	158	6228692	1772467
empty24-5.scen	176	576	38	2770	0	4.92	63.6	OK	150742	233	6254698	1779838
empty24-5.scen	177	576	38	2771	0	3.17	62.18	OK	80836	80	6295689	1791254
empty24-5.scen	178	576	38	2795	0	5.36	64.6	OK	165054	155	6326330	1799412
empty24-5.scen	179	576	38	2800	0	4.5	64.43	OK	128054	139	6372158	1812127
empty24-5.scen	180	576	38	2807	0	4.54	64.78	OK	130455	157	6421088	1825680
empty24-5.scen	181	576	38	2819	0	5.17	65.97	OK	153366	208	6463360	1837284
empty24-5.scen	182	576	38	2844	0	5.57	66.49	OK	164301	239	6491875	1844985
empty24-5.scen	183	576	38	2868	0	7.49	68.52	OK	243352	214	6513693	1850998
empty24-5.scen	184	576	38	2884	0	7.76	69.27	OK	253522	121	6554397	1862199
empty24-5.scen	185	576	38	2906	0	7.97	69.82	OK	252672	117	6582891	1869981
empty24-5.scen	186	576	38	2912	0	6.98	69.09	OK	227950	281	6622036	1880895
empty24-5.scen	187	576	38	2921	0	5.82	68.17	OK	175627	254	6660888	1891710
empty24-5.scen	188	576	38	2925	0	7.2	69.78	OK	230031	329	6700325	1902681
empty24-5.scen	189	576	38	2953	0	7.45	70.59	OK	235048	232	6725253	1909173
empty24-5.scen	190	576	38	2964	0	7.24	70.58	OK	222720	205	6762149	1919417
empty24-5.scen	191	576	38	2975	0	9.6	73.5	OK	320032	386	6798853	1929641
empty24-5.scen	192	576	38	2987	0	8.91	73.33	OK	274044	287	6837102	1940166
empty24-5.scen	193	576	38	2996	0	5.65	70.36	OK	151933	167	6879078	1951756
empty24-5.scen	194	576	38	3014	0	5.48	70.44	OK	144575	131	6917815	1962345
empty24-5.scen	195	576	38	3022	0	7.91	73.33	OK	243067	243	6959425	1973906
empty24-5.scen	196	576	38	3057	0	7.96	73.24	OK	235796	258	6967237	1975679
empty24-5.scen	197	576	38	3071	0	6.27	72.37	OK	174075	198	7005405	1986243
empty24-5.scen	198	576	38	3084	0	10.61	76.86	OK	340761	460	7040532	1995977
empty24-5.scen	199	576	38	3102	0	7.24	73.51	OK	206186	246	7060592	2001541
empty24-5.scen	200	576	38	3113	0	8.89	76.22	OK	262183	346	7110404	2015173
empty24-5.scen	201	576	38	3122	0	10.68	77.97	OK	333954	192	7157867	2028275
empty24-5.scen	202	576	38	3136	0	6.81	74.2	OK	181285	222	7187528	2036502
empty24-5.scen	203	576	38	3144	0	8.85	76.92	OK	256630	284	7222462	2046278
empty24-5.scen	204	576	38	3155	0	7.9	76.46	OK	214791	205	7269235	2059187
empty24-5.scen	205	576	38	3164	0	10.33	78.9	OK	305330	317	7318540	2072783
empty24-5.scen	206	576	38	3183	0	5.86	75.1	OK	146382	213	7357374	2083344
empty24-5.scen	207	576	38	3196	0	9.97	79.67	OK	290012	327	7400158	2095161
empty24-5.scen	208	576	38	3207	0	7.44	77.23	OK	193153	248	7436653	2105285
empty24-5.scen	209	576	38	3233	0	9.25	79.45	OK	260377	345	7466507	2113153
empty24-5.scen	210	576	38	3248	0	13.92	84.6	OK	421344	459	7511727	2125539
empty24-5.scen	211	576	38	3255	0	11.45	82.35	OK	332364	419	7536611	2132532
empty24-5.scen	212	576	38	3273	0	9.47	80.75	OK	265257	311	7577456	2143693
empty24-5.scen	213	576	38	3293	0	9.76	81.1	OK	268231	213	7606479	2151680
empty24-5.scen	214	576	38	3304	0	13.08	84.97	OK	377718	392	7657439	2165677
empty24-5.scen	215	576	38	3320	0	8.51	80.79	OK	222586	257	7688770	2174369
empty24-5.scen	216	576	38	3326	0	10.9	83.71	OK	302635	311	7735042	2187184
empty24-5.scen	217	576	38	3339	0	13.66	86.96	OK	419479	456	7781990	2200077
empty24-5.scen	218	576	38	3359	0	12.41	86.2	OK	354191	357	7820931	2210627
empty24-5.scen	219	576	38	3365	0	10.3	84.42	OK	278342	446	7856531	2220552
empty24-5.scen	220	576	38	3371	0	11.62	86.42	OK	324320	451	7901422	2233017
empty24-5.scen	221	576	38	3396	0	11.14	86.13	OK	283330	417	7924245	2239107
empty24-5.scen	222	576	38	3409	0	9.9	85.2	OK	256114	356	7966194	2250548
empty24-5.scen	223	576	38	3441	0	13.47	88.92	OK	395445	507	7980343	2254117
empty24-5.scen	224	576	38	3454	0	17.04	93.09	OK	511285	396	8028253	2267235
empty24-5.scen	225	576	38	3482	0	12.47	88.73	OK	341540	360	8052341	2273569
empty24-5.scen	226	576	38	3496	0	14.49	91.31	OK	414852	451	8088071	2283483
empty24-5.scen	227	576	38	3518	0	17.94	95.26	OK	539447	587	8119801	2292003
empty24-5.scen	228	576	38	3535	0	18.46	96.14	OK	536043	559	8155304	2301768
empty24-5.scen	229	576	38	3547	0	15.49	93.36	OK	430191	551	8200400	2314080
empty24-5.scen	230	576	38	3573	0	22.39	100.63	OK	630643	873	8229964	2321875
empty24-5.scen	231	576	38	3585	0	13.04	91.63	OK	330664	470	8268197	2332439
empty24-5.scen	232	576	38	3618	0	19.48	98.36	OK	597052	820	8280176	2335436
empty24-5.scen	233	576	38	3629	0	20.15	99.38	OK	578898	955	8322447	2347139
empty24-5.scen	234	576	38	3655	0	22.22	101.8	OK	620730	713	8345801	2353468
empty24-5.scen	235	576	38	3662	0	19.48	99.31	OK	572124	632	8398633	2368055
empty24-5.scen	236	576	38	3689	0	21.25	101.42	OK	628319	1264	8424378	2374900
empty24-5.scen	237	576	38	3700	0	13.46	95.24	OK	353770	505	8471247	2387838
empty24-5.scen	238	576	38	3712	0	25.37	107.33	OK	795369	1033	8513568	2399520
empty24-5.scen	239	576	38	3733	0	26.17	107.67	OK	838201	1318	8544801	2408007
empty24-5.scen	240	576	38	3761	0	21.03	103.54	OK	566131	780	8566132	2413691
empty24-5.scen	241	576	38	3774	0	22.32	106.3	OK	663397	1053	8614007	2426836
empty24-5.scen	242	576	38	3788	0	23.39	107.56	OK	717035	665	8656237	2438421
empty24-5.scen	243	576	38	3793	0	22.6	107.52	OK	630027	796	8698583	2450198
empty24-5.scen	244	576	38	3817	0	17.32	102.57	OK	448281	725	8729587	2458501
empty24-5.scen	245	576	38	3821	0	24.96	110.31	OK	730541	790	8766937	2468911
empty24-5.scen	246	576	38	3827	0	20.65	106.6	OK	581270	737	8813814	2481910
empty24-5.scen	247	576	38	3837	0	28.43	115.31	OK	953913	1544	8853712	2492971
empty24-5.scen	248	576	38	3844	0	16.79	103.8	OK	422564	928	8900930	2506037
empty24-5.scen	249	576	38	3847	0	32.51	119.87	OK	1137665	1071	8940307	2517011
empty24-5.scen	250	576	38	3857	0	16.62	104.43	OK	418053	524	8977531	2527360
empty24-5.scen	251	576	38	3874	0	24.63	112.41	OK	758812	1100	8995985	2532516
empty24-5.scen	252	576	38	3898	0	24.98	113.49	OK	870207	1287	9023573	2539947
empty24-5.scen	253	576	38	3901	0	19.52	107.92	OK	520484	776	9055476	2548865
empty24-5.scen	254	576	38	3915	0	27.94	116.99	OK	798199	704	9101538	2561515
empty24-5.scen	255	576	38	3920	0	15.99	105.24	OK	392852	716	9155406	2576385
empty24-5.scen	256	576	38	3929	0	20	110.09	OK	555237	778	9189398	2585863
empty24-5.scen	257	576	38	3944	0	19.93	110.14	OK	594544	864	9227299	2596243
empty24-5.scen	258	576	38	3950	0	14.76	105.5	OK	360417	716	9264580	2606624
empty24-5.scen	259	576	38	3965	0	33.41	124.74	OK	1102368	1304	9298918	2616141
empty24-5.scen	260	576	38	3976	0	26.95	118.2	OK	792755	1041	9342939	2628303
empty24-5.scen	261	576	38	3977	0	31.25	122.95	OK	979872	1638	9386594	2640464
empty24-5.scen	262	576	38	3995	0	28.14	120.46	OK	792879	1033	9422694	2650339
empty24-5.scen	263	576	38	4003	0	25.09	118.07	OK	714029	839	9475155	2664776
empty24-5.scen	264	576	38	4024	0	36.08	129.62	OK	1064700	994	9510010	2674251
empty24-5.scen	265	576	38	4030	0	26.67	120.24	OK	776347	1379	9551453	2685759
empty24-5.scen	266	576	38	4052	0	26.97	120.93	OK	780080	980	9585908	2695053
empty24-5.scen	267	576	38	4073	0	15.31	109.82	OK	364304	686	9615391	2703136
empty24-5.scen	268	576	38	4083	0	26.17	123.11	OK	706536	1054	9639454	2709900
empty24-5.scen	269	576	38	4100	0	34.71	132.02	OK	1106923	1088	9678501	2720445
empty24-5.scen	270	576	38	4108	0	28.72	126.48	OK	828867	1205	9720246	2732047
empty24-5.scen	271	576	38	4129	0	32.2	130.43	OK	945948	1341	9757162	2742020
empty24-5.scen	272	576	38	4149	0	22.64	120.96	OK	587954	728	9788274	2750585
empty24-5.scen	273	576	38	4176	0	23	122.13	OK	614407	927	9815697	2757761
empty24-5.scen	274	576	38	4191	0	31.43	131	OK	836284	826	9844908	2765884
empty24-5.scen	275	576	38	4210	0	42.12	141.95	OK	1270833	1712	9881032	2775743
empty24-5.scen	276	576	38	4221	0	32.63	132.83	OK	844388	1291	9927550	2788554
empty24-5.scen	277	576	38	4233	0	28.68	129.39	OK	671285	923	9972987	2801056
empty24-5.scen	278	576	38	4253	0	42.24	142.56	OK	1363500	2015	10010625	2811271
empty24-5.scen	279	576	38	4280	0	27.52	128.97	OK	808245	1216	10038369	2818545
empty24-5.scen	280	576	38	4298	0	55.13	156.72	OK	1927853	2092	10074210	2828381
empty24-5.scen	281	576	38	4305	0	32.58	134.91	OK	917719	1027	10127102	2842949
empty24-5.scen	282	576	38	4310	0	26.54	128.91	OK	671377	909	10170892	2855103
empty24-5.scen	283	576	38	4328	0	37.73	140.67	OK	1168051	1882	10205468	2864402
empty24-5.scen	284	576	38	4336	0	44.72	147.75	OK	1388098	1399	10240569	2874169
empty24-5.scen	285	576	38	4357	0	49.9	153.5	OK	1558371	1962	10265650	2881078
empty24-5.scen	286	576	38	4362	0	27.05	130.78	OK	678329	1090	10315519	2894892
empty24-5.scen	287	576	38	4364	0	47.75	154.02	OK	1550113	1621	10370365	2910054
empty24-5.scen	288	576	38	4391	0	50.99	157.63	OK	1501656	1664	10390926	2915573
empty24-5.scen	289	576	38	4406	0	50.75	158.01	OK	1640843	2108	10423661	2924630
empty24-5.scen	290	576	38	4436	0	51.42	158.98	OK	1773386	2130	10442918	2929591
empty24-5.scen	291	576	38	4457	0	55.75	163.87	OK	1703789	2144	10475983	2938483
empty24-5.scen	292	576	38	4481	0	44.23	152.29	OK	1310109	1726	10508363	2947172
empty24-5.scen	293	576	38	4496	0	38.57	146.33	OK	1208288	1811	10551861	2959042
empty24-5.scen	294	576	38	4507	0	46.43	155.68	OK	1377271	1394	10589490	2969488
empty24-5.scen	295	576	38	4523	0	42.89	151.87	OK	1241141	1860	10633579	2981547
empty24-5.scen	296	576	38	4539	0	38.65	148.72	OK	1056382	1291	10668871	2991266
empty24-5.scen	297	576	38	4546	0	36.63	147.34	OK	1020958	1251	10708282	3002220
empty24-5.scen	298	576	38	4558	0	50.37	160.94	OK	1817989	1908	10756370	3015442
empty24-5.scen	299	576	38	4583	0	51.48	163.18	OK	1722131	1471	10788114	3023874
empty24-5.scen	300	576	38	4605	0	50.81	162.97	OK	1571426	1907	10813592	3030867
empty24-5.scen	301	576	38	4630	0	55.82	167.06	OK	1759687	2407	10843720	3038932
empty24-5.scen	302	576	38	4641	0	52.53	164.58	OK	1646315	2062	10893192	3052536
empty24-5.scen	303	576	38	4655	0	37.81	150.05	OK	951194	1346	10935180	3064089
empty24-5.scen	304	576	38	4665	0	50.79	166.73	OK	1435385	1729	10988593	3078763
empty24-5.scen	305	576	38	4670	0	37.72	151.51	OK	1050537	1559	11039530	3092835
empty24-5.scen	306	576	38	4692	0	53.25	166.85	OK	1731820	1860	11063850	3099339
empty24-5.scen	307	576	38	4727	0	46.71	160.45	OK	1379397	1522	11071281	3101035
empty24-5.scen	308	576	38	4741	0	64.21	178.16	OK	1911796	2022	11105186	3110374
empty24-5.scen	309	576	38	4747	0	52.25	166.66	OK	1523140	1335	11147180	3122011
empty24-5.scen	310	576	38	4767	0	67.69	182.38	OK	2180742	2521	11179247	3130714
empty24-5.scen	311	576	38	4787	0	73.62	189.23	OK	2478335	2043	11211940	3139621
empty24-5.scen	312	576	38	4798	0	48.75	164.21	OK	1472127	1954	11262432	3153508
empty24-5.scen	313	576	38	4805	0	56.98	173.07	OK	1673714	2158	11304173	3165110
empty24-5.scen	314	576	38	4818	0	65.8	182.26	OK	2291885	2246	11331421	3172694
empty24-5.scen	315	576	38	4831	0	56.05	172.86	OK	1551657	2364	11363742	3181670
empty24-5.scen	316	576	38	4840	0	54	171.86	OK	1542121	2300	11409671	3194313
empty24-5.scen	317	576	38	4859	0	55.63	172.99	OK	1840228	2100	11441642	3203107
empty24-5.scen	318	576	38	4877	0	60.83	178.68	OK	2081668	2034	11476996	3212791
empty24-5.scen	319	576	38	4889	0	69.42	187.62	OK	2121375	2160	11511129	3222235
empty24-5.scen	320	576	38	4903	0	69.94	188.25	OK	2161976	2939	11541081	3230556
empty24-5.scen	321	576	38	4930	0	65.67	184.85	OK	1985887	2349	11562205	3236243
empty24-5.scen	322	576	38	4966	0	65.08	184.38	OK	2091343	2040	11568127	3237402
empty24-5.scen	323	576	38	4986	0	51.11	170.69	OK	1400821	2280	11598321	3245631
empty24-5.scen	324	576	38	5003	0	60.59	180.26	OK	1682710	1874	11627417	3253672
empty24-5.scen	325	576	38	5027	0	69.41	189.12	OK	2100451	2225	11655160	3261140
empty24-5.scen	326	576	38	5063	0	63.56	183.98	OK	1955986	2173	11660975	3262315
empty24-5.scen	327	576	38	5069	0	67.02	187.79	OK	1948326	2193	11693471	3271410
empty24-5.scen	328	576	38	5083	0	81.83	202.59	OK	2363887	4501	11727914	3280952
empty24-5.scen	329	576	38	5109	0	65.11	186.45	OK	1919432	1889	11756487	3288541
empty24-5.scen	330	576	38	5132	0	82.32	203.86	OK	2636517	2414	11785800	3296422
empty24-5.scen	331	576	38	5150	0	70.64	192.64	OK	2329664	2151	11809683	3303055
empty24-5.scen	332	576	38	5161	0	61.54	183.86	OK	1759713	2321	11862246	3317497
empty24-5.scen	333	576	38	5177	0	67.26	190.28	OK	2200785	2093	11896705	3327004
empty24-5.scen	334	576	38	5188	0	66.62	190.46	OK	2087595	2326	11943483	3339918
empty24-5.scen	335	576	38	5206	0	76.69	200.91	OK	2250281	2520	11978004	3349397
empty24-5.scen	336	576	38	5225	0	73.73	198.12	OK	2253185	2357	12017396	3360105
empty24-5.scen	337	576	38	5239	0	69.24	193.68	OK	2183901	2954	12049746	3369070
empty24-5.scen	338	576	38	5258	0	82.94	207.6	OK	2519546	2301	12086510	3379130
empty24-5.scen	339	576	38	5275	0	77.19	202.6	OK	2539844	3098	12117442	3387692
empty24-5.scen	340	576	38	5282	0	64.95	190.76	OK	1766111	2084	12170877	3402433
empty24-5.scen	341	576	38	5296	0	78.71	205.48	OK	2115265	2150	12201128	3410830
empty24-5.scen	342	576	38	5312	0	72.19	198.58	OK	2434658	2433	12225754	3417673
empty24-5.scen	343	576	38	5316	0	79.48	206.52	OK	2226087	2428	12267070	3429146
empty24-5.scen	344	576	38	5341	0	82.82	209.89	OK	2247055	2798	12296524	3437030
empty24-5.scen	345	576	38	5357	0	70.84	198.62	OK	2187460	2564	12335957	3447816
empty24-5.scen	346	576	38	5368	0	72.73	200.24	OK	1995765	1950	12362796	3455304
empty24-5.scen	347	576	38	5385	0	99.41	227.55	OK	3213776	2652	12402761	3466270
empty24-5.scen	348	576	38	5414	0	90.86	219.61	OK	2319576	2370	12422456	3471484
empty24-5.scen	349	576	38	5449	0	83.55	212.63	OK	2607276	2628	12430570	3473324
empty24-5.scen	350	576	38	5476	0	73.87	202.89	OK	2155099	2652	12448608	3478088
empty24-5.scen	351	576	38	5494	0	94.21	223.62	OK	2579986	2677	12477668	3486057
empty24-5.scen	352	576	38	5500	0	74.59	204.82	OK	1973405	1920	12529949	3500470
empty24-5.scen	353	576	38	5519	0	88.29	218.95	OK	2172163	2032	12568029	3510797
empty24-5.scen	354	576	38	5543	0	100.43	231.01	OK	3084569	2161	12596285	3518458
empty24-5.scen	355	576	38	5561	0	89.98	221.05	OK	2570723	3529	12630436	3527831
empty24-5.scen	356	576	38	5564	0	75.57	207.75	OK	2439299	2393	12681880	3542095
empty24-5.scen	357	576	38	5584	0	94.98	227.14	OK	2347801	2447	12708405	3549387
empty24-5.scen	358	576	38	5598	0	86.34	218.76	OK	2574777	2944	12746329	3559847
empty24-5.scen	359	576	38	5620	0	83.78	216.32	OK	2522043	2778	12778339	3568515
empty24-5.scen	360	576	38	5632	0	96.52	229.84	OK	2665709	3152	12829688	3582602
empty24-5.scen	361	576	38	5648	0	120.33	254.25	OK	3217422	2926	12869546	3593553
empty24-5.scen	362	576	38	5677	0	99.44	233.66	OK	2468841	2305	12890575	3599037
empty24-5.scen	363	576	38	5683	0	91.63	226.37	OK	2611135	2566	12933808	3611031
empty24-5.scen	364	576	38	5693	0	99.47	234.63	OK	2898371	2739	12981293	3624080
empty24-5.scen	365	576	38	5703	0	87.43	223.44	OK	2424589	2352	13016190	3633770
empty24-5.scen	366	576	38	5733	0	110.94	247.35	OK	3230480	2796	13031547	3637731
empty24-5.scen	367	576	38	5744	0	101.3	238.03	OK	2815201	2682	13063713	3646690
empty24-5.scen	368	576	38	5752	0	100.87	237.72	OK	2980221	3039	13113761	3660462
empty24-5.scen	369	576	38	5762	0	104.85	242.77	OK	2756175	2406	13148867	3670217
empty24-5.scen	370	576	38	5787	0	105.19	242.9	OK	2755859	3054	13176974	3677782
empty24-5.scen	371	576	38	5802	0	110.1	248.76	OK	3359906	3232	13209444	3686771
empty24-5.scen	372	576	38	5816	0	91.83	230.65	OK	2620730	3363	13249173	3697627
empty24-5.scen	373	576	38	5839	0	100.87	239.44	OK	2802195	3245	13273951	3704394
empty24-5.scen	374	576	38	5851	0	87.5	227.01	OK	2370961	2582	13318788	3716649
empty24-5.scen	375	576	38	5867	0	117.27	257.7	OK	3340188	3743	13356954	3727162
empty24-5.scen	376	576	38	5871	0	124.97	265.83	OK	3256452	3169	13397648	3738502
empty24-5.scen	377	576	38	5882	0	139.48	280.28	OK	3800588	4264	13443561	3751176
