empty16-2.scen	1	256	3	3	0	0	0.02	OK	2	0	16	1
empty16-2.scen	2	256	16	19	0	0	0.02	OK	18	0	303	48
empty16-2.scen	3	256	16	29	0	0	0.02	OK	25	0	396	62
empty16-2.scen	4	256	17	46	0	0	0.03	OK	44	0	734	113
empty16-2.scen	5	256	17	59	0	0	0.04	OK	52	0	932	148
empty16-2.scen	6	256	17	71	0	0	0.04	OK	55	0	1011	158
empty16-2.scen	7	256	17	74	0	0	0.05	OK	58	0	1027	159
empty16-2.scen	8	256	17	91	0	0	0.06	OK	79	0	1358	209
empty16-2.scen	9	256	19	110	0	0	0.07	OK	76	0	2770	148
empty16-2.scen	10	256	19	127	0	0	0.09	OK	83	0	3407	175
empty16-2.scen	11	256	19	137	0	0	0.1	OK	79	0	3506	181
empty16-2.scen	12	256	19	147	0	0	0.1	OK	82	0	3694	194
empty16-2.scen	13	256	19	148	0	0	0.1	OK	88	0	3695	193
empty16-2.scen	14	256	19	158	0	0	0.11	OK	93	0	3850	206
empty16-2.scen	15	256	19	172	0	0	0.12	NO SOLUTION	43	22	4275	227
empty16-2.scen	15	256	19	172	1	0	0.16	OK	149	0	11193	808
empty16-2.scen	16	256	19	190	0	0	0.13	NO SOLUTION	45	23	5003	256
empty16-2.scen	16	256	19	190	1	0	0.18	OK	233	17	12966	920
empty16-2.scen	17	256	19	198	0	0	0.13	NO SOLUTION	48	27	5123	263
empty16-2.scen	17	256	19	198	1	0	0.18	OK	213	12	13335	940
empty16-2.scen	18	256	19	204	0	0	0.14	NO SOLUTION	63	33	5173	266
empty16-2.scen	18	256	19	204	1	0	0.18	OK	220	12	13510	954
empty16-2.scen	19	256	19	214	0	0	0.15	NO SOLUTION	51	27	5266	274
empty16-2.scen	19	256	19	214	1	0	0.2	OK	231	14	13895	991
empty16-2.scen	20	256	19	230	0	0	0.15	NO SOLUTION	34	23	5758	299
empty16-2.scen	20	256	19	230	1	0	0.21	OK	195	0	15163	1083
empty16-2.scen	21	256	19	249	0	0	0.17	NO SOLUTION	51	26	6451	326
empty16-2.scen	21	256	19	249	1	0	0.22	OK	753	19	8870	1609
empty16-2.scen	22	256	19	263	0	0	0.17	NO SOLUTION	51	24	6777	349
empty16-2.scen	22	256	19	263	1	0	0.23	NO SOLUTION	1018	62	9368	1704
empty16-2.scen	22	256	19	263	2	0.01	0.37	OK	1021	104	20398	4695
empty16-2.scen	23	256	19	273	0	0	0.18	NO SOLUTION	0	1	6781	359
empty16-2.scen	23	256	19	273	1	0	0.23	NO SOLUTION	47	11	9438	1689
empty16-2.scen	23	256	19	273	2	0.01	0.38	NO SOLUTION	638	99	20666	4762
empty16-2.scen	23	256	19	273	3	0.02	0.49	OK	1166	122	32620	8471
empty16-2.scen	24	256	19	288	0	0	0.19	NO SOLUTION	0	1	6943	372
empty16-2.scen	24	256	19	288	1	0	0.24	NO SOLUTION	18	10	9820	1781
empty16-2.scen	24	256	19	288	2	0.01	0.4	NO SOLUTION	753	105	21551	5017
empty16-2.scen	24	256	19	288	3	0.03	0.51	OK	1156	118	34042	8893
empty16-2.scen	25	256	19	296	0	0	0.19	NO SOLUTION	0	1	7017	378
empty16-2.scen	25	256	19	296	1	0	0.25	NO SOLUTION	23	10	9992	1818
empty16-2.scen	25	256	19	296	2	0.02	0.43	NO SOLUTION	623	108	22002	5145
empty16-2.scen	25	256	19	296	3	0.03	0.54	OK	1269	127	34789	9142
empty16-2.scen	26	256	19	303	0	0	0.2	NO SOLUTION	0	1	7080	383
empty16-2.scen	26	256	19	303	1	0	0.26	NO SOLUTION	20	8	10136	1852
empty16-2.scen	26	256	19	303	2	0.02	0.44	NO SOLUTION	606	105	22386	5251
empty16-2.scen	26	256	19	303	3	0.03	0.55	OK	1176	139	35389	9339
empty16-2.scen	27	256	20	323	0	0	0.24	NO SOLUTION	0	1	7919	416
empty16-2.scen	27	256	20	323	1	0	0.28	NO SOLUTION	18	10	11181	2033
empty16-2.scen	27	256	20	323	2	0.02	0.49	NO SOLUTION	861	120	24568	5800
empty16-2.scen	27	256	20	323	3	0.06	0.63	OK	1429	187	38676	10344
empty16-2.scen	28	256	20	328	0	0	0.24	NO SOLUTION	0	1	7903	413
empty16-2.scen	28	256	20	328	1	0	0.29	NO SOLUTION	3	3	11215	1969
empty16-2.scen	28	256	20	328	2	0.02	0.5	NO SOLUTION	335	78	24709	5715
empty16-2.scen	28	256	20	328	3	0.06	0.64	NO SOLUTION	1168	203	38939	10244
empty16-2.scen	28	256	20	328	4	0.1	0.91	OK	1269	208	57531	16430
empty16-2.scen	29	256	22	350	0	0	0.29	NO SOLUTION	0	1	8880	451
empty16-2.scen	29	256	22	350	1	0	0.35	NO SOLUTION	3	3	12383	2163
empty16-2.scen	29	256	22	350	2	0.01	0.57	NO SOLUTION	491	85	27064	6289
empty16-2.scen	29	256	22	350	3	0.08	0.76	NO SOLUTION	1114	200	42501	11273
empty16-2.scen	29	256	22	350	4	0.11	1.06	OK	1234	224	62417	17976
empty16-2.scen	30	256	22	367	0	0	0.31	NO SOLUTION	0	1	9407	478
empty16-2.scen	30	256	22	367	1	0	0.36	NO SOLUTION	3	3	13124	2294
empty16-2.scen	30	256	22	367	2	0.02	0.62	NO SOLUTION	246	70	28629	6719
empty16-2.scen	30	256	22	367	3	0.08	0.79	NO SOLUTION	964	171	44800	12034
empty16-2.scen	30	256	22	367	4	0.07	1.08	OK	1397	164	65630	19090
empty16-2.scen	31	256	22	387	0	0	0.32	NO SOLUTION	0	1	10399	524
empty16-2.scen	31	256	22	387	1	0	0.39	NO SOLUTION	27	5	14326	2547
empty16-2.scen	31	256	22	387	2	0.01	0.65	NO SOLUTION	541	90	31015	7364
empty16-2.scen	31	256	22	387	3	0.06	0.82	NO SOLUTION	894	166	48293	13075
empty16-2.scen	31	256	22	387	4	0.07	1.13	OK	1180	125	70534	20555
empty16-2.scen	32	256	22	398	0	0	0.33	NO SOLUTION	0	1	10644	538
empty16-2.scen	32	256	22	398	1	0	0.4	NO SOLUTION	10	5	14697	2626
empty16-2.scen	32	256	22	398	2	0.02	0.67	NO SOLUTION	378	81	31821	7657
empty16-2.scen	32	256	22	398	3	0.07	0.85	NO SOLUTION	1168	206	49522	13534
empty16-2.scen	32	256	22	398	4	0.12	1.21	OK	1483	192	72257	21157
empty16-2.scen	33	256	22	409	0	0	0.34	NO SOLUTION	0	1	10912	555
empty16-2.scen	33	256	22	409	1	0	0.43	NO SOLUTION	11	5	15091	2727
empty16-2.scen	33	256	22	409	2	0.02	0.69	NO SOLUTION	445	70	32640	7918
empty16-2.scen	33	256	22	409	3	0.08	0.88	NO SOLUTION	1307	144	50742	13925
empty16-2.scen	33	256	22	409	4	0.21	1.32	NO SOLUTION	1635	283	73967	21709
empty16-2.scen	33	256	22	409	5	0.22	1.52	OK	2217	256	97556	29777
empty16-2.scen	34	256	22	422	0	0	0.36	NO SOLUTION	0	1	11316	589
empty16-2.scen	34	256	22	422	1	0	0.44	NO SOLUTION	10	5	15653	2865
empty16-2.scen	34	256	22	422	2	0.02	0.72	NO SOLUTION	548	81	33724	8239
empty16-2.scen	34	256	22	422	3	0.11	0.94	NO SOLUTION	1504	169	52373	14422
empty16-2.scen	34	256	22	422	4	0.39	1.54	NO SOLUTION	1765	424	76358	22387
empty16-2.scen	34	256	22	422	5	0.38	1.73	OK	2499	371	100736	30674
empty16-2.scen	35	256	22	427	0	0	0.36	NO SOLUTION	0	1	11346	592
empty16-2.scen	35	256	22	427	1	0	0.46	NO SOLUTION	11	5	15726	2856
empty16-2.scen	35	256	22	427	2	0.02	0.72	NO SOLUTION	736	83	33930	8255
empty16-2.scen	35	256	22	427	3	0.11	0.95	NO SOLUTION	1545	169	52724	14462
empty16-2.scen	35	256	22	427	4	0.33	1.5	NO SOLUTION	1688	365	76961	22481
empty16-2.scen	35	256	22	427	5	0.16	1.54	OK	2205	274	101598	30818
empty16-2.scen	36	256	22	433	0	0	0.37	NO SOLUTION	0	1	11383	596
empty16-2.scen	36	256	22	433	1	0	0.46	NO SOLUTION	11	5	15811	2860
empty16-2.scen	36	256	22	433	2	0.02	0.75	NO SOLUTION	639	86	34148	8296
empty16-2.scen	36	256	22	433	3	0.08	0.94	NO SOLUTION	1502	147	53087	14523
empty16-2.scen	36	256	22	433	4	0.23	1.43	NO SOLUTION	1588	288	77561	22595
empty16-2.scen	36	256	22	433	5	0.24	1.66	OK	2334	297	102438	30986
empty16-2.scen	37	256	22	440	0	0	0.38	NO SOLUTION	0	1	11443	601
empty16-2.scen	37	256	22	440	1	0	0.47	NO SOLUTION	16	5	15952	2876
empty16-2.scen	37	256	22	440	2	0.02	0.75	NO SOLUTION	1002	89	34490	8331
empty16-2.scen	37	256	22	440	3	0.12	1	NO SOLUTION	1746	189	53670	14601
empty16-2.scen	37	256	22	440	4	0.34	1.56	NO SOLUTION	1618	340	78461	22751
empty16-2.scen	37	256	22	440	5	0.18	1.62	OK	2083	274	103665	31246
empty16-2.scen	38	256	22	445	0	0	0.38	NO SOLUTION	0	1	11414	0
empty16-2.scen	38	256	22	445	1	0	0.49	NO SOLUTION	5	3	15986	2835
empty16-2.scen	38	256	22	445	2	0.01	0.76	NO SOLUTION	410	42	34622	8231
empty16-2.scen	38	256	22	445	3	0.08	0.98	NO SOLUTION	1081	146	53917	14411
empty16-2.scen	38	256	22	445	4	0.18	1.42	NO SOLUTION	1373	263	78917	22550
empty16-2.scen	38	256	22	445	5	0.69	2.16	NO SOLUTION	2298	486	104355	31082
empty16-2.scen	38	256	22	445	6	0.25	2.03	OK	2213	278	135295	41204
empty16-2.scen	39	256	22	454	0	0	0.39	NO SOLUTION	0	1	11561	0
empty16-2.scen	39	256	22	454	1	0	0.49	NO SOLUTION	7	3	16252	2910
empty16-2.scen	39	256	22	454	2	0.01	0.77	NO SOLUTION	449	49	35214	8439
empty16-2.scen	39	256	22	454	3	0.07	0.97	NO SOLUTION	273	119	54825	14710
empty16-2.scen	39	256	22	454	4	0.19	1.46	NO SOLUTION	1817	300	80257	22917
empty16-2.scen	39	256	22	454	5	0.63	2.12	NO SOLUTION	2073	587	106142	31575
empty16-2.scen	39	256	22	454	6	0.45	2.29	OK	2386	345	137632	41805
empty16-2.scen	40	256	22	462	0	0	0.4	NO SOLUTION	0	1	11667	0
empty16-2.scen	40	256	22	462	1	0	0.51	NO SOLUTION	7	3	16447	2962
empty16-2.scen	40	256	22	462	2	0.01	0.8	NO SOLUTION	482	51	35702	8577
empty16-2.scen	40	256	22	462	3	0.08	1.04	NO SOLUTION	1013	142	55581	14924
empty16-2.scen	40	256	22	462	4	0.31	1.61	NO SOLUTION	1488	322	81406	23216
empty16-2.scen	40	256	22	462	5	0.82	2.35	NO SOLUTION	2298	553	107678	31944
empty16-2.scen	40	256	22	462	6	0.37	2.25	OK	2761	335	139671	42304
empty16-2.scen	41	256	22	471	0	0	0.41	NO SOLUTION	0	1	11725	0
empty16-2.scen	41	256	22	471	1	0	0.51	NO SOLUTION	7	3	16609	2958
empty16-2.scen	41	256	22	471	2	0.01	0.81	NO SOLUTION	442	47	36056	8636
empty16-2.scen	41	256	22	471	3	0.08	1.06	NO SOLUTION	1036	135	56207	15038
empty16-2.scen	41	256	22	471	4	0.31	1.65	NO SOLUTION	1420	336	82389	23433
empty16-2.scen	41	256	22	471	5	0.63	2.19	NO SOLUTION	2229	451	109093	32280
empty16-2.scen	41	256	22	471	6	0.78	2.7	OK	3220	539	141642	42772
empty16-2.scen	42	256	22	473	0	0	0.42	NO SOLUTION	0	1	11724	0
empty16-2.scen	42	256	22	473	1	0	0.53	NO SOLUTION	7	3	16623	2949
empty16-2.scen	42	256	22	473	2	0.01	0.82	NO SOLUTION	444	47	36124	8637
empty16-2.scen	42	256	22	473	3	0.08	1.08	NO SOLUTION	1092	129	56341	15036
empty16-2.scen	42	256	22	473	4	0.22	1.57	NO SOLUTION	1999	297	82672	23446
empty16-2.scen	42	256	22	473	5	0.63	2.22	NO SOLUTION	2888	497	109539	32297
empty16-2.scen	42	256	22	473	6	0.66	2.61	OK	2540	529	142328	42817
empty16-2.scen	43	256	22	475	0	0	0.43	NO SOLUTION	0	1	11733	0
empty16-2.scen	43	256	22	475	1	0	0.54	NO SOLUTION	7	3	16648	2939
empty16-2.scen	43	256	22	475	2	0.01	0.84	NO SOLUTION	443	44	36213	8602
empty16-2.scen	43	256	22	475	3	0.08	1.1	NO SOLUTION	1109	129	56505	14943
empty16-2.scen	43	256	22	475	4	0.19	1.55	NO SOLUTION	1947	245	82980	23322
empty16-2.scen	43	256	22	475	5	0.61	2.22	NO SOLUTION	2377	498	109996	32158
empty16-2.scen	43	256	22	475	6	1.43	3.41	OK	3852	807	142995	42694
empty16-2.scen	44	256	22	491	0	0	0.45	NO SOLUTION	0	1	12300	0
empty16-2.scen	44	256	22	491	1	0	0.56	NO SOLUTION	7	3	17367	3087
empty16-2.scen	44	256	22	491	2	0.01	0.86	NO SOLUTION	149	33	37703	9000
empty16-2.scen	44	256	22	491	3	0.08	1.13	NO SOLUTION	1123	131	58710	15579
empty16-2.scen	44	256	22	491	4	0.24	1.67	NO SOLUTION	2013	293	86138	24247
empty16-2.scen	44	256	22	491	5	0.66	2.32	NO SOLUTION	2983	536	114055	33377
empty16-2.scen	44	256	22	491	6	0.41	2.47	OK	2263	375	148070	44216
empty16-2.scen	45	256	22	501	0	0	0.46	NO SOLUTION	0	1	12452	0
empty16-2.scen	45	256	22	501	1	0	0.58	NO SOLUTION	7	3	17658	3125
empty16-2.scen	45	256	22	501	2	0.01	0.88	NO SOLUTION	167	34	38344	9131
empty16-2.scen	45	256	22	501	3	0.07	1.14	NO SOLUTION	1013	154	59706	15812
empty16-2.scen	45	256	22	501	4	0.21	1.68	NO SOLUTION	1225	236	87627	24623
empty16-2.scen	45	256	22	501	5	0.71	2.43	NO SOLUTION	2313	505	116055	33897
empty16-2.scen	45	256	22	501	6	1.26	3.36	OK	3281	721	150775	44904
empty16-2.scen	46	256	22	509	0	0	0.47	NO SOLUTION	0	1	12528	0
empty16-2.scen	46	256	22	509	1	0	0.59	NO SOLUTION	3	3	17847	3177
empty16-2.scen	46	256	22	509	2	0.01	0.91	NO SOLUTION	199	40	38762	9227
empty16-2.scen	46	256	22	509	3	0.07	1.16	NO SOLUTION	1040	143	60355	15976
empty16-2.scen	46	256	22	509	4	0.21	1.71	NO SOLUTION	1030	265	88651	24874
empty16-2.scen	46	256	22	509	5	0.73	2.47	NO SOLUTION	2540	487	117475	34257
empty16-2.scen	46	256	22	509	6	1.09	3.29	OK	3287	631	152757	45371
empty16-2.scen	47	256	22	511	0	0	0.48	NO SOLUTION	0	1	12538	0
empty16-2.scen	47	256	22	511	1	0	0.59	NO SOLUTION	3	3	17874	3139
empty16-2.scen	47	256	22	511	2	0.01	0.92	NO SOLUTION	191	40	38856	9102
empty16-2.scen	47	256	22	511	3	0.06	1.17	NO SOLUTION	1020	141	60517	15760
empty16-2.scen	47	256	22	511	4	0.27	1.79	NO SOLUTION	1551	272	88950	24617
empty16-2.scen	47	256	22	511	5	0.69	2.45	NO SOLUTION	2573	490	117919	33953
empty16-2.scen	47	256	22	511	6	1.17	3.4	OK	3596	652	153429	45082
empty16-2.scen	48	256	22	526	0	0	0.5	NO SOLUTION	0	1	12998	0
empty16-2.scen	48	256	22	526	1	0	0.62	NO SOLUTION	3	3	18524	3263
empty16-2.scen	48	256	22	526	2	0.01	0.97	NO SOLUTION	192	43	40195	9456
empty16-2.scen	48	256	22	526	3	0.07	1.22	NO SOLUTION	1013	141	62532	16308
empty16-2.scen	48	256	22	526	4	0.31	1.88	NO SOLUTION	1183	288	91718	25394
empty16-2.scen	48	256	22	526	5	0.71	2.53	NO SOLUTION	2548	456	121425	34949
empty16-2.scen	48	256	22	526	6	0.41	2.69	OK	2448	386	157751	46332
empty16-2.scen	49	256	22	539	0	0	0.52	NO SOLUTION	0	1	13349	0
empty16-2.scen	49	256	22	539	1	0	0.63	NO SOLUTION	3	3	19050	3383
empty16-2.scen	49	256	22	539	2	0.01	0.99	NO SOLUTION	241	44	41244	9745
empty16-2.scen	49	256	22	539	3	0.07	1.25	NO SOLUTION	825	117	64119	16777
empty16-2.scen	49	256	22	539	4	0.26	1.86	NO SOLUTION	1596	256	93918	26078
empty16-2.scen	49	256	22	539	5	0.64	2.5	NO SOLUTION	2130	502	124262	35822
empty16-2.scen	49	256	22	539	6	0.32	2.69	OK	2750	323	161337	47382
empty16-2.scen	50	256	22	551	0	0	0.52	NO SOLUTION	0	1	13584	0
empty16-2.scen	50	256	22	551	1	0	0.64	NO SOLUTION	3	3	19437	3449
empty16-2.scen	50	256	22	551	2	0.02	1.02	NO SOLUTION	448	30	42022	9912
empty16-2.scen	50	256	22	551	3	0.08	1.28	NO SOLUTION	615	134	65293	17021
empty16-2.scen	50	256	22	551	4	0.39	2.03	NO SOLUTION	2028	380	95641	26409
empty16-2.scen	50	256	22	551	5	0.85	2.74	NO SOLUTION	2694	521	126542	36266
empty16-2.scen	50	256	22	551	6	3.86	6.27	NO SOLUTION	5556	1751	164291	47978
empty16-2.scen	50	256	22	551	7	4.73	7.48	OK	12200	1657	202825	59985
empty16-2.scen	51	256	22	556	0	0	0.53	NO SOLUTION	0	1	13555	0
empty16-2.scen	51	256	22	556	1	0	0.65	NO SOLUTION	3	3	19470	3397
empty16-2.scen	51	256	22	556	2	0.02	1.04	NO SOLUTION	464	32	42167	9860
empty16-2.scen	51	256	22	556	3	0.07	1.29	NO SOLUTION	636	109	65551	16908
empty16-2.scen	51	256	22	556	4	0.21	1.88	NO SOLUTION	765	195	96111	26331
empty16-2.scen	51	256	22	556	5	0.79	2.71	NO SOLUTION	3242	643	127245	36209
empty16-2.scen	51	256	22	556	6	3.52	5.97	NO SOLUTION	5673	1733	165334	48003
empty16-2.scen	51	256	22	556	7	2.36	5.16	OK	7701	1155	204243	60107
empty16-2.scen	52	256	22	561	0	0	0.54	NO SOLUTION	0	1	13590	0
empty16-2.scen	52	256	22	561	1	0	0.66	NO SOLUTION	3	3	19549	3412
empty16-2.scen	52	256	22	561	2	0.02	1.06	NO SOLUTION	459	32	42390	9918
empty16-2.scen	52	256	22	561	3	0.09	1.33	NO SOLUTION	1173	132	65920	16977
empty16-2.scen	52	256	22	561	4	0.27	1.97	NO SOLUTION	831	234	96696	26439
empty16-2.scen	52	256	22	561	5	0.53	2.49	NO SOLUTION	2325	454	128084	36335
empty16-2.scen	52	256	22	561	6	1.89	4.38	NO SOLUTION	3479	828	166545	48170
empty16-2.scen	52	256	22	561	7	2.52	5.34	OK	7918	830	205857	60373
empty16-2.scen	53	256	22	566	0	0	0.55	NO SOLUTION	0	1	13632	0
empty16-2.scen	53	256	22	566	1	0	0.67	NO SOLUTION	2	2	19654	3320
empty16-2.scen	53	256	22	566	2	0.01	1.06	NO SOLUTION	87	16	42637	9793
empty16-2.scen	53	256	22	566	3	0.04	1.3	NO SOLUTION	353	82	66334	16834
empty16-2.scen	53	256	22	566	4	0.14	1.85	NO SOLUTION	669	136	97359	26340
empty16-2.scen	53	256	22	566	5	0.38	2.33	NO SOLUTION	830	303	129024	36306
empty16-2.scen	53	256	22	566	6	0.83	3.35	NO SOLUTION	1392	506	167854	48224
empty16-2.scen	53	256	22	566	7	2.59	5.48	NO SOLUTION	3713	1108	207567	60523
empty16-2.scen	53	256	22	566	8	6.18	9.67	OK	7405	2373	253914	74561
empty16-2.scen	54	256	22	574	0	0	0.57	NO SOLUTION	0	1	13705	0
empty16-2.scen	54	256	22	574	1	0	0.69	NO SOLUTION	2	2	19825	3323
empty16-2.scen	54	256	22	574	2	0.01	1.09	NO SOLUTION	88	16	43064	9799
empty16-2.scen	54	256	22	574	3	0.04	1.33	NO SOLUTION	611	79	67020	16866
empty16-2.scen	54	256	22	574	4	0.12	1.87	NO SOLUTION	774	178	98409	26400
empty16-2.scen	54	256	22	574	5	0.39	2.39	NO SOLUTION	1638	243	130465	36441
empty16-2.scen	54	256	22	574	6	1.3	3.9	NO SOLUTION	2350	727	169858	48465
empty16-2.scen	54	256	22	574	7	4.02	6.94	NO SOLUTION	6513	1708	210161	60896
empty16-2.scen	54	256	22	574	8	6.37	9.93	OK	8449	2634	257273	75130
empty16-2.scen	55	256	22	590	0	0	0.58	NO SOLUTION	0	1	8912	0
empty16-2.scen	55	256	22	590	1	0	0.71	NO SOLUTION	2	2	20543	3435
empty16-2.scen	55	256	22	590	2	0.01	1.11	NO SOLUTION	88	16	44522	10080
empty16-2.scen	55	256	22	590	3	0.05	1.37	NO SOLUTION	673	109	69194	17320
empty16-2.scen	55	256	22	590	4	0.13	1.93	NO SOLUTION	480	142	101361	27127
empty16-2.scen	55	256	22	590	5	0.35	2.38	NO SOLUTION	1252	217	134227	37369
empty16-2.scen	55	256	22	590	6	1.24	3.92	NO SOLUTION	2783	513	174493	49548
empty16-2.scen	55	256	22	590	7	2.37	5.39	NO SOLUTION	4468	1093	215742	62159
empty16-2.scen	55	256	22	590	8	1.7	5.35	OK	4594	896	263912	76631
empty16-2.scen	56	256	22	595	0	0	0.59	NO SOLUTION	0	1	14274	0
empty16-2.scen	56	256	22	595	1	0	0.72	NO SOLUTION	2	2	20631	3446
empty16-2.scen	56	256	22	595	2	0.01	1.14	NO SOLUTION	91	16	44754	10109
empty16-2.scen	56	256	22	595	3	0.04	1.38	NO SOLUTION	694	85	69601	17369
empty16-2.scen	56	256	22	595	4	0.11	1.93	NO SOLUTION	1075	181	102022	27224
empty16-2.scen	56	256	22	595	5	0.36	2.43	NO SOLUTION	1164	279	135103	37524
empty16-2.scen	56	256	22	595	6	1.05	3.73	NO SOLUTION	1292	477	175650	49732
empty16-2.scen	56	256	22	595	7	3.37	6.41	NO SOLUTION	4655	1251	217173	62378
empty16-2.scen	56	256	22	595	8	6.38	10.11	OK	8337	2436	265721	76872
empty16-2.scen	57	256	22	599	0	0	0.6	NO SOLUTION	0	1	14302	0
empty16-2.scen	57	256	22	599	1	0	0.74	NO SOLUTION	7	2	20689	3422
empty16-2.scen	57	256	22	599	2	0.01	1.15	NO SOLUTION	94	16	44920	10077
empty16-2.scen	57	256	22	599	3	0.05	1.41	NO SOLUTION	616	108	69879	17328
empty16-2.scen	57	256	22	599	4	0.14	1.99	NO SOLUTION	1256	168	102502	27184
empty16-2.scen	57	256	22	599	5	0.37	2.46	NO SOLUTION	1985	318	135798	37524
empty16-2.scen	57	256	22	599	6	1.19	3.93	NO SOLUTION	1409	555	176655	49779
empty16-2.scen	57	256	22	599	7	3.57	6.64	NO SOLUTION	6097	1419	218507	62508
empty16-2.scen	57	256	22	599	8	6.03	9.81	OK	7792	2384	267483	77110
empty16-2.scen	58	256	22	610	0	0	0.61	NO SOLUTION	0	1	9104	0
empty16-2.scen	58	256	22	610	1	0	0.76	NO SOLUTION	7	2	20986	3482
empty16-2.scen	58	256	22	610	2	0.01	1.17	NO SOLUTION	93	16	45654	10233
empty16-2.scen	58	256	22	610	3	0.04	1.43	NO SOLUTION	904	103	70984	17570
empty16-2.scen	58	256	22	610	4	0.15	2.06	NO SOLUTION	1391	149	104062	27601
empty16-2.scen	58	256	22	610	5	0.29	2.43	NO SOLUTION	1212	197	137833	38080
empty16-2.scen	58	256	22	610	6	1.2	3.99	NO SOLUTION	1384	453	179199	50514
empty16-2.scen	58	256	22	610	7	3.66	6.86	NO SOLUTION	5570	1421	221594	63393
empty16-2.scen	58	256	22	610	8	5.91	9.78	OK	7528	2275	271220	78111
empty16-2.scen	59	256	22	619	0	0	0.62	NO SOLUTION	0	1	9158	0
empty16-2.scen	59	256	22	619	1	0	0.77	NO SOLUTION	7	2	21129	3503
empty16-2.scen	59	256	22	619	2	0.01	1.2	NO SOLUTION	215	24	46034	10328
empty16-2.scen	59	256	22	619	3	0.04	1.45	NO SOLUTION	638	79	71615	17734
empty16-2.scen	59	256	22	619	4	0.13	2.05	NO SOLUTION	1501	195	105066	27878
empty16-2.scen	59	256	22	619	5	0.28	2.47	NO SOLUTION	1386	259	139222	38462
empty16-2.scen	59	256	22	619	6	0.76	3.58	NO SOLUTION	2073	442	181129	51024
empty16-2.scen	59	256	22	619	7	2.59	5.83	NO SOLUTION	4201	975	224090	64031
empty16-2.scen	59	256	22	619	8	6.09	10.01	NO SOLUTION	6135	1919	274457	78893
empty16-2.scen	59	256	22	619	9	14.11	18.48	OK	21398	3952	325993	94431
empty16-2.scen	60	256	22	634	0	0	0.63	NO SOLUTION	0	1	9450	0
empty16-2.scen	60	256	22	634	1	0	0.79	NO SOLUTION	7	2	21774	3642
empty16-2.scen	60	256	22	634	2	0.01	1.22	NO SOLUTION	99	21	47357	10686
empty16-2.scen	60	256	22	634	3	0.05	1.5	NO SOLUTION	839	94	73592	18244
empty16-2.scen	60	256	22	634	4	0.19	2.17	NO SOLUTION	1304	199	107871	28581
empty16-2.scen	60	256	22	634	5	0.35	2.59	NO SOLUTION	1326	252	142824	39352
empty16-2.scen	60	256	22	634	6	1.08	4.01	NO SOLUTION	1543	596	185644	52150
empty16-2.scen	60	256	22	634	7	2.57	5.87	NO SOLUTION	3175	860	229537	65425
empty16-2.scen	60	256	22	634	8	8.59	12.63	NO SOLUTION	6983	2588	280953	80588
empty16-2.scen	60	256	22	634	9	9.8	14.29	OK	15258	2883	333582	96421
empty16-2.scen	61	256	22	642	0	0	0.64	NO SOLUTION	0	1	9535	0
empty16-2.scen	61	256	22	642	1	0	0.81	NO SOLUTION	9	2	21970	3684
empty16-2.scen	61	256	22	642	2	0.01	1.25	NO SOLUTION	102	21	47850	10827
empty16-2.scen	61	256	22	642	3	0.03	1.5	NO SOLUTION	283	85	74371	18487
empty16-2.scen	61	256	22	642	4	0.15	2.16	NO SOLUTION	868	163	109041	28924
empty16-2.scen	61	256	22	642	5	0.29	2.58	NO SOLUTION	1189	238	144377	39792
empty16-2.scen	61	256	22	642	6	0.95	3.91	NO SOLUTION	1149	369	187731	52686
empty16-2.scen	61	256	22	642	7	2.1	5.47	NO SOLUTION	1947	705	232151	66114
empty16-2.scen	61	256	22	642	8	7.82	11.93	NO SOLUTION	5613	2244	284262	81404
empty16-2.scen	61	256	22	642	9	22.42	27.02	OK	19106	6005	337585	97451
empty16-2.scen	62	256	22	650	0	0	0.66	NO SOLUTION	0	1	9637	0
empty16-2.scen	62	256	22	650	1	0	0.84	NO SOLUTION	9	2	22187	3718
empty16-2.scen	62	256	22	650	2	0.01	1.29	NO SOLUTION	218	24	48318	10935
empty16-2.scen	62	256	22	650	3	0.04	1.53	NO SOLUTION	272	74	75088	18634
empty16-2.scen	62	256	22	650	4	0.14	2.2	NO SOLUTION	907	161	110100	29121
empty16-2.scen	62	256	22	650	5	0.29	2.62	NO SOLUTION	1302	229	145789	40060
empty16-2.scen	62	256	22	650	6	0.79	3.81	NO SOLUTION	1456	429	189560	53044
empty16-2.scen	62	256	22	650	7	2.52	5.97	NO SOLUTION	3414	961	234417	66590
empty16-2.scen	62	256	22	650	8	8.45	12.63	NO SOLUTION	6957	2618	287033	82006
empty16-2.scen	62	256	22	650	9	16.09	20.77	OK	12880	4323	340886	98198
empty16-2.scen	63	256	23	673	0	0	0.74	NO SOLUTION	0	1	10296	0
empty16-2.scen	63	256	23	673	1	0	0.91	NO SOLUTION	9	2	23680	3975
empty16-2.scen	63	256	23	673	2	0.01	1.38	NO SOLUTION	102	21	51109	11500
empty16-2.scen	63	256	23	673	3	0.04	1.7	NO SOLUTION	270	52	79143	19540
empty16-2.scen	63	256	23	673	4	0.11	2.38	NO SOLUTION	916	138	115580	30338
empty16-2.scen	63	256	23	673	5	0.31	2.87	NO SOLUTION	1212	218	152662	41633
empty16-2.scen	63	256	23	673	6	1.05	4.29	NO SOLUTION	1569	597	198010	54977
empty16-2.scen	63	256	23	673	7	2.88	6.58	NO SOLUTION	2273	886	244456	68951
empty16-2.scen	63	256	23	673	8	7.9	12.37	NO SOLUTION	6733	2720	298783	84788
empty16-2.scen	63	256	23	673	9	19.93	24.92	OK	15292	5356	354328	101459
empty16-2.scen	64	256	23	685	0	0	0.76	NO SOLUTION	0	1	10485	0
empty16-2.scen	64	256	23	685	1	0	0.94	NO SOLUTION	9	2	24098	4085
empty16-2.scen	64	256	23	685	2	0.01	1.4	NO SOLUTION	106	24	51950	11714
empty16-2.scen	64	256	23	685	3	0.04	1.72	NO SOLUTION	240	48	80419	19845
empty16-2.scen	64	256	23	685	4	0.12	2.44	NO SOLUTION	873	134	117477	30779
empty16-2.scen	64	256	23	685	5	0.37	3.01	NO SOLUTION	1440	200	155222	42233
empty16-2.scen	64	256	23	685	6	1.25	4.59	NO SOLUTION	1607	668	201416	55762
empty16-2.scen	64	256	23	685	7	4.42	8.18	NO SOLUTION	3715	1598	248746	69960
empty16-2.scen	64	256	23	685	8	12.87	17.44	NO SOLUTION	9505	3125	304148	86058
empty16-2.scen	64	256	23	685	9	8.85	13.95	OK	9852	3003	360804	103021
empty16-2.scen	65	256	23	691	0	0	0.76	NO SOLUTION	0	1	10524	0
empty16-2.scen	65	256	23	691	1	0	0.95	NO SOLUTION	9	2	24194	4062
empty16-2.scen	65	256	23	691	2	0.01	1.44	NO SOLUTION	106	24	52229	11703
empty16-2.scen	65	256	23	691	3	0.04	1.75	NO SOLUTION	241	45	80862	19831
empty16-2.scen	65	256	23	691	4	0.11	2.48	NO SOLUTION	920	138	118153	30763
empty16-2.scen	65	256	23	691	5	0.42	3.11	NO SOLUTION	1697	332	156141	42155
empty16-2.scen	65	256	23	691	6	1.14	4.54	NO SOLUTION	1498	579	202693	55665
empty16-2.scen	65	256	23	691	7	2.47	6.31	NO SOLUTION	3455	794	250386	69855
empty16-2.scen	65	256	23	691	8	6.86	11.51	NO SOLUTION	5912	2139	306251	86059
empty16-2.scen	65	256	23	691	9	22.34	27.55	OK	17818	5486	363380	103093
empty16-2.scen	66	256	23	695	0	0	0.78	NO SOLUTION	0	1	10525	0
empty16-2.scen	66	256	23	695	1	0	0.96	NO SOLUTION	9	2	24224	4000
empty16-2.scen	66	256	23	695	2	0.01	1.45	NO SOLUTION	107	21	52338	11538
empty16-2.scen	66	256	23	695	3	0.03	1.77	NO SOLUTION	254	51	81073	19570
empty16-2.scen	66	256	23	695	4	0.13	2.54	NO SOLUTION	927	127	118537	30418
empty16-2.scen	66	256	23	695	5	0.33	3.02	NO SOLUTION	1484	239	156723	41761
empty16-2.scen	66	256	23	695	6	0.93	4.39	NO SOLUTION	2085	548	203579	55266
empty16-2.scen	66	256	23	695	7	1.83	5.72	NO SOLUTION	2770	798	251602	69487
empty16-2.scen	66	256	23	695	8	6.17	10.91	NO SOLUTION	6232	2348	307929	85745
empty16-2.scen	66	256	23	695	9	21.98	27.27	NO SOLUTION	33002	4900	365548	102875
empty16-2.scen	66	256	23	695	10	35.91	42.51	NO SOLUTION	22187	7568	431039	121760
empty16-2.scen	66	256	23	695	11	81.48	88.55	OK	44604	12741	497862	141669
empty16-2.scen	67	256	23	705	0	0	0.8	NO SOLUTION	0	1	10667	0
empty16-2.scen	67	256	23	705	1	0	0.98	NO SOLUTION	0	1	24540	5520
empty16-2.scen	67	256	23	705	2	0	1.47	NO SOLUTION	0	1	53022	15206
empty16-2.scen	67	256	23	705	3	0.01	1.78	NO SOLUTION	24	7	82151	19269
empty16-2.scen	67	256	23	705	4	0.04	2.48	NO SOLUTION	107	23	120124	30146
empty16-2.scen	67	256	23	705	5	0.11	2.87	NO SOLUTION	182	58	158828	41571
empty16-2.scen	67	256	23	705	6	0.32	3.83	NO SOLUTION	353	139	206339	55149
empty16-2.scen	67	256	23	705	7	0.94	4.91	NO SOLUTION	1735	377	255042	69472
empty16-2.scen	67	256	23	705	8	1.65	6.47	NO SOLUTION	1710	573	312170	85838
empty16-2.scen	67	256	23	705	9	6.08	11.61	NO SOLUTION	6287	1724	370611	103137
empty16-2.scen	67	256	23	705	10	13.68	20.14	NO SOLUTION	15988	3471	437034	122212
empty16-2.scen	67	256	23	705	11	31.67	38.87	NO SOLUTION	23967	7060	504817	142365
empty16-2.scen	67	256	23	705	12	90.1	98.38	NO SOLUTION	250967	16131	579793	164052
