empty16-5.scen	1	256	13	13	0	0	0.02	OK	11	1	198	35
empty16-5.scen	2	256	24	37	0	0	0.05	OK	47	1	841	114
empty16-5.scen	3	256	24	52	0	0	0.05	OK	46	1	1085	157
empty16-5.scen	4	256	24	66	0	0	0.07	OK	35	1	2383	104
empty16-5.scen	5	256	24	69	0	0	0.07	OK	31	1	2384	103
empty16-5.scen	6	256	24	77	0	0	0.08	OK	33	1	2487	112
empty16-5.scen	7	256	24	95	0	0	0.09	OK	50	1	3170	141
empty16-5.scen	8	256	24	113	0	0	0.11	OK	69	1	3749	170
empty16-5.scen	9	256	24	124	0	0	0.12	OK	74	1	3984	185
empty16-5.scen	10	256	24	131	0	0	0.13	OK	71	1	4032	190
empty16-5.scen	11	256	25	156	0	0	0.16	OK	97	1	5475	232
empty16-5.scen	12	256	25	163	0	0	0.17	OK	101	1	5481	229
empty16-5.scen	13	256	25	176	0	0	0.18	OK	106	1	5609	240
empty16-5.scen	14	256	25	188	0	0	0.19	OK	123	1	5734	250
empty16-5.scen	15	256	25	197	0	0	0.21	OK	120	1	5871	260
empty16-5.scen	16	256	25	205	0	0	0.21	OK	109	1	5972	268
empty16-5.scen	17	256	25	214	0	0	0.22	OK	111	2	6058	275
empty16-5.scen	18	256	25	228	0	0	0.23	OK	129	2	6438	296
empty16-5.scen	19	256	25	240	0	0	0.24	OK	122	2	6446	296
empty16-5.scen	20	256	25	253	0	0	0.25	OK	146	2	6784	315
empty16-5.scen	21	256	25	265	0	0	0.26	OK	244	2	6906	313
empty16-5.scen	22	256	25	276	0	0	0.27	OK	257	2	7017	322
empty16-5.scen	23	256	25	284	0	0	0.28	OK	260	2	7055	322
empty16-5.scen	24	256	25	287	0	0	0.28	OK	140	1	7071	313
empty16-5.scen	25	256	25	299	0	0	0.3	OK	154	1	7268	330
empty16-5.scen	26	256	25	316	0	0	0.31	OK	153	1	7559	331
empty16-5.scen	27	256	25	317	0	0	0.32	OK	122	2	7515	309
empty16-5.scen	28	256	25	334	0	0	0.33	OK	168	2	8124	334
empty16-5.scen	29	256	25	358	0	0	0.36	OK	185	2	9483	367
empty16-5.scen	30	256	25	361	0	0	0.36	OK	143	1	9473	355
empty16-5.scen	31	256	25	365	0	0	0.37	OK	138	1	9496	356
empty16-5.scen	32	256	25	376	0	0	0.38	OK	132	1	9492	352
empty16-5.scen	33	256	25	392	0	0	0.4	NO SOLUTION	0	1	9860	0
empty16-5.scen	33	256	25	392	1	0	0.48	NO SOLUTION	0	1	13777	0
empty16-5.scen	33	256	25	392	2	0.01	0.76	OK	426	25	30281	6045
empty16-5.scen	34	256	25	402	0	0	0.4	NO SOLUTION	0	1	10074	0
empty16-5.scen	34	256	25	402	1	0	0.49	NO SOLUTION	0	1	14111	0
empty16-5.scen	34	256	25	402	2	0.01	1.31	NO SOLUTION	613	42	30944	6227
empty16-5.scen	34	256	25	402	3	0.02	1.55	NO SOLUTION	490	36	48874	11390
empty16-5.scen	34	256	25	402	4	0.02	1.25	OK	486	34	71796	18808
empty16-5.scen	35	256	25	422	0	0	0.44	NO SOLUTION	0	1	10966	0
empty16-5.scen	35	256	25	422	1	0	0.52	NO SOLUTION	0	1	15305	0
empty16-5.scen	35	256	25	422	2	0.01	1.38	NO SOLUTION	549	41	33340	6673
empty16-5.scen	35	256	25	422	3	0.02	1.63	NO SOLUTION	498	37	52507	12232
empty16-5.scen	35	256	25	422	4	0.03	1.33	OK	541	35	76693	20106
empty16-5.scen	36	256	25	432	0	0	0.45	NO SOLUTION	0	1	11149	0
empty16-5.scen	36	256	25	432	1	0	0.55	NO SOLUTION	0	1	15609	0
empty16-5.scen	36	256	25	432	2	0.01	1.42	NO SOLUTION	554	41	34072	6865
empty16-5.scen	36	256	25	432	3	0.02	1.69	NO SOLUTION	539	37	53678	12595
empty16-5.scen	36	256	25	432	4	0.03	1.36	OK	697	38	78417	20701
empty16-5.scen	37	256	25	437	0	0	0.44	NO SOLUTION	0	1	6550	0
empty16-5.scen	37	256	25	437	1	0	0.54	NO SOLUTION	0	1	15642	0
empty16-5.scen	37	256	25	437	2	0.02	1.46	NO SOLUTION	723	48	34211	6829
empty16-5.scen	37	256	25	437	3	0.03	1.73	NO SOLUTION	745	45	53948	12548
empty16-5.scen	37	256	25	437	4	0.04	2.34	NO SOLUTION	650	54	78918	20717
empty16-5.scen	37	256	25	437	5	0.05	2.71	NO SOLUTION	747	58	104312	29302
empty16-5.scen	37	256	25	437	6	0.08	2.12	OK	755	48	134275	39323
empty16-5.scen	38	256	25	442	0	0	0.45	NO SOLUTION	0	1	6578	0
empty16-5.scen	38	256	25	442	1	0	0.56	NO SOLUTION	0	1	15717	0
empty16-5.scen	38	256	25	442	2	0.02	1.48	NO SOLUTION	685	52	34438	6872
empty16-5.scen	38	256	25	442	3	0.03	1.76	NO SOLUTION	656	46	54329	12643
empty16-5.scen	38	256	25	442	4	0.04	2.38	NO SOLUTION	694	60	79545	20886
empty16-5.scen	38	256	25	442	5	0.05	2.76	NO SOLUTION	764	57	105199	29521
empty16-5.scen	38	256	25	442	6	0.07	2.01	OK	901	56	135547	39600
empty16-5.scen	39	256	25	452	0	0	0.45	NO SOLUTION	0	1	6671	0
empty16-5.scen	39	256	25	452	1	0	0.58	NO SOLUTION	0	1	15949	0
empty16-5.scen	39	256	25	452	2	0.02	1.55	NO SOLUTION	766	52	35022	7043
empty16-5.scen	39	256	25	452	3	0.03	1.81	NO SOLUTION	968	73	55225	12944
empty16-5.scen	39	256	25	452	4	0.06	2.48	NO SOLUTION	753	68	80895	21325
empty16-5.scen	39	256	25	452	5	0.07	2.84	NO SOLUTION	966	54	107015	30074
empty16-5.scen	39	256	25	452	6	0.09	3.47	NO SOLUTION	810	53	138028	40283
empty16-5.scen	39	256	25	452	7	0.12	2.41	OK	960	59	169565	50757
empty16-5.scen	40	256	25	461	0	0	0.46	NO SOLUTION	0	1	6748	0
empty16-5.scen	40	256	25	461	1	0	0.59	NO SOLUTION	0	1	16156	0
empty16-5.scen	40	256	25	461	2	0.02	1.58	NO SOLUTION	823	52	35520	7167
empty16-5.scen	40	256	25	461	3	0.03	1.85	NO SOLUTION	799	54	55990	13126
empty16-5.scen	40	256	25	461	4	0.07	2.57	NO SOLUTION	740	57	82066	21609
empty16-5.scen	40	256	25	461	5	0.06	2.89	NO SOLUTION	792	57	108633	30456
empty16-5.scen	40	256	25	461	6	0.09	3.59	NO SOLUTION	830	62	140269	40828
empty16-5.scen	40	256	25	461	7	0.13	2.47	OK	981	58	172462	51474
empty16-5.scen	41	256	25	473	0	0	0.48	NO SOLUTION	0	1	6931	0
empty16-5.scen	41	256	25	473	1	0	0.6	NO SOLUTION	0	1	16589	0
empty16-5.scen	41	256	25	473	2	0.02	1.63	NO SOLUTION	754	51	36450	7413
empty16-5.scen	41	256	25	473	3	0.03	1.92	NO SOLUTION	753	53	57386	13515
empty16-5.scen	41	256	25	473	4	0.07	2.66	NO SOLUTION	740	60	84088	22162
empty16-5.scen	41	256	25	473	5	0.06	2.99	NO SOLUTION	788	57	111269	31207
empty16-5.scen	41	256	25	473	6	0.1	3.68	NO SOLUTION	807	60	143665	41784
empty16-5.scen	41	256	25	473	7	0.13	2.54	OK	1008	63	176568	52690
empty16-5.scen	42	256	28	501	0	0	0.63	NO SOLUTION	0	1	7820	0
empty16-5.scen	42	256	28	501	1	0	0.77	NO SOLUTION	0	1	18595	0
empty16-5.scen	42	256	28	501	2	0.02	2.02	NO SOLUTION	831	60	40409	8082
empty16-5.scen	42	256	28	501	3	0.04	2.32	NO SOLUTION	962	62	63224	14700
empty16-5.scen	42	256	28	501	4	0.09	3.13	NO SOLUTION	862	72	91815	24003
empty16-5.scen	42	256	28	501	5	0.07	3.53	NO SOLUTION	1065	61	120914	33644
empty16-5.scen	42	256	28	501	6	0.1	4.29	NO SOLUTION	841	61	155150	44903
empty16-5.scen	42	256	28	501	7	0.14	2.94	OK	1083	59	189941	56414
empty16-5.scen	43	256	28	512	0	0	0.64	NO SOLUTION	0	1	7961	0
empty16-5.scen	43	256	28	512	1	0	0.8	NO SOLUTION	0	1	18943	0
empty16-5.scen	43	256	28	512	2	0.02	2.09	NO SOLUTION	985	69	41153	8180
empty16-5.scen	43	256	28	512	3	0.04	2.36	NO SOLUTION	778	60	64342	14924
empty16-5.scen	43	256	28	512	4	0.09	3.24	NO SOLUTION	854	72	93364	24418
empty16-5.scen	43	256	28	512	5	0.07	3.62	NO SOLUTION	1067	66	122874	34181
empty16-5.scen	43	256	28	512	6	0.1	4.4	NO SOLUTION	914	65	157610	45615
empty16-5.scen	43	256	28	512	7	0.15	3.01	OK	1112	72	192901	57264
empty16-5.scen	44	256	28	531	0	0	0.68	NO SOLUTION	0	1	8439	0
empty16-5.scen	44	256	28	531	1	0	0.84	NO SOLUTION	0	1	20009	0
empty16-5.scen	44	256	28	531	2	0.02	2.16	NO SOLUTION	1031	65	43218	8680
empty16-5.scen	44	256	28	531	3	0.04	2.48	NO SOLUTION	967	62	67387	15717
empty16-5.scen	44	256	28	531	4	0.09	3.36	NO SOLUTION	844	59	97585	25544
empty16-5.scen	44	256	28	531	5	0.07	3.79	NO SOLUTION	1087	62	128283	35646
empty16-5.scen	44	256	28	531	6	0.12	4.58	NO SOLUTION	1145	70	164360	47431
empty16-5.scen	44	256	28	531	7	0.16	3.1	OK	1023	58	200966	59467
empty16-5.scen	45	256	28	550	0	0	0.7	NO SOLUTION	0	1	8750	0
empty16-5.scen	45	256	28	550	1	0	0.86	NO SOLUTION	0	1	20719	0
empty16-5.scen	45	256	28	550	2	0.02	2.21	NO SOLUTION	1097	76	44673	9011
empty16-5.scen	45	256	28	550	3	0.04	2.56	NO SOLUTION	988	66	69565	16307
empty16-5.scen	45	256	28	550	4	0.1	3.47	NO SOLUTION	1130	85	100506	26419
empty16-5.scen	45	256	28	550	5	0.12	3.86	NO SOLUTION	855	81	131957	36751
empty16-5.scen	45	256	28	550	6	0.12	4.72	NO SOLUTION	1078	74	168761	48778
empty16-5.scen	45	256	28	550	7	0.16	3.18	OK	959	57	206157	61015
empty16-5.scen	46	256	28	563	0	0	0.71	NO SOLUTION	0	1	8838	0
empty16-5.scen	46	256	28	563	1	0	0.88	NO SOLUTION	0	1	20939	0
empty16-5.scen	46	256	28	563	2	0.03	2.25	NO SOLUTION	1188	81	45225	9171
empty16-5.scen	46	256	28	563	3	0.04	2.63	NO SOLUTION	822	71	70449	16554
empty16-5.scen	46	256	28	563	4	0.1	3.53	NO SOLUTION	922	71	101877	26797
empty16-5.scen	46	256	28	563	5	0.11	3.91	NO SOLUTION	877	86	133843	37267
empty16-5.scen	46	256	28	563	6	0.12	4.81	NO SOLUTION	1140	80	171345	49464
empty16-5.scen	46	256	28	563	7	0.13	3.25	OK	985	63	209476	61896
empty16-5.scen	47	256	28	575	0	0	0.73	NO SOLUTION	0	1	8943	0
empty16-5.scen	47	256	28	575	1	0	0.9	NO SOLUTION	0	1	21234	0
empty16-5.scen	47	256	28	575	2	0.02	2.29	NO SOLUTION	1010	67	45912	9068
empty16-5.scen	47	256	28	575	3	0.05	2.69	NO SOLUTION	943	77	71477	16362
empty16-5.scen	47	256	28	575	4	0.1	3.65	NO SOLUTION	1003	66	103416	26623
empty16-5.scen	47	256	28	575	5	0.12	4.03	NO SOLUTION	971	87	135896	37148
empty16-5.scen	47	256	28	575	6	0.16	4.99	NO SOLUTION	1237	132	174027	49431
empty16-5.scen	47	256	28	575	7	0.19	5.53	NO SOLUTION	1046	105	212817	62002
empty16-5.scen	47	256	28	575	8	0.31	6.68	NO SOLUTION	1313	129	256811	75757
empty16-5.scen	47	256	28	575	9	0.64	4.79	OK	1497	178	301612	89808
empty16-5.scen	48	256	28	583	0	0	0.75	NO SOLUTION	0	1	9014	0
empty16-5.scen	48	256	28	583	1	0	0.91	NO SOLUTION	0	1	21416	0
empty16-5.scen	48	256	28	583	2	0.03	2.37	NO SOLUTION	1091	71	46355	9188
empty16-5.scen	48	256	28	583	3	0.05	2.75	NO SOLUTION	838	59	72166	16549
empty16-5.scen	48	256	28	583	4	0.1	3.71	NO SOLUTION	926	65	104475	26874
empty16-5.scen	48	256	28	583	5	0.13	4.1	NO SOLUTION	992	83	137359	37470
empty16-5.scen	48	256	28	583	6	0.18	5.11	NO SOLUTION	1118	105	176029	49843
empty16-5.scen	48	256	28	583	7	0.22	5.69	NO SOLUTION	1026	101	215389	62533
empty16-5.scen	48	256	28	583	8	0.42	6.94	NO SOLUTION	1355	149	260112	76435
empty16-5.scen	48	256	28	583	9	0.53	4.78	OK	1286	160	305673	90673
empty16-5.scen	49	256	28	586	0	0	0.76	NO SOLUTION	0	1	9031	0
empty16-5.scen	49	256	28	586	1	0	0.93	NO SOLUTION	0	1	21461	0
empty16-5.scen	49	256	28	586	2	0.03	2.4	NO SOLUTION	1216	103	46490	9076
empty16-5.scen	49	256	28	586	3	0.05	2.8	NO SOLUTION	795	86	72397	16406
empty16-5.scen	49	256	28	586	4	0.12	3.81	NO SOLUTION	1193	101	104872	26773
empty16-5.scen	49	256	28	586	5	0.17	4.21	NO SOLUTION	1271	105	137932	37409
empty16-5.scen	49	256	28	586	6	0.28	5.26	NO SOLUTION	1235	165	176880	49817
empty16-5.scen	49	256	28	586	7	0.79	6.33	NO SOLUTION	1849	479	216540	62568
empty16-5.scen	49	256	28	586	8	0.85	7.47	NO SOLUTION	1694	392	261671	76552
empty16-5.scen	49	256	28	586	9	1.95	9.23	NO SOLUTION	2431	723	307662	90892
empty16-5.scen	49	256	28	586	10	3.06	11.62	NO SOLUTION	3289	995	358924	106229
empty16-5.scen	49	256	28	586	11	2.84	8.41	OK	2913	746	411106	122181
empty16-5.scen	50	256	28	604	0	0	0.79	NO SOLUTION	0	1	9424	0
empty16-5.scen	50	256	28	604	1	0	0.97	NO SOLUTION	0	1	22425	0
empty16-5.scen	50	256	28	604	2	0.03	2.49	NO SOLUTION	1168	76	48355	9504
empty16-5.scen	50	256	28	604	3	0.06	2.93	NO SOLUTION	944	91	75105	17105
empty16-5.scen	50	256	28	604	4	0.13	3.91	NO SOLUTION	1355	111	108562	27709
empty16-5.scen	50	256	28	604	5	0.17	4.33	NO SOLUTION	1444	178	142634	38631
empty16-5.scen	50	256	28	604	6	0.29	5.48	NO SOLUTION	1538	189	182709	51298
empty16-5.scen	50	256	28	604	7	0.57	6.29	NO SOLUTION	1559	320	223515	64396
empty16-5.scen	50	256	28	604	8	1.18	8.03	NO SOLUTION	1889	450	269916	78701
empty16-5.scen	50	256	28	604	9	1.97	9.52	NO SOLUTION	2651	735	317201	93405
empty16-5.scen	50	256	28	604	10	3.47	12.29	NO SOLUTION	3264	1031	369905	109110
empty16-5.scen	50	256	28	604	11	3.8	9.58	OK	2773	1022	423579	125468
empty16-5.scen	51	256	28	621	0	0	0.82	NO SOLUTION	0	1	9751	0
empty16-5.scen	51	256	28	621	1	0	0.99	NO SOLUTION	0	1	23168	0
empty16-5.scen	51	256	28	621	2	0.03	2.57	NO SOLUTION	1307	71	49900	9843
empty16-5.scen	51	256	28	621	3	0.06	3.01	NO SOLUTION	1031	72	77392	17653
empty16-5.scen	51	256	28	621	4	0.13	4.04	NO SOLUTION	1444	110	111716	28436
empty16-5.scen	51	256	28	621	5	0.16	4.46	NO SOLUTION	1147	112	146579	39589
empty16-5.scen	51	256	28	621	6	0.35	5.67	NO SOLUTION	1416	218	187587	52433
empty16-5.scen	51	256	28	621	7	0.46	6.34	NO SOLUTION	1587	255	229249	65771
empty16-5.scen	51	256	28	621	8	1.49	8.55	NO SOLUTION	2377	634	276683	80250
empty16-5.scen	51	256	28	621	9	1.84	9.6	NO SOLUTION	2339	539	324989	95153
empty16-5.scen	51	256	28	621	10	3.27	12.35	NO SOLUTION	3001	875	378887	111096
empty16-5.scen	51	256	28	621	11	2.94	8.85	OK	2545	758	433737	127779
empty16-5.scen	52	256	28	629	0	0	0.82	NO SOLUTION	0	1	9845	0
empty16-5.scen	52	256	28	629	1	0	1.02	NO SOLUTION	0	1	23387	0
empty16-5.scen	52	256	28	629	2	0.03	2.61	NO SOLUTION	1180	67	50381	10025
empty16-5.scen	52	256	28	629	3	0.06	3.03	NO SOLUTION	1078	77	78144	17921
empty16-5.scen	52	256	28	629	4	0.13	4.11	NO SOLUTION	1102	118	112877	28768
empty16-5.scen	52	256	28	629	5	0.18	4.57	NO SOLUTION	1273	134	148164	40013
empty16-5.scen	52	256	28	629	6	0.3	5.8	NO SOLUTION	1654	209	189717	52969
empty16-5.scen	52	256	28	629	7	0.49	6.51	NO SOLUTION	1606	276	231954	66437
empty16-5.scen	52	256	28	629	8	0.98	8.21	NO SOLUTION	1781	395	280102	81092
empty16-5.scen	52	256	28	629	9	1.96	10.01	NO SOLUTION	2281	694	329152	96191
empty16-5.scen	52	256	28	629	10	3.53	12.76	NO SOLUTION	3056	826	383921	112362
empty16-5.scen	52	256	28	629	11	3.41	9.48	OK	2930	942	439669	129293
empty16-5.scen	53	256	28	636	0	0	0.85	NO SOLUTION	0	1	9916	0
empty16-5.scen	53	256	28	636	1	0	1.04	NO SOLUTION	0	1	23551	0
empty16-5.scen	53	256	28	636	2	0.04	2.67	NO SOLUTION	1344	100	50788	9910
empty16-5.scen	53	256	28	636	3	0.06	3.1	NO SOLUTION	1273	108	78822	17724
empty16-5.scen	53	256	28	636	4	0.14	4.21	NO SOLUTION	1223	141	113874	28580
empty16-5.scen	53	256	28	636	5	0.18	4.68	NO SOLUTION	1109	126	149501	39818
empty16-5.scen	53	256	28	636	6	0.37	5.94	NO SOLUTION	1552	227	191498	52823
empty16-5.scen	53	256	28	636	7	0.89	7.02	NO SOLUTION	2015	420	234215	66336
empty16-5.scen	53	256	28	636	8	1.63	9.02	NO SOLUTION	2378	630	282970	81078
empty16-5.scen	53	256	28	636	9	3.19	11.3	NO SOLUTION	3109	942	332656	96315
empty16-5.scen	53	256	28	636	10	7.11	16.55	NO SOLUTION	4316	1799	388196	112654
empty16-5.scen	53	256	28	636	11	3.69	14.01	NO SOLUTION	3166	851	444742	129792
empty16-5.scen	53	256	28	636	12	6.12	17.89	NO SOLUTION	3262	1178	506984	148018
empty16-5.scen	53	256	28	636	13	4.93	12.53	OK	2762	787	570222	167139
empty16-5.scen	54	256	28	651	0	0	0.88	NO SOLUTION	0	1	10152	0
empty16-5.scen	54	256	28	651	1	0	1.08	NO SOLUTION	0	1	24109	0
empty16-5.scen	54	256	28	651	2	0.03	2.72	NO SOLUTION	1513	89	51971	10251
empty16-5.scen	54	256	28	651	3	0.07	3.2	NO SOLUTION	1173	125	80540	18290
empty16-5.scen	54	256	28	651	4	0.15	4.32	NO SOLUTION	1339	141	116352	29336
empty16-5.scen	54	256	28	651	5	0.18	4.77	NO SOLUTION	1474	155	152714	40773
empty16-5.scen	54	256	28	651	6	0.45	6.16	NO SOLUTION	2229	360	195598	54010
empty16-5.scen	54	256	28	651	7	1.1	7.4	NO SOLUTION	2192	544	239214	67747
empty16-5.scen	54	256	28	651	8	1.11	8.74	NO SOLUTION	2476	472	289002	82747
empty16-5.scen	54	256	28	651	9	2.85	11.18	NO SOLUTION	3097	865	339760	98250
empty16-5.scen	54	256	28	651	10	7.26	17	NO SOLUTION	4339	1972	396468	114925
empty16-5.scen	54	256	28	651	11	5.46	16.05	NO SOLUTION	3734	1211	454220	132395
empty16-5.scen	54	256	28	651	12	5.12	17.25	NO SOLUTION	3152	976	517758	150983
empty16-5.scen	54	256	28	651	13	5.95	13.73	OK	3004	940	582320	170460
empty16-5.scen	55	256	28	668	0	0	0.9	NO SOLUTION	0	1	10438	0
empty16-5.scen	55	256	28	668	1	0	1.12	NO SOLUTION	0	1	24898	0
empty16-5.scen	55	256	28	668	2	0.04	2.83	NO SOLUTION	1424	103	53522	10576
empty16-5.scen	55	256	28	668	3	0.08	3.37	NO SOLUTION	1348	120	82848	18858
empty16-5.scen	55	256	28	668	4	0.15	4.42	NO SOLUTION	1366	150	119521	30160
empty16-5.scen	55	256	28	668	5	0.19	4.92	NO SOLUTION	1409	152	156687	41871
empty16-5.scen	55	256	28	668	6	0.44	6.29	NO SOLUTION	1953	301	200546	55302
empty16-5.scen	55	256	28	668	7	1.01	7.47	NO SOLUTION	1901	491	245124	69283
empty16-5.scen	55	256	28	668	8	1.29	9.09	NO SOLUTION	2036	467	296023	84499
empty16-5.scen	55	256	28	668	9	2.19	10.73	NO SOLUTION	2703	623	347890	100268
empty16-5.scen	55	256	28	668	10	6.43	16.43	NO SOLUTION	3996	1643	405814	117221
empty16-5.scen	55	256	28	668	11	4.31	15.11	NO SOLUTION	3293	949	464801	134980
empty16-5.scen	55	256	28	668	12	5.71	18.1	NO SOLUTION	3612	1102	529667	153888
empty16-5.scen	55	256	28	668	13	6.96	14.99	OK	3616	1123	595580	173696
empty16-5.scen	56	256	28	673	0	0	0.92	NO SOLUTION	0	1	10469	0
empty16-5.scen	56	256	28	673	1	0	1.14	NO SOLUTION	0	1	24982	0
empty16-5.scen	56	256	28	673	2	0.04	2.85	NO SOLUTION	1320	86	53730	10618
empty16-5.scen	56	256	28	673	3	0.08	3.36	NO SOLUTION	1431	105	83179	18924
empty16-5.scen	56	256	28	673	4	0.14	4.49	NO SOLUTION	1500	171	120005	30258
empty16-5.scen	56	256	28	673	5	0.2	4.97	NO SOLUTION	1545	129	157342	41963
empty16-5.scen	56	256	28	673	6	0.66	6.61	NO SOLUTION	1987	316	201446	55396
empty16-5.scen	56	256	28	673	7	1.35	7.93	NO SOLUTION	2567	550	246288	69431
empty16-5.scen	56	256	28	673	8	1.42	9.3	NO SOLUTION	2226	456	297536	84709
empty16-5.scen	56	256	28	673	9	3.26	11.95	NO SOLUTION	2891	854	349770	100565
empty16-5.scen	56	256	28	673	10	6.71	16.92	NO SOLUTION	3925	1740	408147	117628
empty16-5.scen	56	256	28	673	11	5.13	16.1	NO SOLUTION	3329	1119	467604	135509
empty16-5.scen	56	256	28	673	12	4.86	17.45	NO SOLUTION	3087	865	533030	154557
empty16-5.scen	56	256	28	673	13	7.24	15.39	OK	2895	1091	599521	174515
empty16-5.scen	57	256	28	684	0	0	0.95	NO SOLUTION	0	1	10575	0
empty16-5.scen	57	256	28	684	1	0	1.16	NO SOLUTION	0	1	25244	0
empty16-5.scen	57	256	28	684	2	0.06	2.95	NO SOLUTION	1666	130	54300	10771
empty16-5.scen	57	256	28	684	3	0.08	3.41	NO SOLUTION	1292	90	84059	19141
empty16-5.scen	57	256	28	684	4	0.15	4.59	NO SOLUTION	1580	122	121347	30542
empty16-5.scen	57	256	28	684	5	0.21	5.11	NO SOLUTION	1607	161	159168	42327
empty16-5.scen	57	256	28	684	6	0.53	6.6	NO SOLUTION	2050	285	203918	55885
empty16-5.scen	57	256	28	684	7	1.06	7.77	NO SOLUTION	2386	510	249435	70091
empty16-5.scen	57	256	28	684	8	1.5	9.6	NO SOLUTION	2436	513	301522	85582
empty16-5.scen	57	256	28	684	9	2.21	11.1	NO SOLUTION	2610	697	354629	101672
empty16-5.scen	57	256	28	684	10	7.6	18.03	NO SOLUTION	3962	1665	414056	119003
empty16-5.scen	57	256	28	684	11	5.41	16.64	NO SOLUTION	3948	1205	474597	137181
empty16-5.scen	57	256	28	684	12	7.02	19.8	NO SOLUTION	3766	1263	541249	156562
empty16-5.scen	57	256	28	684	13	6.58	14.92	OK	3107	960	623674	176623
empty16-5.scen	58	256	28	698	0	0	0.95	NO SOLUTION	0	1	10835	0
empty16-5.scen	58	256	28	698	1	0	1.19	NO SOLUTION	0	1	25856	0
empty16-5.scen	58	256	28	698	2	0.05	3.03	NO SOLUTION	1509	93	55468	10874
empty16-5.scen	58	256	28	698	3	0.09	3.51	NO SOLUTION	1346	104	85779	19277
empty16-5.scen	58	256	28	698	4	0.18	4.75	NO SOLUTION	1314	109	123743	30729
empty16-5.scen	58	256	28	698	5	0.22	5.25	NO SOLUTION	1282	135	162278	42533
empty16-5.scen	58	256	28	698	6	0.7	6.91	NO SOLUTION	2107	441	207916	56190
empty16-5.scen	58	256	28	698	7	1.16	8.04	NO SOLUTION	2159	427	254359	70524
empty16-5.scen	58	256	28	698	8	1.95	10.25	NO SOLUTION	2515	716	307503	86218
empty16-5.scen	58	256	28	698	9	2.89	11.99	NO SOLUTION	2883	856	361693	102553
empty16-5.scen	58	256	28	698	10	10.3	20.94	NO SOLUTION	4376	2090	422334	120184
empty16-5.scen	58	256	28	698	11	6.8	18.39	NO SOLUTION	4197	1504	484118	138694
empty16-5.scen	58	256	28	698	12	5.77	18.8	NO SOLUTION	2979	997	552114	158462
empty16-5.scen	58	256	28	698	13	7.32	15.85	OK	3060	1015	635887	178921
empty16-5.scen	59	256	28	714	0	0	0.99	NO SOLUTION	0	1	11159	0
empty16-5.scen	59	256	28	714	1	0	1.23	NO SOLUTION	0	1	26639	0
empty16-5.scen	59	256	28	714	2	0.05	3.09	NO SOLUTION	1507	117	57012	11209
empty16-5.scen	59	256	28	714	3	0.08	3.59	NO SOLUTION	1439	87	88063	19778
empty16-5.scen	59	256	28	714	4	0.13	4.69	NO SOLUTION	1272	145	126917	31382
empty16-5.scen	59	256	28	714	5	0.21	5.4	NO SOLUTION	1392	165	166403	43386
empty16-5.scen	59	256	28	714	6	0.51	6.9	NO SOLUTION	1964	304	213113	57307
empty16-5.scen	59	256	28	714	7	1.29	8.36	NO SOLUTION	2098	471	260674	71914
empty16-5.scen	59	256	28	714	8	2.5	11.07	NO SOLUTION	2654	794	315078	87938
empty16-5.scen	59	256	28	714	9	2.18	11.53	NO SOLUTION	2366	573	370558	104629
empty16-5.scen	59	256	28	714	10	8.12	18.95	NO SOLUTION	3624	1610	432643	122651
empty16-5.scen	59	256	28	714	11	4.51	16.41	NO SOLUTION	2854	815	495898	141576
empty16-5.scen	59	256	28	714	12	6.55	20	NO SOLUTION	3214	1061	565482	161790
empty16-5.scen	59	256	28	714	13	4.99	13.7	OK	2649	679	650929	182709
empty16-5.scen	60	256	28	722	0	0	1	NO SOLUTION	0	1	11172	0
empty16-5.scen	60	256	28	722	1	0	1.24	NO SOLUTION	0	1	26698	0
empty16-5.scen	60	256	28	722	2	0.06	3.19	NO SOLUTION	1338	125	57236	11225
empty16-5.scen	60	256	28	722	3	0.09	3.68	NO SOLUTION	1427	96	88440	19815
empty16-5.scen	60	256	28	722	4	0.14	4.8	NO SOLUTION	1519	152	127516	31401
empty16-5.scen	60	256	28	722	5	0.33	5.57	NO SOLUTION	1949	255	167252	43334
empty16-5.scen	60	256	28	722	6	0.43	6.91	NO SOLUTION	1976	261	214276	57212
empty16-5.scen	60	256	28	722	7	1.54	8.75	NO SOLUTION	2293	544	262174	71793
empty16-5.scen	60	256	28	722	8	2.68	11.35	NO SOLUTION	2991	890	316990	87805
empty16-5.scen	60	256	28	722	9	6.76	16.26	NO SOLUTION	4407	1828	372899	104520
empty16-5.scen	60	256	28	722	10	9.19	20.29	NO SOLUTION	4713	1836	435497	122628
empty16-5.scen	60	256	28	722	11	11.28	23.35	NO SOLUTION	5721	2418	499282	141657
empty16-5.scen	60	256	28	722	12	9.5	23.07	NO SOLUTION	4138	1608	569486	162014
empty16-5.scen	60	256	28	722	13	17.78	32.59	NO SOLUTION	4486	1888	655528	183084
empty16-5.scen	60	256	28	722	14	21.44	37.92	NO SOLUTION	5515	2351	732727	205639
empty16-5.scen	60	256	28	722	15	15.39	26	OK	4001	1425	810966	229099
empty16-5.scen	61	256	28	738	0	0	1.06	NO SOLUTION	0	1	11544	0
empty16-5.scen	61	256	28	738	1	0	1.28	NO SOLUTION	0	1	27515	0
empty16-5.scen	61	256	28	738	2	0.11	3.3	NO SOLUTION	1453	190	58740	11656
empty16-5.scen	61	256	28	738	3	0.17	3.88	NO SOLUTION	1821	270	90697	20405
empty16-5.scen	61	256	28	738	4	0.46	5.23	NO SOLUTION	2114	449	130692	32176
empty16-5.scen	61	256	28	738	5	0.96	6.34	NO SOLUTION	2808	757	171398	44384
empty16-5.scen	61	256	28	738	6	1.5	8.17	NO SOLUTION	3167	752	219510	58539
empty16-5.scen	61	256	28	738	7	3.65	11.06	NO SOLUTION	3751	1348	268532	73422
empty16-5.scen	61	256	28	738	8	5.65	14.57	NO SOLUTION	4046	1445	324612	89778
empty16-5.scen	61	256	28	738	9	8.96	18.72	NO SOLUTION	5115	2202	381816	106847
empty16-5.scen	61	256	28	738	10	10.84	22.14	NO SOLUTION	5303	2136	445857	125348
empty16-5.scen	61	256	28	738	11	17.13	29.47	NO SOLUTION	6809	3366	511116	144793
empty16-5.scen	61	256	28	738	12	18.27	32.27	NO SOLUTION	5915	2701	597576	165330
empty16-5.scen	61	256	28	738	13	39.99	55.13	NO SOLUTION	7743	4242	670525	187118
empty16-5.scen	61	256	28	738	14	34.29	51.18	NO SOLUTION	6326	2984	749376	210150
