empty08-5.scen	1	64	2	2	0	0	0.01	OK	0	0	2	0
empty08-5.scen	2	64	9	11	0	0	0.01	OK	10	0	108	19
empty08-5.scen	3	64	9	16	0	0	0.01	OK	12	0	141	22
empty08-5.scen	4	64	9	22	0	0	0.01	OK	13	0	214	18
empty08-5.scen	5	64	9	27	0	0	0.01	OK	13	0	217	17
empty08-5.scen	6	64	9	30	0	0	0.01	OK	13	0	233	18
empty08-5.scen	7	64	9	34	0	0	0.01	OK	17	0	256	20
empty08-5.scen	8	64	9	39	0	0	0.02	OK	15	0	286	21
empty08-5.scen	9	64	9	44	0	0	0.02	OK	19	0	317	23
empty08-5.scen	10	64	9	51	0	0	0.02	NO SOLUTION	0	1	291	0
empty08-5.scen	10	64	9	51	1	0	0.02	NO SOLUTION	0	1	929	109
empty08-5.scen	10	64	9	51	2	0	0.04	OK	71	12	2019	502
empty08-5.scen	11	64	9	58	0	0	0.02	NO SOLUTION	0	1	359	0
empty08-5.scen	11	64	9	58	1	0	0.02	NO SOLUTION	0	1	1164	134
empty08-5.scen	11	64	9	58	2	0	0.04	OK	88	13	2340	625
empty08-5.scen	12	64	9	64	0	0	0.02	NO SOLUTION	0	1	408	0
empty08-5.scen	12	64	9	64	1	0	0.02	NO SOLUTION	0	1	1008	196
empty08-5.scen	12	64	9	64	2	0	0.04	OK	99	14	2635	687
empty08-5.scen	13	64	9	67	0	0	0.02	NO SOLUTION	0	1	412	0
empty08-5.scen	13	64	9	67	1	0	0.03	NO SOLUTION	0	1	1355	153
empty08-5.scen	13	64	9	67	2	0	0.04	NO SOLUTION	62	18	2728	723
empty08-5.scen	13	64	9	67	3	0	0.06	OK	126	24	4667	1264
empty08-5.scen	14	64	9	73	0	0	0.02	NO SOLUTION	0	1	462	0
empty08-5.scen	14	64	9	73	1	0	0.03	NO SOLUTION	0	1	1527	175
empty08-5.scen	14	64	9	73	2	0	0.05	NO SOLUTION	61	13	2992	802
empty08-5.scen	14	64	9	73	3	0	0.06	OK	119	23	5085	1397
empty08-5.scen	15	64	9	77	0	0	0.02	NO SOLUTION	0	1	489	0
empty08-5.scen	15	64	9	77	1	0	0.03	NO SOLUTION	0	1	1605	185
empty08-5.scen	15	64	9	77	2	0	0.05	NO SOLUTION	57	16	3164	862
empty08-5.scen	15	64	9	77	3	0	0.07	OK	131	29	5379	1507
empty08-5.scen	16	64	9	79	0	0	0.02	NO SOLUTION	0	1	491	0
empty08-5.scen	16	64	9	79	1	0	0.03	NO SOLUTION	0	1	1619	186
empty08-5.scen	16	64	9	79	2	0	0.05	NO SOLUTION	0	1	3228	959
empty08-5.scen	16	64	9	79	3	0	0.07	OK	221	24	5504	1527
empty08-5.scen	17	64	9	80	0	0	0.02	NO SOLUTION	0	1	492	0
empty08-5.scen	17	64	9	80	1	0	0.03	NO SOLUTION	0	1	1627	187
empty08-5.scen	17	64	9	80	2	0	0.05	NO SOLUTION	0	1	3270	975
empty08-5.scen	17	64	9	80	3	0	0.07	OK	232	26	5597	1555
empty08-5.scen	18	64	9	81	0	0	0.03	NO SOLUTION	0	1	493	0
empty08-5.scen	18	64	9	81	1	0	0.03	NO SOLUTION	0	1	1635	188
empty08-5.scen	18	64	9	81	2	0	0.06	NO SOLUTION	0	1	3322	993
empty08-5.scen	18	64	9	81	3	0	0.07	OK	229	26	5700	1548
empty08-5.scen	19	64	9	86	0	0	0.03	NO SOLUTION	0	1	524	0
empty08-5.scen	19	64	9	86	1	0	0.03	NO SOLUTION	0	1	1711	200
empty08-5.scen	19	64	9	86	2	0	0.06	NO SOLUTION	0	1	3560	1055
empty08-5.scen	19	64	9	86	3	0	0.08	NO SOLUTION	29	4	6107	1605
empty08-5.scen	19	64	9	86	4	0	0.11	NO SOLUTION	149	68	9807	2927
empty08-5.scen	19	64	9	86	5	0.01	0.14	OK	210	60	13588	4299
empty08-5.scen	20	64	9	94	0	0	0.03	NO SOLUTION	0	1	619	0
empty08-5.scen	20	64	9	94	1	0	0.04	NO SOLUTION	0	1	2061	231
empty08-5.scen	20	64	9	94	2	0	0.07	NO SOLUTION	0	1	4049	1215
empty08-5.scen	20	64	9	94	3	0	0.08	NO SOLUTION	36	6	6847	1873
empty08-5.scen	20	64	9	94	4	0.01	0.13	NO SOLUTION	188	74	10889	3309
empty08-5.scen	20	64	9	94	5	0.01	0.16	NO SOLUTION	378	125	15024	4780
empty08-5.scen	20	64	9	94	6	0.03	0.22	NO SOLUTION	500	201	20152	6553
empty08-5.scen	20	64	9	94	7	0.03	0.25	OK	524	171	25439	8371
empty08-5.scen	21	64	9	98	0	0	0.03	NO SOLUTION	0	1	625	0
empty08-5.scen	21	64	9	98	1	0	0.04	NO SOLUTION	0	1	2091	233
empty08-5.scen	21	64	9	98	2	0	0.07	NO SOLUTION	0	1	4179	1258
empty08-5.scen	21	64	9	98	3	0	0.08	NO SOLUTION	40	8	7068	1957
empty08-5.scen	21	64	9	98	4	0	0.14	NO SOLUTION	170	59	11251	3454
empty08-5.scen	21	64	9	98	5	0.02	0.16	NO SOLUTION	419	133	15536	4970
empty08-5.scen	21	64	9	98	6	0.03	0.23	NO SOLUTION	507	189	20864	6801
empty08-5.scen	21	64	9	98	7	0.07	0.3	NO SOLUTION	660	294	26358	8677
empty08-5.scen	21	64	9	98	8	0.09	0.38	OK	841	323	32786	10761
empty08-5.scen	22	64	9	103	0	0	0.03	NO SOLUTION	0	1	664	0
empty08-5.scen	22	64	9	103	1	0	0.04	NO SOLUTION	0	1	2224	250
empty08-5.scen	22	64	9	103	2	0	0.07	NO SOLUTION	0	1	4442	1356
empty08-5.scen	22	64	9	103	3	0	0.09	NO SOLUTION	46	8	7491	2103
empty08-5.scen	22	64	9	103	4	0.01	0.14	NO SOLUTION	177	58	11898	3665
empty08-5.scen	22	64	9	103	5	0.01	0.18	NO SOLUTION	377	121	16425	5227
empty08-5.scen	22	64	9	103	6	0.05	0.26	NO SOLUTION	533	258	22067	7119
empty08-5.scen	22	64	9	103	7	0.07	0.32	NO SOLUTION	767	298	27875	9076
empty08-5.scen	22	64	9	103	8	0.06	0.37	OK	517	182	34667	11264
empty08-5.scen	23	64	9	106	0	0	0.03	NO SOLUTION	0	1	679	0
empty08-5.scen	23	64	9	106	1	0	0.04	NO SOLUTION	0	1	2268	257
empty08-5.scen	23	64	9	106	2	0	0.07	NO SOLUTION	0	1	4556	1410
empty08-5.scen	23	64	9	106	3	0	0.09	NO SOLUTION	133	12	7682	2158
empty08-5.scen	23	64	9	106	4	0.01	0.15	NO SOLUTION	196	57	12196	3759
empty08-5.scen	23	64	9	106	5	0.01	0.18	NO SOLUTION	286	108	16844	5363
empty08-5.scen	23	64	9	106	6	0.03	0.25	NO SOLUTION	438	201	22649	7297
empty08-5.scen	23	64	9	106	7	0.06	0.33	NO SOLUTION	668	259	28631	9305
empty08-5.scen	23	64	9	106	8	0.15	0.48	NO SOLUTION	960	487	35645	11557
empty08-5.scen	23	64	9	106	9	0.32	0.7	NO SOLUTION	1437	694	42859	13923
empty08-5.scen	23	64	9	106	10	0.56	1	OK	2525	1182	50969	16487
empty08-5.scen	24	64	9	110	0	0	0.03	NO SOLUTION	0	1	706	0
empty08-5.scen	24	64	9	110	1	0	0.05	NO SOLUTION	0	1	2347	268
empty08-5.scen	24	64	9	110	2	0	0.07	NO SOLUTION	0	1	4744	1477
empty08-5.scen	24	64	9	110	3	0	0.1	NO SOLUTION	138	15	7977	2274
empty08-5.scen	24	64	9	110	4	0.01	0.15	NO SOLUTION	200	57	12640	3926
empty08-5.scen	24	64	9	110	5	0.01	0.19	NO SOLUTION	263	93	17466	5575
empty08-5.scen	24	64	9	110	6	0.02	0.25	NO SOLUTION	423	177	23493	7557
empty08-5.scen	24	64	9	110	7	0.05	0.33	NO SOLUTION	604	235	29720	9629
empty08-5.scen	24	64	9	110	8	0.12	0.47	NO SOLUTION	1084	476	37024	11952
empty08-5.scen	24	64	9	110	9	0.31	0.7	NO SOLUTION	1429	710	44541	14407
empty08-5.scen	24	64	9	110	10	0.53	1	OK	2354	977	52998	17069
empty08-5.scen	25	64	9	117	0	0	0.03	NO SOLUTION	0	1	778	0
empty08-5.scen	25	64	9	117	1	0	0.05	NO SOLUTION	0	1	1946	398
empty08-5.scen	25	64	9	117	2	0	0.08	NO SOLUTION	0	1	5137	1610
empty08-5.scen	25	64	9	117	3	0	0.11	NO SOLUTION	146	15	8610	2464
empty08-5.scen	25	64	9	117	4	0.01	0.16	NO SOLUTION	231	64	13584	4204
empty08-5.scen	25	64	9	117	5	0.01	0.2	NO SOLUTION	309	108	18740	5953
empty08-5.scen	25	64	9	117	6	0.03	0.28	NO SOLUTION	472	213	25149	8035
empty08-5.scen	25	64	9	117	7	0.08	0.38	NO SOLUTION	648	299	31766	10222
empty08-5.scen	25	64	9	117	8	0.16	0.52	NO SOLUTION	1203	596	39483	12663
empty08-5.scen	25	64	9	117	9	0.26	0.68	NO SOLUTION	1448	634	47416	15245
empty08-5.scen	25	64	9	117	10	0.17	0.67	OK	2126	475	56295	18037
empty08-5.scen	26	64	9	122	0	0	0.03	NO SOLUTION	0	1	809	0
empty08-5.scen	26	64	9	122	1	0	0.05	NO SOLUTION	0	1	2019	413
empty08-5.scen	26	64	9	122	2	0	0.08	NO SOLUTION	0	1	5336	1678
empty08-5.scen	26	64	9	122	3	0	0.11	NO SOLUTION	155	12	8932	2509
empty08-5.scen	26	64	9	122	4	0.01	0.16	NO SOLUTION	237	64	14058	4296
empty08-5.scen	26	64	9	122	5	0.02	0.21	NO SOLUTION	327	125	19373	6089
empty08-5.scen	26	64	9	122	6	0.03	0.29	NO SOLUTION	431	176	25998	8214
empty08-5.scen	26	64	9	122	7	0.07	0.37	NO SOLUTION	587	260	32841	10464
empty08-5.scen	26	64	9	122	8	0.12	0.49	NO SOLUTION	711	326	40831	12980
empty08-5.scen	26	64	9	122	9	0.4	0.83	NO SOLUTION	2084	809	49046	15646
empty08-5.scen	26	64	9	122	10	0.54	1.05	OK	2525	998	58252	18530
empty08-5.scen	27	64	9	128	0	0	0.04	NO SOLUTION	0	1	847	0
empty08-5.scen	27	64	9	128	1	0	0.05	NO SOLUTION	0	1	2107	433
empty08-5.scen	27	64	9	128	2	0	0.09	NO SOLUTION	0	1	5562	1762
empty08-5.scen	27	64	9	128	3	0	0.12	NO SOLUTION	97	10	9293	2622
empty08-5.scen	27	64	9	128	4	0.01	0.17	NO SOLUTION	238	62	14621	4463
empty08-5.scen	27	64	9	128	5	0.01	0.21	NO SOLUTION	301	90	20122	6311
empty08-5.scen	27	64	9	128	6	0.03	0.3	NO SOLUTION	481	193	26959	8509
empty08-5.scen	27	64	9	128	7	0.08	0.41	NO SOLUTION	592	279	34043	10816
empty08-5.scen	27	64	9	128	8	0.11	0.51	NO SOLUTION	778	370	42313	13408
empty08-5.scen	27	64	9	128	9	0.25	0.71	NO SOLUTION	1683	560	50821	16157
empty08-5.scen	27	64	9	128	10	0.5	1.04	NO SOLUTION	2472	1023	60367	19138
empty08-5.scen	27	64	9	128	11	1.4	2.03	NO SOLUTION	3892	1990	70113	22275
empty08-5.scen	27	64	9	128	12	2.02	2.74	OK	5888	2165	80650	25610
empty08-5.scen	28	64	9	134	0	0	0.04	NO SOLUTION	0	1	903	0
empty08-5.scen	28	64	9	134	1	0	0.05	NO SOLUTION	0	1	2246	461
empty08-5.scen	28	64	9	134	2	0	0.09	NO SOLUTION	0	1	5882	1879
empty08-5.scen	28	64	9	134	3	0	0.12	NO SOLUTION	94	8	9794	2780
empty08-5.scen	28	64	9	134	4	0.01	0.18	NO SOLUTION	169	50	15357	4708
empty08-5.scen	28	64	9	134	5	0.01	0.23	NO SOLUTION	291	102	21116	6615
empty08-5.scen	28	64	9	134	6	0.04	0.32	NO SOLUTION	502	184	28257	8869
empty08-5.scen	28	64	9	134	7	0.09	0.43	NO SOLUTION	958	348	35663	11260
empty08-5.scen	28	64	9	134	8	0.15	0.56	NO SOLUTION	1292	406	44301	13945
empty08-5.scen	28	64	9	134	9	0.29	0.77	NO SOLUTION	1616	698	53186	16803
empty08-5.scen	28	64	9	134	10	0.58	1.15	NO SOLUTION	2464	1034	63137	19902
empty08-5.scen	28	64	9	134	11	0.98	1.64	NO SOLUTION	3234	1550	73292	23162
empty08-5.scen	28	64	9	134	12	3.35	4.1	NO SOLUTION	8772	3040	84250	26625
empty08-5.scen	28	64	9	134	13	1.05	1.87	OK	4050	1075	95352	30213
empty08-5.scen	29	64	9	139	0	0	0.04	NO SOLUTION	0	1	942	0
empty08-5.scen	29	64	9	139	1	0	0.05	NO SOLUTION	0	1	2343	485
empty08-5.scen	29	64	9	139	2	0	0.09	NO SOLUTION	0	1	6112	1982
empty08-5.scen	29	64	9	139	3	0	0.13	NO SOLUTION	136	8	10165	2895
empty08-5.scen	29	64	9	139	4	0.01	0.19	NO SOLUTION	192	66	15885	4869
empty08-5.scen	29	64	9	139	5	0.02	0.24	NO SOLUTION	311	115	21828	6823
empty08-5.scen	29	64	9	139	6	0.03	0.33	NO SOLUTION	470	188	29216	9129
empty08-5.scen	29	64	9	139	7	0.08	0.45	NO SOLUTION	654	280	36881	11592
empty08-5.scen	29	64	9	139	8	0.16	0.6	NO SOLUTION	1347	431	45826	14362
empty08-5.scen	29	64	9	139	9	0.27	0.77	NO SOLUTION	1558	671	55027	17314
empty08-5.scen	29	64	9	139	10	0.53	1.14	NO SOLUTION	2519	978	65339	20516
empty08-5.scen	29	64	9	139	11	1.54	2.23	NO SOLUTION	3599	1449	75864	23886
empty08-5.scen	29	64	9	139	12	3.18	3.96	NO SOLUTION	7047	2718	87220	27468
empty08-5.scen	29	64	9	139	13	4.71	5.57	OK	11244	3798	98724	31179
empty08-5.scen	30	64	9	147	0	0	0.04	NO SOLUTION	0	1	1038	0
empty08-5.scen	30	64	9	147	1	0	0.06	NO SOLUTION	0	1	2557	552
empty08-5.scen	30	64	9	147	2	0	0.1	NO SOLUTION	0	1	6584	2146
empty08-5.scen	30	64	9	147	3	0	0.13	NO SOLUTION	92	7	10885	3096
empty08-5.scen	30	64	9	147	4	0.01	0.2	NO SOLUTION	231	69	16933	5132
empty08-5.scen	30	64	9	147	5	0.02	0.25	NO SOLUTION	328	116	23206	7179
empty08-5.scen	30	64	9	147	6	0.03	0.35	NO SOLUTION	537	218	30982	9590
empty08-5.scen	30	64	9	147	7	0.1	0.47	NO SOLUTION	728	304	39043	12167
empty08-5.scen	30	64	9	147	8	0.19	0.65	NO SOLUTION	1279	403	48402	15061
empty08-5.scen	30	64	9	147	9	0.51	1.04	NO SOLUTION	2484	897	58019	18141
empty08-5.scen	30	64	9	147	10	0.64	1.28	NO SOLUTION	2686	1005	68753	21473
empty08-5.scen	30	64	9	147	11	1.23	1.95	NO SOLUTION	4093	1294	79701	24974
empty08-5.scen	30	64	9	147	12	2.67	3.49	NO SOLUTION	5112	2301	91480	28687
empty08-5.scen	30	64	9	147	13	8.39	9.28	NO SOLUTION	24720	6485	103407	32529
empty08-5.scen	30	64	9	147	14	16.88	17.89	OK	37684	10147	115814	36507
empty08-5.scen	31	64	9	155	0	0	0.04	NO SOLUTION	0	1	1098	0
empty08-5.scen	31	64	9	155	1	0	0.06	NO SOLUTION	0	1	2686	590
empty08-5.scen	31	64	9	155	2	0	0.1	NO SOLUTION	0	1	6903	2263
empty08-5.scen	31	64	9	155	3	0	0.14	NO SOLUTION	206	10	11402	3201
empty08-5.scen	31	64	9	155	4	0.01	0.21	NO SOLUTION	228	77	17730	5289
empty08-5.scen	31	64	9	155	5	0.02	0.26	NO SOLUTION	332	114	24309	7395
empty08-5.scen	31	64	9	155	6	0.04	0.38	NO SOLUTION	406	148	32442	9879
empty08-5.scen	31	64	9	155	7	0.09	0.48	NO SOLUTION	733	292	40860	12560
empty08-5.scen	31	64	9	155	8	0.18	0.66	NO SOLUTION	1100	500	50627	15573
empty08-5.scen	31	64	9	155	9	0.35	0.9	NO SOLUTION	1552	817	60658	18779
empty08-5.scen	31	64	9	155	10	0.7	1.37	NO SOLUTION	2307	1051	71815	22243
empty08-5.scen	31	64	9	155	11	1.53	2.28	NO SOLUTION	5597	1646	83186	25875
empty08-5.scen	31	64	9	155	12	2.95	3.8	NO SOLUTION	6247	2280	95388	29719
empty08-5.scen	31	64	9	155	13	6.94	7.89	NO SOLUTION	14290	4653	107738	33692
empty08-5.scen	31	64	9	155	14	15.51	16.56	NO SOLUTION	33739	11490	120568	37801
empty08-5.scen	31	64	9	155	15	40.48	41.63	OK	141591	23371	133475	41986
empty08-5.scen	32	64	9	160	0	0	0.04	NO SOLUTION	0	1	1129	0
empty08-5.scen	32	64	9	160	1	0	0.06	NO SOLUTION	0	1	2762	612
empty08-5.scen	32	64	9	160	2	0	0.11	NO SOLUTION	0	1	7109	2339
empty08-5.scen	32	64	9	160	3	0	0.14	NO SOLUTION	235	11	11741	3187
empty08-5.scen	32	64	9	160	4	0.01	0.22	NO SOLUTION	235	80	18267	5298
empty08-5.scen	32	64	9	160	5	0.03	0.28	NO SOLUTION	284	138	25062	7445
empty08-5.scen	32	64	9	160	6	0.06	0.4	NO SOLUTION	475	217	33478	9998
empty08-5.scen	32	64	9	160	7	0.1	0.5	NO SOLUTION	781	379	42193	12762
empty08-5.scen	32	64	9	160	8	0.18	0.68	NO SOLUTION	1042	532	52318	15866
empty08-5.scen	32	64	9	160	9	0.39	0.96	NO SOLUTION	1963	808	62718	19179
empty08-5.scen	32	64	9	160	10	1.1	1.79	NO SOLUTION	3660	1888	74273	22761
empty08-5.scen	32	64	9	160	11	2	2.79	NO SOLUTION	8540	2412	86046	26516
empty08-5.scen	32	64	9	160	12	4.12	5	NO SOLUTION	13863	4661	98662	30486
empty08-5.scen	32	64	9	160	13	4.6	5.59	NO SOLUTION	13955	4444	111428	34587
empty08-5.scen	32	64	9	160	14	12.78	13.87	NO SOLUTION	40028	11028	124680	38826
empty08-5.scen	32	64	9	160	15	27.18	28.39	NO SOLUTION	90834	17882	138010	43142
empty08-5.scen	32	64	9	160	16	54.19	55.53	NO SOLUTION	178479	31039	151549	47519
empty08-5.scen	32	64	9	160	17	92.03	93.5	NO SOLUTION	190097	49256	165121	51930
