empty08-1.scen	1	64	2	2	0	0	0.01	OK	0	0	2	0
empty08-1.scen	2	64	7	9	0	0	0.01	OK	8	0	70	11
empty08-1.scen	3	64	7	13	0	0	0.01	OK	3	0	103	7
empty08-1.scen	4	64	8	21	0	0	0.01	OK	17	0	177	26
empty08-1.scen	5	64	8	26	0	0	0.01	OK	10	0	234	16
empty08-1.scen	6	64	8	30	0	0	0.01	OK	14	0	257	18
empty08-1.scen	7	64	10	40	0	0	0.02	OK	15	0	430	27
empty08-1.scen	8	64	10	46	0	0	0.02	OK	16	0	500	26
empty08-1.scen	9	64	10	56	0	0	0.02	OK	19	0	649	37
empty08-1.scen	10	64	10	61	0	0	0.02	OK	21	0	691	35
empty08-1.scen	11	64	10	65	0	0	0.02	OK	23	0	715	33
empty08-1.scen	12	64	10	73	0	0	0.03	OK	20	0	766	39
empty08-1.scen	13	64	10	78	0	0	0.03	OK	14	0	799	35
empty08-1.scen	14	64	10	87	0	0	0.03	NO SOLUTION	0	1	882	74
empty08-1.scen	14	64	10	87	1	0	0.04	OK	83	4	1826	302
empty08-1.scen	15	64	10	91	0	0	0.03	NO SOLUTION	0	1	913	76
empty08-1.scen	15	64	10	91	1	0	0.04	OK	84	4	1898	318
empty08-1.scen	16	64	10	101	0	0	0.03	NO SOLUTION	0	1	1062	89
empty08-1.scen	16	64	10	101	1	0	0.05	OK	91	4	2167	363
empty08-1.scen	17	64	10	108	0	0	0.03	NO SOLUTION	0	1	1144	98
empty08-1.scen	17	64	10	108	1	0	0.05	NO SOLUTION	8	2	2343	395
empty08-1.scen	17	64	10	108	2	0	0.07	OK	155	38	5426	1310
empty08-1.scen	18	64	10	112	0	0	0.03	NO SOLUTION	0	1	1171	100
empty08-1.scen	18	64	10	112	1	0	0.05	NO SOLUTION	8	2	2411	410
empty08-1.scen	18	64	10	112	2	0	0.08	OK	126	37	5632	1357
empty08-1.scen	19	64	10	114	0	0	0.04	NO SOLUTION	0	1	1168	97
empty08-1.scen	19	64	10	114	1	0	0.05	NO SOLUTION	8	2	2426	402
empty08-1.scen	19	64	10	114	2	0	0.08	NO SOLUTION	93	50	5688	1357
empty08-1.scen	19	64	10	114	3	0.01	0.11	OK	425	170	9157	2435
empty08-1.scen	20	64	10	116	0	0	0.04	NO SOLUTION	0	1	1178	97
empty08-1.scen	20	64	10	116	1	0	0.05	NO SOLUTION	8	2	2453	401
empty08-1.scen	20	64	10	116	2	0	0.09	NO SOLUTION	104	47	5786	1381
empty08-1.scen	20	64	10	116	3	0.02	0.12	OK	636	258	9334	2482
empty08-1.scen	21	64	10	123	0	0	0.04	NO SOLUTION	0	1	1255	104
empty08-1.scen	21	64	10	123	1	0	0.05	NO SOLUTION	8	2	2612	427
empty08-1.scen	21	64	10	123	2	0	0.09	NO SOLUTION	231	72	6179	1457
empty08-1.scen	21	64	10	123	3	0.01	0.12	OK	449	143	9945	2635
empty08-1.scen	22	64	10	125	0	0	0.04	NO SOLUTION	0	1	1257	99
empty08-1.scen	22	64	10	125	1	0	0.05	NO SOLUTION	11	2	2637	408
empty08-1.scen	22	64	10	125	2	0	0.1	NO SOLUTION	106	46	6278	1457
empty08-1.scen	22	64	10	125	3	0.01	0.13	OK	428	113	10110	2634
empty08-1.scen	23	64	10	131	0	0	0.04	NO SOLUTION	0	1	1308	103
empty08-1.scen	23	64	10	131	1	0	0.06	NO SOLUTION	0	1	2767	613
empty08-1.scen	23	64	10	131	2	0	0.09	NO SOLUTION	44	22	6591	1511
empty08-1.scen	23	64	10	131	3	0.01	0.13	NO SOLUTION	275	107	10604	2763
empty08-1.scen	23	64	10	131	4	0.03	0.2	NO SOLUTION	508	259	16052	4510
empty08-1.scen	23	64	10	131	5	0.07	0.27	OK	1003	479	21653	6356
empty08-1.scen	24	64	10	139	0	0	0.04	NO SOLUTION	0	1	1361	109
empty08-1.scen	24	64	10	139	1	0	0.06	NO SOLUTION	0	1	2886	642
empty08-1.scen	24	64	10	139	2	0	0.1	NO SOLUTION	53	26	6862	1588
empty08-1.scen	24	64	10	139	3	0.01	0.14	NO SOLUTION	267	106	11040	2892
empty08-1.scen	24	64	10	139	4	0.03	0.21	NO SOLUTION	457	261	16692	4720
empty08-1.scen	24	64	10	139	5	0.05	0.26	OK	587	304	22498	6632
empty08-1.scen	25	64	10	139	0	0	0.04	NO SOLUTION	0	1	1355	108
empty08-1.scen	25	64	10	139	1	0	0.06	NO SOLUTION	0	1	2880	630
empty08-1.scen	25	64	10	139	2	0	0.1	NO SOLUTION	53	26	6884	1550
empty08-1.scen	25	64	10	139	3	0.01	0.14	NO SOLUTION	325	117	11089	2830
empty08-1.scen	25	64	10	139	4	0.04	0.22	NO SOLUTION	563	310	16802	4654
empty08-1.scen	25	64	10	139	5	0.11	0.33	NO SOLUTION	1345	780	22678	6559
empty08-1.scen	25	64	10	139	6	0.2	0.49	OK	1788	991	29771	8795
empty08-1.scen	26	64	10	142	0	0	0.04	NO SOLUTION	0	1	1215	0
empty08-1.scen	26	64	10	142	1	0	0.06	NO SOLUTION	0	1	2901	632
empty08-1.scen	26	64	10	142	2	0	0.1	NO SOLUTION	0	1	6980	2155
empty08-1.scen	26	64	10	142	3	0	0.13	NO SOLUTION	0	1	11267	3703
empty08-1.scen	26	64	10	142	4	0	0.19	NO SOLUTION	56	7	17136	4493
empty08-1.scen	26	64	10	142	5	0.01	0.24	NO SOLUTION	68	18	23165	6416
empty08-1.scen	26	64	10	142	6	0.03	0.33	NO SOLUTION	171	75	30486	8689
empty08-1.scen	26	64	10	142	7	0.12	0.47	NO SOLUTION	1005	490	37993	11104
empty08-1.scen	26	64	10	142	8	0.57	1	NO SOLUTION	3622	1902	46595	13762
empty08-1.scen	26	64	10	142	9	1.06	1.55	NO SOLUTION	5177	2746	55390	16589
empty08-1.scen	26	64	10	142	10	0.52	1.1	OK	3444	1381	65054	19625
empty08-1.scen	27	64	10	147	0	0	0.04	NO SOLUTION	0	1	1253	0
empty08-1.scen	27	64	10	147	1	0	0.06	NO SOLUTION	0	1	3000	651
empty08-1.scen	27	64	10	147	2	0	0.11	NO SOLUTION	0	1	7221	2233
empty08-1.scen	27	64	10	147	3	0	0.14	NO SOLUTION	0	1	11610	3851
empty08-1.scen	27	64	10	147	4	0	0.19	NO SOLUTION	58	7	17619	4611
empty08-1.scen	27	64	10	147	5	0.01	0.24	NO SOLUTION	72	18	23808	6580
empty08-1.scen	27	64	10	147	6	0.02	0.33	NO SOLUTION	201	70	31339	8903
empty08-1.scen	27	64	10	147	7	0.08	0.45	NO SOLUTION	820	302	39072	11382
empty08-1.scen	27	64	10	147	8	0.4	0.84	NO SOLUTION	2233	1152	47954	14110
empty08-1.scen	27	64	10	147	9	0.9	1.4	NO SOLUTION	4570	2371	57041	17021
empty08-1.scen	27	64	10	147	10	1.57	2.18	NO SOLUTION	5972	3211	67045	20151
empty08-1.scen	27	64	10	147	11	4.53	5.21	NO SOLUTION	14346	8017	77222	23422
empty08-1.scen	27	64	10	147	12	6.41	7.17	OK	21274	8095	88035	26862
empty08-1.scen	28	64	10	152	0	0	0.04	NO SOLUTION	0	1	1261	0
empty08-1.scen	28	64	10	152	1	0	0.06	NO SOLUTION	0	1	3037	658
empty08-1.scen	28	64	10	152	2	0	0.12	NO SOLUTION	0	1	7363	2303
empty08-1.scen	28	64	10	152	3	0	0.14	NO SOLUTION	0	1	11858	3966
empty08-1.scen	28	64	10	152	4	0	0.21	NO SOLUTION	59	7	18025	4633
empty08-1.scen	28	64	10	152	5	0.01	0.24	NO SOLUTION	75	18	24383	6645
empty08-1.scen	28	64	10	152	6	0.02	0.35	NO SOLUTION	171	66	32136	9011
empty08-1.scen	28	64	10	152	7	0.16	0.54	NO SOLUTION	1118	604	40103	11560
empty08-1.scen	28	64	10	152	8	0.45	0.9	NO SOLUTION	2280	1170	49264	14368
empty08-1.scen	28	64	10	152	9	0.71	1.23	NO SOLUTION	3778	2042	58639	17364
empty08-1.scen	28	64	10	152	10	1.89	2.52	NO SOLUTION	5977	3729	68976	20589
empty08-1.scen	28	64	10	152	11	2.63	3.34	NO SOLUTION	6959	4265	79495	23962
empty08-1.scen	28	64	10	152	12	4.49	5.29	NO SOLUTION	12745	4575	90695	27513
empty08-1.scen	28	64	10	152	13	8.42	9.29	NO SOLUTION	22264	8459	102012	31169
empty08-1.scen	28	64	10	152	14	12.37	13.34	NO SOLUTION	27908	11158	113662	34921
empty08-1.scen	28	64	10	152	15	19.43	20.48	OK	39768	16171	125364	38730
empty08-1.scen	29	64	10	156	0	0	0.05	NO SOLUTION	0	1	1288	0
empty08-1.scen	29	64	10	156	1	0	0.07	NO SOLUTION	0	1	3102	679
empty08-1.scen	29	64	10	156	2	0	0.11	NO SOLUTION	0	1	7523	2380
empty08-1.scen	29	64	10	156	3	0	0.14	NO SOLUTION	0	1	12133	4060
empty08-1.scen	29	64	10	156	4	0	0.22	NO SOLUTION	61	7	18490	4715
empty08-1.scen	29	64	10	156	5	0.01	0.26	NO SOLUTION	78	18	25057	6793
empty08-1.scen	29	64	10	156	6	0.02	0.36	NO SOLUTION	175	66	33089	9235
empty08-1.scen	29	64	10	156	7	0.19	0.59	NO SOLUTION	1204	665	41349	11868
empty08-1.scen	29	64	10	156	8	0.49	0.97	NO SOLUTION	2560	1470	50862	14773
empty08-1.scen	29	64	10	156	9	0.96	1.51	NO SOLUTION	3463	1964	60600	17875
empty08-1.scen	29	64	10	156	10	1.21	1.87	NO SOLUTION	4418	2328	71334	21218
empty08-1.scen	29	64	10	156	11	2.39	3.12	NO SOLUTION	6757	3694	82255	24713
empty08-1.scen	29	64	10	156	12	5.59	6.42	NO SOLUTION	13033	6215	93869	28390
empty08-1.scen	29	64	10	156	13	7.52	8.44	NO SOLUTION	16593	7065	105602	32174
empty08-1.scen	29	64	10	156	14	17.87	18.9	NO SOLUTION	40046	16091	117674	36056
empty08-1.scen	29	64	10	156	15	23.66	24.76	NO SOLUTION	44733	18152	129799	39996
empty08-1.scen	29	64	10	156	16	50.97	52.17	NO SOLUTION	103998	39182	142107	43990
empty08-1.scen	29	64	10	156	17	79.67	81	NO SOLUTION	147270	53942	154445	48017
