empty16-1.scen	1	256	11	11	0	0	0.02	OK	0	0	11	0
empty16-1.scen	2	256	12	23	0	0	0.02	OK	4	0	126	18
empty16-1.scen	3	256	12	33	0	0	0.02	OK	15	0	251	41
empty16-1.scen	4	256	12	44	0	0	0.02	OK	26	0	323	50
empty16-1.scen	5	256	12	49	0	0	0.02	OK	24	0	409	27
empty16-1.scen	6	256	15	64	0	0	0.03	OK	40	0	631	89
empty16-1.scen	7	256	15	72	0	0	0.04	OK	42	0	703	98
empty16-1.scen	8	256	15	84	0	0	0.05	OK	52	0	869	128
empty16-1.scen	9	256	15	98	0	0	0.05	OK	73	0	1102	167
empty16-1.scen	10	256	15	108	0	0	0.05	OK	70	0	1167	175
empty16-1.scen	11	256	15	118	0	0	0.05	OK	58	0	1741	108
empty16-1.scen	12	256	17	135	0	0	0.07	OK	66	0	2135	135
empty16-1.scen	13	256	17	150	0	0	0.08	OK	65	0	2622	150
empty16-1.scen	14	256	17	158	0	0	0.08	OK	77	0	2693	156
empty16-1.scen	15	256	17	169	0	0	0.09	OK	87	0	2909	169
empty16-1.scen	16	256	17	180	0	0	0.1	OK	92	1	3151	184
empty16-1.scen	17	256	17	193	0	0	0.1	OK	103	1	3426	203
empty16-1.scen	18	256	17	199	0	0	0.1	OK	92	0	3428	195
empty16-1.scen	19	256	17	212	0	0	0.11	NO SOLUTION	0	1	3666	235
empty16-1.scen	19	256	17	212	1	0	0.14	OK	554	11	5780	1041
empty16-1.scen	20	256	17	218	0	0	0.11	NO SOLUTION	0	1	3715	239
empty16-1.scen	20	256	17	218	1	0	0.15	OK	596	11	5892	1052
empty16-1.scen	21	256	17	231	0	0	0.12	NO SOLUTION	0	1	3989	261
empty16-1.scen	21	256	17	231	1	0	0.16	OK	758	12	6326	1145
empty16-1.scen	22	256	17	241	0	0	0.13	NO SOLUTION	0	1	4174	276
empty16-1.scen	22	256	17	241	1	0	0.16	OK	871	13	6636	1210
empty16-1.scen	23	256	17	248	0	0	0.13	NO SOLUTION	0	1	4253	283
empty16-1.scen	23	256	17	248	1	0	0.17	OK	972	14	6794	1238
empty16-1.scen	24	256	17	252	0	0	0.14	NO SOLUTION	0	1	4280	285
empty16-1.scen	24	256	17	252	1	0	0.18	OK	1076	15	6860	1248
empty16-1.scen	25	256	17	267	0	0	0.14	NO SOLUTION	0	1	4752	308
empty16-1.scen	25	256	17	267	1	0	0.18	OK	1214	15	7481	1350
empty16-1.scen	26	256	17	278	0	0	0.15	NO SOLUTION	0	1	4856	317
empty16-1.scen	26	256	17	278	1	0	0.2	OK	1327	16	7713	1405
empty16-1.scen	27	256	17	289	0	0	0.15	NO SOLUTION	0	1	5042	338
empty16-1.scen	27	256	17	289	1	0	0.21	OK	1451	17	8033	1494
empty16-1.scen	28	256	18	307	0	0	0.18	NO SOLUTION	0	1	5739	373
empty16-1.scen	28	256	18	307	1	0	0.24	OK	1617	18	8896	1650
empty16-1.scen	29	256	18	322	0	0	0.19	NO SOLUTION	0	1	6162	396
empty16-1.scen	29	256	18	322	1	0	0.25	OK	1723	19	9453	1748
empty16-1.scen	30	256	18	335	0	0	0.21	NO SOLUTION	0	1	6399	415
empty16-1.scen	30	256	18	335	1	0	0.26	OK	1552	16	9840	1817
empty16-1.scen	31	256	18	347	0	0	0.21	NO SOLUTION	0	1	6696	440
empty16-1.scen	31	256	18	347	1	0	0.28	OK	1847	17	10273	1912
empty16-1.scen	32	256	18	352	0	0	0.22	NO SOLUTION	0	1	6736	443
empty16-1.scen	32	256	18	352	1	0	0.28	OK	1577	16	10367	1918
empty16-1.scen	33	256	18	362	0	0	0.22	NO SOLUTION	0	1	6907	460
empty16-1.scen	33	256	18	362	1	0	0.29	OK	1336	16	10663	1992
empty16-1.scen	34	256	18	367	0	0	0.23	NO SOLUTION	0	1	6907	459
empty16-1.scen	34	256	18	367	1	0	0.29	OK	1177	14	10696	1978
empty16-1.scen	35	256	18	369	0	0	0.23	NO SOLUTION	0	1	6916	459
empty16-1.scen	35	256	18	369	1	0	0.29	OK	1192	15	10722	1966
empty16-1.scen	36	256	18	374	0	0	0.24	NO SOLUTION	0	1	6949	462
empty16-1.scen	36	256	18	374	1	0	0.31	OK	1215	21	10798	1971
empty16-1.scen	37	256	20	394	0	0	0.3	NO SOLUTION	0	1	7836	498
empty16-1.scen	37	256	20	394	1	0	0.37	OK	1588	20	11834	2141
empty16-1.scen	38	256	20	407	0	0	0.3	NO SOLUTION	0	1	8113	517
empty16-1.scen	38	256	20	407	1	0	0.38	OK	1850	21	12289	2217
empty16-1.scen	39	256	23	430	0	0	0.4	NO SOLUTION	0	1	9311	555
empty16-1.scen	39	256	23	430	1	0.01	0.5	OK	1910	21	13662	2395
empty16-1.scen	40	256	23	442	0	0	0.42	NO SOLUTION	0	1	9605	572
empty16-1.scen	40	256	23	442	1	0.01	0.51	OK	2199	22	14120	2496
empty16-1.scen	41	256	23	447	0	0	0.43	NO SOLUTION	0	1	9609	571
empty16-1.scen	41	256	23	447	1	0.01	0.53	OK	2196	22	14157	2489
empty16-1.scen	42	256	23	463	0	0	0.44	NO SOLUTION	0	1	10027	609
empty16-1.scen	42	256	23	463	1	0	0.55	NO SOLUTION	151	30	14791	2639
empty16-1.scen	42	256	23	463	2	0.03	0.87	OK	1928	133	32945	7847
empty16-1.scen	43	256	23	469	0	0	0.46	NO SOLUTION	0	1	10066	613
empty16-1.scen	43	256	23	469	1	0	0.56	NO SOLUTION	141	23	14890	2605
empty16-1.scen	43	256	23	469	2	0.02	0.86	OK	1621	93	33210	7788
empty16-1.scen	44	256	23	473	0	0	0.46	NO SOLUTION	0	1	10090	615
empty16-1.scen	44	256	23	473	1	0	0.56	NO SOLUTION	142	23	14947	2614
empty16-1.scen	44	256	23	473	2	0.03	0.89	OK	1837	115	33357	7841
empty16-1.scen	45	256	23	482	0	0	0.48	NO SOLUTION	0	1	10179	622
empty16-1.scen	45	256	23	482	1	0	0.58	NO SOLUTION	146	23	15146	2672
empty16-1.scen	45	256	23	482	2	0.03	0.91	OK	2298	125	33847	8018
empty16-1.scen	46	256	23	504	0	0	0.5	NO SOLUTION	0	1	11298	660
empty16-1.scen	46	256	23	504	1	0.01	0.61	NO SOLUTION	174	29	16454	2856
empty16-1.scen	46	256	23	504	2	0.02	0.97	OK	1747	112	36510	8580
empty16-1.scen	47	256	23	519	0	0	0.52	NO SOLUTION	0	1	11775	698
empty16-1.scen	47	256	23	519	1	0	0.63	NO SOLUTION	124	11	17102	2984
empty16-1.scen	47	256	23	519	2	0.04	1.02	NO SOLUTION	1935	162	37800	8891
empty16-1.scen	47	256	23	519	3	0.07	1.22	OK	2057	181	59518	15711
empty16-1.scen	48	256	23	524	0	0	0.54	NO SOLUTION	0	1	11812	701
empty16-1.scen	48	256	23	524	1	0	0.64	NO SOLUTION	129	11	17190	3002
empty16-1.scen	48	256	23	524	2	0.05	1.04	NO SOLUTION	1641	148	38030	8942
empty16-1.scen	48	256	23	524	3	0.09	1.27	OK	2282	217	59910	15811
empty16-1.scen	49	256	23	541	0	0	0.55	NO SOLUTION	0	1	12402	730
empty16-1.scen	49	256	23	541	1	0	0.65	NO SOLUTION	125	9	17955	3204
empty16-1.scen	49	256	23	541	2	0.05	1.07	NO SOLUTION	1717	136	39621	9425
empty16-1.scen	49	256	23	541	3	0.12	1.34	OK	2286	230	62274	16614
empty16-1.scen	50	256	23	554	0	0	0.56	NO SOLUTION	0	1	12738	754
empty16-1.scen	50	256	23	554	1	0	0.67	NO SOLUTION	132	8	18471	3293
empty16-1.scen	50	256	23	554	2	0.04	1.09	NO SOLUTION	1120	108	40602	9666
empty16-1.scen	50	256	23	554	3	0.09	1.34	OK	2318	180	63732	16943
empty16-1.scen	51	256	23	568	0	0	0.58	NO SOLUTION	0	1	13188	778
empty16-1.scen	51	256	23	568	1	0	0.69	NO SOLUTION	79	9	19050	3435
empty16-1.scen	51	256	23	568	2	0.03	1.12	NO SOLUTION	1246	103	41831	10010
empty16-1.scen	51	256	23	568	3	0.1	1.37	OK	2522	202	65552	17497
empty16-1.scen	52	256	23	573	0	0	0.59	NO SOLUTION	0	1	13226	781
empty16-1.scen	52	256	23	573	1	0	0.71	NO SOLUTION	70	7	19149	3450
empty16-1.scen	52	256	23	573	2	0.04	1.14	NO SOLUTION	1697	131	42093	10051
empty16-1.scen	52	256	23	573	3	0.12	1.42	OK	2501	234	65953	17546
empty16-1.scen	53	256	23	595	0	0	0.62	NO SOLUTION	0	1	14369	819
empty16-1.scen	53	256	23	595	1	0	0.74	NO SOLUTION	158	8	20638	3675
empty16-1.scen	53	256	23	595	2	0.04	1.18	NO SOLUTION	1473	141	44932	10757
empty16-1.scen	53	256	23	595	3	0.18	1.52	OK	2329	282	70114	18700
empty16-1.scen	54	256	23	609	0	0	0.63	NO SOLUTION	0	1	14810	851
empty16-1.scen	54	256	23	609	1	0	0.77	NO SOLUTION	73	7	21251	3837
empty16-1.scen	54	256	23	609	2	0.05	1.23	NO SOLUTION	1627	122	46120	11109
empty16-1.scen	54	256	23	609	3	0.12	1.5	OK	2934	230	71879	19247
empty16-1.scen	55	256	23	620	0	0	0.65	NO SOLUTION	0	1	14988	869
empty16-1.scen	55	256	23	620	1	0	0.79	NO SOLUTION	167	20	21575	3930
empty16-1.scen	55	256	23	620	2	0.05	1.25	NO SOLUTION	1833	158	46790	11308
empty16-1.scen	55	256	23	620	3	0.12	1.53	OK	2190	241	72920	19479
empty16-1.scen	56	256	23	630	0	0	0.64	NO SOLUTION	0	1	9452	1659
empty16-1.scen	56	256	23	630	1	0	0.81	NO SOLUTION	190	26	21812	3976
empty16-1.scen	56	256	23	630	2	0.06	1.28	NO SOLUTION	2066	157	47302	11413
empty16-1.scen	56	256	23	630	3	0.15	1.59	OK	2359	233	73736	19628
empty16-1.scen	57	256	23	636	0	0	0.67	NO SOLUTION	0	1	15176	902
empty16-1.scen	57	256	23	636	1	0	0.82	NO SOLUTION	71	10	21934	3955
empty16-1.scen	57	256	23	636	2	0.04	1.28	NO SOLUTION	1192	102	47599	11372
empty16-1.scen	57	256	23	636	3	0.26	1.73	NO SOLUTION	2696	357	74229	19591
empty16-1.scen	57	256	23	636	4	0.63	2.6	OK	3561	557	108496	30202
empty16-1.scen	58	256	23	641	0	0	0.67	NO SOLUTION	0	1	15206	905
empty16-1.scen	58	256	23	641	1	0	0.84	NO SOLUTION	70	10	22012	3964
empty16-1.scen	58	256	23	641	2	0.04	1.3	NO SOLUTION	1317	113	47818	11416
empty16-1.scen	58	256	23	641	3	0.22	1.7	NO SOLUTION	2694	289	74593	19668
empty16-1.scen	58	256	23	641	4	0.58	2.6	OK	3753	553	109071	30336
empty16-1.scen	59	256	23	645	0	0	0.69	NO SOLUTION	0	1	15229	908
empty16-1.scen	59	256	23	645	1	0	0.84	NO SOLUTION	71	10	22068	3965
empty16-1.scen	59	256	23	645	2	0.04	1.33	NO SOLUTION	691	92	47985	11421
empty16-1.scen	59	256	23	645	3	0.18	1.69	NO SOLUTION	2175	225	74869	19711
empty16-1.scen	59	256	23	645	4	0.21	2.26	OK	3365	276	109502	30388
empty16-1.scen	60	256	23	651	0	0	0.71	NO SOLUTION	0	1	15275	912
empty16-1.scen	60	256	23	651	1	0	0.86	NO SOLUTION	70	10	22166	3920
empty16-1.scen	60	256	23	651	2	0.04	1.34	NO SOLUTION	603	80	48239	11346
empty16-1.scen	60	256	23	651	3	0.22	1.76	NO SOLUTION	1756	263	75288	19641
empty16-1.scen	60	256	23	651	4	0.49	2.57	NO SOLUTION	3642	459	110189	30386
empty16-1.scen	60	256	23	651	5	1.47	3.88	OK	4556	955	145928	41646
empty16-1.scen	61	256	23	660	0	0	0.71	NO SOLUTION	0	1	15334	920
empty16-1.scen	61	256	23	660	1	0	0.88	NO SOLUTION	59	9	22318	3954
empty16-1.scen	61	256	23	660	2	0.03	1.35	NO SOLUTION	461	69	48621	11431
empty16-1.scen	61	256	23	660	3	0.26	1.82	NO SOLUTION	2610	304	75902	19777
empty16-1.scen	61	256	23	660	4	1.45	3.57	NO SOLUTION	4232	1017	111189	30602
empty16-1.scen	61	256	23	660	5	2.68	5.12	OK	4777	1344	147338	41910
empty16-1.scen	62	256	23	663	0	0	0.72	NO SOLUTION	0	1	15359	921
empty16-1.scen	62	256	23	663	1	0	0.9	NO SOLUTION	48	7	22361	3863
empty16-1.scen	62	256	23	663	2	0.04	1.38	NO SOLUTION	224	82	48753	11262
empty16-1.scen	62	256	23	663	3	0.24	1.82	NO SOLUTION	1514	249	76123	19548
empty16-1.scen	62	256	23	663	4	1.22	3.43	NO SOLUTION	2881	750	111579	30307
empty16-1.scen	62	256	23	663	5	5.53	8.02	NO SOLUTION	5344	2373	147906	41563
empty16-1.scen	62	256	23	663	6	5.97	9.11	OK	8359	2680	192031	54705
empty16-1.scen	63	256	23	677	0	0	0.76	NO SOLUTION	0	1	15449	930
empty16-1.scen	63	256	23	677	1	0	0.9	NO SOLUTION	0	1	22576	4943
empty16-1.scen	63	256	23	677	2	0	1.36	NO SOLUTION	0	1	49261	13860
empty16-1.scen	63	256	23	677	3	0	1.6	NO SOLUTION	0	1	76935	23367
empty16-1.scen	63	256	23	677	4	0.05	2.29	NO SOLUTION	464	70	112781	30445
empty16-1.scen	63	256	23	677	5	0.11	2.64	NO SOLUTION	616	111	149496	41769
empty16-1.scen	63	256	23	677	6	0.55	3.74	NO SOLUTION	1118	300	194084	55049
empty16-1.scen	63	256	23	677	7	2.35	5.99	NO SOLUTION	2434	821	239867	69000
empty16-1.scen	63	256	23	677	8	21.7	26.1	NO SOLUTION	27980	5889	293582	84605
empty16-1.scen	63	256	23	677	9	57.06	61.96	NO SOLUTION	521403	18789	348617	101164
empty16-1.scen	63	256	23	677	10	30.79	36.69	OK	44865	8146	411296	119195
empty16-1.scen	64	256	23	686	0	0	0.76	NO SOLUTION	0	1	15539	937
empty16-1.scen	64	256	23	686	1	0	0.91	NO SOLUTION	0	1	22786	5004
empty16-1.scen	64	256	23	686	2	0	1.38	NO SOLUTION	0	1	49751	14022
empty16-1.scen	64	256	23	686	3	0	1.65	NO SOLUTION	0	1	77702	23633
empty16-1.scen	64	256	23	686	4	0.04	2.33	NO SOLUTION	434	71	113938	30648
empty16-1.scen	64	256	23	686	5	0.14	2.73	NO SOLUTION	1344	106	151087	42063
empty16-1.scen	64	256	23	686	6	0.34	3.57	NO SOLUTION	1195	225	196204	55429
empty16-1.scen	64	256	23	686	7	2.79	6.49	NO SOLUTION	3457	840	242544	69518
empty16-1.scen	64	256	23	686	8	14.76	19.25	NO SOLUTION	16230	3802	296900	85293
empty16-1.scen	64	256	23	686	9	57.73	62.74	NO SOLUTION	551405	15756	352610	102015
empty16-1.scen	64	256	23	686	10	62.24	68.28	OK	151083	13373	416056	120244
empty16-1.scen	65	256	23	690	0	0	0.77	NO SOLUTION	0	1	15528	935
empty16-1.scen	65	256	23	690	1	0	0.91	NO SOLUTION	0	1	22815	5007
empty16-1.scen	65	256	23	690	2	0	1.4	NO SOLUTION	0	1	49882	14076
empty16-1.scen	65	256	23	690	3	0	1.67	NO SOLUTION	0	1	77922	23734
empty16-1.scen	65	256	23	690	4	0.02	2.34	NO SOLUTION	252	19	114343	29939
empty16-1.scen	65	256	23	690	5	0.06	2.7	NO SOLUTION	532	68	151688	41194
empty16-1.scen	65	256	23	690	6	0.09	3.38	NO SOLUTION	511	59	197088	54427
empty16-1.scen	65	256	23	690	7	0.24	3.98	NO SOLUTION	776	147	243729	68398
empty16-1.scen	65	256	23	690	8	0.69	5.24	NO SOLUTION	3209	346	298480	84074
empty16-1.scen	65	256	23	690	9	2.4	7.5	NO SOLUTION	3278	942	354605	100767
empty16-1.scen	65	256	23	690	10	12.33	18.46	NO SOLUTION	13252	3181	418569	119000
empty16-1.scen	65	256	23	690	11	43.71	50.46	NO SOLUTION	162293	9155	483885	138298
empty16-1.scen	65	256	23	690	12	124.73	132.56	OK	1958814	28097	556545	159050
empty16-1.scen	66	256	23	699	0	0	0.78	NO SOLUTION	0	1	15622	943
empty16-1.scen	66	256	23	699	1	0	0.93	NO SOLUTION	0	1	23016	5074
empty16-1.scen	66	256	23	699	2	0	1.44	NO SOLUTION	0	1	50336	14231
empty16-1.scen	66	256	23	699	3	0	1.7	NO SOLUTION	0	1	78622	23957
empty16-1.scen	66	256	23	699	4	0.02	2.38	NO SOLUTION	114	16	115412	29671
empty16-1.scen	66	256	23	699	5	0.05	2.73	NO SOLUTION	362	52	153157	40985
empty16-1.scen	66	256	23	699	6	0.12	3.49	NO SOLUTION	726	86	199086	54310
empty16-1.scen	66	256	23	699	7	0.23	4.05	NO SOLUTION	1135	152	246284	68384
empty16-1.scen	66	256	23	699	8	0.89	5.49	NO SOLUTION	1843	577	301733	84202
empty16-1.scen	66	256	23	699	9	1.01	6.18	NO SOLUTION	1665	510	358584	101086
empty16-1.scen	66	256	23	699	10	4.19	10.43	NO SOLUTION	6323	1576	423427	119531
empty16-1.scen	66	256	23	699	11	7.9	14.78	NO SOLUTION	12320	3007	489652	139071
empty16-1.scen	66	256	23	699	12	30.52	38.46	NO SOLUTION	34492	7065	563349	160092
empty16-1.scen	66	256	23	699	13	63.28	72	NO SOLUTION	71362	12271	652928	181955
