empty08-5.scen	1	64	2	2	0	0	0.01	OK	0	1	2	0
empty08-5.scen	2	64	9	11	0	0	0.01	OK	10	1	108	19
empty08-5.scen	3	64	9	16	0	0	0.01	OK	12	1	141	22
empty08-5.scen	4	64	9	22	0	0	0.01	OK	13	1	214	18
empty08-5.scen	5	64	9	27	0	0	0.01	OK	13	1	217	17
empty08-5.scen	6	64	9	30	0	0	0.01	OK	13	1	233	18
empty08-5.scen	7	64	9	34	0	0	0.01	OK	17	1	256	20
empty08-5.scen	8	64	9	39	0	0	0.02	OK	15	1	286	21
empty08-5.scen	9	64	9	44	0	0	0.02	OK	18	1	317	23
empty08-5.scen	10	64	9	51	0	0	0.02	NO SOLUTION	0	1	291	0
empty08-5.scen	10	64	9	51	1	0	0.02	NO SOLUTION	0	1	938	0
empty08-5.scen	10	64	9	51	2	0	0.04	OK	51	8	2037	502
empty08-5.scen	11	64	9	58	0	0	0.02	NO SOLUTION	0	1	359	0
empty08-5.scen	11	64	9	58	1	0	0.02	NO SOLUTION	0	1	1174	0
empty08-5.scen	11	64	9	58	2	0	0.04	OK	67	9	2360	625
empty08-5.scen	12	64	9	64	0	0	0.02	NO SOLUTION	0	1	408	0
empty08-5.scen	12	64	9	64	1	0	0.03	NO SOLUTION	0	1	1019	0
empty08-5.scen	12	64	9	64	2	0	0.04	OK	73	10	2657	687
empty08-5.scen	13	64	9	67	0	0	0.02	NO SOLUTION	0	1	412	0
empty08-5.scen	13	64	9	67	1	0	0.03	NO SOLUTION	0	1	1367	0
empty08-5.scen	13	64	9	67	2	0	0.07	NO SOLUTION	78	14	2752	723
empty08-5.scen	13	64	9	67	3	0	0.06	OK	60	12	4703	1264
empty08-5.scen	14	64	9	73	0	0	0.02	NO SOLUTION	0	1	462	0
empty08-5.scen	14	64	9	73	1	0	0.03	NO SOLUTION	0	1	1540	0
empty08-5.scen	14	64	9	73	2	0	0.08	NO SOLUTION	72	13	3018	802
empty08-5.scen	14	64	9	73	3	0	0.06	OK	87	15	5124	1397
empty08-5.scen	15	64	9	77	0	0	0.02	NO SOLUTION	0	1	489	0
empty08-5.scen	15	64	9	77	1	0	0.03	NO SOLUTION	0	1	1619	0
empty08-5.scen	15	64	9	77	2	0	0.08	NO SOLUTION	85	14	3192	862
empty08-5.scen	15	64	9	77	3	0	0.07	OK	89	16	5421	1507
empty08-5.scen	16	64	9	79	0	0	0.02	NO SOLUTION	0	1	491	0
empty08-5.scen	16	64	9	79	1	0	0.03	NO SOLUTION	0	1	1634	0
empty08-5.scen	16	64	9	79	2	0	0.09	NO SOLUTION	84	11	3258	864
empty08-5.scen	16	64	9	79	3	0	0.07	OK	70	17	5549	1527
empty08-5.scen	17	64	9	80	0	0	0.02	NO SOLUTION	0	1	492	0
empty08-5.scen	17	64	9	80	1	0	0.03	NO SOLUTION	0	1	1643	0
empty08-5.scen	17	64	9	80	2	0	0.1	NO SOLUTION	84	11	3302	878
empty08-5.scen	17	64	9	80	3	0	0.07	OK	70	17	5645	1555
empty08-5.scen	18	64	9	81	0	0	0.02	NO SOLUTION	0	1	493	0
empty08-5.scen	18	64	9	81	1	0	0.03	NO SOLUTION	0	1	1652	0
empty08-5.scen	18	64	9	81	2	0	0.09	NO SOLUTION	83	11	3356	880
empty08-5.scen	18	64	9	81	3	0	0.07	OK	75	17	5751	1548
empty08-5.scen	19	64	9	86	0	0	0.03	NO SOLUTION	0	1	524	0
empty08-5.scen	19	64	9	86	1	0	0.04	NO SOLUTION	0	1	1729	0
empty08-5.scen	19	64	9	86	2	0	0.06	NO SOLUTION	0	1	3596	0
empty08-5.scen	19	64	9	86	3	0	0.12	NO SOLUTION	97	19	6161	1605
empty08-5.scen	19	64	9	86	4	0	0.19	NO SOLUTION	118	22	9879	2927
empty08-5.scen	19	64	9	86	5	0.01	0.14	OK	128	26	13678	4299
empty08-5.scen	20	64	9	94	0	0	0.03	NO SOLUTION	0	1	619	0
empty08-5.scen	20	64	9	94	1	0	0.04	NO SOLUTION	0	1	2080	0
empty08-5.scen	20	64	9	94	2	0	0.06	NO SOLUTION	0	1	4087	0
empty08-5.scen	20	64	9	94	3	0	0.14	NO SOLUTION	141	37	6904	1873
empty08-5.scen	20	64	9	94	4	0.01	0.2	NO SOLUTION	121	40	10965	3309
empty08-5.scen	20	64	9	94	5	0.01	0.24	NO SOLUTION	137	52	15119	4780
empty08-5.scen	20	64	9	94	6	0.02	0.33	NO SOLUTION	183	61	20266	6553
empty08-5.scen	20	64	9	94	7	0.03	0.25	OK	190	67	25572	8371
empty08-5.scen	21	64	9	98	0	0	0.03	NO SOLUTION	0	1	625	0
empty08-5.scen	21	64	9	98	1	0	0.04	NO SOLUTION	0	1	2111	0
empty08-5.scen	21	64	9	98	2	0	0.07	NO SOLUTION	0	1	4219	0
empty08-5.scen	21	64	9	98	3	0.01	0.16	OK	314	86	14245	3532
empty08-5.scen	22	64	9	103	0	0	0.03	NO SOLUTION	0	1	664	0
empty08-5.scen	22	64	9	103	1	0	0.04	NO SOLUTION	0	1	2245	0
empty08-5.scen	22	64	9	103	2	0	0.07	NO SOLUTION	0	1	4484	0
empty08-5.scen	22	64	9	103	3	0.01	0.17	OK	223	56	15097	3842
empty08-5.scen	23	64	9	106	0	0	0.03	NO SOLUTION	0	1	679	0
empty08-5.scen	23	64	9	106	1	0	0.04	NO SOLUTION	0	1	2290	0
empty08-5.scen	23	64	9	106	2	0	0.07	NO SOLUTION	0	1	4600	0
empty08-5.scen	23	64	9	106	3	0.02	0.19	OK	477	187	15494	4248
empty08-5.scen	24	64	9	110	0	0	0.03	NO SOLUTION	0	1	706	0
empty08-5.scen	24	64	9	110	1	0	0.04	NO SOLUTION	0	1	2370	0
empty08-5.scen	24	64	9	110	2	0	0.07	NO SOLUTION	0	1	4790	0
empty08-5.scen	24	64	9	110	3	0.01	0.19	OK	564	177	16090	4480
empty08-5.scen	25	64	9	117	0	0	0.03	NO SOLUTION	0	1	778	0
empty08-5.scen	25	64	9	117	1	0	0.05	NO SOLUTION	0	1	1970	0
empty08-5.scen	25	64	9	117	2	0	0.08	NO SOLUTION	0	1	5185	0
empty08-5.scen	25	64	9	117	3	0.01	0.21	OK	440	110	17362	4855
empty08-5.scen	26	64	9	122	0	0	0.04	NO SOLUTION	0	1	809	0
empty08-5.scen	26	64	9	122	1	0	0.05	NO SOLUTION	0	1	2044	0
empty08-5.scen	26	64	9	122	2	0	0.08	NO SOLUTION	0	1	5386	0
empty08-5.scen	26	64	9	122	3	0.01	0.21	OK	429	130	18012	4937
empty08-5.scen	27	64	9	128	0	0	0.04	NO SOLUTION	0	1	847	0
empty08-5.scen	27	64	9	128	1	0	0.05	NO SOLUTION	0	1	2133	0
empty08-5.scen	27	64	9	128	2	0	0.09	NO SOLUTION	0	1	5614	0
empty08-5.scen	27	64	9	128	3	0.01	0.21	NO SOLUTION	160	71	9371	2622
empty08-5.scen	27	64	9	128	4	0.09	0.4	OK	1158	638	29450	8926
empty08-5.scen	28	64	9	134	0	0	0.04	NO SOLUTION	0	1	903	0
empty08-5.scen	28	64	9	134	1	0	0.05	NO SOLUTION	0	1	2273	0
empty08-5.scen	28	64	9	134	2	0	0.09	NO SOLUTION	0	1	5936	0
empty08-5.scen	28	64	9	134	3	0.01	0.24	NO SOLUTION	320	127	9875	2780
empty08-5.scen	28	64	9	134	4	0.04	0.35	NO SOLUTION	713	355	15465	4708
empty08-5.scen	28	64	9	134	5	0.18	0.58	OK	1434	788	42502	13230
empty08-5.scen	29	64	9	139	0	0	0.04	NO SOLUTION	0	1	942	0
empty08-5.scen	29	64	9	139	1	0	0.05	NO SOLUTION	0	1	2371	0
empty08-5.scen	29	64	9	139	2	0	0.09	NO SOLUTION	0	1	6168	0
empty08-5.scen	29	64	9	139	3	0.02	0.26	NO SOLUTION	388	176	10249	2895
empty08-5.scen	29	64	9	139	4	0.03	0.34	NO SOLUTION	472	245	15997	4869
empty08-5.scen	29	64	9	139	5	0.24	0.65	OK	1710	1092	43936	13646
empty08-5.scen	30	64	9	147	0	0	0.04	NO SOLUTION	0	1	1038	0
empty08-5.scen	30	64	9	147	1	0	0.06	NO SOLUTION	0	1	2586	0
empty08-5.scen	30	64	9	147	2	0	0.1	NO SOLUTION	0	1	6642	0
empty08-5.scen	30	64	9	147	3	0.05	0.3	NO SOLUTION	769	424	10972	3096
empty08-5.scen	30	64	9	147	4	0.06	0.41	NO SOLUTION	737	401	17049	5132
empty08-5.scen	30	64	9	147	5	0.11	0.52	NO SOLUTION	913	554	23351	7179
empty08-5.scen	30	64	9	147	6	1.5	2.1	OK	4360	3118	62312	19180
empty08-5.scen	31	64	9	155	0	0	0.04	NO SOLUTION	0	1	1098	0
empty08-5.scen	31	64	9	155	1	0	0.06	NO SOLUTION	0	1	2716	0
empty08-5.scen	31	64	9	155	2	0	0.1	NO SOLUTION	0	1	6963	0
empty08-5.scen	31	64	9	155	3	0.12	0.4	NO SOLUTION	1246	763	11492	3201
empty08-5.scen	31	64	9	155	4	0.21	0.59	NO SOLUTION	1439	935	17850	5289
empty08-5.scen	31	64	9	155	5	0.24	0.68	NO SOLUTION	1310	898	24459	7395
empty08-5.scen	31	64	9	155	6	1.22	1.79	NO SOLUTION	3058	2237	32622	9879
empty08-5.scen	31	64	9	155	7	2.06	2.78	OK	4632	3204	82140	25120
empty08-5.scen	32	64	9	160	0	0	0.04	NO SOLUTION	0	1	1129	0
empty08-5.scen	32	64	9	160	1	0	0.06	NO SOLUTION	0	1	2793	0
empty08-5.scen	32	64	9	160	2	0	0.11	NO SOLUTION	0	1	7171	0
empty08-5.scen	32	64	9	160	3	0.4	0.74	NO SOLUTION	3309	2419	11834	3187
empty08-5.scen	32	64	9	160	4	0.87	1.33	NO SOLUTION	4207	3128	18391	5298
empty08-5.scen	32	64	9	160	5	1.91	2.43	NO SOLUTION	7346	5764	25217	7445
empty08-5.scen	32	64	9	160	6	5.33	5.99	NO SOLUTION	11376	9075	33664	9998
empty08-5.scen	32	64	9	160	7	6.81	7.55	NO SOLUTION	11313	8821	42410	12762
empty08-5.scen	32	64	9	160	8	15.31	16.21	NO SOLUTION	19578	15211	52566	15866
empty08-5.scen	32	64	9	160	9	14.49	15.49	NO SOLUTION	13850	10537	62997	19179
empty08-5.scen	32	64	9	160	10	53.8	54.97	NO SOLUTION	39442	31115	74583	22761
empty08-5.scen	32	64	9	160	11	46.75	48.21	OK	31366	24258	172774	53032
empty08-5.scen	33	64	9	164	0	0	0.04	NO SOLUTION	0	1	1133	0
empty08-5.scen	33	64	9	164	1	0	0.06	NO SOLUTION	0	1	2822	0
empty08-5.scen	33	64	9	164	2	0	0.11	NO SOLUTION	0	1	7284	0
empty08-5.scen	33	64	9	164	3	0.8	1.18	NO SOLUTION	5880	4533	12036	3240
empty08-5.scen	33	64	9	164	4	1.07	1.57	NO SOLUTION	5823	4320	18751	5377
empty08-5.scen	33	64	9	164	5	2.97	3.53	NO SOLUTION	9744	7530	25753	7560
empty08-5.scen	33	64	9	164	6	8.33	9.03	NO SOLUTION	14704	11843	34457	10174
empty08-5.scen	33	64	9	164	7	12.27	13.05	NO SOLUTION	17460	13750	43478	13013
empty08-5.scen	33	64	9	164	8	16.73	17.68	NO SOLUTION	18012	14306	53978	16206
empty08-5.scen	33	64	9	164	9	18.79	19.86	NO SOLUTION	17131	13398	64765	19620
empty08-5.scen	33	64	9	164	10	89.02	90.26	NO SOLUTION	62280	50534	76742	23315
empty08-5.scen	33	64	9	164	11	31.09	32.45	NO SOLUTION	21733	16567	88942	27189
empty08-5.scen	33	64	9	164	12	61.85	63.56	OK	37770	29268	204006	62566
empty08-5.scen	34	64	9	170	0	0	0.05	NO SOLUTION	0	1	1185	0
empty08-5.scen	34	64	9	170	1	0	0.07	NO SOLUTION	0	1	2951	0
empty08-5.scen	34	64	9	170	2	0	0.11	NO SOLUTION	0	1	7571	0
empty08-5.scen	34	64	9	170	3	1.79	2.22	NO SOLUTION	12924	10253	12483	3358
empty08-5.scen	34	64	9	170	4	2.59	3.12	NO SOLUTION	12518	9811	19401	5549
empty08-5.scen	34	64	9	170	5	4.49	5.1	NO SOLUTION	13537	10455	26625	7795
empty08-5.scen	34	64	9	170	6	13.33	14.08	NO SOLUTION	23531	19116	35596	10474
empty08-5.scen	34	64	9	170	7	26.13	26.98	NO SOLUTION	35722	29237	44900	13395
empty08-5.scen	34	64	9	170	8	25.56	26.56	NO SOLUTION	25368	20247	55727	16676
empty08-5.scen	34	64	9	170	9	42.14	43.28	NO SOLUTION	38508	30125	66851	20191
empty08-5.scen	34	64	9	170	10	176.64	177.95	NO SOLUTION	113188	91511	79210	23992
