random40-5.scen	1	1291	16	16	0	0	0.06	OK	12	0	196	42
random40-5.scen	2	1291	33	49	0	0	0.11	OK	25	0	540	138
random40-5.scen	3	1291	33	60	0	0	0.08	OK	23	0	785	82
random40-5.scen	4	1291	33	91	0	0	0.09	OK	38	0	922	93
random40-5.scen	5	1291	33	107	0	0	0.1	OK	34	0	965	94
random40-5.scen	6	1291	63	170	0	0	0.34	OK	75	0	3007	192
random40-5.scen	7	1291	63	222	0	0	0.43	OK	92	0	4510	269
random40-5.scen	8	1291	63	252	0	0	0.48	OK	111	0	4684	289
random40-5.scen	9	1291	63	269	0	0	0.51	OK	114	0	4804	302
random40-5.scen	10	1291	63	295	0	0	0.55	OK	122	0	5040	331
random40-5.scen	11	1291	63	319	0	0	0.59	OK	132	0	5127	338
random40-5.scen	12	1291	63	355	0	0	0.71	OK	163	0	6190	395
random40-5.scen	13	1291	63	392	0	0	0.83	OK	171	0	6967	455
random40-5.scen	14	1291	63	433	0	0	0.94	OK	196	0	7945	519
random40-5.scen	15	1291	63	477	0	0	1.11	OK	213	0	9761	591
random40-5.scen	16	1291	63	506	0	0	1.17	OK	218	0	9920	604
random40-5.scen	17	1291	63	547	0	0	1.18	NO SOLUTION	0	1	5896	0
random40-5.scen	17	1291	63	547	1	0	1.35	NO SOLUTION	15	2	28091	1919
random40-5.scen	17	1291	63	547	2	0.01	2.31	OK	577	16	45455	6577
random40-5.scen	18	1291	63	576	0	0	1.24	NO SOLUTION	0	1	6000	0
random40-5.scen	18	1291	63	576	1	0	1.39	NO SOLUTION	14	2	28362	1957
random40-5.scen	18	1291	63	576	2	0.01	2.39	OK	668	17	46136	6768
random40-5.scen	19	1291	63	614	0	0	1.33	NO SOLUTION	0	1	6533	0
random40-5.scen	19	1291	63	614	1	0	1.51	NO SOLUTION	0	1	29601	2210
random40-5.scen	19	1291	63	614	2	0	2.56	NO SOLUTION	82	4	49000	6912
random40-5.scen	19	1291	63	614	3	0.02	2.77	NO SOLUTION	240	49	71163	12118
random40-5.scen	19	1291	63	614	4	0.04	3.96	OK	653	72	100311	19405
random40-5.scen	20	1291	63	633	0	0	1.39	NO SOLUTION	0	1	6703	0
random40-5.scen	20	1291	63	633	1	0	1.56	NO SOLUTION	0	1	29959	2290
random40-5.scen	20	1291	63	633	2	0.01	2.65	NO SOLUTION	113	11	49818	7120
random40-5.scen	20	1291	63	633	3	0.02	2.84	NO SOLUTION	263	55	72667	12509
random40-5.scen	20	1291	63	633	4	0.04	4.04	OK	675	72	102649	20053
random40-5.scen	21	1291	63	657	0	0	1.42	NO SOLUTION	0	1	6777	0
random40-5.scen	21	1291	63	657	1	0	1.6	NO SOLUTION	0	1	30177	2317
random40-5.scen	21	1291	63	657	2	0.01	2.72	NO SOLUTION	120	9	50313	7158
random40-5.scen	21	1291	63	657	3	0.02	2.93	NO SOLUTION	268	55	73647	12559
random40-5.scen	21	1291	63	657	4	0.04	4.16	OK	572	58	104446	20167
random40-5.scen	22	1291	63	688	0	0	1.47	NO SOLUTION	0	1	7002	0
random40-5.scen	22	1291	63	688	1	0	1.67	NO SOLUTION	0	1	30608	2411
random40-5.scen	22	1291	63	688	2	0.01	2.8	NO SOLUTION	130	9	51509	7454
random40-5.scen	22	1291	63	688	3	0.03	3.03	NO SOLUTION	267	57	75634	13067
random40-5.scen	22	1291	63	688	4	0.05	4.33	OK	624	65	107473	20951
random40-5.scen	23	1291	63	732	0	0	1.57	NO SOLUTION	0	1	7506	0
random40-5.scen	23	1291	63	732	1	0	1.8	NO SOLUTION	0	1	31866	2644
random40-5.scen	23	1291	63	732	2	0.01	2.97	NO SOLUTION	97	9	54529	7963
random40-5.scen	23	1291	63	732	3	0.03	3.22	NO SOLUTION	279	57	80446	14084
random40-5.scen	23	1291	63	732	4	0.05	4.54	OK	670	65	114751	22731
random40-5.scen	24	1291	63	769	0	0	1.69	NO SOLUTION	0	1	8106	0
random40-5.scen	24	1291	63	769	1	0	1.97	NO SOLUTION	0	1	33360	2882
random40-5.scen	24	1291	63	769	2	0.01	3.16	NO SOLUTION	92	9	57743	8643
random40-5.scen	24	1291	63	769	3	0.03	3.46	NO SOLUTION	264	57	85615	15280
random40-5.scen	24	1291	63	769	4	0.06	4.87	OK	717	66	122446	24635
random40-5.scen	25	1291	63	794	0	0	1.74	NO SOLUTION	0	1	8240	0
random40-5.scen	25	1291	63	794	1	0	2.02	NO SOLUTION	0	1	33644	2941
random40-5.scen	25	1291	63	794	2	0.01	3.28	NO SOLUTION	80	9	58615	8843
random40-5.scen	25	1291	63	794	3	0.03	3.55	NO SOLUTION	268	58	87237	15601
random40-5.scen	25	1291	63	794	4	0.05	4.98	OK	743	58	125152	25254
random40-5.scen	26	1291	63	832	0	0	1.91	NO SOLUTION	0	1	8761	0
random40-5.scen	26	1291	63	832	1	0	2.14	NO SOLUTION	0	1	34783	3160
random40-5.scen	26	1291	63	832	2	0.01	3.49	NO SOLUTION	83	9	61208	9407
random40-5.scen	26	1291	63	832	3	0.03	3.87	NO SOLUTION	239	56	91392	16540
random40-5.scen	26	1291	63	832	4	0.04	5.32	OK	744	49	131496	26793
random40-5.scen	27	1291	63	857	0	0	1.94	NO SOLUTION	0	1	8838	0
random40-5.scen	27	1291	63	857	1	0	2.19	NO SOLUTION	0	1	34979	3190
random40-5.scen	27	1291	63	857	2	0.01	3.52	NO SOLUTION	119	7	61810	9586
random40-5.scen	27	1291	63	857	3	0.02	3.94	NO SOLUTION	185	42	92405	16833
random40-5.scen	27	1291	63	857	4	0.05	5.39	OK	906	67	133082	27304
random40-5.scen	28	1291	63	883	0	0	1.98	NO SOLUTION	0	1	8947	0
random40-5.scen	28	1291	63	883	1	0	2.23	NO SOLUTION	0	1	35215	3245
random40-5.scen	28	1291	63	883	2	0.01	3.59	NO SOLUTION	118	7	62568	9735
random40-5.scen	28	1291	63	883	3	0.02	4.01	NO SOLUTION	204	43	93715	17092
random40-5.scen	28	1291	63	883	4	0.04	5.49	OK	775	52	135197	27819
random40-5.scen	29	1291	63	892	0	0	2.05	NO SOLUTION	0	1	9005	0
random40-5.scen	29	1291	63	892	1	0	2.3	NO SOLUTION	0	1	35345	3269
random40-5.scen	29	1291	63	892	2	0.01	3.67	NO SOLUTION	122	7	62870	9785
random40-5.scen	29	1291	63	892	3	0.02	4.07	NO SOLUTION	208	44	94214	17169
random40-5.scen	29	1291	63	892	4	0.07	5.61	OK	1051	70	136033	27940
random40-5.scen	30	1291	63	909	0	0	2.09	NO SOLUTION	0	1	9041	0
random40-5.scen	30	1291	63	909	1	0	2.34	NO SOLUTION	0	1	35433	3281
random40-5.scen	30	1291	63	909	2	0	3.78	NO SOLUTION	124	7	63276	9904
random40-5.scen	30	1291	63	909	3	0.02	4.17	NO SOLUTION	216	44	94973	17366
random40-5.scen	30	1291	63	909	4	0.05	5.72	OK	889	58	137328	28277
random40-5.scen	31	1291	63	933	0	0	2.16	NO SOLUTION	0	1	9238	0
random40-5.scen	31	1291	63	933	1	0	2.42	NO SOLUTION	0	1	35914	3383
random40-5.scen	31	1291	63	933	2	0	3.95	NO SOLUTION	134	7	64499	10199
random40-5.scen	31	1291	63	933	3	0.03	4.29	NO SOLUTION	222	47	96994	17876
random40-5.scen	31	1291	63	933	4	0.04	5.84	OK	828	51	140404	29124
random40-5.scen	32	1291	63	940	0	0	2.21	NO SOLUTION	0	1	9278	0
random40-5.scen	32	1291	63	940	1	0	2.47	NO SOLUTION	0	1	36004	3402
random40-5.scen	32	1291	63	940	2	0	4.05	NO SOLUTION	134	7	64736	10264
random40-5.scen	32	1291	63	940	3	0.03	4.38	NO SOLUTION	329	42	97388	17983
random40-5.scen	32	1291	63	940	4	0.06	5.95	OK	976	64	141035	29295
random40-5.scen	33	1291	63	977	0	0	2.26	NO SOLUTION	0	1	8837	0
random40-5.scen	33	1291	63	977	1	0	2.53	NO SOLUTION	0	1	36293	3443
random40-5.scen	33	1291	63	977	2	0	4.13	NO SOLUTION	147	7	65679	10535
random40-5.scen	33	1291	63	977	3	0.02	4.49	NO SOLUTION	319	41	99159	18412
random40-5.scen	33	1291	63	977	4	0.07	6.16	NO SOLUTION	643	86	143921	30071
random40-5.scen	33	1291	63	977	5	0.09	6.57	NO SOLUTION	499	92	191927	43422
random40-5.scen	33	1291	63	977	6	0.29	8.87	OK	1581	194	250839	61465
random40-5.scen	34	1291	63	1008	0	0	2.34	NO SOLUTION	0	1	9100	0
random40-5.scen	34	1291	63	1008	1	0	2.63	NO SOLUTION	0	1	36944	3571
random40-5.scen	34	1291	63	1008	2	0.01	4.32	NO SOLUTION	86	7	67212	10864
random40-5.scen	34	1291	63	1008	3	0.02	4.66	NO SOLUTION	313	40	101753	18963
random40-5.scen	34	1291	63	1008	4	0.05	6.3	NO SOLUTION	258	56	148029	31057
random40-5.scen	34	1291	63	1008	5	0.11	6.83	NO SOLUTION	538	115	197651	44933
random40-5.scen	34	1291	63	1008	6	0.24	9.01	OK	1533	182	258448	63673
random40-5.scen	35	1291	63	1047	0	0	2.43	NO SOLUTION	0	1	9540	0
random40-5.scen	35	1291	63	1047	1	0	2.8	NO SOLUTION	0	1	38092	3801
random40-5.scen	35	1291	63	1047	2	0.01	4.47	NO SOLUTION	104	7	69790	11380
random40-5.scen	35	1291	63	1047	3	0.02	4.81	NO SOLUTION	363	44	105890	19879
random40-5.scen	35	1291	63	1047	4	0.09	6.62	NO SOLUTION	749	88	154107	32547
random40-5.scen	35	1291	63	1047	5	0.12	7.08	NO SOLUTION	500	128	205766	47140
random40-5.scen	35	1291	63	1047	6	0.19	9.39	OK	1473	142	268940	66697
random40-5.scen	36	1291	63	1085	0	0	2.58	NO SOLUTION	0	1	10066	0
random40-5.scen	36	1291	63	1085	1	0	2.92	NO SOLUTION	0	1	39383	4031
random40-5.scen	36	1291	63	1085	2	0.01	4.68	NO SOLUTION	97	5	72719	12042
random40-5.scen	36	1291	63	1085	3	0.04	5.07	NO SOLUTION	475	55	110709	21087
random40-5.scen	36	1291	63	1085	4	0.05	6.85	NO SOLUTION	265	59	161232	34517
random40-5.scen	36	1291	63	1085	5	0.11	7.41	NO SOLUTION	578	126	215284	50099
random40-5.scen	36	1291	63	1085	6	0.2	9.32	OK	1461	141	281185	70741
random40-5.scen	37	1291	63	1111	0	0	2.71	NO SOLUTION	0	1	10374	0
random40-5.scen	37	1291	63	1111	1	0	3.01	NO SOLUTION	0	1	40144	4170
random40-5.scen	37	1291	63	1111	2	0.01	4.78	NO SOLUTION	100	5	74317	12164
random40-5.scen	37	1291	63	1111	3	0.04	5.19	NO SOLUTION	523	56	113193	21330
random40-5.scen	37	1291	63	1111	4	0.11	7.07	NO SOLUTION	946	103	164946	34954
random40-5.scen	37	1291	63	1111	5	0.12	7.63	NO SOLUTION	522	121	220378	50809
random40-5.scen	37	1291	63	1111	6	0.2	9.61	OK	1541	142	287942	72019
random40-5.scen	38	1291	63	1140	0	0	2.76	NO SOLUTION	0	1	10530	0
random40-5.scen	38	1291	63	1140	1	0	3.09	NO SOLUTION	0	1	40497	4258
random40-5.scen	38	1291	63	1140	2	0.01	4.89	NO SOLUTION	102	5	75376	12479
random40-5.scen	38	1291	63	1140	3	0.03	5.3	NO SOLUTION	413	44	114944	21864
random40-5.scen	38	1291	63	1140	4	0.08	7.24	NO SOLUTION	637	84	167635	35847
random40-5.scen	38	1291	63	1140	5	0.11	7.78	NO SOLUTION	567	123	224007	52042
random40-5.scen	38	1291	63	1140	6	0.23	9.79	OK	1532	159	292803	73664
random40-5.scen	39	1291	63	1162	0	0	2.83	NO SOLUTION	0	1	10605	0
random40-5.scen	39	1291	63	1162	1	0	3.16	NO SOLUTION	0	1	40700	4293
random40-5.scen	39	1291	63	1162	2	0.01	4.99	NO SOLUTION	101	5	76091	12630
random40-5.scen	39	1291	63	1162	3	0.04	5.43	NO SOLUTION	497	52	116180	22173
random40-5.scen	39	1291	63	1162	4	0.1	7.39	NO SOLUTION	794	93	169619	36405
random40-5.scen	39	1291	63	1162	5	0.1	7.95	NO SOLUTION	537	123	226776	52847
random40-5.scen	39	1291	63	1162	6	0.23	9.99	OK	1592	150	296498	74773
random40-5.scen	40	1291	63	1200	0	0	2.89	NO SOLUTION	0	1	10811	0
random40-5.scen	40	1291	63	1200	1	0	3.24	NO SOLUTION	0	1	41116	4402
random40-5.scen	40	1291	63	1200	2	0.01	5.1	NO SOLUTION	103	4	77360	13032
random40-5.scen	40	1291	63	1200	3	0.03	5.54	NO SOLUTION	464	51	118242	22868
random40-5.scen	40	1291	63	1200	4	0.07	7.7	NO SOLUTION	512	78	172876	37518
random40-5.scen	40	1291	63	1200	5	0.12	8.19	NO SOLUTION	582	101	231436	54347
random40-5.scen	40	1291	63	1200	6	0.28	10.28	OK	1629	163	302996	76898
random40-5.scen	41	1291	63	1220	0	0	2.96	NO SOLUTION	0	1	10932	0
random40-5.scen	41	1291	63	1220	1	0	3.34	NO SOLUTION	0	1	41388	4477
random40-5.scen	41	1291	63	1220	2	0.01	5.17	NO SOLUTION	94	4	78166	13171
random40-5.scen	41	1291	63	1220	3	0.03	5.68	NO SOLUTION	468	48	119569	23059
random40-5.scen	41	1291	63	1220	4	0.12	7.8	NO SOLUTION	945	124	174938	37880
random40-5.scen	41	1291	63	1220	5	0.14	8.56	NO SOLUTION	618	116	234301	54825
random40-5.scen	41	1291	63	1220	6	0.31	10.61	NO SOLUTION	876	199	306882	77472
random40-5.scen	41	1291	63	1220	7	0.58	11.49	OK	2282	323	382339	101843
random40-5.scen	42	1291	63	1233	0	0	3.04	NO SOLUTION	0	1	11044	0
random40-5.scen	42	1291	63	1233	1	0	3.38	NO SOLUTION	0	1	41666	4538
random40-5.scen	42	1291	63	1233	2	0.01	5.33	NO SOLUTION	92	4	78895	13100
random40-5.scen	42	1291	63	1233	3	0.03	5.79	NO SOLUTION	481	51	120785	22924
random40-5.scen	42	1291	63	1233	4	0.11	7.9	NO SOLUTION	642	114	176851	37871
random40-5.scen	42	1291	63	1233	5	0.18	8.57	NO SOLUTION	691	132	236925	54979
random40-5.scen	42	1291	63	1233	6	0.36	10.89	NO SOLUTION	965	199	310253	77967
random40-5.scen	42	1291	63	1233	7	0.39	11.55	OK	1963	259	386448	102704
random40-5.scen	43	1291	63	1262	0	0	3.17	NO SOLUTION	0	1	11477	0
random40-5.scen	43	1291	63	1262	1	0	3.53	NO SOLUTION	0	1	42746	4714
random40-5.scen	43	1291	63	1262	2	0.01	5.5	NO SOLUTION	97	4	81352	13603
random40-5.scen	43	1291	63	1262	3	0.05	5.97	NO SOLUTION	346	51	124793	23808
random40-5.scen	43	1291	63	1262	4	0.1	8.16	NO SOLUTION	514	99	182810	39316
random40-5.scen	43	1291	63	1262	5	0.17	9.12	NO SOLUTION	733	135	244857	57131
random40-5.scen	43	1291	63	1262	6	0.35	11.17	NO SOLUTION	934	242	320404	81195
random40-5.scen	43	1291	63	1262	7	0.48	11.96	OK	2058	233	398702	107039
random40-5.scen	44	1291	63	1294	0	0	3.27	NO SOLUTION	0	1	11842	0
random40-5.scen	44	1291	63	1294	1	0	3.62	NO SOLUTION	0	1	43727	4891
random40-5.scen	44	1291	63	1294	2	0.01	5.69	NO SOLUTION	99	6	83694	14141
random40-5.scen	44	1291	63	1294	3	0.04	6.18	NO SOLUTION	347	50	128697	24790
random40-5.scen	44	1291	63	1294	4	0.1	8.64	NO SOLUTION	329	104	188605	41098
random40-5.scen	44	1291	63	1294	5	0.16	9.34	NO SOLUTION	655	124	252488	59813
random40-5.scen	44	1291	63	1294	6	0.36	11.42	NO SOLUTION	977	213	330006	84850
random40-5.scen	44	1291	63	1294	7	0.28	12.06	OK	1668	160	410186	111531
random40-5.scen	45	1291	63	1337	0	0	3.37	NO SOLUTION	0	1	12397	0
random40-5.scen	45	1291	63	1337	1	0	3.79	NO SOLUTION	0	1	45160	5135
random40-5.scen	45	1291	63	1337	2	0.01	5.87	NO SOLUTION	103	6	86786	14796
random40-5.scen	45	1291	63	1337	3	0.05	6.39	NO SOLUTION	362	50	133672	25898
random40-5.scen	45	1291	63	1337	4	0.15	8.71	NO SOLUTION	1046	117	195783	43007
random40-5.scen	45	1291	63	1337	5	0.18	9.34	NO SOLUTION	690	128	262044	62516
random40-5.scen	45	1291	63	1337	6	0.34	11.81	NO SOLUTION	1384	207	342270	88807
random40-5.scen	45	1291	63	1337	7	0.61	12.76	OK	2519	259	425359	116678
random40-5.scen	46	1291	63	1370	0	0	3.45	NO SOLUTION	0	1	12661	0
random40-5.scen	46	1291	63	1370	1	0	3.87	NO SOLUTION	0	1	45705	5288
random40-5.scen	46	1291	63	1370	2	0.01	5.98	NO SOLUTION	106	6	88296	15308
random40-5.scen	46	1291	63	1370	3	0.05	6.62	NO SOLUTION	375	50	135937	26804
random40-5.scen	46	1291	63	1370	4	0.15	8.93	NO SOLUTION	1022	130	199060	44325
random40-5.scen	46	1291	63	1370	5	0.2	9.6	NO SOLUTION	704	141	266399	64118
random40-5.scen	46	1291	63	1370	6	0.33	11.99	NO SOLUTION	752	188	348057	90841
random40-5.scen	46	1291	63	1370	7	0.42	12.93	OK	2598	199	432668	119063
random40-5.scen	47	1291	63	1379	0	0	3.51	NO SOLUTION	0	1	12670	0
random40-5.scen	47	1291	63	1379	1	0	3.95	NO SOLUTION	0	1	45761	5289
random40-5.scen	47	1291	63	1379	2	0.01	6.1	NO SOLUTION	108	6	88503	15374
random40-5.scen	47	1291	63	1379	3	0.05	6.72	NO SOLUTION	360	50	136305	26923
random40-5.scen	47	1291	63	1379	4	0.16	9.04	NO SOLUTION	1133	131	199727	44521
random40-5.scen	47	1291	63	1379	5	0.21	9.7	NO SOLUTION	805	118	267390	64402
random40-5.scen	47	1291	63	1379	6	0.38	12.18	NO SOLUTION	1083	211	349472	91235
random40-5.scen	47	1291	63	1379	7	0.59	13.36	NO SOLUTION	1061	231	434535	119582
random40-5.scen	47	1291	63	1379	8	0.94	16.57	OK	2427	271	532103	154142
random40-5.scen	48	1291	63	1403	0	0	3.59	NO SOLUTION	0	1	12859	0
random40-5.scen	48	1291	63	1403	1	0	4.06	NO SOLUTION	0	1	46211	5387
random40-5.scen	48	1291	63	1403	2	0.02	6.26	NO SOLUTION	108	6	89755	15643
random40-5.scen	48	1291	63	1403	3	0.05	6.87	NO SOLUTION	369	49	138464	27401
random40-5.scen	48	1291	63	1403	4	0.16	9.21	NO SOLUTION	1154	134	203163	45367
random40-5.scen	48	1291	63	1403	5	0.18	9.94	NO SOLUTION	524	126	272217	65724
random40-5.scen	48	1291	63	1403	6	0.38	12.49	NO SOLUTION	1025	196	355865	93151
random40-5.scen	48	1291	63	1403	7	0.85	13.95	NO SOLUTION	1164	276	442408	122268
random40-5.scen	48	1291	63	1403	8	0.79	16.68	OK	2539	283	541558	157694
random40-5.scen	49	1291	63	1412	0	0	3.69	NO SOLUTION	0	1	12909	0
random40-5.scen	49	1291	63	1412	1	0	4.13	NO SOLUTION	0	1	46348	5413
random40-5.scen	49	1291	63	1412	2	0.01	6.34	NO SOLUTION	106	6	90076	15502
random40-5.scen	49	1291	63	1412	3	0.05	6.99	NO SOLUTION	378	50	139001	27189
random40-5.scen	49	1291	63	1412	4	0.16	9.41	NO SOLUTION	1155	126	203996	45140
random40-5.scen	49	1291	63	1412	5	0.18	10.04	NO SOLUTION	454	111	273399	65444
random40-5.scen	49	1291	63	1412	6	0.38	12.67	NO SOLUTION	1011	198	357529	92833
random40-5.scen	49	1291	63	1412	7	0.8	14.05	NO SOLUTION	1164	311	444615	121961
random40-5.scen	49	1291	63	1412	8	0.6	16.78	OK	2118	195	544536	157546
random40-5.scen	50	1291	63	1436	0	0	3.74	NO SOLUTION	0	1	13035	0
random40-5.scen	50	1291	63	1436	1	0	4.21	NO SOLUTION	0	1	46578	5478
random40-5.scen	50	1291	63	1436	2	0.01	6.54	NO SOLUTION	109	6	90968	15663
random40-5.scen	50	1291	63	1436	3	0.05	7.17	NO SOLUTION	390	50	140542	27487
random40-5.scen	50	1291	63	1436	4	0.17	9.61	NO SOLUTION	1256	129	206556	45782
random40-5.scen	50	1291	63	1436	5	0.21	10.32	NO SOLUTION	624	146	276958	66475
random40-5.scen	50	1291	63	1436	6	0.42	12.96	NO SOLUTION	1060	175	362346	94329
random40-5.scen	50	1291	63	1436	7	0.74	14.27	NO SOLUTION	1074	248	450690	123872
random40-5.scen	50	1291	63	1436	8	1.49	18.08	NO SOLUTION	1544	441	552140	159934
