random32-5.scen	1	819	40	40	0	0	0.07	OK	13	0	1223	61
random32-5.scen	2	819	40	65	0	0	0.09	OK	27	0	1356	73
random32-5.scen	3	819	40	83	0	0	0.09	OK	32	0	1412	77
random32-5.scen	4	819	40	115	0	0	0.15	OK	44	0	2007	117
random32-5.scen	5	819	40	139	0	0	0.16	OK	54	0	2228	145
random32-5.scen	6	819	40	173	0	0	0.2	OK	71	0	2830	184
random32-5.scen	7	819	40	191	0	0	0.21	OK	75	0	3015	193
random32-5.scen	8	819	40	220	0	0	0.21	NO SOLUTION	0	1	1908	0
random32-5.scen	8	819	40	220	1	0	0.25	OK	109	1	8783	653
random32-5.scen	9	819	40	244	0	0	0.24	NO SOLUTION	0	1	2117	0
random32-5.scen	9	819	40	244	1	0	0.28	OK	125	1	9736	730
random32-5.scen	10	819	49	293	0	0	0.41	NO SOLUTION	0	1	2950	0
random32-5.scen	10	819	49	293	1	0	0.49	OK	148	2	14179	957
random32-5.scen	11	819	49	304	0	0	0.43	NO SOLUTION	0	1	2967	0
random32-5.scen	11	819	49	304	1	0	0.51	OK	144	2	14256	962
random32-5.scen	12	819	49	320	0	0	0.45	NO SOLUTION	0	1	3085	0
random32-5.scen	12	819	49	320	1	0	0.54	OK	162	2	14720	1002
random32-5.scen	13	819	49	337	0	0	0.48	NO SOLUTION	0	1	3124	0
random32-5.scen	13	819	49	337	1	0	0.56	OK	157	2	14861	1016
random32-5.scen	14	819	49	357	0	0	0.52	NO SOLUTION	0	1	3269	0
random32-5.scen	14	819	49	357	1	0	0.6	NO SOLUTION	0	1	15564	1104
random32-5.scen	14	819	49	357	2	0	0.99	NO SOLUTION	38	7	32119	3418
random32-5.scen	14	819	49	357	3	0.01	1.12	OK	218	16	43579	6255
random32-5.scen	15	819	49	384	0	0	0.55	NO SOLUTION	0	1	3532	0
random32-5.scen	15	819	49	384	1	0	0.64	NO SOLUTION	0	1	16744	1198
random32-5.scen	15	819	49	384	2	0	1.09	NO SOLUTION	42	7	33540	3745
random32-5.scen	15	819	49	384	3	0.02	1.2	OK	341	25	45741	6796
random32-5.scen	16	819	49	388	0	0	0.57	NO SOLUTION	0	1	3536	0
random32-5.scen	16	819	49	388	1	0	0.67	NO SOLUTION	0	1	16770	1199
random32-5.scen	16	819	49	388	2	0	1.12	NO SOLUTION	43	7	33654	3754
random32-5.scen	16	819	49	388	3	0.02	1.23	OK	321	25	45979	6803
random32-5.scen	17	819	49	404	0	0	0.6	NO SOLUTION	0	1	3655	0
random32-5.scen	17	819	49	404	1	0	0.69	NO SOLUTION	0	1	17339	1243
random32-5.scen	17	819	49	404	2	0	1.16	NO SOLUTION	56	7	34294	3891
random32-5.scen	17	819	49	404	3	0.02	1.27	OK	277	27	47093	6984
random32-5.scen	18	819	49	428	0	0	0.62	NO SOLUTION	0	1	3733	0
random32-5.scen	18	819	49	428	1	0	0.72	NO SOLUTION	0	1	17595	1270
random32-5.scen	18	819	49	428	2	0	1.21	NO SOLUTION	57	7	34889	4047
random32-5.scen	18	819	49	428	3	0.02	1.35	OK	292	21	48176	7244
random32-5.scen	19	819	49	464	0	0	0.67	NO SOLUTION	0	1	4120	0
random32-5.scen	19	819	49	464	1	0	0.77	NO SOLUTION	0	1	19484	1406
random32-5.scen	19	819	49	464	2	0	1.31	NO SOLUTION	46	5	37068	4425
random32-5.scen	19	819	49	464	3	0.01	1.45	OK	295	23	51650	8025
random32-5.scen	20	819	49	481	0	0	0.68	NO SOLUTION	0	1	4176	0
random32-5.scen	20	819	49	481	1	0	0.8	NO SOLUTION	0	1	19649	1427
random32-5.scen	20	819	49	481	2	0	1.36	NO SOLUTION	47	5	37555	4540
random32-5.scen	20	819	49	481	3	0.02	1.51	OK	333	17	52660	8234
random32-5.scen	21	819	49	508	0	0	0.74	NO SOLUTION	0	1	4502	0
random32-5.scen	21	819	49	508	1	0	0.86	NO SOLUTION	0	1	21167	1533
random32-5.scen	21	819	49	508	2	0	1.48	NO SOLUTION	55	5	39302	4900
random32-5.scen	21	819	49	508	3	0.03	1.65	OK	397	24	55960	8950
random32-5.scen	22	819	49	513	0	0	0.77	NO SOLUTION	0	1	4507	0
random32-5.scen	22	819	49	513	1	0	0.89	NO SOLUTION	0	1	21199	1534
random32-5.scen	22	819	49	513	2	0.01	1.5	NO SOLUTION	56	5	39380	4927
random32-5.scen	22	819	49	513	3	0.02	1.67	OK	407	25	56124	9002
random32-5.scen	23	819	49	543	0	0	0.83	NO SOLUTION	0	1	4984	0
random32-5.scen	23	819	49	543	1	0	1	NO SOLUTION	0	1	23529	1676
random32-5.scen	23	819	49	543	2	0	1.62	NO SOLUTION	21	3	41726	5424
random32-5.scen	23	819	49	543	3	0.03	1.85	OK	383	23	59813	9878
random32-5.scen	24	819	49	572	0	0	0.91	NO SOLUTION	0	1	5292	0
random32-5.scen	24	819	49	572	1	0	1.04	NO SOLUTION	0	1	24972	1786
random32-5.scen	24	819	49	572	2	0	1.71	NO SOLUTION	25	2	43395	5784
random32-5.scen	24	819	49	572	3	0.03	1.96	OK	420	23	62715	10553
random32-5.scen	25	819	49	601	0	0	0.95	NO SOLUTION	0	1	5583	0
random32-5.scen	25	819	49	601	1	0	1.11	NO SOLUTION	0	1	26211	1878
random32-5.scen	25	819	49	601	2	0	1.83	NO SOLUTION	34	2	44870	6101
random32-5.scen	25	819	49	601	3	0.02	2.02	OK	359	20	65088	11078
random32-5.scen	26	819	49	620	0	0	0.98	NO SOLUTION	0	1	5719	0
random32-5.scen	26	819	49	620	1	0	1.15	NO SOLUTION	0	1	26781	1943
random32-5.scen	26	819	49	620	2	0	1.9	NO SOLUTION	38	2	45759	6249
random32-5.scen	26	819	49	620	3	0.01	2.1	NO SOLUTION	106	19	66598	11464
random32-5.scen	26	819	49	620	4	0.04	2.84	OK	461	42	93848	18651
random32-5.scen	27	819	49	656	0	0	1.05	NO SOLUTION	0	1	6280	0
random32-5.scen	27	819	49	656	1	0	1.23	NO SOLUTION	0	1	29053	2089
random32-5.scen	27	819	49	656	2	0	2	NO SOLUTION	37	4	48360	6811
random32-5.scen	27	819	49	656	3	0.01	2.21	NO SOLUTION	76	10	70789	12555
random32-5.scen	27	819	49	656	4	0.07	3.02	NO SOLUTION	520	64	99957	20458
random32-5.scen	27	819	49	656	5	0.1	3.33	OK	1051	88	131086	29291
random32-5.scen	28	819	49	667	0	0	1.07	NO SOLUTION	0	1	6354	0
random32-5.scen	28	819	49	667	1	0	1.27	NO SOLUTION	0	1	29312	2120
random32-5.scen	28	819	49	667	2	0	2.03	NO SOLUTION	39	4	48700	6919
random32-5.scen	28	819	49	667	3	0.01	2.26	NO SOLUTION	80	10	71545	12790
random32-5.scen	28	819	49	667	4	0.04	3.08	NO SOLUTION	480	52	101124	20845
random32-5.scen	28	819	49	667	5	0.11	3.37	OK	1064	105	132655	29861
random32-5.scen	29	819	49	693	0	0	1.11	NO SOLUTION	0	1	6481	0
random32-5.scen	29	819	49	693	1	0	1.31	NO SOLUTION	0	1	29593	2195
random32-5.scen	29	819	49	693	2	0	2.12	NO SOLUTION	0	1	49443	7802
random32-5.scen	29	819	49	693	3	0	2.31	NO SOLUTION	0	1	72817	13988
random32-5.scen	29	819	49	693	4	0.01	3.12	NO SOLUTION	43	7	103157	20935
random32-5.scen	29	819	49	693	5	0.04	3.46	NO SOLUTION	305	56	135562	30075
random32-5.scen	29	819	49	693	6	0.09	4.48	NO SOLUTION	697	98	174963	41921
random32-5.scen	29	819	49	693	7	0.17	4.93	NO SOLUTION	898	148	215761	54777
random32-5.scen	29	819	49	693	8	0.37	6.05	NO SOLUTION	1667	228	262431	70484
random32-5.scen	29	819	49	693	9	0.41	6.6	OK	1947	227	309903	86753
random32-5.scen	30	819	49	738	0	0	1.18	NO SOLUTION	0	1	7094	0
random32-5.scen	30	819	49	738	1	0	1.38	NO SOLUTION	0	1	31035	2450
random32-5.scen	30	819	49	738	2	0	2.25	NO SOLUTION	0	1	52649	8499
random32-5.scen	30	819	49	738	3	0	2.48	NO SOLUTION	0	1	78192	15314
random32-5.scen	30	819	49	738	4	0.01	3.37	NO SOLUTION	42	7	111321	22778
random32-5.scen	30	819	49	738	5	0.04	3.68	NO SOLUTION	307	56	146688	32782
random32-5.scen	30	819	49	738	6	0.07	4.75	NO SOLUTION	288	72	189630	45762
random32-5.scen	30	819	49	738	7	0.19	5.25	NO SOLUTION	963	137	234013	59784
random32-5.scen	30	819	49	738	8	0.38	6.54	NO SOLUTION	1313	227	284526	76842
random32-5.scen	30	819	49	738	9	0.5	7.03	OK	2544	193	335864	94581
random32-5.scen	31	819	49	768	0	0	1.25	NO SOLUTION	0	1	7425	0
random32-5.scen	31	819	49	768	1	0	1.43	NO SOLUTION	0	1	31726	2610
random32-5.scen	31	819	49	768	2	0	2.33	NO SOLUTION	0	1	54648	9250
random32-5.scen	31	819	49	768	3	0	2.6	NO SOLUTION	0	1	80822	16341
random32-5.scen	31	819	49	768	4	0.01	3.5	NO SOLUTION	45	7	115169	23347
random32-5.scen	31	819	49	768	5	0.03	3.83	NO SOLUTION	136	26	151828	33689
random32-5.scen	31	819	49	768	6	0.05	4.93	NO SOLUTION	253	62	196341	47275
random32-5.scen	31	819	49	768	7	0.1	5.37	NO SOLUTION	544	90	242357	61945
random32-5.scen	31	819	49	768	8	0.19	6.56	NO SOLUTION	827	186	294767	79721
random32-5.scen	31	819	49	768	9	0.19	7.1	NO SOLUTION	713	162	348106	98276
random32-5.scen	31	819	49	768	10	0.54	8.6	NO SOLUTION	1552	296	407452	119384
random32-5.scen	31	819	49	768	11	0.85	9.81	NO SOLUTION	2322	476	452869	140769
random32-5.scen	31	819	49	768	12	2.9	12.92	NO SOLUTION	8045	789	518681	164201
random32-5.scen	31	819	49	768	13	4.19	15.04	OK	4831	1250	585516	187019
random32-5.scen	32	819	49	787	0	0	1.27	NO SOLUTION	0	1	7512	0
random32-5.scen	32	819	49	787	1	0	1.46	NO SOLUTION	0	1	31899	2648
random32-5.scen	32	819	49	787	2	0	2.41	NO SOLUTION	0	1	55357	9405
random32-5.scen	32	819	49	787	3	0	2.67	NO SOLUTION	0	1	82124	16612
random32-5.scen	32	819	49	787	4	0.01	3.6	NO SOLUTION	44	7	117464	23858
random32-5.scen	32	819	49	787	5	0.03	4.03	NO SOLUTION	140	26	155177	34465
random32-5.scen	32	819	49	787	6	0.08	5.07	NO SOLUTION	427	92	200873	48479
random32-5.scen	32	819	49	787	7	0.11	5.49	NO SOLUTION	604	84	248105	63657
random32-5.scen	32	819	49	787	8	0.16	6.73	NO SOLUTION	766	162	301844	82131
random32-5.scen	32	819	49	787	9	0.34	7.45	NO SOLUTION	1531	263	356535	101266
random32-5.scen	32	819	49	787	10	0.54	9.07	NO SOLUTION	1532	329	417354	122932
random32-5.scen	32	819	49	787	11	1.16	10.33	NO SOLUTION	2661	641	464224	144844
random32-5.scen	32	819	49	787	12	2.67	12.95	NO SOLUTION	4724	1046	531490	168834
random32-5.scen	32	819	49	787	13	3.33	14.44	OK	5471	961	599783	192110
random32-5.scen	33	819	49	802	0	0	1.32	NO SOLUTION	0	1	7636	0
random32-5.scen	33	819	49	802	1	0	1.51	NO SOLUTION	0	1	32155	2709
random32-5.scen	33	819	49	802	2	0	2.48	NO SOLUTION	0	1	55995	9574
random32-5.scen	33	819	49	802	3	0	2.72	NO SOLUTION	0	1	83191	16892
random32-5.scen	33	819	49	802	4	0.01	3.69	NO SOLUTION	46	7	119177	24321
random32-5.scen	33	819	49	802	5	0.03	4.11	NO SOLUTION	144	26	157653	35136
random32-5.scen	33	819	49	802	6	0.06	5.2	NO SOLUTION	262	36	204306	49506
random32-5.scen	33	819	49	802	7	0.1	5.62	NO SOLUTION	577	80	252460	65110
random32-5.scen	33	819	49	802	8	0.18	6.98	NO SOLUTION	791	126	307223	84103
random32-5.scen	33	819	49	802	9	0.25	7.57	NO SOLUTION	719	170	362867	103532
random32-5.scen	33	819	49	802	10	0.52	9.22	NO SOLUTION	2294	300	409880	125758
random32-5.scen	33	819	49	802	11	0.98	10.43	NO SOLUTION	3070	491	472648	147746
random32-5.scen	33	819	49	802	12	2.71	13.29	NO SOLUTION	7545	782	541230	171934
random32-5.scen	33	819	49	802	13	3.95	15.33	OK	10717	1448	611002	195476
random32-5.scen	34	819	49	835	0	0	1.34	NO SOLUTION	0	1	7817	0
random32-5.scen	34	819	49	835	1	0	1.55	NO SOLUTION	0	1	32535	2780
random32-5.scen	34	819	49	835	2	0	2.55	NO SOLUTION	0	1	57231	9882
random32-5.scen	34	819	49	835	3	0	2.83	NO SOLUTION	0	1	85246	17465
random32-5.scen	34	819	49	835	4	0.01	3.89	NO SOLUTION	59	17	122670	24794
random32-5.scen	34	819	49	835	5	0.03	4.25	NO SOLUTION	138	24	162504	36058
random32-5.scen	34	819	49	835	6	0.09	5.41	NO SOLUTION	608	85	210865	50996
random32-5.scen	34	819	49	835	7	0.16	5.9	NO SOLUTION	897	151	260738	67246
random32-5.scen	34	819	49	835	8	0.18	7.24	NO SOLUTION	695	138	317559	87059
random32-5.scen	34	819	49	835	9	0.23	7.85	NO SOLUTION	599	142	375259	107376
random32-5.scen	34	819	49	835	10	0.38	9.19	NO SOLUTION	1812	243	424565	130435
random32-5.scen	34	819	49	835	11	0.83	10.34	NO SOLUTION	2290	354	489658	153209
random32-5.scen	34	819	49	835	12	1.1	12.08	NO SOLUTION	3147	558	560866	178214
random32-5.scen	34	819	49	835	13	2.47	14.32	NO SOLUTION	5702	1105	633273	202678
