random32-3.scen	1	819	33	33	0	0	0.06	OK	22	0	435	89
random32-3.scen	2	819	33	39	0	0	0.06	OK	23	0	454	89
random32-3.scen	3	819	36	75	0	0	0.1	OK	40	0	1641	96
random32-3.scen	4	819	40	115	0	0	0.14	OK	55	0	2211	131
random32-3.scen	5	819	40	141	0	0	0.18	OK	53	0	2429	159
random32-3.scen	6	819	40	152	0	0	0.17	OK	53	0	2440	159
random32-3.scen	7	819	40	182	0	0	0.22	OK	73	0	3155	211
random32-3.scen	8	819	40	197	0	0	0.23	OK	82	0	3239	222
random32-3.scen	9	819	40	216	0	0	0.26	OK	89	0	3473	248
random32-3.scen	10	819	40	236	0	0	0.28	OK	90	0	3644	255
random32-3.scen	11	819	40	257	0	0	0.31	OK	105	0	4046	281
random32-3.scen	12	819	40	295	0	0	0.34	OK	123	0	4337	311
random32-3.scen	13	819	40	307	0	0	0.35	OK	127	0	4399	308
random32-3.scen	14	819	40	336	0	0	0.39	OK	135	0	4657	333
random32-3.scen	15	819	40	374	0	0	0.41	OK	159	0	4948	363
random32-3.scen	16	819	40	395	0	0	0.43	OK	162	0	5029	368
random32-3.scen	17	819	40	409	0	0	0.46	OK	173	0	5168	382
random32-3.scen	18	819	40	429	0	0	0.47	OK	183	0	5257	383
random32-3.scen	19	819	40	441	0	0	0.5	OK	182	0	5343	389
random32-3.scen	20	819	40	455	0	0	0.53	OK	190	0	5442	401
random32-3.scen	21	819	40	484	0	0	0.54	OK	192	0	5601	412
random32-3.scen	22	819	40	492	0	0	0.56	OK	193	0	5635	409
random32-3.scen	23	819	40	505	0	0	0.58	OK	193	0	5648	409
random32-3.scen	24	819	47	552	0	0	0.81	OK	214	0	6595	472
random32-3.scen	25	819	47	571	0	0	0.83	OK	221	0	6657	475
random32-3.scen	26	819	47	607	0	0	0.91	OK	241	0	7443	526
random32-3.scen	27	819	47	630	0	0	0.96	OK	240	0	7597	541
random32-3.scen	28	819	47	662	0	0	1	NO SOLUTION	0	1	7808	590
random32-3.scen	28	819	47	662	1	0	1.11	OK	287	1	23983	1786
random32-3.scen	29	819	47	678	0	0	1.02	NO SOLUTION	0	1	7905	601
random32-3.scen	29	819	47	678	1	0	1.16	OK	286	1	24378	1823
random32-3.scen	30	819	47	689	0	0	1.05	NO SOLUTION	0	1	7945	604
random32-3.scen	30	819	47	689	1	0	1.19	OK	293	1	24528	1838
random32-3.scen	31	819	47	704	0	0	1.08	NO SOLUTION	0	1	7959	602
random32-3.scen	31	819	47	704	1	0	1.22	OK	284	1	24620	1839
random32-3.scen	32	819	47	717	0	0	1.11	NO SOLUTION	0	1	7986	602
random32-3.scen	32	819	47	717	1	0	1.26	OK	285	1	24728	1840
random32-3.scen	33	819	47	725	0	0	1.14	NO SOLUTION	0	1	8013	604
random32-3.scen	33	819	47	725	1	0.01	1.28	OK	293	1	24806	1850
random32-3.scen	34	819	47	733	0	0	1.17	NO SOLUTION	0	1	8068	609
random32-3.scen	34	819	47	733	1	0.01	1.32	OK	295	1	24975	1871
random32-3.scen	35	819	47	746	0	0	1.2	NO SOLUTION	0	1	8163	618
random32-3.scen	35	819	47	746	1	0.01	1.35	OK	307	1	25276	1896
random32-3.scen	36	819	47	748	0	0	1.23	NO SOLUTION	0	1	8172	618
random32-3.scen	36	819	47	748	1	0.01	1.39	OK	306	1	25301	1866
random32-3.scen	37	819	47	775	0	0	1.29	NO SOLUTION	0	1	8427	647
random32-3.scen	37	819	47	775	1	0.01	1.44	OK	310	2	26169	1949
random32-3.scen	38	819	47	803	0	0	1.29	NO SOLUTION	0	1	6247	0
random32-3.scen	38	819	47	803	1	0	1.48	NO SOLUTION	0	1	27039	2172
random32-3.scen	38	819	47	803	2	0	2.42	NO SOLUTION	0	1	49128	8308
random32-3.scen	38	819	47	803	3	0	2.67	NO SOLUTION	44	5	74886	13945
random32-3.scen	38	819	47	803	4	0.02	3.62	NO SOLUTION	123	22	109090	23665
random32-3.scen	38	819	47	803	5	0.1	4.16	OK	715	61	145427	34680
random32-3.scen	39	819	47	818	0	0	1.33	NO SOLUTION	0	1	6310	0
random32-3.scen	39	819	47	818	1	0	1.52	NO SOLUTION	0	1	27221	2197
random32-3.scen	39	819	47	818	2	0	2.48	NO SOLUTION	0	1	49490	8416
random32-3.scen	39	819	47	818	3	0	2.74	NO SOLUTION	44	5	75564	14009
random32-3.scen	39	819	47	818	4	0.02	3.72	NO SOLUTION	125	22	110174	23767
random32-3.scen	39	819	47	818	5	0.1	4.14	OK	767	63	146958	34833
random32-3.scen	40	819	47	863	0	0	1.39	NO SOLUTION	0	1	6889	0
random32-3.scen	40	819	47	863	1	0	1.6	NO SOLUTION	0	1	30010	2381
random32-3.scen	40	819	47	863	2	0	2.6	NO SOLUTION	0	1	53126	9251
random32-3.scen	40	819	47	863	3	0	2.91	NO SOLUTION	47	5	80772	15052
random32-3.scen	40	819	47	863	4	0.02	3.94	NO SOLUTION	128	22	118140	25588
random32-3.scen	40	819	47	863	5	0.11	4.48	OK	759	61	157816	37511
random32-3.scen	41	819	47	873	0	0	1.42	NO SOLUTION	0	1	6965	0
random32-3.scen	41	819	47	873	1	0	1.64	NO SOLUTION	0	1	30209	2417
random32-3.scen	41	819	47	873	2	0	2.66	NO SOLUTION	0	1	53636	9400
random32-3.scen	41	819	47	873	3	0	2.98	NO SOLUTION	49	5	81440	15272
random32-3.scen	41	819	47	873	4	0.02	4.13	NO SOLUTION	131	22	119115	26039
random32-3.scen	41	819	47	873	5	0.11	4.57	OK	814	63	159133	38105
random32-3.scen	42	819	47	897	0	0	1.49	NO SOLUTION	0	1	7275	0
random32-3.scen	42	819	47	897	1	0	1.73	NO SOLUTION	0	1	31096	2542
random32-3.scen	42	819	47	897	2	0	2.77	NO SOLUTION	0	1	55469	9882
random32-3.scen	42	819	47	897	3	0.01	3.08	NO SOLUTION	51	5	84190	15960
random32-3.scen	42	819	47	897	4	0.02	4.26	NO SOLUTION	133	22	123137	27175
random32-3.scen	42	819	47	897	5	0.11	4.74	OK	867	64	164388	39713
random32-3.scen	43	819	47	923	0	0	1.54	NO SOLUTION	0	1	7426	0
random32-3.scen	43	819	47	923	1	0	1.76	NO SOLUTION	0	1	31441	2617
random32-3.scen	43	819	47	923	2	0	2.82	NO SOLUTION	0	1	56559	10162
random32-3.scen	43	819	47	923	3	0.01	3.15	NO SOLUTION	40	5	86138	16471
random32-3.scen	43	819	47	923	4	0.02	4.39	NO SOLUTION	136	22	126175	28030
random32-3.scen	43	819	47	923	5	0.12	4.86	OK	896	64	168473	40987
random32-3.scen	44	819	47	951	0	0	1.59	NO SOLUTION	0	1	7640	0
random32-3.scen	44	819	47	951	1	0	1.83	NO SOLUTION	0	1	31862	2716
random32-3.scen	44	819	47	951	2	0	2.92	NO SOLUTION	0	1	57800	10466
random32-3.scen	44	819	47	951	3	0.01	3.27	NO SOLUTION	43	5	88337	16988
random32-3.scen	44	819	47	951	4	0.02	4.52	NO SOLUTION	141	22	129643	28936
random32-3.scen	44	819	47	951	5	0.12	5	OK	868	65	173295	42312
random32-3.scen	45	819	47	982	0	0	1.62	NO SOLUTION	0	1	7922	0
random32-3.scen	45	819	47	982	1	0	1.86	NO SOLUTION	0	1	32404	2844
random32-3.scen	45	819	47	982	2	0	3	NO SOLUTION	0	1	59343	10880
random32-3.scen	45	819	47	982	3	0.01	3.36	NO SOLUTION	44	5	90903	17663
random32-3.scen	45	819	47	982	4	0.02	4.63	NO SOLUTION	143	22	133588	30166
random32-3.scen	45	819	47	982	5	0.09	5.13	NO SOLUTION	541	68	178674	44098
random32-3.scen	45	819	47	982	6	0.19	6.55	OK	2105	111	233083	61891
random32-3.scen	46	819	47	998	0	0	1.69	NO SOLUTION	0	1	8037	0
random32-3.scen	46	819	47	998	1	0	1.92	NO SOLUTION	0	1	32640	2899
random32-3.scen	46	819	47	998	2	0	3.09	NO SOLUTION	0	1	59968	11050
random32-3.scen	46	819	47	998	3	0	3.4	NO SOLUTION	0	1	91915	19862
random32-3.scen	46	819	47	998	4	0	4.71	NO SOLUTION	0	1	135102	33617
random32-3.scen	46	819	47	998	5	0	5.12	NO SOLUTION	0	1	180729	48579
random32-3.scen	46	819	47	998	6	0	6.45	NO SOLUTION	0	1	235742	67717
random32-3.scen	46	819	47	998	7	0	7.09	NO SOLUTION	0	1	292490	87420
random32-3.scen	46	819	47	998	8	0.04	8.48	NO SOLUTION	276	5	343699	100495
random32-3.scen	46	819	47	998	9	0.12	9.49	NO SOLUTION	384	16	411666	122391
random32-3.scen	46	819	47	998	10	0.21	11.25	NO SOLUTION	486	48	488375	147911
random32-3.scen	46	819	47	998	11	0.39	11.42	NO SOLUTION	1124	67	567165	173255
random32-3.scen	46	819	47	998	12	0.65	13.28	NO SOLUTION	763	136	653564	201827
