random40-2.scen	1	1291	38	38	0	0	0.09	OK	17	0	543	124
random40-2.scen	2	1291	38	70	0	0	0.11	OK	35	0	939	205
random40-2.scen	3	1291	38	89	0	0	0.12	OK	33	0	1690	113
random40-2.scen	4	1291	38	118	0	0	0.15	OK	57	0	2492	156
random40-2.scen	5	1291	38	141	0	0	0.18	OK	60	0	2720	184
random40-2.scen	6	1291	38	146	0	0	0.18	OK	61	0	2732	184
random40-2.scen	7	1291	38	163	0	0	0.18	OK	67	0	2798	187
random40-2.scen	8	1291	38	197	0	0	0.2	OK	74	0	2990	206
random40-2.scen	9	1291	38	225	0	0	0.22	OK	87	0	3201	196
random40-2.scen	10	1291	43	268	0	0	0.31	OK	104	0	4110	287
random40-2.scen	11	1291	43	289	0	0	0.34	OK	109	0	4418	315
random40-2.scen	12	1291	43	328	0	0	0.42	OK	128	0	5501	371
random40-2.scen	13	1291	50	378	0	0	0.56	OK	148	0	6010	424
random40-2.scen	14	1291	63	441	0	0	1.01	OK	182	0	8865	519
random40-2.scen	15	1291	63	460	0	0	1.05	OK	179	0	8963	528
random40-2.scen	16	1291	63	463	0	0	1.07	OK	179	0	8966	528
random40-2.scen	17	1291	63	495	0	0	1.19	OK	205	0	9807	553
random40-2.scen	18	1291	63	505	0	0	1.23	OK	192	0	9830	478
random40-2.scen	19	1291	63	524	0	0	1.25	OK	194	0	9875	480
random40-2.scen	20	1291	63	542	0	0	1.29	OK	200	0	9936	486
random40-2.scen	21	1291	63	573	0	0	1.38	NO SOLUTION	0	1	10520	665
random40-2.scen	21	1291	63	573	1	0	1.49	NO SOLUTION	0	1	28939	2055
random40-2.scen	21	1291	63	573	2	0	2.53	OK	275	5	47420	991
random40-2.scen	22	1291	63	608	0	0	1.46	NO SOLUTION	0	1	10981	703
random40-2.scen	22	1291	63	608	1	0	1.59	NO SOLUTION	0	1	29741	2211
random40-2.scen	22	1291	63	608	2	0	2.62	OK	304	5	49070	1064
random40-2.scen	23	1291	63	614	0	0	1.5	NO SOLUTION	0	1	11006	705
random40-2.scen	23	1291	63	614	1	0	1.64	NO SOLUTION	0	1	29807	2221
random40-2.scen	23	1291	63	614	2	0	2.69	OK	304	5	49286	1072
random40-2.scen	24	1291	63	669	0	0	1.68	NO SOLUTION	0	1	13291	798
random40-2.scen	24	1291	63	669	1	0	1.83	NO SOLUTION	0	1	32371	2623
random40-2.scen	24	1291	63	669	2	0	3	OK	376	5	54933	1271
random40-2.scen	25	1291	63	714	0	0	1.82	NO SOLUTION	0	1	14358	873
random40-2.scen	25	1291	63	714	1	0	2.03	NO SOLUTION	0	1	33921	2871
random40-2.scen	25	1291	63	714	2	0	3.24	OK	383	6	58667	1440
random40-2.scen	26	1291	63	726	0	0	1.86	NO SOLUTION	0	1	14491	888
random40-2.scen	26	1291	63	726	1	0	2.09	NO SOLUTION	0	1	34086	2929
random40-2.scen	26	1291	63	726	2	0.01	3.32	OK	436	7	59255	1489
random40-2.scen	27	1291	63	762	0	0	2.04	NO SOLUTION	0	1	15362	942
random40-2.scen	27	1291	63	762	1	0	2.2	NO SOLUTION	0	1	35326	3215
random40-2.scen	27	1291	63	762	2	0	3.49	NO SOLUTION	237	20	61928	1558
random40-2.scen	27	1291	63	762	3	0.06	3.81	OK	830	61	92100	17555
random40-2.scen	28	1291	63	789	0	0	2.08	NO SOLUTION	0	1	15409	941
random40-2.scen	28	1291	63	789	1	0	2.24	NO SOLUTION	0	1	35517	3228
random40-2.scen	28	1291	63	789	2	0	3.56	NO SOLUTION	333	25	62481	1546
random40-2.scen	28	1291	63	789	3	0.05	4.02	OK	730	42	93088	17651
random40-2.scen	29	1291	63	797	0	0	2.13	NO SOLUTION	0	1	15462	944
random40-2.scen	29	1291	63	797	1	0	2.31	NO SOLUTION	0	1	35614	3255
random40-2.scen	29	1291	63	797	2	0	3.63	NO SOLUTION	0	1	62785	10673
random40-2.scen	29	1291	63	797	3	0.06	4.07	NO SOLUTION	561	53	93580	17383
random40-2.scen	29	1291	63	797	4	0.15	5.42	OK	1494	150	133666	28510
random40-2.scen	30	1291	63	815	0	0	2.2	NO SOLUTION	0	1	15718	965
random40-2.scen	30	1291	63	815	1	0	2.39	NO SOLUTION	0	1	36012	3330
random40-2.scen	30	1291	63	815	2	0	3.75	NO SOLUTION	0	1	63753	10901
random40-2.scen	30	1291	63	815	3	0.07	4.21	NO SOLUTION	773	57	95164	17741
random40-2.scen	30	1291	63	815	4	0.13	5.55	OK	1430	127	136182	29135
random40-2.scen	31	1291	63	869	0	0	2.29	NO SOLUTION	0	1	16339	1021
random40-2.scen	31	1291	63	869	1	0	2.5	NO SOLUTION	0	1	37160	3554
random40-2.scen	31	1291	63	869	2	0	4.07	NO SOLUTION	0	1	67050	11564
random40-2.scen	31	1291	63	869	3	0.06	4.45	NO SOLUTION	836	71	101539	18981
random40-2.scen	31	1291	63	869	4	0.17	5.93	OK	1744	107	146045	31859
random40-2.scen	32	1291	63	882	0	0	2.33	NO SOLUTION	0	1	16384	1024
random40-2.scen	32	1291	63	882	1	0	2.58	NO SOLUTION	0	1	37267	3572
random40-2.scen	32	1291	63	882	2	0	4.16	NO SOLUTION	0	1	67374	11667
random40-2.scen	32	1291	63	882	3	0.07	4.55	NO SOLUTION	1033	78	102106	19113
random40-2.scen	32	1291	63	882	4	0.19	6.19	OK	1988	115	146996	32098
random40-2.scen	33	1291	63	939	0	0	2.47	NO SOLUTION	0	1	17348	1103
random40-2.scen	33	1291	63	939	1	0	2.69	NO SOLUTION	0	1	38707	3858
random40-2.scen	33	1291	63	939	2	0	4.41	NO SOLUTION	0	1	71117	12520
random40-2.scen	33	1291	63	939	3	0.01	4.82	NO SOLUTION	44	5	108507	19583
random40-2.scen	33	1291	63	939	4	0.03	6.47	NO SOLUTION	140	17	157063	33249
random40-2.scen	33	1291	63	939	5	0.13	6.96	NO SOLUTION	834	61	209010	48262
random40-2.scen	33	1291	63	939	6	0.2	9.08	OK	1110	84	269765	67339
random40-2.scen	34	1291	63	953	0	0	2.53	NO SOLUTION	0	1	17451	1112
random40-2.scen	34	1291	63	953	1	0	2.77	NO SOLUTION	0	1	38921	3909
random40-2.scen	34	1291	63	953	2	0	4.52	NO SOLUTION	0	1	71675	12671
random40-2.scen	34	1291	63	953	3	0.01	4.91	NO SOLUTION	45	5	109449	19825
random40-2.scen	34	1291	63	953	4	0.03	6.58	NO SOLUTION	147	17	158557	33697
random40-2.scen	34	1291	63	953	5	0.18	7.2	NO SOLUTION	866	66	211073	48913
random40-2.scen	34	1291	63	953	6	0.28	9.32	OK	1323	97	272587	68216
random40-2.scen	35	1291	63	1001	0	0	2.71	NO SOLUTION	0	1	18804	1183
random40-2.scen	35	1291	63	1001	1	0	2.9	NO SOLUTION	0	1	40590	4191
random40-2.scen	35	1291	63	1001	2	0	4.85	NO SOLUTION	0	1	75431	13529
random40-2.scen	35	1291	63	1001	3	0.01	5.18	NO SOLUTION	50	5	115399	21239
random40-2.scen	35	1291	63	1001	4	0.04	6.91	NO SOLUTION	152	17	167347	35994
random40-2.scen	35	1291	63	1001	5	0.2	7.57	NO SOLUTION	855	65	222868	52237
random40-2.scen	35	1291	63	1001	6	0.34	9.49	OK	1148	105	288012	72781
random40-2.scen	36	1291	63	1009	0	0	2.77	NO SOLUTION	0	1	18853	1188
random40-2.scen	36	1291	63	1009	1	0	2.98	NO SOLUTION	0	1	40673	4215
random40-2.scen	36	1291	63	1009	2	0	4.84	NO SOLUTION	0	1	75693	13609
random40-2.scen	36	1291	63	1009	3	0.01	5.26	NO SOLUTION	51	5	115831	21372
random40-2.scen	36	1291	63	1009	4	0.04	7.02	NO SOLUTION	158	17	168019	36215
random40-2.scen	36	1291	63	1009	5	0.17	7.71	NO SOLUTION	859	61	223804	52558
random40-2.scen	36	1291	63	1009	6	0.35	9.62	OK	1216	106	289296	73227
random40-2.scen	37	1291	63	1044	0	0	2.81	NO SOLUTION	0	1	19082	1210
random40-2.scen	37	1291	63	1044	1	0	3.07	NO SOLUTION	0	1	41220	4328
random40-2.scen	37	1291	63	1044	2	0	4.99	NO SOLUTION	0	1	77202	14044
random40-2.scen	37	1291	63	1044	3	0.01	5.39	NO SOLUTION	52	5	118375	22147
random40-2.scen	37	1291	63	1044	4	0.04	7.27	NO SOLUTION	160	17	172037	37600
random40-2.scen	37	1291	63	1044	5	0.21	7.97	NO SOLUTION	902	67	229265	54619
random40-2.scen	37	1291	63	1044	6	0.31	9.86	OK	1308	86	296586	76138
random40-2.scen	38	1291	63	1062	0	0	2.82	NO SOLUTION	0	1	11567	0
random40-2.scen	38	1291	63	1062	1	0	3.12	NO SOLUTION	0	1	41370	4344
random40-2.scen	38	1291	63	1062	2	0	5.09	NO SOLUTION	0	1	77737	14186
random40-2.scen	38	1291	63	1062	3	0.01	5.49	NO SOLUTION	54	5	119387	22354
random40-2.scen	38	1291	63	1062	4	0.03	7.39	NO SOLUTION	164	17	173847	38019
random40-2.scen	38	1291	63	1062	5	0.06	7.98	NO SOLUTION	256	25	231958	55296
random40-2.scen	38	1291	63	1062	6	0.16	9.98	NO SOLUTION	661	67	300448	77257
random40-2.scen	38	1291	63	1062	7	0.39	10.8	NO SOLUTION	1216	149	371944	100163
random40-2.scen	38	1291	63	1062	8	0.86	13.35	OK	2182	207	453677	127400
random40-2.scen	39	1291	63	1104	0	0	2.93	NO SOLUTION	0	1	12258	0
random40-2.scen	39	1291	63	1104	1	0	3.31	NO SOLUTION	0	1	43009	4622
random40-2.scen	39	1291	63	1104	2	0	5.32	NO SOLUTION	0	1	81336	15011
random40-2.scen	39	1291	63	1104	3	0.01	5.77	NO SOLUTION	55	5	125137	23556
random40-2.scen	39	1291	63	1104	4	0.03	7.75	NO SOLUTION	172	17	182131	39925
random40-2.scen	39	1291	63	1104	5	0.06	8.38	NO SOLUTION	263	25	243020	57965
random40-2.scen	39	1291	63	1104	6	0.19	10.42	NO SOLUTION	644	73	314605	80970
random40-2.scen	39	1291	63	1104	7	0.42	11.33	NO SOLUTION	1181	133	389323	104936
random40-2.scen	39	1291	63	1104	8	1.28	14.41	OK	2901	320	474544	133467
random40-2.scen	40	1291	63	1141	0	0	3.06	NO SOLUTION	0	1	12669	0
random40-2.scen	40	1291	63	1141	1	0	3.38	NO SOLUTION	0	1	43910	4802
random40-2.scen	40	1291	63	1141	2	0	5.56	NO SOLUTION	0	1	83776	15595
random40-2.scen	40	1291	63	1141	3	0.01	5.94	NO SOLUTION	57	5	129186	24649
random40-2.scen	40	1291	63	1141	4	0.03	8.04	NO SOLUTION	179	17	188310	41788
random40-2.scen	40	1291	63	1141	5	0.06	8.93	NO SOLUTION	268	25	251324	60396
random40-2.scen	40	1291	63	1141	6	0.15	10.71	NO SOLUTION	662	62	325387	84135
random40-2.scen	40	1291	63	1141	7	0.57	11.94	NO SOLUTION	1386	168	402594	108792
random40-2.scen	40	1291	63	1141	8	1.07	14.71	OK	1935	243	490719	138258
random40-2.scen	41	1291	63	1175	0	0	3.15	NO SOLUTION	0	1	13110	0
random40-2.scen	41	1291	63	1175	1	0	3.51	NO SOLUTION	0	1	44937	4998
random40-2.scen	41	1291	63	1175	2	0	5.73	NO SOLUTION	0	1	86212	16215
random40-2.scen	41	1291	63	1175	3	0.01	6.21	NO SOLUTION	61	5	133157	25738
random40-2.scen	41	1291	63	1175	4	0.03	8.3	NO SOLUTION	187	17	194304	43524
random40-2.scen	41	1291	63	1175	5	0.06	9.22	NO SOLUTION	274	25	259492	62838
random40-2.scen	41	1291	63	1175	6	0.16	11.09	NO SOLUTION	668	62	336057	87461
random40-2.scen	41	1291	63	1175	7	0.52	12.12	NO SOLUTION	1321	141	415703	113086
random40-2.scen	41	1291	63	1175	8	1.1	15.28	OK	3190	226	506468	143641
random40-2.scen	42	1291	63	1225	0	0	3.29	NO SOLUTION	0	1	14082	0
random40-2.scen	42	1291	63	1225	1	0	3.69	NO SOLUTION	0	1	47251	5364
random40-2.scen	42	1291	63	1225	2	0	5.94	NO SOLUTION	0	1	91303	17321
random40-2.scen	42	1291	63	1225	3	0.01	6.56	NO SOLUTION	61	5	141264	27307
random40-2.scen	42	1291	63	1225	4	0.04	8.66	NO SOLUTION	190	17	206048	46062
random40-2.scen	42	1291	63	1225	5	0.06	9.33	NO SOLUTION	279	25	275037	66474
random40-2.scen	42	1291	63	1225	6	0.17	11.54	NO SOLUTION	690	65	356030	92764
random40-2.scen	42	1291	63	1225	7	0.55	12.73	NO SOLUTION	1367	145	440012	119982
random40-2.scen	42	1291	63	1225	8	1.35	16.26	OK	6535	248	535495	153060
random40-2.scen	43	1291	63	1271	0	0	3.39	NO SOLUTION	0	1	14770	0
random40-2.scen	43	1291	63	1271	1	0	3.82	NO SOLUTION	0	1	48798	5644
random40-2.scen	43	1291	63	1271	2	0	6.22	NO SOLUTION	0	1	94968	18228
random40-2.scen	43	1291	63	1271	3	0.01	6.8	NO SOLUTION	61	5	147173	28859
random40-2.scen	43	1291	63	1271	4	0.04	9.02	NO SOLUTION	196	17	215002	48540
random40-2.scen	43	1291	63	1271	5	0.07	9.71	NO SOLUTION	285	25	286894	70160
random40-2.scen	43	1291	63	1271	6	0.15	11.99	NO SOLUTION	539	51	371424	97813
random40-2.scen	43	1291	63	1271	7	0.82	13.6	NO SOLUTION	1521	177	458804	126430
random40-2.scen	43	1291	63	1271	8	0.99	16.54	OK	2482	245	558264	160849
random40-2.scen	44	1291	63	1311	0	0	3.48	NO SOLUTION	0	1	15139	0
random40-2.scen	44	1291	63	1311	1	0	3.92	NO SOLUTION	0	1	49621	5827
random40-2.scen	44	1291	63	1311	2	0	6.42	NO SOLUTION	0	1	97049	18780
random40-2.scen	44	1291	63	1311	3	0.01	7.03	NO SOLUTION	65	5	150580	29803
random40-2.scen	44	1291	63	1311	4	0.04	9.28	NO SOLUTION	199	17	220352	50047
random40-2.scen	44	1291	63	1311	5	0.07	9.96	NO SOLUTION	288	25	294153	72318
random40-2.scen	44	1291	63	1311	6	0.13	12.29	NO SOLUTION	423	46	381040	100698
random40-2.scen	44	1291	63	1311	7	0.62	13.74	NO SOLUTION	1534	208	470747	130086
random40-2.scen	44	1291	63	1311	8	0.79	16.8	OK	2076	180	572821	165434
random40-2.scen	45	1291	63	1327	0	0	3.59	NO SOLUTION	0	1	15347	0
random40-2.scen	45	1291	63	1327	1	0	4.01	NO SOLUTION	0	1	50037	5917
random40-2.scen	45	1291	63	1327	2	0	6.59	NO SOLUTION	0	1	98069	19074
random40-2.scen	45	1291	63	1327	3	0.01	7.18	NO SOLUTION	64	5	152235	30213
random40-2.scen	45	1291	63	1327	4	0.04	9.44	NO SOLUTION	204	17	222882	50690
random40-2.scen	45	1291	63	1327	5	0.07	10.2	NO SOLUTION	294	25	297649	73188
random40-2.scen	45	1291	63	1327	6	0.13	12.56	NO SOLUTION	434	46	385689	101863
random40-2.scen	45	1291	63	1327	7	0.71	14.11	NO SOLUTION	1573	145	476540	131617
random40-2.scen	45	1291	63	1327	8	1.42	17.74	OK	2546	236	579850	167388
random40-2.scen	46	1291	63	1375	0	0	3.68	NO SOLUTION	0	1	15995	0
random40-2.scen	46	1291	63	1375	1	0	4.13	NO SOLUTION	0	1	51769	6317
random40-2.scen	46	1291	63	1375	2	0	6.84	NO SOLUTION	0	1	101487	19983
random40-2.scen	46	1291	63	1375	3	0.01	7.86	NO SOLUTION	66	5	157502	31769
random40-2.scen	46	1291	63	1375	4	0.04	9.93	NO SOLUTION	207	17	230526	53131
random40-2.scen	46	1291	63	1375	5	0.07	10.54	NO SOLUTION	299	25	307705	76503
random40-2.scen	46	1291	63	1375	6	0.19	13.09	NO SOLUTION	747	65	398633	106071
random40-2.scen	46	1291	63	1375	7	0.7	14.51	NO SOLUTION	1579	176	492408	136745
random40-2.scen	46	1291	63	1375	8	1.51	18.88	OK	2395	223	599087	173377
random40-2.scen	47	1291	63	1402	0	0	3.79	NO SOLUTION	0	1	16156	0
random40-2.scen	47	1291	63	1402	1	0	4.24	NO SOLUTION	0	1	52191	6427
random40-2.scen	47	1291	63	1402	2	0	6.98	NO SOLUTION	0	1	102441	20244
random40-2.scen	47	1291	63	1402	3	0.01	7.53	NO SOLUTION	67	5	159068	32187
random40-2.scen	47	1291	63	1402	4	0.04	9.94	NO SOLUTION	210	17	233095	53782
random40-2.scen	47	1291	63	1402	5	0.07	10.72	NO SOLUTION	304	25	311368	77421
random40-2.scen	47	1291	63	1402	6	0.21	13.3	NO SOLUTION	563	65	403752	107448
random40-2.scen	47	1291	63	1402	7	0.75	14.92	NO SOLUTION	1646	142	499019	138623
random40-2.scen	47	1291	63	1402	8	1.5	18.59	OK	2761	286	607233	175978
random40-2.scen	48	1291	63	1444	0	0	3.88	NO SOLUTION	0	1	16744	0
random40-2.scen	48	1291	63	1444	1	0	4.39	NO SOLUTION	0	1	53615	6702
random40-2.scen	48	1291	63	1444	2	0	7.19	NO SOLUTION	0	1	105552	21000
random40-2.scen	48	1291	63	1444	3	0.01	7.82	NO SOLUTION	68	5	164047	33445
random40-2.scen	48	1291	63	1444	4	0.04	10.21	NO SOLUTION	215	17	240424	55727
random40-2.scen	48	1291	63	1444	5	0.07	11.07	NO SOLUTION	309	25	321256	80201
random40-2.scen	48	1291	63	1444	6	0.26	13.82	NO SOLUTION	759	74	416463	111162
random40-2.scen	48	1291	63	1444	7	0.67	15.32	NO SOLUTION	1783	121	514733	143321
random40-2.scen	48	1291	63	1444	8	1.9	19.61	OK	5876	229	626272	181851
random40-2.scen	49	1291	63	1474	0	0	3.97	NO SOLUTION	0	1	17011	0
random40-2.scen	49	1291	63	1474	1	0	4.58	NO SOLUTION	0	1	54307	6852
random40-2.scen	49	1291	63	1474	2	0	7.36	NO SOLUTION	0	1	107089	21377
random40-2.scen	49	1291	63	1474	3	0	7.95	NO SOLUTION	0	1	166542	38298
random40-2.scen	49	1291	63	1474	4	0.03	10.39	NO SOLUTION	169	12	244237	55857
random40-2.scen	49	1291	63	1474	5	0.05	11.25	NO SOLUTION	250	20	326313	80542
random40-2.scen	49	1291	63	1474	6	0.1	13.9	NO SOLUTION	434	45	423009	111832
random40-2.scen	49	1291	63	1474	7	0.21	15.26	NO SOLUTION	839	70	522551	144408
random40-2.scen	49	1291	63	1474	8	0.33	18.97	NO SOLUTION	1005	123	635486	183415
