random08-3.scen	1	52	2	2	0	0	0.01	OK	1	0	9	0
random08-3.scen	2	52	4	6	0	0	0.01	OK	2	0	20	0
random08-3.scen	3	52	9	15	0	0	0.01	NO SOLUTION	0	1	63	3
random08-3.scen	3	52	9	15	1	0	0.01	NO SOLUTION	0	1	191	25
random08-3.scen	3	52	9	15	2	0	0.01	NO SOLUTION	0	1	444	135
random08-3.scen	3	52	9	15	3	0	0.01	OK	14	2	755	134
random08-3.scen	4	52	9	22	0	0	0.01	NO SOLUTION	0	1	71	0
random08-3.scen	4	52	9	22	1	0	0.01	NO SOLUTION	0	1	235	26
random08-3.scen	4	52	9	22	2	0	0.02	NO SOLUTION	0	1	607	190
random08-3.scen	4	52	9	22	3	0	0.02	NO SOLUTION	35	16	1083	206
random08-3.scen	4	52	9	22	4	0	0.03	NO SOLUTION	105	89	1796	391
random08-3.scen	4	52	9	22	5	0	0.03	OK	96	62	2588	611
random08-3.scen	5	52	9	27	0	0	0.01	NO SOLUTION	0	1	99	0
random08-3.scen	5	52	9	27	1	0	0.01	NO SOLUTION	0	1	313	41
random08-3.scen	5	52	9	27	2	0	0.02	NO SOLUTION	0	1	791	241
random08-3.scen	5	52	9	27	3	0	0.02	NO SOLUTION	37	18	1388	279
random08-3.scen	5	52	9	27	4	0	0.03	NO SOLUTION	97	76	2272	540
random08-3.scen	5	52	9	27	5	0	0.04	OK	68	42	3233	820
random08-3.scen	6	52	9	32	0	0	0.01	NO SOLUTION	0	1	104	0
random08-3.scen	6	52	9	32	1	0	0.01	NO SOLUTION	0	1	345	42
random08-3.scen	6	52	9	32	2	0	0.02	NO SOLUTION	0	1	892	276
random08-3.scen	6	52	9	32	3	0	0.02	NO SOLUTION	43	19	1579	337
random08-3.scen	6	52	9	32	4	0	0.04	NO SOLUTION	107	72	2598	638
random08-3.scen	6	52	9	32	5	0	0.04	OK	139	84	3709	962
random08-3.scen	7	52	9	38	0	0	0.01	NO SOLUTION	0	1	123	0
random08-3.scen	7	52	9	38	1	0	0.01	NO SOLUTION	0	1	402	49
random08-3.scen	7	52	9	38	2	0	0.02	NO SOLUTION	0	1	1040	326
random08-3.scen	7	52	9	38	3	0	0.03	NO SOLUTION	51	24	1842	412
random08-3.scen	7	52	9	38	4	0	0.04	NO SOLUTION	107	72	3037	761
random08-3.scen	7	52	9	38	5	0	0.05	OK	164	84	4347	1147
random08-3.scen	8	52	9	40	0	0	0.01	NO SOLUTION	0	1	125	0
random08-3.scen	8	52	9	40	1	0	0.02	NO SOLUTION	0	1	416	50
random08-3.scen	8	52	9	40	2	0	0.03	NO SOLUTION	0	1	1095	348
random08-3.scen	8	52	9	40	3	0	0.03	NO SOLUTION	53	24	1946	441
random08-3.scen	8	52	9	40	4	0	0.04	NO SOLUTION	100	69	3221	811
random08-3.scen	8	52	9	40	5	0	0.05	OK	190	90	4617	1221
random08-3.scen	9	52	9	42	0	0	0.01	NO SOLUTION	0	1	127	0
random08-3.scen	9	52	9	42	1	0	0.02	NO SOLUTION	0	1	430	51
random08-3.scen	9	52	9	42	2	0	0.03	NO SOLUTION	0	1	1165	374
random08-3.scen	9	52	9	42	3	0	0.03	NO SOLUTION	56	19	2083	479
random08-3.scen	9	52	9	42	4	0	0.05	NO SOLUTION	128	95	3462	908
random08-3.scen	9	52	9	42	5	0	0.06	OK	230	118	4963	1364
random08-3.scen	10	52	9	50	0	0	0.01	NO SOLUTION	0	1	191	0
random08-3.scen	10	52	9	50	1	0	0.02	NO SOLUTION	0	1	666	74
random08-3.scen	10	52	9	50	2	0	0.03	NO SOLUTION	0	1	1527	467
random08-3.scen	10	52	9	50	3	0	0.04	NO SOLUTION	24	13	2675	558
random08-3.scen	10	52	9	50	4	0	0.05	NO SOLUTION	87	58	4369	1043
random08-3.scen	10	52	9	50	5	0.01	0.07	NO SOLUTION	245	144	6160	1574
random08-3.scen	10	52	9	50	6	0.01	0.09	NO SOLUTION	416	259	8278	2332
random08-3.scen	10	52	9	50	7	0.02	0.11	NO SOLUTION	514	303	10458	3101
random08-3.scen	10	52	9	50	8	0.05	0.15	NO SOLUTION	880	548	12864	4040
random08-3.scen	10	52	9	50	9	0.02	0.14	OK	542	253	15350	4945
random08-3.scen	11	52	9	55	0	0	0.02	NO SOLUTION	0	1	216	0
random08-3.scen	11	52	9	55	1	0	0.02	NO SOLUTION	0	1	728	84
random08-3.scen	11	52	9	55	2	0	0.03	NO SOLUTION	0	1	1693	514
random08-3.scen	11	52	9	55	3	0	0.04	NO SOLUTION	27	11	2946	628
random08-3.scen	11	52	9	55	4	0	0.06	NO SOLUTION	86	50	4742	1196
random08-3.scen	11	52	9	55	5	0.01	0.07	NO SOLUTION	239	137	6633	1773
random08-3.scen	11	52	9	55	6	0.01	0.09	NO SOLUTION	374	224	8869	2566
random08-3.scen	11	52	9	55	7	0.02	0.12	NO SOLUTION	515	293	11195	3369
random08-3.scen	11	52	9	55	8	0.04	0.16	NO SOLUTION	863	523	13774	4334
random08-3.scen	11	52	9	55	9	0.05	0.19	OK	1132	619	16451	5289
random08-3.scen	12	52	9	59	0	0	0.02	NO SOLUTION	0	1	220	0
random08-3.scen	12	52	9	59	1	0	0.02	NO SOLUTION	0	1	760	85
random08-3.scen	12	52	9	59	2	0	0.03	NO SOLUTION	0	1	1789	551
random08-3.scen	12	52	9	59	3	0	0.04	NO SOLUTION	30	13	3127	672
random08-3.scen	12	52	9	59	4	0	0.06	NO SOLUTION	112	58	5034	1294
random08-3.scen	12	52	9	59	5	0.01	0.08	NO SOLUTION	239	152	7043	1935
random08-3.scen	12	52	9	59	6	0.01	0.1	NO SOLUTION	426	244	9432	2774
random08-3.scen	12	52	9	59	7	0.04	0.14	NO SOLUTION	700	426	11918	3628
random08-3.scen	12	52	9	59	8	0.06	0.18	NO SOLUTION	935	584	14709	4644
random08-3.scen	12	52	9	59	9	0.07	0.21	OK	1260	735	17613	5651
random08-3.scen	13	52	9	66	0	0	0.02	NO SOLUTION	0	1	211	0
random08-3.scen	13	52	9	66	1	0	0.02	NO SOLUTION	0	1	804	86
random08-3.scen	13	52	9	66	2	0	0.04	NO SOLUTION	0	1	1904	591
random08-3.scen	13	52	9	66	3	0	0.04	NO SOLUTION	36	12	3335	742
random08-3.scen	13	52	9	66	4	0	0.07	NO SOLUTION	109	58	5365	1411
random08-3.scen	13	52	9	66	5	0.01	0.08	NO SOLUTION	283	149	7509	2096
random08-3.scen	13	52	9	66	6	0.02	0.11	NO SOLUTION	402	258	10063	3004
random08-3.scen	13	52	9	66	7	0.03	0.14	NO SOLUTION	528	306	12726	3914
random08-3.scen	13	52	9	66	8	0.06	0.19	NO SOLUTION	970	550	15725	4990
random08-3.scen	13	52	9	66	9	0.1	0.26	NO SOLUTION	1260	806	18853	6056
random08-3.scen	13	52	9	66	10	0.23	0.41	NO SOLUTION	1941	1303	22302	7228
random08-3.scen	13	52	9	66	11	0.08	0.29	OK	1339	633	25854	8404
random08-3.scen	14	52	9	68	0	0	0.02	NO SOLUTION	0	1	213	0
random08-3.scen	14	52	9	68	1	0	0.02	NO SOLUTION	0	1	820	87
random08-3.scen	14	52	9	68	2	0	0.04	NO SOLUTION	0	1	1979	618
random08-3.scen	14	52	9	68	3	0	0.05	NO SOLUTION	22	9	3467	774
random08-3.scen	14	52	9	68	4	0	0.07	NO SOLUTION	95	56	5581	1471
random08-3.scen	14	52	9	68	5	0.01	0.08	NO SOLUTION	243	135	7818	2175
random08-3.scen	14	52	9	68	6	0.01	0.11	NO SOLUTION	405	230	10488	3116
random08-3.scen	14	52	9	68	7	0.03	0.15	NO SOLUTION	483	268	13278	4052
random08-3.scen	14	52	9	68	8	0.05	0.19	NO SOLUTION	829	483	16423	5167
random08-3.scen	14	52	9	68	9	0.08	0.25	NO SOLUTION	1102	652	19706	6274
random08-3.scen	14	52	9	68	10	0.14	0.34	NO SOLUTION	1290	796	23334	7508
random08-3.scen	14	52	9	68	11	0.08	0.29	OK	1163	577	27080	8740
random08-3.scen	15	52	9	71	0	0	0.02	NO SOLUTION	0	1	227	0
random08-3.scen	15	52	9	71	1	0	0.02	NO SOLUTION	0	1	861	93
random08-3.scen	15	52	9	71	2	0	0.04	NO SOLUTION	0	1	2095	651
random08-3.scen	15	52	9	71	3	0	0.05	NO SOLUTION	21	9	3678	808
random08-3.scen	15	52	9	71	4	0	0.07	NO SOLUTION	98	56	5913	1528
random08-3.scen	15	52	9	71	5	0.01	0.09	NO SOLUTION	254	153	8259	2266
random08-3.scen	15	52	9	71	6	0.01	0.12	NO SOLUTION	387	229	11041	3243
random08-3.scen	15	52	9	71	7	0.03	0.16	NO SOLUTION	542	314	13963	4222
random08-3.scen	15	52	9	71	8	0.05	0.21	NO SOLUTION	915	550	17268	5376
random08-3.scen	15	52	9	71	9	0.08	0.26	NO SOLUTION	990	582	20732	6526
random08-3.scen	15	52	9	71	10	0.12	0.33	NO SOLUTION	1252	740	24578	7817
random08-3.scen	15	52	9	71	11	0.23	0.46	NO SOLUTION	2065	1209	28552	9117
random08-3.scen	15	52	9	71	12	0.38	0.65	NO SOLUTION	2294	1361	32800	10514
random08-3.scen	15	52	9	71	13	0.32	0.62	OK	2538	1281	37135	11932
random08-3.scen	16	52	9	74	0	0	0.02	NO SOLUTION	0	1	230	0
random08-3.scen	16	52	9	74	1	0	0.03	NO SOLUTION	0	1	881	94
random08-3.scen	16	52	9	74	2	0	0.04	NO SOLUTION	0	1	2177	692
random08-3.scen	16	52	9	74	3	0	0.05	NO SOLUTION	18	6	3826	796
random08-3.scen	16	52	9	74	4	0	0.08	NO SOLUTION	142	75	6163	1606
random08-3.scen	16	52	9	74	5	0.01	0.1	NO SOLUTION	242	162	8629	2377
random08-3.scen	16	52	9	74	6	0.02	0.13	NO SOLUTION	408	223	11578	3403
random08-3.scen	16	52	9	74	7	0.04	0.17	NO SOLUTION	654	395	14683	4427
random08-3.scen	16	52	9	74	8	0.05	0.21	NO SOLUTION	738	410	18216	5635
random08-3.scen	16	52	9	74	9	0.07	0.26	NO SOLUTION	977	548	21921	6850
random08-3.scen	16	52	9	74	10	0.15	0.37	NO SOLUTION	1460	886	26039	8207
random08-3.scen	16	52	9	74	11	0.16	0.41	NO SOLUTION	1592	937	30293	9583
random08-3.scen	16	52	9	74	12	0.29	0.58	NO SOLUTION	2127	1133	34834	11061
random08-3.scen	16	52	9	74	13	0.4	0.73	NO SOLUTION	2178	1192	39467	12565
random08-3.scen	16	52	9	74	14	0.75	1.11	NO SOLUTION	3055	1798	44222	14118
random08-3.scen	16	52	9	74	15	0.92	1.31	NO SOLUTION	6138	2035	49030	15679
random08-3.scen	16	52	9	74	16	1.68	2.1	NO SOLUTION	7071	2916	53892	17266
random08-3.scen	16	52	9	74	17	0.58	1.03	OK	5665	1548	58787	18849
random08-3.scen	17	52	9	79	0	0	0.02	NO SOLUTION	0	1	259	0
random08-3.scen	17	52	9	79	1	0	0.03	NO SOLUTION	0	1	967	106
random08-3.scen	17	52	9	79	2	0	0.05	NO SOLUTION	0	1	2356	767
random08-3.scen	17	52	9	79	3	0	0.06	NO SOLUTION	19	6	4115	884
random08-3.scen	17	52	9	79	4	0	0.08	NO SOLUTION	121	69	6581	1745
random08-3.scen	17	52	9	79	5	0.01	0.1	NO SOLUTION	198	127	9191	2562
random08-3.scen	17	52	9	79	6	0.02	0.14	NO SOLUTION	385	205	12294	3640
random08-3.scen	17	52	9	79	7	0.03	0.17	NO SOLUTION	562	320	15558	4721
random08-3.scen	17	52	9	79	8	0.05	0.23	NO SOLUTION	856	500	19285	5975
random08-3.scen	17	52	9	79	9	0.08	0.28	NO SOLUTION	1033	593	23192	7242
random08-3.scen	17	52	9	79	10	0.11	0.35	NO SOLUTION	1162	649	27554	8658
random08-3.scen	17	52	9	79	11	0.13	0.42	NO SOLUTION	1405	739	32060	10102
random08-3.scen	17	52	9	79	12	0.29	0.61	NO SOLUTION	2132	1121	36881	11656
random08-3.scen	17	52	9	79	13	0.56	0.9	NO SOLUTION	2906	1666	41801	13242
random08-3.scen	17	52	9	79	14	0.83	1.22	NO SOLUTION	4105	1765	46846	14880
random08-3.scen	17	52	9	79	15	1.16	1.58	NO SOLUTION	7148	2506	51946	16527
random08-3.scen	17	52	9	79	16	1.93	2.38	NO SOLUTION	9076	3356	57103	18200
random08-3.scen	17	52	9	79	17	2.53	3.02	NO SOLUTION	13213	4362	62295	19870
random08-3.scen	17	52	9	79	18	3.35	3.87	OK	13933	4737	67518	21551
random08-3.scen	18	52	9	87	0	0	0.02	NO SOLUTION	0	1	287	0
random08-3.scen	18	52	9	87	1	0	0.03	NO SOLUTION	0	1	1076	118
random08-3.scen	18	52	9	87	2	0	0.05	NO SOLUTION	0	1	2590	846
random08-3.scen	18	52	9	87	3	0	0.06	NO SOLUTION	17	6	4483	975
random08-3.scen	18	52	9	87	4	0	0.09	NO SOLUTION	136	83	7123	1892
random08-3.scen	18	52	9	87	5	0.01	0.11	NO SOLUTION	227	125	9918	2759
random08-3.scen	18	52	9	87	6	0.01	0.15	NO SOLUTION	384	222	13256	3886
random08-3.scen	18	52	9	87	7	0.03	0.18	NO SOLUTION	544	297	16770	5031
random08-3.scen	18	52	9	87	8	0.04	0.23	NO SOLUTION	662	368	20780	6341
random08-3.scen	18	52	9	87	9	0.08	0.3	NO SOLUTION	1017	539	24976	7689
random08-3.scen	18	52	9	87	10	0.11	0.38	NO SOLUTION	1064	609	29637	9182
random08-3.scen	18	52	9	87	11	0.14	0.44	NO SOLUTION	1432	715	34443	10713
random08-3.scen	18	52	9	87	12	0.28	0.62	NO SOLUTION	1833	999	39566	12352
random08-3.scen	18	52	9	87	13	0.37	0.74	NO SOLUTION	2655	1413	44788	14027
random08-3.scen	18	52	9	87	14	0.8	1.21	NO SOLUTION	3235	1473	50135	15752
random08-3.scen	18	52	9	87	15	1.09	1.54	NO SOLUTION	4024	1782	55537	17488
random08-3.scen	18	52	9	87	16	1.48	1.96	NO SOLUTION	4818	2258	60996	19244
random08-3.scen	18	52	9	87	17	2.6	3.11	NO SOLUTION	8983	3772	66490	21002
random08-3.scen	18	52	9	87	18	3.61	4.17	NO SOLUTION	9351	4422	72015	22771
random08-3.scen	18	52	9	87	19	5.1	5.71	NO SOLUTION	15669	5998	77557	24542
random08-3.scen	18	52	9	87	20	7.58	8.24	NO SOLUTION	21100	8445	83113	26318
random08-3.scen	18	52	9	87	21	14.93	15.63	NO SOLUTION	41481	15447	88679	28094
random08-3.scen	18	52	9	87	22	13.18	13.92	OK	40168	13997	94254	29874
random08-3.scen	19	52	9	96	0	0	0.02	NO SOLUTION	0	1	352	0
random08-3.scen	19	52	9	96	1	0	0.03	NO SOLUTION	0	1	1280	146
random08-3.scen	19	52	9	96	2	0	0.05	NO SOLUTION	0	1	2963	984
random08-3.scen	19	52	9	96	3	0	0.07	NO SOLUTION	0	1	5080	1710
random08-3.scen	19	52	9	96	4	0	0.09	NO SOLUTION	27	10	7974	1974
random08-3.scen	19	52	9	96	5	0.01	0.12	NO SOLUTION	241	138	11030	2915
random08-3.scen	19	52	9	96	6	0.02	0.16	NO SOLUTION	358	198	14648	4159
random08-3.scen	19	52	9	96	7	0.03	0.2	NO SOLUTION	573	326	18443	5401
random08-3.scen	19	52	9	96	8	0.05	0.25	NO SOLUTION	809	451	22732	6813
random08-3.scen	19	52	9	96	9	0.06	0.3	NO SOLUTION	689	383	27215	8253
random08-3.scen	19	52	9	96	10	0.12	0.41	NO SOLUTION	1123	628	32166	9831
random08-3.scen	19	52	9	96	11	0.14	0.46	NO SOLUTION	1416	801	37264	11453
random08-3.scen	19	52	9	96	12	0.21	0.57	NO SOLUTION	1559	788	42682	13184
random08-3.scen	19	52	9	96	13	0.36	0.76	NO SOLUTION	1517	667	48201	14951
random08-3.scen	19	52	9	96	14	0.65	1.09	NO SOLUTION	2221	1120	53848	16770
random08-3.scen	19	52	9	96	15	0.93	1.41	NO SOLUTION	2321	1243	59552	18599
random08-3.scen	19	52	9	96	16	1.49	2.01	NO SOLUTION	4892	1900	65313	20446
random08-3.scen	19	52	9	96	17	2.02	2.58	NO SOLUTION	3870	2278	71109	22294
random08-3.scen	19	52	9	96	18	2.27	2.88	NO SOLUTION	7411	3091	76936	24151
random08-3.scen	19	52	9	96	19	3.28	3.95	NO SOLUTION	9758	3721	82780	26010
random08-3.scen	19	52	9	96	20	5.78	6.49	NO SOLUTION	15597	6600	88638	27874
random08-3.scen	19	52	9	96	21	6.6	7.34	NO SOLUTION	14971	6162	94506	29738
random08-3.scen	19	52	9	96	22	10.88	11.68	NO SOLUTION	24506	9683	100383	31606
random08-3.scen	19	52	9	96	23	18.45	19.29	NO SOLUTION	32314	14268	106266	33474
random08-3.scen	19	52	9	96	24	33.48	34.36	NO SOLUTION	62656	24608	112149	35342
