random48-4.scen	1	1873	48	48	0	0	0.1	OK	22	0	547	55
random48-4.scen	2	1873	48	87	0	0	0.13	OK	43	0	897	92
random48-4.scen	3	1873	61	148	0	0	0.2	OK	79	0	1447	154
random48-4.scen	4	1873	61	185	0	0	0.24	OK	96	0	1713	180
random48-4.scen	5	1873	61	202	0	0	0.25	OK	91	0	1756	182
random48-4.scen	6	1873	61	209	0	0	0.27	OK	92	0	1805	188
random48-4.scen	7	1873	69	278	0	0	0.56	OK	145	0	5327	316
random48-4.scen	8	1873	69	286	0	0	0.58	OK	149	0	5380	312
random48-4.scen	9	1873	69	336	0	0	0.65	OK	177	0	5859	358
random48-4.scen	10	1873	69	402	0	0	0.9	OK	208	0	9066	480
random48-4.scen	11	1873	69	426	0	0	0.99	OK	211	0	9475	515
random48-4.scen	12	1873	69	448	0	0	1.03	OK	225	0	9711	537
random48-4.scen	13	1873	69	470	0	0	1.08	OK	236	0	9865	560
random48-4.scen	14	1873	69	497	0	0	1.12	OK	237	0	9930	564
random48-4.scen	15	1873	69	526	0	0	1.19	OK	252	0	10143	583
random48-4.scen	16	1873	69	549	0	0	1.27	OK	262	0	10475	602
random48-4.scen	17	1873	71	620	0	0	1.69	OK	292	0	14827	732
random48-4.scen	18	1873	71	663	0	0	1.83	OK	312	0	15196	772
random48-4.scen	19	1873	71	704	0	0	1.94	OK	326	0	15789	826
random48-4.scen	20	1873	71	718	0	0	2.01	OK	323	0	15881	833
random48-4.scen	21	1873	71	738	0	0	2.08	OK	334	0	16045	847
random48-4.scen	22	1873	71	793	0	0	2.19	OK	336	0	16708	914
random48-4.scen	23	1873	71	814	0	0	2.26	OK	332	0	16842	925
random48-4.scen	24	1873	71	849	0	0	2.31	OK	333	0	16993	925
random48-4.scen	25	1873	71	907	0	0	2.62	OK	359	0	19709	1034
random48-4.scen	26	1873	71	917	0	0	2.69	OK	366	0	19774	1040
random48-4.scen	27	1873	71	962	0	0	2.77	OK	372	0	20107	1056
random48-4.scen	28	1873	71	993	0	0	2.87	OK	378	0	20286	1064
random48-4.scen	29	1873	71	1044	0	0	3.1	OK	402	0	22192	1146
random48-4.scen	30	1873	71	1093	0	0	3.27	OK	432	0	23737	1230
random48-4.scen	31	1873	71	1106	0	0	3.33	OK	432	0	23750	1230
random48-4.scen	32	1873	71	1124	0	0	3.43	OK	438	0	24015	1243
random48-4.scen	33	1873	71	1163	0	0	3.52	OK	449	0	24444	1291
random48-4.scen	34	1873	71	1191	0	0	3.6	OK	452	0	24682	1306
random48-4.scen	35	1873	71	1217	0	0	3.69	OK	462	0	24813	1322
random48-4.scen	36	1873	71	1225	0	0	3.76	OK	460	0	24852	1326
random48-4.scen	37	1873	71	1274	0	0	3.9	OK	509	0	26095	1387
random48-4.scen	38	1873	71	1294	0	0	4	OK	519	0	26505	1411
random48-4.scen	39	1873	71	1304	0	0	4.12	OK	520	0	26539	1399
random48-4.scen	40	1873	71	1346	0	0	4.23	OK	528	0	27073	1439
random48-4.scen	41	1873	71	1394	0	0	4.29	OK	558	0	27311	1444
random48-4.scen	42	1873	71	1423	0	0	4.24	NO SOLUTION	0	1	16147	0
random48-4.scen	42	1873	71	1423	1	0	4.85	NO SOLUTION	0	1	51495	6178
random48-4.scen	42	1873	71	1423	2	0.01	8.15	OK	1254	17	101405	3409
random48-4.scen	43	1873	71	1483	0	0	4.49	NO SOLUTION	0	1	16719	0
random48-4.scen	43	1873	71	1483	1	0	5.07	NO SOLUTION	0	1	52797	6482
random48-4.scen	43	1873	71	1483	2	0.01	8.33	OK	1091	16	104929	3592
random48-4.scen	44	1873	71	1522	0	0	4.59	NO SOLUTION	0	1	16974	0
random48-4.scen	44	1873	71	1522	1	0	5.07	NO SOLUTION	0	1	53421	6638
random48-4.scen	44	1873	71	1522	2	0	8.51	NO SOLUTION	0	1	106500	20377
random48-4.scen	44	1873	71	1522	3	0.01	9.19	NO SOLUTION	81	4	167040	32293
random48-4.scen	44	1873	71	1522	4	0.06	12.3	OK	1102	28	249681	53300
random48-4.scen	45	1873	71	1578	0	0	4.77	NO SOLUTION	0	1	17759	0
random48-4.scen	45	1873	71	1578	1	0	5.28	NO SOLUTION	0	1	55336	7019
random48-4.scen	45	1873	71	1578	2	0	8.84	NO SOLUTION	0	1	110833	21341
random48-4.scen	45	1873	71	1578	3	0.01	9.57	NO SOLUTION	86	4	174311	33430
random48-4.scen	45	1873	71	1578	4	0.05	12.88	NO SOLUTION	87	13	260755	55293
random48-4.scen	45	1873	71	1578	5	0.23	14.19	OK	1534	69	353903	80788
random48-4.scen	46	1873	71	1622	0	0	4.9	NO SOLUTION	0	1	18400	0
random48-4.scen	46	1873	71	1622	1	0	5.45	NO SOLUTION	0	1	56902	7308
random48-4.scen	46	1873	71	1622	2	0	9.17	NO SOLUTION	0	1	114320	22080
random48-4.scen	46	1873	71	1622	3	0.01	9.87	NO SOLUTION	88	4	180104	34591
random48-4.scen	46	1873	71	1622	4	0.05	13.33	NO SOLUTION	88	13	269647	57304
random48-4.scen	46	1873	71	1622	5	0.23	14.73	OK	1549	70	366150	83888
random48-4.scen	47	1873	71	1654	0	0	5.01	NO SOLUTION	0	1	18558	0
random48-4.scen	47	1873	71	1654	1	0	5.59	NO SOLUTION	0	1	57302	7396
random48-4.scen	47	1873	71	1654	2	0	9.26	NO SOLUTION	0	1	115496	22366
random48-4.scen	47	1873	71	1654	3	0.01	10.06	NO SOLUTION	90	4	182295	35106
random48-4.scen	47	1873	71	1654	4	0.05	13.61	NO SOLUTION	91	13	273589	58449
random48-4.scen	47	1873	71	1654	5	0.23	15.01	OK	1615	71	371827	85704
random48-4.scen	48	1873	71	1683	0	0	5.13	NO SOLUTION	0	1	18718	0
random48-4.scen	48	1873	71	1683	1	0	5.68	NO SOLUTION	0	1	57707	7470
random48-4.scen	48	1873	71	1683	2	0	9.46	NO SOLUTION	0	1	116636	22624
random48-4.scen	48	1873	71	1683	3	0.01	10.28	NO SOLUTION	94	4	184319	35110
random48-4.scen	48	1873	71	1683	4	0.05	13.85	NO SOLUTION	91	13	276967	58717
random48-4.scen	48	1873	71	1683	5	0.24	15.32	OK	1418	67	376655	86318
random48-4.scen	49	1873	71	1741	0	0	5.31	NO SOLUTION	0	1	19517	0
random48-4.scen	49	1873	71	1741	1	0	5.87	NO SOLUTION	0	1	59736	7816
random48-4.scen	49	1873	71	1741	2	0	9.84	NO SOLUTION	0	1	121480	23564
random48-4.scen	49	1873	71	1741	3	0.01	10.68	NO SOLUTION	95	4	192553	36561
random48-4.scen	49	1873	71	1741	4	0.05	14.52	NO SOLUTION	104	15	289715	61384
random48-4.scen	49	1873	71	1741	5	0.26	15.89	OK	1424	79	394072	90350
random48-4.scen	50	1873	71	1761	0	0	5.39	NO SOLUTION	0	1	19580	0
random48-4.scen	50	1873	71	1761	1	0	5.97	NO SOLUTION	0	1	59921	7847
random48-4.scen	50	1873	71	1761	2	0	10.04	NO SOLUTION	0	1	122175	23741
random48-4.scen	50	1873	71	1761	3	0.01	10.83	NO SOLUTION	95	4	193863	35997
random48-4.scen	50	1873	71	1761	4	0.03	14.79	NO SOLUTION	102	12	292079	60891
random48-4.scen	50	1873	71	1761	5	0.09	15.94	NO SOLUTION	314	36	397504	89842
random48-4.scen	50	1873	71	1761	6	0.15	20.37	NO SOLUTION	507	63	523553	127815
