random64-4.scen	1	3270	53	53	0	0	0.2	OK	37	0	2022	92
random64-4.scen	2	3270	67	120	0	0	0.4	OK	75	0	4411	203
random64-4.scen	3	3270	67	147	0	0	0.47	OK	87	0	4914	244
random64-4.scen	4	3270	67	202	0	0	0.53	OK	110	0	5536	340
random64-4.scen	5	3270	67	223	0	0	0.56	OK	111	0	5601	345
random64-4.scen	6	3270	72	295	0	0	0.95	OK	159	0	9188	468
random64-4.scen	7	3270	72	359	0	0	1.1	OK	175	0	10794	570
random64-4.scen	8	3270	72	426	0	0	1.18	OK	205	0	11484	631
random64-4.scen	9	3270	72	477	0	0	1.26	OK	227	0	11913	671
random64-4.scen	10	3270	72	519	0	0	1.28	OK	229	0	12025	678
random64-4.scen	11	3270	72	558	0	0	1.39	OK	248	0	12449	725
random64-4.scen	12	3270	72	610	0	0	1.47	OK	273	0	12837	771
random64-4.scen	13	3270	81	691	0	0	2.23	OK	316	0	17449	919
random64-4.scen	14	3270	81	743	0	0	2.27	OK	325	0	17631	935
random64-4.scen	15	3270	81	778	0	0	2.34	OK	344	0	17814	953
random64-4.scen	16	3270	81	826	0	0	2.58	OK	359	0	18660	1040
random64-4.scen	17	3270	81	878	0	0.01	2.8	OK	384	0	20528	1134
random64-4.scen	18	3270	81	938	0	0.01	2.92	OK	410	0	21033	1177
random64-4.scen	19	3270	81	962	0	0.01	2.95	OK	411	0	21118	1185
random64-4.scen	20	3270	81	1011	0	0.01	3.16	OK	443	0	22731	1267
random64-4.scen	21	3270	81	1027	0	0.01	3.27	OK	448	0	22927	1283
random64-4.scen	22	3270	81	1101	0	0.01	3.37	OK	478	0	23564	1347
random64-4.scen	23	3270	81	1127	0	0.01	3.42	OK	499	0	23650	1353
random64-4.scen	24	3270	81	1169	0	0.01	3.68	OK	492	0	24223	1400
random64-4.scen	25	3270	81	1215	0	0.01	3.77	OK	512	0	24419	1415
random64-4.scen	26	3270	81	1235	0	0.01	3.85	OK	523	0	24586	1428
random64-4.scen	27	3270	81	1277	0	0.01	4.05	OK	537	0	25803	1494
random64-4.scen	28	3270	81	1299	0	0.01	4.16	OK	528	0	25896	1491
random64-4.scen	29	3270	81	1318	0	0.01	4.27	OK	528	0	26065	1505
random64-4.scen	30	3270	81	1349	0	0.01	4.48	OK	559	0	26703	1549
random64-4.scen	31	3270	81	1403	0	0.01	4.56	OK	570	0	27151	1582
random64-4.scen	32	3270	81	1468	0	0	4.49	NO SOLUTION	0	1	15469	0
random64-4.scen	32	3270	81	1468	1	0	4.95	NO SOLUTION	16	3	51403	5974
random64-4.scen	32	3270	81	1468	2	0.03	8.84	OK	924	26	100145	18756
random64-4.scen	33	3270	81	1488	0	0	4.59	NO SOLUTION	0	1	15624	0
random64-4.scen	33	3270	81	1488	1	0	5.05	NO SOLUTION	16	3	51823	6061
random64-4.scen	33	3270	81	1488	2	0.03	8.94	OK	950	27	101071	18966
random64-4.scen	34	3270	81	1523	0	0	4.72	NO SOLUTION	0	1	15864	0
random64-4.scen	34	3270	81	1523	1	0	5.14	NO SOLUTION	16	3	52411	6190
random64-4.scen	34	3270	81	1523	2	0.03	9.61	OK	994	26	102534	19325
random64-4.scen	35	3270	81	1560	0	0	4.83	NO SOLUTION	0	1	16206	0
random64-4.scen	35	3270	81	1560	1	0	5.36	NO SOLUTION	16	3	53285	6358
random64-4.scen	35	3270	81	1560	2	0.03	9.49	OK	1070	27	104385	19712
random64-4.scen	36	3270	81	1591	0	0	4.95	NO SOLUTION	0	1	16338	0
random64-4.scen	36	3270	81	1591	1	0	5.43	NO SOLUTION	16	3	53669	6445
random64-4.scen	36	3270	81	1591	2	0.03	9.2	OK	1047	32	105213	19960
random64-4.scen	37	3270	81	1654	0	0	5.08	NO SOLUTION	0	1	16892	0
random64-4.scen	37	3270	81	1654	1	0	5.6	NO SOLUTION	17	3	54951	6728
random64-4.scen	37	3270	81	1654	2	0.03	9.46	OK	1044	30	108188	20675
random64-4.scen	38	3270	81	1711	0	0	5.23	NO SOLUTION	0	1	17207	0
random64-4.scen	38	3270	81	1711	1	0	5.72	NO SOLUTION	17	3	55785	6934
random64-4.scen	38	3270	81	1711	2	0.03	9.67	OK	1042	32	110123	21191
random64-4.scen	39	3270	81	1728	0	0	5.3	NO SOLUTION	0	1	17277	0
random64-4.scen	39	3270	81	1728	1	0	5.84	NO SOLUTION	17	3	55980	6977
random64-4.scen	39	3270	81	1728	2	0.03	9.78	OK	1070	33	110540	21320
random64-4.scen	40	3270	81	1788	0	0	5.46	NO SOLUTION	0	1	17593	0
random64-4.scen	40	3270	81	1788	1	0	6.01	NO SOLUTION	17	3	56795	7163
random64-4.scen	40	3270	81	1788	2	0.03	10.14	OK	1200	32	112766	21857
random64-4.scen	41	3270	81	1809	0	0	5.5	NO SOLUTION	0	1	17649	0
random64-4.scen	41	3270	81	1809	1	0	6.15	NO SOLUTION	17	3	56978	7192
random64-4.scen	41	3270	81	1809	2	0.04	10.27	OK	1152	34	113261	22002
random64-4.scen	42	3270	81	1837	0	0	5.65	NO SOLUTION	0	1	17936	0
random64-4.scen	42	3270	81	1837	1	0	6.29	NO SOLUTION	16	3	57638	7338
random64-4.scen	42	3270	81	1837	2	0.04	10.57	OK	1168	35	114829	22361
random64-4.scen	43	3270	81	1879	0	0	5.87	NO SOLUTION	0	1	18135	0
random64-4.scen	43	3270	81	1879	1	0	6.48	NO SOLUTION	16	3	58196	7455
random64-4.scen	43	3270	81	1879	2	0.04	10.76	OK	1251	35	116103	22711
random64-4.scen	44	3270	81	1925	0	0	5.92	NO SOLUTION	0	1	18238	0
random64-4.scen	44	3270	81	1925	1	0	6.53	NO SOLUTION	17	3	58565	7494
random64-4.scen	44	3270	81	1925	2	0.04	10.96	OK	1227	31	117176	23017
random64-4.scen	45	3270	81	1948	0	0	6.02	NO SOLUTION	0	1	18356	0
random64-4.scen	45	3270	81	1948	1	0	6.66	NO SOLUTION	17	3	58870	7553
random64-4.scen	45	3270	81	1948	2	0.04	11.09	OK	1170	31	118035	23223
random64-4.scen	46	3270	81	1969	0	0	6.18	NO SOLUTION	0	1	18454	0
random64-4.scen	46	3270	81	1969	1	0	6.82	NO SOLUTION	17	3	59142	7622
random64-4.scen	46	3270	81	1969	2	0.04	11.35	OK	1240	32	118764	23409
random64-4.scen	47	3270	81	1977	0	0	6.28	NO SOLUTION	0	1	18488	0
random64-4.scen	47	3270	81	1977	1	0	6.92	NO SOLUTION	17	3	59237	7643
random64-4.scen	47	3270	81	1977	2	0.04	11.45	OK	1239	32	119011	23479
random64-4.scen	48	3270	81	1983	0	0	6.4	NO SOLUTION	0	1	18494	0
random64-4.scen	48	3270	81	1983	1	0	7.03	NO SOLUTION	17	3	59275	7643
random64-4.scen	48	3270	81	1983	2	0.06	11.64	OK	1253	32	119149	23516
random64-4.scen	49	3270	81	2011	0	0	6.53	NO SOLUTION	0	1	17848	0
random64-4.scen	49	3270	81	2011	1	0	7.17	NO SOLUTION	0	1	59618	7855
random64-4.scen	49	3270	81	2011	2	0.01	11.81	NO SOLUTION	80	6	120036	23565
random64-4.scen	49	3270	81	2011	3	0.04	12.7	NO SOLUTION	98	21	189048	39988
random64-4.scen	49	3270	81	2011	4	0.1	17.81	NO SOLUTION	149	17	283776	63988
random64-4.scen	49	3270	81	2011	5	0.19	18.99	OK	1664	68	387056	91198
random64-4.scen	50	3270	81	2074	0	0	6.66	NO SOLUTION	0	1	18158	0
random64-4.scen	50	3270	81	2074	1	0	7.3	NO SOLUTION	0	1	60447	8050
random64-4.scen	50	3270	81	2074	2	0.01	12.11	NO SOLUTION	94	7	122230	23336
random64-4.scen	50	3270	81	2074	3	0.02	13.05	NO SOLUTION	106	16	192872	40262
random64-4.scen	50	3270	81	2074	4	0.04	18.11	NO SOLUTION	145	24	290174	64581
random64-4.scen	50	3270	81	2074	5	0.12	19.3	NO SOLUTION	310	37	396264	92188
