random56-2.scen	1	2519	31	31	0	0	0.1	OK	12	0	261	29
random56-2.scen	2	2519	46	77	0	0	0.12	OK	21	0	480	55
random56-2.scen	3	2519	46	88	0	0	0.14	OK	27	0	612	66
random56-2.scen	4	2519	46	117	0	0	0.16	NO SOLUTION	0	1	724	0
random56-2.scen	4	2519	46	117	1	0	0.16	NO SOLUTION	0	1	1717	406
random56-2.scen	4	2519	46	117	2	0	0.23	NO SOLUTION	0	1	3843	1061
random56-2.scen	4	2519	46	117	3	0	0.25	NO SOLUTION	0	1	6223	1681
random56-2.scen	4	2519	46	117	4	0	0.4	OK	67	7	22097	1526
random56-2.scen	5	2519	51	168	0	0	0.22	NO SOLUTION	0	1	1352	0
random56-2.scen	5	2519	51	168	1	0	0.24	NO SOLUTION	0	1	5470	486
random56-2.scen	5	2519	51	168	2	0	0.45	NO SOLUTION	0	1	16304	1484
random56-2.scen	5	2519	51	168	3	0	0.5	NO SOLUTION	0	1	26845	2664
random56-2.scen	5	2519	51	168	4	0.01	0.73	OK	95	7	33667	3693
random56-2.scen	6	2519	51	212	0	0	0.25	NO SOLUTION	0	1	1649	0
random56-2.scen	6	2519	51	212	1	0	0.28	NO SOLUTION	0	1	6542	603
random56-2.scen	6	2519	51	212	2	0	0.52	NO SOLUTION	0	1	19752	1828
random56-2.scen	6	2519	51	212	3	0	0.58	NO SOLUTION	0	1	29475	3318
random56-2.scen	6	2519	51	212	4	0.01	0.87	OK	149	11	37914	4594
random56-2.scen	7	2519	67	279	0	0	0.54	NO SOLUTION	0	1	3118	0
random56-2.scen	7	2519	67	279	1	0	0.67	NO SOLUTION	0	1	14474	1020
random56-2.scen	7	2519	67	279	2	0	1.12	NO SOLUTION	0	1	31019	3246
random56-2.scen	7	2519	67	279	3	0	1.21	NO SOLUTION	0	1	41629	5899
random56-2.scen	7	2519	67	279	4	0.01	1.76	OK	207	12	55699	8561
random56-2.scen	8	2519	67	326	0	0	0.62	NO SOLUTION	0	1	3570	0
random56-2.scen	8	2519	67	326	1	0	0.71	NO SOLUTION	0	1	16455	1194
random56-2.scen	8	2519	67	326	2	0	1.3	NO SOLUTION	0	1	33427	3801
random56-2.scen	8	2519	67	326	3	0	1.41	NO SOLUTION	0	1	45429	6843
random56-2.scen	8	2519	67	326	4	0.02	2.08	OK	265	13	61534	10074
random56-2.scen	9	2519	67	332	0	0	0.64	NO SOLUTION	0	1	3605	0
random56-2.scen	9	2519	67	332	1	0	0.74	NO SOLUTION	0	1	16557	1208
random56-2.scen	9	2519	67	332	2	0	1.32	NO SOLUTION	0	1	33610	3857
random56-2.scen	9	2519	67	332	3	0	1.44	NO SOLUTION	0	1	45752	6930
random56-2.scen	9	2519	67	332	4	0.02	2.1	OK	187	8	62007	9908
random56-2.scen	10	2519	67	379	0	0	0.83	NO SOLUTION	0	1	4442	0
random56-2.scen	10	2519	67	379	1	0	0.94	NO SOLUTION	0	1	20892	1449
random56-2.scen	10	2519	67	379	2	0	1.7	NO SOLUTION	0	1	37893	4764
random56-2.scen	10	2519	67	379	3	0	1.82	NO SOLUTION	0	1	52618	8518
random56-2.scen	10	2519	67	379	4	0.02	2.56	OK	228	9	72196	12296
random56-2.scen	11	2519	67	404	0	0	0.88	NO SOLUTION	0	1	4617	0
random56-2.scen	11	2519	67	404	1	0	1	NO SOLUTION	0	1	21451	1518
random56-2.scen	11	2519	67	404	2	0	1.82	NO SOLUTION	0	1	38888	5000
random56-2.scen	11	2519	67	404	3	0	1.94	NO SOLUTION	0	1	54382	8932
random56-2.scen	11	2519	67	404	4	0.03	2.74	OK	236	10	75000	13004
random56-2.scen	12	2519	67	410	0	0	0.9	NO SOLUTION	0	1	4647	0
random56-2.scen	12	2519	67	410	1	0	1.03	NO SOLUTION	0	1	21527	1534
random56-2.scen	12	2519	67	410	2	0	1.84	NO SOLUTION	0	1	39101	5054
random56-2.scen	12	2519	67	410	3	0	1.98	NO SOLUTION	0	1	54718	9024
random56-2.scen	12	2519	67	410	4	0.03	2.81	OK	249	11	75641	13110
random56-2.scen	13	2519	67	426	0	0	0.93	NO SOLUTION	0	1	4700	0
random56-2.scen	13	2519	67	426	1	0	1.07	NO SOLUTION	0	1	21679	1554
random56-2.scen	13	2519	67	426	2	0	1.89	NO SOLUTION	0	1	39381	5160
random56-2.scen	13	2519	67	426	3	0	2.03	NO SOLUTION	0	1	55353	9200
random56-2.scen	13	2519	67	426	4	0.03	2.87	OK	261	11	76597	13384
random56-2.scen	14	2519	67	457	0	0	0.99	NO SOLUTION	0	1	4898	0
random56-2.scen	14	2519	67	457	1	0	1.13	NO SOLUTION	0	1	22348	1636
random56-2.scen	14	2519	67	457	2	0	2.04	NO SOLUTION	0	1	40439	5429
random56-2.scen	14	2519	67	457	3	0	2.17	NO SOLUTION	0	1	57277	9688
random56-2.scen	14	2519	67	457	4	0.03	3.12	OK	271	11	79830	14174
random56-2.scen	15	2519	78	535	0	0	1.79	NO SOLUTION	0	1	7258	0
random56-2.scen	15	2519	78	535	1	0	1.98	NO SOLUTION	0	1	31180	2323
random56-2.scen	15	2519	78	535	2	0	3.27	NO SOLUTION	0	1	52119	7856
random56-2.scen	15	2519	78	535	3	0	3.62	NO SOLUTION	0	1	75018	13767
random56-2.scen	15	2519	78	535	4	0.04	4.92	OK	360	12	104607	19451
random56-2.scen	16	2519	78	600	0	0	1.87	NO SOLUTION	0	1	7694	0
random56-2.scen	16	2519	78	600	1	0	2.1	NO SOLUTION	0	1	32000	2525
random56-2.scen	16	2519	78	600	2	0	3.48	NO SOLUTION	0	1	54426	8457
random56-2.scen	16	2519	78	600	3	0	3.84	NO SOLUTION	0	1	78880	14725
random56-2.scen	16	2519	78	600	4	0.04	5.32	OK	371	12	110874	20944
random56-2.scen	17	2519	78	637	0	0	1.94	NO SOLUTION	0	1	7795	0
random56-2.scen	17	2519	78	637	1	0	2.14	NO SOLUTION	0	1	32275	2559
random56-2.scen	17	2519	78	637	2	0	3.72	NO SOLUTION	0	1	55288	8721
random56-2.scen	17	2519	78	637	3	0	3.94	NO SOLUTION	0	1	80386	15148
random56-2.scen	17	2519	78	637	4	0.04	5.5	OK	394	13	113367	21623
random56-2.scen	18	2519	78	649	0	0	2.01	NO SOLUTION	0	1	7879	0
random56-2.scen	18	2519	78	649	1	0	2.22	NO SOLUTION	0	1	32469	2599
random56-2.scen	18	2519	78	649	2	0	3.92	NO SOLUTION	0	1	55771	8844
random56-2.scen	18	2519	78	649	3	0	4.08	NO SOLUTION	0	1	81201	15349
random56-2.scen	18	2519	78	649	4	0.01	5.56	NO SOLUTION	31	5	114681	21308
random56-2.scen	18	2519	78	649	5	0.02	5.94	NO SOLUTION	122	12	150147	30087
random56-2.scen	18	2519	78	649	6	0.05	7.82	OK	447	31	193255	41182
random56-2.scen	19	2519	78	691	0	0	2.09	NO SOLUTION	0	1	8146	0
random56-2.scen	19	2519	78	691	1	0	2.32	NO SOLUTION	0	1	33073	2721
random56-2.scen	19	2519	78	691	2	0	4.05	NO SOLUTION	0	1	57444	9257
random56-2.scen	19	2519	78	691	3	0	4.31	NO SOLUTION	0	1	84092	16044
random56-2.scen	19	2519	78	691	4	0.01	5.99	NO SOLUTION	34	5	119352	22451
random56-2.scen	19	2519	78	691	5	0.02	6.3	NO SOLUTION	130	12	156780	31745
random56-2.scen	19	2519	78	691	6	0.05	8.43	OK	484	32	202290	43517
random56-2.scen	20	2519	78	749	0	0	2.35	NO SOLUTION	0	1	9176	0
random56-2.scen	20	2519	78	749	1	0	2.6	NO SOLUTION	0	1	35419	3113
random56-2.scen	20	2519	78	749	2	0	4.53	NO SOLUTION	0	1	62565	10353
random56-2.scen	20	2519	78	749	3	0	4.82	NO SOLUTION	0	1	92141	17881
random56-2.scen	20	2519	78	749	4	0.01	6.58	NO SOLUTION	36	5	131030	25218
random56-2.scen	20	2519	78	749	5	0.03	7.01	NO SOLUTION	135	12	172215	35482
random56-2.scen	20	2519	78	749	6	0.05	9.2	OK	496	25	222198	48357
random56-2.scen	21	2519	78	797	0	0	2.56	NO SOLUTION	0	1	10121	0
random56-2.scen	21	2519	78	797	1	0	2.88	NO SOLUTION	0	1	37637	3481
random56-2.scen	21	2519	78	797	2	0	4.88	NO SOLUTION	0	1	67063	11332
random56-2.scen	21	2519	78	797	3	0	5.21	NO SOLUTION	0	1	99161	19520
random56-2.scen	21	2519	78	797	4	0.01	7.13	NO SOLUTION	38	5	141136	27664
random56-2.scen	21	2519	78	797	5	0.03	7.86	NO SOLUTION	142	12	185649	38798
random56-2.scen	21	2519	78	797	6	0.06	9.96	OK	549	26	239411	52689
random56-2.scen	22	2519	78	851	0	0	2.87	NO SOLUTION	0	1	11225	0
random56-2.scen	22	2519	78	851	1	0	3.14	NO SOLUTION	0	1	40248	3872
random56-2.scen	22	2519	78	851	2	0	5.34	NO SOLUTION	0	1	72629	12514
random56-2.scen	22	2519	78	851	3	0	5.69	NO SOLUTION	0	1	107869	21548
random56-2.scen	22	2519	78	851	4	0.01	8.02	NO SOLUTION	41	5	153841	30682
random56-2.scen	22	2519	78	851	5	0.03	8.55	NO SOLUTION	151	12	202499	42978
random56-2.scen	22	2519	78	851	6	0.06	10.82	OK	610	27	261315	58303
random56-2.scen	23	2519	78	889	0	0	2.94	NO SOLUTION	0	1	11495	0
random56-2.scen	23	2519	78	889	1	0	3.27	NO SOLUTION	0	1	40805	3994
random56-2.scen	23	2519	78	889	2	0	5.59	NO SOLUTION	0	1	74237	12912
random56-2.scen	23	2519	78	889	3	0	5.94	NO SOLUTION	0	1	110655	22211
random56-2.scen	23	2519	78	889	4	0.01	8.34	NO SOLUTION	44	5	158316	31738
random56-2.scen	23	2519	78	889	5	0.04	8.84	NO SOLUTION	159	12	208923	44480
random56-2.scen	23	2519	78	889	6	0.07	11.17	OK	662	36	270083	60377
random56-2.scen	24	2519	78	950	0	0	3.03	NO SOLUTION	0	1	11903	0
random56-2.scen	24	2519	78	950	1	0	3.36	NO SOLUTION	0	1	41768	4158
random56-2.scen	24	2519	78	950	2	0	5.75	NO SOLUTION	0	1	76949	13568
random56-2.scen	24	2519	78	950	3	0	6.14	NO SOLUTION	0	1	115258	23316
random56-2.scen	24	2519	78	950	4	0.01	8.62	NO SOLUTION	44	5	165904	33655
random56-2.scen	24	2519	78	950	5	0.04	9.18	NO SOLUTION	163	12	219652	47347
random56-2.scen	24	2519	78	950	6	0.14	11.11	OK	682	35	284839	64629
random56-2.scen	25	2519	78	984	0	0	3.16	NO SOLUTION	0	1	12232	0
random56-2.scen	25	2519	78	984	1	0	3.52	NO SOLUTION	0	1	42467	4305
random56-2.scen	25	2519	78	984	2	0	5.96	NO SOLUTION	0	1	78714	13991
random56-2.scen	25	2519	78	984	3	0	6.38	NO SOLUTION	0	1	118174	24008
random56-2.scen	25	2519	78	984	4	0.01	8.97	NO SOLUTION	48	5	170375	34747
random56-2.scen	25	2519	78	984	5	0.04	9.52	NO SOLUTION	171	12	225852	48883
random56-2.scen	25	2519	78	984	6	0.14	11.49	OK	771	36	293145	66714
random56-2.scen	26	2519	78	1017	0	0	3.23	NO SOLUTION	0	1	12002	0
random56-2.scen	26	2519	78	1017	1	0	3.56	NO SOLUTION	0	1	42761	4351
random56-2.scen	26	2519	78	1017	2	0	6.14	NO SOLUTION	0	1	79643	14261
random56-2.scen	26	2519	78	1017	3	0	6.54	NO SOLUTION	0	1	119828	24451
random56-2.scen	26	2519	78	1017	4	0.01	9.18	NO SOLUTION	50	5	173219	35509
random56-2.scen	26	2519	78	1017	5	0.04	9.78	NO SOLUTION	177	12	230001	50045
random56-2.scen	26	2519	78	1017	6	0.05	11.67	NO SOLUTION	165	20	298984	68409
random56-2.scen	26	2519	78	1017	7	0.1	12.75	NO SOLUTION	197	29	371336	88146
random56-2.scen	26	2519	78	1017	8	0.17	16.16	OK	885	60	456101	112101
random56-2.scen	27	2519	78	1029	0	0	3.32	NO SOLUTION	0	1	12070	0
random56-2.scen	27	2519	78	1029	1	0	3.65	NO SOLUTION	0	1	42909	4385
random56-2.scen	27	2519	78	1029	2	0	6.25	NO SOLUTION	0	1	80063	14374
random56-2.scen	27	2519	78	1029	3	0	6.64	NO SOLUTION	0	1	120537	24634
random56-2.scen	27	2519	78	1029	4	0.01	9.3	NO SOLUTION	53	5	174345	35797
random56-2.scen	27	2519	78	1029	5	0.04	9.98	NO SOLUTION	185	12	231585	50447
random56-2.scen	27	2519	78	1029	6	0.05	12.07	NO SOLUTION	170	20	301150	68935
random56-2.scen	27	2519	78	1029	7	0.1	12.87	NO SOLUTION	205	29	374118	88803
random56-2.scen	27	2519	78	1029	8	0.18	16.42	OK	927	61	459581	112942
random56-2.scen	28	2519	78	1072	0	0	3.44	NO SOLUTION	0	1	12457	0
random56-2.scen	28	2519	78	1072	1	0	3.77	NO SOLUTION	0	1	43872	4581
random56-2.scen	28	2519	78	1072	2	0	6.47	NO SOLUTION	0	1	82322	14913
random56-2.scen	28	2519	78	1072	3	0	6.85	NO SOLUTION	0	1	124216	25529
random56-2.scen	28	2519	78	1072	4	0.01	9.65	NO SOLUTION	56	5	179891	37096
random56-2.scen	28	2519	78	1072	5	0.04	10.27	NO SOLUTION	193	12	239133	52268
random56-2.scen	28	2519	78	1072	6	0.06	12.39	NO SOLUTION	176	20	311179	71451
random56-2.scen	28	2519	78	1072	7	0.1	13.26	NO SOLUTION	208	28	386683	92130
random56-2.scen	28	2519	78	1072	8	0.18	16.86	OK	971	62	475099	117280
random56-2.scen	29	2519	78	1093	0	0	3.51	NO SOLUTION	0	1	12593	0
random56-2.scen	29	2519	78	1093	1	0	4	NO SOLUTION	0	1	44163	4650
random56-2.scen	29	2519	78	1093	2	0	6.58	NO SOLUTION	0	1	83155	15148
random56-2.scen	29	2519	78	1093	3	0	6.96	NO SOLUTION	0	1	125582	25910
random56-2.scen	29	2519	78	1093	4	0.01	9.87	NO SOLUTION	55	5	181989	37617
random56-2.scen	29	2519	78	1093	5	0.04	10.32	NO SOLUTION	199	12	242015	53004
random56-2.scen	29	2519	78	1093	6	0.06	12.59	NO SOLUTION	180	20	314980	72499
random56-2.scen	29	2519	78	1093	7	0.1	13.48	NO SOLUTION	222	29	391439	93529
random56-2.scen	29	2519	78	1093	8	0.19	17.12	OK	993	62	480970	119200
random56-2.scen	30	2519	78	1146	0	0	3.7	NO SOLUTION	0	1	13401	0
random56-2.scen	30	2519	78	1146	1	0	4.2	NO SOLUTION	0	1	46192	4995
random56-2.scen	30	2519	78	1146	2	0	6.96	NO SOLUTION	0	1	87584	16113
random56-2.scen	30	2519	78	1146	3	0	7.44	NO SOLUTION	0	1	132839	27592
random56-2.scen	30	2519	78	1146	4	0.01	9.92	NO SOLUTION	58	5	192800	40234
random56-2.scen	30	2519	78	1146	5	0.04	10.54	NO SOLUTION	205	12	256764	56706
random56-2.scen	30	2519	78	1146	6	0.06	13.45	NO SOLUTION	184	20	334025	77532
random56-2.scen	30	2519	78	1146	7	0.11	14.34	NO SOLUTION	224	28	415194	100071
random56-2.scen	30	2519	78	1146	8	0.2	18.19	OK	1030	63	509632	127580
random56-2.scen	31	2519	78	1217	0	0	4.11	NO SOLUTION	0	1	14685	0
random56-2.scen	31	2519	78	1217	1	0	4.53	NO SOLUTION	0	1	49302	5538
random56-2.scen	31	2519	78	1217	2	0	7.51	NO SOLUTION	0	1	94134	17513
random56-2.scen	31	2519	78	1217	3	0	8.2	NO SOLUTION	0	1	143268	29975
random56-2.scen	31	2519	78	1217	4	0.01	10.5	NO SOLUTION	58	5	208214	43761
random56-2.scen	31	2519	78	1217	5	0.05	11.23	NO SOLUTION	207	12	277651	61649
random56-2.scen	31	2519	78	1217	6	0.06	14.32	NO SOLUTION	178	23	361470	84231
random56-2.scen	31	2519	78	1217	7	0.12	15.34	NO SOLUTION	230	29	449535	108798
random56-2.scen	31	2519	78	1217	8	0.21	19.42	OK	1120	63	551697	138838
random56-2.scen	32	2519	78	1251	0	0	4.19	NO SOLUTION	0	1	14851	0
random56-2.scen	32	2519	78	1251	1	0	4.62	NO SOLUTION	0	1	49755	5641
random56-2.scen	32	2519	78	1251	2	0	7.67	NO SOLUTION	0	1	95283	17815
random56-2.scen	32	2519	78	1251	3	0	8.35	NO SOLUTION	0	1	145296	30457
random56-2.scen	32	2519	78	1251	4	0.01	10.83	NO SOLUTION	58	5	211507	44572
random56-2.scen	32	2519	78	1251	5	0.05	11.47	NO SOLUTION	210	12	282343	62818
random56-2.scen	32	2519	78	1251	6	0.07	14.69	NO SOLUTION	181	23	367812	85888
random56-2.scen	32	2519	78	1251	7	0.12	15.77	NO SOLUTION	235	28	457741	110992
random56-2.scen	32	2519	78	1251	8	0.22	19.88	OK	1086	63	561934	141788
random56-2.scen	33	2519	78	1278	0	0	4.28	NO SOLUTION	0	1	15017	0
random56-2.scen	33	2519	78	1278	1	0	4.74	NO SOLUTION	0	1	50150	5732
random56-2.scen	33	2519	78	1278	2	0	7.8	NO SOLUTION	0	1	96310	18071
random56-2.scen	33	2519	78	1278	3	0	8.55	NO SOLUTION	0	1	147128	30892
random56-2.scen	33	2519	78	1278	4	0.01	11.05	NO SOLUTION	60	5	214567	45105
random56-2.scen	33	2519	78	1278	5	0.05	11.76	NO SOLUTION	216	12	286781	63701
random56-2.scen	33	2519	78	1278	6	0.07	15.04	NO SOLUTION	186	23	373992	87287
random56-2.scen	33	2519	78	1278	7	0.12	16.58	NO SOLUTION	242	29	465729	113012
random56-2.scen	33	2519	78	1278	8	0.22	20.36	OK	1112	62	572042	144606
random56-2.scen	34	2519	78	1293	0	0	4.39	NO SOLUTION	0	1	15054	0
random56-2.scen	34	2519	78	1293	1	0	4.83	NO SOLUTION	0	1	50279	5750
random56-2.scen	34	2519	78	1293	2	0	7.98	NO SOLUTION	0	1	96653	18182
random56-2.scen	34	2519	78	1293	3	0	8.68	NO SOLUTION	0	1	147738	31064
random56-2.scen	34	2519	78	1293	4	0.01	11.25	NO SOLUTION	61	5	215597	45272
random56-2.scen	34	2519	78	1293	5	0.05	11.94	NO SOLUTION	222	12	288327	63911
random56-2.scen	34	2519	78	1293	6	0.07	15.25	NO SOLUTION	190	23	376194	87666
random56-2.scen	34	2519	78	1293	7	0.13	16.76	NO SOLUTION	247	28	468716	113525
