random24-1.scen	1	462	28	28	0	0	0.03	OK	19	0	329	73
random24-1.scen	2	462	28	55	0	0	0.05	OK	35	0	652	145
random24-1.scen	3	462	28	80	0	0	0.06	OK	52	0	847	185
random24-1.scen	4	462	28	99	0	0	0.08	OK	57	0	1050	238
random24-1.scen	5	462	28	101	0	0	0.07	OK	61	0	1059	238
random24-1.scen	6	462	28	114	0	0	0.1	OK	53	0	1660	137
random24-1.scen	7	462	28	129	0	0	0.09	OK	57	0	1699	139
random24-1.scen	8	462	32	161	0	0	0.14	OK	81	0	2538	182
random24-1.scen	9	462	32	172	0	0	0.14	OK	84	0	2625	192
random24-1.scen	10	462	32	186	0	0	0.16	OK	84	0	2752	201
random24-1.scen	11	462	32	218	0	0	0.19	OK	91	0	3753	250
random24-1.scen	12	462	32	225	0	0	0.2	OK	92	0	3785	252
random24-1.scen	13	462	32	241	0	0	0.21	OK	91	0	3795	252
random24-1.scen	14	462	32	249	0	0	0.22	OK	93	0	3842	256
random24-1.scen	15	462	32	264	0	0	0.23	OK	95	0	3993	268
random24-1.scen	16	462	32	279	0	0	0.25	OK	101	0	4058	274
random24-1.scen	17	462	32	304	0	0	0.27	OK	105	0	4605	293
random24-1.scen	18	462	32	316	0	0	0.28	OK	100	0	4616	286
random24-1.scen	19	462	32	337	0	0	0.3	OK	119	0	4943	283
random24-1.scen	20	462	32	357	0	0	0.31	OK	120	0	5029	284
random24-1.scen	21	462	32	381	0	0	0.33	OK	132	0	5222	292
random24-1.scen	22	462	32	388	0	0	0.34	OK	135	0	5259	295
random24-1.scen	23	462	36	424	0	0	0.47	OK	150	0	6350	342
random24-1.scen	24	462	36	448	0	0	0.5	OK	166	0	6869	362
random24-1.scen	25	462	36	465	0	0	0.51	OK	177	0	7056	374
random24-1.scen	26	462	36	471	0	0	0.51	NO SOLUTION	0	1	4590	0
random24-1.scen	26	462	36	471	1	0	0.62	NO SOLUTION	0	1	21018	1557
random24-1.scen	26	462	36	471	2	0.01	1.03	OK	1025	13	38849	4799
random24-1.scen	27	462	36	488	0	0	0.52	NO SOLUTION	0	1	4651	0
random24-1.scen	27	462	36	488	1	0	0.64	NO SOLUTION	0	1	21186	1580
random24-1.scen	27	462	36	488	2	0.01	1.07	OK	990	13	39180	4931
random24-1.scen	28	462	36	511	0	0	0.54	NO SOLUTION	0	1	4966	0
random24-1.scen	28	462	36	511	1	0	0.67	NO SOLUTION	0	1	22517	1681
random24-1.scen	28	462	36	511	2	0.01	1.11	NO SOLUTION	199	18	40474	5303
random24-1.scen	28	462	36	511	3	0.02	1.28	OK	734	53	58464	10042
random24-1.scen	29	462	36	529	0	0	0.57	NO SOLUTION	0	1	5037	0
random24-1.scen	29	462	36	529	1	0	0.7	NO SOLUTION	0	1	22996	1742
random24-1.scen	29	462	36	529	2	0	1.14	NO SOLUTION	119	3	41108	5525
random24-1.scen	29	462	36	529	3	0.02	1.26	NO SOLUTION	407	48	45310	10995
random24-1.scen	29	462	36	529	4	0.07	1.82	OK	1114	110	82647	17165
random24-1.scen	30	462	36	554	0	0	0.59	NO SOLUTION	0	1	5249	0
random24-1.scen	30	462	36	554	1	0	0.74	NO SOLUTION	0	1	23991	1817
random24-1.scen	30	462	36	554	2	0	1.18	NO SOLUTION	0	1	42255	6702
random24-1.scen	30	462	36	554	3	0	1.29	NO SOLUTION	0	1	47276	13077
random24-1.scen	30	462	36	554	4	0	1.79	NO SOLUTION	0	1	71035	20838
random24-1.scen	30	462	36	554	5	0	2.03	NO SOLUTION	0	1	96102	29212
random24-1.scen	30	462	36	554	6	0	2.56	NO SOLUTION	0	1	126270	39605
random24-1.scen	30	462	36	554	7	0	2.87	NO SOLUTION	0	1	157530	50175
random24-1.scen	30	462	36	554	8	0	3.51	NO SOLUTION	0	1	193366	62795
random24-1.scen	30	462	36	554	9	0	3.81	NO SOLUTION	0	1	230218	75274
random24-1.scen	30	462	36	554	10	0.12	4.8	NO SOLUTION	960	34	271241	81163
random24-1.scen	30	462	36	554	11	0.17	4.82	NO SOLUTION	825	53	313136	94997
random24-1.scen	30	462	36	554	12	0.46	5.81	NO SOLUTION	1526	404	359049	110591
random24-1.scen	30	462	36	554	13	0.97	6.68	NO SOLUTION	3103	603	405884	125783
random24-1.scen	30	462	36	554	14	2.43	8.89	NO SOLUTION	4656	859	456543	142752
random24-1.scen	30	462	36	554	15	3.62	10.47	OK	21300	1194	508098	159504
random24-1.scen	31	462	36	571	0	0	0.61	NO SOLUTION	0	1	5342	0
random24-1.scen	31	462	36	571	1	0	0.76	NO SOLUTION	0	1	24329	1857
random24-1.scen	31	462	36	571	2	0	1.21	NO SOLUTION	0	1	42708	6898
random24-1.scen	31	462	36	571	3	0	1.34	NO SOLUTION	0	1	48238	13439
random24-1.scen	31	462	36	571	4	0	1.88	NO SOLUTION	0	1	72547	21324
random24-1.scen	31	462	36	571	5	0	2.09	NO SOLUTION	0	1	98202	29906
random24-1.scen	31	462	36	571	6	0	2.65	NO SOLUTION	0	1	129104	40531
random24-1.scen	31	462	36	571	7	0	2.98	NO SOLUTION	0	1	161075	51355
random24-1.scen	31	462	36	571	8	0	3.61	NO SOLUTION	0	1	197776	64227
random24-1.scen	31	462	36	571	9	0	3.68	NO SOLUTION	0	1	235520	76929
random24-1.scen	31	462	36	571	10	0.09	4.55	NO SOLUTION	502	24	277563	83030
random24-1.scen	31	462	36	571	11	0.17	4.95	NO SOLUTION	850	53	320542	97135
random24-1.scen	31	462	36	571	12	0.47	6	NO SOLUTION	1667	361	367696	113064
random24-1.scen	31	462	36	571	13	0.93	6.77	NO SOLUTION	2584	530	415828	128605
random24-1.scen	31	462	36	571	14	2.94	9.59	NO SOLUTION	8246	1284	467979	146015
random24-1.scen	31	462	36	571	15	1.88	8.95	OK	10341	871	521074	163184
random24-1.scen	32	462	36	577	0	0	0.63	NO SOLUTION	0	1	5362	0
random24-1.scen	32	462	36	577	1	0	0.77	NO SOLUTION	0	1	24388	1864
random24-1.scen	32	462	36	577	2	0	1.23	NO SOLUTION	0	1	42848	6946
random24-1.scen	32	462	36	577	3	0	1.37	NO SOLUTION	0	1	48509	13527
random24-1.scen	32	462	36	577	4	0	1.92	NO SOLUTION	0	1	72988	21478
random24-1.scen	32	462	36	577	5	0	2.13	NO SOLUTION	0	1	98830	30131
random24-1.scen	32	462	36	577	6	0	2.7	NO SOLUTION	0	1	129986	40881
random24-1.scen	32	462	36	577	7	0	3.03	NO SOLUTION	0	1	162189	51865
random24-1.scen	32	462	36	577	8	0	3.66	NO SOLUTION	0	1	199157	64910
random24-1.scen	32	462	36	577	9	0	3.75	NO SOLUTION	0	1	237199	77742
random24-1.scen	32	462	36	577	10	0.05	4.59	NO SOLUTION	242	5	279613	83776
random24-1.scen	32	462	36	577	11	0.12	5	NO SOLUTION	414	35	323000	97916
random24-1.scen	32	462	36	577	12	0.47	6.05	NO SOLUTION	2367	435	370645	113887
random24-1.scen	32	462	36	577	13	0.72	6.68	NO SOLUTION	2324	436	419293	129548
random24-1.scen	32	462	36	577	14	1.83	8.61	NO SOLUTION	5310	980	472042	147080
random24-1.scen	32	462	36	577	15	5.6	12.83	OK	8812	1832	525767	164404
random24-1.scen	33	462	36	604	0	0	0.67	NO SOLUTION	0	1	5638	0
random24-1.scen	33	462	36	604	1	0	0.8	NO SOLUTION	0	1	25383	1960
random24-1.scen	33	462	36	604	2	0	1.27	NO SOLUTION	0	1	43925	7345
random24-1.scen	33	462	36	604	3	0	1.42	NO SOLUTION	0	1	50499	14224
random24-1.scen	33	462	36	604	4	0	1.99	NO SOLUTION	0	1	75991	22483
random24-1.scen	33	462	36	604	5	0	2.21	NO SOLUTION	0	1	102925	31463
random24-1.scen	33	462	36	604	6	0	2.83	NO SOLUTION	0	1	135566	42683
random24-1.scen	33	462	36	604	7	0	3.18	NO SOLUTION	0	1	169325	54126
random24-1.scen	33	462	36	604	8	0	3.88	NO SOLUTION	0	1	208068	67769
random24-1.scen	33	462	36	604	9	0	3.95	NO SOLUTION	0	1	247947	81212
random24-1.scen	33	462	36	604	10	0.05	4.84	NO SOLUTION	249	6	292308	87780
random24-1.scen	33	462	36	604	11	0.11	5.23	NO SOLUTION	409	33	337720	102580
random24-1.scen	33	462	36	604	12	0.43	6.3	NO SOLUTION	2702	390	387438	119258
random24-1.scen	33	462	36	604	13	0.98	7.32	NO SOLUTION	2168	599	438177	135595
random24-1.scen	33	462	36	604	14	3.1	10.19	NO SOLUTION	4200	1316	493055	153764
random24-1.scen	33	462	36	604	15	2.63	10.21	OK	9020	1266	548931	171734
random24-1.scen	34	462	36	631	0	0	0.68	NO SOLUTION	0	1	5916	0
random24-1.scen	34	462	36	631	1	0	0.84	NO SOLUTION	0	1	26699	2059
random24-1.scen	34	462	36	631	2	0	1.31	NO SOLUTION	0	1	32945	8831
random24-1.scen	34	462	36	631	3	0	1.48	NO SOLUTION	0	1	53311	15107
random24-1.scen	34	462	36	631	4	0	2.09	NO SOLUTION	0	1	80221	24007
random24-1.scen	34	462	36	631	5	0	2.33	NO SOLUTION	0	1	108427	33461
random24-1.scen	34	462	36	631	6	0	3	NO SOLUTION	0	1	142568	45276
random24-1.scen	34	462	36	631	7	0	3.3	NO SOLUTION	0	1	177891	57154
random24-1.scen	34	462	36	631	8	0	4.06	NO SOLUTION	0	1	218428	71257
random24-1.scen	34	462	36	631	9	0	4.14	NO SOLUTION	0	1	260089	85256
random24-1.scen	34	462	36	631	10	0.06	5.04	NO SOLUTION	259	6	306371	92222
random24-1.scen	34	462	36	631	11	0.13	5.47	NO SOLUTION	485	27	353698	107611
random24-1.scen	34	462	36	631	12	0.43	6.57	NO SOLUTION	1454	322	405459	124801
random24-1.scen	34	462	36	631	13	1.14	7.73	NO SOLUTION	6554	530	458250	141778
random24-1.scen	34	462	36	631	14	3.39	10.82	NO SOLUTION	13292	1094	515301	160504
random24-1.scen	34	462	36	631	15	4.02	11.96	OK	9616	1051	573392	179087
random24-1.scen	35	462	36	646	0	0	0.72	NO SOLUTION	0	1	6062	0
random24-1.scen	35	462	36	646	1	0	0.88	NO SOLUTION	0	1	27311	2111
random24-1.scen	35	462	36	646	2	0	1.39	NO SOLUTION	0	1	46266	7884
random24-1.scen	35	462	36	646	3	0	1.54	NO SOLUTION	0	1	54581	15446
random24-1.scen	35	462	36	646	4	0	2.17	NO SOLUTION	0	1	82147	24572
random24-1.scen	35	462	36	646	5	0	2.42	NO SOLUTION	0	1	111020	34285
random24-1.scen	35	462	36	646	6	0	3.1	NO SOLUTION	0	1	146001	46425
random24-1.scen	35	462	36	646	7	0	3.41	NO SOLUTION	0	1	182149	58607
random24-1.scen	35	462	36	646	8	0	3.93	NO SOLUTION	0	1	223635	73092
random24-1.scen	35	462	36	646	9	0	4.26	NO SOLUTION	0	1	266209	87441
random24-1.scen	35	462	36	646	10	0.06	5.17	NO SOLUTION	269	6	313538	94172
random24-1.scen	35	462	36	646	11	0.13	5.64	NO SOLUTION	498	27	361898	109859
random24-1.scen	35	462	36	646	12	0.5	6.88	NO SOLUTION	1785	303	414813	127293
random24-1.scen	35	462	36	646	13	0.87	7.63	NO SOLUTION	2571	406	468752	144599
random24-1.scen	35	462	36	646	14	4.01	11.68	NO SOLUTION	5121	965	527074	163598
random24-1.scen	35	462	36	646	15	2.94	11.06	OK	4752	929	586431	182481
random24-1.scen	36	462	36	653	0	0	0.73	NO SOLUTION	0	1	6069	0
random24-1.scen	36	462	36	653	1	0	0.88	NO SOLUTION	0	1	27355	2112
random24-1.scen	36	462	36	653	2	0	1.43	NO SOLUTION	0	1	46365	7931
random24-1.scen	36	462	36	653	3	0	1.57	NO SOLUTION	0	1	54881	15559
random24-1.scen	36	462	36	653	4	0	2.2	NO SOLUTION	0	1	82717	24790
random24-1.scen	36	462	36	653	5	0	2.45	NO SOLUTION	0	1	111842	34615
random24-1.scen	36	462	36	653	6	0	3.14	NO SOLUTION	0	1	147143	46923
random24-1.scen	36	462	36	653	7	0	3.47	NO SOLUTION	0	1	183623	59217
random24-1.scen	36	462	36	653	8	0	4.01	NO SOLUTION	0	1	225549	73801
random24-1.scen	36	462	36	653	9	0	4.32	NO SOLUTION	0	1	268593	88266
random24-1.scen	36	462	36	653	10	0.06	5.3	NO SOLUTION	277	6	316502	94954
random24-1.scen	36	462	36	653	11	0.13	5.74	NO SOLUTION	510	27	365477	110793
random24-1.scen	36	462	36	653	12	0.49	7.01	NO SOLUTION	1624	344	419119	128418
random24-1.scen	36	462	36	653	13	0.51	7.45	NO SOLUTION	1960	438	473814	145938
random24-1.scen	36	462	36	653	14	1.12	8.97	NO SOLUTION	2925	619	532997	165168
random24-1.scen	36	462	36	653	15	2.12	10.4	NO SOLUTION	3711	788	593251	184303
random24-1.scen	36	462	36	653	16	4.8	13.83	NO SOLUTION	9167	1264	657622	204941
