random40-4.scen	1	1291	20	20	0	0	0.06	OK	6	0	127	9
random40-4.scen	2	1291	28	48	0	0	0.07	OK	30	0	441	83
random40-4.scen	3	1291	45	93	0	0	0.11	OK	37	0	853	69
random40-4.scen	4	1291	45	118	0	0	0.17	OK	52	0	1387	103
random40-4.scen	5	1291	45	128	0	0	0.17	OK	50	0	1430	105
random40-4.scen	6	1291	45	132	0	0	0.16	OK	51	0	1441	105
random40-4.scen	7	1291	45	163	0	0	0.2	OK	65	0	1890	125
random40-4.scen	8	1291	45	175	0	0	0.21	OK	70	0	1975	132
random40-4.scen	9	1291	49	224	0	0	0.31	OK	92	0	3411	202
random40-4.scen	10	1291	49	242	0	0	0.33	NO SOLUTION	0	1	2295	0
random40-4.scen	10	1291	49	242	1	0	0.4	NO SOLUTION	0	1	10392	766
random40-4.scen	10	1291	49	242	2	0.01	0.67	OK	189	8	26423	2343
random40-4.scen	11	1291	49	279	0	0	0.37	NO SOLUTION	0	1	2470	0
random40-4.scen	11	1291	49	279	1	0	0.43	NO SOLUTION	0	1	10852	836
random40-4.scen	11	1291	49	279	2	0.01	0.73	OK	199	8	27354	2618
random40-4.scen	12	1291	49	301	0	0	0.4	NO SOLUTION	0	1	2604	0
random40-4.scen	12	1291	49	301	1	0	0.46	NO SOLUTION	0	1	11308	888
random40-4.scen	12	1291	49	301	2	0.01	0.81	OK	233	9	28086	2811
random40-4.scen	13	1291	49	326	0	0	0.43	NO SOLUTION	0	1	2834	0
random40-4.scen	13	1291	49	326	1	0	0.5	NO SOLUTION	0	1	12288	973
random40-4.scen	13	1291	49	326	2	0.01	0.91	OK	284	10	29332	3087
random40-4.scen	14	1291	49	350	0	0	0.46	NO SOLUTION	0	1	2975	0
random40-4.scen	14	1291	49	350	1	0	0.53	NO SOLUTION	0	1	12734	1028
random40-4.scen	14	1291	49	350	2	0.01	0.95	OK	310	11	30062	3273
random40-4.scen	15	1291	49	382	0	0	0.49	NO SOLUTION	0	1	3090	0
random40-4.scen	15	1291	49	382	1	0	0.56	NO SOLUTION	0	1	13139	1067
random40-4.scen	15	1291	49	382	2	0.01	1.01	OK	333	11	30671	3477
random40-4.scen	16	1291	50	432	0	0	0.59	NO SOLUTION	0	1	3884	0
random40-4.scen	16	1291	50	432	1	0	0.7	NO SOLUTION	0	1	17124	1305
random40-4.scen	16	1291	50	432	2	0.01	1.25	OK	355	11	34834	4296
random40-4.scen	17	1291	50	450	0	0	0.63	NO SOLUTION	0	1	4003	0
random40-4.scen	17	1291	50	450	1	0	0.73	NO SOLUTION	0	1	17532	1351
random40-4.scen	17	1291	50	450	2	0.01	1.31	OK	397	13	35437	4429
random40-4.scen	18	1291	50	457	0	0	0.64	NO SOLUTION	0	1	4010	0
random40-4.scen	18	1291	50	457	1	0	0.74	NO SOLUTION	0	1	17576	1352
random40-4.scen	18	1291	50	457	2	0.01	1.34	OK	387	12	35617	4472
random40-4.scen	19	1291	50	487	0	0	0.69	NO SOLUTION	0	1	4316	0
random40-4.scen	19	1291	50	487	1	0	0.81	NO SOLUTION	0	1	18978	1457
random40-4.scen	19	1291	50	487	2	0.01	1.44	OK	352	7	37313	4838
random40-4.scen	20	1291	50	532	0	0	0.73	NO SOLUTION	0	1	4591	0
random40-4.scen	20	1291	50	532	1	0	0.87	NO SOLUTION	0	1	19874	1562
random40-4.scen	20	1291	50	532	2	0.01	1.56	OK	434	9	39055	5229
random40-4.scen	21	1291	50	568	0	0	0.78	NO SOLUTION	0	1	4878	0
random40-4.scen	21	1291	50	568	1	0	0.94	NO SOLUTION	0	1	21004	1671
random40-4.scen	21	1291	50	568	2	0.01	1.69	OK	438	8	40804	5616
random40-4.scen	22	1291	50	592	0	0	0.84	NO SOLUTION	0	1	5020	0
random40-4.scen	22	1291	50	592	1	0	0.97	NO SOLUTION	0	1	21536	1723
random40-4.scen	22	1291	50	592	2	0.02	1.75	OK	510	15	41595	5817
random40-4.scen	23	1291	50	607	0	0	0.87	NO SOLUTION	0	1	5072	0
random40-4.scen	23	1291	50	607	1	0	1	NO SOLUTION	0	1	21716	1740
random40-4.scen	23	1291	50	607	2	0.01	1.86	OK	504	15	41935	5914
random40-4.scen	24	1291	50	610	0	0	0.9	NO SOLUTION	0	1	5075	0
random40-4.scen	24	1291	50	610	1	0	1.03	NO SOLUTION	0	1	21736	1741
random40-4.scen	24	1291	50	610	2	0.01	1.88	OK	565	16	42007	5901
random40-4.scen	25	1291	50	645	0	0	0.92	NO SOLUTION	0	1	5136	0
random40-4.scen	25	1291	50	645	1	0	1.06	NO SOLUTION	0	1	21984	1756
random40-4.scen	25	1291	50	645	2	0	1.92	NO SOLUTION	140	9	42553	6084
random40-4.scen	25	1291	50	645	3	0.03	2.13	NO SOLUTION	249	34	62263	10753
random40-4.scen	25	1291	50	645	4	0.07	2.99	OK	676	52	89706	17743
random40-4.scen	26	1291	59	704	0	0	1.4	NO SOLUTION	0	1	6487	0
random40-4.scen	26	1291	59	704	1	0	1.57	NO SOLUTION	0	1	29231	2133
random40-4.scen	26	1291	59	704	2	0.01	2.74	NO SOLUTION	133	7	49364	7430
random40-4.scen	26	1291	59	704	3	0.04	2.96	NO SOLUTION	296	41	72936	13074
random40-4.scen	26	1291	59	704	4	0.08	4.19	OK	720	50	104891	21256
random40-4.scen	27	1291	59	724	0	0	1.44	NO SOLUTION	0	1	6665	0
random40-4.scen	27	1291	59	724	1	0	1.63	NO SOLUTION	0	1	29607	2226
random40-4.scen	27	1291	59	724	2	0.01	2.78	NO SOLUTION	169	9	50187	7644
random40-4.scen	27	1291	59	724	3	0.03	3.04	NO SOLUTION	337	36	74427	13462
random40-4.scen	27	1291	59	724	4	0.09	4.34	OK	764	61	107185	21878
random40-4.scen	28	1291	59	742	0	0	1.5	NO SOLUTION	0	1	6791	0
random40-4.scen	28	1291	59	742	1	0	1.69	NO SOLUTION	0	1	29839	2286
random40-4.scen	28	1291	59	742	2	0.01	2.9	NO SOLUTION	144	7	50929	7804
random40-4.scen	28	1291	59	742	3	0.03	3.16	NO SOLUTION	340	36	75645	13751
random40-4.scen	28	1291	59	742	4	0.09	4.47	OK	782	61	109064	22336
random40-4.scen	29	1291	59	750	0	0	1.54	NO SOLUTION	0	1	6799	0
random40-4.scen	29	1291	59	750	1	0	1.75	NO SOLUTION	0	1	29889	2287
random40-4.scen	29	1291	59	750	2	0.01	2.95	NO SOLUTION	216	12	51061	7823
random40-4.scen	29	1291	59	750	3	0.04	3.21	NO SOLUTION	286	40	76005	13787
random40-4.scen	29	1291	59	750	4	0.09	4.5	OK	712	58	109741	22438
random40-4.scen	30	1291	59	796	0	0	1.69	NO SOLUTION	0	1	7645	0
random40-4.scen	30	1291	59	796	1	0	1.92	NO SOLUTION	0	1	32259	2593
random40-4.scen	30	1291	59	796	2	0.01	3.16	NO SOLUTION	125	7	55896	8813
random40-4.scen	30	1291	59	796	3	0.04	3.5	NO SOLUTION	316	37	83912	15545
random40-4.scen	30	1291	59	796	4	0.11	4.91	OK	816	65	121057	25457
random40-4.scen	31	1291	59	840	0	0	1.8	NO SOLUTION	0	1	8275	0
random40-4.scen	31	1291	59	840	1	0	2.09	NO SOLUTION	0	1	33684	2838
random40-4.scen	31	1291	59	840	2	0.01	3.36	NO SOLUTION	135	7	59153	9476
random40-4.scen	31	1291	59	840	3	0.04	3.7	NO SOLUTION	316	37	89096	16702
random40-4.scen	31	1291	59	840	4	0.11	5.17	OK	932	66	128724	27364
random40-4.scen	32	1291	59	868	0	0	1.86	NO SOLUTION	0	1	8496	0
random40-4.scen	32	1291	59	868	1	0	2.17	NO SOLUTION	0	1	34212	2938
random40-4.scen	32	1291	59	868	2	0.01	3.46	NO SOLUTION	168	9	60371	9775
random40-4.scen	32	1291	59	868	3	0.05	3.81	NO SOLUTION	304	37	91169	17224
random40-4.scen	32	1291	59	868	4	0.06	5.25	OK	1052	59	131852	28219
random40-4.scen	33	1291	59	897	0	0	1.92	NO SOLUTION	0	1	8698	0
random40-4.scen	33	1291	59	897	1	0	2.24	NO SOLUTION	0	1	34640	3029
random40-4.scen	33	1291	59	897	2	0.01	3.61	NO SOLUTION	163	9	61446	10051
random40-4.scen	33	1291	59	897	3	0.05	4.05	NO SOLUTION	426	41	92938	17656
random40-4.scen	33	1291	59	897	4	0.06	5.46	OK	1125	60	134713	28869
random40-4.scen	34	1291	59	918	0	0	2.01	NO SOLUTION	0	1	8905	0
random40-4.scen	34	1291	59	918	1	0	2.33	NO SOLUTION	0	1	35137	3125
random40-4.scen	34	1291	59	918	2	0.01	3.7	NO SOLUTION	205	12	62645	10348
random40-4.scen	34	1291	59	918	3	0.04	4.17	NO SOLUTION	305	36	94950	18232
random40-4.scen	34	1291	59	918	4	0.06	5.57	OK	1223	61	137818	29823
random40-4.scen	35	1291	59	951	0	0	2.2	NO SOLUTION	0	1	9348	0
random40-4.scen	35	1291	59	951	1	0	2.44	NO SOLUTION	0	1	36161	3314
random40-4.scen	35	1291	59	951	2	0.01	3.83	NO SOLUTION	119	3	64882	10894
random40-4.scen	35	1291	59	951	3	0.05	4.31	NO SOLUTION	317	36	98428	19187
random40-4.scen	35	1291	59	951	4	0.07	5.78	OK	1265	62	142831	31337
random40-4.scen	36	1291	59	979	0	0	2.24	NO SOLUTION	0	1	9570	0
random40-4.scen	36	1291	59	979	1	0	2.49	NO SOLUTION	0	1	36639	3427
random40-4.scen	36	1291	59	979	2	0.01	4.07	NO SOLUTION	111	3	66179	11247
random40-4.scen	36	1291	59	979	3	0.06	4.47	NO SOLUTION	330	42	100677	19808
random40-4.scen	36	1291	59	979	4	0.07	5.98	OK	1371	62	146387	32380
random40-4.scen	37	1291	59	1029	0	0	2.36	NO SOLUTION	0	1	10495	0
random40-4.scen	37	1291	59	1029	1	0	2.65	NO SOLUTION	0	1	38801	3822
random40-4.scen	37	1291	59	1029	2	0.01	4.28	NO SOLUTION	125	3	70713	12113
random40-4.scen	37	1291	59	1029	3	0.06	4.71	NO SOLUTION	327	37	107903	21373
random40-4.scen	37	1291	59	1029	4	0.14	6.45	OK	1218	68	156854	34899
random40-4.scen	38	1291	59	1067	0	0	2.39	NO SOLUTION	0	1	10578	0
random40-4.scen	38	1291	59	1067	1	0	2.69	NO SOLUTION	0	1	39061	3848
random40-4.scen	38	1291	59	1067	2	0.01	4.36	NO SOLUTION	124	3	71489	12375
random40-4.scen	38	1291	59	1067	3	0.05	4.77	NO SOLUTION	361	36	109268	21808
random40-4.scen	38	1291	59	1067	4	0.14	6.58	OK	1181	68	159209	35617
random40-4.scen	39	1291	59	1107	0	0	2.48	NO SOLUTION	0	1	11120	0
random40-4.scen	39	1291	59	1107	1	0	2.83	NO SOLUTION	0	1	40246	4092
random40-4.scen	39	1291	59	1107	2	0.01	4.52	NO SOLUTION	127	3	74150	13091
random40-4.scen	39	1291	59	1107	3	0.05	4.96	NO SOLUTION	355	29	113408	23032
random40-4.scen	39	1291	59	1107	4	0.15	6.8	OK	1306	69	165153	37453
random40-4.scen	40	1291	59	1131	0	0	2.53	NO SOLUTION	0	1	11132	0
random40-4.scen	40	1291	59	1131	1	0	2.92	NO SOLUTION	0	1	40589	4175
random40-4.scen	40	1291	59	1131	2	0.01	4.63	NO SOLUTION	137	3	75158	13353
random40-4.scen	40	1291	59	1131	3	0.04	5.04	NO SOLUTION	339	27	115067	23488
random40-4.scen	40	1291	59	1131	4	0.12	6.91	NO SOLUTION	291	48	167702	38277
random40-4.scen	40	1291	59	1131	5	0.23	7.59	OK	1656	87	224384	55154
random40-4.scen	41	1291	59	1144	0	0	2.62	NO SOLUTION	0	1	11230	0
random40-4.scen	41	1291	59	1144	1	0	2.99	NO SOLUTION	0	1	40824	4222
random40-4.scen	41	1291	59	1144	2	0	4.71	NO SOLUTION	93	3	75719	12801
random40-4.scen	41	1291	59	1144	3	0.02	5.15	NO SOLUTION	393	26	116010	22544
random40-4.scen	41	1291	59	1144	4	0.02	7.25	NO SOLUTION	150	18	169161	37204
random40-4.scen	41	1291	59	1144	5	0.05	7.57	NO SOLUTION	318	20	226408	53912
random40-4.scen	41	1291	59	1144	6	0.13	9.58	NO SOLUTION	661	53	296543	76105
random40-4.scen	41	1291	59	1144	7	0.31	10.45	NO SOLUTION	758	109	369566	99957
random40-4.scen	41	1291	59	1144	8	0.83	13.12	NO SOLUTION	1022	232	454174	128978
random40-4.scen	41	1291	59	1144	9	0.98	14.17	OK	2803	286	540918	158629
random40-4.scen	42	1291	59	1172	0	0	2.71	NO SOLUTION	0	1	11489	0
random40-4.scen	42	1291	59	1172	1	0	3.06	NO SOLUTION	0	1	41378	4337
random40-4.scen	42	1291	59	1172	2	0	4.87	NO SOLUTION	95	3	77211	13126
random40-4.scen	42	1291	59	1172	3	0.02	5.28	NO SOLUTION	387	22	118474	23098
random40-4.scen	42	1291	59	1172	4	0.02	7.19	NO SOLUTION	156	18	172975	38153
random40-4.scen	42	1291	59	1172	5	0.05	7.77	NO SOLUTION	325	22	231658	55321
random40-4.scen	42	1291	59	1172	6	0.14	9.85	NO SOLUTION	679	78	303535	78123
random40-4.scen	42	1291	59	1172	7	0.23	10.61	NO SOLUTION	499	79	378349	102562
random40-4.scen	42	1291	59	1172	8	0.57	13.1	NO SOLUTION	889	127	465081	132218
random40-4.scen	42	1291	59	1172	9	0.95	14.48	OK	3945	290	554003	162446
random40-4.scen	43	1291	59	1191	0	0	2.76	NO SOLUTION	0	1	11184	0
random40-4.scen	43	1291	59	1191	1	0	3.13	NO SOLUTION	0	1	41531	4351
random40-4.scen	43	1291	59	1191	2	0	4.94	NO SOLUTION	94	3	77692	13240
random40-4.scen	43	1291	59	1191	3	0.02	5.36	NO SOLUTION	431	23	119356	23302
random40-4.scen	43	1291	59	1191	4	0.02	7.3	NO SOLUTION	159	18	174479	38563
random40-4.scen	43	1291	59	1191	5	0.05	7.88	NO SOLUTION	331	22	233805	55986
random40-4.scen	43	1291	59	1191	6	0.12	9.99	NO SOLUTION	582	50	306447	79112
random40-4.scen	43	1291	59	1191	7	0.16	10.78	NO SOLUTION	443	91	382044	103832
random40-4.scen	43	1291	59	1191	8	0.35	13.13	NO SOLUTION	827	114	469695	133775
random40-4.scen	43	1291	59	1191	9	0.8	14.59	NO SOLUTION	1678	258	559528	164304
random40-4.scen	43	1291	59	1191	10	1.91	18.31	NO SOLUTION	2915	372	659854	199021
