random08-4.scen	1	52	9	9	0	0	0.01	OK	4	0	53	8
random08-4.scen	2	52	9	13	0	0	0.01	OK	5	0	69	5
random08-4.scen	3	52	9	19	0	0	0.01	OK	5	0	85	4
random08-4.scen	4	52	9	24	0	0	0.01	OK	5	0	90	4
random08-4.scen	5	52	9	24	0	0	0.01	NO SOLUTION	0	1	90	0
random08-4.scen	5	52	9	24	1	0	0.01	NO SOLUTION	0	1	318	0
random08-4.scen	5	52	9	24	2	0	0.02	OK	3	0	688	30
random08-4.scen	6	52	9	26	0	0	0.01	NO SOLUTION	0	1	99	0
random08-4.scen	6	52	9	26	1	0	0.01	NO SOLUTION	0	1	343	0
random08-4.scen	6	52	9	26	2	0	0.02	NO SOLUTION	0	1	772	228
random08-4.scen	6	52	9	26	3	0	0.02	NO SOLUTION	0	1	1340	388
random08-4.scen	6	52	9	26	4	0	0.03	OK	9	2	2198	62
random08-4.scen	7	52	9	28	0	0	0.01	NO SOLUTION	0	1	99	0
random08-4.scen	7	52	9	28	1	0	0.01	NO SOLUTION	0	1	357	0
random08-4.scen	7	52	9	28	2	0	0.02	NO SOLUTION	0	1	831	250
random08-4.scen	7	52	9	28	3	0	0.03	NO SOLUTION	0	1	1454	428
random08-4.scen	7	52	9	28	4	0	0.03	OK	4	1	2393	52
random08-4.scen	8	52	9	30	0	0	0.01	NO SOLUTION	0	1	101	0
random08-4.scen	8	52	9	30	1	0	0.01	NO SOLUTION	0	1	371	0
random08-4.scen	8	52	9	30	2	0	0.03	NO SOLUTION	0	1	880	269
random08-4.scen	8	52	9	30	3	0	0.03	NO SOLUTION	0	1	1555	462
random08-4.scen	8	52	9	30	4	0	0.04	NO SOLUTION	0	1	2579	761
random08-4.scen	8	52	9	30	5	0	0.04	NO SOLUTION	37	14	3694	836
random08-4.scen	8	52	9	30	6	0	0.06	NO SOLUTION	202	115	5103	1315
random08-4.scen	8	52	9	30	7	0.01	0.07	NO SOLUTION	239	134	6577	1809
random08-4.scen	8	52	9	30	8	0.01	0.09	OK	366	159	8293	2446
random08-4.scen	9	52	9	37	0	0	0.01	NO SOLUTION	0	1	108	0
random08-4.scen	9	52	9	37	1	0	0.01	NO SOLUTION	0	1	419	0
random08-4.scen	9	52	9	37	2	0	0.03	NO SOLUTION	0	1	1014	306
random08-4.scen	9	52	9	37	3	0	0.03	NO SOLUTION	0	1	1784	526
random08-4.scen	9	52	9	37	4	0	0.04	NO SOLUTION	0	1	2962	880
random08-4.scen	9	52	9	37	5	0	0.05	NO SOLUTION	54	21	4225	969
random08-4.scen	9	52	9	37	6	0	0.07	NO SOLUTION	172	73	5799	1510
random08-4.scen	9	52	9	37	7	0.01	0.08	NO SOLUTION	276	152	7451	2084
random08-4.scen	9	52	9	37	8	0.01	0.1	OK	373	187	9376	2807
random08-4.scen	10	52	9	42	0	0	0.01	NO SOLUTION	0	1	113	0
random08-4.scen	10	52	9	42	1	0	0.02	NO SOLUTION	0	1	453	0
random08-4.scen	10	52	9	42	2	0	0.03	NO SOLUTION	0	1	1101	338
random08-4.scen	10	52	9	42	3	0	0.03	NO SOLUTION	0	1	1939	590
random08-4.scen	10	52	9	42	4	0	0.05	NO SOLUTION	0	1	3211	994
random08-4.scen	10	52	9	42	5	0	0.05	NO SOLUTION	36	12	4565	1083
random08-4.scen	10	52	9	42	6	0	0.07	NO SOLUTION	142	87	6253	1690
random08-4.scen	10	52	9	42	7	0	0.08	NO SOLUTION	201	99	8035	2291
random08-4.scen	10	52	9	42	8	0.01	0.11	NO SOLUTION	353	199	10120	3062
random08-4.scen	10	52	9	42	9	0.01	0.12	NO SOLUTION	397	182	12299	3807
random08-4.scen	10	52	9	42	10	0.02	0.16	OK	560	290	14752	4707
random08-4.scen	11	52	9	49	0	0	0.01	NO SOLUTION	0	1	154	0
random08-4.scen	11	52	9	49	1	0	0.02	NO SOLUTION	0	1	581	0
random08-4.scen	11	52	9	49	2	0	0.03	NO SOLUTION	0	1	1384	413
random08-4.scen	11	52	9	49	3	0	0.04	NO SOLUTION	0	1	2407	717
random08-4.scen	11	52	9	49	4	0	0.05	NO SOLUTION	0	1	3907	1232
random08-4.scen	11	52	9	49	5	0	0.06	NO SOLUTION	40	12	5498	1362
random08-4.scen	11	52	9	49	6	0	0.08	NO SOLUTION	145	74	7466	2057
random08-4.scen	11	52	9	49	7	0.01	0.09	NO SOLUTION	258	112	9529	2753
random08-4.scen	11	52	9	49	8	0.01	0.12	NO SOLUTION	407	171	11923	3616
random08-4.scen	11	52	9	49	9	0.02	0.14	NO SOLUTION	515	266	14407	4467
random08-4.scen	11	52	9	49	10	0.03	0.17	OK	596	258	17169	5454
random08-4.scen	12	52	9	52	0	0	0.02	NO SOLUTION	0	1	164	0
random08-4.scen	12	52	9	52	1	0	0.02	NO SOLUTION	0	1	611	0
random08-4.scen	12	52	9	52	2	0	0.03	NO SOLUTION	0	1	1473	439
random08-4.scen	12	52	9	52	3	0	0.04	NO SOLUTION	0	1	2564	761
random08-4.scen	12	52	9	52	4	0	0.05	NO SOLUTION	0	1	4177	1322
random08-4.scen	12	52	9	52	5	0	0.07	NO SOLUTION	39	12	5878	1482
random08-4.scen	12	52	9	52	6	0	0.08	NO SOLUTION	206	60	7981	2247
random08-4.scen	12	52	9	52	7	0.01	0.1	NO SOLUTION	338	150	10170	2998
random08-4.scen	12	52	9	52	8	0.01	0.13	NO SOLUTION	350	160	12706	3936
random08-4.scen	12	52	9	52	9	0.02	0.15	NO SOLUTION	366	181	15347	4839
random08-4.scen	12	52	9	52	10	0.02	0.17	OK	585	194	18293	5857
random08-4.scen	13	52	9	57	0	0	0.02	NO SOLUTION	0	1	201	0
random08-4.scen	13	52	9	57	1	0	0.02	NO SOLUTION	0	1	732	0
random08-4.scen	13	52	9	57	2	0	0.03	NO SOLUTION	0	1	1683	502
random08-4.scen	13	52	9	57	3	0	0.04	NO SOLUTION	0	1	2920	879
random08-4.scen	13	52	9	57	4	0	0.06	NO SOLUTION	0	1	4668	1547
random08-4.scen	13	52	9	57	5	0	0.07	NO SOLUTION	37	12	6496	1674
random08-4.scen	13	52	9	57	6	0	0.09	NO SOLUTION	146	62	8763	2512
random08-4.scen	13	52	9	57	7	0.01	0.11	NO SOLUTION	241	109	11131	3306
random08-4.scen	13	52	9	57	8	0.02	0.15	NO SOLUTION	346	181	13896	4314
random08-4.scen	13	52	9	57	9	0.02	0.17	NO SOLUTION	430	180	16779	5282
random08-4.scen	13	52	9	57	10	0.03	0.2	OK	586	245	19994	6381
random08-4.scen	14	52	9	59	0	0	0.02	NO SOLUTION	0	1	203	0
random08-4.scen	14	52	9	59	1	0	0.02	NO SOLUTION	0	1	748	0
random08-4.scen	14	52	9	59	2	0	0.04	NO SOLUTION	0	1	1736	520
random08-4.scen	14	52	9	59	3	0	0.04	NO SOLUTION	0	1	3024	914
random08-4.scen	14	52	9	59	4	0	0.06	NO SOLUTION	0	1	4826	1619
random08-4.scen	14	52	9	59	5	0	0.08	NO SOLUTION	37	12	6719	1763
random08-4.scen	14	52	9	59	6	0.01	0.1	NO SOLUTION	245	104	9058	2638
random08-4.scen	14	52	9	59	7	0.01	0.12	NO SOLUTION	394	178	11514	3475
random08-4.scen	14	52	9	59	8	0.02	0.16	NO SOLUTION	396	178	14396	4514
random08-4.scen	14	52	9	59	9	0.03	0.18	NO SOLUTION	508	293	17409	5514
random08-4.scen	14	52	9	59	10	0.03	0.21	OK	588	253	20794	6651
random08-4.scen	15	52	9	67	0	0	0.02	NO SOLUTION	0	1	211	0
random08-4.scen	15	52	9	67	1	0	0.02	NO SOLUTION	0	1	805	0
random08-4.scen	15	52	9	67	2	0	0.04	NO SOLUTION	0	1	1854	558
random08-4.scen	15	52	9	67	3	0	0.05	NO SOLUTION	0	1	3200	983
random08-4.scen	15	52	9	67	4	0	0.06	NO SOLUTION	0	1	5070	1724
random08-4.scen	15	52	9	67	5	0	0.08	NO SOLUTION	38	12	7040	1852
random08-4.scen	15	52	9	67	6	0.01	0.1	NO SOLUTION	278	108	9484	2751
random08-4.scen	15	52	9	67	7	0.01	0.12	NO SOLUTION	306	119	12056	3612
random08-4.scen	15	52	9	67	8	0.01	0.16	NO SOLUTION	370	183	15084	4682
random08-4.scen	15	52	9	67	9	0.02	0.18	NO SOLUTION	498	198	18254	5716
random08-4.scen	15	52	9	67	10	0.04	0.23	NO SOLUTION	725	305	21832	6894
random08-4.scen	15	52	9	67	11	0.03	0.24	NO SOLUTION	549	254	25535	8084
random08-4.scen	15	52	9	67	12	0.05	0.3	NO SOLUTION	942	364	29574	9403
random08-4.scen	15	52	9	67	13	0.04	0.32	OK	789	305	33708	10746
random08-4.scen	16	52	9	76	0	0	0.02	NO SOLUTION	0	1	291	0
random08-4.scen	16	52	9	76	1	0	0.03	NO SOLUTION	0	1	1139	0
random08-4.scen	16	52	9	76	2	0	0.04	NO SOLUTION	0	1	2288	683
random08-4.scen	16	52	9	76	3	0	0.05	NO SOLUTION	0	1	3874	1221
random08-4.scen	16	52	9	76	4	0	0.07	NO SOLUTION	0	1	6006	2072
random08-4.scen	16	52	9	76	5	0	0.08	NO SOLUTION	42	12	8250	2213
random08-4.scen	16	52	9	76	6	0.01	0.12	NO SOLUTION	215	92	10982	3201
random08-4.scen	16	52	9	76	7	0.01	0.14	NO SOLUTION	231	88	13833	4153
random08-4.scen	16	52	9	76	8	0.02	0.18	NO SOLUTION	483	222	17143	5295
random08-4.scen	16	52	9	76	9	0.02	0.2	NO SOLUTION	375	177	20597	6411
random08-4.scen	16	52	9	76	10	0.02	0.23	NO SOLUTION	398	173	24467	7670
random08-4.scen	16	52	9	76	11	0.04	0.28	NO SOLUTION	952	320	28467	8948
random08-4.scen	16	52	9	76	12	0.05	0.33	NO SOLUTION	741	328	32804	10351
random08-4.scen	16	52	9	76	13	0.04	0.35	OK	776	296	37240	11780
random08-4.scen	17	52	9	82	0	0	0.02	NO SOLUTION	0	1	321	0
random08-4.scen	17	52	9	82	1	0	0.03	NO SOLUTION	0	1	1217	0
random08-4.scen	17	52	9	82	2	0	0.04	NO SOLUTION	0	1	2501	770
random08-4.scen	17	52	9	82	3	0	0.06	NO SOLUTION	0	1	4231	1374
random08-4.scen	17	52	9	82	4	0	0.08	NO SOLUTION	0	1	6523	2313
random08-4.scen	17	52	9	82	5	0	0.09	NO SOLUTION	47	14	8972	2459
random08-4.scen	17	52	9	82	6	0.01	0.12	NO SOLUTION	226	86	11936	3506
random08-4.scen	17	52	9	82	7	0.01	0.15	NO SOLUTION	379	159	15053	4529
random08-4.scen	17	52	9	82	8	0.02	0.19	NO SOLUTION	394	179	18634	5738
random08-4.scen	17	52	9	82	9	0.03	0.22	NO SOLUTION	613	282	22376	6941
random08-4.scen	17	52	9	82	10	0.02	0.26	NO SOLUTION	518	199	26537	8276
random08-4.scen	17	52	9	82	11	0.03	0.3	NO SOLUTION	793	254	30836	9646
random08-4.scen	17	52	9	82	12	0.05	0.36	NO SOLUTION	608	232	35471	11134
random08-4.scen	17	52	9	82	13	0.04	0.38	OK	763	250	40211	12651
random08-4.scen	18	52	9	87	0	0	0.02	NO SOLUTION	0	1	339	0
random08-4.scen	18	52	9	87	1	0	0.03	NO SOLUTION	0	1	1273	0
random08-4.scen	18	52	9	87	2	0	0.05	NO SOLUTION	0	1	2658	838
random08-4.scen	18	52	9	87	3	0	0.06	NO SOLUTION	0	1	4497	1488
random08-4.scen	18	52	9	87	4	0	0.08	NO SOLUTION	0	1	6938	2466
random08-4.scen	18	52	9	87	5	0	0.1	NO SOLUTION	51	14	9547	2642
random08-4.scen	18	52	9	87	6	0.01	0.14	NO SOLUTION	219	94	12710	3746
random08-4.scen	18	52	9	87	7	0.01	0.16	NO SOLUTION	445	123	16041	4832
random08-4.scen	18	52	9	87	8	0.02	0.21	NO SOLUTION	416	176	19883	6110
random08-4.scen	18	52	9	87	9	0.03	0.24	NO SOLUTION	483	206	23899	7396
random08-4.scen	18	52	9	87	10	0.03	0.28	NO SOLUTION	670	257	28353	8813
random08-4.scen	18	52	9	87	11	0.06	0.35	NO SOLUTION	1132	402	32950	10275
random08-4.scen	18	52	9	87	12	0.07	0.4	NO SOLUTION	765	370	37887	11848
random08-4.scen	18	52	9	87	13	0.11	0.47	NO SOLUTION	1093	581	42927	13455
random08-4.scen	18	52	9	87	14	0.23	0.63	NO SOLUTION	1484	763	48155	15127
random08-4.scen	18	52	9	87	15	0.21	0.64	NO SOLUTION	1839	674	53445	16820
random08-4.scen	18	52	9	87	16	0.49	0.97	NO SOLUTION	2981	976	58835	18550
random08-4.scen	18	52	9	87	17	0.32	0.84	OK	2660	972	64272	20290
random08-4.scen	19	52	9	91	0	0	0.02	NO SOLUTION	0	1	351	0
random08-4.scen	19	52	9	91	1	0	0.03	NO SOLUTION	0	1	1315	0
random08-4.scen	19	52	9	91	2	0	0.05	NO SOLUTION	0	1	2753	888
random08-4.scen	19	52	9	91	3	0	0.06	NO SOLUTION	0	1	4651	1563
random08-4.scen	19	52	9	91	4	0	0.08	NO SOLUTION	0	1	7188	2586
random08-4.scen	19	52	9	91	5	0	0.1	NO SOLUTION	51	14	9904	2771
random08-4.scen	19	52	9	91	6	0	0.15	NO SOLUTION	214	65	13224	3906
random08-4.scen	19	52	9	91	7	0.01	0.17	NO SOLUTION	376	149	16724	5039
random08-4.scen	19	52	9	91	8	0.02	0.21	NO SOLUTION	476	168	20768	6376
random08-4.scen	19	52	9	91	9	0.03	0.26	NO SOLUTION	521	235	24996	7719
random08-4.scen	19	52	9	91	10	0.03	0.3	NO SOLUTION	462	213	29691	9207
random08-4.scen	19	52	9	91	11	0.05	0.36	NO SOLUTION	966	361	34540	10742
random08-4.scen	19	52	9	91	12	0.05	0.4	NO SOLUTION	636	240	39745	12395
random08-4.scen	19	52	9	91	13	0.11	0.5	NO SOLUTION	1191	575	45058	14084
random08-4.scen	19	52	9	91	14	0.18	0.61	NO SOLUTION	1446	667	50564	15840
random08-4.scen	19	52	9	91	15	0.24	0.72	NO SOLUTION	1676	501	56136	17617
random08-4.scen	19	52	9	91	16	0.46	0.96	NO SOLUTION	2903	858	61814	19433
random08-4.scen	19	52	9	91	17	0.91	1.45	NO SOLUTION	5208	1630	67543	21259
random08-4.scen	19	52	9	91	18	0.61	1.22	OK	3389	1217	73330	23108
random08-4.scen	20	52	9	94	0	0	0.02	NO SOLUTION	0	1	354	0
random08-4.scen	20	52	9	94	1	0	0.03	NO SOLUTION	0	1	1338	0
random08-4.scen	20	52	9	94	2	0	0.05	NO SOLUTION	0	1	2825	918
random08-4.scen	20	52	9	94	3	0	0.06	NO SOLUTION	0	1	4767	1614
random08-4.scen	20	52	9	94	4	0	0.09	NO SOLUTION	0	1	7394	2667
random08-4.scen	20	52	9	94	5	0	0.11	NO SOLUTION	51	14	10206	2807
random08-4.scen	20	52	9	94	6	0	0.15	NO SOLUTION	162	53	13657	3958
random08-4.scen	20	52	9	94	7	0.01	0.17	NO SOLUTION	213	89	17298	5107
random08-4.scen	20	52	9	94	8	0.02	0.23	NO SOLUTION	440	183	21520	6473
random08-4.scen	20	52	9	94	9	0.02	0.26	NO SOLUTION	397	194	25935	7848
random08-4.scen	20	52	9	94	10	0.02	0.31	NO SOLUTION	408	150	30860	9378
random08-4.scen	20	52	9	94	11	0.03	0.36	NO SOLUTION	554	246	35950	10962
random08-4.scen	20	52	9	94	12	0.04	0.41	NO SOLUTION	624	224	41435	12668
random08-4.scen	20	52	9	94	13	0.09	0.49	NO SOLUTION	1176	416	47035	14419
random08-4.scen	20	52	9	94	14	0.11	0.57	NO SOLUTION	1127	339	52836	16244
random08-4.scen	20	52	9	94	15	0.14	0.63	NO SOLUTION	1334	368	58706	18100
random08-4.scen	20	52	9	94	16	0.22	0.76	NO SOLUTION	1304	478	64684	20000
random08-4.scen	20	52	9	94	17	0.18	0.77	NO SOLUTION	1792	550	70715	21912
random08-4.scen	20	52	9	94	18	0.35	1	NO SOLUTION	2258	512	76804	23848
random08-4.scen	20	52	9	94	19	0.31	1	NO SOLUTION	2506	797	82922	25789
random08-4.scen	20	52	9	94	20	0.59	1.33	NO SOLUTION	3451	836	89064	27740
random08-4.scen	20	52	9	94	21	0.73	1.51	NO SOLUTION	4144	1121	95224	29691
random08-4.scen	20	52	9	94	22	1.48	2.31	NO SOLUTION	8441	1906	101396	31646
random08-4.scen	20	52	9	94	23	1.39	2.28	OK	5269	1639	107576	33601
random08-4.scen	21	52	9	103	0	0	0.02	NO SOLUTION	0	1	388	0
random08-4.scen	21	52	9	103	1	0	0.03	NO SOLUTION	0	1	1471	0
random08-4.scen	21	52	9	103	2	0	0.06	NO SOLUTION	0	1	3061	1004
random08-4.scen	21	52	9	103	3	0	0.07	NO SOLUTION	0	1	5154	1755
random08-4.scen	21	52	9	103	4	0	0.09	NO SOLUTION	0	1	7953	2872
random08-4.scen	21	52	9	103	5	0	0.12	NO SOLUTION	56	14	10948	3002
random08-4.scen	21	52	9	103	6	0	0.16	NO SOLUTION	161	63	14598	4201
random08-4.scen	21	52	9	103	7	0.01	0.19	NO SOLUTION	274	115	18453	5403
random08-4.scen	21	52	9	103	8	0.02	0.24	NO SOLUTION	526	163	22920	6818
random08-4.scen	21	52	9	103	9	0.02	0.28	NO SOLUTION	605	217	27592	8247
random08-4.scen	21	52	9	103	10	0.02	0.33	NO SOLUTION	397	155	32798	9840
random08-4.scen	21	52	9	103	11	0.04	0.38	NO SOLUTION	700	267	38174	11492
random08-4.scen	21	52	9	103	12	0.05	0.44	NO SOLUTION	721	297	43952	13272
random08-4.scen	21	52	9	103	13	0.05	0.49	NO SOLUTION	717	331	49850	15106
random08-4.scen	21	52	9	103	14	0.08	0.56	NO SOLUTION	884	307	55951	17017
random08-4.scen	21	52	9	103	15	0.12	0.64	NO SOLUTION	951	304	62123	18960
random08-4.scen	21	52	9	103	16	0.1	0.68	NO SOLUTION	1061	300	68403	20948
random08-4.scen	21	52	9	103	17	0.14	0.78	NO SOLUTION	1109	407	74736	22948
random08-4.scen	21	52	9	103	18	0.17	0.86	NO SOLUTION	1602	364	81127	24972
random08-4.scen	21	52	9	103	19	0.22	0.96	NO SOLUTION	1956	716	87547	27001
random08-4.scen	21	52	9	103	20	0.25	1.04	NO SOLUTION	1666	599	93991	29040
random08-4.scen	21	52	9	103	21	0.31	1.15	NO SOLUTION	2615	685	100453	31079
random08-4.scen	21	52	9	103	22	0.32	1.22	NO SOLUTION	2361	774	106927	33122
random08-4.scen	21	52	9	103	23	0.38	1.33	NO SOLUTION	2806	796	113409	35165
random08-4.scen	21	52	9	103	24	0.68	1.67	NO SOLUTION	3945	1112	119894	37209
random08-4.scen	21	52	9	103	25	0.6	1.64	NO SOLUTION	2953	1065	126381	39253
random08-4.scen	21	52	9	103	26	0.65	1.76	NO SOLUTION	3395	1076	132868	41297
random08-4.scen	21	52	9	103	27	0.74	1.9	NO SOLUTION	4472	1232	139355	43341
random08-4.scen	21	52	9	103	28	1.03	2.25	NO SOLUTION	6491	1617	145842	45385
random08-4.scen	21	52	9	103	29	1.45	2.75	NO SOLUTION	4360	1462	152329	47429
random08-4.scen	21	52	9	103	30	2.05	3.42	NO SOLUTION	6142	2073	158816	49473
random08-4.scen	21	52	9	103	31	2.23	3.67	NO SOLUTION	8318	2321	165303	51517
random08-4.scen	21	52	9	103	32	3.08	4.59	NO SOLUTION	11834	2834	171790	53561
random08-4.scen	21	52	9	103	33	3.2	4.79	NO SOLUTION	10861	2881	178277	55605
random08-4.scen	21	52	9	103	34	4.18	5.83	OK	12910	3473	184764	57649
random08-4.scen	22	52	9	110	0	0	0.02	NO SOLUTION	0	1	408	0
random08-4.scen	22	52	9	110	1	0	0.03	NO SOLUTION	0	1	1536	0
random08-4.scen	22	52	9	110	2	0	0.06	NO SOLUTION	0	1	3243	1080
random08-4.scen	22	52	9	110	3	0	0.07	NO SOLUTION	0	1	5452	1885
random08-4.scen	22	52	9	110	4	0	0.1	NO SOLUTION	0	1	8421	3061
random08-4.scen	22	52	9	110	5	0	0.13	NO SOLUTION	62	14	11592	3200
random08-4.scen	22	52	9	110	6	0.01	0.17	NO SOLUTION	270	146	15457	4451
random08-4.scen	22	52	9	110	7	0.02	0.2	NO SOLUTION	313	141	19538	5712
random08-4.scen	22	52	9	110	8	0.02	0.26	NO SOLUTION	511	201	24248	7184
random08-4.scen	22	52	9	110	9	0.03	0.3	NO SOLUTION	534	194	29172	8684
random08-4.scen	22	52	9	110	10	0.03	0.36	NO SOLUTION	522	228	34646	10352
random08-4.scen	22	52	9	110	11	0.03	0.39	NO SOLUTION	470	184	40295	12080
random08-4.scen	22	52	9	110	12	0.04	0.46	NO SOLUTION	630	236	46351	13942
random08-4.scen	22	52	9	110	13	0.09	0.55	NO SOLUTION	1008	465	52531	15859
random08-4.scen	22	52	9	110	14	0.1	0.6	NO SOLUTION	1333	428	58920	17856
random08-4.scen	22	52	9	110	15	0.07	0.63	NO SOLUTION	889	263	65384	19885
random08-4.scen	22	52	9	110	16	0.29	0.91	NO SOLUTION	1232	527	71959	21960
random08-4.scen	22	52	9	110	17	0.15	0.83	NO SOLUTION	1691	429	78589	24047
random08-4.scen	22	52	9	110	18	0.22	0.95	NO SOLUTION	1459	518	85280	26159
random08-4.scen	22	52	9	110	19	0.24	1.02	NO SOLUTION	1872	695	92002	28276
random08-4.scen	22	52	9	110	20	0.25	1.09	NO SOLUTION	1783	518	98748	30403
random08-4.scen	22	52	9	110	21	0.23	1.11	NO SOLUTION	2306	493	105512	32530
random08-4.scen	22	52	9	110	22	0.57	1.51	NO SOLUTION	2622	665	112288	34661
random08-4.scen	22	52	9	110	23	0.37	1.37	NO SOLUTION	2265	634	119072	36792
random08-4.scen	22	52	9	110	24	0.82	1.88	NO SOLUTION	3677	1072	125859	38924
random08-4.scen	22	52	9	110	25	0.64	1.76	NO SOLUTION	3105	814	132648	41056
random08-4.scen	22	52	9	110	26	1.12	2.29	NO SOLUTION	3674	1221	139437	43188
random08-4.scen	22	52	9	110	27	1.08	2.32	NO SOLUTION	5369	1460	146226	45320
random08-4.scen	22	52	9	110	28	0.98	2.32	NO SOLUTION	4476	1131	153015	47452
random08-4.scen	22	52	9	110	29	0.98	2.37	NO SOLUTION	4304	1333	159804	49584
random08-4.scen	22	52	9	110	30	1.73	3.19	NO SOLUTION	5543	1890	166593	51716
random08-4.scen	22	52	9	110	31	2.14	3.69	NO SOLUTION	6774	1813	173382	53848
random08-4.scen	22	52	9	110	32	2.05	3.69	NO SOLUTION	8096	1823	180171	55980
random08-4.scen	22	52	9	110	33	3.03	4.77	NO SOLUTION	6641	2048	186960	58112
random08-4.scen	22	52	9	110	34	3.16	4.98	NO SOLUTION	8250	2241	193749	60244
random08-4.scen	22	52	9	110	35	4.57	6.45	NO SOLUTION	10606	3023	200538	62376
random08-4.scen	22	52	9	110	36	7.08	9.04	NO SOLUTION	22940	4451	207327	64508
random08-4.scen	22	52	9	110	37	4.5	6.55	OK	74161	3274	214116	66640
random08-4.scen	23	52	9	111	0	0	0.03	NO SOLUTION	0	1	409	0
random08-4.scen	23	52	9	111	1	0	0.04	NO SOLUTION	0	1	1545	0
random08-4.scen	23	52	9	111	2	0	0.06	NO SOLUTION	0	1	3282	1097
random08-4.scen	23	52	9	111	3	0	0.07	NO SOLUTION	0	1	5530	1921
random08-4.scen	23	52	9	111	4	0	0.1	NO SOLUTION	0	1	8559	3132
random08-4.scen	23	52	9	111	5	0	0.13	NO SOLUTION	59	14	11791	3254
random08-4.scen	23	52	9	111	6	0.01	0.17	NO SOLUTION	230	111	15736	4515
random08-4.scen	23	52	9	111	7	0.02	0.21	NO SOLUTION	364	176	19910	5796
random08-4.scen	23	52	9	111	8	0.01	0.26	NO SOLUTION	433	153	24743	7288
random08-4.scen	23	52	9	111	9	0.02	0.3	NO SOLUTION	410	168	29799	8828
random08-4.scen	23	52	9	111	10	0.02	0.36	NO SOLUTION	410	154	35423	10539
random08-4.scen	23	52	9	111	11	0.05	0.42	NO SOLUTION	867	291	41228	12315
random08-4.scen	23	52	9	111	12	0.04	0.47	NO SOLUTION	621	244	47460	14229
random08-4.scen	23	52	9	111	13	0.08	0.56	NO SOLUTION	1024	464	53829	16200
random08-4.scen	23	52	9	111	14	0.11	0.65	NO SOLUTION	1676	611	60445	18260
random08-4.scen	23	52	9	111	15	0.07	0.66	NO SOLUTION	906	295	67145	20357
random08-4.scen	23	52	9	111	16	0.12	0.78	NO SOLUTION	1366	349	73989	22510
random08-4.scen	23	52	9	111	17	0.24	0.96	NO SOLUTION	1330	440	80895	24680
random08-4.scen	23	52	9	111	18	0.19	0.96	NO SOLUTION	1988	738	87869	26877
random08-4.scen	23	52	9	111	19	0.23	1.05	NO SOLUTION	1835	544	94878	29079
random08-4.scen	23	52	9	111	20	0.27	1.15	NO SOLUTION	1995	564	101914	31292
random08-4.scen	23	52	9	111	21	0.34	1.28	NO SOLUTION	1923	662	108970	33505
random08-4.scen	23	52	9	111	22	0.41	1.41	NO SOLUTION	3173	1028	116041	35723
random08-4.scen	23	52	9	111	23	0.38	1.44	NO SOLUTION	2902	754	123122	37941
random08-4.scen	23	52	9	111	24	0.51	1.62	NO SOLUTION	2989	803	130209	40161
random08-4.scen	23	52	9	111	25	0.6	1.79	NO SOLUTION	3251	888	137300	42381
random08-4.scen	23	52	9	111	26	1.15	2.39	NO SOLUTION	3645	1035	144391	44601
random08-4.scen	23	52	9	111	27	0.74	2.08	NO SOLUTION	3393	843	151482	46821
random08-4.scen	23	52	9	111	28	1.22	2.63	NO SOLUTION	5126	1539	158573	49041
random08-4.scen	23	52	9	111	29	1.54	3.02	NO SOLUTION	4852	1483	165664	51261
random08-4.scen	23	52	9	111	30	1.6	3.35	NO SOLUTION	5803	1865	172755	53481
random08-4.scen	23	52	9	111	31	2.68	4.36	NO SOLUTION	8728	2341	179846	55701
random08-4.scen	23	52	9	111	32	3.08	4.84	NO SOLUTION	8668	2360	186937	57921
random08-4.scen	23	52	9	111	33	3.41	5.27	NO SOLUTION	8132	2570	194028	60141
random08-4.scen	23	52	9	111	34	3.27	5.19	NO SOLUTION	9931	2726	201119	62361
random08-4.scen	23	52	9	111	35	4.78	6.79	NO SOLUTION	14149	3502	208210	64581
random08-4.scen	23	52	9	111	36	8.23	10.34	NO SOLUTION	18725	5143	215301	66801
random08-4.scen	23	52	9	111	37	3.51	5.7	OK	10551	3079	222392	69021
random08-4.scen	24	52	9	119	0	0	0.03	NO SOLUTION	0	1	443	0
random08-4.scen	24	52	9	119	1	0	0.04	NO SOLUTION	0	1	1635	0
random08-4.scen	24	52	9	119	2	0	0.06	NO SOLUTION	0	1	3505	1173
random08-4.scen	24	52	9	119	3	0	0.08	NO SOLUTION	0	1	5899	2057
random08-4.scen	24	52	9	119	4	0	0.11	NO SOLUTION	0	1	9119	3342
random08-4.scen	24	52	9	119	5	0	0.15	NO SOLUTION	60	14	12542	3496
random08-4.scen	24	52	9	119	6	0.01	0.18	NO SOLUTION	247	120	16705	4834
random08-4.scen	24	52	9	119	7	0.02	0.22	NO SOLUTION	291	118	21119	6184
random08-4.scen	24	52	9	119	8	0.02	0.28	NO SOLUTION	452	179	26222	7731
random08-4.scen	24	52	9	119	9	0.02	0.32	NO SOLUTION	415	171	31557	9329
random08-4.scen	24	52	9	119	10	0.03	0.39	NO SOLUTION	600	215	37471	11110
random08-4.scen	24	52	9	119	11	0.04	0.44	NO SOLUTION	804	291	43567	12955
random08-4.scen	24	52	9	119	12	0.04	0.5	NO SOLUTION	569	243	50097	14945
random08-4.scen	24	52	9	119	13	0.07	0.58	NO SOLUTION	839	362	56768	17001
random08-4.scen	24	52	9	119	14	0.13	0.69	NO SOLUTION	1862	503	63686	19148
random08-4.scen	24	52	9	119	15	0.1	0.72	NO SOLUTION	1580	563	70688	21333
random08-4.scen	24	52	9	119	16	0.1	0.8	NO SOLUTION	1417	433	77834	23574
random08-4.scen	24	52	9	119	17	0.2	0.94	NO SOLUTION	1314	416	85042	25832
random08-4.scen	24	52	9	119	18	0.19	1	NO SOLUTION	1936	590	92318	28117
random08-4.scen	24	52	9	119	19	0.43	1.29	NO SOLUTION	1579	523	99629	30407
random08-4.scen	24	52	9	119	20	0.2	1.13	NO SOLUTION	1688	405	106967	32708
random08-4.scen	24	52	9	119	21	0.33	1.32	NO SOLUTION	2308	680	114325	35009
random08-4.scen	24	52	9	119	22	0.45	1.52	NO SOLUTION	2901	913	121698	37315
random08-4.scen	24	52	9	119	23	0.4	1.52	NO SOLUTION	1985	666	129081	39621
random08-4.scen	24	52	9	119	24	0.47	1.66	NO SOLUTION	2833	815	136470	41929
random08-4.scen	24	52	9	119	25	0.94	2.19	NO SOLUTION	3219	976	143863	44237
random08-4.scen	24	52	9	119	26	0.76	2.11	NO SOLUTION	3911	1159	151256	46545
random08-4.scen	24	52	9	119	27	1.23	2.66	NO SOLUTION	4379	1465	158649	48853
random08-4.scen	24	52	9	119	28	1.97	3.46	NO SOLUTION	4073	1450	166042	51161
random08-4.scen	24	52	9	119	29	1.23	2.81	NO SOLUTION	4446	1382	173435	53469
random08-4.scen	24	52	9	119	30	1.47	3.13	NO SOLUTION	8024	2097	180828	55777
random08-4.scen	24	52	9	119	31	2.97	4.75	NO SOLUTION	8169	2502	188221	58085
random08-4.scen	24	52	9	119	32	2.26	4.12	NO SOLUTION	8760	2097	195614	60393
random08-4.scen	24	52	9	119	33	4.36	6.31	NO SOLUTION	6958	2291	203007	62701
random08-4.scen	24	52	9	119	34	3.66	5.71	NO SOLUTION	13386	3316	210400	65009
random08-4.scen	24	52	9	119	35	5.54	7.68	NO SOLUTION	10517	3246	217793	67317
random08-4.scen	24	52	9	119	36	6.39	8.63	NO SOLUTION	10104	3509	225186	69625
random08-4.scen	24	52	9	119	37	11.36	13.69	NO SOLUTION	29075	5079	232579	71933
random08-4.scen	24	52	9	119	38	11.3	13.75	NO SOLUTION	25627	6766	239972	74241
