random40-3.scen	1	1291	21	21	0	0	0.06	OK	11	0	138	26
random40-3.scen	2	1291	21	24	0	0	0.06	OK	10	0	185	16
random40-3.scen	3	1291	51	75	0	0	0.13	OK	30	0	461	46
random40-3.scen	4	1291	51	94	0	0	0.12	OK	42	0	788	74
random40-3.scen	5	1291	51	115	0	0	0.14	OK	48	0	851	78
random40-3.scen	6	1291	51	149	0	0	0.17	OK	59	0	1133	106
random40-3.scen	7	1291	51	187	0	0	0.22	OK	83	0	1595	144
random40-3.scen	8	1291	51	201	0	0	0.23	OK	88	0	1674	149
random40-3.scen	9	1291	51	207	0	0	0.24	OK	91	0	1708	152
random40-3.scen	10	1291	51	211	0	0	0.26	OK	91	0	1712	152
random40-3.scen	11	1291	51	223	0	0	0.28	OK	97	0	1777	155
random40-3.scen	12	1291	51	257	0	0	0.31	NO SOLUTION	0	1	1963	178
random40-3.scen	12	1291	51	257	1	0	0.34	OK	142	1	6151	611
random40-3.scen	13	1291	51	298	0	0	0.34	NO SOLUTION	0	1	2198	199
random40-3.scen	13	1291	51	298	1	0	0.37	OK	167	1	6887	701
random40-3.scen	14	1291	51	330	0	0	0.38	NO SOLUTION	0	1	2396	217
random40-3.scen	14	1291	51	330	1	0	0.42	OK	201	1	7523	778
random40-3.scen	15	1291	51	336	0	0	0.4	NO SOLUTION	0	1	2433	221
random40-3.scen	15	1291	51	336	1	0	0.45	OK	206	1	7608	793
random40-3.scen	16	1291	51	357	0	0	0.43	NO SOLUTION	0	1	2523	229
random40-3.scen	16	1291	51	357	1	0	0.48	OK	265	2	7838	829
random40-3.scen	17	1291	51	385	0	0	0.5	NO SOLUTION	0	1	3365	276
random40-3.scen	17	1291	51	385	1	0	0.56	OK	282	2	10081	963
random40-3.scen	18	1291	51	429	0	0	0.61	NO SOLUTION	0	1	5081	352
random40-3.scen	18	1291	51	429	1	0	0.68	NO SOLUTION	172	18	14454	1185
random40-3.scen	18	1291	51	429	2	0.01	1.29	OK	787	36	33692	3989
random40-3.scen	19	1291	51	456	0	0	0.63	NO SOLUTION	0	1	5232	364
random40-3.scen	19	1291	51	456	1	0	0.72	NO SOLUTION	174	17	14926	1247
random40-3.scen	19	1291	51	456	2	0.01	1.36	OK	600	27	34521	4216
random40-3.scen	20	1291	51	478	0	0	0.67	NO SOLUTION	0	1	5267	367
random40-3.scen	20	1291	51	478	1	0	0.75	NO SOLUTION	188	16	15114	1268
random40-3.scen	20	1291	51	478	2	0.01	1.41	OK	630	27	35001	4389
random40-3.scen	21	1291	51	496	0	0	0.69	NO SOLUTION	0	1	5328	373
random40-3.scen	21	1291	51	496	1	0	0.79	NO SOLUTION	192	16	15287	1291
random40-3.scen	21	1291	51	496	2	0.01	1.47	OK	595	29	35396	4515
random40-3.scen	22	1291	51	526	0	0	0.74	NO SOLUTION	0	1	5554	396
random40-3.scen	22	1291	51	526	1	0	0.83	NO SOLUTION	210	16	16124	1374
random40-3.scen	22	1291	51	526	2	0.01	1.57	OK	670	21	36748	4815
random40-3.scen	23	1291	51	544	0	0	0.77	NO SOLUTION	0	1	5617	399
random40-3.scen	23	1291	51	544	1	0	0.86	NO SOLUTION	196	16	16298	1398
random40-3.scen	23	1291	51	544	2	0.01	1.62	OK	651	29	37117	4928
random40-3.scen	24	1291	51	564	0	0	0.82	NO SOLUTION	0	1	5811	421
random40-3.scen	24	1291	51	564	1	0	0.91	NO SOLUTION	209	16	16962	1462
random40-3.scen	24	1291	51	564	2	0.01	1.68	OK	679	25	38023	5140
random40-3.scen	25	1291	51	587	0	0	0.88	NO SOLUTION	0	1	6130	460
random40-3.scen	25	1291	51	587	1	0	1.01	NO SOLUTION	214	13	18136	1560
random40-3.scen	25	1291	51	587	2	0.01	1.85	OK	827	23	39317	5457
random40-3.scen	26	1291	51	605	0	0	0.94	NO SOLUTION	0	1	6243	469
random40-3.scen	26	1291	51	605	1	0	1.05	NO SOLUTION	235	20	18493	1595
random40-3.scen	26	1291	51	605	2	0.01	1.93	OK	844	23	39894	5609
random40-3.scen	27	1291	51	622	0	0	0.98	NO SOLUTION	0	1	6563	495
random40-3.scen	27	1291	51	622	1	0.01	1.1	NO SOLUTION	231	21	19480	1665
random40-3.scen	27	1291	51	622	2	0.01	1.99	OK	943	29	40924	5835
random40-3.scen	28	1291	51	639	0	0	1.03	NO SOLUTION	0	1	6658	505
random40-3.scen	28	1291	51	639	1	0.01	1.14	NO SOLUTION	247	20	19720	1704
random40-3.scen	28	1291	51	639	2	0.01	2.06	OK	898	19	41470	5970
random40-3.scen	29	1291	51	662	0	0	1.08	NO SOLUTION	0	1	6922	529
random40-3.scen	29	1291	51	662	1	0	1.19	NO SOLUTION	31	6	20627	1781
random40-3.scen	29	1291	51	662	2	0.01	2.12	OK	995	22	42509	6241
random40-3.scen	30	1291	51	691	0	0	1.13	NO SOLUTION	0	1	7137	556
random40-3.scen	30	1291	51	691	1	0	1.25	NO SOLUTION	32	6	21414	1863
random40-3.scen	30	1291	51	691	2	0.01	2.19	OK	944	20	43545	6501
random40-3.scen	31	1291	51	705	0	0	1.19	NO SOLUTION	0	1	7274	571
random40-3.scen	31	1291	51	705	1	0	1.3	NO SOLUTION	38	4	21957	1907
random40-3.scen	31	1291	51	705	2	0.01	2.27	OK	1038	22	44229	6663
random40-3.scen	32	1291	51	719	0	0	1.21	NO SOLUTION	0	1	7301	570
random40-3.scen	32	1291	51	719	1	0	1.34	NO SOLUTION	39	4	22061	1915
random40-3.scen	32	1291	51	719	2	0.02	2.34	OK	1263	28	44441	6739
random40-3.scen	33	1291	51	746	0	0	1.27	NO SOLUTION	0	1	7514	601
random40-3.scen	33	1291	51	746	1	0	1.39	NO SOLUTION	39	4	22821	2011
random40-3.scen	33	1291	51	746	2	0.02	2.44	OK	1336	29	45508	7019
random40-3.scen	34	1291	52	798	0	0	1.39	NO SOLUTION	0	1	8831	678
random40-3.scen	34	1291	52	798	1	0	1.56	NO SOLUTION	37	6	26427	2224
random40-3.scen	34	1291	52	798	2	0.02	2.72	OK	1544	30	49214	7795
random40-3.scen	35	1291	52	833	0	0	1.49	NO SOLUTION	0	1	9401	727
random40-3.scen	35	1291	52	833	1	0	1.65	NO SOLUTION	34	7	28217	2313
random40-3.scen	35	1291	52	833	2	0.02	2.86	OK	1496	27	51202	8164
random40-3.scen	36	1291	52	848	0	0	1.52	NO SOLUTION	0	1	9445	731
random40-3.scen	36	1291	52	848	1	0	1.69	NO SOLUTION	34	7	28389	2326
random40-3.scen	36	1291	52	848	2	0.02	2.91	OK	1578	29	51564	8262
random40-3.scen	37	1291	52	871	0	0	1.57	NO SOLUTION	0	1	9601	750
random40-3.scen	37	1291	52	871	1	0	1.75	NO SOLUTION	39	6	28970	2389
random40-3.scen	37	1291	52	871	2	0.02	2.98	OK	1612	30	52380	8479
random40-3.scen	38	1291	52	916	0	0	1.57	NO SOLUTION	0	1	7171	0
random40-3.scen	38	1291	52	916	1	0	1.81	NO SOLUTION	24	5	29868	2496
random40-3.scen	38	1291	52	916	2	0.01	3.09	NO SOLUTION	110	17	53864	8848
random40-3.scen	38	1291	52	916	3	0.06	3.41	NO SOLUTION	710	59	81278	15477
random40-3.scen	38	1291	52	916	4	0.08	4.76	OK	1349	67	118943	25290
random40-3.scen	39	1291	57	973	0	0	2	NO SOLUTION	0	1	8077	0
random40-3.scen	39	1291	57	973	1	0	2.27	NO SOLUTION	25	5	32488	2838
random40-3.scen	39	1291	57	973	2	0.01	3.75	NO SOLUTION	138	21	58710	9830
random40-3.scen	39	1291	57	973	3	0.06	4.14	NO SOLUTION	204	48	88914	17063
random40-3.scen	39	1291	57	973	4	0.21	5.8	NO SOLUTION	1699	137	130234	27812
random40-3.scen	39	1291	57	973	5	0.24	6.31	OK	2687	163	174954	39830
random40-3.scen	40	1291	57	1012	0	0	2.1	NO SOLUTION	0	1	8538	0
random40-3.scen	40	1291	57	1012	1	0	2.43	NO SOLUTION	26	6	33606	3038
random40-3.scen	40	1291	57	1012	2	0.01	3.98	NO SOLUTION	149	20	61617	10425
random40-3.scen	40	1291	57	1012	3	0.07	4.55	NO SOLUTION	458	56	93956	18147
random40-3.scen	40	1291	57	1012	4	0.26	6.22	NO SOLUTION	1279	129	138168	29727
random40-3.scen	40	1291	57	1012	5	0.25	6.66	OK	2636	131	185935	42732
random40-3.scen	41	1291	57	1022	0	0	2.16	NO SOLUTION	0	1	8607	0
random40-3.scen	41	1291	57	1022	1	0	2.5	NO SOLUTION	26	6	33739	3067
random40-3.scen	41	1291	57	1022	2	0.01	4.09	NO SOLUTION	139	16	61951	10523
random40-3.scen	41	1291	57	1022	3	0.07	4.56	NO SOLUTION	455	56	94492	18291
random40-3.scen	41	1291	57	1022	4	0.25	6.32	NO SOLUTION	1446	150	138990	29912
random40-3.scen	41	1291	57	1022	5	0.35	6.83	OK	2966	190	187066	42955
random40-3.scen	42	1291	57	1052	0	0	2.31	NO SOLUTION	0	1	9153	0
random40-3.scen	42	1291	57	1052	1	0	2.6	NO SOLUTION	30	6	34942	3272
random40-3.scen	42	1291	57	1052	2	0.01	4.31	NO SOLUTION	143	16	64667	11133
random40-3.scen	42	1291	57	1052	3	0.07	4.75	NO SOLUTION	591	65	98722	19333
random40-3.scen	42	1291	57	1052	4	0.28	6.5	NO SOLUTION	1596	160	144928	31657
random40-3.scen	42	1291	57	1052	5	0.38	7.12	OK	3313	186	194742	45399
random40-3.scen	43	1291	57	1094	0	0	2.41	NO SOLUTION	0	1	9658	0
random40-3.scen	43	1291	57	1094	1	0	2.74	NO SOLUTION	32	7	36178	3479
random40-3.scen	43	1291	57	1094	2	0.01	4.47	NO SOLUTION	150	16	67388	11704
random40-3.scen	43	1291	57	1094	3	0.08	4.94	NO SOLUTION	607	65	103132	20304
random40-3.scen	43	1291	57	1094	4	0.32	6.84	NO SOLUTION	1729	187	151597	33214
random40-3.scen	43	1291	57	1094	5	0.25	7.24	OK	2816	109	203795	47648
random40-3.scen	44	1291	57	1099	0	0	2.47	NO SOLUTION	0	1	9674	0
random40-3.scen	44	1291	57	1099	1	0.01	2.83	NO SOLUTION	32	7	36229	3486
random40-3.scen	44	1291	57	1099	2	0.02	4.58	NO SOLUTION	150	16	67538	11749
random40-3.scen	44	1291	57	1099	3	0.09	5.02	NO SOLUTION	614	65	103394	20377
random40-3.scen	44	1291	57	1099	4	0.33	6.93	NO SOLUTION	1749	186	152067	33341
random40-3.scen	44	1291	57	1099	5	0.39	7.54	OK	3249	177	204472	47859
random40-3.scen	45	1291	57	1117	0	0	2.54	NO SOLUTION	0	1	9735	0
random40-3.scen	45	1291	57	1117	1	0	2.85	NO SOLUTION	33	10	36399	3497
random40-3.scen	45	1291	57	1117	2	0.02	4.67	NO SOLUTION	150	17	68023	11846
random40-3.scen	45	1291	57	1117	3	0.08	5.12	NO SOLUTION	650	65	104264	20531
random40-3.scen	45	1291	57	1117	4	0.33	7.08	NO SOLUTION	1613	192	153563	33635
random40-3.scen	45	1291	57	1117	5	0.26	7.56	OK	2622	137	206670	48336
random40-3.scen	46	1291	57	1154	0	0	2.65	NO SOLUTION	0	1	9903	0
random40-3.scen	46	1291	57	1154	1	0	2.91	NO SOLUTION	0	1	36760	3699
random40-3.scen	46	1291	57	1154	2	0	4.74	NO SOLUTION	0	1	69055	12568
random40-3.scen	46	1291	57	1154	3	0.03	5.19	NO SOLUTION	361	41	106067	20701
random40-3.scen	46	1291	57	1154	4	0.11	7.01	NO SOLUTION	675	65	156421	34155
random40-3.scen	46	1291	57	1154	5	0.3	7.73	NO SOLUTION	950	123	210789	49143
random40-3.scen	46	1291	57	1154	6	0.76	10.06	NO SOLUTION	3026	251	277436	69365
random40-3.scen	46	1291	57	1154	7	1.09	11.07	OK	3436	263	347338	91574
random40-3.scen	47	1291	57	1181	0	0	2.66	NO SOLUTION	0	1	10093	0
random40-3.scen	47	1291	57	1181	1	0	2.99	NO SOLUTION	0	1	37202	3790
random40-3.scen	47	1291	57	1181	2	0	4.87	NO SOLUTION	0	1	70138	12853
random40-3.scen	47	1291	57	1181	3	0.03	5.34	NO SOLUTION	346	43	107890	21173
random40-3.scen	47	1291	57	1181	4	0.11	7.17	NO SOLUTION	680	65	159239	34968
random40-3.scen	47	1291	57	1181	5	0.25	7.9	NO SOLUTION	1006	134	214718	50381
random40-3.scen	47	1291	57	1181	6	0.95	10.43	NO SOLUTION	4916	303	282757	71223
random40-3.scen	47	1291	57	1181	7	1.11	11.36	OK	2803	336	354085	94060
random40-3.scen	48	1291	57	1187	0	0	2.71	NO SOLUTION	0	1	10121	0
random40-3.scen	48	1291	57	1187	1	0	3.05	NO SOLUTION	0	1	37251	3803
random40-3.scen	48	1291	57	1187	2	0	4.94	NO SOLUTION	0	1	70312	12908
random40-3.scen	48	1291	57	1187	3	0.04	5.39	NO SOLUTION	349	43	108183	21168
random40-3.scen	48	1291	57	1187	4	0.11	7.27	NO SOLUTION	693	65	159700	34992
random40-3.scen	48	1291	57	1187	5	0.25	8.05	NO SOLUTION	1393	130	215364	50435
random40-3.scen	48	1291	57	1187	6	0.78	10.46	NO SOLUTION	2279	209	283650	71318
random40-3.scen	48	1291	57	1187	7	0.74	11.12	OK	3406	214	355239	94198
random40-3.scen	49	1291	57	1203	0	0	2.77	NO SOLUTION	0	1	10166	0
random40-3.scen	49	1291	57	1203	1	0	3.13	NO SOLUTION	0	1	37386	3822
random40-3.scen	49	1291	57	1203	2	0	5.03	NO SOLUTION	0	1	70753	13034
random40-3.scen	49	1291	57	1203	3	0.04	5.49	NO SOLUTION	369	46	108964	21337
random40-3.scen	49	1291	57	1203	4	0.11	7.42	NO SOLUTION	536	81	161047	35322
random40-3.scen	49	1291	57	1203	5	0.26	8.16	NO SOLUTION	965	162	217303	50892
random40-3.scen	49	1291	57	1203	6	0.76	10.6	NO SOLUTION	2622	279	286267	72010
random40-3.scen	49	1291	57	1203	7	0.64	11.23	OK	3367	245	358553	95117
random40-3.scen	50	1291	57	1226	0	0	2.84	NO SOLUTION	0	1	10378	0
random40-3.scen	50	1291	57	1226	1	0	3.21	NO SOLUTION	0	1	37863	3922
random40-3.scen	50	1291	57	1226	2	0	5.17	NO SOLUTION	0	1	71877	13323
random40-3.scen	50	1291	57	1226	3	0.04	5.67	NO SOLUTION	375	45	110926	21791
random40-3.scen	50	1291	57	1226	4	0.17	7.67	NO SOLUTION	1054	108	164091	36087
random40-3.scen	50	1291	57	1226	5	0.29	8.39	NO SOLUTION	977	151	221773	52004
random40-3.scen	50	1291	57	1226	6	0.75	10.86	NO SOLUTION	3118	212	292276	73706
random40-3.scen	50	1291	57	1226	7	0.95	11.8	OK	3924	229	366258	97442
random40-3.scen	51	1291	57	1257	0	0	2.92	NO SOLUTION	0	1	10636	0
random40-3.scen	51	1291	57	1257	1	0	3.35	NO SOLUTION	0	1	38417	4051
random40-3.scen	51	1291	57	1257	2	0	5.25	NO SOLUTION	0	1	73358	13678
random40-3.scen	51	1291	57	1257	3	0.03	5.83	NO SOLUTION	360	43	113437	22387
random40-3.scen	51	1291	57	1257	4	0.1	7.84	NO SOLUTION	422	76	167989	37084
random40-3.scen	51	1291	57	1257	5	0.24	8.56	NO SOLUTION	819	103	227087	53564
random40-3.scen	51	1291	57	1257	6	0.69	11.04	NO SOLUTION	2506	219	299197	75852
random40-3.scen	51	1291	57	1257	7	0.64	11.73	OK	4196	183	374877	100263
random40-3.scen	52	1291	57	1288	0	0	3.04	NO SOLUTION	0	1	11085	0
random40-3.scen	52	1291	57	1288	1	0	3.45	NO SOLUTION	0	1	39627	4265
random40-3.scen	52	1291	57	1288	2	0	5.48	NO SOLUTION	0	1	75877	14322
random40-3.scen	52	1291	57	1288	3	0.05	5.98	NO SOLUTION	704	44	117451	23624
random40-3.scen	52	1291	57	1288	4	0.1	8.04	NO SOLUTION	520	81	173720	39073
random40-3.scen	52	1291	57	1288	5	0.26	8.88	NO SOLUTION	837	109	234633	56296
random40-3.scen	52	1291	57	1288	6	0.6	11.32	NO SOLUTION	2169	243	308883	79488
random40-3.scen	52	1291	57	1288	7	0.64	12.12	OK	3383	198	386805	104753
random40-3.scen	53	1291	57	1320	0	0	3.12	NO SOLUTION	0	1	11251	0
random40-3.scen	53	1291	57	1320	1	0	3.56	NO SOLUTION	0	1	40039	4350
random40-3.scen	53	1291	57	1320	2	0	5.56	NO SOLUTION	0	1	76923	14647
random40-3.scen	53	1291	57	1320	3	0.01	6.1	NO SOLUTION	167	17	119177	23715
random40-3.scen	53	1291	57	1320	4	0.04	8.16	NO SOLUTION	178	23	176346	39356
random40-3.scen	53	1291	57	1320	5	0.11	8.88	NO SOLUTION	707	36	238198	56732
random40-3.scen	53	1291	57	1320	6	0.27	11.16	NO SOLUTION	618	94	313572	80195
random40-3.scen	53	1291	57	1320	7	0.46	12.16	NO SOLUTION	729	145	392664	105688
random40-3.scen	53	1291	57	1320	8	1.48	15.5	NO SOLUTION	4547	256	484256	137468
random40-3.scen	53	1291	57	1320	9	2.24	17.57	OK	4814	389	578291	170234
random40-3.scen	54	1291	57	1353	0	0	3.2	NO SOLUTION	0	1	11422	0
random40-3.scen	54	1291	57	1353	1	0	3.6	NO SOLUTION	0	1	40435	4424
random40-3.scen	54	1291	57	1353	2	0	5.7	NO SOLUTION	0	1	78068	14992
random40-3.scen	54	1291	57	1353	3	0.02	6.21	NO SOLUTION	575	23	121238	24297
random40-3.scen	54	1291	57	1353	4	0.04	8.32	NO SOLUTION	194	24	179689	40377
random40-3.scen	54	1291	57	1353	5	0.11	9.05	NO SOLUTION	731	36	242910	58184
random40-3.scen	54	1291	57	1353	6	0.27	11.41	NO SOLUTION	622	94	319816	82231
random40-3.scen	54	1291	57	1353	7	0.51	12.37	NO SOLUTION	609	133	400471	108223
random40-3.scen	54	1291	57	1353	8	1.42	15.84	NO SOLUTION	3421	226	493785	140630
random40-3.scen	54	1291	57	1353	9	2.06	17.67	OK	4898	413	589629	173890
random40-3.scen	55	1291	57	1390	0	0	3.25	NO SOLUTION	0	1	11581	0
random40-3.scen	55	1291	57	1390	1	0	3.65	NO SOLUTION	0	1	40808	4492
random40-3.scen	55	1291	57	1390	2	0	5.82	NO SOLUTION	0	1	79152	15278
random40-3.scen	55	1291	57	1390	3	0.01	6.33	NO SOLUTION	185	12	123142	24760
random40-3.scen	55	1291	57	1390	4	0.04	8.52	NO SOLUTION	195	23	182836	41194
random40-3.scen	55	1291	57	1390	5	0.09	9.53	NO SOLUTION	483	31	247427	59407
random40-3.scen	55	1291	57	1390	6	0.25	11.64	NO SOLUTION	549	90	326093	83993
random40-3.scen	55	1291	57	1390	7	0.45	12.6	NO SOLUTION	495	113	408683	110591
random40-3.scen	55	1291	57	1390	8	1.3	16.05	NO SOLUTION	3809	272	504280	143801
random40-3.scen	55	1291	57	1390	9	1.03	17.14	OK	3990	202	602433	177927
random40-3.scen	56	1291	57	1420	0	0	3.34	NO SOLUTION	0	1	11877	0
random40-3.scen	56	1291	57	1420	1	0	3.78	NO SOLUTION	0	1	41477	4634
random40-3.scen	56	1291	57	1420	2	0	6.03	NO SOLUTION	0	1	80919	15698
random40-3.scen	56	1291	57	1420	3	0.01	6.55	NO SOLUTION	188	12	126111	25512
random40-3.scen	56	1291	57	1420	4	0.04	8.5	NO SOLUTION	274	18	187579	42627
random40-3.scen	56	1291	57	1420	5	0.12	9.48	NO SOLUTION	896	53	253976	61564
random40-3.scen	56	1291	57	1420	6	0.28	11.87	NO SOLUTION	624	107	334765	87093
random40-3.scen	56	1291	57	1420	7	0.48	12.97	NO SOLUTION	520	123	419380	114475
random40-3.scen	56	1291	57	1420	8	1.58	16.81	NO SOLUTION	4421	245	517133	148656
random40-3.scen	56	1291	57	1420	9	1.6	18.02	OK	4715	239	617414	183435
random40-3.scen	57	1291	57	1438	0	0	3.4	NO SOLUTION	0	1	11967	0
random40-3.scen	57	1291	57	1438	1	0	3.88	NO SOLUTION	0	1	41668	4674
random40-3.scen	57	1291	57	1438	2	0	6.1	NO SOLUTION	0	1	81501	15859
random40-3.scen	57	1291	57	1438	3	0.01	6.67	NO SOLUTION	190	12	127097	25757
random40-3.scen	57	1291	57	1438	4	0.04	8.67	NO SOLUTION	278	18	189224	43096
random40-3.scen	57	1291	57	1438	5	0.12	9.69	NO SOLUTION	892	53	256339	62279
random40-3.scen	57	1291	57	1438	6	0.26	12.11	NO SOLUTION	737	104	338030	88283
random40-3.scen	57	1291	57	1438	7	0.47	13.19	NO SOLUTION	526	116	423538	116099
random40-3.scen	57	1291	57	1438	8	1.31	16.85	NO SOLUTION	2744	232	522337	150749
random40-3.scen	57	1291	57	1438	9	0.87	17.54	OK	4603	208	623709	185928
random40-3.scen	58	1291	57	1465	0	0	3.52	NO SOLUTION	0	1	12210	0
random40-3.scen	58	1291	57	1465	1	0	3.95	NO SOLUTION	0	1	42211	4790
random40-3.scen	58	1291	57	1465	2	0	6.23	NO SOLUTION	0	1	82961	16238
random40-3.scen	58	1291	57	1465	3	0.01	6.84	NO SOLUTION	200	12	129531	26408
random40-3.scen	58	1291	57	1465	4	0.04	8.82	NO SOLUTION	282	18	193008	44225
random40-3.scen	58	1291	57	1465	5	0.12	9.9	NO SOLUTION	729	46	261422	63956
random40-3.scen	58	1291	57	1465	6	0.37	12.51	NO SOLUTION	945	112	344550	90671
random40-3.scen	58	1291	57	1465	7	0.5	13.54	NO SOLUTION	532	123	431495	119067
random40-3.scen	58	1291	57	1465	8	1.67	17.63	NO SOLUTION	3915	281	531884	154255
