random16-2.scen	1	212	16	16	0	0	0.02	OK	16	0	139	30
random16-2.scen	2	212	16	30	0	0	0.02	OK	33	0	288	57
random16-2.scen	3	212	16	37	0	0	0.02	OK	37	0	320	60
random16-2.scen	4	212	17	54	0	0	0.03	OK	34	0	400	72
random16-2.scen	5	212	17	61	0	0	0.03	OK	24	0	498	44
random16-2.scen	6	212	17	68	0	0	0.03	OK	27	0	536	47
random16-2.scen	7	212	17	79	0	0	0.04	OK	38	0	640	56
random16-2.scen	8	212	17	87	0	0	0.05	OK	41	0	688	60
random16-2.scen	9	212	17	104	0	0	0.04	OK	47	0	837	76
random16-2.scen	10	212	20	124	0	0	0.06	NO SOLUTION	0	1	1086	99
random16-2.scen	10	212	20	124	1	0	0.08	NO SOLUTION	0	1	2296	501
random16-2.scen	10	212	20	124	2	0	0.14	OK	123	6	11152	902
random16-2.scen	11	212	20	137	0	0	0.06	NO SOLUTION	0	1	1127	102
random16-2.scen	11	212	20	137	1	0	0.08	NO SOLUTION	0	1	2421	522
random16-2.scen	11	212	20	137	2	0	0.15	OK	124	9	11746	975
random16-2.scen	12	212	20	145	0	0	0.07	NO SOLUTION	0	1	1180	107
random16-2.scen	12	212	20	145	1	0	0.08	NO SOLUTION	0	1	2544	551
random16-2.scen	12	212	20	145	2	0	0.16	OK	135	9	12321	1043
random16-2.scen	13	212	20	151	0	0	0.07	NO SOLUTION	0	1	1112	0
random16-2.scen	13	212	20	151	1	0	0.09	NO SOLUTION	0	1	2671	577
random16-2.scen	13	212	20	151	2	0	0.16	NO SOLUTION	40	7	12865	967
random16-2.scen	13	212	20	151	3	0	0.21	NO SOLUTION	100	17	22028	1857
random16-2.scen	13	212	20	151	4	0.01	0.3	OK	259	23	31149	3401
random16-2.scen	14	212	20	170	0	0	0.07	NO SOLUTION	0	1	1306	0
random16-2.scen	14	212	20	170	1	0	0.09	NO SOLUTION	0	1	3140	678
random16-2.scen	14	212	20	170	2	0	0.17	NO SOLUTION	14	6	7378	1475
random16-2.scen	14	212	20	170	3	0	0.21	NO SOLUTION	59	11	12210	2564
random16-2.scen	14	212	20	170	4	0.01	0.33	OK	260	17	33187	3996
random16-2.scen	15	212	20	182	0	0	0.08	NO SOLUTION	0	1	1406	0
random16-2.scen	15	212	20	182	1	0	0.1	NO SOLUTION	0	1	3368	727
random16-2.scen	15	212	20	182	2	0	0.18	NO SOLUTION	13	6	7887	1615
random16-2.scen	15	212	20	182	3	0	0.22	NO SOLUTION	60	11	13072	2791
random16-2.scen	15	212	20	182	4	0.01	0.36	OK	272	17	34510	4342
random16-2.scen	16	212	20	196	0	0	0.09	NO SOLUTION	0	1	1552	0
random16-2.scen	16	212	20	196	1	0	0.11	NO SOLUTION	0	1	3715	804
random16-2.scen	16	212	20	196	2	0	0.21	NO SOLUTION	13	6	8736	1824
random16-2.scen	16	212	20	196	3	0	0.24	NO SOLUTION	63	11	14463	3167
random16-2.scen	16	212	20	196	4	0.01	0.38	OK	234	26	36472	4964
random16-2.scen	17	212	20	201	0	0	0.09	NO SOLUTION	0	1	1557	0
random16-2.scen	17	212	20	201	1	0	0.12	NO SOLUTION	0	1	3747	805
random16-2.scen	17	212	20	201	2	0	0.21	NO SOLUTION	13	6	8845	1845
random16-2.scen	17	212	20	201	3	0	0.25	NO SOLUTION	62	11	14661	3198
random16-2.scen	17	212	20	201	4	0.01	0.36	OK	245	19	22840	5479
random16-2.scen	18	212	20	213	0	0	0.1	NO SOLUTION	0	1	1674	0
random16-2.scen	18	212	20	213	1	0	0.12	NO SOLUTION	0	1	4015	865
random16-2.scen	18	212	20	213	2	0	0.22	NO SOLUTION	14	6	9509	1970
random16-2.scen	18	212	20	213	3	0	0.27	NO SOLUTION	63	10	15761	3414
random16-2.scen	18	212	20	213	4	0.01	0.39	OK	242	18	24459	5884
random16-2.scen	19	212	20	216	0	0	0.11	NO SOLUTION	0	1	1673	0
random16-2.scen	19	212	20	216	1	0	0.13	NO SOLUTION	0	1	4035	866
random16-2.scen	19	212	20	216	2	0	0.23	NO SOLUTION	15	6	9575	1980
random16-2.scen	19	212	20	216	3	0	0.28	NO SOLUTION	65	10	15880	3460
random16-2.scen	19	212	20	216	4	0	0.39	NO SOLUTION	94	10	24654	5978
random16-2.scen	19	212	20	216	5	0.01	0.48	OK	296	41	33738	8832
random16-2.scen	20	212	22	238	0	0	0.13	NO SOLUTION	0	1	1879	0
random16-2.scen	20	212	22	238	1	0	0.16	NO SOLUTION	0	1	7418	688
random16-2.scen	20	212	22	238	2	0	0.28	NO SOLUTION	16	5	10748	2241
random16-2.scen	20	212	22	238	3	0	0.33	NO SOLUTION	51	7	17805	3920
random16-2.scen	20	212	22	238	4	0	0.48	NO SOLUTION	93	10	27536	6843
random16-2.scen	20	212	22	238	5	0.01	0.57	OK	276	35	37613	10069
random16-2.scen	21	212	22	251	0	0	0.13	NO SOLUTION	0	1	1948	0
random16-2.scen	21	212	22	251	1	0	0.17	NO SOLUTION	0	1	7652	709
random16-2.scen	21	212	22	251	2	0	0.29	NO SOLUTION	16	5	11169	2389
random16-2.scen	21	212	22	251	3	0	0.34	NO SOLUTION	53	7	18488	4152
random16-2.scen	21	212	22	251	4	0	0.5	NO SOLUTION	98	10	28596	7211
random16-2.scen	21	212	22	251	5	0.01	0.59	NO SOLUTION	157	35	39112	10558
random16-2.scen	21	212	22	251	6	0.02	0.77	OK	412	72	51927	14945
random16-2.scen	22	212	22	263	0	0	0.14	NO SOLUTION	0	1	1995	0
random16-2.scen	22	212	22	263	1	0	0.18	NO SOLUTION	0	1	7790	732
random16-2.scen	22	212	22	263	2	0	0.3	NO SOLUTION	16	5	11477	2483
random16-2.scen	22	212	22	263	3	0	0.36	NO SOLUTION	53	7	19010	4313
random16-2.scen	22	212	22	263	4	0	0.52	NO SOLUTION	98	10	29417	7473
random16-2.scen	22	212	22	263	5	0.01	0.6	NO SOLUTION	157	35	40211	10929
random16-2.scen	22	212	22	263	6	0.02	0.79	OK	338	51	53350	15435
random16-2.scen	23	212	22	277	0	0	0.15	NO SOLUTION	0	1	2121	0
random16-2.scen	23	212	22	277	1	0	0.18	NO SOLUTION	0	1	5126	1118
random16-2.scen	23	212	22	277	2	0	0.32	NO SOLUTION	15	5	12129	2690
random16-2.scen	23	212	22	277	3	0	0.37	NO SOLUTION	51	7	20048	4670
random16-2.scen	23	212	22	277	4	0	0.55	NO SOLUTION	103	10	30942	8037
random16-2.scen	23	212	22	277	5	0.01	0.64	NO SOLUTION	162	35	42265	11668
random16-2.scen	23	212	22	277	6	0.02	0.83	OK	502	64	56076	16400
random16-2.scen	24	212	22	292	0	0	0.15	NO SOLUTION	0	1	2068	0
random16-2.scen	24	212	22	292	1	0	0.19	NO SOLUTION	0	1	5368	1180
random16-2.scen	24	212	22	292	2	0	0.33	NO SOLUTION	16	5	12739	2887
random16-2.scen	24	212	22	292	3	0	0.39	NO SOLUTION	54	7	21062	4993
random16-2.scen	24	212	22	292	4	0	0.57	NO SOLUTION	108	10	32552	8569
random16-2.scen	24	212	22	292	5	0.01	0.68	NO SOLUTION	141	29	44503	12416
random16-2.scen	24	212	22	292	6	0.03	0.89	NO SOLUTION	202	63	59040	17427
random16-2.scen	24	212	22	292	7	0.08	1.01	OK	694	111	74080	22329
random16-2.scen	25	212	22	304	0	0	0.16	NO SOLUTION	0	1	2132	0
random16-2.scen	25	212	22	304	1	0	0.2	NO SOLUTION	0	1	5523	1225
random16-2.scen	25	212	22	304	2	0	0.34	NO SOLUTION	17	5	13111	2983
random16-2.scen	25	212	22	304	3	0	0.41	NO SOLUTION	56	7	21688	5154
random16-2.scen	25	212	22	304	4	0	0.6	NO SOLUTION	111	10	33526	8857
random16-2.scen	25	212	22	304	5	0.01	0.7	NO SOLUTION	145	29	45862	12831
random16-2.scen	25	212	22	304	6	0.03	0.92	NO SOLUTION	203	63	60825	18003
random16-2.scen	25	212	22	304	7	0.08	1.05	OK	693	111	76318	23060
random16-2.scen	26	212	22	317	0	0	0.16	NO SOLUTION	0	1	2233	0
random16-2.scen	26	212	22	317	1	0	0.21	NO SOLUTION	0	1	5767	1284
random16-2.scen	26	212	22	317	2	0	0.36	NO SOLUTION	11	4	13683	3151
random16-2.scen	26	212	22	317	3	0	0.43	NO SOLUTION	65	9	22600	5453
random16-2.scen	26	212	22	317	4	0.01	0.62	NO SOLUTION	72	8	34846	9358
random16-2.scen	26	212	22	317	5	0.01	0.72	NO SOLUTION	112	26	47589	13496
random16-2.scen	26	212	22	317	6	0.04	0.99	NO SOLUTION	392	78	63056	18794
random16-2.scen	26	212	22	317	7	0.06	1.09	OK	634	71	79065	23965
random16-2.scen	27	212	22	325	0	0	0.17	NO SOLUTION	0	1	2247	0
random16-2.scen	27	212	22	325	1	0	0.22	NO SOLUTION	0	1	5827	1290
random16-2.scen	27	212	22	325	2	0	0.37	NO SOLUTION	11	4	13834	3199
random16-2.scen	27	212	22	325	3	0	0.45	NO SOLUTION	67	9	22874	5540
random16-2.scen	27	212	22	325	4	0.01	0.63	NO SOLUTION	74	8	35290	9503
random16-2.scen	27	212	22	325	5	0.01	0.74	NO SOLUTION	113	26	48206	13715
random16-2.scen	27	212	22	325	6	0.03	1	NO SOLUTION	213	59	63877	19076
random16-2.scen	27	212	22	325	7	0.06	1.12	OK	652	72	80106	24337
random16-2.scen	28	212	22	344	0	0	0.18	NO SOLUTION	0	1	2474	0
random16-2.scen	28	212	22	344	1	0	0.23	NO SOLUTION	0	1	6378	1431
random16-2.scen	28	212	22	344	2	0	0.39	NO SOLUTION	11	4	14973	3496
random16-2.scen	28	212	22	344	3	0	0.48	NO SOLUTION	66	7	24635	6014
random16-2.scen	28	212	22	344	4	0.01	0.66	NO SOLUTION	76	8	37708	10255
random16-2.scen	28	212	22	344	5	0.01	0.77	NO SOLUTION	111	27	51361	14694
random16-2.scen	28	212	22	344	6	0.04	0.99	NO SOLUTION	280	76	67878	20288
random16-2.scen	28	212	22	344	7	0.16	1.28	NO SOLUTION	835	197	84991	25796
random16-2.scen	28	212	22	344	8	0.29	1.63	NO SOLUTION	681	252	104509	32266
random16-2.scen	28	212	22	344	9	0.31	1.79	OK	1468	319	124513	38950
random16-2.scen	29	212	22	361	0	0	0.18	NO SOLUTION	0	1	2565	0
random16-2.scen	29	212	22	361	1	0	0.24	NO SOLUTION	0	1	6605	1481
random16-2.scen	29	212	22	361	2	0	0.4	NO SOLUTION	11	4	15523	3624
random16-2.scen	29	212	22	361	3	0	0.49	NO SOLUTION	67	7	25514	6270
random16-2.scen	29	212	22	361	4	0.01	0.69	NO SOLUTION	82	8	39102	10680
random16-2.scen	29	212	22	361	5	0.01	0.8	NO SOLUTION	114	27	53315	15275
random16-2.scen	29	212	22	361	6	0.04	1.06	NO SOLUTION	266	75	70624	21121
random16-2.scen	29	212	22	361	7	0.13	1.28	NO SOLUTION	686	154	88544	26903
random16-2.scen	29	212	22	361	8	0.21	1.62	NO SOLUTION	928	167	109000	33727
random16-2.scen	29	212	22	361	9	0.59	2.14	NO SOLUTION	1441	469	129954	40729
random16-2.scen	29	212	22	361	10	1.06	2.85	OK	3399	871	152969	48359
random16-2.scen	30	212	22	362	0	0	0.19	NO SOLUTION	0	1	2566	0
random16-2.scen	30	212	22	362	1	0	0.25	NO SOLUTION	0	1	6613	1482
random16-2.scen	30	212	22	362	2	0	0.41	NO SOLUTION	0	1	15566	4451
random16-2.scen	30	212	22	362	3	0	0.5	NO SOLUTION	68	6	25601	5854
random16-2.scen	30	212	22	362	4	0	0.71	NO SOLUTION	78	10	39265	10338
random16-2.scen	30	212	22	362	5	0.01	0.82	NO SOLUTION	119	31	53578	14905
random16-2.scen	30	212	22	362	6	0.03	1.07	NO SOLUTION	656	40	71030	20725
random16-2.scen	30	212	22	362	7	0.03	1.2	NO SOLUTION	416	71	89106	26473
random16-2.scen	30	212	22	362	8	0.07	1.48	NO SOLUTION	632	103	109736	33255
random16-2.scen	30	212	22	362	9	0.26	1.9	NO SOLUTION	1459	386	130869	40345
random16-2.scen	30	212	22	362	10	0.61	2.46	NO SOLUTION	2511	617	154085	47991
random16-2.scen	30	212	22	362	11	0.51	2.53	NO SOLUTION	1341	408	177820	55617
random16-2.scen	30	212	22	362	12	1.85	4.21	NO SOLUTION	3617	1259	203538	63807
random16-2.scen	30	212	22	362	13	3.24	5.8	NO SOLUTION	5273	1751	229813	72020
random16-2.scen	30	212	22	362	14	1.31	4.23	OK	3648	834	258047	80747
random16-2.scen	31	212	22	369	0	0	0.2	NO SOLUTION	0	1	2616	0
random16-2.scen	31	212	22	369	1	0	0.25	NO SOLUTION	0	1	6744	1513
random16-2.scen	31	212	22	369	2	0	0.44	NO SOLUTION	0	1	15894	4556
random16-2.scen	31	212	22	369	3	0	0.51	NO SOLUTION	71	6	26152	5990
random16-2.scen	31	212	22	369	4	0.01	0.72	NO SOLUTION	81	10	40114	10562
random16-2.scen	31	212	22	369	5	0.01	0.83	NO SOLUTION	123	31	54749	15194
random16-2.scen	31	212	22	369	6	0.03	1.1	NO SOLUTION	557	37	72577	21067
random16-2.scen	31	212	22	369	7	0.03	1.23	NO SOLUTION	425	63	91021	26952
random16-2.scen	31	212	22	369	8	0.08	1.52	NO SOLUTION	799	111	112062	33860
random16-2.scen	31	212	22	369	9	0.21	1.82	NO SOLUTION	1046	292	133631	41092
random16-2.scen	31	212	22	369	10	0.64	2.54	NO SOLUTION	3128	465	157344	48871
random16-2.scen	31	212	22	369	11	0.79	2.86	NO SOLUTION	1845	689	181623	56628
random16-2.scen	31	212	22	369	12	0.9	3.33	NO SOLUTION	2776	591	207964	64972
random16-2.scen	31	212	22	369	13	3.58	6.23	NO SOLUTION	8502	1793	234884	73356
random16-2.scen	31	212	22	369	14	2.31	5.3	OK	4907	1317	263822	82270
random16-2.scen	32	212	22	375	0	0	0.21	NO SOLUTION	0	1	2651	0
random16-2.scen	32	212	22	375	1	0	0.27	NO SOLUTION	0	1	6841	1533
random16-2.scen	32	212	22	375	2	0	0.45	NO SOLUTION	0	1	16111	4621
random16-2.scen	32	212	22	375	3	0	0.53	NO SOLUTION	72	6	26510	6038
random16-2.scen	32	212	22	375	4	0	0.74	NO SOLUTION	84	10	40662	10627
random16-2.scen	32	212	22	375	5	0.01	0.86	NO SOLUTION	125	31	55454	15318
random16-2.scen	32	212	22	375	6	0.03	1.12	NO SOLUTION	572	37	73477	21248
random16-2.scen	32	212	22	375	7	0.04	1.28	NO SOLUTION	447	84	92119	27180
random16-2.scen	32	212	22	375	8	0.09	1.57	NO SOLUTION	665	110	113429	34124
random16-2.scen	32	212	22	375	9	0.19	1.83	NO SOLUTION	943	264	135297	41404
random16-2.scen	32	212	22	375	10	0.72	2.63	NO SOLUTION	2513	527	159374	49241
random16-2.scen	32	212	22	375	11	0.81	2.94	NO SOLUTION	2044	697	184046	57087
random16-2.scen	32	212	22	375	12	1.8	4.3	NO SOLUTION	4938	1138	210852	65532
random16-2.scen	32	212	22	375	13	2.78	5.49	NO SOLUTION	3534	1407	238256	74034
random16-2.scen	32	212	22	375	14	3.31	6.36	OK	5544	1564	267743	83074
random16-2.scen	33	212	22	381	0	0	0.21	NO SOLUTION	0	1	2681	0
random16-2.scen	33	212	22	381	1	0	0.27	NO SOLUTION	0	1	6931	1555
random16-2.scen	33	212	22	381	2	0	0.46	NO SOLUTION	0	1	16346	4706
random16-2.scen	33	212	22	381	3	0	0.54	NO SOLUTION	74	6	26907	6021
random16-2.scen	33	212	22	381	4	0.01	0.76	NO SOLUTION	86	10	41256	10666
random16-2.scen	33	212	22	381	5	0.01	0.89	NO SOLUTION	128	31	56265	15351
random16-2.scen	33	212	22	381	6	0.03	1.16	NO SOLUTION	766	47	74591	21289
random16-2.scen	33	212	22	381	7	0.03	1.3	NO SOLUTION	443	65	93550	27236
random16-2.scen	33	212	22	381	8	0.05	1.57	NO SOLUTION	440	70	115256	34206
random16-2.scen	33	212	22	381	9	0.19	1.87	NO SOLUTION	1894	280	137536	41543
random16-2.scen	33	212	22	381	10	0.45	2.4	NO SOLUTION	1945	411	162106	49489
random16-2.scen	33	212	22	381	11	0.73	2.88	NO SOLUTION	2374	781	187303	57456
random16-2.scen	33	212	22	381	12	1.55	4.13	NO SOLUTION	3476	1062	214747	66079
random16-2.scen	33	212	22	381	13	4.29	7.1	NO SOLUTION	4840	1545	242819	74767
random16-2.scen	33	212	22	381	14	5.75	8.9	NO SOLUTION	18200	2440	273051	84035
random16-2.scen	33	212	22	381	15	5.96	9.36	NO SOLUTION	11241	2360	303849	93436
random16-2.scen	33	212	22	381	16	8.93	12.67	OK	11793	2624	336401	103333
random16-2.scen	34	212	22	396	0	0	0.22	NO SOLUTION	0	1	2738	0
random16-2.scen	34	212	22	396	1	0	0.3	NO SOLUTION	0	1	7096	1585
random16-2.scen	34	212	22	396	2	0	0.47	NO SOLUTION	0	1	16770	4860
random16-2.scen	34	212	22	396	3	0	0.56	NO SOLUTION	76	6	27661	6308
random16-2.scen	34	212	22	396	4	0.01	0.78	NO SOLUTION	89	10	42410	11085
random16-2.scen	34	212	22	396	5	0.01	0.91	NO SOLUTION	129	31	57840	15905
random16-2.scen	34	212	22	396	6	0.04	1.2	NO SOLUTION	781	49	76753	21978
random16-2.scen	34	212	22	396	7	0.03	1.34	NO SOLUTION	449	65	96304	28058
random16-2.scen	34	212	22	396	8	0.05	1.64	NO SOLUTION	419	69	118768	35249
random16-2.scen	34	212	22	396	9	0.17	1.93	NO SOLUTION	1395	282	141803	42774
random16-2.scen	34	212	22	396	10	0.33	2.38	NO SOLUTION	1301	293	167241	50964
random16-2.scen	34	212	22	396	11	0.57	2.82	NO SOLUTION	2844	664	193318	59162
random16-2.scen	34	212	22	396	12	1.52	4.16	NO SOLUTION	3012	1047	221711	68063
random16-2.scen	34	212	22	396	13	2.55	5.5	NO SOLUTION	4306	1396	250754	77018
random16-2.scen	34	212	22	396	14	3.68	6.95	NO SOLUTION	6592	1438	282022	86583
random16-2.scen	34	212	22	396	15	7.05	10.6	NO SOLUTION	16477	3222	313875	96281
random16-2.scen	34	212	22	396	16	7.32	11.23	OK	12389	2583	347545	106505
random16-2.scen	35	212	22	410	0	0	0.22	NO SOLUTION	0	1	2774	0
random16-2.scen	35	212	22	410	1	0	0.29	NO SOLUTION	0	1	7232	1615
random16-2.scen	35	212	22	410	2	0	0.48	NO SOLUTION	0	1	17173	5016
random16-2.scen	35	212	22	410	3	0	0.57	NO SOLUTION	0	1	28346	8585
random16-2.scen	35	212	22	410	4	0	0.8	NO SOLUTION	0	1	43527	14014
random16-2.scen	35	212	22	410	5	0.01	0.94	NO SOLUTION	121	17	59400	15819
random16-2.scen	35	212	22	410	6	0.04	1.23	NO SOLUTION	799	49	78865	22151
random16-2.scen	35	212	22	410	7	0.03	1.39	NO SOLUTION	459	65	99011	28325
random16-2.scen	35	212	22	410	8	0.05	1.68	NO SOLUTION	456	69	122159	35673
random16-2.scen	35	212	22	410	9	0.15	1.96	NO SOLUTION	1659	299	145906	43360
random16-2.scen	35	212	22	410	10	0.33	2.43	NO SOLUTION	1436	408	172155	51747
random16-2.scen	35	212	22	410	11	0.99	3.37	NO SOLUTION	2873	700	199071	60138
random16-2.scen	35	212	22	410	12	0.83	3.56	NO SOLUTION	2632	617	228412	69277
random16-2.scen	35	212	22	410	13	1.37	4.36	NO SOLUTION	2976	1038	258431	78448
random16-2.scen	35	212	22	410	14	2.92	6.32	NO SOLUTION	5297	1257	290757	88246
random16-2.scen	35	212	22	410	15	3.81	7.48	NO SOLUTION	8425	1868	323684	98181
random16-2.scen	35	212	22	410	16	5.72	9.75	NO SOLUTION	9232	2310	358482	108671
random16-2.scen	35	212	22	410	17	8.64	12.95	NO SOLUTION	14604	3012	393805	119376
random16-2.scen	35	212	22	410	18	10.26	14.98	NO SOLUTION	33770	3418	430770	130552
