random32-2.scen	1	819	24	24	0	0	0.04	OK	10	0	250	24
random32-2.scen	2	819	33	57	0	0	0.07	OK	19	0	346	31
random32-2.scen	3	819	43	100	0	0	0.08	OK	28	0	537	41
random32-2.scen	4	819	43	129	0	0	0.1	OK	42	0	765	62
random32-2.scen	5	819	43	146	0	0	0.12	OK	50	0	910	77
random32-2.scen	6	819	43	176	0	0	0.15	OK	63	0	1416	117
random32-2.scen	7	819	43	182	0	0	0.15	OK	62	0	1445	116
random32-2.scen	8	819	43	199	0	0	0.16	NO SOLUTION	0	1	1215	0
random32-2.scen	8	819	43	199	1	0	0.19	NO SOLUTION	0	1	4813	423
random32-2.scen	8	819	43	199	2	0	0.42	OK	126	5	15619	1387
random32-2.scen	9	819	43	215	0	0	0.2	NO SOLUTION	0	1	1418	0
random32-2.scen	9	819	43	215	1	0	0.22	NO SOLUTION	0	1	5752	489
random32-2.scen	9	819	43	215	2	0	0.47	OK	149	6	17793	1591
random32-2.scen	10	819	43	232	0	0	0.22	NO SOLUTION	0	1	1553	0
random32-2.scen	10	819	43	232	1	0	0.25	NO SOLUTION	0	1	6289	538
random32-2.scen	10	819	43	232	2	0	0.51	OK	157	5	19246	1733
random32-2.scen	11	819	43	262	0	0	0.26	NO SOLUTION	0	1	1908	0
random32-2.scen	11	819	43	262	1	0	0.29	NO SOLUTION	0	1	7942	655
random32-2.scen	11	819	43	262	2	0	0.6	OK	202	6	23189	2084
random32-2.scen	12	819	43	291	0	0	0.28	NO SOLUTION	0	1	2132	0
random32-2.scen	12	819	43	291	1	0	0.33	NO SOLUTION	0	1	8771	740
random32-2.scen	12	819	43	291	2	0	0.66	OK	216	6	25722	2326
random32-2.scen	13	819	43	322	0	0	0.3	NO SOLUTION	0	1	2226	0
random32-2.scen	13	819	43	322	1	0	0.36	NO SOLUTION	0	1	9049	773
random32-2.scen	13	819	43	322	2	0	0.71	OK	228	6	26915	2509
random32-2.scen	14	819	43	350	0	0	0.33	NO SOLUTION	0	1	2480	0
random32-2.scen	14	819	43	350	1	0	0.4	NO SOLUTION	0	1	10166	864
random32-2.scen	14	819	43	350	2	0.01	0.77	OK	364	6	28337	2827
random32-2.scen	15	819	43	359	0	0	0.34	NO SOLUTION	0	1	2532	0
random32-2.scen	15	819	43	359	1	0	0.42	NO SOLUTION	0	1	10286	886
random32-2.scen	15	819	43	359	2	0.01	0.84	OK	364	9	28611	2897
random32-2.scen	16	819	43	383	0	0	0.37	NO SOLUTION	0	1	2667	0
random32-2.scen	16	819	43	383	1	0	0.54	NO SOLUTION	0	1	10782	943
random32-2.scen	16	819	43	383	2	0.01	0.88	OK	238	7	29447	3097
random32-2.scen	17	819	43	402	0	0	0.42	NO SOLUTION	0	1	2840	0
random32-2.scen	17	819	43	402	1	0	0.48	NO SOLUTION	0	1	11456	1007
random32-2.scen	17	819	43	402	2	0.01	0.92	OK	263	8	30248	3303
random32-2.scen	18	819	43	423	0	0	0.43	NO SOLUTION	0	1	2972	0
random32-2.scen	18	819	43	423	1	0	0.51	NO SOLUTION	0	1	11918	1058
random32-2.scen	18	819	43	423	2	0.01	0.96	OK	273	11	30923	3475
random32-2.scen	19	819	43	452	0	0	0.47	NO SOLUTION	0	1	3242	0
random32-2.scen	19	819	43	452	1	0	0.55	NO SOLUTION	0	1	13153	1151
random32-2.scen	19	819	43	452	2	0.01	1.07	OK	267	8	32302	3798
random32-2.scen	20	819	43	481	0	0	0.48	NO SOLUTION	0	1	3385	0
random32-2.scen	20	819	43	481	1	0	0.58	NO SOLUTION	0	1	13648	1212
random32-2.scen	20	819	43	481	2	0.01	1.11	OK	282	10	33115	4018
random32-2.scen	21	819	43	494	0	0	0.51	NO SOLUTION	0	1	3412	0
random32-2.scen	21	819	43	494	1	0	0.59	NO SOLUTION	0	1	13747	1220
random32-2.scen	21	819	43	494	2	0.01	1.12	OK	267	7	33341	4084
random32-2.scen	22	819	43	507	0	0	0.52	NO SOLUTION	0	1	3425	0
random32-2.scen	22	819	43	507	1	0	0.62	NO SOLUTION	0	1	13827	1221
random32-2.scen	22	819	43	507	2	0.01	1.17	OK	258	6	33547	4138
random32-2.scen	23	819	47	554	0	0	0.69	NO SOLUTION	0	1	4140	0
random32-2.scen	23	819	47	554	1	0	0.8	NO SOLUTION	0	1	17397	1440
random32-2.scen	23	819	47	554	2	0.01	1.46	OK	316	7	37240	4726
random32-2.scen	24	819	47	561	0	0	0.7	NO SOLUTION	0	1	4147	0
random32-2.scen	24	819	47	561	1	0	0.82	NO SOLUTION	0	1	17441	1441
random32-2.scen	24	819	47	561	2	0	1.49	NO SOLUTION	0	1	37360	5131
random32-2.scen	24	819	47	561	3	0	1.64	NO SOLUTION	0	1	53830	9085
random32-2.scen	24	819	47	561	4	0	2.35	NO SOLUTION	0	1	76998	15198
random32-2.scen	24	819	47	561	5	0	2.54	NO SOLUTION	0	1	102172	22115
random32-2.scen	24	819	47	561	6	0	3.23	NO SOLUTION	0	1	133260	31335
random32-2.scen	24	819	47	561	7	0	3.46	NO SOLUTION	0	1	165536	41437
random32-2.scen	24	819	47	561	8	0	4.37	NO SOLUTION	0	1	203156	53810
random32-2.scen	24	819	47	561	9	0	4.66	NO SOLUTION	0	1	241929	66794
random32-2.scen	24	819	47	561	10	0	5.47	NO SOLUTION	0	1	285385	82498
random32-2.scen	24	819	47	561	11	0	6	NO SOLUTION	0	1	329746	98497
random32-2.scen	24	819	47	561	12	0	6.94	NO SOLUTION	0	1	378094	116791
random32-2.scen	24	819	47	561	13	0	7.57	NO SOLUTION	0	1	427100	134942
random32-2.scen	24	819	47	561	14	0	8.86	NO SOLUTION	0	1	465274	155154
random32-2.scen	24	819	47	561	15	0	9.56	NO SOLUTION	0	1	518827	174723
random32-2.scen	24	819	47	561	16	0	10.95	NO SOLUTION	0	1	575803	196002
random32-2.scen	24	819	47	561	17	0	11.75	NO SOLUTION	0	1	633483	216731
