random24-2.scen	1	462	14	14	0	0	0.02	OK	8	0	90	18
random24-2.scen	2	462	20	34	0	0	0.03	OK	12	0	191	36
random24-2.scen	3	462	23	57	0	0	0.03	OK	18	0	309	26
random24-2.scen	4	462	23	74	0	0	0.04	OK	20	0	333	26
random24-2.scen	5	462	23	88	0	0	0.04	OK	21	0	390	32
random24-2.scen	6	462	23	105	0	0	0.05	OK	30	0	637	52
random24-2.scen	7	462	23	123	0	0	0.06	OK	37	0	851	72
random24-2.scen	8	462	23	143	0	0	0.06	OK	41	0	897	69
random24-2.scen	9	462	23	157	0	0	0.07	OK	39	0	941	68
random24-2.scen	10	462	23	178	0	0	0.07	OK	41	0	981	70
random24-2.scen	11	462	23	193	0	0	0.08	OK	43	0	1092	82
random24-2.scen	12	462	23	216	0	0	0.08	OK	48	0	1170	85
random24-2.scen	13	462	23	230	0	0	0.09	OK	58	0	1348	101
random24-2.scen	14	462	23	240	0	0	0.09	OK	58	0	1365	101
random24-2.scen	15	462	23	254	0	0	0.1	NO SOLUTION	0	1	1182	0
random24-2.scen	15	462	23	254	1	0	0.12	NO SOLUTION	0	1	4694	438
random24-2.scen	15	462	23	254	2	0	0.24	OK	187	24	7954	2112
random24-2.scen	16	462	25	279	0	0	0.11	NO SOLUTION	0	1	1317	0
random24-2.scen	16	462	25	279	1	0	0.14	NO SOLUTION	0	1	5222	492
random24-2.scen	16	462	25	279	2	0	0.29	OK	198	24	8882	2344
random24-2.scen	17	462	25	302	0	0	0.12	NO SOLUTION	0	1	1401	0
random24-2.scen	17	462	25	302	1	0	0.15	NO SOLUTION	0	1	5513	528
random24-2.scen	17	462	25	302	2	0	0.31	OK	242	22	9491	2525
random24-2.scen	18	462	25	318	0	0	0.13	NO SOLUTION	0	1	1516	0
random24-2.scen	18	462	25	318	1	0	0.16	NO SOLUTION	0	1	6007	574
random24-2.scen	18	462	25	318	2	0	0.32	NO SOLUTION	44	9	10236	2708
random24-2.scen	18	462	25	318	3	0.01	0.39	NO SOLUTION	176	62	17526	4437
random24-2.scen	18	462	25	318	4	0.03	0.64	OK	607	97	42667	6766
random24-2.scen	19	462	25	337	0	0	0.14	NO SOLUTION	0	1	1822	0
random24-2.scen	19	462	25	337	1	0	0.18	NO SOLUTION	0	1	7060	644
random24-2.scen	19	462	25	337	2	0	0.35	NO SOLUTION	47	19	11450	3005
random24-2.scen	19	462	25	337	3	0.01	0.44	NO SOLUTION	227	79	19466	4955
random24-2.scen	19	462	25	337	4	0.02	0.68	OK	574	117	45247	7551
random24-2.scen	20	462	25	346	0	0	0.15	NO SOLUTION	0	1	1831	0
random24-2.scen	20	462	25	346	1	0	0.19	NO SOLUTION	0	1	7116	645
random24-2.scen	20	462	25	346	2	0	0.37	NO SOLUTION	47	19	11627	3065
random24-2.scen	20	462	25	346	3	0.01	0.44	NO SOLUTION	227	58	19790	5054
random24-2.scen	20	462	25	346	4	0.02	0.7	OK	574	105	45833	7701
random24-2.scen	21	462	25	367	0	0	0.16	NO SOLUTION	0	1	1861	0
random24-2.scen	21	462	25	367	1	0	0.2	NO SOLUTION	0	1	7257	650
random24-2.scen	21	462	25	367	2	0	0.39	NO SOLUTION	49	19	12098	3202
random24-2.scen	21	462	25	367	3	0.01	0.46	NO SOLUTION	196	52	20657	5288
random24-2.scen	21	462	25	367	4	0.05	0.77	NO SOLUTION	688	151	47220	8128
random24-2.scen	21	462	25	367	5	0.04	0.83	OK	581	116	47645	13058
random24-2.scen	22	462	27	394	0	0	0.2	NO SOLUTION	0	1	2250	0
random24-2.scen	22	462	27	394	1	0	0.26	NO SOLUTION	0	1	9192	774
random24-2.scen	22	462	27	394	2	0	0.47	NO SOLUTION	52	19	14197	3687
random24-2.scen	22	462	27	394	3	0.01	0.57	NO SOLUTION	187	70	24065	6175
random24-2.scen	22	462	27	394	4	0.07	0.94	NO SOLUTION	591	149	51783	9494
random24-2.scen	22	462	27	394	5	0.12	1.07	OK	631	219	54083	15102
random24-2.scen	23	462	27	406	0	0	0.22	NO SOLUTION	0	1	2347	0
random24-2.scen	23	462	27	406	1	0	0.27	NO SOLUTION	0	1	9559	810
random24-2.scen	23	462	27	406	2	0	0.49	NO SOLUTION	54	19	14705	3821
random24-2.scen	23	462	27	406	3	0.01	0.59	NO SOLUTION	190	70	24883	6394
random24-2.scen	23	462	27	406	4	0.06	0.96	NO SOLUTION	393	122	53055	9809
random24-2.scen	23	462	27	406	5	0.05	1.04	OK	558	114	55789	15549
random24-2.scen	24	462	27	416	0	0	0.22	NO SOLUTION	0	1	2357	0
random24-2.scen	24	462	27	416	1	0	0.28	NO SOLUTION	0	1	9802	833
random24-2.scen	24	462	27	416	2	0	0.51	NO SOLUTION	40	10	15111	3929
random24-2.scen	24	462	27	416	3	0.01	0.6	NO SOLUTION	120	59	25562	6582
random24-2.scen	24	462	27	416	4	0.04	0.97	NO SOLUTION	481	88	54121	10122
random24-2.scen	24	462	27	416	5	0.12	1.14	NO SOLUTION	567	225	57275	16025
random24-2.scen	24	462	27	416	6	0.1	1.45	OK	944	169	77880	22901
random24-2.scen	25	462	27	425	0	0	0.23	NO SOLUTION	0	1	2379	0
random24-2.scen	25	462	27	425	1	0	0.29	NO SOLUTION	0	1	9876	841
random24-2.scen	25	462	27	425	2	0	0.53	NO SOLUTION	37	9	15334	3928
random24-2.scen	25	462	27	425	3	0.01	0.62	NO SOLUTION	140	47	25970	6580
random24-2.scen	25	462	27	425	4	0.03	0.98	NO SOLUTION	232	83	55096	10257
random24-2.scen	25	462	27	425	5	0.06	1.1	NO SOLUTION	341	138	58337	16200
random24-2.scen	25	462	27	425	6	0.17	1.56	NO SOLUTION	1093	256	79333	23275
random24-2.scen	25	462	27	425	7	0.38	1.94	NO SOLUTION	791	305	101160	30559
random24-2.scen	25	462	27	425	8	0.1	2.07	OK	907	146	126787	39349
random24-2.scen	26	462	27	438	0	0	0.24	NO SOLUTION	0	1	2452	0
random24-2.scen	26	462	27	438	1	0	0.3	NO SOLUTION	0	1	10160	867
random24-2.scen	26	462	27	438	2	0	0.56	NO SOLUTION	39	9	15874	4076
random24-2.scen	26	462	27	438	3	0.01	0.65	NO SOLUTION	142	47	26887	6886
random24-2.scen	26	462	27	438	4	0.03	0.98	NO SOLUTION	607	90	42958	11623
random24-2.scen	26	462	27	438	5	0.05	1.14	NO SOLUTION	429	162	60265	17083
random24-2.scen	26	462	27	438	6	0.16	1.59	NO SOLUTION	1030	262	81869	24418
random24-2.scen	26	462	27	438	7	0.39	2	NO SOLUTION	1272	414	104374	31879
random24-2.scen	26	462	27	438	8	0.17	2.21	OK	1099	243	130812	40804
random24-2.scen	27	462	27	452	0	0	0.26	NO SOLUTION	0	1	2480	0
random24-2.scen	27	462	27	452	1	0	0.31	NO SOLUTION	0	1	10264	876
random24-2.scen	27	462	27	452	2	0	0.57	NO SOLUTION	40	9	16151	4168
random24-2.scen	27	462	27	452	3	0.01	0.66	NO SOLUTION	143	47	27392	7028
random24-2.scen	27	462	27	452	4	0.03	1.01	NO SOLUTION	478	94	43815	11850
random24-2.scen	27	462	27	452	5	0.05	1.17	NO SOLUTION	392	146	61515	17419
random24-2.scen	27	462	27	452	6	0.15	1.63	NO SOLUTION	571	228	83610	24894
random24-2.scen	27	462	27	452	7	0.33	1.98	NO SOLUTION	799	318	106607	32529
random24-2.scen	27	462	27	452	8	0.17	2.25	OK	1429	300	133591	41667
random24-2.scen	28	462	27	469	0	0	0.26	NO SOLUTION	0	1	2620	0
random24-2.scen	28	462	27	469	1	0	0.32	NO SOLUTION	0	1	10771	929
random24-2.scen	28	462	27	469	2	0	0.6	NO SOLUTION	40	9	16887	4306
random24-2.scen	28	462	27	469	3	0.01	0.7	NO SOLUTION	158	50	28619	7260
random24-2.scen	28	462	27	469	4	0.03	1.04	NO SOLUTION	454	81	45720	12281
random24-2.scen	28	462	27	469	5	0.06	1.21	NO SOLUTION	502	155	64131	18061
random24-2.scen	28	462	27	469	6	0.14	1.67	NO SOLUTION	467	150	87076	25843
random24-2.scen	28	462	27	469	7	0.34	2.06	NO SOLUTION	932	318	110892	33806
random24-2.scen	28	462	27	469	8	0.18	2.37	OK	1338	252	138753	43330
random24-2.scen	29	462	27	493	0	0	0.27	NO SOLUTION	0	1	2829	0
random24-2.scen	29	462	27	493	1	0	0.35	NO SOLUTION	0	1	11603	1005
random24-2.scen	29	462	27	493	2	0	0.62	NO SOLUTION	49	11	18145	4597
random24-2.scen	29	462	27	493	3	0.01	0.73	NO SOLUTION	140	50	30737	7826
random24-2.scen	29	462	27	493	4	0.03	1.1	NO SOLUTION	491	92	48907	13285
random24-2.scen	29	462	27	493	5	0.06	1.29	NO SOLUTION	526	156	68363	19472
random24-2.scen	29	462	27	493	6	0.15	1.76	NO SOLUTION	532	186	92565	27666
random24-2.scen	29	462	27	493	7	0.37	2.19	NO SOLUTION	749	313	117698	36048
random24-2.scen	29	462	27	493	8	0.12	2.41	OK	908	173	147125	46130
random24-2.scen	30	462	27	501	0	0	0.28	NO SOLUTION	0	1	2904	0
random24-2.scen	30	462	27	501	1	0	0.36	NO SOLUTION	0	1	11886	1032
random24-2.scen	30	462	27	501	2	0	0.65	NO SOLUTION	50	11	18550	4681
random24-2.scen	30	462	27	501	3	0.01	0.75	NO SOLUTION	142	50	31411	7974
random24-2.scen	30	462	27	501	4	0.03	1.13	NO SOLUTION	345	91	49933	13536
random24-2.scen	30	462	27	501	5	0.07	1.33	NO SOLUTION	824	149	69714	19846
random24-2.scen	30	462	27	501	6	0.14	1.8	NO SOLUTION	629	182	94285	28197
random24-2.scen	30	462	27	501	7	0.42	2.29	NO SOLUTION	936	342	119794	36711
random24-2.scen	30	462	27	501	8	0.17	2.52	OK	1188	204	149699	46960
random24-2.scen	31	462	27	521	0	0	0.3	NO SOLUTION	0	1	3177	0
random24-2.scen	31	462	27	521	1	0	0.38	NO SOLUTION	0	1	13187	1119
random24-2.scen	31	462	27	521	2	0	0.67	NO SOLUTION	78	18	19941	4989
random24-2.scen	31	462	27	521	3	0.01	0.8	NO SOLUTION	165	54	33651	8541
random24-2.scen	31	462	27	521	4	0.04	1.18	NO SOLUTION	403	97	53196	14437
random24-2.scen	31	462	27	521	5	0.06	1.38	NO SOLUTION	353	107	74014	21096
random24-2.scen	31	462	27	521	6	0.16	1.9	NO SOLUTION	709	166	99722	29888
random24-2.scen	31	462	27	521	7	0.41	2.43	NO SOLUTION	1122	404	126470	38778
random24-2.scen	31	462	27	521	8	0.19	2.63	OK	1480	227	157664	49506
random24-2.scen	32	462	27	533	0	0	0.31	NO SOLUTION	0	1	3233	0
random24-2.scen	32	462	27	533	1	0	0.39	NO SOLUTION	0	1	13339	1142
random24-2.scen	32	462	27	533	2	0	0.69	NO SOLUTION	84	16	20375	5119
random24-2.scen	32	462	27	533	3	0.01	0.82	NO SOLUTION	164	51	34376	8819
random24-2.scen	32	462	27	533	4	0.04	1.21	NO SOLUTION	408	97	54313	14944
random24-2.scen	32	462	27	533	5	0.08	1.43	NO SOLUTION	486	156	75519	21821
random24-2.scen	32	462	27	533	6	0.16	1.95	NO SOLUTION	620	210	101771	30808
random24-2.scen	32	462	27	533	7	0.35	2.44	NO SOLUTION	808	255	129054	39845
random24-2.scen	32	462	27	533	8	0.15	2.7	OK	1310	216	160908	50798
random24-2.scen	33	462	27	542	0	0	0.32	NO SOLUTION	0	1	3323	0
random24-2.scen	33	462	27	542	1	0	0.41	NO SOLUTION	0	1	13693	1174
random24-2.scen	33	462	27	542	2	0	0.71	NO SOLUTION	36	4	20840	5018
random24-2.scen	33	462	27	542	3	0	0.84	NO SOLUTION	151	20	35126	8829
random24-2.scen	33	462	27	542	4	0.01	1.22	NO SOLUTION	136	24	55441	15025
random24-2.scen	33	462	27	542	5	0.03	1.43	NO SOLUTION	336	78	77028	21983
random24-2.scen	33	462	27	542	6	0.08	1.89	NO SOLUTION	694	141	103728	31090
random24-2.scen	33	462	27	542	7	0.09	2.21	NO SOLUTION	588	150	131453	40216
random24-2.scen	33	462	27	542	8	0.21	2.8	NO SOLUTION	934	271	163852	51306
random24-2.scen	33	462	27	542	9	0.37	3.27	NO SOLUTION	1368	407	197243	62404
random24-2.scen	33	462	27	542	10	0.73	4.21	NO SOLUTION	1908	528	235377	75465
random24-2.scen	33	462	27	542	11	1.79	5.67	NO SOLUTION	2584	748	274466	88458
random24-2.scen	33	462	27	542	12	0.65	5.34	OK	1606	377	318186	103313
random24-2.scen	34	462	27	545	0	0	0.33	NO SOLUTION	0	1	3326	0
random24-2.scen	34	462	27	545	1	0	0.42	NO SOLUTION	0	1	13713	1175
random24-2.scen	34	462	27	545	2	0	0.72	NO SOLUTION	37	4	20907	4992
random24-2.scen	34	462	27	545	3	0.01	0.86	NO SOLUTION	151	20	35252	8786
random24-2.scen	34	462	27	545	4	0.01	1.24	NO SOLUTION	138	24	55666	14994
random24-2.scen	34	462	27	545	5	0.03	1.45	NO SOLUTION	362	91	77367	21976
random24-2.scen	34	462	27	545	6	0.07	1.96	NO SOLUTION	509	83	104274	31144
random24-2.scen	34	462	27	545	7	0.14	2.26	NO SOLUTION	741	164	132223	40309
random24-2.scen	34	462	27	545	8	0.25	2.89	NO SOLUTION	1250	298	164952	51496
random24-2.scen	34	462	27	545	9	0.4	3.32	NO SOLUTION	939	355	198666	62686
random24-2.scen	34	462	27	545	10	0.69	4.23	NO SOLUTION	1187	344	237171	75904
random24-2.scen	34	462	27	545	11	1.55	5.47	NO SOLUTION	4549	870	276653	89023
random24-2.scen	34	462	27	545	12	1.35	6.14	OK	2883	650	320851	104029
random24-2.scen	35	462	27	554	0	0	0.34	NO SOLUTION	0	1	3374	0
random24-2.scen	35	462	27	554	1	0	0.44	NO SOLUTION	0	1	13890	1196
random24-2.scen	35	462	27	554	2	0	0.75	NO SOLUTION	10	4	21227	4720
random24-2.scen	35	462	27	554	3	0	0.91	NO SOLUTION	54	11	35770	8675
random24-2.scen	35	462	27	554	4	0.01	1.27	NO SOLUTION	128	27	56464	15013
random24-2.scen	35	462	27	554	5	0.02	1.47	NO SOLUTION	220	30	78480	22021
random24-2.scen	35	462	27	554	6	0.07	1.99	NO SOLUTION	665	106	105795	31319
random24-2.scen	35	462	27	554	7	0.09	2.26	NO SOLUTION	716	132	134179	40614
random24-2.scen	35	462	27	554	8	0.24	2.89	NO SOLUTION	1030	282	167456	51949
random24-2.scen	35	462	27	554	9	0.31	3.32	NO SOLUTION	1021	337	201759	63331
random24-2.scen	35	462	27	554	10	0.41	4.04	NO SOLUTION	1157	370	240976	76742
random24-2.scen	35	462	27	554	11	0.73	4.77	NO SOLUTION	1561	496	281227	90059
random24-2.scen	35	462	27	554	12	1.12	6.03	NO SOLUTION	1830	578	326322	105288
random24-2.scen	35	462	27	554	13	3.06	7.88	NO SOLUTION	3112	1154	372526	120532
random24-2.scen	35	462	27	554	14	5.13	10.7	NO SOLUTION	3980	1270	423267	137508
random24-2.scen	35	462	27	554	15	13.41	19.42	NO SOLUTION	9398	2700	475234	154360
