random08-4.scen	1	52	9	9	0	0	0.01	OK	4	0	46	4
random08-4.scen	2	52	9	13	0	0	0.01	OK	35	0	457	116
random08-4.scen	3	52	9	19	0	0	0.01	OK	36	0	666	172
random08-4.scen	4	52	9	24	0	0	0.01	OK	55	0	888	230
random08-4.scen	5	52	9	24	0	0	0.02	OK	56	0	1475	377
random08-4.scen	6	52	9	26	0	0	0.02	OK	125	0	2203	597
random08-4.scen	7	52	9	28	0	0	0.03	OK	179	0	2781	751
random08-4.scen	8	52	9	30	0	0	0.03	OK	233	2	3286	884
random08-4.scen	9	52	9	37	0	0	0.03	OK	249	2	3409	917
random08-4.scen	10	52	9	42	0	0	0.03	OK	225	0	3627	1010
random08-4.scen	11	52	9	49	0	0	0.03	OK	266	4	3861	1098
random08-4.scen	12	52	9	52	0	0	0.04	OK	234	0	4338	1259
random08-4.scen	13	52	9	57	0	0	0.04	OK	392	4	4785	1438
random08-4.scen	14	52	9	59	0	0	0.04	OK	293	0	5145	1589
random08-4.scen	15	52	9	67	0	0	0.05	OK	485	6	5186	1596
random08-4.scen	16	52	9	76	0	0	0.05	OK	451	6	5264	1623
random08-4.scen	17	52	9	82	0	0	0.05	OK	356	10	5567	1745
random08-4.scen	18	52	9	87	0	0	0.06	OK	427	33	5941	1904
random08-4.scen	19	52	9	91	0	0	0.05	OK	362	8	6273	2046
random08-4.scen	20	52	9	94	0	0	0.06	OK	406	9	6678	2199
random08-4.scen	21	52	9	103	0	0	0.05	NO SOLUTION	0	1	6712	2198
random08-4.scen	21	52	9	103	1	0	0.07	OK	359	7	9451	3180
random08-4.scen	22	52	9	110	0	0	0.06	NO SOLUTION	0	1	6854	2259
random08-4.scen	22	52	9	110	1	0	0.08	OK	381	5	9695	3274
random08-4.scen	23	52	9	111	0	0	0.06	NO SOLUTION	0	1	7316	2443
random08-4.scen	23	52	9	111	1	0	0.08	OK	476	11	10286	3499
random08-4.scen	24	52	9	119	0	0	0.06	NO SOLUTION	0	1	7394	2459
random08-4.scen	24	52	9	119	1	0	0.08	OK	445	8	10474	3562
random08-4.scen	25	52	9	121	0	0	0.07	NO SOLUTION	0	1	7884	2652
random08-4.scen	25	52	9	121	1	0	0.09	OK	1062	38	11106	3776
random08-4.scen	26	52	9	122	0	0	0.07	NO SOLUTION	0	1	8166	2760
random08-4.scen	26	52	9	122	1	0	0.09	OK	852	26	11470	3905
random08-4.scen	27	52	9	124	0	0	0.07	NO SOLUTION	0	1	8810	2966
random08-4.scen	27	52	9	124	1	0	0.1	OK	934	31	12341	4178
random08-4.scen	28	52	9	127	0	0	0.08	NO SOLUTION	0	1	9273	3124
random08-4.scen	28	52	9	127	1	0.01	0.1	OK	1019	60	12929	4368
random08-4.scen	29	52	9	133	0	0	0.07	NO SOLUTION	0	1	9588	3234
random08-4.scen	29	52	9	133	1	0.01	0.11	OK	962	43	13401	4512
random08-4.scen	30	52	9	138	0	0	0.08	NO SOLUTION	0	1	9996	3360
random08-4.scen	30	52	9	138	1	0.01	0.12	OK	1015	172	13959	4680
random08-4.scen	31	52	9	139	0	0	0.08	NO SOLUTION	0	1	10646	3564
random08-4.scen	31	52	9	139	1	0.01	0.12	OK	1203	126	14778	4927
random08-4.scen	32	52	9	144	0	0	0.08	NO SOLUTION	0	1	11020	3690
random08-4.scen	32	52	9	144	1	0.01	0.12	OK	1008	98	15314	5101
random08-4.scen	33	52	11	155	0	0.01	0.17	OK	1338	114	20550	6114
random08-4.scen	34	52	11	158	0	0.01	0.17	OK	558	61	21020	6004
random08-4.scen	35	52	11	162	0	0.02	0.19	OK	1187	243	21791	6161
random08-4.scen	36	52	11	166	0	0.01	0.18	OK	1018	130	22467	6354
random08-4.scen	37	52	11	168	0	0.35	0.53	OK	9140	4140	23494	6628
random08-4.scen	38	52	11	174	0	0.2	0.38	OK	5347	2235	23944	6667
random08-4.scen	39	52	11	179	0	2.58	2.77	OK	46402	29252	24739	6884
random08-4.scen	40	52	11	182	0	7.05	7.24	OK	111094	77754	25383	7080
random08-4.scen	41	52	11	183	0	27.93	28.13	OK	362918	271587	26023	7282
