empty16-2.scen	1	256	3	3	0	0	0.02	OK	2	1	16	1
empty16-2.scen	2	256	16	19	0	0	0.02	OK	18	1	303	48
empty16-2.scen	3	256	16	29	0	0	0.03	OK	25	1	396	62
empty16-2.scen	4	256	17	46	0	0	0.04	OK	44	1	734	113
empty16-2.scen	5	256	17	59	0	0	0.04	OK	52	1	932	148
empty16-2.scen	6	256	17	71	0	0	0.04	OK	55	1	1011	158
empty16-2.scen	7	256	17	74	0	0	0.06	OK	62	1	1027	159
empty16-2.scen	8	256	17	91	0	0	0.06	OK	71	1	1358	209
empty16-2.scen	9	256	19	110	0	0	0.07	OK	69	1	2770	148
empty16-2.scen	10	256	19	127	0	0	0.09	OK	86	1	3407	175
empty16-2.scen	11	256	19	137	0	0	0.09	OK	92	1	3506	181
empty16-2.scen	12	256	19	147	0	0	0.1	OK	89	1	3694	194
empty16-2.scen	13	256	19	148	0	0	0.1	OK	87	1	3695	193
empty16-2.scen	14	256	19	158	0	0	0.11	OK	103	1	3850	206
empty16-2.scen	15	256	19	172	0	0	0.11	NO SOLUTION	43	24	4275	227
empty16-2.scen	15	256	19	172	1	0	0.16	OK	172	34	11207	808
empty16-2.scen	16	256	19	190	0	0	0.13	NO SOLUTION	45	23	5003	256
empty16-2.scen	16	256	19	190	1	0	0.17	OK	223	34	12981	920
empty16-2.scen	17	256	19	198	0	0	0.13	NO SOLUTION	52	23	5123	263
empty16-2.scen	17	256	19	198	1	0	0.18	OK	231	34	13351	940
empty16-2.scen	18	256	19	204	0	0	0.14	NO SOLUTION	54	23	5173	266
empty16-2.scen	18	256	19	204	1	0	0.19	OK	237	34	13527	954
empty16-2.scen	19	256	19	214	0	0	0.14	NO SOLUTION	50	22	5266	274
empty16-2.scen	19	256	19	214	1	0	0.2	OK	249	34	13913	991
empty16-2.scen	20	256	19	230	0	0	0.15	NO SOLUTION	60	29	5758	299
empty16-2.scen	20	256	19	230	1	0	0.22	OK	231	34	15182	1083
empty16-2.scen	21	256	19	249	0	0	0.17	NO SOLUTION	36	19	6451	326
empty16-2.scen	21	256	19	249	1	0	0.22	OK	1315	38	8890	1609
empty16-2.scen	22	256	19	263	0	0	0.18	NO SOLUTION	50	24	6777	349
empty16-2.scen	22	256	19	263	1	0.01	0.38	NO SOLUTION	1495	70	9389	1704
empty16-2.scen	22	256	19	263	2	0.01	0.36	OK	601	59	20440	4695
empty16-2.scen	23	256	19	273	0	0	0.18	NO SOLUTION	0	1	6781	0
empty16-2.scen	23	256	19	273	1	0.01	0.39	NO SOLUTION	1558	49	9460	1689
empty16-2.scen	23	256	19	273	2	0.01	0.63	NO SOLUTION	518	52	20710	4762
empty16-2.scen	23	256	19	273	3	0.01	0.48	OK	523	46	32686	8471
empty16-2.scen	24	256	19	288	0	0	0.19	NO SOLUTION	0	1	6943	0
empty16-2.scen	24	256	19	288	1	0.01	0.41	NO SOLUTION	1398	45	9843	1781
empty16-2.scen	24	256	19	288	2	0.01	0.66	NO SOLUTION	526	60	21597	5017
empty16-2.scen	24	256	19	288	3	0.01	0.49	OK	568	76	34111	8893
empty16-2.scen	25	256	19	296	0	0	0.19	NO SOLUTION	0	1	7017	0
empty16-2.scen	25	256	19	296	1	0.01	0.41	NO SOLUTION	1605	49	10016	1818
empty16-2.scen	25	256	19	296	2	0.01	0.68	NO SOLUTION	519	60	22050	5145
empty16-2.scen	25	256	19	296	3	0.01	0.51	OK	612	78	34861	9142
empty16-2.scen	26	256	19	303	0	0	0.2	NO SOLUTION	0	1	7080	0
empty16-2.scen	26	256	19	303	1	0.01	0.42	NO SOLUTION	1292	56	10161	1852
empty16-2.scen	26	256	19	303	2	0.01	0.71	NO SOLUTION	665	88	22436	5251
empty16-2.scen	26	256	19	303	3	0.01	0.52	OK	666	75	35464	9339
empty16-2.scen	27	256	20	323	0	0	0.23	NO SOLUTION	0	1	7919	0
empty16-2.scen	27	256	20	323	1	0.01	0.49	NO SOLUTION	1684	48	11207	2033
empty16-2.scen	27	256	20	323	2	0.01	0.8	NO SOLUTION	725	78	24620	5800
empty16-2.scen	27	256	20	323	3	0.02	0.59	OK	692	82	38754	10344
empty16-2.scen	28	256	20	328	0	0	0.23	NO SOLUTION	0	1	7903	0
empty16-2.scen	28	256	20	328	1	0.01	0.49	NO SOLUTION	1274	69	11242	1969
empty16-2.scen	28	256	20	328	2	0.01	0.8	NO SOLUTION	819	77	24763	5715
empty16-2.scen	28	256	20	328	3	0.02	0.98	NO SOLUTION	698	89	39020	10244
empty16-2.scen	28	256	20	328	4	0.04	0.85	OK	904	86	57639	16430
empty16-2.scen	29	256	22	350	0	0	0.28	NO SOLUTION	0	1	8880	0
empty16-2.scen	29	256	22	350	1	0.01	0.6	NO SOLUTION	1491	63	12411	2163
empty16-2.scen	29	256	22	350	2	0.01	0.95	NO SOLUTION	949	87	27120	6289
empty16-2.scen	29	256	22	350	3	0.02	1.15	NO SOLUTION	786	73	42585	11273
empty16-2.scen	29	256	22	350	4	0.05	1	OK	868	81	62529	17976
empty16-2.scen	30	256	22	367	0	0	0.3	NO SOLUTION	0	1	9407	0
empty16-2.scen	30	256	22	367	1	0.01	0.62	NO SOLUTION	1484	64	13153	2294
empty16-2.scen	30	256	22	367	2	0.01	1	NO SOLUTION	871	71	28687	6719
empty16-2.scen	30	256	22	367	3	0.02	1.21	NO SOLUTION	993	102	44887	12034
empty16-2.scen	30	256	22	367	4	0.05	1.04	OK	942	89	65746	19090
empty16-2.scen	31	256	22	387	0	0	0.32	NO SOLUTION	0	1	10399	0
empty16-2.scen	31	256	22	387	1	0.01	0.67	NO SOLUTION	2362	83	14356	2547
empty16-2.scen	31	256	22	387	2	0.01	1.07	NO SOLUTION	934	73	31075	7364
empty16-2.scen	31	256	22	387	3	0.02	1.28	NO SOLUTION	997	83	48383	13075
empty16-2.scen	31	256	22	387	4	0.05	1.1	OK	1037	93	70654	20555
empty16-2.scen	32	256	22	398	0	0	0.33	NO SOLUTION	0	1	10644	0
empty16-2.scen	32	256	22	398	1	0.01	0.7	NO SOLUTION	2027	61	14728	2626
empty16-2.scen	32	256	22	398	2	0.01	1.11	NO SOLUTION	898	83	31883	7657
empty16-2.scen	32	256	22	398	3	0.02	1.32	NO SOLUTION	847	80	49615	13534
empty16-2.scen	32	256	22	398	4	0.05	1.13	OK	996	87	72381	21157
empty16-2.scen	33	256	22	409	0	0	0.34	NO SOLUTION	0	1	10912	0
empty16-2.scen	33	256	22	409	1	0.01	0.73	NO SOLUTION	2076	82	15123	2727
empty16-2.scen	33	256	22	409	2	0.02	1.14	NO SOLUTION	1097	103	32704	7918
empty16-2.scen	33	256	22	409	3	0.03	1.36	NO SOLUTION	1149	123	50838	13925
empty16-2.scen	33	256	22	409	4	0.06	1.91	NO SOLUTION	1126	129	74095	21709
empty16-2.scen	33	256	22	409	5	0.05	1.34	OK	995	78	97716	29777
empty16-2.scen	34	256	22	422	0	0	0.36	NO SOLUTION	0	1	11316	0
empty16-2.scen	34	256	22	422	1	0.01	0.75	NO SOLUTION	2477	73	15686	2865
empty16-2.scen	34	256	22	422	2	0.02	1.17	NO SOLUTION	1201	87	33790	8239
empty16-2.scen	34	256	22	422	3	0.03	1.41	NO SOLUTION	1118	115	52472	14422
empty16-2.scen	34	256	22	422	4	0.06	1.98	NO SOLUTION	1120	109	76490	22387
empty16-2.scen	34	256	22	422	5	0.06	1.43	OK	1233	104	100901	30674
empty16-2.scen	35	256	22	427	0	0	0.37	NO SOLUTION	0	1	11346	0
empty16-2.scen	35	256	22	427	1	0.01	0.76	NO SOLUTION	2400	67	15760	2856
empty16-2.scen	35	256	22	427	2	0.02	1.21	NO SOLUTION	1235	104	33998	8255
empty16-2.scen	35	256	22	427	3	0.03	1.44	NO SOLUTION	1077	86	52826	14462
empty16-2.scen	35	256	22	427	4	0.06	2.03	NO SOLUTION	1216	117	77097	22481
empty16-2.scen	35	256	22	427	5	0.05	1.43	OK	1062	78	101768	30818
empty16-2.scen	36	256	22	433	0	0	0.37	NO SOLUTION	0	1	11383	0
empty16-2.scen	36	256	22	433	1	0.01	0.79	NO SOLUTION	2302	64	15846	2860
empty16-2.scen	36	256	22	433	2	0.02	1.23	NO SOLUTION	1291	97	34218	8296
empty16-2.scen	36	256	22	433	3	0.03	1.47	NO SOLUTION	1279	110	53192	14523
empty16-2.scen	36	256	22	433	4	0.09	2.09	NO SOLUTION	1359	171	77701	22595
empty16-2.scen	36	256	22	433	5	0.06	1.46	OK	1148	94	102613	30986
empty16-2.scen	37	256	22	440	0	0	0.38	NO SOLUTION	0	1	11443	0
empty16-2.scen	37	256	22	440	1	0.01	0.81	NO SOLUTION	1979	68	15988	2876
empty16-2.scen	37	256	22	440	2	0.02	1.26	NO SOLUTION	1229	76	34562	8331
empty16-2.scen	37	256	22	440	3	0.04	1.5	NO SOLUTION	1257	110	53778	14601
empty16-2.scen	37	256	22	440	4	0.08	2.11	NO SOLUTION	1440	156	78605	22751
empty16-2.scen	37	256	22	440	5	0.09	1.52	OK	1554	141	103845	31246
empty16-2.scen	38	256	22	445	0	0	0.39	NO SOLUTION	0	1	11414	0
empty16-2.scen	38	256	22	445	1	0.01	0.82	NO SOLUTION	2156	66	16023	2835
empty16-2.scen	38	256	22	445	2	0.02	1.28	NO SOLUTION	1163	99	34696	8231
empty16-2.scen	38	256	22	445	3	0.04	1.54	NO SOLUTION	1090	117	54028	14411
empty16-2.scen	38	256	22	445	4	0.07	2.14	NO SOLUTION	1380	130	79065	22550
empty16-2.scen	38	256	22	445	5	0.12	2.55	NO SOLUTION	1570	185	104540	31082
empty16-2.scen	38	256	22	445	6	0.15	1.94	OK	1628	169	135517	41204
empty16-2.scen	39	256	22	454	0	0	0.39	NO SOLUTION	0	1	11561	0
empty16-2.scen	39	256	22	454	1	0.01	0.84	NO SOLUTION	2207	56	16290	2910
empty16-2.scen	39	256	22	454	2	0.02	1.3	NO SOLUTION	1332	107	35290	8439
empty16-2.scen	39	256	22	454	3	0.05	1.59	NO SOLUTION	1387	152	54939	14710
empty16-2.scen	39	256	22	454	4	0.07	2.2	NO SOLUTION	1461	135	80409	22917
empty16-2.scen	39	256	22	454	5	0.13	2.65	NO SOLUTION	1678	208	106332	31575
empty16-2.scen	39	256	22	454	6	0.17	1.99	OK	1807	149	137860	41805
empty16-2.scen	40	256	22	462	0	0	0.4	NO SOLUTION	0	1	11667	0
empty16-2.scen	40	256	22	462	1	0.01	0.86	NO SOLUTION	2592	60	16486	2962
empty16-2.scen	40	256	22	462	2	0.02	1.34	NO SOLUTION	1325	110	35780	8577
empty16-2.scen	40	256	22	462	3	0.03	1.62	NO SOLUTION	1246	98	55698	14924
empty16-2.scen	40	256	22	462	4	0.09	2.29	NO SOLUTION	1631	183	81562	23216
empty16-2.scen	40	256	22	462	5	0.12	2.67	NO SOLUTION	1426	195	107873	31944
empty16-2.scen	40	256	22	462	6	0.18	2.04	OK	1672	183	139905	42304
empty16-2.scen	41	256	22	471	0	0	0.41	NO SOLUTION	0	1	11725	0
empty16-2.scen	41	256	22	471	1	0.01	0.89	NO SOLUTION	2288	49	16649	2958
empty16-2.scen	41	256	22	471	2	0.02	1.37	NO SOLUTION	1299	117	36136	8636
empty16-2.scen	41	256	22	471	3	0.04	1.67	NO SOLUTION	1625	128	56327	15038
empty16-2.scen	41	256	22	471	4	0.09	2.32	NO SOLUTION	1585	182	82549	23433
empty16-2.scen	41	256	22	471	5	0.1	2.71	NO SOLUTION	1410	152	109293	32280
empty16-2.scen	41	256	22	471	6	0.13	2.04	OK	1656	133	141882	42772
empty16-2.scen	42	256	22	473	0	0	0.41	NO SOLUTION	0	1	11724	0
empty16-2.scen	42	256	22	473	1	0.01	0.9	NO SOLUTION	2288	50	16664	2949
empty16-2.scen	42	256	22	473	2	0.02	1.41	NO SOLUTION	1271	97	36206	8637
empty16-2.scen	42	256	22	473	3	0.03	1.68	NO SOLUTION	1301	96	56464	15036
empty16-2.scen	42	256	22	473	4	0.08	2.35	NO SOLUTION	1330	157	82836	23446
empty16-2.scen	42	256	22	473	5	0.11	2.77	NO SOLUTION	1517	146	109744	32297
empty16-2.scen	42	256	22	473	6	0.13	2.08	OK	1716	160	142574	42817
empty16-2.scen	43	256	22	475	0	0	0.42	NO SOLUTION	0	1	11733	0
empty16-2.scen	43	256	22	475	1	0.01	0.92	NO SOLUTION	2352	77	16690	2939
empty16-2.scen	43	256	22	475	2	0.02	1.43	NO SOLUTION	1287	92	36297	8602
empty16-2.scen	43	256	22	475	3	0.03	1.72	NO SOLUTION	1330	96	56631	14943
empty16-2.scen	43	256	22	475	4	0.16	2.47	NO SOLUTION	1862	279	83148	23322
empty16-2.scen	43	256	22	475	5	0.11	2.8	NO SOLUTION	1412	145	110206	32158
empty16-2.scen	43	256	22	475	6	0.18	2.15	OK	1712	176	143247	42694
empty16-2.scen	44	256	22	491	0	0	0.45	NO SOLUTION	0	1	12300	0
empty16-2.scen	44	256	22	491	1	0.01	0.95	NO SOLUTION	2671	50	17410	3087
empty16-2.scen	44	256	22	491	2	0.02	1.48	NO SOLUTION	1367	99	37789	9000
empty16-2.scen	44	256	22	491	3	0.03	1.77	NO SOLUTION	1324	117	58839	15579
empty16-2.scen	44	256	22	491	4	0.13	2.53	NO SOLUTION	1849	231	86310	24247
empty16-2.scen	44	256	22	491	5	0.11	2.9	NO SOLUTION	1685	140	114270	33377
empty16-2.scen	44	256	22	491	6	0.12	2.17	OK	1387	113	148328	44216
empty16-2.scen	45	256	22	501	0	0	0.47	NO SOLUTION	0	1	12452	0
empty16-2.scen	45	256	22	501	1	0.01	0.98	NO SOLUTION	2884	67	17702	3125
empty16-2.scen	45	256	22	501	2	0.03	1.51	NO SOLUTION	1410	118	38432	9131
empty16-2.scen	45	256	22	501	3	0.03	1.82	NO SOLUTION	1412	101	59838	15812
empty16-2.scen	45	256	22	501	4	0.17	2.64	NO SOLUTION	1967	275	87803	24623
empty16-2.scen	45	256	22	501	5	0.13	2.96	NO SOLUTION	1590	160	116275	33897
empty16-2.scen	45	256	22	501	6	0.17	2.27	OK	1876	137	151039	44904
empty16-2.scen	46	256	22	509	0	0	0.48	NO SOLUTION	0	1	12528	0
empty16-2.scen	46	256	22	509	1	0.01	1	NO SOLUTION	2624	77	17892	3177
empty16-2.scen	46	256	22	509	2	0.03	1.55	NO SOLUTION	1684	121	38852	9227
empty16-2.scen	46	256	22	509	3	0.04	1.87	NO SOLUTION	1540	127	60490	15976
empty16-2.scen	46	256	22	509	4	0.11	2.63	NO SOLUTION	1697	152	88831	24874
empty16-2.scen	46	256	22	509	5	0.13	3.06	NO SOLUTION	1615	166	117700	34257
empty16-2.scen	46	256	22	509	6	0.23	2.37	OK	2087	205	153027	45371
empty16-2.scen	47	256	22	511	0	0	0.48	NO SOLUTION	0	1	12538	0
empty16-2.scen	47	256	22	511	1	0.02	1.02	NO SOLUTION	2928	67	17920	3139
empty16-2.scen	47	256	22	511	2	0.03	1.58	NO SOLUTION	1643	145	38948	9102
empty16-2.scen	47	256	22	511	3	0.04	1.88	NO SOLUTION	1793	110	60655	15760
empty16-2.scen	47	256	22	511	4	0.19	2.74	NO SOLUTION	2427	261	89134	24617
empty16-2.scen	47	256	22	511	5	0.11	3.06	NO SOLUTION	1919	159	118149	33953
empty16-2.scen	47	256	22	511	6	0.21	2.44	OK	2027	206	153705	45082
empty16-2.scen	48	256	22	526	0	0	0.49	NO SOLUTION	0	1	12998	0
empty16-2.scen	48	256	22	526	1	0.02	1.05	NO SOLUTION	2785	69	18571	3263
empty16-2.scen	48	256	22	526	2	0.03	1.63	NO SOLUTION	1429	112	40289	9456
empty16-2.scen	48	256	22	526	3	0.04	1.95	NO SOLUTION	1639	127	62673	16308
empty16-2.scen	48	256	22	526	4	0.18	2.82	NO SOLUTION	1949	253	91906	25394
empty16-2.scen	48	256	22	526	5	0.17	3.24	NO SOLUTION	2110	159	121660	34949
empty16-2.scen	48	256	22	526	6	0.2	2.48	OK	2045	190	158033	46332
empty16-2.scen	49	256	22	539	0	0	0.52	NO SOLUTION	0	1	13349	0
empty16-2.scen	49	256	22	539	1	0.02	1.1	NO SOLUTION	2472	69	19098	3383
empty16-2.scen	49	256	22	539	2	0.04	1.69	NO SOLUTION	1663	130	41340	9745
empty16-2.scen	49	256	22	539	3	0.04	2.01	NO SOLUTION	1651	101	64263	16777
empty16-2.scen	49	256	22	539	4	0.24	2.94	NO SOLUTION	2225	322	94110	26078
empty16-2.scen	49	256	22	539	5	0.13	3.25	NO SOLUTION	2074	139	124502	35822
empty16-2.scen	49	256	22	539	6	0.19	2.54	OK	2368	212	161625	47382
empty16-2.scen	50	256	22	551	0	0	0.53	NO SOLUTION	0	1	13584	0
empty16-2.scen	50	256	22	551	1	0.02	1.11	NO SOLUTION	3223	75	19486	3449
empty16-2.scen	50	256	22	551	2	0.04	1.75	NO SOLUTION	2064	151	42120	9912
empty16-2.scen	50	256	22	551	3	0.05	2.06	NO SOLUTION	1531	122	65440	17021
empty16-2.scen	50	256	22	551	4	0.26	3.04	NO SOLUTION	2124	276	95837	26409
empty16-2.scen	50	256	22	551	5	0.15	3.34	NO SOLUTION	2355	162	126787	36266
empty16-2.scen	50	256	22	551	6	0.26	4.27	NO SOLUTION	1952	228	164585	47978
empty16-2.scen	50	256	22	551	7	0.48	3.2	OK	2419	268	203168	59985
empty16-2.scen	51	256	22	556	0	0	0.53	NO SOLUTION	0	1	13555	0
empty16-2.scen	51	256	22	556	1	0.02	1.13	NO SOLUTION	2691	72	19520	3397
empty16-2.scen	51	256	22	556	2	0.04	1.77	NO SOLUTION	2099	159	42267	9860
empty16-2.scen	51	256	22	556	3	0.05	2.09	NO SOLUTION	1791	170	65701	16908
empty16-2.scen	51	256	22	556	4	0.24	3.06	NO SOLUTION	2231	312	96311	26331
empty16-2.scen	51	256	22	556	5	0.12	3.38	NO SOLUTION	2113	125	127495	36209
empty16-2.scen	51	256	22	556	6	0.33	4.37	NO SOLUTION	2601	228	165634	48003
empty16-2.scen	51	256	22	556	7	0.4	3.17	OK	2566	224	204593	60107
empty16-2.scen	52	256	22	561	0	0	0.55	NO SOLUTION	0	1	13590	0
empty16-2.scen	52	256	22	561	1	0.02	1.16	NO SOLUTION	3250	109	19600	3412
empty16-2.scen	52	256	22	561	2	0.04	1.8	NO SOLUTION	2183	157	42492	9918
empty16-2.scen	52	256	22	561	3	0.07	2.15	NO SOLUTION	1915	171	66073	16977
empty16-2.scen	52	256	22	561	4	0.26	3.11	NO SOLUTION	2547	394	96900	26439
empty16-2.scen	52	256	22	561	5	0.19	3.49	NO SOLUTION	2527	218	128339	36335
empty16-2.scen	52	256	22	561	6	0.32	4.46	NO SOLUTION	2982	306	166851	48170
empty16-2.scen	52	256	22	561	7	0.31	3.11	OK	2308	207	206214	60373
empty16-2.scen	53	256	22	566	0	0	0.55	NO SOLUTION	0	1	13632	0
empty16-2.scen	53	256	22	566	1	0	0.67	NO SOLUTION	66	60	19706	3320
empty16-2.scen	53	256	22	566	2	0.04	1.83	NO SOLUTION	2104	125	42741	9793
empty16-2.scen	53	256	22	566	3	0.06	2.17	NO SOLUTION	1838	166	66490	16834
empty16-2.scen	53	256	22	566	4	0.2	3.08	NO SOLUTION	2518	230	97567	26340
empty16-2.scen	53	256	22	566	5	0.24	3.48	NO SOLUTION	3259	256	129284	36306
empty16-2.scen	53	256	22	566	6	0.34	4.57	NO SOLUTION	2196	214	168166	48224
empty16-2.scen	53	256	22	566	7	1.04	5.81	NO SOLUTION	3720	501	207931	60523
empty16-2.scen	53	256	22	566	8	2.27	5.73	OK	3931	849	254330	74561
empty16-2.scen	54	256	22	574	0	0	0.57	NO SOLUTION	0	1	13705	0
empty16-2.scen	54	256	22	574	1	0	0.69	NO SOLUTION	91	62	19878	3323
empty16-2.scen	54	256	22	574	2	0.04	1.87	NO SOLUTION	2126	123	43170	9799
empty16-2.scen	54	256	22	574	3	0.09	2.24	NO SOLUTION	1987	209	67179	16866
empty16-2.scen	54	256	22	574	4	0.37	3.33	NO SOLUTION	2543	372	98621	26400
empty16-2.scen	54	256	22	574	5	0.52	3.86	NO SOLUTION	2281	432	130730	36441
empty16-2.scen	54	256	22	574	6	0.42	4.73	NO SOLUTION	2918	346	170176	48465
empty16-2.scen	54	256	22	574	7	1.44	6.32	NO SOLUTION	3459	699	210532	60896
empty16-2.scen	54	256	22	574	8	3.94	7.48	OK	4116	1334	257697	75130
empty16-2.scen	55	256	22	590	0	0	0.58	NO SOLUTION	0	1	8912	0
empty16-2.scen	55	256	22	590	1	0	0.71	NO SOLUTION	69	63	20597	3435
empty16-2.scen	55	256	22	590	2	0.04	1.92	NO SOLUTION	2189	142	44630	10080
empty16-2.scen	55	256	22	590	3	0.06	2.28	NO SOLUTION	1751	148	69356	17320
empty16-2.scen	55	256	22	590	4	0.24	3.24	NO SOLUTION	2389	261	101577	27127
empty16-2.scen	55	256	22	590	5	0.9	4.32	NO SOLUTION	3128	618	134497	37369
empty16-2.scen	55	256	22	590	6	0.62	5.03	NO SOLUTION	2704	478	174817	49548
empty16-2.scen	55	256	22	590	7	1.08	6.09	NO SOLUTION	3275	478	216120	62159
empty16-2.scen	55	256	22	590	8	2.09	5.73	OK	3227	640	264344	76631
empty16-2.scen	56	256	22	595	0	0	0.59	NO SOLUTION	0	1	14274	0
empty16-2.scen	56	256	22	595	1	0.01	0.74	NO SOLUTION	69	64	20686	3446
empty16-2.scen	56	256	22	595	2	0.04	1.94	NO SOLUTION	2324	131	44864	10109
empty16-2.scen	56	256	22	595	3	0.06	2.31	NO SOLUTION	2010	147	69766	17369
empty16-2.scen	56	256	22	595	4	0.34	3.45	NO SOLUTION	2414	362	102242	27224
empty16-2.scen	56	256	22	595	5	0.55	4	NO SOLUTION	3629	515	135378	37524
empty16-2.scen	56	256	22	595	6	0.3	4.77	NO SOLUTION	2591	273	175980	49732
empty16-2.scen	56	256	22	595	7	0.94	5.97	NO SOLUTION	3330	389	217558	62378
empty16-2.scen	56	256	22	595	8	2.54	6.24	OK	3268	781	266161	76872
empty16-2.scen	57	256	22	599	0	0	0.6	NO SOLUTION	0	1	14302	0
empty16-2.scen	57	256	22	599	1	0.01	0.75	NO SOLUTION	74	65	20745	3422
empty16-2.scen	57	256	22	599	2	0.04	1.98	NO SOLUTION	2606	143	45032	10077
empty16-2.scen	57	256	22	599	3	0.06	2.35	NO SOLUTION	1697	123	70047	17328
empty16-2.scen	57	256	22	599	4	0.49	3.62	NO SOLUTION	3003	503	102726	27184
empty16-2.scen	57	256	22	599	5	0.82	4.35	NO SOLUTION	3389	623	136078	37524
empty16-2.scen	57	256	22	599	6	0.37	4.93	NO SOLUTION	2957	349	176991	49779
empty16-2.scen	57	256	22	599	7	1.46	6.58	NO SOLUTION	3281	624	218899	62508
empty16-2.scen	57	256	22	599	8	1.34	5.08	OK	3030	499	267931	77110
empty16-2.scen	58	256	22	610	0	0	0.6	NO SOLUTION	0	1	9104	0
empty16-2.scen	58	256	22	610	1	0.01	0.77	NO SOLUTION	74	66	21043	3482
empty16-2.scen	58	256	22	610	2	0.05	2.04	NO SOLUTION	2280	147	45768	10233
empty16-2.scen	58	256	22	610	3	0.08	2.42	NO SOLUTION	2175	181	71155	17570
empty16-2.scen	58	256	22	610	4	0.51	3.71	NO SOLUTION	2891	588	104290	27601
empty16-2.scen	58	256	22	610	5	1.14	4.73	NO SOLUTION	3881	806	138118	38080
empty16-2.scen	58	256	22	610	6	0.46	5.11	NO SOLUTION	2388	283	179541	50514
empty16-2.scen	58	256	22	610	7	2.07	7.36	NO SOLUTION	3571	805	221993	63393
empty16-2.scen	58	256	22	610	8	3.09	6.93	OK	3643	1046	271676	78111
empty16-2.scen	59	256	22	619	0	0	0.63	NO SOLUTION	0	1	9158	0
empty16-2.scen	59	256	22	619	1	0.01	0.78	NO SOLUTION	72	67	21187	3503
empty16-2.scen	59	256	22	619	2	0.05	2.07	NO SOLUTION	2361	169	46150	10328
empty16-2.scen	59	256	22	619	3	0.09	2.47	NO SOLUTION	2593	181	71789	17734
empty16-2.scen	59	256	22	619	4	0.23	3.51	NO SOLUTION	2457	258	105298	27878
empty16-2.scen	59	256	22	619	5	1.06	4.73	NO SOLUTION	3650	827	139512	38462
empty16-2.scen	59	256	22	619	6	0.76	5.51	NO SOLUTION	3090	505	181477	51024
empty16-2.scen	59	256	22	619	7	1.63	6.96	NO SOLUTION	3908	686	224496	64031
empty16-2.scen	59	256	22	619	8	14.38	21.03	NO SOLUTION	7477	3829	274921	78893
empty16-2.scen	59	256	22	619	9	17.45	21.77	OK	7447	4015	326515	94431
empty16-2.scen	60	256	22	634	0	0	0.63	NO SOLUTION	0	1	9450	0
empty16-2.scen	60	256	22	634	1	0.01	0.79	NO SOLUTION	125	70	21833	3642
empty16-2.scen	60	256	22	634	2	0.05	2.14	NO SOLUTION	2385	141	47475	10686
empty16-2.scen	60	256	22	634	3	0.1	2.54	NO SOLUTION	2207	200	73769	18244
empty16-2.scen	60	256	22	634	4	0.41	3.76	NO SOLUTION	2982	440	108107	28581
empty16-2.scen	60	256	22	634	5	1	4.79	NO SOLUTION	3421	698	143119	39352
empty16-2.scen	60	256	22	634	6	0.5	5.38	NO SOLUTION	2639	295	185998	52150
empty16-2.scen	60	256	22	634	7	2.58	8.07	NO SOLUTION	4384	1286	229950	65425
empty16-2.scen	60	256	22	634	8	11.5	18.18	NO SOLUTION	6786	3225	281425	80588
empty16-2.scen	60	256	22	634	9	20.91	25.35	OK	98483	4368	334113	96421
empty16-2.scen	61	256	22	642	0	0	0.65	NO SOLUTION	0	1	9535	0
empty16-2.scen	61	256	22	642	1	0.01	0.82	NO SOLUTION	121	71	22030	3684
empty16-2.scen	61	256	22	642	2	0.07	2.17	NO SOLUTION	2519	206	47970	10827
empty16-2.scen	61	256	22	642	3	0.09	2.57	NO SOLUTION	2116	137	74551	18487
empty16-2.scen	61	256	22	642	4	0.46	3.91	NO SOLUTION	3465	608	109281	28924
empty16-2.scen	61	256	22	642	5	0.72	4.56	NO SOLUTION	3577	591	144677	39792
empty16-2.scen	61	256	22	642	6	0.38	5.37	NO SOLUTION	2821	263	188091	52686
empty16-2.scen	61	256	22	642	7	2.23	7.82	NO SOLUTION	3534	1051	232571	66114
empty16-2.scen	61	256	22	642	8	12.56	19.4	NO SOLUTION	6788	3100	284742	81404
empty16-2.scen	61	256	22	642	9	20.62	25.16	OK	31170	3853	338125	97451
empty16-2.scen	62	256	22	650	0	0	0.67	NO SOLUTION	0	1	9637	0
empty16-2.scen	62	256	22	650	1	0	0.83	NO SOLUTION	135	71	22248	3718
empty16-2.scen	62	256	22	650	2	0.06	2.21	NO SOLUTION	2441	135	48440	10935
empty16-2.scen	62	256	22	650	3	0.08	2.61	NO SOLUTION	2300	175	75271	18634
empty16-2.scen	62	256	22	650	4	0.43	3.9	NO SOLUTION	3246	546	110344	29121
empty16-2.scen	62	256	22	650	5	1.03	4.96	NO SOLUTION	3571	754	146094	40060
empty16-2.scen	62	256	22	650	6	0.82	5.84	NO SOLUTION	3809	589	189926	53044
empty16-2.scen	62	256	22	650	7	2.34	8.04	NO SOLUTION	4004	1131	234844	66590
empty16-2.scen	62	256	22	650	8	12.46	19.39	NO SOLUTION	6783	2868	287521	82006
empty16-2.scen	62	256	22	650	9	19.03	23.63	OK	33715	3572	341435	98198
empty16-2.scen	63	256	23	673	0	0	0.73	NO SOLUTION	0	1	10296	0
empty16-2.scen	63	256	23	673	1	0.01	0.92	NO SOLUTION	83	69	23742	3975
empty16-2.scen	63	256	23	673	2	0.06	2.4	NO SOLUTION	2520	134	51233	11500
empty16-2.scen	63	256	23	673	3	0.1	2.9	NO SOLUTION	2669	193	79329	19540
empty16-2.scen	63	256	23	673	4	0.42	4.24	NO SOLUTION	3487	501	115828	30338
empty16-2.scen	63	256	23	673	5	0.9	5.16	NO SOLUTION	3506	628	152972	41633
empty16-2.scen	63	256	23	673	6	0.95	6.37	NO SOLUTION	3944	659	198382	54977
empty16-2.scen	63	256	23	673	7	2.62	8.74	NO SOLUTION	4476	1088	244890	68951
empty16-2.scen	63	256	23	673	8	13.8	21.29	NO SOLUTION	7089	3487	299279	84788
empty16-2.scen	63	256	23	673	9	20.96	25.88	OK	38651	4394	354886	101459
empty16-2.scen	64	256	23	685	0	0	0.76	NO SOLUTION	0	1	10485	0
empty16-2.scen	64	256	23	685	1	0.01	0.95	NO SOLUTION	79	71	24161	4085
empty16-2.scen	64	256	23	685	2	0.05	2.46	NO SOLUTION	3056	158	52076	11714
empty16-2.scen	64	256	23	685	3	0.1	2.95	NO SOLUTION	2937	239	80608	19845
empty16-2.scen	64	256	23	685	4	0.4	4.3	NO SOLUTION	3153	389	117729	30779
empty16-2.scen	64	256	23	685	5	1.09	5.48	NO SOLUTION	3536	711	155537	42233
empty16-2.scen	64	256	23	685	6	1.14	6.74	NO SOLUTION	4238	734	201794	55762
empty16-2.scen	64	256	23	685	7	2.88	9.15	NO SOLUTION	5224	1167	249187	69960
empty16-2.scen	64	256	23	685	8	15.21	22.88	NO SOLUTION	7862	3527	304652	86058
empty16-2.scen	64	256	23	685	9	19.67	24.71	OK	36081	3502	361371	103021
empty16-2.scen	65	256	23	691	0	0	0.76	NO SOLUTION	0	1	10524	0
empty16-2.scen	65	256	23	691	1	0.01	0.95	NO SOLUTION	84	74	24258	4062
empty16-2.scen	65	256	23	691	2	0.13	2.58	NO SOLUTION	2654	321	52357	11703
empty16-2.scen	65	256	23	691	3	0.11	2.99	NO SOLUTION	2087	185	81054	19831
empty16-2.scen	65	256	23	691	4	0.69	4.65	NO SOLUTION	4025	640	118409	30763
empty16-2.scen	65	256	23	691	5	1.74	6.2	NO SOLUTION	3824	986	156461	42155
empty16-2.scen	65	256	23	691	6	2	7.69	NO SOLUTION	4108	839	203077	55665
empty16-2.scen	65	256	23	691	7	2.03	8.38	NO SOLUTION	3339	826	250834	69855
empty16-2.scen	65	256	23	691	8	17.9	25.69	NO SOLUTION	7816	3859	306763	86059
empty16-2.scen	65	256	23	691	9	36.39	41.51	OK	53713	5512	363956	103093
empty16-2.scen	66	256	23	695	0	0	0.78	NO SOLUTION	0	1	10525	0
empty16-2.scen	66	256	23	695	1	0.01	0.97	NO SOLUTION	111	83	24289	4000
empty16-2.scen	66	256	23	695	2	0.13	2.6	NO SOLUTION	2541	311	52468	11538
empty16-2.scen	66	256	23	695	3	0.17	3.1	NO SOLUTION	2333	268	81268	19570
empty16-2.scen	66	256	23	695	4	0.94	4.97	NO SOLUTION	3552	718	118797	30418
empty16-2.scen	66	256	23	695	5	0.87	5.41	NO SOLUTION	3232	619	157048	41761
empty16-2.scen	66	256	23	695	6	2.01	7.78	NO SOLUTION	4332	1160	203969	55266
empty16-2.scen	66	256	23	695	7	4.63	11.08	NO SOLUTION	4657	1696	252057	69487
empty16-2.scen	66	256	23	695	8	11.3	19.2	NO SOLUTION	21216	2721	308449	85745
empty16-2.scen	66	256	23	695	9	29.3	38.09	NO SOLUTION	9649	5491	366133	102875
empty16-2.scen	66	256	23	695	10	52.45	62.81	NO SOLUTION	88796	6832	431689	121760
empty16-2.scen	66	256	23	695	11	87.57	94.45	OK	75063	10141	498577	141669
empty16-2.scen	67	256	23	705	0	0	0.79	NO SOLUTION	0	1	10667	0
empty16-2.scen	67	256	23	705	1	0	0.99	NO SOLUTION	0	1	24606	0
empty16-2.scen	67	256	23	705	2	0.12	2.67	NO SOLUTION	2694	299	53154	11319
empty16-2.scen	67	256	23	705	3	0.16	3.16	NO SOLUTION	3009	319	82349	19269
empty16-2.scen	67	256	23	705	4	0.65	4.74	NO SOLUTION	4050	613	120388	30146
empty16-2.scen	67	256	23	705	5	0.43	5.05	NO SOLUTION	3088	446	159158	41571
empty16-2.scen	67	256	23	705	6	0.72	6.61	NO SOLUTION	3401	412	206735	55149
empty16-2.scen	67	256	23	705	7	8.69	15.26	NO SOLUTION	6801	3039	255504	69472
empty16-2.scen	67	256	23	705	8	18.32	26.39	NO SOLUTION	8278	4096	312698	85838
empty16-2.scen	67	256	23	705	9	53.46	62.39	NO SOLUTION	14991	9291	371205	103137
empty16-2.scen	67	256	23	705	10	39.07	49.62	NO SOLUTION	90353	5377	437694	122212
empty16-2.scen	67	256	23	705	11	73.33	84.9	NO SOLUTION	83636	8952	505543	142365
