empty16-5.scen	1	256	13	13	0	0	0.02	OK	11	0	198	35
empty16-5.scen	2	256	24	37	0	0	0.05	OK	47	0	841	114
empty16-5.scen	3	256	24	52	0	0	0.05	OK	46	0	1085	157
empty16-5.scen	4	256	24	66	0	0	0.07	OK	35	0	2383	104
empty16-5.scen	5	256	24	69	0	0	0.07	OK	34	0	2384	103
empty16-5.scen	6	256	24	77	0	0	0.07	OK	44	0	2487	112
empty16-5.scen	7	256	24	95	0	0	0.1	OK	56	0	3170	141
empty16-5.scen	8	256	24	113	0	0	0.11	OK	77	0	3749	170
empty16-5.scen	9	256	24	124	0	0	0.12	OK	84	0	3984	185
empty16-5.scen	10	256	24	131	0	0	0.12	OK	83	0	4032	190
empty16-5.scen	11	256	25	156	0	0	0.16	OK	109	0	5475	232
empty16-5.scen	12	256	25	163	0	0	0.17	OK	107	0	5481	229
empty16-5.scen	13	256	25	176	0	0	0.18	OK	111	0	5609	240
empty16-5.scen	14	256	25	188	0	0	0.2	OK	121	0	5734	250
empty16-5.scen	15	256	25	197	0	0	0.2	OK	129	0	5871	260
empty16-5.scen	16	256	25	205	0	0	0.21	OK	125	0	5972	268
empty16-5.scen	17	256	25	214	0	0	0.21	OK	115	0	6058	275
empty16-5.scen	18	256	25	228	0	0	0.23	OK	139	0	6438	296
empty16-5.scen	19	256	25	240	0	0	0.23	OK	138	0	6446	296
empty16-5.scen	20	256	25	253	0	0	0.25	OK	140	0	6784	315
empty16-5.scen	21	256	25	265	0	0	0.26	OK	143	0	6906	313
empty16-5.scen	22	256	25	276	0	0	0.27	OK	145	0	7017	322
empty16-5.scen	23	256	25	284	0	0	0.28	OK	148	0	7055	322
empty16-5.scen	24	256	25	287	0	0	0.28	OK	141	0	7071	313
empty16-5.scen	25	256	25	299	0	0	0.29	OK	150	0	7268	330
empty16-5.scen	26	256	25	316	0	0	0.31	OK	143	0	7559	331
empty16-5.scen	27	256	25	317	0	0	0.32	OK	138	1	7515	309
empty16-5.scen	28	256	25	334	0	0	0.33	OK	192	1	8124	334
empty16-5.scen	29	256	25	358	0	0	0.36	OK	203	1	9483	367
empty16-5.scen	30	256	25	361	0	0	0.37	OK	154	0	9473	355
empty16-5.scen	31	256	25	365	0	0	0.37	OK	145	0	9496	356
empty16-5.scen	32	256	25	376	0	0	0.38	OK	146	0	9492	352
empty16-5.scen	33	256	25	392	0	0	0.4	NO SOLUTION	0	1	9860	475
empty16-5.scen	33	256	25	392	1	0	0.48	NO SOLUTION	0	1	13745	2589
empty16-5.scen	33	256	25	392	2	0.01	0.75	OK	449	23	30217	6045
empty16-5.scen	34	256	25	402	0	0	0.41	NO SOLUTION	0	1	10074	0
empty16-5.scen	34	256	25	402	1	0	0.49	NO SOLUTION	0	1	14078	2700
empty16-5.scen	34	256	25	402	2	0	0.77	NO SOLUTION	21	4	30878	6227
empty16-5.scen	34	256	25	402	3	0.01	0.93	NO SOLUTION	95	11	48775	11390
empty16-5.scen	34	256	25	402	4	0.02	1.25	OK	588	52	71664	18808
empty16-5.scen	35	256	25	422	0	0	0.44	NO SOLUTION	0	1	10966	0
empty16-5.scen	35	256	25	422	1	0	0.52	NO SOLUTION	0	1	15271	2964
empty16-5.scen	35	256	25	422	2	0	0.81	NO SOLUTION	22	4	33272	6673
empty16-5.scen	35	256	25	422	3	0.01	0.98	NO SOLUTION	58	11	52405	12232
empty16-5.scen	35	256	25	422	4	0.03	1.33	OK	740	58	76557	20106
empty16-5.scen	36	256	25	432	0	0	0.46	NO SOLUTION	0	1	11149	0
empty16-5.scen	36	256	25	432	1	0	0.54	NO SOLUTION	0	1	15574	3027
empty16-5.scen	36	256	25	432	2	0	0.83	NO SOLUTION	24	4	34002	6865
empty16-5.scen	36	256	25	432	3	0.01	1.02	NO SOLUTION	61	11	53573	12595
empty16-5.scen	36	256	25	432	4	0.03	1.38	OK	828	57	78277	20701
empty16-5.scen	37	256	25	437	0	0	0.44	NO SOLUTION	0	1	6550	0
empty16-5.scen	37	256	25	437	1	0	0.56	NO SOLUTION	0	1	15606	3029
empty16-5.scen	37	256	25	437	2	0	0.85	NO SOLUTION	24	4	34139	6829
empty16-5.scen	37	256	25	437	3	0.01	1.03	NO SOLUTION	62	11	53840	12548
empty16-5.scen	37	256	25	437	4	0.02	1.39	NO SOLUTION	172	35	78774	20717
empty16-5.scen	37	256	25	437	5	0.04	1.63	NO SOLUTION	336	63	104132	29302
empty16-5.scen	37	256	25	437	6	0.08	2.12	OK	1259	136	134059	39323
empty16-5.scen	38	256	25	442	0	0	0.45	NO SOLUTION	0	1	6578	0
empty16-5.scen	38	256	25	442	1	0	0.56	NO SOLUTION	0	1	15680	3046
empty16-5.scen	38	256	25	442	2	0	0.87	NO SOLUTION	25	4	34364	6872
empty16-5.scen	38	256	25	442	3	0.01	1.05	NO SOLUTION	62	11	54218	12643
empty16-5.scen	38	256	25	442	4	0.02	1.42	NO SOLUTION	174	35	79397	20886
empty16-5.scen	38	256	25	442	5	0.04	1.66	NO SOLUTION	342	62	105014	29521
empty16-5.scen	38	256	25	442	6	0.07	2.03	OK	1386	119	135325	39600
empty16-5.scen	39	256	25	452	0	0	0.45	NO SOLUTION	0	1	6671	0
empty16-5.scen	39	256	25	452	1	0	0.57	NO SOLUTION	0	1	15911	3110
empty16-5.scen	39	256	25	452	2	0	0.92	NO SOLUTION	26	4	34946	7043
empty16-5.scen	39	256	25	452	3	0.01	1.07	NO SOLUTION	64	11	55111	12944
empty16-5.scen	39	256	25	452	4	0.02	1.47	NO SOLUTION	177	35	80743	21325
empty16-5.scen	39	256	25	452	5	0.05	1.69	NO SOLUTION	342	62	106825	30074
empty16-5.scen	39	256	25	452	6	0.08	2.06	NO SOLUTION	468	119	137800	40283
empty16-5.scen	39	256	25	452	7	0.21	2.49	OK	1715	265	169299	50757
empty16-5.scen	40	256	25	461	0	0	0.47	NO SOLUTION	0	1	6748	0
empty16-5.scen	40	256	25	461	1	0	0.59	NO SOLUTION	0	1	16117	3166
empty16-5.scen	40	256	25	461	2	0	0.94	NO SOLUTION	28	4	35442	7167
empty16-5.scen	40	256	25	461	3	0.01	1.1	NO SOLUTION	65	11	55873	13126
empty16-5.scen	40	256	25	461	4	0.02	1.5	NO SOLUTION	181	35	81910	21609
empty16-5.scen	40	256	25	461	5	0.05	1.75	NO SOLUTION	360	82	108438	30456
empty16-5.scen	40	256	25	461	6	0.1	2.16	NO SOLUTION	633	135	140035	40828
empty16-5.scen	40	256	25	461	7	0.26	2.62	OK	2479	345	172189	51474
empty16-5.scen	41	256	25	473	0	0	0.49	NO SOLUTION	0	1	6931	0
empty16-5.scen	41	256	25	473	1	0	0.61	NO SOLUTION	0	1	16549	3261
empty16-5.scen	41	256	25	473	2	0	0.97	NO SOLUTION	28	4	36370	7413
empty16-5.scen	41	256	25	473	3	0.01	1.13	NO SOLUTION	66	11	57266	13515
empty16-5.scen	41	256	25	473	4	0.02	1.55	NO SOLUTION	246	29	83928	22162
empty16-5.scen	41	256	25	473	5	0.05	1.81	NO SOLUTION	336	82	111069	31207
empty16-5.scen	41	256	25	473	6	0.09	2.25	NO SOLUTION	597	118	143425	41784
empty16-5.scen	41	256	25	473	7	0.13	2.54	OK	1838	174	176288	52690
empty16-5.scen	42	256	28	501	0	0	0.62	NO SOLUTION	0	1	7820	0
empty16-5.scen	42	256	28	501	1	0	0.77	NO SOLUTION	0	1	18554	3614
empty16-5.scen	42	256	28	501	2	0	1.18	NO SOLUTION	12	4	40327	8082
empty16-5.scen	42	256	28	501	3	0.01	1.37	NO SOLUTION	68	10	63101	14700
empty16-5.scen	42	256	28	501	4	0.03	1.83	NO SOLUTION	266	29	91651	24003
empty16-5.scen	42	256	28	501	5	0.05	2.09	NO SOLUTION	372	78	120709	33644
empty16-5.scen	42	256	28	501	6	0.09	2.61	NO SOLUTION	483	138	154904	44903
empty16-5.scen	42	256	28	501	7	0.32	3.11	OK	2397	430	189654	56414
empty16-5.scen	43	256	28	512	0	0	0.65	NO SOLUTION	0	1	7961	0
empty16-5.scen	43	256	28	512	1	0	0.8	NO SOLUTION	0	1	18901	3685
empty16-5.scen	43	256	28	512	2	0	1.21	NO SOLUTION	13	4	41069	8180
empty16-5.scen	43	256	28	512	3	0.01	1.38	NO SOLUTION	69	11	64216	14924
empty16-5.scen	43	256	28	512	4	0.03	1.88	NO SOLUTION	269	29	93196	24418
empty16-5.scen	43	256	28	512	5	0.06	2.2	NO SOLUTION	382	79	122664	34181
empty16-5.scen	43	256	28	512	6	0.13	2.73	NO SOLUTION	742	183	157358	45615
empty16-5.scen	43	256	28	512	7	0.27	3.13	OK	2058	280	192607	57264
empty16-5.scen	44	256	28	531	0	0	0.67	NO SOLUTION	0	1	8439	0
empty16-5.scen	44	256	28	531	1	0	0.83	NO SOLUTION	0	1	19966	3933
empty16-5.scen	44	256	28	531	2	0	1.25	NO SOLUTION	17	4	43132	8680
empty16-5.scen	44	256	28	531	3	0.01	1.45	NO SOLUTION	71	11	67258	15717
empty16-5.scen	44	256	28	531	4	0.03	1.95	NO SOLUTION	266	24	97413	25544
empty16-5.scen	44	256	28	531	5	0.06	2.29	NO SOLUTION	384	79	128068	35646
empty16-5.scen	44	256	28	531	6	0.14	2.81	NO SOLUTION	661	147	164102	47431
empty16-5.scen	44	256	28	531	7	0.23	3.18	OK	2533	221	200665	59467
empty16-5.scen	45	256	28	550	0	0	0.7	NO SOLUTION	0	1	8750	0
empty16-5.scen	45	256	28	550	1	0	0.86	NO SOLUTION	0	1	20675	4090
empty16-5.scen	45	256	28	550	2	0	1.28	NO SOLUTION	19	4	44585	9011
empty16-5.scen	45	256	28	550	3	0.01	1.49	NO SOLUTION	71	10	69433	16307
empty16-5.scen	45	256	28	550	4	0.03	2	NO SOLUTION	274	24	100330	26419
empty16-5.scen	45	256	28	550	5	0.07	2.3	NO SOLUTION	393	80	131737	36751
empty16-5.scen	45	256	28	550	6	0.12	3.21	NO SOLUTION	653	139	168497	48778
empty16-5.scen	45	256	28	550	7	0.24	3.27	OK	1970	311	205849	61015
empty16-5.scen	46	256	28	563	0	0	0.71	NO SOLUTION	0	1	8838	0
empty16-5.scen	46	256	28	563	1	0	0.87	NO SOLUTION	0	1	20894	4163
empty16-5.scen	46	256	28	563	2	0	1.31	NO SOLUTION	19	4	45135	9171
empty16-5.scen	46	256	28	563	3	0.01	1.53	NO SOLUTION	72	10	70314	16554
empty16-5.scen	46	256	28	563	4	0.03	2.04	NO SOLUTION	181	27	101697	26797
empty16-5.scen	46	256	28	563	5	0.07	2.36	NO SOLUTION	402	81	133618	37267
empty16-5.scen	46	256	28	563	6	0.09	2.88	NO SOLUTION	498	138	171075	49464
empty16-5.scen	46	256	28	563	7	0.25	3.4	OK	1583	232	209161	61896
empty16-5.scen	47	256	28	575	0	0	0.72	NO SOLUTION	0	1	8943	0
empty16-5.scen	47	256	28	575	1	0	0.9	NO SOLUTION	0	1	21188	4244
empty16-5.scen	47	256	28	575	2	0	1.33	NO SOLUTION	0	1	45820	12189
empty16-5.scen	47	256	28	575	3	0	1.57	NO SOLUTION	38	5	71339	16362
empty16-5.scen	47	256	28	575	4	0.01	2.13	NO SOLUTION	83	9	103232	26623
empty16-5.scen	47	256	28	575	5	0.03	2.36	NO SOLUTION	305	33	135666	37148
empty16-5.scen	47	256	28	575	6	0.18	3.06	NO SOLUTION	1685	258	173751	49431
empty16-5.scen	47	256	28	575	7	0.33	3.55	NO SOLUTION	920	364	212495	62002
empty16-5.scen	47	256	28	575	8	0.62	4.5	NO SOLUTION	1442	462	256443	75757
empty16-5.scen	47	256	28	575	9	0.61	4.79	OK	2496	470	301198	89808
empty16-5.scen	48	256	28	583	0	0	0.75	NO SOLUTION	0	1	9014	0
empty16-5.scen	48	256	28	583	1	0	0.92	NO SOLUTION	0	1	21369	4292
empty16-5.scen	48	256	28	583	2	0	1.35	NO SOLUTION	0	1	46261	12344
empty16-5.scen	48	256	28	583	3	0	1.61	NO SOLUTION	40	5	72025	16549
empty16-5.scen	48	256	28	583	4	0.01	2.17	NO SOLUTION	88	9	104287	26874
empty16-5.scen	48	256	28	583	5	0.04	2.42	NO SOLUTION	246	28	137124	37470
empty16-5.scen	48	256	28	583	6	0.09	3.02	NO SOLUTION	386	120	175747	49843
empty16-5.scen	48	256	28	583	7	0.31	3.62	NO SOLUTION	812	301	215060	62533
empty16-5.scen	48	256	28	583	8	0.55	4.47	NO SOLUTION	1027	370	259736	76435
empty16-5.scen	48	256	28	583	9	0.9	5.2	OK	2640	777	305250	90673
empty16-5.scen	49	256	28	586	0	0	0.76	NO SOLUTION	0	1	9031	0
empty16-5.scen	49	256	28	586	1	0	0.93	NO SOLUTION	0	1	21413	4305
empty16-5.scen	49	256	28	586	2	0	1.38	NO SOLUTION	0	1	46394	12403
empty16-5.scen	49	256	28	586	3	0	1.63	NO SOLUTION	40	5	72253	16406
empty16-5.scen	49	256	28	586	4	0.01	2.2	NO SOLUTION	87	9	104680	26773
empty16-5.scen	49	256	28	586	5	0.04	2.45	NO SOLUTION	254	28	137692	37409
empty16-5.scen	49	256	28	586	6	0.09	3.08	NO SOLUTION	498	128	176592	49817
empty16-5.scen	49	256	28	586	7	0.29	3.63	NO SOLUTION	791	274	216204	62568
empty16-5.scen	49	256	28	586	8	0.79	4.75	NO SOLUTION	1268	449	261287	76552
empty16-5.scen	49	256	28	586	9	1.28	5.64	NO SOLUTION	1891	735	307230	90892
empty16-5.scen	49	256	28	586	10	4.07	9.28	NO SOLUTION	5257	2213	358444	106229
empty16-5.scen	49	256	28	586	11	4.14	9.75	OK	5750	1674	410578	122181
empty16-5.scen	50	256	28	604	0	0	0.78	NO SOLUTION	0	1	9424	0
empty16-5.scen	50	256	28	604	1	0	0.97	NO SOLUTION	0	1	22376	4500
empty16-5.scen	50	256	28	604	2	0	1.43	NO SOLUTION	0	1	48257	12968
empty16-5.scen	50	256	28	604	3	0	1.68	NO SOLUTION	40	5	74958	17105
empty16-5.scen	50	256	28	604	4	0.01	2.27	NO SOLUTION	92	9	108366	27709
empty16-5.scen	50	256	28	604	5	0.04	2.56	NO SOLUTION	518	40	142389	38631
empty16-5.scen	50	256	28	604	6	0.08	3.14	NO SOLUTION	392	117	182415	51298
empty16-5.scen	50	256	28	604	7	0.29	3.75	NO SOLUTION	839	262	223172	64396
empty16-5.scen	50	256	28	604	8	0.54	4.64	NO SOLUTION	1072	371	269524	78701
empty16-5.scen	50	256	28	604	9	1.45	5.96	NO SOLUTION	5346	951	316760	93405
empty16-5.scen	50	256	28	604	10	3.24	8.56	NO SOLUTION	3719	1511	369415	109110
empty16-5.scen	50	256	28	604	11	3.79	9.65	OK	6843	1880	423040	125468
empty16-5.scen	51	256	28	621	0	0	0.81	NO SOLUTION	0	1	9751	0
empty16-5.scen	51	256	28	621	1	0	1	NO SOLUTION	0	1	23118	4657
empty16-5.scen	51	256	28	621	2	0	1.47	NO SOLUTION	0	1	49800	13417
empty16-5.scen	51	256	28	621	3	0	1.73	NO SOLUTION	39	6	77242	17653
empty16-5.scen	51	256	28	621	4	0.01	2.34	NO SOLUTION	92	9	111516	28436
empty16-5.scen	51	256	28	621	5	0.04	2.62	NO SOLUTION	538	40	146329	39589
empty16-5.scen	51	256	28	621	6	0.1	3.24	NO SOLUTION	425	139	187287	52433
empty16-5.scen	51	256	28	621	7	0.26	3.81	NO SOLUTION	906	317	228899	65771
empty16-5.scen	51	256	28	621	8	0.68	4.88	NO SOLUTION	1449	545	276283	80250
empty16-5.scen	51	256	28	621	9	1.22	5.87	NO SOLUTION	2617	600	324539	95153
empty16-5.scen	51	256	28	621	10	3.25	8.75	NO SOLUTION	7367	1841	378387	111096
empty16-5.scen	51	256	28	621	11	5.14	11.12	OK	9281	1535	433187	127779
empty16-5.scen	52	256	28	629	0	0	0.84	NO SOLUTION	0	1	9845	0
empty16-5.scen	52	256	28	629	1	0	1.02	NO SOLUTION	0	1	23336	4719
empty16-5.scen	52	256	28	629	2	0	1.5	NO SOLUTION	0	1	50279	13608
empty16-5.scen	52	256	28	629	3	0	1.78	NO SOLUTION	43	6	77991	17921
empty16-5.scen	52	256	28	629	4	0.01	2.4	NO SOLUTION	93	9	112673	28768
empty16-5.scen	52	256	28	629	5	0.04	2.67	NO SOLUTION	260	28	147909	40013
empty16-5.scen	52	256	28	629	6	0.11	3.36	NO SOLUTION	564	115	189411	52969
empty16-5.scen	52	256	28	629	7	0.32	3.93	NO SOLUTION	930	325	231597	66437
empty16-5.scen	52	256	28	629	8	0.67	5	NO SOLUTION	1458	417	279694	81092
empty16-5.scen	52	256	28	629	9	1.55	6.29	NO SOLUTION	2419	895	328693	96191
empty16-5.scen	52	256	28	629	10	3.9	9.51	NO SOLUTION	4394	1819	383411	112362
empty16-5.scen	52	256	28	629	11	2.25	8.38	OK	3762	1014	439108	129293
empty16-5.scen	53	256	28	636	0	0	0.85	NO SOLUTION	0	1	9916	0
empty16-5.scen	53	256	28	636	1	0	1.04	NO SOLUTION	0	1	23499	4768
empty16-5.scen	53	256	28	636	2	0	1.53	NO SOLUTION	0	1	50684	13752
empty16-5.scen	53	256	28	636	3	0	1.8	NO SOLUTION	46	6	78666	17724
empty16-5.scen	53	256	28	636	4	0.01	2.42	NO SOLUTION	95	9	113666	28580
empty16-5.scen	53	256	28	636	5	0.05	2.74	NO SOLUTION	562	43	149241	39818
empty16-5.scen	53	256	28	636	6	0.11	3.43	NO SOLUTION	488	108	191186	52823
empty16-5.scen	53	256	28	636	7	0.22	3.9	NO SOLUTION	870	239	233851	66336
empty16-5.scen	53	256	28	636	8	0.7	5.09	NO SOLUTION	1123	358	282554	81078
empty16-5.scen	53	256	28	636	9	1.44	6.28	NO SOLUTION	2977	964	332188	96315
empty16-5.scen	53	256	28	636	10	2.59	8.34	NO SOLUTION	2952	1315	387676	112654
empty16-5.scen	53	256	28	636	11	3.98	10.22	NO SOLUTION	3639	1313	444170	129792
empty16-5.scen	53	256	28	636	12	11.84	19	NO SOLUTION	37033	3744	506360	148018
empty16-5.scen	53	256	28	636	13	20.07	27.83	OK	17454	4390	569546	167139
empty16-5.scen	54	256	28	651	0	0	0.87	NO SOLUTION	0	1	10152	0
empty16-5.scen	54	256	28	651	1	0	1.09	NO SOLUTION	0	1	24056	4916
empty16-5.scen	54	256	28	651	2	0	1.57	NO SOLUTION	0	1	51865	14157
empty16-5.scen	54	256	28	651	3	0	1.85	NO SOLUTION	32	6	80381	18290
empty16-5.scen	54	256	28	651	4	0.01	2.51	NO SOLUTION	98	9	116140	29336
empty16-5.scen	54	256	28	651	5	0.04	2.77	NO SOLUTION	346	33	152449	40773
empty16-5.scen	54	256	28	651	6	0.13	3.55	NO SOLUTION	400	126	195280	54010
empty16-5.scen	54	256	28	651	7	0.21	4.01	NO SOLUTION	852	263	238843	67747
empty16-5.scen	54	256	28	651	8	0.73	5.26	NO SOLUTION	1459	531	288578	82747
empty16-5.scen	54	256	28	651	9	1.47	6.44	NO SOLUTION	2453	884	339283	98250
empty16-5.scen	54	256	28	651	10	2.75	8.64	NO SOLUTION	3654	1597	395938	114925
empty16-5.scen	54	256	28	651	11	5.1	11.53	NO SOLUTION	6197	2016	453637	132395
empty16-5.scen	54	256	28	651	12	12.07	19.43	NO SOLUTION	15653	3517	517122	150983
empty16-5.scen	54	256	28	651	13	14.76	22.69	OK	18121	4365	581631	170460
empty16-5.scen	55	256	28	668	0	0	0.91	NO SOLUTION	0	1	10438	0
empty16-5.scen	55	256	28	668	1	0	1.12	NO SOLUTION	0	1	24844	5099
empty16-5.scen	55	256	28	668	2	0	1.61	NO SOLUTION	0	1	53414	14630
empty16-5.scen	55	256	28	668	3	0.01	1.9	NO SOLUTION	17	6	82686	18858
empty16-5.scen	55	256	28	668	4	0.01	2.56	NO SOLUTION	100	9	119305	30160
empty16-5.scen	55	256	28	668	5	0.04	2.87	NO SOLUTION	236	34	156417	41871
empty16-5.scen	55	256	28	668	6	0.12	3.62	NO SOLUTION	404	120	200222	55302
empty16-5.scen	55	256	28	668	7	0.26	4.15	NO SOLUTION	808	193	244746	69283
empty16-5.scen	55	256	28	668	8	0.7	5.32	NO SOLUTION	1290	480	295591	84499
empty16-5.scen	55	256	28	668	9	1.3	6.49	NO SOLUTION	1961	686	347404	100268
empty16-5.scen	55	256	28	668	10	2.42	8.45	NO SOLUTION	2434	1012	405274	117221
empty16-5.scen	55	256	28	668	11	4.82	11.35	NO SOLUTION	5237	1698	464207	134980
empty16-5.scen	55	256	28	668	12	12.8	20.3	NO SOLUTION	16015	3988	529019	153888
empty16-5.scen	55	256	28	668	13	23.08	31.24	OK	79490	5625	594878	173696
empty16-5.scen	56	256	28	673	0	0	0.92	NO SOLUTION	0	1	10469	0
empty16-5.scen	56	256	28	673	1	0	1.15	NO SOLUTION	0	1	24927	5118
empty16-5.scen	56	256	28	673	2	0	1.64	NO SOLUTION	0	1	53620	14708
empty16-5.scen	56	256	28	673	3	0	1.93	NO SOLUTION	9	5	83014	18924
empty16-5.scen	56	256	28	673	4	0.01	2.59	NO SOLUTION	100	9	119785	30258
empty16-5.scen	56	256	28	673	5	0.04	2.92	NO SOLUTION	244	34	157067	41963
empty16-5.scen	56	256	28	673	6	0.13	3.67	NO SOLUTION	410	126	201116	55396
empty16-5.scen	56	256	28	673	7	0.29	4.25	NO SOLUTION	928	278	245903	69431
empty16-5.scen	56	256	28	673	8	0.81	5.52	NO SOLUTION	1774	605	297096	84709
empty16-5.scen	56	256	28	673	9	1.08	6.35	NO SOLUTION	2020	845	349275	100565
empty16-5.scen	56	256	28	673	10	4.43	10.6	NO SOLUTION	4606	1374	407597	117628
empty16-5.scen	56	256	28	673	11	4.31	10.98	NO SOLUTION	6270	1803	466999	135509
empty16-5.scen	56	256	28	673	12	12.9	20.59	NO SOLUTION	12215	3487	532370	154557
empty16-5.scen	56	256	28	673	13	26.56	34.88	OK	61185	5561	598806	174515
empty16-5.scen	57	256	28	684	0	0	0.93	NO SOLUTION	0	1	10575	0
empty16-5.scen	57	256	28	684	1	0	1.16	NO SOLUTION	0	1	25188	5217
empty16-5.scen	57	256	28	684	2	0	1.68	NO SOLUTION	0	1	54188	14927
empty16-5.scen	57	256	28	684	3	0	1.97	NO SOLUTION	10	5	83891	19141
empty16-5.scen	57	256	28	684	4	0.01	2.66	NO SOLUTION	102	9	121123	30542
empty16-5.scen	57	256	28	684	5	0.04	2.97	NO SOLUTION	387	33	158888	42327
empty16-5.scen	57	256	28	684	6	0.09	3.71	NO SOLUTION	321	104	203582	55885
empty16-5.scen	57	256	28	684	7	0.33	4.34	NO SOLUTION	952	248	249043	70091
empty16-5.scen	57	256	28	684	8	0.73	5.57	NO SOLUTION	1189	423	301074	85582
empty16-5.scen	57	256	28	684	9	1.08	6.5	NO SOLUTION	2043	599	354125	101672
empty16-5.scen	57	256	28	684	10	2.16	8.44	NO SOLUTION	3159	958	413496	119003
empty16-5.scen	57	256	28	684	11	7.9	14.73	NO SOLUTION	12780	3251	473981	137181
empty16-5.scen	57	256	28	684	12	16.18	23.94	NO SOLUTION	14069	4069	540577	156562
empty16-5.scen	57	256	28	684	13	16.75	25.27	OK	16890	4116	622946	176623
empty16-5.scen	58	256	28	698	0	0	0.96	NO SOLUTION	0	1	10835	0
empty16-5.scen	58	256	28	698	1	0	1.2	NO SOLUTION	0	1	25799	5398
empty16-5.scen	58	256	28	698	2	0	1.72	NO SOLUTION	0	1	55354	15329
empty16-5.scen	58	256	28	698	3	0	2.01	NO SOLUTION	11	5	85608	19277
empty16-5.scen	58	256	28	698	4	0.02	2.72	NO SOLUTION	113	11	123515	30729
empty16-5.scen	58	256	28	698	5	0.04	3.04	NO SOLUTION	309	41	161993	42533
empty16-5.scen	58	256	28	698	6	0.11	3.84	NO SOLUTION	562	112	207574	56190
empty16-5.scen	58	256	28	698	7	0.31	4.44	NO SOLUTION	725	230	253960	70524
empty16-5.scen	58	256	28	698	8	0.81	5.73	NO SOLUTION	1576	511	307047	86218
empty16-5.scen	58	256	28	698	9	1.3	6.84	NO SOLUTION	2308	814	361180	102553
empty16-5.scen	58	256	28	698	10	5.62	12.07	NO SOLUTION	3972	1662	421764	120184
empty16-5.scen	58	256	28	698	11	4.84	11.94	NO SOLUTION	6261	1585	483491	138694
empty16-5.scen	58	256	28	698	12	11.35	19.34	NO SOLUTION	10213	3390	551430	158462
empty16-5.scen	58	256	28	698	13	16.18	24.91	OK	83273	4111	635146	178921
empty16-5.scen	59	256	28	714	0	0	0.98	NO SOLUTION	0	1	11159	0
empty16-5.scen	59	256	28	714	1	0	1.22	NO SOLUTION	0	1	26581	5587
empty16-5.scen	59	256	28	714	2	0	1.78	NO SOLUTION	0	1	56896	15848
empty16-5.scen	59	256	28	714	3	0	2.09	NO SOLUTION	14	5	87889	19778
empty16-5.scen	59	256	28	714	4	0.01	2.74	NO SOLUTION	135	11	126685	31382
empty16-5.scen	59	256	28	714	5	0.04	3.13	NO SOLUTION	419	36	166113	43386
empty16-5.scen	59	256	28	714	6	0.11	3.94	NO SOLUTION	441	113	212765	57307
empty16-5.scen	59	256	28	714	7	0.34	4.56	NO SOLUTION	916	289	260268	71914
empty16-5.scen	59	256	28	714	8	0.82	6.02	NO SOLUTION	1317	560	314614	87938
empty16-5.scen	59	256	28	714	9	1.66	7.39	NO SOLUTION	2595	850	370036	104629
empty16-5.scen	59	256	28	714	10	2.58	9.19	NO SOLUTION	5151	917	432063	122651
empty16-5.scen	59	256	28	714	11	7.52	14.77	NO SOLUTION	5308	2236	495260	141576
empty16-5.scen	59	256	28	714	12	9.92	18.17	NO SOLUTION	38042	3277	564786	161790
empty16-5.scen	59	256	28	714	13	21.78	30.72	OK	16120	3925	650175	182709
empty16-5.scen	60	256	28	722	0	0	1	NO SOLUTION	0	1	11172	0
empty16-5.scen	60	256	28	722	1	0	1.25	NO SOLUTION	0	1	26639	5595
empty16-5.scen	60	256	28	722	2	0	1.81	NO SOLUTION	0	1	57118	15960
empty16-5.scen	60	256	28	722	3	0	2.12	NO SOLUTION	14	5	88263	19815
empty16-5.scen	60	256	28	722	4	0.01	2.78	NO SOLUTION	135	11	127280	31401
empty16-5.scen	60	256	28	722	5	0.04	3.18	NO SOLUTION	433	31	166957	43334
empty16-5.scen	60	256	28	722	6	0.09	4	NO SOLUTION	306	92	213922	57212
empty16-5.scen	60	256	28	722	7	0.22	4.54	NO SOLUTION	752	230	261761	71793
empty16-5.scen	60	256	28	722	8	0.62	5.9	NO SOLUTION	1092	312	316518	87805
empty16-5.scen	60	256	28	722	9	1.31	7.09	NO SOLUTION	1672	608	372368	104520
empty16-5.scen	60	256	28	722	10	2.26	8.98	NO SOLUTION	3581	1110	434907	122628
empty16-5.scen	60	256	28	722	11	6.51	13.9	NO SOLUTION	3727	1784	498633	141657
empty16-5.scen	60	256	28	722	12	8.43	16.82	NO SOLUTION	7993	2162	568778	162014
empty16-5.scen	60	256	28	722	13	12.46	21.6	NO SOLUTION	10049	3271	654761	183084
empty16-5.scen	60	256	28	722	14	34.34	44.55	NO SOLUTION	22764	7731	731901	205639
empty16-5.scen	60	256	28	722	15	49.67	60.63	OK	30063	7697	810081	229099
empty16-5.scen	61	256	28	738	0	0	1.03	NO SOLUTION	0	1	11544	0
empty16-5.scen	61	256	28	738	1	0	1.29	NO SOLUTION	0	1	27455	5825
empty16-5.scen	61	256	28	738	2	0	1.86	NO SOLUTION	0	1	58620	16474
empty16-5.scen	61	256	28	738	3	0	2.17	NO SOLUTION	30	5	90517	20405
empty16-5.scen	61	256	28	738	4	0.01	2.86	NO SOLUTION	137	11	130452	32176
empty16-5.scen	61	256	28	738	5	0.04	3.26	NO SOLUTION	444	29	171098	44384
empty16-5.scen	61	256	28	738	6	0.09	4.07	NO SOLUTION	318	103	219150	58539
empty16-5.scen	61	256	28	738	7	0.21	4.67	NO SOLUTION	904	211	268112	73422
empty16-5.scen	61	256	28	738	8	0.63	6.04	NO SOLUTION	987	309	324132	89778
empty16-5.scen	61	256	28	738	9	1.56	7.51	NO SOLUTION	3931	838	381276	106847
empty16-5.scen	61	256	28	738	10	3.1	9.94	NO SOLUTION	4244	1239	445257	125348
empty16-5.scen	61	256	28	738	11	4.15	11.71	NO SOLUTION	5260	1629	510456	144793
empty16-5.scen	61	256	28	738	12	10.23	18.84	NO SOLUTION	8520	3352	596856	165330
empty16-5.scen	61	256	28	738	13	25.06	34.39	NO SOLUTION	11505	4925	669745	187118
empty16-5.scen	61	256	28	738	14	26.77	37.2	NO SOLUTION	14293	5422	748536	210150
empty16-5.scen	61	256	28	738	15	68.12	79.38	NO SOLUTION	82261	11527	828374	234098
empty16-5.scen	61	256	28	738	16	39.46	52.26	OK	49130	7793	913579	259110
empty16-5.scen	62	256	28	744	0	0	1.04	NO SOLUTION	0	1	11555	0
empty16-5.scen	62	256	28	744	1	0	1.3	NO SOLUTION	0	1	27504	5828
empty16-5.scen	62	256	28	744	2	0	1.88	NO SOLUTION	0	1	58786	16554
empty16-5.scen	62	256	28	744	3	0	2.19	NO SOLUTION	30	5	90820	20442
empty16-5.scen	62	256	28	744	4	0.01	2.89	NO SOLUTION	137	11	130947	32261
empty16-5.scen	62	256	28	744	5	0.05	3.31	NO SOLUTION	477	36	171811	44499
empty16-5.scen	62	256	28	744	6	0.11	4.17	NO SOLUTION	310	101	220163	58690
empty16-5.scen	62	256	28	744	7	0.26	4.77	NO SOLUTION	889	251	269444	73635
empty16-5.scen	62	256	28	744	8	0.55	6.05	NO SOLUTION	1061	312	325874	90077
empty16-5.scen	62	256	28	744	9	1.25	7.27	NO SOLUTION	1844	676	383446	107237
empty16-5.scen	62	256	28	744	10	2.04	9.04	NO SOLUTION	2703	876	447945	125868
empty16-5.scen	62	256	28	744	11	4.76	12.47	NO SOLUTION	3594	1305	513680	145452
empty16-5.scen	62	256	28	744	12	9.79	18.6	NO SOLUTION	8910	3027	600777	166150
empty16-5.scen	62	256	28	744	13	13.14	22.66	NO SOLUTION	11410	3888	674317	188117
empty16-5.scen	62	256	28	744	14	41.21	51.81	NO SOLUTION	17508	7414	753859	211348
empty16-5.scen	62	256	28	744	15	60.78	72.2	NO SOLUTION	246129	11986	834466	235514
