empty16-3.scen	1	256	10	10	0	0	0.02	OK	4	0	93	14
empty16-3.scen	2	256	10	15	0	0	0.02	OK	7	0	123	11
empty16-3.scen	3	256	10	20	0	0	0.02	OK	10	0	153	14
empty16-3.scen	4	256	17	37	0	0	0.03	OK	12	0	323	23
empty16-3.scen	5	256	17	46	0	0	0.03	OK	21	0	381	30
empty16-3.scen	6	256	18	64	0	0	0.04	NO SOLUTION	18	10	1077	54
empty16-3.scen	6	256	18	64	1	0	0.05	OK	87	5	1740	299
empty16-3.scen	7	256	18	71	0	0	0.04	NO SOLUTION	31	9	1121	59
empty16-3.scen	7	256	18	71	1	0	0.05	OK	93	3	1840	322
empty16-3.scen	8	256	18	77	0	0	0.05	NO SOLUTION	30	9	1170	63
empty16-3.scen	8	256	18	77	1	0	0.05	OK	56	3	1952	347
empty16-3.scen	9	256	18	87	0	0	0.05	NO SOLUTION	32	9	1263	71
empty16-3.scen	9	256	18	87	1	0	0.06	OK	122	8	2164	398
empty16-3.scen	10	256	18	100	0	0	0.05	NO SOLUTION	39	9	1349	82
empty16-3.scen	10	256	18	100	1	0	0.07	OK	121	10	2354	445
empty16-3.scen	11	256	18	114	0	0	0.06	NO SOLUTION	39	9	1442	81
empty16-3.scen	11	256	18	114	1	0	0.07	OK	83	9	2565	476
empty16-3.scen	12	256	18	129	0	0	0.07	NO SOLUTION	36	8	1931	104
empty16-3.scen	12	256	18	129	1	0	0.08	OK	229	14	3230	609
empty16-3.scen	13	256	18	141	0	0	0.07	NO SOLUTION	36	8	1943	104
empty16-3.scen	13	256	18	141	1	0	0.09	OK	213	13	3304	610
empty16-3.scen	14	256	18	152	0	0	0.07	NO SOLUTION	30	9	1949	103
empty16-3.scen	14	256	18	152	1	0	0.09	OK	217	13	3372	611
empty16-3.scen	15	256	18	157	0	0	0.07	NO SOLUTION	25	6	1950	97
empty16-3.scen	15	256	18	157	1	0	0.09	OK	186	16	3404	612
empty16-3.scen	16	256	18	166	0	0	0.08	NO SOLUTION	31	7	2032	101
empty16-3.scen	16	256	18	166	1	0	0.1	OK	248	16	3588	647
empty16-3.scen	17	256	18	169	0	0	0.08	NO SOLUTION	33	8	2048	99
empty16-3.scen	17	256	18	169	1	0	0.11	OK	243	15	3628	637
empty16-3.scen	18	256	18	177	0	0	0.09	NO SOLUTION	38	8	2151	107
empty16-3.scen	18	256	18	177	1	0	0.11	OK	255	19	3820	677
empty16-3.scen	19	256	18	180	0	0	0.09	NO SOLUTION	0	1	1637	0
empty16-3.scen	19	256	18	180	1	0	0.12	NO SOLUTION	0	1	3840	776
empty16-3.scen	19	256	18	180	2	0	0.22	NO SOLUTION	256	18	18170	1668
empty16-3.scen	19	256	18	180	3	0.01	0.28	OK	227	22	29550	3217
empty16-3.scen	20	256	18	190	0	0	0.09	NO SOLUTION	0	1	1703	0
empty16-3.scen	20	256	18	190	1	0	0.12	NO SOLUTION	0	1	3991	811
empty16-3.scen	20	256	18	190	2	0	0.24	NO SOLUTION	233	17	18971	1746
empty16-3.scen	20	256	18	190	3	0	0.29	OK	292	19	30214	3405
empty16-3.scen	21	256	19	209	0	0	0.11	NO SOLUTION	0	1	2123	0
empty16-3.scen	21	256	19	209	1	0	0.15	NO SOLUTION	0	1	8248	742
empty16-3.scen	21	256	19	209	2	0	0.29	NO SOLUTION	247	23	23147	2116
empty16-3.scen	21	256	19	209	3	0.01	0.35	OK	312	20	33067	4106
empty16-3.scen	22	256	19	217	0	0	0.12	NO SOLUTION	0	1	2202	0
empty16-3.scen	22	256	19	217	1	0	0.16	NO SOLUTION	0	1	8525	768
empty16-3.scen	22	256	19	217	2	0	0.29	NO SOLUTION	119	7	24045	2231
empty16-3.scen	22	256	19	217	3	0.01	0.36	NO SOLUTION	411	40	33657	4356
empty16-3.scen	22	256	19	217	4	0.03	0.54	OK	724	104	43937	7426
empty16-3.scen	23	256	19	227	0	0	0.12	NO SOLUTION	0	1	2295	0
empty16-3.scen	23	256	19	227	1	0	0.16	NO SOLUTION	0	1	8884	802
empty16-3.scen	23	256	19	227	2	0	0.31	NO SOLUTION	143	8	25078	2315
empty16-3.scen	23	256	19	227	3	0.01	0.37	NO SOLUTION	431	42	34584	4532
empty16-3.scen	23	256	19	227	4	0.03	0.57	OK	777	100	45118	7744
empty16-3.scen	24	256	19	237	0	0	0.13	NO SOLUTION	0	1	2367	0
empty16-3.scen	24	256	19	237	1	0	0.17	NO SOLUTION	0	1	9043	829
empty16-3.scen	24	256	19	237	2	0	0.32	NO SOLUTION	153	10	25805	2399
empty16-3.scen	24	256	19	237	3	0.01	0.39	NO SOLUTION	467	45	35217	4691
empty16-3.scen	24	256	19	237	4	0.02	0.53	OK	568	64	32475	8663
empty16-3.scen	25	256	19	240	0	0	0.13	NO SOLUTION	0	1	2383	0
empty16-3.scen	25	256	19	240	1	0	0.18	NO SOLUTION	0	1	9083	835
empty16-3.scen	25	256	19	240	2	0	0.32	NO SOLUTION	116	6	26031	2340
empty16-3.scen	25	256	19	240	3	0	0.4	NO SOLUTION	161	19	35309	4606
empty16-3.scen	25	256	19	240	4	0.01	0.53	NO SOLUTION	133	28	32905	8584
empty16-3.scen	25	256	19	240	5	0.04	0.66	NO SOLUTION	596	104	45200	12656
empty16-3.scen	25	256	19	240	6	0.05	0.86	OK	778	111	60785	18079
empty16-3.scen	26	256	20	260	0	0	0.16	NO SOLUTION	0	1	2844	0
empty16-3.scen	26	256	20	260	1	0	0.22	NO SOLUTION	0	1	11247	976
empty16-3.scen	26	256	20	260	2	0	0.37	NO SOLUTION	137	6	29195	2735
empty16-3.scen	26	256	20	260	3	0.01	0.48	NO SOLUTION	143	21	38600	5323
empty16-3.scen	26	256	20	260	4	0.01	0.61	NO SOLUTION	200	36	37592	9788
empty16-3.scen	26	256	20	260	5	0.06	0.76	NO SOLUTION	852	136	51248	14327
empty16-3.scen	26	256	20	260	6	0.08	1.01	OK	950	169	68325	20279
empty16-3.scen	27	256	20	272	0	0	0.17	NO SOLUTION	0	1	3030	0
empty16-3.scen	27	256	20	272	1	0	0.24	NO SOLUTION	0	1	12033	1034
empty16-3.scen	27	256	20	272	2	0	0.4	NO SOLUTION	89	7	30103	2946
empty16-3.scen	27	256	20	272	3	0.01	0.46	NO SOLUTION	238	33	25971	6267
empty16-3.scen	27	256	20	272	4	0.01	0.65	NO SOLUTION	172	31	39965	10478
empty16-3.scen	27	256	20	272	5	0.07	0.81	NO SOLUTION	714	116	54332	15343
empty16-3.scen	27	256	20	272	6	0.12	1.1	OK	828	150	72325	21629
empty16-3.scen	28	256	20	281	0	0	0.18	NO SOLUTION	0	1	3145	0
empty16-3.scen	28	256	20	281	1	0	0.25	NO SOLUTION	0	1	12485	1070
empty16-3.scen	28	256	20	281	2	0	0.39	NO SOLUTION	26	3	16632	3702
empty16-3.scen	28	256	20	281	3	0.01	0.47	NO SOLUTION	97	21	26878	6579
empty16-3.scen	28	256	20	281	4	0.01	0.68	NO SOLUTION	171	49	41279	10944
empty16-3.scen	28	256	20	281	5	0.08	0.85	NO SOLUTION	845	138	56076	15960
empty16-3.scen	28	256	20	281	6	0.1	1.12	OK	1017	137	74564	22376
empty16-3.scen	29	256	20	286	0	0	0.18	NO SOLUTION	0	1	3185	0
empty16-3.scen	29	256	20	286	1	0	0.26	NO SOLUTION	0	1	12610	1086
empty16-3.scen	29	256	20	286	2	0	0.39	NO SOLUTION	25	3	16882	3741
empty16-3.scen	29	256	20	286	3	0.01	0.48	NO SOLUTION	95	25	27304	6665
empty16-3.scen	29	256	20	286	4	0.02	0.7	NO SOLUTION	198	38	41975	11124
empty16-3.scen	29	256	20	286	5	0.09	0.88	NO SOLUTION	880	154	57066	16216
empty16-3.scen	29	256	20	286	6	0.09	1.15	OK	982	115	75959	22745
empty16-3.scen	30	256	20	297	0	0	0.19	NO SOLUTION	0	1	3258	0
empty16-3.scen	30	256	20	297	1	0	0.26	NO SOLUTION	0	1	12772	1118
empty16-3.scen	30	256	20	297	2	0	0.41	NO SOLUTION	39	3	17346	3866
empty16-3.scen	30	256	20	297	3	0.01	0.5	NO SOLUTION	91	25	28094	6887
empty16-3.scen	30	256	20	297	4	0.02	0.71	NO SOLUTION	201	38	43296	11522
empty16-3.scen	30	256	20	297	5	0.06	0.88	NO SOLUTION	864	129	58910	16821
empty16-3.scen	30	256	20	297	6	0.17	1.25	OK	1066	170	78428	23602
empty16-3.scen	31	256	20	311	0	0	0.21	NO SOLUTION	0	1	3508	0
empty16-3.scen	31	256	20	311	1	0	0.28	NO SOLUTION	0	1	13898	1210
empty16-3.scen	31	256	20	311	2	0	0.44	NO SOLUTION	31	3	18643	4214
empty16-3.scen	31	256	20	311	3	0.01	0.53	NO SOLUTION	94	23	30056	7497
empty16-3.scen	31	256	20	311	4	0.02	0.75	NO SOLUTION	205	38	46131	12372
empty16-3.scen	31	256	20	311	5	0.07	0.93	NO SOLUTION	702	109	62606	17899
empty16-3.scen	31	256	20	311	6	0.17	1.3	OK	1163	198	83165	24947
empty16-3.scen	32	256	20	316	0	0	0.22	NO SOLUTION	0	1	3539	0
empty16-3.scen	32	256	20	316	1	0	0.29	NO SOLUTION	0	1	13970	1222
empty16-3.scen	32	256	20	316	2	0	0.45	NO SOLUTION	26	3	18880	4274
empty16-3.scen	32	256	20	316	3	0.01	0.54	NO SOLUTION	97	22	30473	7610
empty16-3.scen	32	256	20	316	4	0.02	0.77	NO SOLUTION	187	32	46775	12600
empty16-3.scen	32	256	20	316	5	0.08	0.97	NO SOLUTION	810	109	63492	18190
empty16-3.scen	32	256	20	316	6	0.24	1.41	OK	1885	229	84378	25317
empty16-3.scen	33	256	20	330	0	0	0.22	NO SOLUTION	0	1	3727	0
empty16-3.scen	33	256	20	330	1	0	0.29	NO SOLUTION	0	1	14736	1294
empty16-3.scen	33	256	20	330	2	0	0.47	NO SOLUTION	30	3	19871	4559
empty16-3.scen	33	256	20	330	3	0.01	0.57	NO SOLUTION	99	23	31992	8112
empty16-3.scen	33	256	20	330	4	0.02	0.8	NO SOLUTION	159	32	48979	13346
empty16-3.scen	33	256	20	330	5	0.1	1.06	NO SOLUTION	421	144	66415	19120
empty16-3.scen	33	256	20	330	6	0.34	1.55	NO SOLUTION	1504	277	88211	26480
empty16-3.scen	33	256	20	330	7	0.4	1.82	OK	2025	323	110408	34128
empty16-3.scen	34	256	20	342	0	0	0.23	NO SOLUTION	0	1	3913	0
empty16-3.scen	34	256	20	342	1	0	0.31	NO SOLUTION	0	1	15531	1352
empty16-3.scen	34	256	20	342	2	0	0.49	NO SOLUTION	26	3	20800	4780
empty16-3.scen	34	256	20	342	3	0.01	0.59	NO SOLUTION	100	19	33421	8523
empty16-3.scen	34	256	20	342	4	0.02	0.84	NO SOLUTION	197	38	51086	13959
empty16-3.scen	34	256	20	342	5	0.09	1.08	NO SOLUTION	438	110	69158	19991
empty16-3.scen	34	256	20	342	6	0.42	1.69	NO SOLUTION	1042	309	91694	27643
empty16-3.scen	34	256	20	342	7	0.47	1.94	OK	1876	370	114610	35546
empty16-3.scen	35	256	20	351	0	0	0.24	NO SOLUTION	0	1	4020	0
empty16-3.scen	35	256	20	351	1	0	0.32	NO SOLUTION	0	1	15978	1388
empty16-3.scen	35	256	20	351	2	0	0.51	NO SOLUTION	32	3	21399	4911
empty16-3.scen	35	256	20	351	3	0.01	0.61	NO SOLUTION	95	19	34385	8790
empty16-3.scen	35	256	20	351	4	0.02	0.86	NO SOLUTION	191	39	52526	14396
empty16-3.scen	35	256	20	351	5	0.11	1.15	NO SOLUTION	598	105	71120	20601
empty16-3.scen	35	256	20	351	6	0.55	1.86	NO SOLUTION	1845	459	94324	28431
empty16-3.scen	35	256	20	351	7	0.44	1.96	OK	2037	364	117922	36544
empty16-3.scen	36	256	20	361	0	0	0.25	NO SOLUTION	0	1	4145	0
empty16-3.scen	36	256	20	361	1	0	0.33	NO SOLUTION	0	1	16539	1434
empty16-3.scen	36	256	20	361	2	0	0.52	NO SOLUTION	34	3	22087	5061
empty16-3.scen	36	256	20	361	3	0.01	0.63	NO SOLUTION	96	19	35498	9059
empty16-3.scen	36	256	20	361	4	0.02	0.9	NO SOLUTION	194	39	54096	14861
empty16-3.scen	36	256	20	361	5	0.11	1.16	NO SOLUTION	427	127	73167	21252
empty16-3.scen	36	256	20	361	6	0.56	1.93	NO SOLUTION	1491	370	96877	29278
empty16-3.scen	36	256	20	361	7	0.53	2.1	OK	2134	296	121000	37587
empty16-3.scen	37	256	20	366	0	0	0.26	NO SOLUTION	0	1	4192	0
empty16-3.scen	37	256	20	366	1	0	0.34	NO SOLUTION	0	1	16698	1455
empty16-3.scen	37	256	20	366	2	0	0.54	NO SOLUTION	36	3	22335	5134
empty16-3.scen	37	256	20	366	3	0.01	0.65	NO SOLUTION	99	19	35894	9170
empty16-3.scen	37	256	20	366	4	0.02	0.91	NO SOLUTION	217	30	54744	15025
empty16-3.scen	37	256	20	366	5	0.06	1.13	NO SOLUTION	410	101	74084	21486
empty16-3.scen	37	256	20	366	6	0.48	1.87	NO SOLUTION	994	314	98184	29602
empty16-3.scen	37	256	20	366	7	1.71	3.29	NO SOLUTION	3208	1038	122724	38027
empty16-3.scen	37	256	20	366	8	1.28	3.15	OK	3412	831	151674	47670
empty16-3.scen	38	256	20	377	0	0	0.26	NO SOLUTION	0	1	4326	0
empty16-3.scen	38	256	20	377	1	0	0.35	NO SOLUTION	0	1	17247	1501
empty16-3.scen	38	256	20	377	2	0	0.56	NO SOLUTION	33	3	23088	5344
empty16-3.scen	38	256	20	377	3	0.01	0.67	NO SOLUTION	105	19	37068	9526
empty16-3.scen	38	256	20	377	4	0.02	0.97	NO SOLUTION	221	30	56464	15579
empty16-3.scen	38	256	20	377	5	0.16	1.27	NO SOLUTION	413	131	76367	22233
empty16-3.scen	38	256	20	377	6	0.33	1.77	NO SOLUTION	682	258	101219	30566
empty16-3.scen	38	256	20	377	7	1.19	2.84	NO SOLUTION	2590	828	126555	39182
empty16-3.scen	38	256	20	377	8	1.44	3.39	OK	3857	830	156486	49078
empty16-3.scen	39	256	20	389	0	0	0.27	NO SOLUTION	0	1	4512	0
empty16-3.scen	39	256	20	389	1	0	0.36	NO SOLUTION	0	1	18033	1558
empty16-3.scen	39	256	20	389	2	0	0.57	NO SOLUTION	36	3	24000	5533
empty16-3.scen	39	256	20	389	3	0.01	0.69	NO SOLUTION	107	18	38472	9852
empty16-3.scen	39	256	20	389	4	0.02	1	NO SOLUTION	224	30	58539	16102
empty16-3.scen	39	256	20	389	5	0.16	1.31	NO SOLUTION	402	134	79080	23010
empty16-3.scen	39	256	20	389	6	0.5	1.99	NO SOLUTION	1119	324	104613	31679
empty16-3.scen	39	256	20	389	7	1.06	2.76	NO SOLUTION	2230	666	130633	40519
empty16-3.scen	39	256	20	389	8	1.21	3.22	OK	4022	773	161343	50670
empty16-3.scen	40	256	20	398	0	0	0.28	NO SOLUTION	0	1	4634	0
empty16-3.scen	40	256	20	398	1	0	0.37	NO SOLUTION	0	1	18496	1602
empty16-3.scen	40	256	20	398	2	0	0.59	NO SOLUTION	40	3	24625	5709
empty16-3.scen	40	256	20	398	3	0.01	0.72	NO SOLUTION	215	24	39420	10200
empty16-3.scen	40	256	20	398	4	0.02	1.03	NO SOLUTION	209	39	59912	16589
empty16-3.scen	40	256	20	398	5	0.12	1.3	NO SOLUTION	491	132	80924	23581
empty16-3.scen	40	256	20	398	6	0.68	2.2	NO SOLUTION	1382	420	107032	32411
empty16-3.scen	40	256	20	398	7	1.07	2.81	NO SOLUTION	1865	530	133657	41419
empty16-3.scen	40	256	20	398	8	0.58	2.66	OK	3179	560	165074	51769
empty16-3.scen	41	256	20	406	0	0	0.29	NO SOLUTION	0	1	4718	0
empty16-3.scen	41	256	20	406	1	0	0.37	NO SOLUTION	0	1	10893	2195
empty16-3.scen	41	256	20	406	2	0	0.6	NO SOLUTION	0	1	25106	6571
empty16-3.scen	41	256	20	406	3	0	0.73	NO SOLUTION	79	5	40193	10396
empty16-3.scen	41	256	20	406	4	0.02	1.05	NO SOLUTION	262	15	61039	16895
empty16-3.scen	41	256	20	406	5	0.06	1.27	NO SOLUTION	352	81	82381	23971
empty16-3.scen	41	256	20	406	6	0.43	2.01	NO SOLUTION	975	284	108943	32842
empty16-3.scen	41	256	20	406	7	1.77	3.5	NO SOLUTION	3403	1052	136040	41921
empty16-3.scen	41	256	20	406	8	3	5.13	OK	12108	1354	168070	52372
empty16-3.scen	42	256	20	420	0	0	0.3	NO SOLUTION	0	1	4956	0
empty16-3.scen	42	256	20	420	1	0	0.39	NO SOLUTION	0	1	11430	2297
empty16-3.scen	42	256	20	420	2	0	0.63	NO SOLUTION	0	1	26322	6900
empty16-3.scen	42	256	20	420	3	0	0.76	NO SOLUTION	80	5	42100	10805
empty16-3.scen	42	256	20	420	4	0.02	1.09	NO SOLUTION	268	17	63660	17586
empty16-3.scen	42	256	20	420	5	0.06	1.32	NO SOLUTION	683	82	85725	24898
empty16-3.scen	42	256	20	420	6	0.18	1.82	NO SOLUTION	689	127	113098	33991
empty16-3.scen	42	256	20	420	7	1.02	2.8	NO SOLUTION	1687	550	141066	43289
empty16-3.scen	42	256	20	420	8	1.77	3.98	OK	4446	1019	174054	53971
empty16-3.scen	43	256	20	424	0	0	0.31	NO SOLUTION	0	1	4960	0
empty16-3.scen	43	256	20	424	1	0	0.39	NO SOLUTION	0	1	11457	2298
empty16-3.scen	43	256	20	424	2	0	0.64	NO SOLUTION	0	1	26445	6938
empty16-3.scen	43	256	20	424	3	0	0.76	NO SOLUTION	0	1	42338	12221
empty16-3.scen	43	256	20	424	4	0	1.09	NO SOLUTION	0	1	64101	19575
empty16-3.scen	43	256	20	424	5	0.03	1.3	NO SOLUTION	584	59	86357	24953
empty16-3.scen	43	256	20	424	6	0.07	1.72	NO SOLUTION	773	84	114005	34096
empty16-3.scen	43	256	20	424	7	0.16	1.98	NO SOLUTION	471	132	142277	43409
empty16-3.scen	43	256	20	424	8	0.43	2.66	NO SOLUTION	1028	292	175673	54130
empty16-3.scen	43	256	20	424	9	2.6	5.18	NO SOLUTION	5411	1159	209878	65044
empty16-3.scen	43	256	20	424	10	4.37	7.46	OK	10433	2400	249219	77104
empty16-3.scen	44	256	20	444	0	0	0.32	NO SOLUTION	0	1	5413	0
empty16-3.scen	44	256	20	444	1	0	0.41	NO SOLUTION	0	1	12472	2497
empty16-3.scen	44	256	20	444	2	0	0.68	NO SOLUTION	0	1	28571	7547
empty16-3.scen	44	256	20	444	3	0	0.81	NO SOLUTION	0	1	45636	13241
empty16-3.scen	44	256	20	444	4	0	1.15	NO SOLUTION	0	1	68694	21193
empty16-3.scen	44	256	20	444	5	0.02	1.37	NO SOLUTION	291	31	92313	26835
empty16-3.scen	44	256	20	444	6	0.07	1.8	NO SOLUTION	354	75	121402	36407
empty16-3.scen	44	256	20	444	7	0.17	2.08	NO SOLUTION	488	129	151106	46105
empty16-3.scen	44	256	20	444	8	0.36	2.77	NO SOLUTION	1059	292	186014	57177
empty16-3.scen	44	256	20	444	9	2.96	5.67	NO SOLUTION	5016	1311	221687	68495
empty16-3.scen	44	256	20	444	10	7.97	11.18	OK	23226	3822	262620	80947
empty16-3.scen	45	256	20	456	0	0	0.33	NO SOLUTION	0	1	5613	0
empty16-3.scen	45	256	20	456	1	0	0.43	NO SOLUTION	0	1	12917	2592
empty16-3.scen	45	256	20	456	2	0	0.69	NO SOLUTION	0	1	29512	7889
empty16-3.scen	45	256	20	456	3	0	0.83	NO SOLUTION	0	1	47059	13820
empty16-3.scen	45	256	20	456	4	0	1.19	NO SOLUTION	0	1	70647	21976
empty16-3.scen	45	256	20	456	5	0.02	1.41	NO SOLUTION	294	31	94848	27677
empty16-3.scen	45	256	20	456	6	0.06	1.85	NO SOLUTION	392	60	124679	37369
empty16-3.scen	45	256	20	456	7	0.16	2.13	NO SOLUTION	498	132	155161	47256
empty16-3.scen	45	256	20	456	8	0.46	2.93	NO SOLUTION	1499	341	190966	58531
empty16-3.scen	45	256	20	456	9	2.31	5.09	NO SOLUTION	3473	892	227566	70108
empty16-3.scen	45	256	20	456	10	4.88	8.19	OK	10755	2510	269538	82826
empty16-3.scen	46	256	20	469	0	0	0.34	NO SOLUTION	0	1	5825	0
empty16-3.scen	46	256	20	469	1	0	0.45	NO SOLUTION	0	1	13391	2684
empty16-3.scen	46	256	20	469	2	0	0.71	NO SOLUTION	0	1	30572	8204
empty16-3.scen	46	256	20	469	3	0	0.86	NO SOLUTION	0	1	48691	14378
empty16-3.scen	46	256	20	469	4	0	1.22	NO SOLUTION	0	1	72977	22784
empty16-3.scen	46	256	20	469	5	0.03	1.47	NO SOLUTION	460	49	97875	28606
empty16-3.scen	46	256	20	469	6	0.06	1.89	NO SOLUTION	398	60	128485	38464
empty16-3.scen	46	256	20	469	7	0.17	2.2	NO SOLUTION	504	132	159763	48597
empty16-3.scen	46	256	20	469	8	0.76	3.3	NO SOLUTION	4851	608	196432	60104
empty16-3.scen	46	256	20	469	9	3.69	6.54	NO SOLUTION	5318	1811	233937	71951
empty16-3.scen	46	256	20	469	10	4.73	8.12	OK	7909	2244	276922	84905
empty16-3.scen	47	256	23	492	0	0	0.46	NO SOLUTION	0	1	6415	0
empty16-3.scen	47	256	23	492	1	0	0.59	NO SOLUTION	0	1	14748	2923
empty16-3.scen	47	256	23	492	2	0	0.89	NO SOLUTION	0	1	33294	8864
empty16-3.scen	47	256	23	492	3	0	1.08	NO SOLUTION	0	1	52860	15532
empty16-3.scen	47	256	23	492	4	0	1.44	NO SOLUTION	0	1	78618	24432
empty16-3.scen	47	256	23	492	5	0.03	1.73	NO SOLUTION	599	62	104919	30304
empty16-3.scen	47	256	23	492	6	0.07	2.16	NO SOLUTION	438	70	136941	40660
empty16-3.scen	47	256	23	492	7	0.14	2.56	NO SOLUTION	463	110	169629	51303
empty16-3.scen	47	256	23	492	8	0.7	3.62	NO SOLUTION	1444	372	207770	63308
empty16-3.scen	47	256	23	492	9	2.47	5.73	NO SOLUTION	5516	1137	246802	75652
empty16-3.scen	47	256	23	492	10	3.87	7.72	OK	6339	1866	291339	89158
empty16-3.scen	48	256	23	501	0	0	0.47	NO SOLUTION	0	1	6431	0
empty16-3.scen	48	256	23	501	1	0	0.6	NO SOLUTION	0	1	14819	2926
empty16-3.scen	48	256	23	501	2	0	0.91	NO SOLUTION	0	1	33549	8968
empty16-3.scen	48	256	23	501	3	0	1.1	NO SOLUTION	0	1	53318	15708
empty16-3.scen	48	256	23	501	4	0	1.49	NO SOLUTION	0	1	79435	24693
empty16-3.scen	48	256	23	501	5	0.04	1.77	NO SOLUTION	521	80	106102	30689
empty16-3.scen	48	256	23	501	6	0.08	2.2	NO SOLUTION	376	70	138597	41199
empty16-3.scen	48	256	23	501	7	0.15	2.61	NO SOLUTION	1922	136	171765	52008
empty16-3.scen	48	256	23	501	8	0.49	3.47	NO SOLUTION	1665	405	210499	64155
empty16-3.scen	48	256	23	501	9	0.99	4.34	NO SOLUTION	2674	479	250149	76693
empty16-3.scen	48	256	23	501	10	4.5	8.46	NO SOLUTION	6142	1940	295422	90340
empty16-3.scen	48	256	23	501	11	13.32	17.66	NO SOLUTION	58795	4479	341730	104530
empty16-3.scen	48	256	23	501	12	25.51	30.64	OK	32969	6193	393394	119808
empty16-3.scen	49	256	23	516	0	0	0.49	NO SOLUTION	0	1	6706	0
empty16-3.scen	49	256	23	516	1	0	0.63	NO SOLUTION	0	1	15521	3078
empty16-3.scen	49	256	23	516	2	0	0.94	NO SOLUTION	0	1	34977	9418
empty16-3.scen	49	256	23	516	3	0	1.13	NO SOLUTION	0	1	55435	16456
empty16-3.scen	49	256	23	516	4	0	1.54	NO SOLUTION	0	1	82328	25745
empty16-3.scen	49	256	23	516	5	0.05	1.84	NO SOLUTION	740	56	109760	31736
empty16-3.scen	49	256	23	516	6	0.09	2.3	NO SOLUTION	392	70	143165	42508
empty16-3.scen	49	256	23	516	7	0.22	2.77	NO SOLUTION	535	114	177277	53556
empty16-3.scen	49	256	23	516	8	0.45	3.55	NO SOLUTION	1314	361	217136	65951
empty16-3.scen	49	256	23	516	9	1.73	5.18	NO SOLUTION	3304	1064	257953	78778
empty16-3.scen	49	256	23	516	10	5.05	9.13	NO SOLUTION	14828	2137	304548	92733
empty16-3.scen	49	256	23	516	11	14.43	18.9	NO SOLUTION	20912	4139	352205	107297
empty16-3.scen	49	256	23	516	12	19.83	25.1	OK	23461	5040	405322	122964
empty16-3.scen	50	256	23	530	0	0	0.5	NO SOLUTION	0	1	6879	0
empty16-3.scen	50	256	23	530	1	0	0.64	NO SOLUTION	0	1	15943	3168
empty16-3.scen	50	256	23	530	2	0	0.99	NO SOLUTION	0	1	35867	9687
empty16-3.scen	50	256	23	530	3	0	1.16	NO SOLUTION	0	1	56793	16922
empty16-3.scen	50	256	23	530	4	0	1.58	NO SOLUTION	0	1	84246	26375
empty16-3.scen	50	256	23	530	5	0.04	1.86	NO SOLUTION	524	66	112253	32324
empty16-3.scen	50	256	23	530	6	0.09	2.42	NO SOLUTION	378	65	146335	43297
empty16-3.scen	50	256	23	530	7	0.26	2.87	NO SOLUTION	598	137	181123	54541
empty16-3.scen	50	256	23	530	8	0.36	3.53	NO SOLUTION	990	244	221759	67155
empty16-3.scen	50	256	23	530	9	1	4.53	NO SOLUTION	2031	555	263361	80208
empty16-3.scen	50	256	23	530	10	4.37	8.53	NO SOLUTION	5921	1972	310858	94399
empty16-3.scen	50	256	23	530	11	10.89	15.46	NO SOLUTION	22002	3853	359429	109208
empty16-3.scen	50	256	23	530	12	17.4	22.8	OK	17531	4599	413560	125137
empty16-3.scen	51	256	23	548	0	0	0.53	NO SOLUTION	0	1	7284	0
empty16-3.scen	51	256	23	548	1	0	0.66	NO SOLUTION	0	1	16898	3381
empty16-3.scen	51	256	23	548	2	0	1.03	NO SOLUTION	0	1	37752	10272
empty16-3.scen	51	256	23	548	3	0	1.2	NO SOLUTION	0	1	59575	17832
empty16-3.scen	51	256	23	548	4	0	1.65	NO SOLUTION	0	1	88072	27636
empty16-3.scen	51	256	23	548	5	0.04	1.94	NO SOLUTION	706	62	117144	33800
empty16-3.scen	51	256	23	548	6	0.09	2.49	NO SOLUTION	383	65	152485	45037
empty16-3.scen	51	256	23	548	7	0.23	2.93	NO SOLUTION	584	131	188575	56614
empty16-3.scen	51	256	23	548	8	0.53	3.83	NO SOLUTION	1024	316	230614	69565
empty16-3.scen	51	256	23	548	9	1.74	5.4	NO SOLUTION	2832	973	273654	83002
empty16-3.scen	51	256	23	548	10	5.56	9.87	NO SOLUTION	39953	2414	322675	97576
empty16-3.scen	51	256	23	548	11	15.51	20.24	NO SOLUTION	78805	4464	372791	112832
empty16-3.scen	51	256	23	548	12	13.86	19.44	OK	57685	3944	428562	129196
empty16-3.scen	52	256	23	550	0	0	0.54	NO SOLUTION	0	1	7293	0
empty16-3.scen	52	256	23	550	1	0	0.67	NO SOLUTION	0	1	16923	3386
empty16-3.scen	52	256	23	550	2	0	1.04	NO SOLUTION	0	1	37839	10307
empty16-3.scen	52	256	23	550	3	0	1.23	NO SOLUTION	0	1	59731	17893
empty16-3.scen	52	256	23	550	4	0	1.67	NO SOLUTION	0	1	88392	27743
empty16-3.scen	52	256	23	550	5	0.02	1.95	NO SOLUTION	198	19	117618	33317
empty16-3.scen	52	256	23	550	6	0.05	2.49	NO SOLUTION	260	39	153172	44579
empty16-3.scen	52	256	23	550	7	0.14	2.88	NO SOLUTION	1006	99	189508	56150
empty16-3.scen	52	256	23	550	8	0.24	3.58	NO SOLUTION	885	189	231896	69140
empty16-3.scen	52	256	23	550	9	0.75	4.47	NO SOLUTION	2113	430	275315	82616
empty16-3.scen	52	256	23	550	10	2.54	6.92	NO SOLUTION	3753	1404	324847	97270
empty16-3.scen	52	256	23	550	11	6.41	11.24	NO SOLUTION	9249	2584	375502	112632
empty16-3.scen	52	256	23	550	12	12.25	17.95	NO SOLUTION	17234	3670	431961	129129
empty16-3.scen	52	256	23	550	13	19.91	26.15	NO SOLUTION	34951	5728	489451	146453
empty16-3.scen	52	256	23	550	14	40.98	48.04	OK	144148	9113	552150	164856
empty16-3.scen	53	256	23	563	0	0	0.55	NO SOLUTION	0	1	7451	0
empty16-3.scen	53	256	23	563	1	0	0.69	NO SOLUTION	0	1	17316	3475
empty16-3.scen	53	256	23	563	2	0	1.06	NO SOLUTION	0	1	38683	10580
empty16-3.scen	53	256	23	563	3	0	1.26	NO SOLUTION	0	1	60977	18330
empty16-3.scen	53	256	23	563	4	0	1.71	NO SOLUTION	0	1	90141	28327
empty16-3.scen	53	256	23	563	5	0.02	2	NO SOLUTION	199	19	119889	33912
empty16-3.scen	53	256	23	563	6	0.05	2.54	NO SOLUTION	261	39	156062	45343
empty16-3.scen	53	256	23	563	7	0.16	2.98	NO SOLUTION	1075	127	193035	57080
empty16-3.scen	53	256	23	563	8	0.3	3.73	NO SOLUTION	843	195	236151	70270
empty16-3.scen	53	256	23	563	9	0.55	4.37	NO SOLUTION	1683	359	280329	83948
empty16-3.scen	53	256	23	563	10	2.56	7.05	NO SOLUTION	4399	1557	330706	98843
empty16-3.scen	53	256	23	563	11	7.24	12.15	NO SOLUTION	11754	2871	382231	114460
empty16-3.scen	53	256	23	563	12	10.41	16.26	NO SOLUTION	10098	3297	439648	131238
empty16-3.scen	53	256	23	563	13	37.67	44.07	NO SOLUTION	287483	10903	498121	148852
empty16-3.scen	53	256	23	563	14	37.73	45.02	OK	168265	8437	561896	167562
empty16-3.scen	54	256	23	576	0	0	0.56	NO SOLUTION	0	1	7621	0
empty16-3.scen	54	256	23	576	1	0	0.72	NO SOLUTION	0	1	17722	3599
empty16-3.scen	54	256	23	576	2	0	1.09	NO SOLUTION	0	1	39524	10877
empty16-3.scen	54	256	23	576	3	0	1.29	NO SOLUTION	0	1	62276	18741
empty16-3.scen	54	256	23	576	4	0	1.74	NO SOLUTION	0	1	92102	28899
empty16-3.scen	54	256	23	576	5	0.03	2.07	NO SOLUTION	193	23	122524	34630
empty16-3.scen	54	256	23	576	6	0.04	2.6	NO SOLUTION	278	35	159588	46252
empty16-3.scen	54	256	23	576	7	0.09	2.98	NO SOLUTION	442	65	197443	58231
empty16-3.scen	54	256	23	576	8	0.27	3.8	NO SOLUTION	948	217	241670	71658
empty16-3.scen	54	256	23	576	9	0.46	4.36	NO SOLUTION	1396	271	286972	85610
empty16-3.scen	54	256	23	576	10	2.68	7.28	NO SOLUTION	3881	1480	338681	100822
empty16-3.scen	54	256	23	576	11	6.31	11.4	NO SOLUTION	11349	2942	391572	116783
empty16-3.scen	54	256	23	576	12	12.46	18.49	NO SOLUTION	10419	3923	450490	133972
empty16-3.scen	54	256	23	576	13	26.14	32.67	NO SOLUTION	72226	6979	510486	152025
empty16-3.scen	54	256	23	576	14	39.85	47.32	NO SOLUTION	242386	8945	575895	171196
empty16-3.scen	54	256	23	576	15	138.38	146.5	NO SOLUTION	743101	22502	656954	190944
