empty16-3.scen	1	256	10	10	0	0	0.02	OK	4	1	93	14
empty16-3.scen	2	256	10	15	0	0	0.02	OK	7	1	123	11
empty16-3.scen	3	256	10	20	0	0	0.02	OK	10	1	153	14
empty16-3.scen	4	256	17	37	0	0	0.03	OK	20	1	323	23
empty16-3.scen	5	256	17	46	0	0	0.03	OK	16	1	381	30
empty16-3.scen	6	256	18	64	0	0	0.04	NO SOLUTION	20	8	1077	54
empty16-3.scen	6	256	18	64	1	0	0.05	OK	69	11	1745	299
empty16-3.scen	7	256	18	71	0	0	0.04	NO SOLUTION	22	8	1121	59
empty16-3.scen	7	256	18	71	1	0	0.05	OK	64	12	1846	322
empty16-3.scen	8	256	18	77	0	0	0.05	NO SOLUTION	27	8	1170	63
empty16-3.scen	8	256	18	77	1	0	0.05	OK	80	13	1959	347
empty16-3.scen	9	256	18	87	0	0	0.05	NO SOLUTION	22	10	1263	71
empty16-3.scen	9	256	18	87	1	0	0.06	OK	83	14	2172	398
empty16-3.scen	10	256	18	100	0	0	0.05	NO SOLUTION	26	8	1349	82
empty16-3.scen	10	256	18	100	1	0	0.07	OK	83	14	2363	445
empty16-3.scen	11	256	18	114	0	0	0.06	NO SOLUTION	23	8	1442	81
empty16-3.scen	11	256	18	114	1	0	0.07	OK	108	12	2575	476
empty16-3.scen	12	256	18	129	0	0	0.07	NO SOLUTION	38	8	1931	104
empty16-3.scen	12	256	18	129	1	0	0.08	OK	147	9	3241	609
empty16-3.scen	13	256	18	141	0	0	0.07	NO SOLUTION	38	8	1943	104
empty16-3.scen	13	256	18	141	1	0	0.09	OK	155	44	3316	610
empty16-3.scen	14	256	18	152	0	0	0.07	NO SOLUTION	40	8	1949	103
empty16-3.scen	14	256	18	152	1	0	0.09	OK	127	33	3385	611
empty16-3.scen	15	256	18	157	0	0	0.07	NO SOLUTION	34	7	1950	97
empty16-3.scen	15	256	18	157	1	0	0.1	OK	163	11	3418	612
empty16-3.scen	16	256	18	166	0	0	0.08	NO SOLUTION	30	7	2032	101
empty16-3.scen	16	256	18	166	1	0	0.1	OK	226	12	3603	647
empty16-3.scen	17	256	18	169	0	0	0.08	NO SOLUTION	29	7	2048	99
empty16-3.scen	17	256	18	169	1	0	0.11	OK	189	11	3644	637
empty16-3.scen	18	256	18	177	0	0	0.09	NO SOLUTION	37	7	2151	107
empty16-3.scen	18	256	18	177	1	0	0.12	OK	241	12	3837	677
empty16-3.scen	19	256	18	180	0	0	0.09	NO SOLUTION	0	1	1637	0
empty16-3.scen	19	256	18	180	1	0	0.11	NO SOLUTION	0	1	3858	0
empty16-3.scen	19	256	18	180	2	0	0.36	NO SOLUTION	243	19	18206	1668
empty16-3.scen	19	256	18	180	3	0.01	0.28	OK	162	19	29604	3217
empty16-3.scen	20	256	18	190	0	0	0.09	NO SOLUTION	0	1	1703	0
empty16-3.scen	20	256	18	190	1	0	0.12	NO SOLUTION	0	1	4010	0
empty16-3.scen	20	256	18	190	2	0.01	0.38	NO SOLUTION	320	57	19009	1746
empty16-3.scen	20	256	18	190	3	0.01	0.29	OK	201	24	30271	3405
empty16-3.scen	21	256	19	209	0	0	0.11	NO SOLUTION	0	1	2123	0
empty16-3.scen	21	256	19	209	1	0	0.15	NO SOLUTION	0	1	8268	0
empty16-3.scen	21	256	19	209	2	0.01	0.45	NO SOLUTION	300	20	23187	2116
empty16-3.scen	21	256	19	209	3	0.01	0.35	OK	209	22	33127	4106
empty16-3.scen	22	256	19	217	0	0	0.12	NO SOLUTION	0	1	2202	0
empty16-3.scen	22	256	19	217	1	0	0.16	NO SOLUTION	0	1	8546	0
empty16-3.scen	22	256	19	217	2	0.01	0.47	NO SOLUTION	456	28	24087	2231
empty16-3.scen	22	256	19	217	3	0.01	0.57	NO SOLUTION	318	34	33720	4356
empty16-3.scen	22	256	19	217	4	0.02	0.53	OK	363	41	44021	7426
empty16-3.scen	23	256	19	227	0	0	0.12	NO SOLUTION	0	1	2295	0
empty16-3.scen	23	256	19	227	1	0	0.16	NO SOLUTION	0	1	8906	0
empty16-3.scen	23	256	19	227	2	0.01	0.49	NO SOLUTION	467	48	25122	2315
empty16-3.scen	23	256	19	227	3	0.01	0.6	NO SOLUTION	328	33	34650	4532
empty16-3.scen	23	256	19	227	4	0.02	0.54	OK	373	41	45206	7744
empty16-3.scen	24	256	19	237	0	0	0.13	NO SOLUTION	0	1	2367	0
empty16-3.scen	24	256	19	237	1	0	0.17	NO SOLUTION	0	1	9066	0
empty16-3.scen	24	256	19	237	2	0.01	0.52	NO SOLUTION	469	29	25851	2399
empty16-3.scen	24	256	19	237	3	0.01	0.62	NO SOLUTION	346	34	35286	4691
empty16-3.scen	24	256	19	237	4	0.01	0.52	OK	365	39	32567	8663
empty16-3.scen	25	256	19	240	0	0	0.13	NO SOLUTION	0	1	2383	0
empty16-3.scen	25	256	19	240	1	0	0.17	NO SOLUTION	0	1	9107	0
empty16-3.scen	25	256	19	240	2	0.01	0.52	NO SOLUTION	490	35	26079	2340
empty16-3.scen	25	256	19	240	3	0.01	0.63	NO SOLUTION	408	40	35381	4606
empty16-3.scen	25	256	19	240	4	0.02	0.89	NO SOLUTION	428	51	33001	8584
empty16-3.scen	25	256	19	240	5	0.02	1.02	NO SOLUTION	530	60	45320	12656
empty16-3.scen	25	256	19	240	6	0.03	0.83	OK	597	68	60929	18079
empty16-3.scen	26	256	20	260	0	0	0.16	NO SOLUTION	0	1	2844	0
empty16-3.scen	26	256	20	260	1	0	0.22	NO SOLUTION	0	1	11272	0
empty16-3.scen	26	256	20	260	2	0.01	0.61	NO SOLUTION	694	36	29245	2735
empty16-3.scen	26	256	20	260	3	0.01	0.75	NO SOLUTION	488	45	38675	5323
empty16-3.scen	26	256	20	260	4	0.02	1.01	NO SOLUTION	511	64	37692	9788
empty16-3.scen	26	256	20	260	5	0.02	1.17	NO SOLUTION	561	62	51373	14327
empty16-3.scen	26	256	20	260	6	0.04	0.97	OK	620	70	68475	20279
empty16-3.scen	27	256	20	272	0	0	0.17	NO SOLUTION	0	1	3030	0
empty16-3.scen	27	256	20	272	1	0	0.24	NO SOLUTION	0	1	12059	0
empty16-3.scen	27	256	20	272	2	0.01	0.65	NO SOLUTION	769	38	30155	2946
empty16-3.scen	27	256	20	272	3	0.01	0.75	NO SOLUTION	593	59	26049	6267
empty16-3.scen	27	256	20	272	4	0.02	1.07	NO SOLUTION	617	59	40069	10478
empty16-3.scen	27	256	20	272	5	0.02	1.23	NO SOLUTION	617	57	54462	15343
empty16-3.scen	27	256	20	272	6	0.04	1.02	OK	623	64	72481	21629
empty16-3.scen	28	256	20	281	0	0	0.18	NO SOLUTION	0	1	3145	0
empty16-3.scen	28	256	20	281	1	0	0.25	NO SOLUTION	0	1	12512	0
empty16-3.scen	28	256	20	281	2	0.01	0.65	NO SOLUTION	484	42	16686	3702
empty16-3.scen	28	256	20	281	3	0.01	0.78	NO SOLUTION	585	53	26959	6579
empty16-3.scen	28	256	20	281	4	0.02	1.11	NO SOLUTION	607	60	41387	10944
empty16-3.scen	28	256	20	281	5	0.02	1.29	NO SOLUTION	641	57	56211	15960
empty16-3.scen	28	256	20	281	6	0.04	1.06	OK	691	64	74726	22376
empty16-3.scen	29	256	20	286	0	0	0.18	NO SOLUTION	0	1	3185	0
empty16-3.scen	29	256	20	286	1	0	0.25	NO SOLUTION	0	1	12638	0
empty16-3.scen	29	256	20	286	2	0.01	0.66	NO SOLUTION	446	38	16938	3741
empty16-3.scen	29	256	20	286	3	0.01	0.81	NO SOLUTION	487	47	27388	6665
empty16-3.scen	29	256	20	286	4	0.02	1.14	NO SOLUTION	624	57	42087	11124
empty16-3.scen	29	256	20	286	5	0.02	1.33	NO SOLUTION	578	58	57206	16216
empty16-3.scen	29	256	20	286	6	0.04	1.08	OK	657	65	76127	22745
empty16-3.scen	30	256	20	297	0	0	0.2	NO SOLUTION	0	1	3258	0
empty16-3.scen	30	256	20	297	1	0	0.26	NO SOLUTION	0	1	12801	0
empty16-3.scen	30	256	20	297	2	0.01	0.7	NO SOLUTION	584	54	17404	3866
empty16-3.scen	30	256	20	297	3	0.01	0.83	NO SOLUTION	506	44	28181	6887
empty16-3.scen	30	256	20	297	4	0.02	1.19	NO SOLUTION	702	58	43412	11522
empty16-3.scen	30	256	20	297	5	0.03	1.39	NO SOLUTION	753	65	59055	16821
empty16-3.scen	30	256	20	297	6	0.05	1.13	OK	830	68	78602	23602
empty16-3.scen	31	256	20	311	0	0	0.21	NO SOLUTION	0	1	3508	0
empty16-3.scen	31	256	20	311	1	0	0.28	NO SOLUTION	0	1	13928	0
empty16-3.scen	31	256	20	311	2	0.01	0.72	NO SOLUTION	667	55	18703	4214
empty16-3.scen	31	256	20	311	3	0.01	0.87	NO SOLUTION	621	56	30146	7497
empty16-3.scen	31	256	20	311	4	0.03	1.25	NO SOLUTION	754	71	46251	12372
empty16-3.scen	31	256	20	311	5	0.03	1.46	NO SOLUTION	787	58	62756	17899
empty16-3.scen	31	256	20	311	6	0.05	1.19	OK	917	77	83345	24947
empty16-3.scen	32	256	20	316	0	0	0.22	NO SOLUTION	0	1	3539	0
empty16-3.scen	32	256	20	316	1	0	0.29	NO SOLUTION	0	1	14001	0
empty16-3.scen	32	256	20	316	2	0.01	0.76	NO SOLUTION	692	59	18942	4274
empty16-3.scen	32	256	20	316	3	0.01	0.9	NO SOLUTION	689	54	30566	7610
empty16-3.scen	32	256	20	316	4	0.03	1.29	NO SOLUTION	738	70	46899	12600
empty16-3.scen	32	256	20	316	5	0.03	1.49	NO SOLUTION	839	78	63647	18190
empty16-3.scen	32	256	20	316	6	0.06	1.22	OK	952	77	84564	25317
empty16-3.scen	33	256	20	330	0	0	0.22	NO SOLUTION	0	1	3727	0
empty16-3.scen	33	256	20	330	1	0	0.3	NO SOLUTION	0	1	14768	0
empty16-3.scen	33	256	20	330	2	0.01	0.79	NO SOLUTION	757	72	19935	4559
empty16-3.scen	33	256	20	330	3	0.02	0.94	NO SOLUTION	742	67	32088	8112
empty16-3.scen	33	256	20	330	4	0.04	1.36	NO SOLUTION	989	98	49107	13346
empty16-3.scen	33	256	20	330	5	0.05	1.58	NO SOLUTION	1017	84	66575	19120
empty16-3.scen	33	256	20	330	6	0.08	2.12	NO SOLUTION	1085	113	88403	26480
empty16-3.scen	33	256	20	330	7	0.09	1.51	OK	1078	107	110632	34128
empty16-3.scen	34	256	20	342	0	0	0.24	NO SOLUTION	0	1	3913	0
empty16-3.scen	34	256	20	342	1	0	0.31	NO SOLUTION	0	1	15564	0
empty16-3.scen	34	256	20	342	2	0.01	0.82	NO SOLUTION	731	72	20866	4780
empty16-3.scen	34	256	20	342	3	0.02	1.06	NO SOLUTION	666	59	33520	8523
empty16-3.scen	34	256	20	342	4	0.04	1.42	NO SOLUTION	1182	108	51218	13959
empty16-3.scen	34	256	20	342	5	0.04	1.66	NO SOLUTION	973	86	69323	19991
empty16-3.scen	34	256	20	342	6	0.09	2.18	NO SOLUTION	1133	141	91892	27643
empty16-3.scen	34	256	20	342	7	0.09	1.56	OK	1095	99	114841	35546
empty16-3.scen	35	256	20	351	0	0	0.25	NO SOLUTION	0	1	4020	0
empty16-3.scen	35	256	20	351	1	0	0.32	NO SOLUTION	0	1	16012	0
empty16-3.scen	35	256	20	351	2	0.01	0.86	NO SOLUTION	717	68	21467	4911
empty16-3.scen	35	256	20	351	3	0.02	1.03	NO SOLUTION	716	62	34487	8790
empty16-3.scen	35	256	20	351	4	0.04	1.47	NO SOLUTION	1147	89	52662	14396
empty16-3.scen	35	256	20	351	5	0.05	1.73	NO SOLUTION	1015	85	71290	20601
empty16-3.scen	35	256	20	351	6	0.08	2.27	NO SOLUTION	1232	123	94528	28431
empty16-3.scen	35	256	20	351	7	0.1	1.61	OK	1107	98	118160	36544
empty16-3.scen	36	256	20	361	0	0	0.25	NO SOLUTION	0	1	4145	0
empty16-3.scen	36	256	20	361	1	0	0.33	NO SOLUTION	0	1	16574	0
empty16-3.scen	36	256	20	361	2	0.01	0.88	NO SOLUTION	751	56	22157	5061
empty16-3.scen	36	256	20	361	3	0.02	1.06	NO SOLUTION	750	63	35603	9059
empty16-3.scen	36	256	20	361	4	0.04	1.51	NO SOLUTION	1044	97	54236	14861
empty16-3.scen	36	256	20	361	5	0.05	1.77	NO SOLUTION	1044	86	73342	21252
empty16-3.scen	36	256	20	361	6	0.09	2.35	NO SOLUTION	1256	116	97087	29278
empty16-3.scen	36	256	20	361	7	0.12	1.66	OK	1417	138	121245	37587
empty16-3.scen	37	256	20	366	0	0	0.27	NO SOLUTION	0	1	4192	0
empty16-3.scen	37	256	20	366	1	0	0.34	NO SOLUTION	0	1	16734	0
empty16-3.scen	37	256	20	366	2	0.02	0.92	NO SOLUTION	991	89	22407	5134
empty16-3.scen	37	256	20	366	3	0.02	1.1	NO SOLUTION	877	82	36002	9170
empty16-3.scen	37	256	20	366	4	0.1	1.62	NO SOLUTION	1288	163	54888	15025
empty16-3.scen	37	256	20	366	5	0.17	1.95	NO SOLUTION	1426	226	74264	21486
empty16-3.scen	37	256	20	366	6	0.16	2.48	NO SOLUTION	1333	197	98400	29602
empty16-3.scen	37	256	20	366	7	0.24	2.9	NO SOLUTION	1575	230	122976	38027
empty16-3.scen	37	256	20	366	8	0.22	2.09	OK	1312	185	151962	47670
empty16-3.scen	38	256	20	377	0	0	0.26	NO SOLUTION	0	1	4326	0
empty16-3.scen	38	256	20	377	1	0	0.35	NO SOLUTION	0	1	17284	0
empty16-3.scen	38	256	20	377	2	0.02	0.96	NO SOLUTION	988	101	23162	5344
empty16-3.scen	38	256	20	377	3	0.03	1.13	NO SOLUTION	933	87	37179	9526
empty16-3.scen	38	256	20	377	4	0.1	1.67	NO SOLUTION	1347	144	56612	15579
empty16-3.scen	38	256	20	377	5	0.16	1.99	NO SOLUTION	1595	202	76552	22233
empty16-3.scen	38	256	20	377	6	0.23	2.63	NO SOLUTION	1572	261	101441	30566
empty16-3.scen	38	256	20	377	7	0.26	3	NO SOLUTION	1780	247	126814	39182
empty16-3.scen	38	256	20	377	8	0.32	2.27	OK	1512	217	156782	49078
empty16-3.scen	39	256	20	389	0	0	0.27	NO SOLUTION	0	1	4512	0
empty16-3.scen	39	256	20	389	1	0	0.36	NO SOLUTION	0	1	18071	0
empty16-3.scen	39	256	20	389	2	0.02	0.98	NO SOLUTION	1022	81	24076	5533
empty16-3.scen	39	256	20	389	3	0.03	1.17	NO SOLUTION	1062	101	38586	9852
empty16-3.scen	39	256	20	389	4	0.09	1.72	NO SOLUTION	1424	161	58691	16102
empty16-3.scen	39	256	20	389	5	0.18	2.08	NO SOLUTION	1497	197	79270	23010
empty16-3.scen	39	256	20	389	6	0.19	2.66	NO SOLUTION	1551	249	104841	31679
empty16-3.scen	39	256	20	389	7	0.23	3.06	NO SOLUTION	1623	207	130899	40519
empty16-3.scen	39	256	20	389	8	0.27	2.28	OK	1379	213	161647	50670
empty16-3.scen	40	256	20	398	0	0	0.28	NO SOLUTION	0	1	4634	0
empty16-3.scen	40	256	20	398	1	0	0.37	NO SOLUTION	0	1	18535	0
empty16-3.scen	40	256	20	398	2	0.02	1	NO SOLUTION	1069	71	24703	5709
empty16-3.scen	40	256	20	398	3	0.03	1.21	NO SOLUTION	1133	95	39537	10200
empty16-3.scen	40	256	20	398	4	0.1	1.78	NO SOLUTION	1534	131	60068	16589
empty16-3.scen	40	256	20	398	5	0.15	2.1	NO SOLUTION	1622	189	81119	23581
empty16-3.scen	40	256	20	398	6	0.25	2.8	NO SOLUTION	1925	265	107266	32411
empty16-3.scen	40	256	20	398	7	0.23	3.17	NO SOLUTION	1745	203	133930	41419
empty16-3.scen	40	256	20	398	8	0.29	2.34	OK	1639	213	165386	51769
empty16-3.scen	41	256	20	406	0	0	0.29	NO SOLUTION	0	1	4718	0
empty16-3.scen	41	256	20	406	1	0	0.37	NO SOLUTION	0	1	10933	0
empty16-3.scen	41	256	20	406	2	0.02	1.04	NO SOLUTION	1072	98	25186	5814
empty16-3.scen	41	256	20	406	3	0.03	1.24	NO SOLUTION	1077	82	40313	10396
empty16-3.scen	41	256	20	406	4	0.2	1.92	NO SOLUTION	1866	263	61199	16895
empty16-3.scen	41	256	20	406	5	0.19	2.19	NO SOLUTION	1847	242	82581	23971
empty16-3.scen	41	256	20	406	6	0.18	2.82	NO SOLUTION	1456	167	109183	32842
empty16-3.scen	41	256	20	406	7	0.32	3.18	NO SOLUTION	1765	250	136320	41921
empty16-3.scen	41	256	20	406	8	0.28	2.4	OK	1812	177	168390	52372
empty16-3.scen	42	256	20	420	0	0	0.3	NO SOLUTION	0	1	4956	0
empty16-3.scen	42	256	20	420	1	0	0.38	NO SOLUTION	0	1	11471	0
empty16-3.scen	42	256	20	420	2	0.02	1.08	NO SOLUTION	1124	80	26404	6053
empty16-3.scen	42	256	20	420	3	0.03	1.28	NO SOLUTION	969	68	42223	10805
empty16-3.scen	42	256	20	420	4	0.08	1.86	NO SOLUTION	1283	101	63824	17586
empty16-3.scen	42	256	20	420	5	0.17	2.24	NO SOLUTION	1599	209	85930	24898
empty16-3.scen	42	256	20	420	6	0.13	2.85	NO SOLUTION	1339	105	113344	33991
empty16-3.scen	42	256	20	420	7	0.31	3.29	NO SOLUTION	1891	213	141353	43289
empty16-3.scen	42	256	20	420	8	0.43	2.61	OK	1787	232	174382	53971
empty16-3.scen	43	256	20	424	0	0	0.3	NO SOLUTION	0	1	4960	0
empty16-3.scen	43	256	20	424	1	0	0.39	NO SOLUTION	0	1	11499	0
empty16-3.scen	43	256	20	424	2	0	0.64	NO SOLUTION	0	1	26529	0
empty16-3.scen	43	256	20	424	3	0	0.76	NO SOLUTION	0	1	42464	0
empty16-3.scen	43	256	20	424	4	0.06	1.9	NO SOLUTION	1346	95	64269	17596
empty16-3.scen	43	256	20	424	5	0.15	2.25	NO SOLUTION	1456	159	86567	24953
empty16-3.scen	43	256	20	424	6	0.13	2.9	NO SOLUTION	1637	90	114257	34096
empty16-3.scen	43	256	20	424	7	0.61	3.61	NO SOLUTION	1980	347	142571	43409
empty16-3.scen	43	256	20	424	8	0.29	4.06	NO SOLUTION	2010	192	176009	54130
empty16-3.scen	43	256	20	424	9	0.48	4.7	NO SOLUTION	1660	232	210256	65044
empty16-3.scen	43	256	20	424	10	1.19	4.25	OK	2059	519	249639	77104
empty16-3.scen	44	256	20	444	0	0	0.32	NO SOLUTION	0	1	5413	0
empty16-3.scen	44	256	20	444	1	0	0.41	NO SOLUTION	0	1	12515	0
empty16-3.scen	44	256	20	444	2	0	0.67	NO SOLUTION	0	1	28657	0
empty16-3.scen	44	256	20	444	3	0	0.8	NO SOLUTION	0	1	45765	0
empty16-3.scen	44	256	20	444	4	0.05	1.99	NO SOLUTION	1379	75	68866	19000
empty16-3.scen	44	256	20	444	5	0.19	2.42	NO SOLUTION	1701	193	92528	26835
empty16-3.scen	44	256	20	444	6	0.19	3.09	NO SOLUTION	1354	131	121660	36407
empty16-3.scen	44	256	20	444	7	0.81	3.99	NO SOLUTION	2262	477	151407	46105
empty16-3.scen	44	256	20	444	8	0.36	4.33	NO SOLUTION	2024	199	186358	57177
empty16-3.scen	44	256	20	444	9	0.44	4.91	NO SOLUTION	1896	223	222074	68495
empty16-3.scen	44	256	20	444	10	0.98	4.17	OK	1832	336	263050	80947
empty16-3.scen	45	256	20	456	0	0	0.33	NO SOLUTION	0	1	5613	0
empty16-3.scen	45	256	20	456	1	0	0.42	NO SOLUTION	0	1	12961	0
empty16-3.scen	45	256	20	456	2	0	0.69	NO SOLUTION	0	1	29600	0
empty16-3.scen	45	256	20	456	3	0	0.83	NO SOLUTION	0	1	47191	0
empty16-3.scen	45	256	20	456	4	0.07	2.06	NO SOLUTION	1316	108	70823	19732
empty16-3.scen	45	256	20	456	5	0.17	2.48	NO SOLUTION	1654	188	95068	27677
empty16-3.scen	45	256	20	456	6	0.2	3.19	NO SOLUTION	1166	103	124943	37369
empty16-3.scen	45	256	20	456	7	0.68	3.99	NO SOLUTION	1990	355	155469	47256
empty16-3.scen	45	256	20	456	8	0.47	4.56	NO SOLUTION	1666	224	191318	58531
empty16-3.scen	45	256	20	456	9	0.38	4.98	NO SOLUTION	1738	158	227962	70108
empty16-3.scen	45	256	20	456	10	0.93	4.2	OK	2058	453	269978	82826
empty16-3.scen	46	256	20	469	0	0	0.34	NO SOLUTION	0	1	5825	0
empty16-3.scen	46	256	20	469	1	0	0.44	NO SOLUTION	0	1	13436	0
empty16-3.scen	46	256	20	469	2	0	0.71	NO SOLUTION	0	1	30662	0
empty16-3.scen	46	256	20	469	3	0	0.86	NO SOLUTION	0	1	48826	0
empty16-3.scen	46	256	20	469	4	0.07	2.11	NO SOLUTION	1504	99	73157	20455
empty16-3.scen	46	256	20	469	5	0.17	2.56	NO SOLUTION	1354	128	98100	28606
empty16-3.scen	46	256	20	469	6	0.12	3.23	NO SOLUTION	1345	134	128755	38464
empty16-3.scen	46	256	20	469	7	0.63	4.03	NO SOLUTION	2130	296	160078	48597
empty16-3.scen	46	256	20	469	8	0.41	4.63	NO SOLUTION	2079	189	196792	60104
empty16-3.scen	46	256	20	469	9	0.5	5.23	NO SOLUTION	1975	284	234342	71951
empty16-3.scen	46	256	20	469	10	1.2	4.58	OK	2262	477	277372	84905
empty16-3.scen	47	256	23	492	0	0	0.46	NO SOLUTION	0	1	6415	0
empty16-3.scen	47	256	23	492	1	0	0.59	NO SOLUTION	0	1	14794	0
empty16-3.scen	47	256	23	492	2	0	0.89	NO SOLUTION	0	1	33386	0
empty16-3.scen	47	256	23	492	3	0	1.07	NO SOLUTION	0	1	52998	0
empty16-3.scen	47	256	23	492	4	0.06	2.52	NO SOLUTION	1385	116	78802	21698
empty16-3.scen	47	256	23	492	5	0.21	3.05	NO SOLUTION	1904	186	105149	30304
empty16-3.scen	47	256	23	492	6	0.3	3.83	NO SOLUTION	1763	211	137217	40660
empty16-3.scen	47	256	23	492	7	0.65	4.66	NO SOLUTION	2237	348	169951	51303
empty16-3.scen	47	256	23	492	8	0.45	5.34	NO SOLUTION	1672	181	208138	63308
empty16-3.scen	47	256	23	492	9	0.42	5.82	NO SOLUTION	2027	184	247216	75652
empty16-3.scen	47	256	23	492	10	1.3	5.14	OK	2655	543	291799	89158
empty16-3.scen	48	256	23	501	0	0	0.49	NO SOLUTION	0	1	6431	0
empty16-3.scen	48	256	23	501	1	0	0.6	NO SOLUTION	0	1	14866	0
empty16-3.scen	48	256	23	501	2	0	0.91	NO SOLUTION	0	1	33643	0
empty16-3.scen	48	256	23	501	3	0	1.09	NO SOLUTION	0	1	53459	0
empty16-3.scen	48	256	23	501	4	0.09	2.62	NO SOLUTION	1301	130	79623	21967
empty16-3.scen	48	256	23	501	5	0.19	3.08	NO SOLUTION	1433	191	106337	30689
empty16-3.scen	48	256	23	501	6	0.33	3.93	NO SOLUTION	2091	296	138879	41199
empty16-3.scen	48	256	23	501	7	0.72	4.8	NO SOLUTION	2023	406	172094	52008
empty16-3.scen	48	256	23	501	8	2.08	7.11	NO SOLUTION	3143	957	210875	64155
empty16-3.scen	48	256	23	501	9	1.6	7.11	NO SOLUTION	2633	671	250572	76693
empty16-3.scen	48	256	23	501	10	4.64	11.2	NO SOLUTION	3906	1369	295892	90340
empty16-3.scen	48	256	23	501	11	3.88	11.1	NO SOLUTION	3146	1103	342247	104530
empty16-3.scen	48	256	23	501	12	7.02	12.08	OK	4067	1540	393958	119808
empty16-3.scen	49	256	23	516	0	0	0.49	NO SOLUTION	0	1	6706	0
empty16-3.scen	49	256	23	516	1	0	0.62	NO SOLUTION	0	1	15569	0
empty16-3.scen	49	256	23	516	2	0	0.93	NO SOLUTION	0	1	35073	0
empty16-3.scen	49	256	23	516	3	0	1.12	NO SOLUTION	0	1	55579	0
empty16-3.scen	49	256	23	516	4	0.11	2.73	NO SOLUTION	1186	118	82520	22797
empty16-3.scen	49	256	23	516	5	0.18	3.17	NO SOLUTION	1380	198	110000	31736
empty16-3.scen	49	256	23	516	6	0.33	4.05	NO SOLUTION	1726	322	143453	42508
empty16-3.scen	49	256	23	516	7	1.07	5.28	NO SOLUTION	2040	514	177613	53556
empty16-3.scen	49	256	23	516	8	1.65	6.8	NO SOLUTION	2905	745	217520	65951
empty16-3.scen	49	256	23	516	9	1.64	7.33	NO SOLUTION	2393	662	258385	78778
empty16-3.scen	49	256	23	516	10	1.82	8.58	NO SOLUTION	2807	648	305028	92733
empty16-3.scen	49	256	23	516	11	5.37	12.79	NO SOLUTION	4658	1546	352733	107297
empty16-3.scen	49	256	23	516	12	6.12	11.33	OK	4091	1441	405898	122964
empty16-3.scen	50	256	23	530	0	0	0.52	NO SOLUTION	0	1	6879	0
empty16-3.scen	50	256	23	530	1	0	0.63	NO SOLUTION	0	1	15992	0
empty16-3.scen	50	256	23	530	2	0	1	NO SOLUTION	0	1	35965	0
empty16-3.scen	50	256	23	530	3	0	1.16	NO SOLUTION	0	1	56940	0
empty16-3.scen	50	256	23	530	4	0.12	2.8	NO SOLUTION	1357	149	84442	23260
empty16-3.scen	50	256	23	530	5	0.44	3.53	NO SOLUTION	1940	349	112498	32324
empty16-3.scen	50	256	23	530	6	0.36	4.22	NO SOLUTION	2171	272	146629	43297
empty16-3.scen	50	256	23	530	7	0.88	5.19	NO SOLUTION	2519	485	181466	54541
empty16-3.scen	50	256	23	530	8	1.94	7.2	NO SOLUTION	2733	765	222151	67155
empty16-3.scen	50	256	23	530	9	1.88	7.69	NO SOLUTION	2811	752	263802	80208
empty16-3.scen	50	256	23	530	10	1.99	8.92	NO SOLUTION	2917	634	311348	94399
empty16-3.scen	50	256	23	530	11	5.26	12.85	NO SOLUTION	3896	1395	359968	109208
empty16-3.scen	50	256	23	530	12	8.24	13.55	OK	4543	1756	414148	125137
empty16-3.scen	51	256	23	548	0	0	0.53	NO SOLUTION	0	1	7284	0
empty16-3.scen	51	256	23	548	1	0	0.66	NO SOLUTION	0	1	16948	0
empty16-3.scen	51	256	23	548	2	0	1.02	NO SOLUTION	0	1	37852	0
empty16-3.scen	51	256	23	548	3	0	1.2	NO SOLUTION	0	1	59725	0
empty16-3.scen	51	256	23	548	4	0.12	2.89	NO SOLUTION	1188	122	88272	24432
empty16-3.scen	51	256	23	548	5	0.25	3.44	NO SOLUTION	1431	201	117394	33800
empty16-3.scen	51	256	23	548	6	0.4	4.39	NO SOLUTION	2315	306	152785	45037
empty16-3.scen	51	256	23	548	7	0.68	5.16	NO SOLUTION	1795	350	188925	56614
empty16-3.scen	51	256	23	548	8	2.08	7.52	NO SOLUTION	3547	862	231014	69565
empty16-3.scen	51	256	23	548	9	1.93	7.96	NO SOLUTION	2716	715	274104	83002
empty16-3.scen	51	256	23	548	10	2.7	9.89	NO SOLUTION	3106	834	323175	97576
empty16-3.scen	51	256	23	548	11	3.65	11.55	NO SOLUTION	3647	962	373341	112832
empty16-3.scen	51	256	23	548	12	10.66	16.16	OK	5149	2144	429162	129196
empty16-3.scen	52	256	23	550	0	0	0.53	NO SOLUTION	0	1	7293	0
empty16-3.scen	52	256	23	550	1	0	0.68	NO SOLUTION	0	1	16974	0
empty16-3.scen	52	256	23	550	2	0	1.04	NO SOLUTION	0	1	37941	0
empty16-3.scen	52	256	23	550	3	0	1.22	NO SOLUTION	0	1	59884	0
empty16-3.scen	52	256	23	550	4	0.12	2.94	NO SOLUTION	1202	146	88596	23905
empty16-3.scen	52	256	23	550	5	0.25	3.49	NO SOLUTION	1821	239	117873	33317
empty16-3.scen	52	256	23	550	6	0.47	4.51	NO SOLUTION	2116	294	153478	44579
empty16-3.scen	52	256	23	550	7	1.72	6.28	NO SOLUTION	3128	841	189865	56150
empty16-3.scen	52	256	23	550	8	1.97	7.51	NO SOLUTION	3173	951	232304	69140
empty16-3.scen	52	256	23	550	9	1.95	8.12	NO SOLUTION	3459	886	275774	82616
empty16-3.scen	52	256	23	550	10	5.49	12.89	NO SOLUTION	4255	1625	325357	97270
empty16-3.scen	52	256	23	550	11	13.93	21.93	NO SOLUTION	5990	2857	376063	112632
empty16-3.scen	52	256	23	550	12	9.48	18.77	NO SOLUTION	5347	1999	432573	129129
empty16-3.scen	52	256	23	550	13	18.73	28.92	NO SOLUTION	7066	3126	490114	146453
empty16-3.scen	52	256	23	550	14	22.51	29.47	OK	6541	3187	552864	164856
empty16-3.scen	53	256	23	563	0	0	0.57	NO SOLUTION	0	1	7451	0
empty16-3.scen	53	256	23	563	1	0	0.69	NO SOLUTION	0	1	17368	0
empty16-3.scen	53	256	23	563	2	0	1.05	NO SOLUTION	0	1	38787	0
empty16-3.scen	53	256	23	563	3	0	1.25	NO SOLUTION	0	1	61133	0
empty16-3.scen	53	256	23	563	4	0.22	3.12	NO SOLUTION	1622	198	90349	24353
empty16-3.scen	53	256	23	563	5	0.27	3.56	NO SOLUTION	1497	208	120149	33912
empty16-3.scen	53	256	23	563	6	0.39	4.54	NO SOLUTION	2051	285	156374	45343
empty16-3.scen	53	256	23	563	7	2.45	7.12	NO SOLUTION	3728	1238	193399	57080
empty16-3.scen	53	256	23	563	8	2.23	7.91	NO SOLUTION	3086	950	236567	70270
empty16-3.scen	53	256	23	563	9	2.9	9.19	NO SOLUTION	3521	1135	280797	83948
empty16-3.scen	53	256	23	563	10	4.37	11.84	NO SOLUTION	4069	1272	331226	98843
empty16-3.scen	53	256	23	563	11	8.72	16.9	NO SOLUTION	4865	1974	382803	114460
empty16-3.scen	53	256	23	563	12	13.64	23.22	NO SOLUTION	6166	2708	440272	131238
empty16-3.scen	53	256	23	563	13	15.72	26.06	NO SOLUTION	5591	2631	498797	148852
empty16-3.scen	53	256	23	563	14	21.42	28.5	OK	6629	3079	562624	167562
empty16-3.scen	54	256	23	576	0	0	0.57	NO SOLUTION	0	1	7621	0
empty16-3.scen	54	256	23	576	1	0	0.7	NO SOLUTION	0	1	17775	0
empty16-3.scen	54	256	23	576	2	0	1.08	NO SOLUTION	0	1	39630	0
empty16-3.scen	54	256	23	576	3	0	1.28	NO SOLUTION	0	1	62435	0
empty16-3.scen	54	256	23	576	4	1.08	4.04	NO SOLUTION	3739	1269	92314	24856
empty16-3.scen	54	256	23	576	5	1.49	4.91	NO SOLUTION	3172	1093	122789	34630
empty16-3.scen	54	256	23	576	6	2.15	6.42	NO SOLUTION	4312	1375	159906	46252
empty16-3.scen	54	256	23	576	7	6.76	11.58	NO SOLUTION	6014	2861	197814	58231
empty16-3.scen	54	256	23	576	8	5.54	11.41	NO SOLUTION	5549	2313	242094	71658
empty16-3.scen	54	256	23	576	9	7.25	13.7	NO SOLUTION	5993	2392	287449	85610
empty16-3.scen	54	256	23	576	10	13.76	21.45	NO SOLUTION	6457	3074	339211	100822
empty16-3.scen	54	256	23	576	11	39.55	47.97	NO SOLUTION	12480	7706	392155	116783
empty16-3.scen	54	256	23	576	12	30.97	40.81	NO SOLUTION	9701	5399	451126	133972
empty16-3.scen	54	256	23	576	13	49.88	60.69	NO SOLUTION	11534	6819	511175	152025
empty16-3.scen	54	256	23	576	14	61.16	73.31	NO SOLUTION	13972	8325	576637	171196
