empty24-5.scen	1	576	23	23	0	0	0.04	OK	13	0	428	75
empty24-5.scen	2	576	32	55	0	0	0.09	OK	26	0	3141	96
empty24-5.scen	3	576	32	64	0	0	0.11	OK	45	0	3266	106
empty24-5.scen	4	576	32	69	0	0	0.12	OK	52	0	3296	109
empty24-5.scen	5	576	32	91	0	0	0.13	OK	48	0	3853	146
empty24-5.scen	6	576	32	101	0	0	0.14	OK	57	0	3946	154
empty24-5.scen	7	576	32	130	0	0	0.19	OK	74	0	5507	205
empty24-5.scen	8	576	32	131	0	0	0.19	OK	78	0	5505	199
empty24-5.scen	9	576	32	148	0	0	0.2	OK	76	0	5620	207
empty24-5.scen	10	576	32	180	0	0	0.27	OK	107	0	8083	264
empty24-5.scen	11	576	32	191	0	0	0.29	OK	141	0	8292	279
empty24-5.scen	12	576	32	205	0	0	0.31	OK	133	0	8698	300
empty24-5.scen	13	576	32	217	0	0	0.32	OK	125	0	8895	317
empty24-5.scen	14	576	32	218	0	0	0.33	OK	127	0	8893	317
empty24-5.scen	15	576	32	236	0	0	0.36	OK	151	0	9539	346
empty24-5.scen	16	576	32	242	0	0	0.37	OK	152	0	9576	350
empty24-5.scen	17	576	32	258	0	0	0.4	OK	162	0	9741	363
empty24-5.scen	18	576	32	268	0	0	0.41	OK	162	0	9926	374
empty24-5.scen	19	576	32	293	0	0	0.47	OK	185	0	11316	417
empty24-5.scen	20	576	32	309	0	0	0.48	OK	184	0	11327	417
empty24-5.scen	21	576	32	318	0	0	0.51	OK	180	0	11450	425
empty24-5.scen	22	576	32	337	0	0	0.53	OK	206	0	12274	456
empty24-5.scen	23	576	32	346	0	0	0.56	OK	220	0	12412	465
empty24-5.scen	24	576	32	361	0	0	0.57	OK	231	0	12745	488
empty24-5.scen	25	576	32	378	0	0	0.6	OK	254	0	13144	513
empty24-5.scen	26	576	32	396	0	0	0.62	NO SOLUTION	115	5	13505	539
empty24-5.scen	26	576	32	396	1	0.01	0.75	OK	366	5	31076	2187
empty24-5.scen	27	576	32	401	0	0	0.63	NO SOLUTION	126	5	13536	542
empty24-5.scen	27	576	32	401	1	0.01	0.76	OK	439	7	31069	2197
empty24-5.scen	28	576	32	420	0	0	0.67	NO SOLUTION	135	6	14340	571
empty24-5.scen	28	576	32	420	1	0.01	0.79	OK	472	7	32013	2333
empty24-5.scen	29	576	32	437	0	0	0.69	NO SOLUTION	124	5	14979	598
empty24-5.scen	29	576	32	437	1	0.01	0.83	OK	425	5	32792	2456
empty24-5.scen	30	576	33	470	0	0	0.78	NO SOLUTION	35	7	17372	657
empty24-5.scen	30	576	33	470	1	0.01	0.96	OK	442	5	35301	2815
empty24-5.scen	31	576	33	488	0	0	0.83	NO SOLUTION	55	5	18092	687
empty24-5.scen	31	576	33	488	1	0.01	1	OK	458	6	36193	2943
empty24-5.scen	32	576	33	512	0	0	0.89	NO SOLUTION	64	6	19433	726
empty24-5.scen	32	576	33	512	1	0.01	1.05	OK	473	6	37648	3145
empty24-5.scen	33	576	33	516	0	0	0.89	NO SOLUTION	4	3	19457	719
empty24-5.scen	33	576	33	516	1	0.01	1.07	OK	446	2	37705	3123
empty24-5.scen	34	576	33	521	0	0	0.92	NO SOLUTION	7	3	19454	717
empty24-5.scen	34	576	33	521	1	0.01	1.07	OK	417	2	37737	3108
empty24-5.scen	35	576	33	534	0	0	0.89	NO SOLUTION	0	1	10571	0
empty24-5.scen	35	576	33	534	1	0	1.1	NO SOLUTION	0	1	38189	3514
empty24-5.scen	35	576	33	534	2	0.02	1.6	NO SOLUTION	410	26	65223	10025
empty24-5.scen	35	576	33	534	3	0.04	1.94	OK	1055	55	93986	18314
empty24-5.scen	36	576	33	556	0	0	0.91	NO SOLUTION	0	1	10805	0
empty24-5.scen	36	576	33	556	1	0	1.12	NO SOLUTION	0	1	38601	3617
empty24-5.scen	36	576	33	556	2	0.02	1.64	NO SOLUTION	437	27	66509	10324
empty24-5.scen	36	576	33	556	3	0.04	1.96	OK	1049	71	96077	18846
empty24-5.scen	37	576	33	562	0	0	0.92	NO SOLUTION	0	1	10810	0
empty24-5.scen	37	576	33	562	1	0	1.14	NO SOLUTION	0	1	38640	3618
empty24-5.scen	37	576	33	562	2	0	1.66	NO SOLUTION	112	5	66605	10298
empty24-5.scen	37	576	33	562	3	0.02	1.96	NO SOLUTION	260	45	96401	18820
empty24-5.scen	37	576	33	562	4	0.09	2.62	NO SOLUTION	775	124	134415	30275
empty24-5.scen	37	576	33	562	5	0.1	3.05	OK	1453	119	173185	43185
empty24-5.scen	38	576	33	586	0	0	0.97	NO SOLUTION	0	1	11489	0
empty24-5.scen	38	576	33	586	1	0	1.19	NO SOLUTION	0	1	40152	3835
empty24-5.scen	38	576	33	586	2	0	1.74	NO SOLUTION	75	4	70013	11000
empty24-5.scen	38	576	33	586	3	0.02	2.06	NO SOLUTION	238	43	101572	20089
empty24-5.scen	38	576	33	586	4	0.07	2.73	NO SOLUTION	782	95	141549	32511
empty24-5.scen	38	576	33	586	5	0.12	3.15	OK	1503	143	182414	46195
empty24-5.scen	39	576	33	606	0	0	0.99	NO SOLUTION	0	1	11694	0
empty24-5.scen	39	576	33	606	1	0	1.22	NO SOLUTION	0	1	40641	3927
empty24-5.scen	39	576	33	606	2	0	1.77	NO SOLUTION	81	4	71158	11234
empty24-5.scen	39	576	33	606	3	0.02	2.1	NO SOLUTION	241	43	103484	20581
empty24-5.scen	39	576	33	606	4	0.08	2.86	NO SOLUTION	534	88	144489	33363
empty24-5.scen	39	576	33	606	5	0.11	3.23	OK	1519	129	186338	47431
empty24-5.scen	40	576	33	619	0	0	1.02	NO SOLUTION	0	1	11911	0
empty24-5.scen	40	576	33	619	1	0	1.24	NO SOLUTION	0	1	41067	4006
empty24-5.scen	40	576	33	619	2	0	1.86	NO SOLUTION	76	4	72311	11478
empty24-5.scen	40	576	33	619	3	0.02	2.14	NO SOLUTION	167	41	105301	21072
empty24-5.scen	40	576	33	619	4	0.08	2.91	NO SOLUTION	631	78	147251	34269
empty24-5.scen	40	576	33	619	5	0.09	3.25	OK	1606	136	175285	49094
empty24-5.scen	41	576	33	640	0	0	1.04	NO SOLUTION	0	1	12211	0
empty24-5.scen	41	576	33	640	1	0	1.3	NO SOLUTION	0	1	41719	4129
empty24-5.scen	41	576	33	640	2	0.01	1.92	NO SOLUTION	131	5	73874	11912
empty24-5.scen	41	576	33	640	3	0.02	2.23	NO SOLUTION	241	41	107778	21832
empty24-5.scen	41	576	33	640	4	0.08	3	NO SOLUTION	530	84	150864	35486
empty24-5.scen	41	576	33	640	5	0.16	3.41	OK	1684	141	180111	50810
empty24-5.scen	42	576	33	655	0	0	1.06	NO SOLUTION	0	1	12311	0
empty24-5.scen	42	576	33	655	1	0	1.32	NO SOLUTION	0	1	41913	4174
empty24-5.scen	42	576	33	655	2	0.01	1.95	NO SOLUTION	132	5	74524	12003
empty24-5.scen	42	576	33	655	3	0.02	2.26	NO SOLUTION	160	37	108864	22059
empty24-5.scen	42	576	33	655	4	0.08	3.06	NO SOLUTION	1061	105	152732	35963
empty24-5.scen	42	576	33	655	5	0.13	3.44	OK	1809	128	182594	51569
empty24-5.scen	43	576	33	686	0	0	1.12	NO SOLUTION	0	1	13466	0
empty24-5.scen	43	576	33	686	1	0	1.38	NO SOLUTION	0	1	44258	4581
empty24-5.scen	43	576	33	686	2	0	2.05	NO SOLUTION	90	4	79418	13195
empty24-5.scen	43	576	33	686	3	0.02	2.37	NO SOLUTION	188	41	116125	24002
empty24-5.scen	43	576	33	686	4	0.09	3.19	NO SOLUTION	561	99	147964	39113
empty24-5.scen	43	576	33	686	5	0.15	3.65	OK	1659	179	195087	55182
empty24-5.scen	44	576	33	698	0	0	1.13	NO SOLUTION	0	1	13479	0
empty24-5.scen	44	576	33	698	1	0	1.4	NO SOLUTION	0	1	44352	4588
empty24-5.scen	44	576	33	698	2	0	2.08	NO SOLUTION	96	4	79616	13291
empty24-5.scen	44	576	33	698	3	0.02	2.4	NO SOLUTION	155	37	116648	24179
empty24-5.scen	44	576	33	698	4	0.06	3.2	NO SOLUTION	417	87	148977	39428
empty24-5.scen	44	576	33	698	5	0.13	3.7	NO SOLUTION	536	132	196576	55644
empty24-5.scen	44	576	33	698	6	0.29	4.87	OK	2449	232	253200	75037
empty24-5.scen	45	576	33	712	0	0	1.17	NO SOLUTION	0	1	13705	0
empty24-5.scen	45	576	33	712	1	0	1.44	NO SOLUTION	0	1	44871	4675
empty24-5.scen	45	576	33	712	2	0	2.11	NO SOLUTION	99	4	80868	13548
empty24-5.scen	45	576	33	712	3	0.02	2.47	NO SOLUTION	158	37	118578	24699
empty24-5.scen	45	576	33	712	4	0.06	3.28	NO SOLUTION	406	81	151869	40409
empty24-5.scen	45	576	33	712	5	0.19	3.84	NO SOLUTION	556	141	200279	57072
empty24-5.scen	45	576	33	712	6	0.24	4.92	OK	2201	207	257851	76931
empty24-5.scen	46	576	33	721	0	0	1.19	NO SOLUTION	0	1	13827	0
empty24-5.scen	46	576	33	721	1	0	1.46	NO SOLUTION	0	1	45129	4724
empty24-5.scen	46	576	33	721	2	0	2.16	NO SOLUTION	103	4	81532	13699
empty24-5.scen	46	576	33	721	3	0.02	2.5	NO SOLUTION	162	37	119635	24996
empty24-5.scen	46	576	33	721	4	0.06	3.32	NO SOLUTION	421	82	153368	40921
empty24-5.scen	46	576	33	721	5	0.15	3.86	NO SOLUTION	575	151	202277	57717
empty24-5.scen	46	576	33	721	6	0.25	5	OK	2268	196	260481	77750
empty24-5.scen	47	576	33	742	0	0	1.22	NO SOLUTION	0	1	14310	0
empty24-5.scen	47	576	33	742	1	0	1.51	NO SOLUTION	0	1	46207	4902
empty24-5.scen	47	576	33	742	2	0	2.24	NO SOLUTION	107	4	83787	14219
empty24-5.scen	47	576	33	742	3	0.02	2.58	NO SOLUTION	162	37	122992	25941
empty24-5.scen	47	576	33	742	4	0.07	3.45	NO SOLUTION	516	97	158129	42276
empty24-5.scen	47	576	33	742	5	0.18	3.98	NO SOLUTION	623	161	208378	59504
empty24-5.scen	47	576	33	742	6	0.44	5.33	OK	3901	248	268065	80035
empty24-5.scen	48	576	33	756	0	0	1.26	NO SOLUTION	0	1	14450	0
empty24-5.scen	48	576	33	756	1	0	1.55	NO SOLUTION	0	1	46479	4982
empty24-5.scen	48	576	33	756	2	0.01	2.28	NO SOLUTION	98	4	84547	14414
empty24-5.scen	48	576	33	756	3	0.02	2.63	NO SOLUTION	164	37	124329	26295
empty24-5.scen	48	576	33	756	4	0.08	3.51	NO SOLUTION	634	92	160061	42839
empty24-5.scen	48	576	33	756	5	0.16	4.16	NO SOLUTION	525	114	211030	60289
empty24-5.scen	48	576	33	756	6	0.26	5.21	OK	2349	145	271599	81103
empty24-5.scen	49	576	33	771	0	0	1.26	NO SOLUTION	0	1	14600	0
empty24-5.scen	49	576	33	771	1	0	1.56	NO SOLUTION	0	1	46811	5060
empty24-5.scen	49	576	33	771	2	0	2.31	NO SOLUTION	103	4	85453	14710
empty24-5.scen	49	576	33	771	3	0.02	2.67	NO SOLUTION	173	40	125677	26822
empty24-5.scen	49	576	33	771	4	0.07	3.56	NO SOLUTION	468	76	162090	43576
empty24-5.scen	49	576	33	771	5	0.17	4.14	NO SOLUTION	562	119	213755	61116
empty24-5.scen	49	576	33	771	6	0.45	5.5	OK	3749	277	275271	82156
empty24-5.scen	50	576	33	783	0	0	1.29	NO SOLUTION	0	1	14779	0
empty24-5.scen	50	576	33	783	1	0	1.6	NO SOLUTION	0	1	47164	5132
empty24-5.scen	50	576	33	783	2	0	2.36	NO SOLUTION	108	4	86362	14943
empty24-5.scen	50	576	33	783	3	0.04	2.8	NO SOLUTION	511	70	112710	27683
empty24-5.scen	50	576	33	783	4	0.07	3.64	NO SOLUTION	454	79	164362	44270
empty24-5.scen	50	576	33	783	5	0.18	4.33	NO SOLUTION	557	130	216826	62088
empty24-5.scen	50	576	33	783	6	0.31	5.44	OK	2045	188	279340	83425
empty24-5.scen	51	576	33	807	0	0	1.32	NO SOLUTION	0	1	15119	0
empty24-5.scen	51	576	33	807	1	0	1.64	NO SOLUTION	0	1	47876	5266
empty24-5.scen	51	576	33	807	2	0	2.44	NO SOLUTION	148	7	88102	15286
empty24-5.scen	51	576	33	807	3	0.03	2.75	NO SOLUTION	191	41	115465	28327
empty24-5.scen	51	576	33	807	4	0.07	3.73	NO SOLUTION	567	75	168363	45313
empty24-5.scen	51	576	33	807	5	0.25	4.5	NO SOLUTION	1319	188	222038	63614
empty24-5.scen	51	576	33	807	6	0.48	5.75	NO SOLUTION	2734	255	285925	85433
empty24-5.scen	51	576	33	807	7	0.48	6.35	OK	3731	259	350563	107467
empty24-5.scen	52	576	33	829	0	0	1.37	NO SOLUTION	0	1	15604	0
empty24-5.scen	52	576	33	829	1	0	1.67	NO SOLUTION	0	1	48588	5554
empty24-5.scen	52	576	33	829	2	0.01	2.46	NO SOLUTION	164	7	89950	15560
empty24-5.scen	52	576	33	829	3	0.03	2.83	NO SOLUTION	274	54	118199	28795
empty24-5.scen	52	576	33	829	4	0.08	3.83	NO SOLUTION	611	148	172245	46001
empty24-5.scen	52	576	33	829	5	0.1	4.48	NO SOLUTION	533	97	227122	64549
empty24-5.scen	52	576	33	829	6	0.33	5.67	NO SOLUTION	1199	198	292494	86628
empty24-5.scen	52	576	33	829	7	1.11	7.17	NO SOLUTION	3747	582	358682	108998
empty24-5.scen	52	576	33	829	8	1.82	9.13	NO SOLUTION	3584	597	434964	134212
empty24-5.scen	52	576	33	829	9	3.52	11.02	OK	6365	1016	512221	159875
empty24-5.scen	53	576	33	845	0	0	1.4	NO SOLUTION	0	1	15879	0
empty24-5.scen	53	576	33	845	1	0	1.71	NO SOLUTION	0	1	49126	5662
empty24-5.scen	53	576	33	845	2	0.01	2.53	NO SOLUTION	173	7	91373	15944
empty24-5.scen	53	576	33	845	3	0.03	2.9	NO SOLUTION	296	52	120380	29432
empty24-5.scen	53	576	33	845	4	0.06	3.89	NO SOLUTION	505	70	175340	46929
empty24-5.scen	53	576	33	845	5	0.1	4.57	NO SOLUTION	539	94	231167	65800
empty24-5.scen	53	576	33	845	6	0.29	5.78	NO SOLUTION	1041	148	297664	88249
empty24-5.scen	53	576	33	845	7	0.88	7.04	NO SOLUTION	1960	482	364976	111064
empty24-5.scen	53	576	33	845	8	4.16	11.62	NO SOLUTION	6566	963	442592	136724
empty24-5.scen	53	576	33	845	9	2.93	10.59	OK	6315	857	521248	162812
empty24-5.scen	54	576	33	847	0	0	1.42	NO SOLUTION	0	1	15888	0
empty24-5.scen	54	576	33	847	1	0	1.73	NO SOLUTION	0	1	49153	5665
empty24-5.scen	54	576	33	847	2	0.01	2.55	NO SOLUTION	181	7	91406	15963
empty24-5.scen	54	576	33	847	3	0.04	2.92	NO SOLUTION	329	50	120559	29473
empty24-5.scen	54	576	33	847	4	0.06	3.93	NO SOLUTION	361	75	175667	47018
empty24-5.scen	54	576	33	847	5	0.13	4.65	NO SOLUTION	628	112	231662	65970
empty24-5.scen	54	576	33	847	6	0.29	5.85	NO SOLUTION	708	167	298403	88520
empty24-5.scen	54	576	33	847	7	0.93	7.19	NO SOLUTION	1832	479	365944	111465
empty24-5.scen	54	576	33	847	8	4.12	11.66	NO SOLUTION	7860	970	443877	137262
empty24-5.scen	54	576	33	847	9	2.49	10.24	OK	12651	706	522829	163463
empty24-5.scen	55	576	33	872	0	0	1.48	NO SOLUTION	0	1	16540	0
empty24-5.scen	55	576	33	872	1	0	1.79	NO SOLUTION	0	1	50590	5898
empty24-5.scen	55	576	33	872	2	0.01	2.63	NO SOLUTION	148	9	94573	16609
empty24-5.scen	55	576	33	872	3	0.04	3.04	NO SOLUTION	329	47	125276	30690
empty24-5.scen	55	576	33	872	4	0.07	4.17	NO SOLUTION	526	70	182229	48830
empty24-5.scen	55	576	33	872	5	0.14	4.8	NO SOLUTION	855	141	240033	68282
empty24-5.scen	55	576	33	872	6	0.39	6.11	NO SOLUTION	1786	180	308723	91415
empty24-5.scen	55	576	33	872	7	0.97	7.43	NO SOLUTION	4357	322	378212	114981
empty24-5.scen	55	576	33	872	8	2.97	10.72	NO SOLUTION	6562	750	458235	141486
empty24-5.scen	55	576	33	872	9	4.05	12.04	OK	8332	1024	539303	168345
empty24-5.scen	56	576	33	879	0	0	1.48	NO SOLUTION	0	1	16622	0
empty24-5.scen	56	576	33	879	1	0	1.83	NO SOLUTION	0	1	50763	5934
empty24-5.scen	56	576	33	879	2	0.01	2.68	NO SOLUTION	155	9	95038	16624
empty24-5.scen	56	576	33	879	3	0.04	3.08	NO SOLUTION	325	39	125972	30779
empty24-5.scen	56	576	33	879	4	0.07	4.23	NO SOLUTION	526	70	183259	49044
empty24-5.scen	56	576	33	879	5	0.17	4.88	NO SOLUTION	1258	135	241410	68571
empty24-5.scen	56	576	33	879	6	0.31	6.12	NO SOLUTION	1211	192	310602	91774
empty24-5.scen	56	576	33	879	7	1.16	7.65	NO SOLUTION	2251	456	380631	115464
empty24-5.scen	56	576	33	879	8	3.06	10.96	NO SOLUTION	5028	813	461366	142120
empty24-5.scen	56	576	33	879	9	5.93	14.08	OK	8324	1078	543185	169167
empty24-5.scen	57	576	33	886	0	0	1.52	NO SOLUTION	0	1	16690	0
empty24-5.scen	57	576	33	886	1	0	1.86	NO SOLUTION	0	1	50931	5963
empty24-5.scen	57	576	33	886	2	0	2.71	NO SOLUTION	114	4	95394	16695
empty24-5.scen	57	576	33	886	3	0.04	3.14	NO SOLUTION	330	45	126679	30916
empty24-5.scen	57	576	33	886	4	0.07	4.3	NO SOLUTION	581	77	184320	49306
empty24-5.scen	57	576	33	886	5	0.12	4.87	NO SOLUTION	606	112	242805	69005
empty24-5.scen	57	576	33	886	6	0.35	6.19	NO SOLUTION	1219	190	312364	92357
empty24-5.scen	57	576	33	886	7	1.36	7.92	NO SOLUTION	3463	519	382789	116154
empty24-5.scen	57	576	33	886	8	3.89	11.87	NO SOLUTION	18802	1501	464014	142946
empty24-5.scen	57	576	33	886	9	3.9	12.12	OK	6945	968	546357	170134
empty24-5.scen	58	576	33	894	0	0	1.56	NO SOLUTION	0	1	16792	0
empty24-5.scen	58	576	33	894	1	0	1.89	NO SOLUTION	0	1	51144	6005
empty24-5.scen	58	576	33	894	2	0	2.73	NO SOLUTION	118	4	95917	16828
empty24-5.scen	58	576	33	894	3	0.04	3.17	NO SOLUTION	330	50	127475	31178
empty24-5.scen	58	576	33	894	4	0.07	4.38	NO SOLUTION	516	84	185518	49730
empty24-5.scen	58	576	33	894	5	0.13	4.97	NO SOLUTION	607	115	244410	69549
empty24-5.scen	58	576	33	894	6	0.39	6.29	NO SOLUTION	1563	286	314521	93024
empty24-5.scen	58	576	33	894	7	0.83	7.5	NO SOLUTION	3408	341	385529	116947
empty24-5.scen	58	576	33	894	8	2.72	10.8	NO SOLUTION	4996	889	467458	143854
empty24-5.scen	58	576	33	894	9	6.83	15.22	OK	9998	1412	550531	171195
empty24-5.scen	59	576	33	911	0	0	1.57	NO SOLUTION	0	1	16906	0
empty24-5.scen	59	576	33	911	1	0	1.93	NO SOLUTION	0	1	51342	6057
empty24-5.scen	59	576	33	911	2	0	2.79	NO SOLUTION	120	4	96709	17008
empty24-5.scen	59	576	33	911	3	0.04	3.23	NO SOLUTION	341	41	128765	31550
empty24-5.scen	59	576	33	911	4	0.08	4.46	NO SOLUTION	560	84	187529	50422
empty24-5.scen	59	576	33	911	5	0.13	5.07	NO SOLUTION	595	119	247150	70456
empty24-5.scen	59	576	33	911	6	0.3	6.36	NO SOLUTION	987	149	318184	94197
empty24-5.scen	59	576	33	911	7	0.97	7.81	NO SOLUTION	3647	400	390140	118395
empty24-5.scen	59	576	33	911	8	4.34	12.58	NO SOLUTION	7925	1158	473276	145611
empty24-5.scen	59	576	33	911	9	5.53	14.08	OK	12387	892	557585	173334
empty24-5.scen	60	576	33	923	0	0	1.6	NO SOLUTION	0	1	17096	0
empty24-5.scen	60	576	33	923	1	0	1.96	NO SOLUTION	0	1	51737	6127
empty24-5.scen	60	576	33	923	2	0	2.85	NO SOLUTION	116	4	97737	17259
empty24-5.scen	60	576	33	923	3	0.03	3.32	NO SOLUTION	210	34	130339	32035
empty24-5.scen	60	576	33	923	4	0.07	4.51	NO SOLUTION	426	85	189762	51191
empty24-5.scen	60	576	33	923	5	0.12	5.12	NO SOLUTION	618	106	250083	71435
empty24-5.scen	60	576	33	923	6	0.38	6.56	NO SOLUTION	1539	187	322017	95429
empty24-5.scen	60	576	33	923	7	0.93	7.88	NO SOLUTION	3621	358	394894	119882
empty24-5.scen	60	576	33	923	8	3.83	12.28	NO SOLUTION	6417	981	479130	147379
empty24-5.scen	60	576	33	923	9	2.99	11.68	OK	5898	930	564610	175378
empty24-5.scen	61	576	33	934	0	0	1.62	NO SOLUTION	0	1	17169	0
empty24-5.scen	61	576	33	934	1	0	2	NO SOLUTION	0	1	51878	6167
empty24-5.scen	61	576	33	934	2	0	2.89	NO SOLUTION	117	4	98183	17379
empty24-5.scen	61	576	33	934	3	0.03	3.36	NO SOLUTION	210	34	131124	32239
empty24-5.scen	61	576	33	934	4	0.06	4.55	NO SOLUTION	376	76	191025	51541
empty24-5.scen	61	576	33	934	5	0.12	5.21	NO SOLUTION	639	132	251853	71947
empty24-5.scen	61	576	33	934	6	0.35	6.62	NO SOLUTION	1294	180	324467	96151
empty24-5.scen	61	576	33	934	7	0.93	8.04	NO SOLUTION	3240	347	398054	120795
empty24-5.scen	61	576	33	934	8	2.63	11.19	NO SOLUTION	4134	707	483218	148528
empty24-5.scen	61	576	33	934	9	8.08	16.96	OK	9746	1309	569665	176788
empty24-5.scen	62	576	33	955	0	0	1.67	NO SOLUTION	0	1	17582	0
empty24-5.scen	62	576	33	955	1	0	2.03	NO SOLUTION	0	1	52715	6337
empty24-5.scen	62	576	33	955	2	0.01	2.92	NO SOLUTION	178	14	86031	18494
empty24-5.scen	62	576	33	955	3	0.03	3.44	NO SOLUTION	222	36	134135	33069
empty24-5.scen	62	576	33	955	4	0.08	4.68	NO SOLUTION	545	82	195265	52722
empty24-5.scen	62	576	33	955	5	0.14	5.37	NO SOLUTION	627	105	257302	73523
empty24-5.scen	62	576	33	955	6	0.44	6.83	NO SOLUTION	1751	324	331323	98161
empty24-5.scen	62	576	33	955	7	1	8.31	NO SOLUTION	3684	383	406383	123210
empty24-5.scen	62	576	33	955	8	2.82	11.21	NO SOLUTION	11146	902	493281	151366
empty24-5.scen	62	576	33	955	9	10.21	19.29	OK	9722	1941	581543	180112
empty24-5.scen	63	576	33	968	0	0	1.69	NO SOLUTION	0	1	17800	0
empty24-5.scen	63	576	33	968	1	0	2.07	NO SOLUTION	0	1	53345	6480
empty24-5.scen	63	576	33	968	2	0.01	3	NO SOLUTION	185	14	87116	18805
empty24-5.scen	63	576	33	968	3	0.04	3.52	NO SOLUTION	227	37	135799	33624
empty24-5.scen	63	576	33	968	4	0.08	4.74	NO SOLUTION	593	78	197591	53589
empty24-5.scen	63	576	33	968	5	0.17	5.47	NO SOLUTION	1006	185	260271	74661
empty24-5.scen	63	576	33	968	6	0.36	6.9	NO SOLUTION	1087	155	335099	99561
empty24-5.scen	63	576	33	968	7	1.18	8.58	NO SOLUTION	4207	368	410958	124822
empty24-5.scen	63	576	33	968	8	3.6	12.01	NO SOLUTION	6126	806	498844	153251
empty24-5.scen	63	576	33	968	9	4.77	14.02	OK	11192	905	588104	182215
empty24-5.scen	64	576	38	1006	0	0	2.33	NO SOLUTION	0	1	19381	0
empty24-5.scen	64	576	38	1006	1	0	2.78	NO SOLUTION	0	1	58313	7509
empty24-5.scen	64	576	38	1006	2	0	3.91	NO SOLUTION	144	4	108660	19748
empty24-5.scen	64	576	38	1006	3	0.03	4.46	NO SOLUTION	243	38	146756	36506
empty24-5.scen	64	576	38	1006	4	0.06	5.84	NO SOLUTION	390	76	212427	57613
empty24-5.scen	64	576	38	1006	5	0.12	6.61	NO SOLUTION	621	104	278887	79983
empty24-5.scen	64	576	38	1006	6	0.38	8.44	NO SOLUTION	1137	171	357680	106082
empty24-5.scen	64	576	38	1006	7	1.23	10.17	NO SOLUTION	3119	468	437443	132483
empty24-5.scen	64	576	38	1006	8	3.57	13.93	NO SOLUTION	5097	832	529335	161954
empty24-5.scen	64	576	38	1006	9	4.08	15.34	OK	13025	896	622627	191915
empty24-5.scen	65	576	38	1015	0	0	2.36	NO SOLUTION	0	1	19470	0
empty24-5.scen	65	576	38	1015	1	0	2.84	NO SOLUTION	0	1	58515	7556
empty24-5.scen	65	576	38	1015	2	0	3.96	NO SOLUTION	155	4	109193	19870
empty24-5.scen	65	576	38	1015	3	0.05	4.66	NO SOLUTION	573	55	147581	36740
empty24-5.scen	65	576	38	1015	4	0.11	6	NO SOLUTION	1019	91	213722	57982
empty24-5.scen	65	576	38	1015	5	0.18	6.85	NO SOLUTION	1107	133	280634	80504
empty24-5.scen	65	576	38	1015	6	0.4	8.56	NO SOLUTION	1540	172	359988	106797
empty24-5.scen	65	576	38	1015	7	1.26	10.33	NO SOLUTION	3463	424	440331	133366
empty24-5.scen	65	576	38	1015	8	4.14	14.67	NO SOLUTION	7449	1050	532926	162992
empty24-5.scen	65	576	38	1015	9	3.64	15.08	OK	7669	715	626977	193120
empty24-5.scen	66	576	38	1042	0	0	2.41	NO SOLUTION	0	1	20150	0
empty24-5.scen	66	576	38	1042	1	0	2.91	NO SOLUTION	0	1	60086	7862
empty24-5.scen	66	576	38	1042	2	0	4.06	NO SOLUTION	159	4	112486	20567
empty24-5.scen	66	576	38	1042	3	0.03	4.74	NO SOLUTION	273	38	152543	38022
empty24-5.scen	66	576	38	1042	4	0.07	6.12	NO SOLUTION	395	76	220567	59902
empty24-5.scen	66	576	38	1042	5	0.15	6.96	NO SOLUTION	628	106	289330	83020
empty24-5.scen	66	576	38	1042	6	0.46	8.84	NO SOLUTION	1701	200	370827	109833
empty24-5.scen	66	576	38	1042	7	1.1	10.47	NO SOLUTION	2513	401	453373	136984
empty24-5.scen	66	576	38	1042	8	3.87	14.65	NO SOLUTION	5390	977	548471	167196
empty24-5.scen	66	576	38	1042	9	6.35	18.07	OK	10465	1038	645098	197979
empty24-5.scen	67	576	38	1065	0	0	2.49	NO SOLUTION	0	1	20742	0
empty24-5.scen	67	576	38	1065	1	0	2.96	NO SOLUTION	0	1	61518	8178
empty24-5.scen	67	576	38	1065	2	0	4.21	NO SOLUTION	160	4	115262	21242
empty24-5.scen	67	576	38	1065	3	0.05	4.88	NO SOLUTION	512	106	156616	39118
empty24-5.scen	67	576	38	1065	4	0.08	6.25	NO SOLUTION	416	82	226010	61375
empty24-5.scen	67	576	38	1065	5	0.16	7.11	NO SOLUTION	632	104	296252	84838
empty24-5.scen	67	576	38	1065	6	0.38	9.05	NO SOLUTION	1091	172	379441	112007
empty24-5.scen	67	576	38	1065	7	1.23	10.81	NO SOLUTION	4234	333	463788	139609
empty24-5.scen	67	576	38	1065	8	3.37	14.44	NO SOLUTION	7567	879	560956	170302
empty24-5.scen	67	576	38	1065	9	8.05	20.02	OK	12376	1401	659718	201629
empty24-5.scen	68	576	38	1074	0	0	2.55	NO SOLUTION	0	1	20862	0
empty24-5.scen	68	576	38	1074	1	0	3.03	NO SOLUTION	0	1	61761	8262
empty24-5.scen	68	576	38	1074	2	0	4.27	NO SOLUTION	168	4	115835	21247
empty24-5.scen	68	576	38	1074	3	0.04	4.95	NO SOLUTION	349	52	157461	39140
empty24-5.scen	68	576	38	1074	4	0.07	6.31	NO SOLUTION	395	75	227300	61456
empty24-5.scen	68	576	38	1074	5	0.14	7.17	NO SOLUTION	640	97	298024	85057
empty24-5.scen	68	576	38	1074	6	0.44	9.21	NO SOLUTION	2761	187	381859	112341
empty24-5.scen	68	576	38	1074	7	0.84	10.59	NO SOLUTION	1753	203	466893	140120
empty24-5.scen	68	576	38	1074	8	3.13	14.31	NO SOLUTION	6506	797	564934	171015
empty24-5.scen	68	576	38	1074	9	6.36	18.58	OK	12466	1442	664606	202571
empty24-5.scen	69	576	38	1087	0	0	2.6	NO SOLUTION	0	1	20973	0
empty24-5.scen	69	576	38	1087	1	0	3.07	NO SOLUTION	0	1	61975	8318
empty24-5.scen	69	576	38	1087	2	0	4.29	NO SOLUTION	169	4	116413	21379
empty24-5.scen	69	576	38	1087	3	0.03	5.01	NO SOLUTION	227	31	158395	39409
empty24-5.scen	69	576	38	1087	4	0.07	6.4	NO SOLUTION	418	76	228805	61914
empty24-5.scen	69	576	38	1087	5	0.21	7.35	NO SOLUTION	1076	148	300066	85681
empty24-5.scen	69	576	38	1087	6	0.44	9.32	NO SOLUTION	1456	177	384616	113132
empty24-5.scen	69	576	38	1087	7	1.17	11.36	NO SOLUTION	2903	329	470372	141045
empty24-5.scen	69	576	38	1087	8	3.81	15.21	NO SOLUTION	6217	947	569290	172149
empty24-5.scen	69	576	38	1087	9	4.97	17.4	OK	7506	817	669875	203921
empty24-5.scen	70	576	38	1107	0	0	2.63	NO SOLUTION	0	1	21348	0
empty24-5.scen	70	576	38	1107	1	0	3.16	NO SOLUTION	0	1	62837	8510
empty24-5.scen	70	576	38	1107	2	0.02	4.5	NO SOLUTION	340	17	104119	22426
empty24-5.scen	70	576	38	1107	3	0.03	5.11	NO SOLUTION	250	32	161205	40177
empty24-5.scen	70	576	38	1107	4	0.07	6.53	NO SOLUTION	391	72	232778	63102
empty24-5.scen	70	576	38	1107	5	0.17	7.5	NO SOLUTION	677	112	305169	87188
empty24-5.scen	70	576	38	1107	6	0.49	9.54	NO SOLUTION	1756	227	391099	114843
empty24-5.scen	70	576	38	1107	7	1.47	11.31	NO SOLUTION	4660	393	478270	143111
empty24-5.scen	70	576	38	1107	8	2.75	14.38	NO SOLUTION	5833	626	578914	174589
empty24-5.scen	70	576	38	1107	9	7.35	20.27	OK	10381	1038	681272	206841
empty24-5.scen	71	576	38	1135	0	0	2.71	NO SOLUTION	0	1	22238	0
empty24-5.scen	71	576	38	1135	1	0	3.22	NO SOLUTION	0	1	65094	9046
empty24-5.scen	71	576	38	1135	2	0.02	4.64	NO SOLUTION	365	17	108422	23502
empty24-5.scen	71	576	38	1135	3	0.05	5.28	NO SOLUTION	405	61	167599	41997
empty24-5.scen	71	576	38	1135	4	0.09	6.78	NO SOLUTION	406	87	241518	65557
empty24-5.scen	71	576	38	1135	5	0.17	7.7	NO SOLUTION	637	103	316253	90392
empty24-5.scen	71	576	38	1135	6	0.44	9.78	NO SOLUTION	1417	177	405009	118696
empty24-5.scen	71	576	38	1135	7	1.37	11.29	NO SOLUTION	5064	368	495005	147755
empty24-5.scen	71	576	38	1135	8	4.42	16.41	NO SOLUTION	5639	834	598836	180034
empty24-5.scen	71	576	38	1135	9	13.31	26.41	OK	10914	1870	704321	213146
empty24-5.scen	72	576	38	1161	0	0	2.77	NO SOLUTION	0	1	23015	0
empty24-5.scen	72	576	38	1161	1	0	3.32	NO SOLUTION	0	1	66854	9460
empty24-5.scen	72	576	38	1161	2	0.02	4.74	NO SOLUTION	516	20	111890	24433
empty24-5.scen	72	576	38	1161	3	0.04	5.42	NO SOLUTION	294	48	172777	43447
empty24-5.scen	72	576	38	1161	4	0.07	6.9	NO SOLUTION	424	83	248575	67590
empty24-5.scen	72	576	38	1161	5	0.17	7.89	NO SOLUTION	859	106	325155	93052
empty24-5.scen	72	576	38	1161	6	0.39	10.16	NO SOLUTION	1608	141	415930	121935
empty24-5.scen	72	576	38	1161	7	1.3	11.43	NO SOLUTION	3690	366	507932	151581
empty24-5.scen	72	576	38	1161	8	5.16	17.41	NO SOLUTION	7132	929	613973	184403
empty24-5.scen	72	576	38	1161	9	9.07	22.5	OK	11980	1683	721700	218075
empty24-5.scen	73	576	38	1189	0	0	2.84	NO SOLUTION	0	1	24018	0
empty24-5.scen	73	576	38	1189	1	0	3.37	NO SOLUTION	0	1	69051	9971
empty24-5.scen	73	576	38	1189	2	0.01	4.84	NO SOLUTION	119	7	116002	25480
empty24-5.scen	73	576	38	1189	3	0.04	5.57	NO SOLUTION	302	50	178723	45088
empty24-5.scen	73	576	38	1189	4	0.1	7.12	NO SOLUTION	618	139	256656	69841
empty24-5.scen	73	576	38	1189	5	0.16	8.16	NO SOLUTION	789	97	335359	95966
empty24-5.scen	73	576	38	1189	6	0.6	10.65	NO SOLUTION	2846	212	428615	125510
empty24-5.scen	73	576	38	1189	7	1.38	11.74	NO SOLUTION	1443	357	523112	155954
empty24-5.scen	73	576	38	1189	8	3.96	16.5	NO SOLUTION	4229	1075	632005	189615
empty24-5.scen	73	576	38	1189	9	17.82	31.65	NO SOLUTION	8956	3127	742588	224278
empty24-5.scen	73	576	38	1189	10	35.75	51.78	NO SOLUTION	49755	7625	866970	261722
empty24-5.scen	73	576	38	1189	11	30.16	47.39	OK	29893	4341	993187	300501
empty24-5.scen	74	576	38	1217	0	0	2.92	NO SOLUTION	0	1	24909	0
empty24-5.scen	74	576	38	1217	1	0	3.46	NO SOLUTION	0	1	71104	10359
empty24-5.scen	74	576	38	1217	2	0	4.94	NO SOLUTION	0	1	120068	30817
empty24-5.scen	74	576	38	1217	3	0.01	5.67	NO SOLUTION	43	7	184766	45657
empty24-5.scen	74	576	38	1217	4	0.03	7.24	NO SOLUTION	90	16	264900	71136
empty24-5.scen	74	576	38	1217	5	0.15	8.35	NO SOLUTION	944	80	345777	97938
empty24-5.scen	74	576	38	1217	6	0.33	10.58	NO SOLUTION	1988	202	441424	128339
empty24-5.scen	74	576	38	1217	7	0.32	11.22	NO SOLUTION	409	103	538303	159522
empty24-5.scen	74	576	38	1217	8	0.71	13.59	NO SOLUTION	725	154	649727	193932
empty24-5.scen	74	576	38	1217	9	2.87	17.07	NO SOLUTION	7256	811	762833	229358
empty24-5.scen	74	576	38	1217	10	6.68	23.12	NO SOLUTION	8211	970	889870	267551
empty24-5.scen	74	576	38	1217	11	29.45	47.15	NO SOLUTION	44325	5002	1018802	307026
empty24-5.scen	74	576	38	1217	12	49.34	69.4	NO SOLUTION	90762	9786	1161450	348950
empty24-5.scen	74	576	38	1217	13	35.75	57.39	OK	77650	4529	1320818	392202
empty24-5.scen	75	576	38	1229	0	0	2.96	NO SOLUTION	0	1	24991	0
empty24-5.scen	75	576	38	1229	1	0	3.51	NO SOLUTION	0	1	71281	10421
empty24-5.scen	75	576	38	1229	2	0	5.03	NO SOLUTION	0	1	120579	30994
empty24-5.scen	75	576	38	1229	3	0.01	5.72	NO SOLUTION	43	7	185582	45786
empty24-5.scen	75	576	38	1229	4	0.03	7.32	NO SOLUTION	91	16	266193	71378
empty24-5.scen	75	576	38	1229	5	0.14	8.44	NO SOLUTION	939	80	347592	98293
empty24-5.scen	75	576	38	1229	6	0.19	10.61	NO SOLUTION	1054	87	443949	128873
empty24-5.scen	75	576	38	1229	7	0.42	11.47	NO SOLUTION	1393	147	541591	160237
empty24-5.scen	75	576	38	1229	8	0.74	13.86	NO SOLUTION	726	157	653977	194893
empty24-5.scen	75	576	38	1229	9	2.97	17.2	NO SOLUTION	7015	556	768090	230581
empty24-5.scen	75	576	38	1229	10	7.58	24.23	NO SOLUTION	9243	1579	896347	269083
empty24-5.scen	75	576	38	1229	11	23.77	41.78	NO SOLUTION	51739	4882	1026542	308902
empty24-5.scen	75	576	38	1229	12	41.79	62.3	NO SOLUTION	63156	6856	1170684	351212
empty24-5.scen	75	576	38	1229	13	20.44	42.41	OK	21666	3299	1331655	394890
empty24-5.scen	76	576	38	1250	0	0	2.99	NO SOLUTION	0	1	25135	0
empty24-5.scen	76	576	38	1250	1	0	3.59	NO SOLUTION	0	1	71541	10496
empty24-5.scen	76	576	38	1250	2	0	5.09	NO SOLUTION	0	1	121481	31245
empty24-5.scen	76	576	38	1250	3	0.01	5.83	NO SOLUTION	43	7	187110	46214
empty24-5.scen	76	576	38	1250	4	0.03	7.5	NO SOLUTION	97	16	268578	72179
empty24-5.scen	76	576	38	1250	5	0.15	8.56	NO SOLUTION	969	80	350741	99349
empty24-5.scen	76	576	38	1250	6	0.33	10.92	NO SOLUTION	1981	151	448204	130123
empty24-5.scen	76	576	38	1250	7	0.33	11.57	NO SOLUTION	421	108	547016	161801
empty24-5.scen	76	576	38	1250	8	0.79	14.03	NO SOLUTION	1175	172	660877	196808
empty24-5.scen	76	576	38	1250	9	2.82	17.3	NO SOLUTION	7897	679	776491	232954
empty24-5.scen	76	576	38	1250	10	13.97	30.87	NO SOLUTION	71171	2552	906398	271903
empty24-5.scen	76	576	38	1250	11	22.52	40.81	NO SOLUTION	42854	5210	1038254	312271
empty24-5.scen	76	576	38	1250	12	36.85	57.66	NO SOLUTION	82642	6979	1184197	355050
empty24-5.scen	76	576	38	1250	13	13.37	35.72	OK	33907	1924	1346922	399233
empty24-5.scen	77	576	38	1259	0	0	3.03	NO SOLUTION	0	1	25237	0
empty24-5.scen	77	576	38	1259	1	0	3.63	NO SOLUTION	0	1	71724	10556
empty24-5.scen	77	576	38	1259	2	0	5.17	NO SOLUTION	0	1	122078	31445
empty24-5.scen	77	576	38	1259	3	0.01	5.92	NO SOLUTION	76	5	188041	45771
empty24-5.scen	77	576	38	1259	4	0.03	7.55	NO SOLUTION	154	13	269937	71788
empty24-5.scen	77	576	38	1259	5	0.08	8.64	NO SOLUTION	514	46	352543	98895
empty24-5.scen	77	576	38	1259	6	0.18	10.92	NO SOLUTION	1117	94	450632	129741
empty24-5.scen	77	576	38	1259	7	0.28	11.72	NO SOLUTION	1328	117	550116	161494
empty24-5.scen	77	576	38	1259	8	0.44	14.09	NO SOLUTION	1443	172	664838	196680
empty24-5.scen	77	576	38	1259	9	0.78	15.52	NO SOLUTION	2086	305	781363	233011
empty24-5.scen	77	576	38	1259	10	2.35	19.52	NO SOLUTION	5659	681	912397	272196
empty24-5.scen	77	576	38	1259	11	15.05	33.63	NO SOLUTION	38211	2903	1045422	312829
empty24-5.scen	77	576	38	1259	12	31.57	52.83	NO SOLUTION	17774	4080	1192774	355917
empty24-5.scen	77	576	38	1259	13	53.31	76.18	OK	50854	5769	1356980	400453
empty24-5.scen	78	576	38	1279	0	0	3.11	NO SOLUTION	0	1	25666	0
empty24-5.scen	78	576	38	1279	1	0	3.67	NO SOLUTION	0	1	72676	10761
empty24-5.scen	78	576	38	1279	2	0	5.24	NO SOLUTION	0	1	124025	32034
empty24-5.scen	78	576	38	1279	3	0.01	6.03	NO SOLUTION	77	5	190892	46559
empty24-5.scen	78	576	38	1279	4	0.03	7.71	NO SOLUTION	155	13	273986	72842
empty24-5.scen	78	576	38	1279	5	0.12	8.82	NO SOLUTION	877	70	357776	100265
empty24-5.scen	78	576	38	1279	6	0.24	11.17	NO SOLUTION	1838	91	457285	131449
empty24-5.scen	78	576	38	1279	7	0.27	11.94	NO SOLUTION	1327	107	558202	163637
empty24-5.scen	78	576	38	1279	8	0.35	14.15	NO SOLUTION	726	105	674545	199201
empty24-5.scen	78	576	38	1279	9	0.87	15.84	NO SOLUTION	1892	260	792728	235975
empty24-5.scen	78	576	38	1279	10	4.36	21.81	NO SOLUTION	5474	804	925628	275583
empty24-5.scen	78	576	38	1279	11	12.53	31.46	NO SOLUTION	12247	2062	1060548	316718
empty24-5.scen	78	576	38	1279	12	18.67	40.17	NO SOLUTION	20328	3135	1209981	360313
empty24-5.scen	78	576	38	1279	13	37.49	60.77	NO SOLUTION	82656	4844	1376325	405440
empty24-5.scen	78	576	38	1279	14	27.09	53.6	OK	76673	3866	1541857	453404
empty24-5.scen	79	576	38	1303	0	0	3.15	NO SOLUTION	0	1	26477	0
empty24-5.scen	79	576	38	1303	1	0	3.77	NO SOLUTION	0	1	74412	11158
empty24-5.scen	79	576	38	1303	2	0	5.38	NO SOLUTION	0	1	127222	33075
empty24-5.scen	79	576	38	1303	3	0.01	6.19	NO SOLUTION	79	5	195476	47725
empty24-5.scen	79	576	38	1303	4	0.03	7.93	NO SOLUTION	156	13	280295	74384
empty24-5.scen	79	576	38	1303	5	0.12	8.99	NO SOLUTION	898	58	365859	102304
empty24-5.scen	79	576	38	1303	6	0.15	11.3	NO SOLUTION	688	73	467515	134007
empty24-5.scen	79	576	38	1303	7	0.25	12.14	NO SOLUTION	1233	78	570652	166800
empty24-5.scen	79	576	38	1303	8	0.3	14.42	NO SOLUTION	772	133	689486	203026
empty24-5.scen	79	576	38	1303	9	0.86	16.21	NO SOLUTION	1630	215	810226	240475
empty24-5.scen	79	576	38	1303	10	2.87	20.72	NO SOLUTION	5410	593	945988	280809
empty24-5.scen	79	576	38	1303	11	17.72	37.15	NO SOLUTION	40498	2766	1083842	322704
empty24-5.scen	79	576	38	1303	12	32.67	54.86	NO SOLUTION	14924	3641	1251118	366837
empty24-5.scen	79	576	38	1303	13	61.53	85.88	NO SOLUTION	40897	5988	1406037	413121
