empty16-5.scen	1	256	13	13	0	0	0.02	OK	14	0	185	24
empty16-5.scen	2	256	24	37	0	0	0.12	OK	534	0	19785	2049
empty16-5.scen	3	256	24	52	0	0	0.2	OK	956	0	30408	3806
empty16-5.scen	4	256	24	66	0	0	0.29	OK	1555	0	40593	6347
empty16-5.scen	5	256	24	69	0	0.01	0.42	OK	2303	0	55665	11625
empty16-5.scen	6	256	24	77	0	0.01	0.54	OK	2688	0	68280	16050
empty16-5.scen	7	256	24	95	0	0.01	0.59	OK	2991	0	74809	18742
empty16-5.scen	8	256	24	113	0	0.01	0.64	OK	3185	0	80787	20723
empty16-5.scen	9	256	24	124	0	0.01	0.73	OK	3650	0	92010	24391
empty16-5.scen	10	256	24	131	0	0.01	0.81	OK	3658	0	91775	29289
empty16-5.scen	11	256	25	156	0	0.02	0.98	OK	3949	0	105856	34414
empty16-5.scen	12	256	25	163	0	0.02	1.06	OK	4609	0	115861	38071
empty16-5.scen	13	256	25	176	0	0.02	1.14	OK	4871	1	125078	41487
empty16-5.scen	14	256	25	188	0	0.02	1.24	OK	4958	1	135370	45504
empty16-5.scen	15	256	25	197	0	0.03	1.35	OK	5557	1	147406	49543
empty16-5.scen	16	256	25	205	0	0.03	1.48	OK	6327	1	160094	53699
empty16-5.scen	17	256	25	214	0	0.03	1.59	OK	6374	3	173157	57910
empty16-5.scen	18	256	25	228	0	0.04	1.65	OK	7324	2	180943	60381
empty16-5.scen	19	256	25	240	0	0.04	1.69	OK	6854	1	188254	62862
empty16-5.scen	20	256	25	253	0	0.04	1.81	OK	7169	0	198671	65856
empty16-5.scen	21	256	25	265	0	0.04	1.88	OK	7234	0	208602	68906
empty16-5.scen	22	256	25	276	0	0.04	2.01	OK	7674	1	220603	72487
empty16-5.scen	23	256	25	284	0	0.05	2.11	OK	8264	3	233776	76395
empty16-5.scen	24	256	25	287	0	0.05	2.27	OK	8617	0	248063	80598
empty16-5.scen	25	256	25	299	0	0.05	2.33	OK	8882	0	257273	83397
empty16-5.scen	26	256	25	316	0	0.05	2.46	OK	8904	0	262934	85117
empty16-5.scen	27	256	25	317	0	0.06	2.6	OK	9316	1	278331	89563
empty16-5.scen	28	256	25	334	0	0.06	2.7	OK	9337	1	286478	91860
empty16-5.scen	29	256	25	358	0	0.06	2.78	OK	9193	1	287909	92094
empty16-5.scen	30	256	25	361	0	0.07	2.88	OK	9447	1	300825	95817
empty16-5.scen	31	256	25	365	0	0.07	3.04	OK	10085	0	317023	100378
empty16-5.scen	32	256	25	376	0	0.07	3.12	OK	10439	3	326785	103140
empty16-5.scen	33	256	25	392	0	0.08	3.19	OK	11187	4	333217	104977
empty16-5.scen	34	256	25	402	0	0.08	3.28	OK	10698	1	343329	107814
empty16-5.scen	35	256	25	422	0	0.08	3.34	OK	10620	1	348826	109240
empty16-5.scen	36	256	25	432	0	0.08	3.46	OK	10700	2	361734	113041
empty16-5.scen	37	256	25	437	0	0.09	2.98	OK	10574	5	373491	116560
empty16-5.scen	38	256	25	442	0	0.1	3.06	OK	11495	4	385996	120218
empty16-5.scen	39	256	25	452	0	0.1	3.17	OK	11215	1	398825	123786
empty16-5.scen	40	256	25	461	0	0.11	3.27	OK	11016	1	412749	127656
empty16-5.scen	41	256	25	473	0	0.12	3.36	OK	13213	3	422483	130406
empty16-5.scen	42	256	28	501	0	0.16	4.68	OK	14465	2	594594	181993
empty16-5.scen	43	256	28	512	0	0.18	4.93	OK	17641	5	606184	185253
empty16-5.scen	44	256	28	531	0	0.17	5.07	OK	15345	6	616845	188136
empty16-5.scen	45	256	28	550	0	0.17	5.12	OK	15264	6	623681	190034
empty16-5.scen	46	256	28	563	0	0.19	5.24	OK	18308	12	635363	193295
empty16-5.scen	47	256	28	575	0	0.2	5.33	OK	18594	11	647738	196795
empty16-5.scen	48	256	28	583	0	0.19	5.44	OK	16878	4	666227	201985
empty16-5.scen	49	256	28	586	0	0.2	5.61	OK	16452	13	699597	206979
empty16-5.scen	50	256	28	604	0	0.19	5.71	OK	14579	7	710424	209911
empty16-5.scen	51	256	28	621	0	0.19	5.79	OK	14176	6	720449	212682
empty16-5.scen	52	256	28	629	0	0.2	5.9	OK	14718	9	737481	217453
empty16-5.scen	53	256	28	636	0	0.22	6.05	OK	15547	11	754356	222187
empty16-5.scen	54	256	28	651	0	0.23	6.14	OK	16581	14	766364	225523
empty16-5.scen	55	256	28	668	0	0.22	6.19	OK	15517	10	776676	228392
empty16-5.scen	56	256	28	673	0	0.23	6.3	OK	15806	15	789514	231993
empty16-5.scen	57	256	28	684	0	0.24	6.44	OK	16452	18	804696	236162
empty16-5.scen	58	256	28	698	0	0.27	6.62	OK	17213	24	818357	239904
empty16-5.scen	59	256	28	714	0	0.26	6.74	OK	17373	23	831591	243506
empty16-5.scen	60	256	28	722	0	0.27	6.82	OK	17847	20	842322	246519
empty16-5.scen	61	256	28	738	0	0.3	6.96	OK	21381	26	855611	250169
empty16-5.scen	62	256	28	744	0	0.27	7.01	OK	16239	7	868656	253826
empty16-5.scen	63	256	28	745	0	0.28	7.2	OK	16939	9	889260	259545
empty16-5.scen	64	256	28	753	0	0.29	7.3	OK	17366	6	904501	263772
empty16-5.scen	65	256	28	760	0	0.29	7.45	OK	16658	5	917865	267528
empty16-5.scen	66	256	28	772	0	0.29	7.5	OK	16318	6	929576	270813
empty16-5.scen	67	256	28	790	0	0.34	7.68	OK	21006	16	940386	273730
empty16-5.scen	68	256	28	803	0	0.29	7.66	OK	15061	7	950073	276498
empty16-5.scen	69	256	28	807	0	0.31	7.79	OK	16978	6	964015	280398
empty16-5.scen	70	256	28	812	0	0.32	7.91	OK	17801	5	979579	284755
empty16-5.scen	71	256	28	822	0	0.31	7.99	OK	15501	10	993422	288623
empty16-5.scen	72	256	28	835	0	0.33	8.18	OK	16995	10	1008598	292788
empty16-5.scen	73	256	28	846	0	0.32	8.26	OK	16416	11	1022511	296644
empty16-5.scen	74	256	28	860	0	0.4	8.47	OK	23568	16	1038703	301069
empty16-5.scen	75	256	28	871	0	0.47	8.65	OK	30261	23	1053046	305039
empty16-5.scen	76	256	28	878	0	0.37	8.67	OK	19676	13	1068366	309291
empty16-5.scen	77	256	28	889	0	0.41	8.81	OK	22182	18	1084372	313663
empty16-5.scen	78	256	28	894	0	0.37	8.93	OK	17087	19	1100246	318102
empty16-5.scen	79	256	28	899	0	0.4	9.06	OK	19912	29	1112935	321708
empty16-5.scen	80	256	28	907	0	0.41	9.34	OK	20364	9	1132085	326988
empty16-5.scen	81	256	28	910	0	0.38	9.53	OK	17778	8	1153222	332835
empty16-5.scen	82	256	28	917	0	0.39	9.66	OK	17349	6	1169990	337489
empty16-5.scen	83	256	28	927	0	0.38	9.77	OK	16253	9	1185681	341819
empty16-5.scen	84	256	28	941	0	0.39	9.85	OK	16191	5	1197063	344970
empty16-5.scen	85	256	28	948	0	0.39	9.9	OK	16178	5	1207233	347841
empty16-5.scen	86	256	28	960	0	0.39	10.08	OK	15897	4	1219843	351345
empty16-5.scen	87	256	28	964	0	0.4	10.13	OK	15533	8	1233162	355051
empty16-5.scen	88	256	28	978	0	0.44	10.28	OK	18283	15	1247541	358963
empty16-5.scen	89	256	28	989	0	0.42	10.77	OK	17379	11	1258927	362133
empty16-5.scen	90	256	28	1003	0	0.49	10.93	OK	21867	12	1273701	366149
empty16-5.scen	91	256	28	1020	0	0.53	11.1	OK	24494	28	1285790	369425
empty16-5.scen	92	256	28	1032	0	0.47	11.13	OK	19799	22	1298000	372747
empty16-5.scen	93	256	28	1040	0	0.49	11.25	OK	20236	14	1312637	376835
empty16-5.scen	94	256	28	1046	0	0.46	11.36	OK	17635	19	1328745	381302
empty16-5.scen	95	256	28	1047	0	0.48	11.47	OK	18770	22	1344851	385783
empty16-5.scen	96	256	28	1049	0	0.48	11.64	OK	18134	13	1363691	391032
empty16-5.scen	97	256	28	1053	0	0.54	11.76	OK	21933	37	1384792	396848
empty16-5.scen	98	256	28	1057	0	0.52	11.85	OK	19955	22	1402039	401628
empty16-5.scen	99	256	28	1063	0	0.5	11.94	OK	17450	38	1417584	405930
empty16-5.scen	100	256	28	1077	0	0.53	12.08	OK	19788	36	1430755	409521
empty16-5.scen	101	256	28	1085	0	0.52	12.17	OK	17946	31	1445059	413498
empty16-5.scen	102	256	28	1097	0	0.51	12.24	OK	16575	23	1458401	417192
empty16-5.scen	103	256	28	1101	0	0.53	12.47	OK	17499	31	1477936	422569
empty16-5.scen	104	256	28	1111	0	0.56	12.6	OK	19771	28	1491248	426266
empty16-5.scen	105	256	28	1115	0	0.59	12.72	OK	21611	45	1507345	430714
empty16-5.scen	106	256	28	1132	0	0.55	12.79	OK	18097	27	1519824	434110
empty16-5.scen	107	256	28	1146	0	0.51	12.87	OK	15659	29	1533977	437940
empty16-5.scen	108	256	28	1153	0	0.52	13.02	OK	15622	28	1548107	441866
empty16-5.scen	109	256	28	1167	0	0.62	13.24	OK	20893	49	1562496	445771
empty16-5.scen	110	256	28	1182	0	0.62	13.33	OK	20558	37	1571753	448337
empty16-5.scen	111	256	28	1198	0	0.73	13.48	OK	26652	67	1582147	451199
empty16-5.scen	112	256	28	1215	0	0.73	13.59	OK	26694	73	1595099	454641
empty16-5.scen	113	256	28	1218	0	0.68	13.71	OK	23079	47	1610936	459064
empty16-5.scen	114	256	28	1229	0	0.68	13.79	OK	21260	47	1622757	462338
empty16-5.scen	115	256	28	1243	0	0.65	13.82	OK	20804	43	1635644	465877
empty16-5.scen	116	256	28	1244	0	0.66	13.92	OK	20976	69	1643827	468223
empty16-5.scen	117	256	28	1254	0	0.57	13.94	OK	16029	37	1660333	472751
empty16-5.scen	118	256	28	1268	0	0.6	14.08	OK	16665	31	1672265	476031
empty16-5.scen	119	256	28	1284	0	0.69	14.29	OK	21728	51	1683751	479140
empty16-5.scen	120	256	28	1291	0	0.68	14.42	OK	21422	48	1702154	484166
empty16-5.scen	121	256	28	1306	0	0.7	14.58	OK	21941	83	1716400	488036
empty16-5.scen	122	256	28	1323	0	0.68	14.66	OK	19993	56	1730013	491669
empty16-5.scen	123	256	28	1334	0	0.66	14.73	OK	18030	39	1744326	495625
empty16-5.scen	124	256	28	1341	0	0.72	14.91	OK	19869	67	1760214	500038
empty16-5.scen	125	256	28	1369	0	0.71	15	OK	19465	71	1761057	500109
empty16-5.scen	126	256	28	1386	0	0.77	15.03	OK	21850	79	1772235	503165
empty16-5.scen	127	256	28	1393	0	0.73	15.25	OK	19582	53	1789614	507955
empty16-5.scen	128	256	28	1411	0	1.09	15.6	OK	39781	115	1797323	510078
empty16-5.scen	129	256	28	1428	0	0.83	15.47	OK	23539	110	1806846	512690
empty16-5.scen	130	256	28	1432	0	1.08	15.84	OK	38749	129	1827364	518358
empty16-5.scen	131	256	28	1451	0	1.06	15.89	OK	31846	132	1837442	521041
empty16-5.scen	132	256	28	1461	0	1.71	16.68	OK	73308	221	1852676	525202
empty16-5.scen	133	256	28	1464	0	1.27	16.4	OK	43724	117	1869287	529810
empty16-5.scen	134	256	28	1478	0	1.89	17.15	OK	81794	238	1883178	533608
empty16-5.scen	135	256	28	1491	0	1.06	16.43	OK	31529	129	1895819	537088
empty16-5.scen	136	256	28	1513	0	3.08	18.41	OK	157528	284	1903047	538977
empty16-5.scen	137	256	28	1521	0	2.52	18.13	OK	120927	466	1917734	543042
empty16-5.scen	138	256	28	1527	0	1.35	17	OK	44602	168	1934608	547727
empty16-5.scen	139	256	28	1537	0	2.28	18.13	OK	94614	214	1951186	552235
empty16-5.scen	140	256	28	1541	0	1.61	17.63	OK	57006	220	1972084	558023
empty16-5.scen	141	256	28	1547	0	1.28	17.38	OK	38915	156	1991592	563375
empty16-5.scen	142	256	28	1568	0	4.21	20.4	OK	238348	699	2000446	565665
empty16-5.scen	143	256	28	1586	0	2.52	18.88	OK	105691	394	2011674	568672
empty16-5.scen	144	256	28	1589	0	2.12	18.69	OK	80210	374	2029563	573641
empty16-5.scen	145	256	28	1597	0	3.26	19.84	OK	162777	628	2046893	578399
empty16-5.scen	146	256	28	1603	0	3.12	19.88	OK	155318	411	2063637	583028
empty16-5.scen	147	256	28	1621	0	3.23	20.14	OK	151213	527	2074196	585859
empty16-5.scen	148	256	28	1639	0	1.18	18.13	OK	28020	143	2086516	589147
empty16-5.scen	149	256	28	1647	0	3.17	20.26	OK	128855	430	2101588	593323
empty16-5.scen	150	256	28	1650	0	5.05	22.27	OK	280708	442	2117229	597672
empty16-5.scen	151	256	28	1660	0	3.4	20.76	OK	171310	532	2128385	600774
empty16-5.scen	152	256	28	1663	0	1.96	19.43	OK	73066	308	2144473	605253
empty16-5.scen	153	256	28	1678	0	4.22	21.71	OK	204570	451	2157668	608862
empty16-5.scen	154	256	28	1695	0	5.13	22.95	OK	255077	1030	2169312	611948
empty16-5.scen	155	256	28	1706	0	3.61	21.45	OK	154237	391	2183849	615941
empty16-5.scen	156	256	28	1708	0	5.65	23.65	OK	284740	951	2201281	620800
empty16-5.scen	157	256	28	1721	0	5.85	24.02	OK	286729	884	2213967	624295
empty16-5.scen	158	256	28	1732	0	5.26	23.86	OK	279129	999	2230447	628799
empty16-5.scen	159	256	28	1743	0	4.19	22.67	OK	187193	991	2241552	631895
empty16-5.scen	160	256	28	1757	0	3.7	22.45	OK	160779	788	2257415	636189
empty16-5.scen	161	256	28	1775	0	4.4	23.37	OK	196339	408	2268841	639209
empty16-5.scen	162	256	28	1780	0	5.25	24.31	OK	255100	870	2279746	642266
empty16-5.scen	163	256	28	1795	0	7.22	26.34	OK	359371	909	2292226	645641
empty16-5.scen	164	256	28	1797	0	5.89	25.12	OK	302697	914	2311706	651021
empty16-5.scen	165	256	28	1812	0	5.28	24.67	OK	229578	743	2326169	654928
empty16-5.scen	166	256	28	1821	0	6.64	26.1	OK	325238	1067	2339194	658529
empty16-5.scen	167	256	28	1825	0	7.29	27	OK	334783	1199	2353487	662522
empty16-5.scen	168	256	28	1834	0	7.14	27.02	OK	288126	1074	2372178	667666
empty16-5.scen	169	256	28	1841	0	5.63	25.47	OK	239902	1108	2385720	671434
empty16-5.scen	170	256	28	1859	0	8.01	28.23	OK	362514	1213	2395933	674174
empty16-5.scen	171	256	28	1879	0	7.43	27.86	OK	347881	1182	2405664	676739
empty16-5.scen	172	256	28	1885	0	5.36	25.64	OK	245273	857	2424240	681873
empty16-5.scen	173	256	28	1894	0	6.6	27.46	OK	301817	1105	2441767	686695
empty16-5.scen	174	256	28	1899	0	5.97	26.96	OK	286741	1165	2452167	689609
empty16-5.scen	175	256	28	1907	0	8.6	29.17	OK	379636	1112	2463368	692742
empty16-5.scen	176	256	28	1917	0	6.09	27.36	OK	257285	1164	2480456	697390
empty16-5.scen	177	256	28	1923	0	10.26	31.54	OK	463255	1796	2497367	702065
empty16-5.scen	178	256	28	1937	0	7.29	28.75	OK	319950	1427	2511931	706012
empty16-5.scen	179	256	28	1960	0	7.77	29.34	OK	327482	1343	2518947	707733
empty16-5.scen	180	256	28	1970	0	8.75	30.81	OK	377795	1641	2531464	711190
empty16-5.scen	181	256	28	1979	0	7.63	29.74	OK	299455	1442	2545828	715147
empty16-5.scen	182	256	28	1988	0	10.16	32.51	OK	450442	1923	2562923	719830
empty16-5.scen	183	256	28	2000	0	11.6	34.17	OK	487394	1958	2575037	723140
empty16-5.scen	184	256	28	2015	0	10.65	33.39	OK	458401	1832	2589729	727083
empty16-5.scen	185	256	28	2032	0	7.69	30.31	OK	317192	1250	2603252	730720
empty16-5.scen	186	256	28	2041	0	10.88	33.58	OK	455297	1614	2617179	734559
empty16-5.scen	187	256	28	2051	0	18.1	40.95	OK	708495	3084	2631814	738586
empty16-5.scen	188	256	28	2057	0	22.26	45.21	OK	953429	3451	2648136	743088
empty16-5.scen	189	256	28	2074	0	12.86	35.92	OK	534493	2319	2658656	745883
empty16-5.scen	190	256	28	2081	0	12.78	36.08	OK	475170	1594	2673435	749960
empty16-5.scen	191	256	28	2092	0	22.23	45.46	OK	808723	3381	2686225	753502
empty16-5.scen	192	256	28	2108	0	75.85	99.28	OK	3117844	13533	2699834	757160
empty16-5.scen	193	256	28	2116	0	30.04	53.45	OK	1281022	4719	2717122	761916
empty16-5.scen	194	256	28	2130	0	32.15	55.72	OK	1190641	5517	2727094	764651
empty16-5.scen	195	256	28	2151	0	35.64	59.31	OK	1464725	5778	2735332	766820
empty16-5.scen	196	256	28	2172	0	88.19	111.96	OK	3418069	16584	2744141	769102
empty16-5.scen	197	256	28	2186	0	19.07	42.89	OK	705966	3778	2756391	772362
empty16-5.scen	198	256	28	2200	0	248.74	272.73	OK	8988106	52263	2770208	776111
empty16-5.scen	199	256	28	2218	0	148.91	172.93	OK	5500286	28896	2781575	779150
