empty24-1.scen	1	576	11	11	0	0	0.04	OK	11	0	144	27
empty24-1.scen	2	576	21	32	0	0	0.04	OK	36	0	622	94
empty24-1.scen	3	576	21	52	0	0	0.05	OK	40	0	885	157
empty24-1.scen	4	576	21	60	0	0	0.06	OK	52	0	972	172
empty24-1.scen	5	576	21	71	0	0	0.06	OK	67	0	1124	199
empty24-1.scen	6	576	21	83	0	0	0.09	OK	81	0	1299	230
empty24-1.scen	7	576	31	114	0	0	0.17	OK	71	0	4428	179
empty24-1.scen	8	576	31	118	0	0	0.18	OK	69	0	4451	181
empty24-1.scen	9	576	31	139	0	0	0.2	OK	92	0	5261	216
empty24-1.scen	10	576	31	162	0	0	0.23	OK	107	0	5854	255
empty24-1.scen	11	576	31	184	0	0	0.25	OK	121	0	6609	290
empty24-1.scen	12	576	31	203	0	0	0.27	OK	131	0	6737	307
empty24-1.scen	13	576	31	212	0	0	0.28	OK	118	0	6819	312
empty24-1.scen	14	576	31	236	0	0	0.3	OK	152	0	7316	351
empty24-1.scen	15	576	31	263	0	0	0.35	OK	161	0	9054	398
empty24-1.scen	16	576	31	274	0	0	0.38	OK	169	0	9259	413
empty24-1.scen	17	576	31	290	0	0	0.42	OK	184	0	9791	438
empty24-1.scen	18	576	31	319	0	0	0.47	OK	220	0	11712	489
empty24-1.scen	19	576	31	338	0	0	0.49	OK	232	0	12083	520
empty24-1.scen	20	576	31	349	0	0	0.5	OK	225	0	12257	535
empty24-1.scen	21	576	31	373	0	0	0.54	OK	235	0	13553	576
empty24-1.scen	22	576	31	388	0	0	0.56	OK	270	0	13701	589
empty24-1.scen	23	576	31	403	0	0	0.57	NO SOLUTION	0	1	13707	590
empty24-1.scen	23	576	31	403	1	0.01	0.68	OK	306	1	31278	2298
empty24-1.scen	24	576	31	412	0	0	0.58	NO SOLUTION	0	1	13793	597
empty24-1.scen	24	576	31	412	1	0.01	0.69	OK	318	1	31434	2303
empty24-1.scen	25	576	31	416	0	0	0.59	NO SOLUTION	0	1	13822	599
empty24-1.scen	25	576	31	416	1	0	0.71	OK	329	1	31502	2299
empty24-1.scen	26	576	31	423	0	0	0.59	NO SOLUTION	0	1	13885	604
empty24-1.scen	26	576	31	423	1	0.01	0.72	OK	323	1	31667	2289
empty24-1.scen	27	576	31	444	0	0	0.63	NO SOLUTION	0	1	14816	639
empty24-1.scen	27	576	31	444	1	0.01	0.75	OK	319	1	32738	2485
empty24-1.scen	28	576	31	456	0	0	0.65	NO SOLUTION	0	1	15013	656
empty24-1.scen	28	576	31	456	1	0.01	0.77	OK	334	1	33006	2543
empty24-1.scen	29	576	31	469	0	0	0.67	NO SOLUTION	0	1	15349	675
empty24-1.scen	29	576	31	469	1	0.01	0.81	OK	334	1	33482	2620
empty24-1.scen	30	576	31	484	0	0	0.69	NO SOLUTION	0	1	15779	698
empty24-1.scen	30	576	31	484	1	0.01	0.84	OK	359	1	34009	2706
empty24-1.scen	31	576	31	487	0	0	0.69	NO SOLUTION	0	1	15795	699
empty24-1.scen	31	576	31	487	1	0.01	0.85	OK	350	1	34049	2712
empty24-1.scen	32	576	31	506	0	0	0.73	NO SOLUTION	0	1	16622	730
empty24-1.scen	32	576	31	506	1	0.01	0.91	OK	385	1	35039	2858
empty24-1.scen	33	576	31	527	0	0	0.76	NO SOLUTION	0	1	16836	749
empty24-1.scen	33	576	31	527	1	0.01	0.94	OK	377	1	35472	2955
empty24-1.scen	34	576	31	541	0	0	0.78	NO SOLUTION	0	1	16973	763
empty24-1.scen	34	576	31	541	1	0.01	0.95	OK	380	1	35761	3018
empty24-1.scen	35	576	31	553	0	0	0.8	NO SOLUTION	0	1	17168	778
empty24-1.scen	35	576	31	553	1	0.01	0.98	OK	391	1	36095	3058
empty24-1.scen	36	576	31	580	0	0	0.88	NO SOLUTION	0	1	18881	825
empty24-1.scen	36	576	31	580	1	0.01	1.03	OK	424	1	37885	3316
empty24-1.scen	37	576	31	596	0	0	0.9	NO SOLUTION	0	1	19264	850
empty24-1.scen	37	576	31	596	1	0.01	1.06	OK	404	3	38424	3379
empty24-1.scen	38	576	31	610	0	0	0.92	NO SOLUTION	0	1	19370	862
empty24-1.scen	38	576	31	610	1	0.01	1.09	OK	401	1	38609	3417
empty24-1.scen	39	576	31	637	0	0	0.95	NO SOLUTION	0	1	21063	915
empty24-1.scen	39	576	31	637	1	0.01	1.13	NO SOLUTION	144	19	40572	3709
empty24-1.scen	39	576	31	637	2	0.04	1.7	OK	2811	63	71679	11666
empty24-1.scen	40	576	31	641	0	0	0.97	NO SOLUTION	0	1	21086	917
empty24-1.scen	40	576	31	641	1	0.01	1.16	NO SOLUTION	151	19	40627	3714
empty24-1.scen	40	576	31	641	2	0.04	1.73	OK	2910	63	71841	11705
empty24-1.scen	41	576	31	651	0	0	1	NO SOLUTION	0	1	21191	926
empty24-1.scen	41	576	31	651	1	0.01	1.17	NO SOLUTION	143	13	40838	3734
empty24-1.scen	41	576	31	651	2	0.04	1.76	OK	2934	68	72387	11759
empty24-1.scen	42	576	31	666	0	0	1.02	NO SOLUTION	0	1	21638	950
empty24-1.scen	42	576	31	666	1	0.01	1.2	NO SOLUTION	151	13	41408	3829
empty24-1.scen	42	576	31	666	2	0.06	1.88	OK	3299	105	73747	12127
empty24-1.scen	43	576	31	680	0	0	1.03	NO SOLUTION	0	1	21947	971
empty24-1.scen	43	576	31	680	1	0.01	1.22	NO SOLUTION	156	13	41834	3914
empty24-1.scen	43	576	31	680	2	0.06	1.92	OK	4768	86	74843	12468
empty24-1.scen	44	576	31	686	0	0	1.05	NO SOLUTION	0	1	21998	975
empty24-1.scen	44	576	31	686	1	0.01	1.24	NO SOLUTION	164	13	41933	3900
empty24-1.scen	44	576	31	686	2	0.05	1.95	OK	2691	79	75147	12487
empty24-1.scen	45	576	31	697	0	0	1.08	NO SOLUTION	0	1	22103	984
empty24-1.scen	45	576	31	697	1	0.01	1.27	NO SOLUTION	167	13	42199	3955
empty24-1.scen	45	576	31	697	2	0.04	1.97	OK	2788	75	75762	12650
empty24-1.scen	46	576	31	715	0	0	1.1	NO SOLUTION	0	1	22458	1013
empty24-1.scen	46	576	31	715	1	0.01	1.32	NO SOLUTION	180	37	42651	4014
empty24-1.scen	46	576	31	715	2	0.05	2.03	OK	2927	86	77068	12894
empty24-1.scen	47	576	31	741	0	0	1.14	NO SOLUTION	0	1	24086	1160
empty24-1.scen	47	576	31	741	1	0.01	1.35	NO SOLUTION	143	26	43946	4439
empty24-1.scen	47	576	31	741	2	0.15	2.19	OK	3818	188	80353	14053
empty24-1.scen	48	576	31	752	0	0	1.17	NO SOLUTION	0	1	24190	1169
empty24-1.scen	48	576	31	752	1	0.01	1.38	NO SOLUTION	96	8	44242	4434
empty24-1.scen	48	576	31	752	2	0.1	2.18	OK	3805	119	80960	14089
empty24-1.scen	49	576	31	767	0	0	1.19	NO SOLUTION	0	1	24628	1192
empty24-1.scen	49	576	31	767	1	0.01	1.41	NO SOLUTION	85	6	44754	4459
empty24-1.scen	49	576	31	767	2	0.06	2.15	OK	2125	97	68035	14823
empty24-1.scen	50	576	31	785	0	0	1.21	NO SOLUTION	0	1	24802	1208
empty24-1.scen	50	576	31	785	1	0.01	1.43	NO SOLUTION	82	6	45157	4541
empty24-1.scen	50	576	31	785	2	0.05	2.16	OK	2040	80	69043	15091
empty24-1.scen	51	576	31	792	0	0	1.24	NO SOLUTION	0	1	24873	1214
empty24-1.scen	51	576	31	792	1	0.01	1.46	NO SOLUTION	86	6	45229	4539
empty24-1.scen	51	576	31	792	2	0.03	2.18	OK	1936	81	69424	15105
empty24-1.scen	52	576	31	818	0	0	1.26	NO SOLUTION	0	1	25646	1261
empty24-1.scen	52	576	31	818	1	0.01	1.49	NO SOLUTION	86	6	46386	4692
empty24-1.scen	52	576	31	818	2	0.06	2.28	OK	2436	119	71834	15686
empty24-1.scen	53	576	32	850	0	0	1.4	NO SOLUTION	0	1	28023	1326
empty24-1.scen	53	576	32	850	1	0.01	1.63	NO SOLUTION	70	5	48795	5017
empty24-1.scen	53	576	32	850	2	0.08	2.48	OK	2172	109	77177	16836
empty24-1.scen	54	576	32	864	0	0	1.41	NO SOLUTION	0	1	28128	1339
empty24-1.scen	54	576	32	864	1	0.01	1.66	NO SOLUTION	113	7	48959	5029
empty24-1.scen	54	576	32	864	2	0.12	2.56	NO SOLUTION	2205	174	77808	16974
empty24-1.scen	54	576	32	864	3	0.21	3.02	OK	4051	154	121230	29990
empty24-1.scen	55	576	32	871	0	0	1.46	NO SOLUTION	0	1	28202	1344
empty24-1.scen	55	576	32	871	1	0	1.69	NO SOLUTION	56	3	49069	5010
empty24-1.scen	55	576	32	871	2	0.03	2.52	NO SOLUTION	1513	66	78208	16991
empty24-1.scen	55	576	32	871	3	0.13	2.99	NO SOLUTION	2295	166	121854	30032
empty24-1.scen	55	576	32	871	4	0.37	4.22	OK	4107	293	177911	47783
empty24-1.scen	56	576	32	897	0	0	1.49	NO SOLUTION	0	1	29361	1401
empty24-1.scen	56	576	32	897	1	0	1.73	NO SOLUTION	27	3	50647	5199
empty24-1.scen	56	576	32	897	2	0.03	2.54	NO SOLUTION	1300	67	81632	17743
empty24-1.scen	56	576	32	897	3	0.11	3.05	NO SOLUTION	2293	152	126978	31275
empty24-1.scen	56	576	32	897	4	0.21	4.26	OK	3052	209	184835	49507
empty24-1.scen	57	576	32	909	0	0	1.51	NO SOLUTION	0	1	29370	1401
empty24-1.scen	57	576	32	909	1	0	1.76	NO SOLUTION	27	3	50721	5200
empty24-1.scen	57	576	32	909	2	0.03	2.59	NO SOLUTION	1300	67	81912	17839
empty24-1.scen	57	576	32	909	3	0.11	3.1	NO SOLUTION	2341	162	127522	31434
empty24-1.scen	57	576	32	909	4	0.45	4.61	OK	3512	325	185837	49762
empty24-1.scen	58	576	32	920	0	0	1.52	NO SOLUTION	0	1	29472	1422
empty24-1.scen	58	576	32	920	1	0	1.77	NO SOLUTION	29	3	50998	5226
empty24-1.scen	58	576	32	920	2	0.03	2.65	NO SOLUTION	1386	72	82650	17985
empty24-1.scen	58	576	32	920	3	0.15	3.2	NO SOLUTION	2462	172	128676	31690
empty24-1.scen	58	576	32	920	4	0.4	4.62	OK	4040	298	187510	50138
empty24-1.scen	59	576	32	935	0	0	1.55	NO SOLUTION	0	1	29544	1436
empty24-1.scen	59	576	32	935	1	0	1.78	NO SOLUTION	24	2	38992	6486
empty24-1.scen	59	576	32	935	2	0.03	2.66	NO SOLUTION	117	20	83265	18149
empty24-1.scen	59	576	32	935	3	0.1	3.21	NO SOLUTION	813	86	129722	31936
empty24-1.scen	59	576	32	935	4	0.37	4.65	NO SOLUTION	3123	306	189192	50540
empty24-1.scen	59	576	32	935	5	2.41	7.24	NO SOLUTION	5368	886	249951	70443
empty24-1.scen	59	576	32	935	6	0.95	6.96	OK	5201	501	323361	94112
empty24-1.scen	60	576	32	945	0	0	1.56	NO SOLUTION	0	1	29626	1454
empty24-1.scen	60	576	32	945	1	0	1.81	NO SOLUTION	24	2	39273	6536
empty24-1.scen	60	576	32	945	2	0.03	2.71	NO SOLUTION	129	29	83940	18281
empty24-1.scen	60	576	32	945	3	0.11	3.26	NO SOLUTION	836	88	130788	32202
empty24-1.scen	60	576	32	945	4	0.48	4.83	NO SOLUTION	3209	316	190796	51001
empty24-1.scen	60	576	32	945	5	1.99	6.92	NO SOLUTION	5172	942	252044	71080
empty24-1.scen	60	576	32	945	6	0.9	7.03	OK	4468	471	326110	94844
empty24-1.scen	61	576	32	962	0	0	1.6	NO SOLUTION	0	1	29906	1496
empty24-1.scen	61	576	32	962	1	0	1.85	NO SOLUTION	24	2	40001	6647
empty24-1.scen	61	576	32	962	2	0.02	2.77	NO SOLUTION	111	19	85469	18675
empty24-1.scen	61	576	32	962	3	0.1	3.31	NO SOLUTION	307	106	133084	32900
empty24-1.scen	61	576	32	962	4	0.64	5.05	NO SOLUTION	2776	401	194083	51972
empty24-1.scen	61	576	32	962	5	1.95	6.96	NO SOLUTION	3830	791	256345	72315
empty24-1.scen	61	576	32	962	6	1.92	8.15	OK	4961	542	331668	96388
empty24-1.scen	62	576	32	965	0	0	1.64	NO SOLUTION	0	1	29923	1497
empty24-1.scen	62	576	32	965	1	0	1.88	NO SOLUTION	25	2	40043	6635
empty24-1.scen	62	576	32	965	2	0.02	2.81	NO SOLUTION	113	19	85609	18668
empty24-1.scen	62	576	32	965	3	0.17	3.46	NO SOLUTION	1085	133	133331	32894
empty24-1.scen	62	576	32	965	4	0.46	4.93	NO SOLUTION	1616	310	194483	52038
empty24-1.scen	62	576	32	965	5	1.87	6.94	NO SOLUTION	4285	711	256907	72413
empty24-1.scen	62	576	32	965	6	1.11	7.42	OK	4341	503	332454	96550
empty24-1.scen	63	576	32	975	0	0	1.56	NO SOLUTION	0	1	17102	0
empty24-1.scen	63	576	32	975	1	0	1.91	NO SOLUTION	25	2	40112	6623
empty24-1.scen	63	576	32	975	2	0.02	2.87	NO SOLUTION	105	20	85885	18724
empty24-1.scen	63	576	32	975	3	0.11	3.43	NO SOLUTION	1040	102	133816	33013
empty24-1.scen	63	576	32	975	4	0.21	4.74	NO SOLUTION	1391	194	195330	52312
empty24-1.scen	63	576	32	975	5	0.53	5.7	NO SOLUTION	853	269	258134	72792
empty24-1.scen	63	576	32	975	6	1.45	7.83	NO SOLUTION	3582	660	334271	97051
empty24-1.scen	63	576	32	975	7	8.53	15.79	NO SOLUTION	13028	2491	411891	122378
empty24-1.scen	63	576	32	975	8	18.95	27.23	OK	22714	4368	502502	151035
empty24-1.scen	64	576	32	982	0	0	1.59	NO SOLUTION	0	1	17140	0
empty24-1.scen	64	576	32	982	1	0	1.94	NO SOLUTION	26	2	40223	6576
empty24-1.scen	64	576	32	982	2	0.02	2.89	NO SOLUTION	115	19	86185	18623
empty24-1.scen	64	576	32	982	3	0.12	3.48	NO SOLUTION	1223	113	134316	32915
empty24-1.scen	64	576	32	982	4	0.18	4.78	NO SOLUTION	613	172	196155	52257
empty24-1.scen	64	576	32	982	5	0.63	5.83	NO SOLUTION	951	351	259307	72816
empty24-1.scen	64	576	32	982	6	2.99	9.48	NO SOLUTION	2530	983	335939	97149
empty24-1.scen	64	576	32	982	7	10.7	18.09	NO SOLUTION	12259	2501	414067	122574
empty24-1.scen	64	576	32	982	8	25.13	33.54	NO SOLUTION	19143	4862	505347	151343
empty24-1.scen	64	576	32	982	9	36.63	45.93	OK	24988	6219	598271	181279
empty24-1.scen	65	576	32	1011	0	0	1.65	NO SOLUTION	0	1	18136	0
empty24-1.scen	65	576	32	1011	1	0	2.01	NO SOLUTION	26	2	42474	7022
empty24-1.scen	65	576	32	1011	2	0.02	2.97	NO SOLUTION	106	17	90462	19664
empty24-1.scen	65	576	32	1011	3	0.12	3.6	NO SOLUTION	1028	125	140570	34634
empty24-1.scen	65	576	32	1011	4	0.16	4.9	NO SOLUTION	710	155	204755	54665
empty24-1.scen	65	576	32	1011	5	0.6	5.97	NO SOLUTION	1157	298	270240	76025
empty24-1.scen	65	576	32	1011	6	3.34	10.03	NO SOLUTION	5546	895	349375	101171
empty24-1.scen	65	576	32	1011	7	6.64	14.29	NO SOLUTION	6390	1821	430074	127460
empty24-1.scen	65	576	32	1011	8	27.38	36.05	NO SOLUTION	81758	5388	524121	157046
empty24-1.scen	65	576	32	1011	9	18.85	28.41	OK	107835	4139	619772	187869
empty24-1.scen	66	576	32	1013	0	0	1.66	NO SOLUTION	0	1	18144	0
empty24-1.scen	66	576	32	1013	1	0	2.02	NO SOLUTION	26	2	42501	6932
empty24-1.scen	66	576	32	1013	2	0.02	3.03	NO SOLUTION	107	17	90552	19474
empty24-1.scen	66	576	32	1013	3	0.12	3.64	NO SOLUTION	1035	125	140739	34291
empty24-1.scen	66	576	32	1013	4	0.25	5.09	NO SOLUTION	1203	216	205055	54349
empty24-1.scen	66	576	32	1013	5	0.49	5.94	NO SOLUTION	1188	321	270690	75634
empty24-1.scen	66	576	32	1013	6	2.51	9.29	NO SOLUTION	6618	827	350047	100864
empty24-1.scen	66	576	32	1013	7	8.97	16.68	NO SOLUTION	15244	2361	430981	127377
empty24-1.scen	66	576	32	1013	8	33.41	42.16	NO SOLUTION	31429	6481	525347	157051
empty24-1.scen	66	576	32	1013	9	59.4	69.03	OK	134429	9475	621340	187944
empty24-1.scen	67	576	32	1040	0	0	1.73	NO SOLUTION	0	1	18960	0
empty24-1.scen	67	576	32	1040	1	0	2.12	NO SOLUTION	26	2	44409	7270
empty24-1.scen	67	576	32	1040	2	0.02	3.14	NO SOLUTION	112	18	94291	20388
empty24-1.scen	67	576	32	1040	3	0.08	3.72	NO SOLUTION	880	90	146311	35784
empty24-1.scen	67	576	32	1040	4	0.23	5.19	NO SOLUTION	1177	185	212687	56452
empty24-1.scen	67	576	32	1040	5	0.57	6.16	NO SOLUTION	979	271	280446	78362
empty24-1.scen	67	576	32	1040	6	3.2	10.12	NO SOLUTION	4165	1002	362215	104364
empty24-1.scen	67	576	32	1040	7	9.71	17.6	NO SOLUTION	11388	2485	445542	131700
empty24-1.scen	67	576	32	1040	8	25.2	34.28	NO SOLUTION	68966	5315	542468	162238
empty24-1.scen	67	576	32	1040	9	47.97	57.92	OK	46771	8028	640948	193963
empty24-1.scen	68	576	32	1068	0	0	1.79	NO SOLUTION	0	1	19700	0
empty24-1.scen	68	576	32	1068	1	0	2.19	NO SOLUTION	26	2	46447	7600
empty24-1.scen	68	576	32	1068	2	0.02	3.18	NO SOLUTION	110	17	97952	21253
empty24-1.scen	68	576	32	1068	3	0.1	3.84	NO SOLUTION	1024	112	151757	37391
empty24-1.scen	68	576	32	1068	4	0.3	5.38	NO SOLUTION	1278	211	220132	58716
empty24-1.scen	68	576	32	1068	5	0.66	6.37	NO SOLUTION	1452	284	289802	81418
empty24-1.scen	68	576	32	1068	6	2.79	10.06	NO SOLUTION	8607	862	373896	108142
empty24-1.scen	68	576	32	1068	7	11.57	19.67	NO SOLUTION	12297	2544	459472	136246
empty24-1.scen	68	576	32	1068	8	35.14	44.4	NO SOLUTION	86401	5954	558966	167592
empty24-1.scen	68	576	32	1068	9	46.26	56.5	OK	198651	8298	660016	200061
empty24-1.scen	69	576	32	1090	0	0	1.79	NO SOLUTION	0	1	19868	0
empty24-1.scen	69	576	32	1090	1	0	2.23	NO SOLUTION	27	2	46818	7486
empty24-1.scen	69	576	32	1090	2	0.01	3.25	NO SOLUTION	109	15	98870	21407
empty24-1.scen	69	576	32	1090	3	0.11	3.89	NO SOLUTION	1006	118	153237	37738
empty24-1.scen	69	576	32	1090	4	0.25	5.37	NO SOLUTION	782	168	222485	59264
empty24-1.scen	69	576	32	1090	5	0.57	6.32	NO SOLUTION	1473	369	293062	82248
empty24-1.scen	69	576	32	1090	6	1.81	9.11	NO SOLUTION	2360	800	378351	109283
empty24-1.scen	69	576	32	1090	7	4.91	13.16	NO SOLUTION	3788	1540	465182	137734
empty24-1.scen	69	576	32	1090	8	16.06	25.53	NO SOLUTION	14573	3493	566208	169478
empty24-1.scen	69	576	32	1090	9	41.18	51.78	NO SOLUTION	32506	7553	668812	202369
empty24-1.scen	69	576	32	1090	10	106.76	119.26	NO SOLUTION	207748	15982	785198	238246
