empty08-2.scen	1	64	4	4	0	0	0.01	OK	2	0	23	2
empty08-2.scen	2	64	4	7	0	0	0.01	OK	4	0	39	3
empty08-2.scen	3	64	8	15	0	0	0.01	OK	7	0	90	9
empty08-2.scen	4	64	9	24	0	0	0.01	OK	12	0	231	19
empty08-2.scen	5	64	9	33	0	0	0.01	OK	13	0	313	26
empty08-2.scen	6	64	11	44	0	0	0.02	OK	22	0	551	41
empty08-2.scen	7	64	11	50	0	0	0.02	OK	25	0	589	42
empty08-2.scen	8	64	11	58	0	0	0.02	OK	24	0	698	47
empty08-2.scen	9	64	11	58	0	0	0.03	OK	20	0	693	38
empty08-2.scen	10	64	11	60	0	0	0.03	OK	27	0	702	37
empty08-2.scen	11	64	12	72	0	0	0.03	OK	28	0	1008	51
empty08-2.scen	12	64	12	80	0	0	0.03	OK	30	0	1079	53
empty08-2.scen	13	64	12	80	0	0	0.03	OK	29	0	1074	52
empty08-2.scen	14	64	12	84	0	0	0.03	OK	26	0	1103	50
empty08-2.scen	15	64	12	89	0	0	0.03	NO SOLUTION	0	1	1122	77
empty08-2.scen	15	64	12	89	1	0	0.05	NO SOLUTION	0	1	2064	398
empty08-2.scen	15	64	12	89	2	0	0.08	OK	70	12	4883	1054
empty08-2.scen	16	64	12	97	0	0	0.04	NO SOLUTION	0	1	1193	83
empty08-2.scen	16	64	12	97	1	0	0.05	NO SOLUTION	0	1	2241	436
empty08-2.scen	16	64	12	97	2	0	0.08	OK	80	13	5262	1172
empty08-2.scen	17	64	12	106	0	0	0.04	NO SOLUTION	0	1	1334	94
empty08-2.scen	17	64	12	106	1	0	0.05	NO SOLUTION	0	1	2524	496
empty08-2.scen	17	64	12	106	2	0	0.1	OK	67	7	5865	1313
empty08-2.scen	18	64	12	114	0	0	0.04	NO SOLUTION	0	1	1423	100
empty08-2.scen	18	64	12	114	1	0	0.06	NO SOLUTION	0	1	2747	562
empty08-2.scen	18	64	12	114	2	0	0.09	NO SOLUTION	29	19	6357	1457
empty08-2.scen	18	64	12	114	3	0	0.13	OK	195	47	10227	2594
empty08-2.scen	19	64	12	125	0	0	0.05	NO SOLUTION	0	1	1310	201
empty08-2.scen	19	64	12	125	1	0	0.06	NO SOLUTION	0	1	3178	643
empty08-2.scen	19	64	12	125	2	0	0.11	NO SOLUTION	16	9	7106	1672
empty08-2.scen	19	64	12	125	3	0	0.14	OK	174	48	11369	2914
empty08-2.scen	20	64	12	128	0	0	0.05	NO SOLUTION	0	1	1326	203
empty08-2.scen	20	64	12	128	1	0	0.06	NO SOLUTION	0	1	3221	653
empty08-2.scen	20	64	12	128	2	0	0.11	NO SOLUTION	20	10	7240	1566
empty08-2.scen	20	64	12	128	3	0	0.14	NO SOLUTION	108	56	11602	2778
empty08-2.scen	20	64	12	128	4	0.01	0.19	OK	244	89	16982	4660
empty08-2.scen	21	64	12	130	0	0	0.05	NO SOLUTION	0	1	1336	204
empty08-2.scen	21	64	12	130	1	0	0.06	NO SOLUTION	0	1	3247	660
empty08-2.scen	21	64	12	130	2	0	0.11	NO SOLUTION	20	10	7321	1576
empty08-2.scen	21	64	12	130	3	0	0.14	NO SOLUTION	112	51	11739	2794
empty08-2.scen	21	64	12	130	4	0.01	0.2	OK	283	113	17208	4691
empty08-2.scen	22	64	12	137	0	0	0.05	NO SOLUTION	0	1	1728	120
empty08-2.scen	22	64	12	137	1	0	0.07	NO SOLUTION	0	1	3359	690
empty08-2.scen	22	64	12	137	2	0	0.12	NO SOLUTION	20	10	7618	1644
empty08-2.scen	22	64	12	137	3	0	0.15	NO SOLUTION	111	51	12215	2913
empty08-2.scen	22	64	12	137	4	0.01	0.2	OK	240	91	17919	4905
empty08-2.scen	23	64	12	141	0	0	0.05	NO SOLUTION	0	1	1751	122
empty08-2.scen	23	64	12	141	1	0	0.07	NO SOLUTION	0	1	3416	703
empty08-2.scen	23	64	12	141	2	0	0.12	NO SOLUTION	22	10	7779	1694
empty08-2.scen	23	64	12	141	3	0	0.15	NO SOLUTION	92	49	12467	2999
empty08-2.scen	23	64	12	141	4	0.01	0.21	OK	271	89	18297	5015
empty08-2.scen	24	64	12	150	0	0	0.06	NO SOLUTION	0	1	1855	130
empty08-2.scen	24	64	12	150	1	0	0.08	NO SOLUTION	0	1	3633	769
empty08-2.scen	24	64	12	150	2	0	0.13	NO SOLUTION	23	10	8239	1787
empty08-2.scen	24	64	12	150	3	0	0.16	NO SOLUTION	111	74	13167	3195
empty08-2.scen	24	64	12	150	4	0.01	0.22	OK	263	111	19302	5261
empty08-2.scen	25	64	12	159	0	0	0.06	NO SOLUTION	0	1	1641	264
empty08-2.scen	25	64	12	159	1	0	0.08	NO SOLUTION	0	1	3900	851
empty08-2.scen	25	64	12	159	2	0	0.13	NO SOLUTION	0	1	8805	2781
empty08-2.scen	25	64	12	159	3	0.01	0.17	NO SOLUTION	119	72	14010	3281
empty08-2.scen	25	64	12	159	4	0.01	0.24	NO SOLUTION	157	86	20475	5408
empty08-2.scen	25	64	12	159	5	0.03	0.3	NO SOLUTION	387	206	27098	7569
empty08-2.scen	25	64	12	159	6	0.1	0.45	NO SOLUTION	974	531	34816	10070
empty08-2.scen	25	64	12	159	7	0.32	0.71	NO SOLUTION	2348	1363	42733	12636
empty08-2.scen	25	64	12	159	8	0.71	1.19	OK	4304	2370	51628	15458
empty08-2.scen	26	64	12	163	0	0	0.06	NO SOLUTION	0	1	1644	262
empty08-2.scen	26	64	12	163	1	0	0.08	NO SOLUTION	0	1	3926	852
empty08-2.scen	26	64	12	163	2	0	0.14	NO SOLUTION	0	1	8895	2816
empty08-2.scen	26	64	12	163	3	0	0.17	NO SOLUTION	50	7	14169	3234
empty08-2.scen	26	64	12	163	4	0	0.24	NO SOLUTION	131	49	20734	5417
empty08-2.scen	26	64	12	163	5	0.02	0.3	NO SOLUTION	321	170	27459	7560
empty08-2.scen	26	64	12	163	6	0.08	0.44	NO SOLUTION	791	391	35323	10023
empty08-2.scen	26	64	12	163	7	0.23	0.64	NO SOLUTION	1873	1072	43394	12583
empty08-2.scen	26	64	12	163	8	0.44	0.93	OK	3236	1667	52490	15397
empty08-2.scen	27	64	12	171	0	0	0.06	NO SOLUTION	0	1	1741	278
empty08-2.scen	27	64	12	171	1	0	0.08	NO SOLUTION	0	1	4135	920
empty08-2.scen	27	64	12	171	2	0	0.15	NO SOLUTION	0	1	9366	2965
empty08-2.scen	27	64	12	171	3	0	0.18	NO SOLUTION	10	5	14897	3290
empty08-2.scen	27	64	12	171	4	0.01	0.26	NO SOLUTION	123	44	21821	5565
empty08-2.scen	27	64	12	171	5	0.02	0.32	NO SOLUTION	284	151	28916	7788
empty08-2.scen	27	64	12	171	6	0.08	0.47	NO SOLUTION	854	451	37197	10335
empty08-2.scen	27	64	12	171	7	0.23	0.67	NO SOLUTION	1589	971	45690	13006
empty08-2.scen	27	64	12	171	8	0.5	1.01	NO SOLUTION	3333	1633	55208	15939
empty08-2.scen	27	64	12	171	9	1.14	1.75	NO SOLUTION	5870	3356	64926	19020
empty08-2.scen	27	64	12	171	10	1.31	2	OK	5582	2842	75409	22301
empty08-2.scen	28	64	12	175	0	0	0.06	NO SOLUTION	0	1	1765	281
empty08-2.scen	28	64	12	175	1	0	0.08	NO SOLUTION	0	1	4191	935
empty08-2.scen	28	64	12	175	2	0	0.14	NO SOLUTION	0	1	9518	3025
empty08-2.scen	28	64	12	175	3	0	0.18	NO SOLUTION	10	5	15152	3181
empty08-2.scen	28	64	12	175	4	0.01	0.27	NO SOLUTION	125	44	22233	5472
empty08-2.scen	28	64	12	175	5	0.02	0.33	NO SOLUTION	288	151	29485	7720
empty08-2.scen	28	64	12	175	6	0.09	0.49	NO SOLUTION	1005	474	37963	10310
empty08-2.scen	28	64	12	175	7	0.26	0.71	NO SOLUTION	2223	1280	46671	13033
empty08-2.scen	28	64	12	175	8	0.58	1.11	NO SOLUTION	3858	1944	56449	16034
empty08-2.scen	28	64	12	175	9	1.09	1.72	NO SOLUTION	5554	3013	66436	19195
empty08-2.scen	28	64	12	175	10	1.89	2.6	NO SOLUTION	6662	3731	77233	22564
empty08-2.scen	28	64	12	175	11	3.6	4.39	NO SOLUTION	11409	6138	88180	26063
empty08-2.scen	28	64	12	175	12	7.93	8.81	OK	27488	9752	99599	29708
empty08-2.scen	29	64	12	182	0	0	0.06	NO SOLUTION	0	1	1789	0
empty08-2.scen	29	64	12	182	1	0	0.08	NO SOLUTION	0	1	4243	0
empty08-2.scen	29	64	12	182	2	0	0.15	NO SOLUTION	0	1	9714	3088
empty08-2.scen	29	64	12	182	3	0	0.19	NO SOLUTION	10	5	15493	3179
empty08-2.scen	29	64	12	182	4	0	0.27	NO SOLUTION	84	21	22802	5538
empty08-2.scen	29	64	12	182	5	0.02	0.34	NO SOLUTION	235	80	30296	7861
empty08-2.scen	29	64	12	182	6	0.05	0.46	NO SOLUTION	544	237	39104	10556
empty08-2.scen	29	64	12	182	7	0.13	0.61	NO SOLUTION	1081	479	48165	13381
empty08-2.scen	29	64	12	182	8	0.48	1.05	NO SOLUTION	1928	1072	58349	16489
empty08-2.scen	29	64	12	182	9	0.83	1.49	NO SOLUTION	3027	1807	68751	19773
empty08-2.scen	29	64	12	182	10	1.51	2.25	NO SOLUTION	5976	2605	79971	23271
empty08-2.scen	29	64	12	182	11	2.72	3.55	NO SOLUTION	10810	4173	91341	26901
empty08-2.scen	29	64	12	182	12	2.6	3.52	NO SOLUTION	8685	3447	103183	30677
empty08-2.scen	29	64	12	182	13	4.37	5.38	NO SOLUTION	16241	4912	115102	34538
empty08-2.scen	29	64	12	182	14	10.67	11.77	NO SOLUTION	23456	9677	127292	38482
empty08-2.scen	29	64	12	182	15	9.29	10.48	OK	25557	7255	139527	42470
empty08-2.scen	30	64	12	187	0	0	0.06	NO SOLUTION	0	1	1831	0
empty08-2.scen	30	64	12	187	1	0	0.09	NO SOLUTION	0	1	4341	0
empty08-2.scen	30	64	12	187	2	0	0.15	NO SOLUTION	0	1	9939	3175
empty08-2.scen	30	64	12	187	3	0	0.2	NO SOLUTION	10	5	15845	3282
empty08-2.scen	30	64	12	187	4	0	0.27	NO SOLUTION	87	21	23328	5698
empty08-2.scen	30	64	12	187	5	0.02	0.35	NO SOLUTION	303	113	31015	8058
empty08-2.scen	30	64	12	187	6	0.07	0.49	NO SOLUTION	681	284	40070	10816
empty08-2.scen	30	64	12	187	7	0.19	0.68	NO SOLUTION	1155	556	49390	13712
empty08-2.scen	30	64	12	187	8	0.51	1.1	NO SOLUTION	2011	1111	59881	16908
empty08-2.scen	30	64	12	187	9	0.8	1.48	NO SOLUTION	3118	1794	70599	20285
empty08-2.scen	30	64	12	187	10	1.02	1.8	NO SOLUTION	3275	1969	82180	23886
empty08-2.scen	30	64	12	187	11	3.21	4.07	NO SOLUTION	9789	4023	93920	27626
empty08-2.scen	30	64	12	187	12	3.87	4.84	NO SOLUTION	15283	5286	106160	31521
empty08-2.scen	30	64	12	187	13	5.06	6.11	NO SOLUTION	12220	5354	118481	35505
empty08-2.scen	30	64	12	187	14	12.84	13.99	NO SOLUTION	34412	13263	131085	39575
empty08-2.scen	30	64	12	187	15	17.17	18.42	NO SOLUTION	36367	13072	143736	43691
empty08-2.scen	30	64	12	187	16	30.7	32.11	NO SOLUTION	49436	22523	156524	47845
empty08-2.scen	30	64	12	187	17	43.64	45.15	NO SOLUTION	88367	27662	169334	52022
empty08-2.scen	30	64	12	187	18	81.06	82.67	OK	115329	47705	182204	56216
empty08-2.scen	31	64	12	189	0	0	0.06	NO SOLUTION	0	1	1833	0
empty08-2.scen	31	64	12	189	1	0	0.09	NO SOLUTION	0	1	4357	0
empty08-2.scen	31	64	12	189	2	0	0.16	NO SOLUTION	0	1	10013	3207
empty08-2.scen	31	64	12	189	3	0	0.2	NO SOLUTION	0	1	15981	5299
empty08-2.scen	31	64	12	189	4	0	0.29	NO SOLUTION	0	1	23590	8014
empty08-2.scen	31	64	12	189	5	0.01	0.35	NO SOLUTION	242	35	31413	8020
empty08-2.scen	31	64	12	189	6	0.06	0.49	NO SOLUTION	783	256	40675	10786
empty08-2.scen	31	64	12	189	7	0.19	0.7	NO SOLUTION	1148	642	50215	13719
empty08-2.scen	31	64	12	189	8	0.29	0.9	NO SOLUTION	1864	874	60990	16967
empty08-2.scen	31	64	12	189	9	0.84	1.55	NO SOLUTION	3156	1635	72004	20401
empty08-2.scen	31	64	12	189	10	1.08	1.87	NO SOLUTION	3905	2081	83932	24064
empty08-2.scen	31	64	12	189	11	1.48	2.37	NO SOLUTION	5274	2236	96029	27872
empty08-2.scen	31	64	12	189	12	2.8	3.8	NO SOLUTION	6792	2835	108659	31846
empty08-2.scen	31	64	12	189	13	6.23	7.32	NO SOLUTION	14046	5293	121375	35924
empty08-2.scen	31	64	12	189	14	7.3	8.5	NO SOLUTION	16888	6780	134392	40109
empty08-2.scen	31	64	12	189	15	9.79	11.12	NO SOLUTION	20364	8516	147459	44344
empty08-2.scen	31	64	12	189	16	14.68	16.15	NO SOLUTION	36982	10627	160669	48620
empty08-2.scen	31	64	12	189	17	23.76	25.33	NO SOLUTION	56394	15411	173902	52921
empty08-2.scen	31	64	12	189	18	38.71	40.39	NO SOLUTION	83818	23189	187195	57240
empty08-2.scen	31	64	12	189	19	61.53	63.33	NO SOLUTION	116591	34458	200498	61570
