empty16-4.scen	1	256	7	7	0	0	0.02	OK	2	0	44	5
empty16-4.scen	2	256	8	15	0	0	0.02	OK	10	0	127	20
empty16-4.scen	3	256	8	22	0	0	0.02	OK	10	0	189	19
empty16-4.scen	4	256	10	32	0	0	0.02	OK	23	0	287	48
empty16-4.scen	5	256	23	55	0	0	0.05	OK	35	0	1540	71
empty16-4.scen	6	256	23	70	0	0	0.06	OK	47	0	1963	94
empty16-4.scen	7	256	23	79	0	0	0.07	OK	46	0	2022	100
empty16-4.scen	8	256	23	89	0	0	0.07	OK	64	0	2212	113
empty16-4.scen	9	256	23	100	0	0	0.08	OK	54	0	2388	128
empty16-4.scen	10	256	23	107	0	0	0.09	OK	60	0	2448	133
empty16-4.scen	11	256	23	118	0	0	0.1	OK	68	0	2520	142
empty16-4.scen	12	256	23	124	0	0	0.1	OK	73	0	2557	146
empty16-4.scen	13	256	23	132	0	0	0.1	OK	76	0	2610	145
empty16-4.scen	14	256	23	147	0	0	0.11	OK	71	0	2624	145
empty16-4.scen	15	256	23	154	0	0	0.12	OK	81	0	2684	150
empty16-4.scen	16	256	23	169	0	0	0.13	OK	84	0	3165	172
empty16-4.scen	17	256	23	179	0	0	0.14	OK	98	0	3259	180
empty16-4.scen	18	256	23	195	0	0	0.15	OK	97	0	3791	204
empty16-4.scen	19	256	23	207	0	0	0.16	OK	116	0	3988	215
empty16-4.scen	20	256	23	223	0	0	0.18	OK	124	0	4156	229
empty16-4.scen	21	256	23	229	0	0	0.18	NO SOLUTION	8	3	4221	232
empty16-4.scen	21	256	23	229	1	0	0.23	OK	152	1	11431	832
empty16-4.scen	22	256	23	236	0	0	0.19	NO SOLUTION	9	3	4301	239
empty16-4.scen	22	256	23	236	1	0	0.24	OK	160	1	11703	853
empty16-4.scen	23	256	23	249	0	0	0.21	NO SOLUTION	10	3	4629	257
empty16-4.scen	23	256	23	249	1	0	0.27	OK	178	2	12659	922
empty16-4.scen	24	256	23	262	0	0	0.21	NO SOLUTION	10	3	4641	256
empty16-4.scen	24	256	23	262	1	0	0.27	OK	182	2	12748	923
empty16-4.scen	25	256	23	282	0	0	0.24	NO SOLUTION	10	3	5459	289
empty16-4.scen	25	256	23	282	1	0	0.29	OK	188	2	14752	1050
empty16-4.scen	26	256	23	291	0	0	0.25	NO SOLUTION	24	4	5636	301
empty16-4.scen	26	256	23	291	1	0	0.3	OK	207	2	15245	1093
empty16-4.scen	27	256	23	301	0	0	0.26	NO SOLUTION	58	5	5815	314
empty16-4.scen	27	256	23	301	1	0	0.32	OK	215	2	15786	1139
empty16-4.scen	28	256	23	319	0	0	0.27	NO SOLUTION	0	1	6243	365
empty16-4.scen	28	256	23	319	1	0	0.33	NO SOLUTION	72	9	17045	1234
empty16-4.scen	28	256	23	319	2	0.01	0.52	OK	772	43	21323	4981
empty16-4.scen	29	256	23	330	0	0	0.26	NO SOLUTION	0	1	4199	0
empty16-4.scen	29	256	23	330	1	0	0.34	NO SOLUTION	0	1	17688	1411
empty16-4.scen	29	256	23	330	2	0	0.54	NO SOLUTION	41	5	22139	5189
empty16-4.scen	29	256	23	330	3	0.02	0.66	NO SOLUTION	372	43	35372	9357
empty16-4.scen	29	256	23	330	4	0.05	0.96	OK	1191	123	53216	15172
empty16-4.scen	30	256	23	345	0	0	0.27	NO SOLUTION	0	1	4457	0
empty16-4.scen	30	256	23	345	1	0	0.37	NO SOLUTION	0	1	18813	1489
empty16-4.scen	30	256	23	345	2	0	0.57	NO SOLUTION	43	5	23482	5476
empty16-4.scen	30	256	23	345	3	0.02	0.69	NO SOLUTION	274	35	37424	9896
empty16-4.scen	30	256	23	345	4	0.04	0.99	OK	1554	116	55952	16034
empty16-4.scen	31	256	23	359	0	0	0.29	NO SOLUTION	0	1	4732	0
empty16-4.scen	31	256	23	359	1	0	0.38	NO SOLUTION	0	1	19915	1602
empty16-4.scen	31	256	23	359	2	0	0.59	NO SOLUTION	43	5	24677	5805
empty16-4.scen	31	256	23	359	3	0.02	0.72	NO SOLUTION	663	52	39205	10460
empty16-4.scen	31	256	23	359	4	0.04	1.03	OK	1082	92	58482	16845
empty16-4.scen	32	256	23	371	0	0	0.3	NO SOLUTION	0	1	4821	0
empty16-4.scen	32	256	23	371	1	0	0.39	NO SOLUTION	0	1	20119	1640
empty16-4.scen	32	256	23	371	2	0	0.61	NO SOLUTION	45	5	25184	5866
empty16-4.scen	32	256	23	371	3	0.02	0.74	NO SOLUTION	273	36	40036	10570
empty16-4.scen	32	256	23	371	4	0.03	1.07	OK	1287	84	59805	17063
empty16-4.scen	33	256	23	389	0	0	0.31	NO SOLUTION	0	1	5145	0
empty16-4.scen	33	256	23	389	1	0	0.41	NO SOLUTION	0	1	21561	1743
empty16-4.scen	33	256	23	389	2	0	0.65	NO SOLUTION	51	4	26836	6227
empty16-4.scen	33	256	23	389	3	0.03	0.79	NO SOLUTION	757	56	42648	11223
empty16-4.scen	33	256	23	389	4	0.06	1.13	OK	1413	127	63576	18132
empty16-4.scen	34	256	24	413	0	0	0.36	NO SOLUTION	0	1	5773	0
empty16-4.scen	34	256	24	413	1	0	0.46	NO SOLUTION	0	1	13352	2596
empty16-4.scen	34	256	24	413	2	0	0.73	NO SOLUTION	52	4	29773	6711
empty16-4.scen	34	256	24	413	3	0.02	0.87	NO SOLUTION	569	36	47084	12120
empty16-4.scen	34	256	24	413	4	0.05	1.23	OK	1370	115	69662	19597
empty16-4.scen	35	256	24	416	0	0	0.37	NO SOLUTION	0	1	5776	0
empty16-4.scen	35	256	24	416	1	0	0.47	NO SOLUTION	0	1	13372	2601
empty16-4.scen	35	256	24	416	2	0	0.74	NO SOLUTION	55	4	29873	6644
empty16-4.scen	35	256	24	416	3	0.03	0.89	NO SOLUTION	444	39	47274	11993
empty16-4.scen	35	256	24	416	4	0.06	1.25	OK	1395	137	70031	19445
empty16-4.scen	36	256	24	427	0	0	0.37	NO SOLUTION	0	1	5907	0
empty16-4.scen	36	256	24	427	1	0	0.49	NO SOLUTION	0	1	13686	2677
empty16-4.scen	36	256	24	427	2	0	0.76	NO SOLUTION	58	4	30574	6868
empty16-4.scen	36	256	24	427	3	0.03	0.94	NO SOLUTION	314	31	48406	12377
empty16-4.scen	36	256	24	427	4	0.05	1.29	OK	1258	132	71670	20046
empty16-4.scen	37	256	24	442	0	0	0.38	NO SOLUTION	0	1	6008	0
empty16-4.scen	37	256	24	442	1	0	0.5	NO SOLUTION	0	1	13924	2739
empty16-4.scen	37	256	24	442	2	0	0.78	NO SOLUTION	60	4	31249	7015
empty16-4.scen	37	256	24	442	3	0.03	0.97	NO SOLUTION	606	50	49464	12674
empty16-4.scen	37	256	24	442	4	0.09	1.36	NO SOLUTION	744	130	73327	20546
empty16-4.scen	37	256	24	442	5	0.19	1.68	OK	1881	271	97659	28667
empty16-4.scen	38	256	24	451	0	0	0.39	NO SOLUTION	0	1	6114	0
empty16-4.scen	38	256	24	451	1	0	0.5	NO SOLUTION	0	1	14168	2794
empty16-4.scen	38	256	24	451	2	0	0.8	NO SOLUTION	60	4	31865	7161
empty16-4.scen	38	256	24	451	3	0.03	1	NO SOLUTION	653	43	50449	12933
empty16-4.scen	38	256	24	451	4	0.11	1.45	NO SOLUTION	780	170	74745	20980
empty16-4.scen	38	256	24	451	5	0.09	1.6	OK	1918	141	99514	29258
empty16-4.scen	39	256	24	465	0	0	0.41	NO SOLUTION	0	1	6366	0
empty16-4.scen	39	256	24	465	1	0	0.53	NO SOLUTION	0	1	14770	2945
empty16-4.scen	39	256	24	465	2	0	0.82	NO SOLUTION	15	4	33095	7279
empty16-4.scen	39	256	24	465	3	0	1	NO SOLUTION	52	7	52288	13149
empty16-4.scen	39	256	24	465	4	0.02	1.36	NO SOLUTION	86	17	77343	21424
empty16-4.scen	39	256	24	465	5	0.15	1.72	NO SOLUTION	606	157	102798	29946
empty16-4.scen	39	256	24	465	6	0.23	2.15	NO SOLUTION	1244	161	133416	40004
empty16-4.scen	39	256	24	465	7	0.32	2.47	OK	2312	253	164609	50334
empty16-4.scen	40	256	24	469	0	0	0.41	NO SOLUTION	0	1	6389	0
empty16-4.scen	40	256	24	469	1	0	0.54	NO SOLUTION	0	1	14825	2958
empty16-4.scen	40	256	24	469	2	0	0.84	NO SOLUTION	15	4	33239	7301
empty16-4.scen	40	256	24	469	3	0	1.02	NO SOLUTION	53	7	52537	13193
empty16-4.scen	40	256	24	469	4	0.02	1.39	NO SOLUTION	88	17	77757	21494
empty16-4.scen	40	256	24	469	5	0.11	1.69	NO SOLUTION	548	115	103382	30066
empty16-4.scen	40	256	24	469	6	0.24	2.18	NO SOLUTION	737	172	134223	40182
empty16-4.scen	40	256	24	469	7	0.91	3.1	NO SOLUTION	3109	606	165647	50546
empty16-4.scen	40	256	24	469	8	0.97	3.68	OK	3137	584	202016	62077
empty16-4.scen	41	256	24	477	0	0	0.43	NO SOLUTION	0	1	6440	0
empty16-4.scen	41	256	24	477	1	0	0.56	NO SOLUTION	0	1	14940	2985
empty16-4.scen	41	256	24	477	2	0	0.86	NO SOLUTION	16	4	33568	7390
empty16-4.scen	41	256	24	477	3	0	1.04	NO SOLUTION	53	7	53082	13372
empty16-4.scen	41	256	24	477	4	0.02	1.41	NO SOLUTION	89	17	78610	21772
empty16-4.scen	41	256	24	477	5	0.11	1.73	NO SOLUTION	291	105	104547	30439
empty16-4.scen	41	256	24	477	6	0.29	2.26	NO SOLUTION	956	205	135788	40680
empty16-4.scen	41	256	24	477	7	1.07	3.36	NO SOLUTION	2250	647	167605	51195
empty16-4.scen	41	256	24	477	8	0.58	3.35	OK	2400	446	204429	62869
empty16-4.scen	42	256	24	484	0	0	0.46	NO SOLUTION	0	1	6486	0
empty16-4.scen	42	256	24	484	1	0	0.56	NO SOLUTION	0	1	15046	3008
empty16-4.scen	42	256	24	484	2	0	0.88	NO SOLUTION	17	4	33884	7472
empty16-4.scen	42	256	24	484	3	0	1.06	NO SOLUTION	55	7	53608	13516
empty16-4.scen	42	256	24	484	4	0.02	1.44	NO SOLUTION	91	17	79478	22024
empty16-4.scen	42	256	24	484	5	0.09	1.74	NO SOLUTION	520	101	105777	30800
empty16-4.scen	42	256	24	484	6	0.43	2.46	NO SOLUTION	1162	295	137460	41189
empty16-4.scen	42	256	24	484	7	0.89	3.24	NO SOLUTION	2661	661	169712	51844
empty16-4.scen	42	256	24	484	8	0.91	3.73	OK	2918	540	207048	63646
empty16-4.scen	43	256	24	493	0	0	0.47	NO SOLUTION	0	1	6592	0
empty16-4.scen	43	256	24	493	1	0	0.58	NO SOLUTION	0	1	15291	3058
empty16-4.scen	43	256	24	493	2	0	0.9	NO SOLUTION	18	4	34420	7637
empty16-4.scen	43	256	24	493	3	0	1.08	NO SOLUTION	56	7	54425	13825
empty16-4.scen	43	256	24	493	4	0.02	1.51	NO SOLUTION	91	17	80655	22452
empty16-4.scen	43	256	24	493	5	0.09	1.8	NO SOLUTION	525	99	107285	31365
empty16-4.scen	43	256	24	493	6	0.31	2.4	NO SOLUTION	916	222	139375	41858
empty16-4.scen	43	256	24	493	7	1.04	3.42	NO SOLUTION	3478	709	172038	52641
empty16-4.scen	43	256	24	493	8	0.44	3.32	OK	2666	388	209856	64542
empty16-4.scen	44	256	24	511	0	0	0.48	NO SOLUTION	0	1	6923	0
empty16-4.scen	44	256	24	511	1	0	0.6	NO SOLUTION	0	1	16102	3272
empty16-4.scen	44	256	24	511	2	0	0.96	NO SOLUTION	27	4	36020	8089
empty16-4.scen	44	256	24	511	3	0	1.13	NO SOLUTION	58	7	56818	14534
empty16-4.scen	44	256	24	511	4	0.02	1.54	NO SOLUTION	93	17	84062	23396
empty16-4.scen	44	256	24	511	5	0.09	1.84	NO SOLUTION	540	114	111725	32643
empty16-4.scen	44	256	24	511	6	0.36	2.58	NO SOLUTION	635	224	145072	43445
empty16-4.scen	44	256	24	511	7	1.27	3.76	NO SOLUTION	3198	709	178978	54613
empty16-4.scen	44	256	24	511	8	1.55	4.57	OK	4074	1025	218157	66883
empty16-4.scen	45	256	24	524	0	0	0.49	NO SOLUTION	0	1	7032	0
empty16-4.scen	45	256	24	524	1	0	0.62	NO SOLUTION	0	1	16332	3338
empty16-4.scen	45	256	24	524	2	0	0.98	NO SOLUTION	32	4	36571	8285
empty16-4.scen	45	256	24	524	3	0	1.15	NO SOLUTION	59	7	57713	14831
empty16-4.scen	45	256	24	524	4	0.02	1.59	NO SOLUTION	95	17	85492	23838
empty16-4.scen	45	256	24	524	5	0.09	1.89	NO SOLUTION	521	90	113730	33257
empty16-4.scen	45	256	24	524	6	0.38	2.66	NO SOLUTION	747	255	147832	44270
empty16-4.scen	45	256	24	524	7	0.89	3.41	NO SOLUTION	3159	623	182507	55678
empty16-4.scen	45	256	24	524	8	3.47	6.55	NO SOLUTION	4626	1610	222618	68201
empty16-4.scen	45	256	24	524	9	3.47	6.89	OK	6912	1609	263485	81166
empty16-4.scen	46	256	24	535	0	0	0.5	NO SOLUTION	0	1	7171	0
empty16-4.scen	46	256	24	535	1	0	0.63	NO SOLUTION	0	1	16649	3423
empty16-4.scen	46	256	24	535	2	0	1	NO SOLUTION	30	4	37302	8525
empty16-4.scen	46	256	24	535	3	0.01	1.18	NO SOLUTION	62	7	58837	15203
empty16-4.scen	46	256	24	535	4	0.02	1.63	NO SOLUTION	111	25	87140	24375
empty16-4.scen	46	256	24	535	5	0.1	1.94	NO SOLUTION	535	83	115941	33936
empty16-4.scen	46	256	24	535	6	0.54	2.87	NO SOLUTION	868	320	150788	45098
empty16-4.scen	46	256	24	535	7	1.24	3.84	NO SOLUTION	2064	709	186242	56693
empty16-4.scen	46	256	24	535	8	3.4	6.57	NO SOLUTION	4632	1435	227318	69440
empty16-4.scen	46	256	24	535	9	3.65	7.16	OK	5908	1500	269193	82657
empty16-4.scen	47	256	24	541	0	0	0.51	NO SOLUTION	0	1	7212	0
empty16-4.scen	47	256	24	541	1	0	0.64	NO SOLUTION	0	1	16747	3460
empty16-4.scen	47	256	24	541	2	0	1.02	NO SOLUTION	29	4	37550	8549
empty16-4.scen	47	256	24	541	3	0.01	1.21	NO SOLUTION	63	7	59245	15203
empty16-4.scen	47	256	24	541	4	0.02	1.66	NO SOLUTION	113	25	87807	24411
empty16-4.scen	47	256	24	541	5	0.1	1.98	NO SOLUTION	572	91	116899	34026
empty16-4.scen	47	256	24	541	6	0.25	2.62	NO SOLUTION	548	151	152172	45285
empty16-4.scen	47	256	24	541	7	0.89	3.56	NO SOLUTION	1425	579	188081	56986
empty16-4.scen	47	256	24	541	8	2.44	5.68	NO SOLUTION	3425	1104	229768	69877
empty16-4.scen	47	256	24	541	9	3.72	7.31	OK	5487	1658	272286	83258
empty16-4.scen	48	256	24	549	0	0	0.53	NO SOLUTION	0	1	7269	0
empty16-4.scen	48	256	24	549	1	0	0.66	NO SOLUTION	0	1	16873	3504
empty16-4.scen	48	256	24	549	2	0	1.04	NO SOLUTION	29	4	37879	8455
empty16-4.scen	48	256	24	549	3	0.01	1.23	NO SOLUTION	64	7	59773	15101
empty16-4.scen	48	256	24	549	4	0.02	1.69	NO SOLUTION	116	25	88640	24331
empty16-4.scen	48	256	24	549	5	0.08	2	NO SOLUTION	495	72	118071	33991
empty16-4.scen	48	256	24	549	6	0.19	2.62	NO SOLUTION	488	139	153790	45334
empty16-4.scen	48	256	24	549	7	0.71	3.49	NO SOLUTION	1362	549	190182	57149
empty16-4.scen	48	256	24	549	8	1.59	4.88	NO SOLUTION	2158	710	232484	70181
empty16-4.scen	48	256	24	549	9	3.92	7.57	NO SOLUTION	4735	1608	275647	83731
empty16-4.scen	48	256	24	549	10	17.88	22.17	NO SOLUTION	20900	5354	324280	98354
empty16-4.scen	48	256	24	549	11	24.08	28.79	OK	30870	5975	373804	113637
empty16-4.scen	49	256	24	564	0	0	0.54	NO SOLUTION	0	1	7529	0
empty16-4.scen	49	256	24	564	1	0	0.67	NO SOLUTION	0	1	17476	3637
empty16-4.scen	49	256	24	564	2	0	1.07	NO SOLUTION	38	4	39193	8772
empty16-4.scen	49	256	24	564	3	0.01	1.27	NO SOLUTION	65	7	61787	15648
empty16-4.scen	49	256	24	564	4	0.02	1.74	NO SOLUTION	118	25	91471	25110
empty16-4.scen	49	256	24	564	5	0.08	2.05	NO SOLUTION	517	76	121716	35069
empty16-4.scen	49	256	24	564	6	0.25	2.73	NO SOLUTION	490	154	158364	46708
empty16-4.scen	49	256	24	564	7	0.85	3.64	NO SOLUTION	1326	526	195665	58798
empty16-4.scen	49	256	24	564	8	2.23	5.7	NO SOLUTION	3108	1160	238990	72136
empty16-4.scen	49	256	24	564	9	5.14	8.94	NO SOLUTION	5987	2249	283199	85949
empty16-4.scen	49	256	24	564	10	14.13	18.51	NO SOLUTION	15361	4535	332975	100883
empty16-4.scen	49	256	24	564	11	16.7	21.65	OK	24927	4295	383688	116473
empty16-4.scen	50	256	24	573	0	0	0.55	NO SOLUTION	0	1	7657	0
empty16-4.scen	50	256	24	573	1	0	0.69	NO SOLUTION	0	1	17762	3706
empty16-4.scen	50	256	24	573	2	0	1.1	NO SOLUTION	40	4	39793	8906
empty16-4.scen	50	256	24	573	3	0.01	1.29	NO SOLUTION	66	7	62715	15865
empty16-4.scen	50	256	24	573	4	0.02	1.78	NO SOLUTION	121	25	92868	25421
empty16-4.scen	50	256	24	573	5	0.08	2.1	NO SOLUTION	471	64	123618	35488
empty16-4.scen	50	256	24	573	6	0.23	2.77	NO SOLUTION	542	133	160886	47282
empty16-4.scen	50	256	24	573	7	0.89	3.76	NO SOLUTION	3035	602	198812	59522
empty16-4.scen	50	256	24	573	8	1.96	5.43	NO SOLUTION	2562	939	242866	73026
empty16-4.scen	50	256	24	573	9	5.05	8.88	NO SOLUTION	5302	2149	287835	87002
empty16-4.scen	50	256	24	573	10	22.32	26.85	NO SOLUTION	21881	6688	338477	102140
empty16-4.scen	50	256	24	573	11	44.35	49.37	NO SOLUTION	216477	13035	390081	117957
empty16-4.scen	50	256	24	573	12	43.76	49.57	OK	41511	11032	447189	134791
empty16-4.scen	51	256	24	580	0	0	0.57	NO SOLUTION	0	1	7727	0
empty16-4.scen	51	256	24	580	1	0	0.7	NO SOLUTION	0	1	17925	3746
empty16-4.scen	51	256	24	580	2	0	1.11	NO SOLUTION	38	4	40173	8992
empty16-4.scen	51	256	24	580	3	0.01	1.32	NO SOLUTION	67	7	63332	16009
empty16-4.scen	51	256	24	580	4	0.02	1.8	NO SOLUTION	123	25	93759	25642
empty16-4.scen	51	256	24	580	5	0.09	2.14	NO SOLUTION	547	79	124820	35786
empty16-4.scen	51	256	24	580	6	0.22	2.81	NO SOLUTION	419	131	162426	47669
empty16-4.scen	51	256	24	580	7	0.62	3.52	NO SOLUTION	3150	477	200726	60024
empty16-4.scen	51	256	24	580	8	2.03	5.54	NO SOLUTION	2433	882	245190	73632
empty16-4.scen	51	256	24	580	9	6.14	10.04	NO SOLUTION	6295	2513	290600	87731
empty16-4.scen	51	256	24	580	10	22.92	27.48	NO SOLUTION	29246	7233	341752	102994
empty16-4.scen	51	256	24	580	11	53.27	58.3	NO SOLUTION	54224	13740	393893	118946
empty16-4.scen	51	256	24	580	12	66.58	72.52	OK	77163	16258	451629	135938
empty16-4.scen	52	256	24	593	0	0	0.58	NO SOLUTION	0	1	7983	0
empty16-4.scen	52	256	24	593	1	0	0.72	NO SOLUTION	0	1	18420	3906
empty16-4.scen	52	256	24	593	2	0	1.14	NO SOLUTION	0	1	41233	11308
empty16-4.scen	52	256	24	593	3	0	1.34	NO SOLUTION	41	5	64901	16355
empty16-4.scen	52	256	24	593	4	0.01	1.85	NO SOLUTION	63	15	96012	26155
empty16-4.scen	52	256	24	593	5	0.09	2.25	NO SOLUTION	846	101	127793	36475
empty16-4.scen	52	256	24	593	6	0.25	2.9	NO SOLUTION	1309	209	166281	48572
empty16-4.scen	52	256	24	593	7	0.99	3.97	NO SOLUTION	2063	635	205509	61142
empty16-4.scen	52	256	24	593	8	2.72	6.37	NO SOLUTION	3503	1264	251075	75019
empty16-4.scen	52	256	24	593	9	5.78	9.8	NO SOLUTION	5260	2150	297624	89419
empty16-4.scen	52	256	24	593	10	19.9	24.59	NO SOLUTION	16157	6579	350067	105019
empty16-4.scen	52	256	24	593	11	65.42	70.75	NO SOLUTION	62223	16582	403526	121334
empty16-4.scen	52	256	24	593	12	55.72	61.86	OK	54702	13943	462687	138710
empty16-4.scen	53	256	24	605	0	0	0.6	NO SOLUTION	0	1	8187	0
empty16-4.scen	53	256	24	605	1	0	0.76	NO SOLUTION	0	1	18880	4059
empty16-4.scen	53	256	24	605	2	0	1.17	NO SOLUTION	0	1	42131	11619
empty16-4.scen	53	256	24	605	3	0	1.38	NO SOLUTION	30	5	66248	16814
empty16-4.scen	53	256	24	605	4	0.02	1.9	NO SOLUTION	67	15	98030	26733
empty16-4.scen	53	256	24	605	5	0.09	2.22	NO SOLUTION	995	106	130469	37251
empty16-4.scen	53	256	24	605	6	0.32	3.05	NO SOLUTION	1065	223	169792	49510
empty16-4.scen	53	256	24	605	7	0.98	4.02	NO SOLUTION	1542	565	209869	62286
empty16-4.scen	53	256	24	605	8	2.12	5.83	NO SOLUTION	4968	1132	256416	76393
empty16-4.scen	53	256	24	605	9	9.18	13.3	NO SOLUTION	7576	3210	303970	91059
empty16-4.scen	53	256	24	605	10	19.65	24.49	NO SOLUTION	15386	6109	357544	106949
empty16-4.scen	53	256	24	605	11	31.81	37.23	NO SOLUTION	30659	7669	412158	123578
empty16-4.scen	53	256	24	605	12	112.51	118.74	OK	137644	23547	472606	141288
empty16-4.scen	54	256	24	606	0	0	0.62	NO SOLUTION	0	1	8188	0
empty16-4.scen	54	256	24	606	1	0	0.76	NO SOLUTION	0	1	18888	4060
empty16-4.scen	54	256	24	606	2	0	1.2	NO SOLUTION	0	1	42174	11640
empty16-4.scen	54	256	24	606	3	0	1.4	NO SOLUTION	29	5	66340	16784
empty16-4.scen	54	256	24	606	4	0.02	1.92	NO SOLUTION	67	15	98210	26706
empty16-4.scen	54	256	24	606	5	0.09	2.24	NO SOLUTION	965	120	130750	37213
empty16-4.scen	54	256	24	606	6	0.25	3	NO SOLUTION	1132	173	170230	49491
empty16-4.scen	54	256	24	606	7	1.11	4.22	NO SOLUTION	2047	651	210453	62288
empty16-4.scen	54	256	24	606	8	2.66	6.42	NO SOLUTION	3413	1285	257220	76440
empty16-4.scen	54	256	24	606	9	7.66	11.84	NO SOLUTION	5833	2672	305003	91143
empty16-4.scen	54	256	24	606	10	32.28	37.21	NO SOLUTION	23957	10199	358870	107090
empty16-4.scen	54	256	24	606	11	31.14	36.62	NO SOLUTION	115910	8489	413790	123771
empty16-4.scen	54	256	24	606	12	77.31	83.67	OK	542276	18680	474610	141547
empty16-4.scen	55	256	24	611	0	0	0.62	NO SOLUTION	0	1	8193	0
empty16-4.scen	55	256	24	611	1	0	0.79	NO SOLUTION	0	1	18922	4062
empty16-4.scen	55	256	24	611	2	0	1.21	NO SOLUTION	0	1	42316	11701
empty16-4.scen	55	256	24	611	3	0	1.42	NO SOLUTION	30	5	66599	16837
empty16-4.scen	55	256	24	611	4	0.02	1.97	NO SOLUTION	68	15	98671	26763
empty16-4.scen	55	256	24	611	5	0.11	2.29	NO SOLUTION	1434	136	131433	37267
empty16-4.scen	55	256	24	611	6	0.32	3.12	NO SOLUTION	979	209	171243	49540
empty16-4.scen	55	256	24	611	7	0.58	3.72	NO SOLUTION	1455	433	211815	62354
empty16-4.scen	55	256	24	611	8	1.9	5.74	NO SOLUTION	2922	867	259051	76563
empty16-4.scen	55	256	24	611	9	4	8.25	NO SOLUTION	8169	1420	307327	91354
empty16-4.scen	55	256	24	611	10	12.54	17.66	NO SOLUTION	9335	3828	361816	107410
empty16-4.scen	55	256	24	611	11	42.54	48.15	NO SOLUTION	39946	10298	417384	124223
empty16-4.scen	55	256	24	611	12	76.16	82.62	NO SOLUTION	505964	16154	478993	142157
