empty24-2.scen	1	576	6	6	0	0	0.03	OK	0	0	6	0
empty24-2.scen	2	576	22	28	0	0	0.04	OK	28	0	519	71
empty24-2.scen	3	576	22	40	0	0	0.05	OK	24	0	634	89
empty24-2.scen	4	576	25	65	0	0	0.08	OK	36	0	2532	90
empty24-2.scen	5	576	25	69	0	0	0.08	OK	36	0	2555	92
empty24-2.scen	6	576	25	75	0	0	0.1	OK	45	0	2604	96
empty24-2.scen	7	576	25	99	0	0	0.11	OK	61	0	3697	137
empty24-2.scen	8	576	25	118	0	0	0.12	OK	76	0	3889	154
empty24-2.scen	9	576	25	132	0	0	0.13	OK	75	0	4141	171
empty24-2.scen	10	576	25	149	0	0	0.15	OK	102	0	4762	198
empty24-2.scen	11	576	25	166	0	0	0.16	OK	108	0	5339	225
empty24-2.scen	12	576	25	173	0	0	0.18	OK	110	0	5418	230
empty24-2.scen	13	576	25	187	0	0	0.19	OK	125	0	5555	242
empty24-2.scen	14	576	25	196	0	0	0.2	OK	132	0	5701	252
empty24-2.scen	15	576	26	222	0	0	0.25	OK	166	0	7148	297
empty24-2.scen	16	576	26	238	0	0	0.26	OK	174	0	7705	322
empty24-2.scen	17	576	26	241	0	0	0.27	OK	171	0	7721	323
empty24-2.scen	18	576	26	251	0	0	0.28	OK	165	0	7873	336
empty24-2.scen	19	576	26	263	0	0	0.29	OK	161	0	7988	346
empty24-2.scen	20	576	26	285	0	0	0.31	NO SOLUTION	156	83	8821	389
empty24-2.scen	20	576	26	285	1	0	0.39	OK	328	34	22375	1524
empty24-2.scen	21	576	26	304	0	0	0.34	NO SOLUTION	199	111	9635	425
empty24-2.scen	21	576	26	304	1	0.01	0.43	OK	345	35	24348	1655
empty24-2.scen	22	576	37	341	0	0	0.66	NO SOLUTION	193	73	12869	492
empty24-2.scen	22	576	37	341	1	0.01	0.78	OK	532	41	29782	2058
empty24-2.scen	23	576	37	368	0	0	0.73	NO SOLUTION	237	88	14455	539
empty24-2.scen	23	576	37	368	1	0.01	0.87	OK	504	46	31514	2294
empty24-2.scen	24	576	37	389	0	0	0.77	NO SOLUTION	244	93	15160	574
empty24-2.scen	24	576	37	389	1	0.01	0.92	OK	608	45	32372	2441
empty24-2.scen	25	576	37	408	0	0	0.79	NO SOLUTION	233	80	15289	591
empty24-2.scen	25	576	37	408	1	0.01	0.95	OK	603	57	32588	2497
empty24-2.scen	26	576	37	422	0	0	0.82	NO SOLUTION	239	80	15534	612
empty24-2.scen	26	576	37	422	1	0.01	0.97	OK	622	53	32998	2557
empty24-2.scen	27	576	37	455	0	0	0.91	NO SOLUTION	254	77	17703	670
empty24-2.scen	27	576	37	455	1	0.01	1.05	OK	522	64	35424	2897
empty24-2.scen	28	576	37	462	0	0	0.93	NO SOLUTION	256	77	17747	675
empty24-2.scen	28	576	37	462	1	0.01	1.09	OK	502	61	35510	2902
empty24-2.scen	29	576	37	474	0	0	0.96	NO SOLUTION	182	82	18045	692
empty24-2.scen	29	576	37	474	1	0.01	1.11	OK	542	68	35936	2973
empty24-2.scen	30	576	37	495	0	0	1.01	NO SOLUTION	188	71	19045	730
empty24-2.scen	30	576	37	495	1	0.01	1.16	OK	582	72	36999	3159
empty24-2.scen	31	576	37	510	0	0	1.04	NO SOLUTION	227	102	19317	752
empty24-2.scen	31	576	37	510	1	0.01	1.19	OK	540	51	37444	3229
empty24-2.scen	32	576	37	521	0	0	1.06	NO SOLUTION	0	1	19446	775
empty24-2.scen	32	576	37	521	1	0	1.23	NO SOLUTION	0	1	37680	3484
empty24-2.scen	32	576	37	521	2	0.01	1.82	NO SOLUTION	936	99	63958	1663
empty24-2.scen	32	576	37	521	3	0.03	2.06	OK	967	90	92165	17734
empty24-2.scen	33	576	37	544	0	0	1.11	NO SOLUTION	0	1	20584	814
empty24-2.scen	33	576	37	544	1	0	1.29	NO SOLUTION	0	1	38949	3693
empty24-2.scen	33	576	37	544	2	0.01	1.9	NO SOLUTION	980	105	66705	1795
empty24-2.scen	33	576	37	544	3	0.03	2.14	OK	1010	93	96302	18865
empty24-2.scen	34	576	37	566	0	0	1.16	NO SOLUTION	0	1	21338	855
empty24-2.scen	34	576	37	566	1	0	1.33	NO SOLUTION	0	1	39766	3849
empty24-2.scen	34	576	37	566	2	0.01	1.97	NO SOLUTION	982	119	68699	1920
empty24-2.scen	34	576	37	566	3	0.03	2.24	OK	1126	70	99406	19715
empty24-2.scen	35	576	37	594	0	0	1.26	NO SOLUTION	0	1	23131	904
empty24-2.scen	35	576	37	594	1	0	1.43	NO SOLUTION	0	1	41793	4165
empty24-2.scen	35	576	37	594	2	0.01	2.07	NO SOLUTION	1088	123	72747	2069
empty24-2.scen	35	576	37	594	3	0.04	2.35	OK	1390	79	105572	21207
empty24-2.scen	36	576	37	599	0	0	1.26	NO SOLUTION	0	1	23167	908
empty24-2.scen	36	576	37	599	1	0	1.45	NO SOLUTION	0	1	41873	4181
empty24-2.scen	36	576	37	599	2	0.01	2.12	NO SOLUTION	1145	91	72953	2081
empty24-2.scen	36	576	37	599	3	0.04	2.4	OK	1124	102	105925	21150
empty24-2.scen	37	576	37	624	0	0	1.31	NO SOLUTION	0	1	24487	963
empty24-2.scen	37	576	37	624	1	0	1.5	NO SOLUTION	0	1	43284	4480
empty24-2.scen	37	576	37	624	2	0.01	2.2	NO SOLUTION	1210	112	76111	2283
empty24-2.scen	37	576	37	624	3	0.03	2.49	OK	1119	71	110669	22697
empty24-2.scen	38	576	37	646	0	0	1.35	NO SOLUTION	0	1	25452	999
empty24-2.scen	38	576	37	646	1	0	1.53	NO SOLUTION	0	1	44454	4692
empty24-2.scen	38	576	37	646	2	0.01	2.28	NO SOLUTION	1333	81	78638	2441
empty24-2.scen	38	576	37	646	3	0.05	2.57	OK	1364	81	114385	23856
empty24-2.scen	39	576	37	669	0	0	1.38	NO SOLUTION	0	1	25704	1028
empty24-2.scen	39	576	37	669	1	0	1.57	NO SOLUTION	0	1	44984	4840
empty24-2.scen	39	576	37	669	2	0.01	2.28	NO SOLUTION	1856	102	80070	2533
empty24-2.scen	39	576	37	669	3	0.05	2.64	OK	1375	82	116581	24508
empty24-2.scen	40	576	37	686	0	0	1.41	NO SOLUTION	0	1	26108	1060
empty24-2.scen	40	576	37	686	1	0	1.62	NO SOLUTION	0	1	45564	4964
empty24-2.scen	40	576	37	686	2	0.01	2.34	NO SOLUTION	1341	70	81510	2641
empty24-2.scen	40	576	37	686	3	0.04	2.63	OK	1485	99	118858	25200
empty24-2.scen	41	576	37	695	0	0	1.42	NO SOLUTION	0	1	26103	1055
empty24-2.scen	41	576	37	695	1	0	1.63	NO SOLUTION	0	1	45626	4965
empty24-2.scen	41	576	37	695	2	0	2.36	NO SOLUTION	0	1	81713	15322
empty24-2.scen	41	576	37	695	3	0.04	2.67	NO SOLUTION	1130	73	119298	25170
empty24-2.scen	41	576	37	695	4	0.07	3.56	OK	1560	75	166012	40210
empty24-2.scen	42	576	37	723	0	0	1.48	NO SOLUTION	0	1	27951	1104
empty24-2.scen	42	576	37	723	1	0	1.7	NO SOLUTION	0	1	47539	5281
empty24-2.scen	42	576	37	723	2	0	2.44	NO SOLUTION	0	1	85868	16399
empty24-2.scen	42	576	37	723	3	0.04	2.81	NO SOLUTION	1123	72	125468	26904
empty24-2.scen	42	576	37	723	4	0.1	3.71	OK	1628	78	159962	43050
empty24-2.scen	43	576	37	733	0	0	1.5	NO SOLUTION	0	1	28139	1117
empty24-2.scen	43	576	37	733	1	0	1.73	NO SOLUTION	0	1	47869	5330
empty24-2.scen	43	576	37	733	2	0	2.47	NO SOLUTION	0	1	86597	16576
empty24-2.scen	43	576	37	733	3	0.04	2.85	NO SOLUTION	1177	78	126642	27182
empty24-2.scen	43	576	37	733	4	0.16	3.83	OK	2037	124	161641	43599
empty24-2.scen	44	576	37	752	0	0	1.56	NO SOLUTION	0	1	28726	1164
empty24-2.scen	44	576	37	752	1	0	1.78	NO SOLUTION	0	1	48722	5492
empty24-2.scen	44	576	37	752	2	0	2.54	NO SOLUTION	0	1	88722	17162
empty24-2.scen	44	576	37	752	3	0.04	2.98	NO SOLUTION	1140	73	129800	28172
empty24-2.scen	44	576	37	752	4	0.08	3.87	OK	1892	81	166097	45033
empty24-2.scen	45	576	37	768	0	0	1.59	NO SOLUTION	0	1	29030	1205
empty24-2.scen	45	576	37	768	1	0	1.83	NO SOLUTION	0	1	49384	5607
empty24-2.scen	45	576	37	768	2	0	2.6	NO SOLUTION	0	1	90255	17597
empty24-2.scen	45	576	37	768	3	0.05	3.07	NO SOLUTION	1095	79	132143	28906
empty24-2.scen	45	576	37	768	4	0.1	4.09	OK	1832	87	169433	46123
empty24-2.scen	46	576	37	781	0	0	1.61	NO SOLUTION	0	1	29116	1216
empty24-2.scen	46	576	37	781	1	0	1.87	NO SOLUTION	0	1	49574	5643
empty24-2.scen	46	576	37	781	2	0	2.64	NO SOLUTION	0	1	90792	17714
empty24-2.scen	46	576	37	781	3	0.05	3.11	NO SOLUTION	1116	80	133054	29105
empty24-2.scen	46	576	37	781	4	0.1	4.14	OK	2088	99	170835	46477
empty24-2.scen	47	576	37	785	0	0	1.65	NO SOLUTION	0	1	29139	1218
empty24-2.scen	47	576	37	785	1	0	1.88	NO SOLUTION	0	1	49629	5652
empty24-2.scen	47	576	37	785	2	0	2.67	NO SOLUTION	0	1	90918	17758
empty24-2.scen	47	576	37	785	3	0.05	3.16	NO SOLUTION	1169	81	133306	29193
empty24-2.scen	47	576	37	785	4	0.09	4.22	OK	1931	110	171245	46632
empty24-2.scen	48	576	37	799	0	0	1.68	NO SOLUTION	0	1	29353	1254
empty24-2.scen	48	576	37	799	1	0	1.98	NO SOLUTION	0	1	50152	5766
empty24-2.scen	48	576	37	799	2	0	2.75	NO SOLUTION	0	1	92171	18172
empty24-2.scen	48	576	37	799	3	0.03	3.21	NO SOLUTION	941	49	135186	29785
empty24-2.scen	48	576	37	799	4	0.19	4.39	NO SOLUTION	1175	140	173929	47468
empty24-2.scen	48	576	37	799	5	0.23	4.92	OK	2348	142	227983	65843
empty24-2.scen	49	576	37	829	0	0	1.74	NO SOLUTION	0	1	30277	1347
empty24-2.scen	49	576	37	829	1	0	2.06	NO SOLUTION	0	1	52553	6203
empty24-2.scen	49	576	37	829	2	0	2.84	NO SOLUTION	0	1	96942	19518
empty24-2.scen	49	576	37	829	3	0.01	3.29	NO SOLUTION	41	9	127678	31071
empty24-2.scen	49	576	37	829	4	0.04	4.41	NO SOLUTION	113	22	183239	49247
empty24-2.scen	49	576	37	829	5	0.22	5.13	NO SOLUTION	1724	127	239474	68498
empty24-2.scen	49	576	37	829	6	0.52	6.54	NO SOLUTION	1839	220	306176	90625
empty24-2.scen	49	576	37	829	7	0.38	7.09	OK	2465	196	373614	113290
empty24-2.scen	50	576	37	850	0	0	1.79	NO SOLUTION	0	1	30704	1401
empty24-2.scen	50	576	37	850	1	0	2.11	NO SOLUTION	0	1	53973	6577
empty24-2.scen	50	576	37	850	2	0	2.95	NO SOLUTION	0	1	99136	20245
empty24-2.scen	50	576	37	850	3	0.01	3.35	NO SOLUTION	41	9	130881	32134
empty24-2.scen	50	576	37	850	4	0.04	4.53	NO SOLUTION	113	22	187590	50804
empty24-2.scen	50	576	37	850	5	0.23	5.27	NO SOLUTION	1940	125	244967	70357
empty24-2.scen	50	576	37	850	6	0.52	6.72	NO SOLUTION	1885	233	313120	92808
empty24-2.scen	50	576	37	850	7	0.32	7.28	OK	2684	189	382065	115750
empty24-2.scen	51	576	39	889	0	0	2.12	NO SOLUTION	0	1	32326	1542
empty24-2.scen	51	576	39	889	1	0	2.42	NO SOLUTION	0	1	58448	7397
empty24-2.scen	51	576	39	889	2	0	3.4	NO SOLUTION	0	1	106658	21924
empty24-2.scen	51	576	39	889	3	0.01	3.82	NO SOLUTION	43	9	142006	34704
empty24-2.scen	51	576	39	889	4	0.04	5.03	NO SOLUTION	116	22	202718	54651
empty24-2.scen	51	576	39	889	5	0.25	5.79	NO SOLUTION	2133	148	263909	75568
empty24-2.scen	51	576	39	889	6	0.83	7.6	NO SOLUTION	2003	295	336086	99300
empty24-2.scen	51	576	39	889	7	0.75	8.36	OK	3453	278	408926	123526
empty24-2.scen	52	576	39	904	0	0	2.14	NO SOLUTION	0	1	32531	1577
empty24-2.scen	52	576	39	904	1	0	2.49	NO SOLUTION	0	1	59086	7565
empty24-2.scen	52	576	39	904	2	0	3.44	NO SOLUTION	0	1	107937	22332
empty24-2.scen	52	576	39	904	3	0.01	3.89	NO SOLUTION	44	9	143942	35184
empty24-2.scen	52	576	39	904	4	0.04	5.14	NO SOLUTION	118	22	205527	55340
empty24-2.scen	52	576	39	904	5	0.23	5.9	NO SOLUTION	1886	139	267556	76479
empty24-2.scen	52	576	39	904	6	0.7	7.7	NO SOLUTION	2070	258	340806	100496
empty24-2.scen	52	576	39	904	7	0.39	8.17	OK	2906	180	414794	124936
empty24-2.scen	53	576	39	915	0	0	2.2	NO SOLUTION	0	1	32634	1586
empty24-2.scen	53	576	39	915	1	0	2.52	NO SOLUTION	0	1	59344	7622
empty24-2.scen	53	576	39	915	2	0	3.51	NO SOLUTION	0	1	108575	22516
empty24-2.scen	53	576	39	915	3	0.01	3.93	NO SOLUTION	45	9	144940	35182
empty24-2.scen	53	576	39	915	4	0.04	5.2	NO SOLUTION	120	22	207088	55430
empty24-2.scen	53	576	39	915	5	0.22	5.93	NO SOLUTION	2111	124	269667	76709
empty24-2.scen	53	576	39	915	6	0.62	7.73	NO SOLUTION	2271	234	343608	100967
empty24-2.scen	53	576	39	915	7	0.38	8.28	OK	3445	193	418325	125581
empty24-2.scen	54	576	39	925	0	0	2.23	NO SOLUTION	0	1	32700	1595
empty24-2.scen	54	576	39	925	1	0	2.54	NO SOLUTION	0	1	59525	7684
empty24-2.scen	54	576	39	925	2	0	3.57	NO SOLUTION	0	1	109169	22722
empty24-2.scen	54	576	39	925	3	0.01	4	NO SOLUTION	46	9	145831	35410
empty24-2.scen	54	576	39	925	4	0.04	5.32	NO SOLUTION	122	22	208435	55732
empty24-2.scen	54	576	39	925	5	0.2	6.04	NO SOLUTION	1858	108	271475	77035
empty24-2.scen	54	576	39	925	6	0.75	8.01	NO SOLUTION	2483	277	346049	101313
empty24-2.scen	54	576	39	925	7	0.61	8.62	OK	3235	229	421415	126004
empty24-2.scen	55	576	39	945	0	0	2.28	NO SOLUTION	0	1	32894	1624
empty24-2.scen	55	576	39	945	1	0	2.6	NO SOLUTION	0	1	60025	7832
empty24-2.scen	55	576	39	945	2	0	3.61	NO SOLUTION	0	1	110252	23080
empty24-2.scen	55	576	39	945	3	0.01	4.08	NO SOLUTION	47	9	147646	35908
empty24-2.scen	55	576	39	945	4	0.04	5.41	NO SOLUTION	124	22	211243	56514
empty24-2.scen	55	576	39	945	5	0.21	6.16	NO SOLUTION	1998	109	275278	78137
empty24-2.scen	55	576	39	945	6	0.48	7.8	NO SOLUTION	2198	211	351148	102842
empty24-2.scen	55	576	39	945	7	1.17	9.34	NO SOLUTION	2637	326	427843	127939
empty24-2.scen	55	576	39	945	8	1.41	10.58	OK	3473	451	516172	155939
empty24-2.scen	56	576	39	961	0	0	2.32	NO SOLUTION	0	1	33068	1669
empty24-2.scen	56	576	39	961	1	0	2.65	NO SOLUTION	0	1	60621	7970
empty24-2.scen	56	576	39	961	2	0	3.66	NO SOLUTION	0	1	111534	23496
empty24-2.scen	56	576	39	961	3	0.01	4.16	NO SOLUTION	48	9	149523	36497
empty24-2.scen	56	576	39	961	4	0.05	5.54	NO SOLUTION	126	22	213889	57325
empty24-2.scen	56	576	39	961	5	0.19	6.23	NO SOLUTION	1902	105	278721	79175
empty24-2.scen	56	576	39	961	6	0.46	7.98	NO SOLUTION	2021	241	355592	104090
empty24-2.scen	56	576	39	961	7	1.68	10	NO SOLUTION	3330	465	433346	129451
empty24-2.scen	56	576	39	961	8	1.47	11.07	OK	4115	499	522939	157749
empty24-2.scen	57	576	39	965	0	0	2.35	NO SOLUTION	0	1	33095	1671
empty24-2.scen	57	576	39	965	1	0	2.71	NO SOLUTION	0	1	60685	7986
empty24-2.scen	57	576	39	965	2	0	3.73	NO SOLUTION	0	1	111688	23548
empty24-2.scen	57	576	39	965	3	0.01	4.33	NO SOLUTION	49	9	149847	36340
empty24-2.scen	57	576	39	965	4	0.05	5.57	NO SOLUTION	128	22	214475	57147
empty24-2.scen	57	576	39	965	5	0.19	6.36	NO SOLUTION	1934	105	279580	79030
empty24-2.scen	57	576	39	965	6	0.5	8.08	NO SOLUTION	2294	231	356853	104078
empty24-2.scen	57	576	39	965	7	2.09	10.55	NO SOLUTION	3849	496	434948	129542
empty24-2.scen	57	576	39	965	8	1.37	10.86	OK	3886	375	525026	158023
empty24-2.scen	58	576	39	976	0	0	2.37	NO SOLUTION	0	1	33168	1680
empty24-2.scen	58	576	39	976	1	0	2.75	NO SOLUTION	0	1	60775	8024
empty24-2.scen	58	576	39	976	2	0	3.8	NO SOLUTION	0	1	112151	23660
empty24-2.scen	58	576	39	976	3	0.01	4.43	NO SOLUTION	49	9	150668	36543
empty24-2.scen	58	576	39	976	4	0.05	5.62	NO SOLUTION	129	22	215777	57569
empty24-2.scen	58	576	39	976	5	0.2	6.45	NO SOLUTION	2006	106	281313	79614
empty24-2.scen	58	576	39	976	6	0.58	8.32	NO SOLUTION	2203	256	359141	104807
empty24-2.scen	58	576	39	976	7	1.67	10.22	NO SOLUTION	3296	400	437839	130341
empty24-2.scen	58	576	39	976	8	3.13	12.97	OK	8758	722	528705	158907
empty24-2.scen	59	576	39	988	0	0	2.43	NO SOLUTION	0	1	33329	1706
empty24-2.scen	59	576	39	988	1	0	2.78	NO SOLUTION	0	1	61293	8126
empty24-2.scen	59	576	39	988	2	0	3.87	NO SOLUTION	0	1	113086	24002
empty24-2.scen	59	576	39	988	3	0.01	4.49	NO SOLUTION	19	9	152083	36949
empty24-2.scen	59	576	39	988	4	0.05	5.76	NO SOLUTION	131	22	217845	58156
empty24-2.scen	59	576	39	988	5	0.19	6.56	NO SOLUTION	1821	103	284071	80351
empty24-2.scen	59	576	39	988	6	0.57	8.45	NO SOLUTION	3048	247	362723	105751
empty24-2.scen	59	576	39	988	7	2.78	11.5	NO SOLUTION	4388	614	442313	131492
empty24-2.scen	59	576	39	988	8	0.83	10.9	OK	4532	488	534248	160285
empty24-2.scen	60	576	39	997	0	0	2.45	NO SOLUTION	0	1	33418	1725
empty24-2.scen	60	576	39	997	1	0	2.84	NO SOLUTION	0	1	61577	8197
empty24-2.scen	60	576	39	997	2	0	3.94	NO SOLUTION	0	1	113631	24218
empty24-2.scen	60	576	39	997	3	0.01	4.53	NO SOLUTION	19	9	152982	37247
empty24-2.scen	60	576	39	997	4	0.05	5.83	NO SOLUTION	132	22	219102	58564
empty24-2.scen	60	576	39	997	5	0.2	6.64	NO SOLUTION	1848	104	285732	80870
empty24-2.scen	60	576	39	997	6	0.51	8.51	NO SOLUTION	2149	238	364893	106371
empty24-2.scen	60	576	39	997	7	1.29	10.17	NO SOLUTION	2977	345	445024	132263
empty24-2.scen	60	576	39	997	8	1.58	11.77	OK	4145	465	537617	161218
empty24-2.scen	61	576	39	1011	0	0	2.5	NO SOLUTION	0	1	33623	1759
empty24-2.scen	61	576	39	1011	1	0	2.89	NO SOLUTION	0	1	62115	8305
empty24-2.scen	61	576	39	1011	2	0	4	NO SOLUTION	0	1	114902	24653
empty24-2.scen	61	576	39	1011	3	0.01	4.62	NO SOLUTION	21	9	154816	37847
empty24-2.scen	61	576	39	1011	4	0.05	5.93	NO SOLUTION	135	22	221698	59397
empty24-2.scen	61	576	39	1011	5	0.25	6.83	NO SOLUTION	1517	123	289115	81905
empty24-2.scen	61	576	39	1011	6	0.64	8.8	NO SOLUTION	1954	204	369311	107616
empty24-2.scen	61	576	39	1011	7	1.83	10.84	NO SOLUTION	3380	439	450547	133781
empty24-2.scen	61	576	39	1011	8	3.39	13.78	NO SOLUTION	5134	731	544404	163069
empty24-2.scen	61	576	39	1011	9	3.14	14.4	OK	7995	889	639628	193100
empty24-2.scen	62	576	39	1032	0	0	2.57	NO SOLUTION	0	1	33842	1811
empty24-2.scen	62	576	39	1032	1	0	2.94	NO SOLUTION	0	1	62770	8440
empty24-2.scen	62	576	39	1032	2	0	4.06	NO SOLUTION	0	1	116439	25062
empty24-2.scen	62	576	39	1032	3	0.01	4.69	NO SOLUTION	25	9	157207	38574
empty24-2.scen	62	576	39	1032	4	0.05	6.05	NO SOLUTION	137	22	225181	60556
empty24-2.scen	62	576	39	1032	5	0.21	6.95	NO SOLUTION	1960	104	293706	83379
empty24-2.scen	62	576	39	1032	6	0.41	8.74	NO SOLUTION	1898	170	375278	109438
empty24-2.scen	62	576	39	1032	7	2.27	11.51	NO SOLUTION	3658	564	457964	135999
empty24-2.scen	62	576	39	1032	8	3.76	14.4	NO SOLUTION	3972	689	553442	165749
empty24-2.scen	62	576	39	1032	9	6.66	18.19	NO SOLUTION	6073	1232	650362	196266
empty24-2.scen	62	576	39	1032	10	7.43	20.75	OK	11763	1083	759782	229805
empty24-2.scen	63	576	39	1049	0	0	2.61	NO SOLUTION	0	1	34190	1854
empty24-2.scen	63	576	39	1049	1	0	2.99	NO SOLUTION	0	1	63585	8586
empty24-2.scen	63	576	39	1049	2	0	4.23	NO SOLUTION	0	1	118184	25485
empty24-2.scen	63	576	39	1049	3	0.01	4.81	NO SOLUTION	26	9	159914	39300
empty24-2.scen	63	576	39	1049	4	0.05	6.16	NO SOLUTION	138	22	229003	61802
empty24-2.scen	63	576	39	1049	5	0.26	7.09	NO SOLUTION	1482	125	298592	85081
empty24-2.scen	63	576	39	1049	6	0.66	9.11	NO SOLUTION	1875	268	381155	111682
empty24-2.scen	63	576	39	1049	7	1.3	10.73	NO SOLUTION	2979	317	464909	138635
empty24-2.scen	63	576	39	1049	8	4.06	14.87	NO SOLUTION	4191	813	561491	168710
empty24-2.scen	63	576	39	1049	9	8.26	19.96	NO SOLUTION	7842	1324	659617	199520
empty24-2.scen	63	576	39	1049	10	4.81	18.41	OK	8138	1040	770409	233278
empty24-2.scen	64	576	39	1060	0	0	2.64	NO SOLUTION	0	1	34253	1864
empty24-2.scen	64	576	39	1060	1	0	3.01	NO SOLUTION	0	1	63798	8639
empty24-2.scen	64	576	39	1060	2	0	4.21	NO SOLUTION	0	1	118765	25629
empty24-2.scen	64	576	39	1060	3	0.01	4.86	NO SOLUTION	27	9	160881	39487
empty24-2.scen	64	576	39	1060	4	0.05	6.22	NO SOLUTION	140	22	230526	62055
empty24-2.scen	64	576	39	1060	5	0.27	7.2	NO SOLUTION	1602	129	300708	85463
empty24-2.scen	64	576	39	1060	6	0.62	9.21	NO SOLUTION	1903	199	384030	112206
empty24-2.scen	64	576	39	1060	7	1.33	11.17	NO SOLUTION	2504	367	468570	139379
empty24-2.scen	64	576	39	1060	8	4.16	15.16	NO SOLUTION	3827	867	566082	169656
empty24-2.scen	64	576	39	1060	9	6.76	18.68	NO SOLUTION	7389	1212	665111	200728
empty24-2.scen	64	576	39	1060	10	11.49	25.37	OK	18479	1747	776916	234739
empty24-2.scen	65	576	39	1071	0	0	2.7	NO SOLUTION	0	1	34404	1884
empty24-2.scen	65	576	39	1071	1	0	3.08	NO SOLUTION	0	1	64147	8708
empty24-2.scen	65	576	39	1071	2	0	4.42	NO SOLUTION	0	1	119513	25857
empty24-2.scen	65	576	39	1071	3	0.01	4.98	NO SOLUTION	27	9	162044	39869
empty24-2.scen	65	576	39	1071	4	0.05	6.35	NO SOLUTION	141	22	232183	62614
empty24-2.scen	65	576	39	1071	5	0.29	7.34	NO SOLUTION	1515	114	302903	86185
empty24-2.scen	65	576	39	1071	6	0.57	9.3	NO SOLUTION	2704	196	386843	113109
empty24-2.scen	65	576	39	1071	7	1.16	11.13	NO SOLUTION	2736	259	472035	140448
empty24-2.scen	65	576	39	1071	8	3.07	14.26	NO SOLUTION	4811	589	570294	170900
empty24-2.scen	65	576	39	1071	9	7.73	19.85	NO SOLUTION	6855	1233	670072	202171
empty24-2.scen	65	576	39	1071	10	6.7	20.71	OK	8014	1315	782753	236407
empty24-2.scen	66	576	39	1108	0	0	2.78	NO SOLUTION	0	1	35845	2011
empty24-2.scen	66	576	39	1108	1	0	3.21	NO SOLUTION	0	1	67797	9287
empty24-2.scen	66	576	39	1108	2	0	4.59	NO SOLUTION	0	1	126540	27545
empty24-2.scen	66	576	39	1108	3	0.01	5.17	NO SOLUTION	33	9	172509	42382
empty24-2.scen	66	576	39	1108	4	0.05	6.59	NO SOLUTION	143	22	246427	66399
empty24-2.scen	66	576	39	1108	5	0.24	7.56	NO SOLUTION	2098	119	320902	91176
empty24-2.scen	66	576	39	1108	6	0.61	9.71	NO SOLUTION	1637	239	408806	119457
empty24-2.scen	66	576	39	1108	7	1.49	11.04	NO SOLUTION	3038	321	497823	148369
empty24-2.scen	66	576	39	1108	8	3.46	14.97	NO SOLUTION	4559	668	600001	180233
empty24-2.scen	66	576	39	1108	9	6.05	18.66	NO SOLUTION	21242	1172	703605	212809
empty24-2.scen	66	576	39	1108	10	9.39	23.88	OK	11226	1121	820116	248340
empty24-2.scen	67	576	39	1132	0	0	2.84	NO SOLUTION	0	1	36276	2076
empty24-2.scen	67	576	39	1132	1	0	3.27	NO SOLUTION	0	1	68900	9505
empty24-2.scen	67	576	39	1132	2	0	4.64	NO SOLUTION	0	1	114703	28773
empty24-2.scen	67	576	39	1132	3	0.01	5.29	NO SOLUTION	36	9	176216	43517
empty24-2.scen	67	576	39	1132	4	0.05	6.74	NO SOLUTION	143	22	251412	68265
empty24-2.scen	67	576	39	1132	5	0.22	7.71	NO SOLUTION	2331	132	327152	93581
empty24-2.scen	67	576	39	1132	6	0.65	9.97	NO SOLUTION	2739	244	416384	122259
empty24-2.scen	67	576	39	1132	7	1.11	10.87	NO SOLUTION	3118	332	506846	151470
empty24-2.scen	67	576	39	1132	8	4.48	16.31	NO SOLUTION	6663	878	610591	183639
empty24-2.scen	67	576	39	1132	9	9.16	22.01	NO SOLUTION	8854	1377	715870	216599
empty24-2.scen	67	576	39	1132	10	16.95	31.69	OK	20226	1810	834167	252550
empty24-2.scen	68	576	39	1141	0	0	2.91	NO SOLUTION	0	1	36359	2083
empty24-2.scen	68	576	39	1141	1	0	3.3	NO SOLUTION	0	1	69062	9550
empty24-2.scen	68	576	39	1141	2	0	4.74	NO SOLUTION	0	1	115189	28902
empty24-2.scen	68	576	39	1141	3	0.01	5.35	NO SOLUTION	36	9	177052	43302
empty24-2.scen	68	576	39	1141	4	0.05	6.81	NO SOLUTION	147	22	252732	68165
empty24-2.scen	68	576	39	1141	5	0.16	7.78	NO SOLUTION	574	62	328919	93643
empty24-2.scen	68	576	39	1141	6	0.46	10.1	NO SOLUTION	2810	178	418650	122485
empty24-2.scen	68	576	39	1141	7	1.03	10.95	NO SOLUTION	3436	350	509677	151817
empty24-2.scen	68	576	39	1141	8	4.72	16.69	NO SOLUTION	5953	839	614151	184135
empty24-2.scen	68	576	39	1141	9	9.27	22.38	NO SOLUTION	8077	1427	720207	217272
empty24-2.scen	68	576	39	1141	10	11.23	26.27	OK	13415	1900	839451	253436
empty24-2.scen	69	576	39	1159	0	0	2.98	NO SOLUTION	0	1	36683	2136
empty24-2.scen	69	576	39	1159	1	0	3.4	NO SOLUTION	0	1	69917	9756
empty24-2.scen	69	576	39	1159	2	0	4.79	NO SOLUTION	0	1	116978	29488
empty24-2.scen	69	576	39	1159	3	0.01	5.47	NO SOLUTION	37	9	179685	43935
empty24-2.scen	69	576	39	1159	4	0.06	6.94	NO SOLUTION	151	26	256334	69045
empty24-2.scen	69	576	39	1159	5	0.17	8	NO SOLUTION	580	67	333579	94787
empty24-2.scen	69	576	39	1159	6	0.53	10.79	NO SOLUTION	2334	225	424571	123860
empty24-2.scen	69	576	39	1159	7	1.37	11.49	NO SOLUTION	3796	387	516936	153507
empty24-2.scen	69	576	39	1159	8	3.87	16.02	NO SOLUTION	4826	612	622998	186185
empty24-2.scen	69	576	39	1159	9	7.19	20.57	NO SOLUTION	8012	1346	730694	219750
empty24-2.scen	69	576	39	1159	10	15.48	30.94	OK	24715	2736	851828	256395
empty24-2.scen	70	576	39	1167	0	0	2.98	NO SOLUTION	0	1	36757	2149
empty24-2.scen	70	576	39	1167	1	0	3.46	NO SOLUTION	0	1	70123	9809
empty24-2.scen	70	576	39	1167	2	0	4.87	NO SOLUTION	0	1	117519	29662
empty24-2.scen	70	576	39	1167	3	0.01	5.54	NO SOLUTION	38	9	180516	44090
empty24-2.scen	70	576	39	1167	4	0.06	7.03	NO SOLUTION	152	26	257526	69273
empty24-2.scen	70	576	39	1167	5	0.2	8.14	NO SOLUTION	750	71	335171	95051
empty24-2.scen	70	576	39	1167	6	0.3	10.32	NO SOLUTION	1322	130	426661	124204
empty24-2.scen	70	576	39	1167	7	1.61	12.13	NO SOLUTION	5397	364	519565	153935
empty24-2.scen	70	576	39	1167	8	4.63	17.06	NO SOLUTION	5347	748	626299	186747
empty24-2.scen	70	576	39	1167	9	7.69	21.21	NO SOLUTION	8274	1156	734692	220446
empty24-2.scen	70	576	39	1167	10	13.23	28.92	OK	14037	1769	856665	257282
empty24-2.scen	71	576	39	1199	0	0	3.1	NO SOLUTION	0	1	37835	2261
empty24-2.scen	71	576	39	1199	1	0	3.57	NO SOLUTION	0	1	72740	10303
empty24-2.scen	71	576	39	1199	2	0	5.01	NO SOLUTION	0	1	122557	31016
empty24-2.scen	71	576	39	1199	3	0.02	5.73	NO SOLUTION	40	9	187846	45820
empty24-2.scen	71	576	39	1199	4	0.06	7.24	NO SOLUTION	154	26	267387	71727
empty24-2.scen	71	576	39	1199	5	0.15	8.3	NO SOLUTION	576	54	347505	98152
empty24-2.scen	71	576	39	1199	6	0.47	10.65	NO SOLUTION	2588	234	441684	128094
empty24-2.scen	71	576	39	1199	7	1.36	12.13	NO SOLUTION	4374	342	537274	158589
empty24-2.scen	71	576	39	1199	8	6.2	18.91	NO SOLUTION	6871	906	646844	192284
empty24-2.scen	71	576	39	1199	9	12.15	26.01	NO SOLUTION	12816	2218	758100	226814
empty24-2.scen	71	576	39	1199	10	10.32	26.37	OK	11948	1461	883011	264404
empty24-2.scen	72	576	39	1201	0	0	3.12	NO SOLUTION	0	1	37796	2257
empty24-2.scen	72	576	39	1201	1	0	3.61	NO SOLUTION	0	1	72757	10310
empty24-2.scen	72	576	39	1201	2	0	5.07	NO SOLUTION	0	1	122629	31053
empty24-2.scen	72	576	39	1201	3	0.01	5.78	NO SOLUTION	41	9	187994	45554
empty24-2.scen	72	576	39	1201	4	0.05	7.35	NO SOLUTION	153	22	267648	71438
empty24-2.scen	72	576	39	1201	5	0.15	8.42	NO SOLUTION	583	54	347911	97859
empty24-2.scen	72	576	39	1201	6	0.46	10.76	NO SOLUTION	2438	173	442306	127802
empty24-2.scen	72	576	39	1201	7	1.06	11.95	NO SOLUTION	3460	332	538130	158319
empty24-2.scen	72	576	39	1201	8	5.45	18.35	NO SOLUTION	6412	844	648048	192077
empty24-2.scen	72	576	39	1201	9	8.13	22.18	NO SOLUTION	8331	1185	759676	226656
empty24-2.scen	72	576	39	1201	10	12.63	28.92	OK	16018	1768	885091	264329
empty24-2.scen	73	576	39	1209	0	0	3.16	NO SOLUTION	0	1	37853	2266
empty24-2.scen	73	576	39	1209	1	0	3.68	NO SOLUTION	0	1	72973	10355
empty24-2.scen	73	576	39	1209	2	0	5.12	NO SOLUTION	0	1	123075	31233
empty24-2.scen	73	576	39	1209	3	0.01	5.84	NO SOLUTION	42	9	188701	45546
empty24-2.scen	73	576	39	1209	4	0.05	7.45	NO SOLUTION	155	22	268717	71473
empty24-2.scen	73	576	39	1209	5	0.15	8.49	NO SOLUTION	590	57	349372	97917
empty24-2.scen	73	576	39	1209	6	0.46	10.94	NO SOLUTION	2588	186	444309	127965
empty24-2.scen	73	576	39	1209	7	1.52	12.61	NO SOLUTION	4169	414	540724	158620
empty24-2.scen	73	576	39	1209	8	6.27	19.35	NO SOLUTION	7152	1026	651414	192523
empty24-2.scen	73	576	39	1209	9	8.56	22.77	NO SOLUTION	8270	1219	763852	227298
empty24-2.scen	73	576	39	1209	10	5.95	22.47	OK	21486	1096	890281	265196
empty24-2.scen	74	576	39	1225	0	0	3.25	NO SOLUTION	0	1	38042	2305
empty24-2.scen	74	576	39	1225	1	0	3.71	NO SOLUTION	0	1	73603	10522
empty24-2.scen	74	576	39	1225	2	0	5.23	NO SOLUTION	0	1	124357	31693
empty24-2.scen	74	576	39	1225	3	0.01	5.95	NO SOLUTION	43	9	190608	46178
empty24-2.scen	74	576	39	1225	4	0.05	7.55	NO SOLUTION	156	22	271408	72262
empty24-2.scen	74	576	39	1225	5	0.15	8.67	NO SOLUTION	605	57	352951	98834
empty24-2.scen	74	576	39	1225	6	0.43	11.14	NO SOLUTION	2765	172	449017	129094
empty24-2.scen	74	576	39	1225	7	1.64	12.94	NO SOLUTION	4405	433	546634	160007
empty24-2.scen	74	576	39	1225	8	3.84	17.17	NO SOLUTION	6586	645	658800	194287
empty24-2.scen	74	576	39	1225	9	11.2	25.71	NO SOLUTION	11435	1775	772772	229458
empty24-2.scen	74	576	39	1225	10	11.98	28.85	OK	24818	1880	901035	267821
empty24-2.scen	75	576	39	1235	0	0	3.27	NO SOLUTION	0	1	38141	2324
empty24-2.scen	75	576	39	1235	1	0	3.8	NO SOLUTION	0	1	73864	10575
empty24-2.scen	75	576	39	1235	2	0	5.31	NO SOLUTION	0	1	124986	31852
empty24-2.scen	75	576	39	1235	3	0.01	6.01	NO SOLUTION	43	9	191662	46402
empty24-2.scen	75	576	39	1235	4	0.05	7.7	NO SOLUTION	158	22	272978	72631
empty24-2.scen	75	576	39	1235	5	0.15	8.76	NO SOLUTION	606	57	355044	99368
empty24-2.scen	75	576	39	1235	6	0.41	11.15	NO SOLUTION	2920	159	451672	129805
empty24-2.scen	75	576	39	1235	7	1.68	13.1	NO SOLUTION	3628	416	549850	160951
empty24-2.scen	75	576	39	1235	8	6.45	20	NO SOLUTION	7780	1123	662656	195394
empty24-2.scen	75	576	39	1235	9	12.44	27.13	NO SOLUTION	11095	1794	777293	230733
empty24-2.scen	75	576	39	1235	10	13.84	30.91	OK	17465	2198	906307	269239
empty24-2.scen	76	576	39	1253	0	0	3.48	NO SOLUTION	0	1	38400	2370
empty24-2.scen	76	576	39	1253	1	0	3.84	NO SOLUTION	0	1	74654	10734
empty24-2.scen	76	576	39	1253	2	0	5.36	NO SOLUTION	0	1	126626	32303
empty24-2.scen	76	576	39	1253	3	0.01	6.18	NO SOLUTION	45	9	194179	46910
empty24-2.scen	76	576	39	1253	4	0.05	7.81	NO SOLUTION	161	22	276658	73497
empty24-2.scen	76	576	39	1253	5	0.15	8.92	NO SOLUTION	618	57	359895	100600
empty24-2.scen	76	576	39	1253	6	0.53	11.48	NO SOLUTION	3607	234	457841	131371
empty24-2.scen	76	576	39	1253	7	1.81	13.5	NO SOLUTION	4274	480	557340	162935
empty24-2.scen	76	576	39	1253	8	6.89	20.69	NO SOLUTION	13413	1196	671575	197813
empty24-2.scen	76	576	39	1253	9	8.33	23.26	NO SOLUTION	25941	1471	787720	233639
empty24-2.scen	76	576	39	1253	10	18.94	36.32	OK	18417	2668	918451	272595
empty24-2.scen	77	576	39	1268	0	0	3.39	NO SOLUTION	0	1	38596	2403
empty24-2.scen	77	576	39	1268	1	0	3.94	NO SOLUTION	0	1	75133	10861
empty24-2.scen	77	576	39	1268	2	0	5.46	NO SOLUTION	0	1	127764	32641
empty24-2.scen	77	576	39	1268	3	0.01	6.25	NO SOLUTION	45	9	195871	47441
empty24-2.scen	77	576	39	1268	4	0.06	7.97	NO SOLUTION	162	22	279156	74223
empty24-2.scen	77	576	39	1268	5	0.15	9.12	NO SOLUTION	623	57	363215	101548
empty24-2.scen	77	576	39	1268	6	0.38	11.53	NO SOLUTION	768	105	462220	132573
empty24-2.scen	77	576	39	1268	7	1.39	13.26	NO SOLUTION	4483	323	562778	164458
empty24-2.scen	77	576	39	1268	8	5.85	19.83	NO SOLUTION	7646	791	678267	199712
empty24-2.scen	77	576	39	1268	9	14.61	29.8	NO SOLUTION	12048	1929	795703	235940
empty24-2.scen	77	576	39	1268	10	10.52	28.28	OK	13455	1775	927801	275355
empty24-2.scen	78	576	39	1276	0	0	3.42	NO SOLUTION	0	1	38649	2409
empty24-2.scen	78	576	39	1276	1	0	3.96	NO SOLUTION	0	1	75258	10904
empty24-2.scen	78	576	39	1276	2	0	5.54	NO SOLUTION	0	1	128108	32779
empty24-2.scen	78	576	39	1276	3	0.01	6.34	NO SOLUTION	45	9	196423	47383
empty24-2.scen	78	576	39	1276	4	0.06	8.02	NO SOLUTION	163	22	280070	74168
empty24-2.scen	78	576	39	1276	5	0.15	9.21	NO SOLUTION	623	53	364490	101531
empty24-2.scen	78	576	39	1276	6	0.44	11.69	NO SOLUTION	2843	199	464027	132698
empty24-2.scen	78	576	39	1276	7	1.81	13.83	NO SOLUTION	4642	410	565133	164645
empty24-2.scen	78	576	39	1276	8	4.57	18.71	NO SOLUTION	6565	810	681322	200045
empty24-2.scen	78	576	39	1276	9	13.44	28.83	NO SOLUTION	11811	1960	799487	236476
empty24-2.scen	78	576	39	1276	10	12.83	30.75	OK	14037	1826	932461	276084
empty24-2.scen	79	576	39	1283	0	0	3.49	NO SOLUTION	0	1	38672	2415
empty24-2.scen	79	576	39	1283	1	0	4.01	NO SOLUTION	0	1	75386	10938
empty24-2.scen	79	576	39	1283	2	0	5.66	NO SOLUTION	0	1	128485	32886
empty24-2.scen	79	576	39	1283	3	0.01	6.44	NO SOLUTION	52	13	197050	47405
empty24-2.scen	79	576	39	1283	4	0.05	8.11	NO SOLUTION	168	22	281020	74259
empty24-2.scen	79	576	39	1283	5	0.14	9.28	NO SOLUTION	480	76	365734	101739
empty24-2.scen	79	576	39	1283	6	0.27	11.71	NO SOLUTION	749	90	465652	132974
empty24-2.scen	79	576	39	1283	7	1.03	13.19	NO SOLUTION	3335	375	567182	165015
empty24-2.scen	79	576	39	1283	8	2.67	16.98	NO SOLUTION	5383	477	683913	200488
empty24-2.scen	79	576	39	1283	9	7.5	23.16	NO SOLUTION	7397	1335	802654	237023
empty24-2.scen	79	576	39	1283	10	22.21	40.43	NO SOLUTION	19577	3150	936334	276762
empty24-2.scen	79	576	39	1283	11	20.08	39.95	OK	56576	3383	1072211	317962
empty24-2.scen	80	576	39	1284	0	0	3.52	NO SOLUTION	0	1	38660	2415
empty24-2.scen	80	576	39	1284	1	0	4.1	NO SOLUTION	0	1	75394	10943
empty24-2.scen	80	576	39	1284	2	0	5.69	NO SOLUTION	0	1	128528	32910
empty24-2.scen	80	576	39	1284	3	0.01	6.56	NO SOLUTION	52	10	197140	47010
empty24-2.scen	80	576	39	1284	4	0.06	8.3	NO SOLUTION	169	25	281228	73805
empty24-2.scen	80	576	39	1284	5	0.14	9.43	NO SOLUTION	452	64	366074	101229
empty24-2.scen	80	576	39	1284	6	0.36	11.95	NO SOLUTION	876	151	466190	132487
empty24-2.scen	80	576	39	1284	7	1.33	13.66	NO SOLUTION	3480	374	567895	164603
empty24-2.scen	80	576	39	1284	8	3.61	18.24	NO SOLUTION	5504	682	684901	200122
empty24-2.scen	80	576	39	1284	9	6.22	22.13	NO SOLUTION	7430	1155	803952	236686
empty24-2.scen	80	576	39	1284	10	21.58	40.01	NO SOLUTION	15709	3307	938065	276481
empty24-2.scen	80	576	39	1284	11	27.67	47.66	OK	71284	4225	1074401	317772
empty24-2.scen	81	576	39	1298	0	0	3.53	NO SOLUTION	0	1	38770	2427
empty24-2.scen	81	576	39	1298	1	0	4.16	NO SOLUTION	0	1	75578	11013
empty24-2.scen	81	576	39	1298	2	0	5.81	NO SOLUTION	0	1	129128	33170
empty24-2.scen	81	576	39	1298	3	0.01	6.63	NO SOLUTION	53	10	198081	47200
empty24-2.scen	81	576	39	1298	4	0.05	8.34	NO SOLUTION	170	22	282693	74033
empty24-2.scen	81	576	39	1298	5	0.14	9.56	NO SOLUTION	471	63	368135	101497
empty24-2.scen	81	576	39	1298	6	0.24	11.65	NO SOLUTION	478	114	469070	132909
empty24-2.scen	81	576	39	1298	7	1.08	13.67	NO SOLUTION	3737	305	571646	165267
empty24-2.scen	81	576	39	1298	8	3.74	18.57	NO SOLUTION	6485	748	689773	201078
empty24-2.scen	81	576	39	1298	9	8.07	24.17	NO SOLUTION	10855	1611	809995	237953
empty24-2.scen	81	576	39	1298	10	19.15	37.91	NO SOLUTION	16266	2733	945559	278104
empty24-2.scen	81	576	39	1298	11	26.47	46.87	OK	18230	3271	1083394	319787
empty24-2.scen	82	576	39	1314	0	0	3.58	NO SOLUTION	0	1	38933	2485
empty24-2.scen	82	576	39	1314	1	0	4.22	NO SOLUTION	0	1	76217	11203
empty24-2.scen	82	576	39	1314	2	0	5.9	NO SOLUTION	0	1	130342	33614
empty24-2.scen	82	576	39	1314	3	0.01	6.69	NO SOLUTION	52	12	199855	47761
empty24-2.scen	82	576	39	1314	4	0.05	8.54	NO SOLUTION	172	22	285255	74699
empty24-2.scen	82	576	39	1314	5	0.14	9.68	NO SOLUTION	480	63	371515	102342
empty24-2.scen	82	576	39	1314	6	0.26	11.83	NO SOLUTION	456	96	473480	133976
empty24-2.scen	82	576	39	1314	7	1.08	13.79	NO SOLUTION	2788	314	577120	166618
empty24-2.scen	82	576	39	1314	8	3.04	18.12	NO SOLUTION	6642	573	696528	202738
empty24-2.scen	82	576	39	1314	9	10.16	26.57	NO SOLUTION	9713	1586	818073	239969
empty24-2.scen	82	576	39	1314	10	26.64	45.67	NO SOLUTION	13401	3014	955185	280525
empty24-2.scen	82	576	39	1314	11	27.79	48.54	OK	69835	4328	1094610	322641
empty24-2.scen	83	576	39	1323	0	0	3.67	NO SOLUTION	0	1	39032	2504
empty24-2.scen	83	576	39	1323	1	0	4.31	NO SOLUTION	0	1	76437	11270
empty24-2.scen	83	576	39	1323	2	0	5.95	NO SOLUTION	0	1	130916	33834
empty24-2.scen	83	576	39	1323	3	0.01	6.77	NO SOLUTION	55	10	200744	47874
empty24-2.scen	83	576	39	1323	4	0.06	8.69	NO SOLUTION	175	25	286578	74885
empty24-2.scen	83	576	39	1323	5	0.15	9.85	NO SOLUTION	490	66	373296	102591
empty24-2.scen	83	576	39	1323	6	0.25	12.03	NO SOLUTION	503	95	475888	134360
empty24-2.scen	83	576	39	1323	7	0.8	13.71	NO SOLUTION	1750	288	580209	167139
empty24-2.scen	83	576	39	1323	8	3.16	18.45	NO SOLUTION	6308	498	700485	203447
empty24-2.scen	83	576	39	1323	9	8.71	25.37	NO SOLUTION	17881	1712	822941	240921
empty24-2.scen	83	576	39	1323	10	19.44	38.74	NO SOLUTION	17958	2651	961131	281739
empty24-2.scen	83	576	39	1323	11	17.68	38.72	OK	98021	2634	1101663	324146
empty24-2.scen	84	576	39	1347	0	0	3.75	NO SOLUTION	0	1	39669	2576
empty24-2.scen	84	576	39	1347	1	0	4.38	NO SOLUTION	0	1	78046	11699
empty24-2.scen	84	576	39	1347	2	0	6.06	NO SOLUTION	0	1	134049	34795
empty24-2.scen	84	576	39	1347	3	0.01	6.91	NO SOLUTION	57	13	205311	49194
empty24-2.scen	84	576	39	1347	4	0.06	8.91	NO SOLUTION	176	25	292878	76651
empty24-2.scen	84	576	39	1347	5	0.15	10.11	NO SOLUTION	472	65	381306	104837
empty24-2.scen	84	576	39	1347	6	0.25	12.21	NO SOLUTION	509	115	485775	137075
empty24-2.scen	84	576	39	1347	7	1.04	14.3	NO SOLUTION	3801	353	591999	170352
empty24-2.scen	84	576	39	1347	8	3.08	18.66	NO SOLUTION	5747	489	714323	207187
empty24-2.scen	84	576	39	1347	9	8.83	25.96	NO SOLUTION	8803	1610	838884	245215
empty24-2.scen	84	576	39	1347	10	12.94	32.75	NO SOLUTION	21150	1967	979334	286585
empty24-2.scen	84	576	39	1347	11	26.97	48.42	OK	22120	3253	1122214	329581
empty24-2.scen	85	576	39	1359	0	0	3.8	NO SOLUTION	0	1	39857	2606
empty24-2.scen	85	576	39	1359	1	0	4.46	NO SOLUTION	0	1	78490	11820
empty24-2.scen	85	576	39	1359	2	0	6.1	NO SOLUTION	0	1	134998	35097
empty24-2.scen	85	576	39	1359	3	0.01	7.05	NO SOLUTION	58	13	206757	49501
empty24-2.scen	85	576	39	1359	4	0.05	9	NO SOLUTION	175	22	294956	77086
empty24-2.scen	85	576	39	1359	5	0.16	10.2	NO SOLUTION	476	65	384042	105446
empty24-2.scen	85	576	39	1359	6	0.22	12.46	NO SOLUTION	433	94	489305	137868
empty24-2.scen	85	576	39	1359	7	0.84	14.29	NO SOLUTION	2421	246	596361	171401
empty24-2.scen	85	576	39	1359	8	5.63	21.41	NO SOLUTION	13147	1061	719674	208477
empty24-2.scen	85	576	39	1359	9	8.67	26.05	NO SOLUTION	12326	1292	845272	246773
empty24-2.scen	85	576	39	1359	10	18.56	38.72	NO SOLUTION	13507	2486	986929	288448
empty24-2.scen	85	576	39	1359	11	31.08	52.89	OK	56795	3939	1131052	331783
empty24-2.scen	86	576	39	1387	0	0	3.86	NO SOLUTION	0	1	40702	2703
empty24-2.scen	86	576	39	1387	1	0	4.58	NO SOLUTION	0	1	80658	12315
empty24-2.scen	86	576	39	1387	2	0	6.25	NO SOLUTION	0	1	139197	36314
empty24-2.scen	86	576	39	1387	3	0.01	7.15	NO SOLUTION	60	10	212785	50829
empty24-2.scen	86	576	39	1387	4	0.06	9.2	NO SOLUTION	176	22	303150	79001
empty24-2.scen	86	576	39	1387	5	0.16	10.43	NO SOLUTION	507	73	394372	107990
empty24-2.scen	86	576	39	1387	6	0.26	12.77	NO SOLUTION	512	112	502052	141207
empty24-2.scen	86	576	39	1387	7	0.96	14.67	NO SOLUTION	3445	282	611616	175486
empty24-2.scen	86	576	39	1387	8	3.19	19.41	NO SOLUTION	5493	650	737683	213377
empty24-2.scen	86	576	39	1387	9	10.34	28.14	NO SOLUTION	10264	1771	866111	252510
empty24-2.scen	86	576	39	1387	10	23.62	44.25	NO SOLUTION	39201	2817	1010825	295113
empty24-2.scen	86	576	39	1387	11	13.37	35.73	OK	55365	2279	1158082	339418
empty24-2.scen	87	576	39	1402	0	0	3.97	NO SOLUTION	0	1	40909	2742
empty24-2.scen	87	576	39	1402	1	0	4.6	NO SOLUTION	0	1	81289	12455
empty24-2.scen	87	576	39	1402	2	0	6.32	NO SOLUTION	0	1	140472	36704
empty24-2.scen	87	576	39	1402	3	0.01	7.22	NO SOLUTION	62	10	214719	51385
empty24-2.scen	87	576	39	1402	4	0.06	9.34	NO SOLUTION	183	25	305945	79755
empty24-2.scen	87	576	39	1402	5	0.17	10.64	NO SOLUTION	516	82	398022	109023
empty24-2.scen	87	576	39	1402	6	0.27	12.96	NO SOLUTION	472	97	506726	142557
empty24-2.scen	87	576	39	1402	7	1.07	14.98	NO SOLUTION	4219	279	617324	177169
empty24-2.scen	87	576	39	1402	8	4.17	20.63	NO SOLUTION	6366	809	744639	215347
empty24-2.scen	87	576	39	1402	9	9.08	27.23	NO SOLUTION	21818	1509	874377	254785
empty24-2.scen	87	576	39	1402	10	34.75	55.68	NO SOLUTION	17820	4292	1020622	297714
empty24-2.scen	87	576	39	1402	11	22.81	45.51	OK	56400	3433	1169469	342400
empty24-2.scen	88	576	39	1413	0	0	4	NO SOLUTION	0	1	40983	2751
empty24-2.scen	88	576	39	1413	1	0	4.7	NO SOLUTION	0	1	81423	12491
empty24-2.scen	88	576	39	1413	2	0	6.43	NO SOLUTION	0	1	140966	36859
empty24-2.scen	88	576	39	1413	3	0.01	7.31	NO SOLUTION	62	10	215558	51699
empty24-2.scen	88	576	39	1413	4	0.06	9.48	NO SOLUTION	184	25	307162	80273
empty24-2.scen	88	576	39	1413	5	0.17	10.79	NO SOLUTION	541	82	399616	109677
empty24-2.scen	88	576	39	1413	6	0.26	13.1	NO SOLUTION	465	90	508822	143294
empty24-2.scen	88	576	39	1413	7	0.94	15.12	NO SOLUTION	2680	294	619979	178012
empty24-2.scen	88	576	39	1413	8	4.65	21.31	NO SOLUTION	5519	715	747961	216314
empty24-2.scen	88	576	39	1413	9	16.55	34.96	NO SOLUTION	11814	2290	878415	255902
empty24-2.scen	88	576	39	1413	10	17.02	38.18	NO SOLUTION	41983	2634	1025517	298988
empty24-2.scen	88	576	39	1413	11	23.15	46.21	OK	49220	2801	1175249	343888
empty24-2.scen	89	576	39	1427	0	0	4.02	NO SOLUTION	0	1	41119	2784
empty24-2.scen	89	576	39	1427	1	0	4.77	NO SOLUTION	0	1	81934	12606
empty24-2.scen	89	576	39	1427	2	0	6.52	NO SOLUTION	0	1	142005	37218
empty24-2.scen	89	576	39	1427	3	0.01	7.4	NO SOLUTION	62	10	217092	52173
empty24-2.scen	89	576	39	1427	4	0.06	9.67	NO SOLUTION	175	22	309291	80909
empty24-2.scen	89	576	39	1427	5	0.16	10.91	NO SOLUTION	522	69	402382	110482
empty24-2.scen	89	576	39	1427	6	0.26	13.28	NO SOLUTION	475	91	512371	144282
empty24-2.scen	89	576	39	1427	7	1.13	15.43	NO SOLUTION	5765	370	624338	179206
empty24-2.scen	89	576	39	1427	8	3.89	20.8	NO SOLUTION	5902	631	753233	217730
empty24-2.scen	89	576	39	1427	9	11.61	30.2	NO SOLUTION	32774	1852	884640	257555
empty24-2.scen	89	576	39	1427	10	26.8	48.33	NO SOLUTION	15510	2941	1032861	300857
empty24-2.scen	89	576	39	1427	11	27.19	50.63	OK	45547	3832	1198360	345710
empty24-2.scen	90	576	39	1450	0	0	4.14	NO SOLUTION	0	1	41683	2860
empty24-2.scen	90	576	39	1450	1	0	4.81	NO SOLUTION	0	1	69730	13805
empty24-2.scen	90	576	39	1450	2	0	6.66	NO SOLUTION	0	1	144893	38094
empty24-2.scen	90	576	39	1450	3	0.01	7.57	NO SOLUTION	64	10	221379	53272
empty24-2.scen	90	576	39	1450	4	0.07	9.85	NO SOLUTION	185	25	315173	82444
empty24-2.scen	90	576	39	1450	5	0.16	11.43	NO SOLUTION	528	66	409968	112464
empty24-2.scen	90	576	39	1450	6	0.28	13.58	NO SOLUTION	489	96	521883	146688
empty24-2.scen	90	576	39	1450	7	1.15	15.81	NO SOLUTION	2207	352	635840	182150
empty24-2.scen	90	576	39	1450	8	4.04	21.53	NO SOLUTION	7266	660	766961	221239
empty24-2.scen	90	576	39	1450	9	13.32	32.39	NO SOLUTION	23187	1786	900647	261705
empty24-2.scen	90	576	39	1450	10	22.45	44.51	NO SOLUTION	15432	2691	1051386	305653
empty24-2.scen	90	576	39	1450	11	15.47	39.4	OK	31342	2259	1219496	351219
empty24-2.scen	91	576	39	1470	0	0	4.18	NO SOLUTION	0	1	41900	2915
empty24-2.scen	91	576	39	1470	1	0	4.93	NO SOLUTION	0	1	70494	13976
empty24-2.scen	91	576	39	1470	2	0	6.72	NO SOLUTION	0	1	146516	38569
empty24-2.scen	91	576	39	1470	3	0.01	7.73	NO SOLUTION	64	10	223823	53778
empty24-2.scen	91	576	39	1470	4	0.07	9.95	NO SOLUTION	186	25	318569	83223
empty24-2.scen	91	576	39	1470	5	0.15	11.55	NO SOLUTION	519	59	414282	113508
empty24-2.scen	91	576	39	1470	6	0.34	13.92	NO SOLUTION	469	102	527266	147993
empty24-2.scen	91	576	39	1470	7	1.15	16.03	NO SOLUTION	2411	351	642278	183770
empty24-2.scen	91	576	39	1470	8	4.36	21.82	NO SOLUTION	8155	671	774650	223213
empty24-2.scen	91	576	39	1470	9	11.82	31.14	NO SOLUTION	11702	1796	909559	264084
empty24-2.scen	91	576	39	1470	10	37.9	60.18	NO SOLUTION	191790	5661	1061721	308381
empty24-2.scen	91	576	39	1470	11	36.52	60.67	OK	59615	4228	1231159	354332
empty24-2.scen	92	576	39	1483	0	0	4.24	NO SOLUTION	0	1	42083	2943
empty24-2.scen	92	576	39	1483	1	0	4.93	NO SOLUTION	0	1	70984	14076
empty24-2.scen	92	576	39	1483	2	0	6.8	NO SOLUTION	0	1	147638	38933
empty24-2.scen	92	576	39	1483	3	0.02	7.82	NO SOLUTION	65	10	225527	54329
empty24-2.scen	92	576	39	1483	4	0.08	10.18	NO SOLUTION	226	35	320957	83998
empty24-2.scen	92	576	39	1483	5	0.16	11.77	NO SOLUTION	536	63	417370	114470
empty24-2.scen	92	576	39	1483	6	0.36	14.07	NO SOLUTION	488	113	531222	149104
empty24-2.scen	92	576	39	1483	7	0.8	15.9	NO SOLUTION	3427	286	647164	185052
empty24-2.scen	92	576	39	1483	8	4.58	22.5	NO SOLUTION	8025	709	780654	224700
empty24-2.scen	92	576	39	1483	9	9.93	29.47	NO SOLUTION	8180	1407	916726	265846
empty24-2.scen	92	576	39	1483	10	22.75	45.56	NO SOLUTION	36161	2907	1070247	310454
empty24-2.scen	92	576	39	1483	11	37.97	62.54	OK	28690	4102	1241111	356761
empty24-2.scen	93	576	39	1490	0	0	4.32	NO SOLUTION	0	1	42127	2948
empty24-2.scen	93	576	39	1490	1	0	5.05	NO SOLUTION	0	1	71084	14099
empty24-2.scen	93	576	39	1490	2	0	6.93	NO SOLUTION	0	1	147943	39024
empty24-2.scen	93	576	39	1490	3	0.01	7.96	NO SOLUTION	65	10	226057	54417
empty24-2.scen	93	576	39	1490	4	0.06	10.27	NO SOLUTION	189	25	321798	84244
empty24-2.scen	93	576	39	1490	5	0.16	11.85	NO SOLUTION	546	63	418535	114843
empty24-2.scen	93	576	39	1490	6	0.28	14.2	NO SOLUTION	470	92	532770	149607
empty24-2.scen	93	576	39	1490	7	0.96	16.38	NO SOLUTION	5849	299	649121	185647
empty24-2.scen	93	576	39	1490	8	5.83	23.91	NO SOLUTION	11252	992	783112	225352
empty24-2.scen	93	576	39	1490	9	12.11	31.87	NO SOLUTION	11123	1648	919705	266617
empty24-2.scen	93	576	39	1490	10	30.24	53.19	NO SOLUTION	24704	3537	1073817	311342
empty24-2.scen	93	576	39	1490	11	19.26	44.17	OK	69870	2445	1245325	357786
empty24-2.scen	94	576	39	1513	0	0	4.34	NO SOLUTION	0	1	42381	3059
empty24-2.scen	94	576	39	1513	1	0	5.08	NO SOLUTION	0	1	72016	14431
empty24-2.scen	94	576	39	1513	2	0	6.97	NO SOLUTION	0	1	149787	39652
empty24-2.scen	94	576	39	1513	3	0.02	8.06	NO SOLUTION	67	10	228812	54979
empty24-2.scen	94	576	39	1513	4	0.07	10.46	NO SOLUTION	227	35	325752	84992
empty24-2.scen	94	576	39	1513	5	0.16	12.1	NO SOLUTION	556	65	423773	115836
empty24-2.scen	94	576	39	1513	6	0.28	14.38	NO SOLUTION	496	93	539583	150935
empty24-2.scen	94	576	39	1513	7	0.95	16.47	NO SOLUTION	3443	283	657575	187344
empty24-2.scen	94	576	39	1513	8	4	22.34	NO SOLUTION	6180	734	793492	227522
empty24-2.scen	94	576	39	1513	9	12.02	32.16	NO SOLUTION	10851	1513	932060	269278
empty24-2.scen	94	576	39	1513	10	31.28	54.56	NO SOLUTION	27009	3849	1088433	314563
empty24-2.scen	94	576	39	1513	11	42.87	68.18	NO SOLUTION	73447	4489	1262275	361593
