empty24-4.scen	1	576	21	21	0	0	0.06	OK	13	1	214	36
empty24-4.scen	2	576	21	36	0	0	0.05	OK	13	1	229	36
empty24-4.scen	3	576	21	55	0	0	0.04	OK	21	1	248	19
empty24-4.scen	4	576	31	86	0	0	0.1	OK	33	1	2222	74
empty24-4.scen	5	576	31	101	0	0	0.12	OK	52	1	2645	97
empty24-4.scen	6	576	31	119	0	0	0.13	OK	70	1	3209	126
empty24-4.scen	7	576	31	126	0	0	0.14	OK	67	1	3286	133
empty24-4.scen	8	576	31	138	0	0	0.14	OK	71	1	3298	133
empty24-4.scen	9	576	31	161	0	0	0.18	OK	63	1	4514	172
empty24-4.scen	10	576	31	173	0	0	0.2	OK	84	1	4812	189
empty24-4.scen	11	576	31	189	0	0	0.21	OK	84	1	4915	190
empty24-4.scen	12	576	31	212	0	0	0.24	OK	109	1	6013	227
empty24-4.scen	13	576	31	214	0	0	0.25	OK	105	1	6014	226
empty24-4.scen	14	576	31	223	0	0	0.26	OK	117	1	6135	231
empty24-4.scen	15	576	31	243	0	0	0.29	OK	108	1	6636	253
empty24-4.scen	16	576	31	264	0	0	0.32	OK	128	1	7161	288
empty24-4.scen	17	576	31	274	0	0	0.32	OK	128	1	7171	288
empty24-4.scen	18	576	31	289	0	0	0.35	OK	124	1	7591	309
empty24-4.scen	19	576	31	299	0	0	0.36	OK	134	1	7596	309
empty24-4.scen	20	576	31	315	0	0	0.38	OK	130	1	8115	333
empty24-4.scen	21	576	31	340	0	0	0.44	OK	176	1	9584	374
empty24-4.scen	22	576	31	353	0	0	0.45	OK	184	1	9670	385
empty24-4.scen	23	576	31	377	0	0	0.5	OK	198	1	10657	426
empty24-4.scen	24	576	31	396	0	0	0.53	OK	210	1	11261	457
empty24-4.scen	25	576	31	412	0	0	0.54	OK	224	1	11553	474
empty24-4.scen	26	576	31	430	0	0	0.59	OK	232	1	12241	502
empty24-4.scen	27	576	33	463	0	0	0.7	OK	261	1	14637	560
empty24-4.scen	28	576	33	480	0	0	0.72	OK	283	1	15158	586
empty24-4.scen	29	576	33	485	0	0	0.74	OK	275	1	15196	589
empty24-4.scen	30	576	33	516	0	0	0.8	OK	294	1	17366	641
empty24-4.scen	31	576	33	528	0	0	0.83	OK	363	2	17572	658
empty24-4.scen	32	576	33	550	0	0	0.86	OK	369	2	18529	691
empty24-4.scen	33	576	33	572	0	0	0.92	OK	423	2	19573	724
empty24-4.scen	34	576	33	591	0	0	0.94	NO SOLUTION	0	1	20337	0
empty24-4.scen	34	576	33	591	1	0.01	1.11	OK	385	5	39540	3383
empty24-4.scen	35	576	33	597	0	0	0.96	NO SOLUTION	0	1	20390	0
empty24-4.scen	35	576	33	597	1	0.01	1.12	OK	390	5	39683	3402
empty24-4.scen	36	576	33	612	0	0	0.98	NO SOLUTION	0	1	20517	0
empty24-4.scen	36	576	33	612	1	0.01	1.14	OK	385	5	39856	3446
empty24-4.scen	37	576	33	640	0	0	1.02	NO SOLUTION	0	1	22286	0
empty24-4.scen	37	576	33	640	1	0.01	1.18	OK	433	5	41736	3700
empty24-4.scen	38	576	33	656	0	0	1.05	NO SOLUTION	0	1	22588	0
empty24-4.scen	38	576	33	656	1	0.01	1.24	OK	413	5	42225	3785
empty24-4.scen	39	576	33	670	0	0	1.08	NO SOLUTION	0	1	22973	0
empty24-4.scen	39	576	33	670	1	0.01	1.28	OK	433	3	42714	3856
empty24-4.scen	40	576	33	682	0	0	1.09	NO SOLUTION	0	1	23088	0
empty24-4.scen	40	576	33	682	1	0.01	1.3	OK	440	3	42945	3896
empty24-4.scen	41	576	33	701	0	0	1.12	NO SOLUTION	0	1	23564	0
empty24-4.scen	41	576	33	701	1	0.01	1.32	OK	439	3	43579	4018
empty24-4.scen	42	576	33	722	0	0	1.16	NO SOLUTION	0	1	24544	0
empty24-4.scen	42	576	33	722	1	0.01	1.36	OK	442	3	44622	4202
empty24-4.scen	43	576	33	728	0	0	1.17	NO SOLUTION	0	1	24517	0
empty24-4.scen	43	576	33	728	1	0.01	1.39	OK	470	4	44661	4171
empty24-4.scen	44	576	33	745	0	0	1.2	NO SOLUTION	0	1	24636	0
empty24-4.scen	44	576	33	745	1	0.01	1.41	OK	477	4	44878	4218
empty24-4.scen	45	576	33	755	0	0	1.22	NO SOLUTION	0	1	24788	0
empty24-4.scen	45	576	33	755	1	0.01	1.42	OK	452	3	45130	4266
empty24-4.scen	46	576	33	766	0	0	1.24	NO SOLUTION	0	1	24896	0
empty24-4.scen	46	576	33	766	1	0.01	1.46	OK	453	3	45266	4267
empty24-4.scen	47	576	33	772	0	0	1.26	NO SOLUTION	0	1	24949	0
empty24-4.scen	47	576	33	772	1	0.01	1.48	OK	492	4	45416	4272
empty24-4.scen	48	576	33	795	0	0	1.29	NO SOLUTION	0	1	25986	0
empty24-4.scen	48	576	33	795	1	0.01	1.53	OK	507	4	46689	4455
empty24-4.scen	49	576	33	805	0	0	1.32	NO SOLUTION	0	1	26156	0
empty24-4.scen	49	576	33	805	1	0.01	1.55	OK	546	4	46914	4450
empty24-4.scen	50	576	33	835	0	0	1.4	NO SOLUTION	0	1	28296	0
empty24-4.scen	50	576	33	835	1	0.01	1.64	OK	497	2	49115	4743
empty24-4.scen	51	576	33	841	0	0	1.42	NO SOLUTION	0	1	28333	0
empty24-4.scen	51	576	33	841	1	0.01	1.65	OK	511	3	49138	4750
empty24-4.scen	52	576	33	851	0	0	1.44	NO SOLUTION	0	1	28325	0
empty24-4.scen	52	576	33	851	1	0.01	1.67	OK	493	3	49210	4732
empty24-4.scen	53	576	33	864	0	0	1.46	NO SOLUTION	0	1	28589	0
empty24-4.scen	53	576	33	864	1	0.01	2.92	NO SOLUTION	483	8	49665	4821
empty24-4.scen	53	576	33	864	2	0.04	2.52	OK	1401	50	78396	17058
empty24-4.scen	54	576	33	882	0	0	1.49	NO SOLUTION	0	1	28790	0
empty24-4.scen	54	576	33	882	1	0.01	2.99	NO SOLUTION	520	23	50085	4921
empty24-4.scen	54	576	33	882	2	0.05	4.34	NO SOLUTION	2430	65	79636	17419
empty24-4.scen	54	576	33	882	3	0.06	2.96	OK	1844	62	123898	30958
empty24-4.scen	55	576	33	904	0	0	1.58	NO SOLUTION	0	1	29275	0
empty24-4.scen	55	576	33	904	1	0.01	3.14	NO SOLUTION	502	15	51298	5137
empty24-4.scen	55	576	33	904	2	0.05	4.47	NO SOLUTION	2135	63	82292	18125
empty24-4.scen	55	576	33	904	3	0.06	3.05	OK	1703	70	127808	32048
empty24-4.scen	56	576	33	918	0	0	1.55	NO SOLUTION	0	1	29415	0
empty24-4.scen	56	576	33	918	1	0.01	3.12	NO SOLUTION	576	24	51606	5203
empty24-4.scen	56	576	33	918	2	0.05	4.53	NO SOLUTION	2009	62	83096	18339
empty24-4.scen	56	576	33	918	3	0.07	3.16	OK	1962	70	129114	32432
empty24-4.scen	57	576	33	925	0	0	1.59	NO SOLUTION	0	1	29504	0
empty24-4.scen	57	576	33	925	1	0.01	3.19	NO SOLUTION	628	27	51769	5219
empty24-4.scen	57	576	33	925	2	0.05	4.67	NO SOLUTION	1894	59	83535	18392
empty24-4.scen	57	576	33	925	3	0.07	3.2	OK	2004	73	129804	32500
empty24-4.scen	58	576	33	954	0	0	1.65	NO SOLUTION	0	1	30428	0
empty24-4.scen	58	576	33	954	1	0.02	3.33	NO SOLUTION	712	30	54650	5812
empty24-4.scen	58	576	33	954	2	0.05	4.78	NO SOLUTION	2013	71	87927	19499
empty24-4.scen	58	576	33	954	3	0.06	3.33	OK	1569	56	136277	34418
empty24-4.scen	59	576	33	971	0	0	1.67	NO SOLUTION	0	1	30748	0
empty24-4.scen	59	576	33	971	1	0.02	3.42	NO SOLUTION	706	30	55664	6014
empty24-4.scen	59	576	33	971	2	0.05	4.9	NO SOLUTION	2145	70	89623	19875
empty24-4.scen	59	576	33	971	3	0.06	3.39	OK	1694	54	138903	35100
empty24-4.scen	60	576	33	985	0	0	1.72	NO SOLUTION	0	1	30905	0
empty24-4.scen	60	576	33	985	1	0.02	3.45	NO SOLUTION	680	33	56290	6143
empty24-4.scen	60	576	33	985	2	0.05	5.01	NO SOLUTION	1939	67	90718	20164
empty24-4.scen	60	576	33	985	3	0.07	3.47	OK	1625	68	140684	35617
empty24-4.scen	61	576	33	990	0	0	1.74	NO SOLUTION	0	1	30910	0
empty24-4.scen	61	576	33	990	1	0.02	3.54	NO SOLUTION	836	41	56361	6094
empty24-4.scen	61	576	33	990	2	0.05	5.09	NO SOLUTION	2109	73	90924	20073
empty24-4.scen	61	576	33	990	3	0.09	5.9	NO SOLUTION	2218	74	141054	35446
empty24-4.scen	61	576	33	990	4	0.13	4.75	OK	2350	85	204107	55605
empty24-4.scen	62	576	33	998	0	0	1.77	NO SOLUTION	0	1	31006	0
empty24-4.scen	62	576	33	998	1	0.02	3.61	NO SOLUTION	721	40	56592	6089
empty24-4.scen	62	576	33	998	2	0.05	5.18	NO SOLUTION	2422	86	91357	20043
empty24-4.scen	62	576	33	998	3	0.09	5.99	NO SOLUTION	2349	75	141755	35433
empty24-4.scen	62	576	33	998	4	0.14	4.85	OK	2223	98	205206	55621
empty24-4.scen	63	576	33	1017	0	0	1.7	NO SOLUTION	0	1	18526	0
empty24-4.scen	63	576	33	1017	1	0	2.1	NO SOLUTION	0	1	56723	0
empty24-4.scen	63	576	33	1017	2	0.07	5.26	NO SOLUTION	2737	94	91838	20114
empty24-4.scen	63	576	33	1017	3	0.09	6.07	NO SOLUTION	2008	86	142670	35663
empty24-4.scen	63	576	33	1017	4	0.16	8.16	NO SOLUTION	2512	115	206813	56106
empty24-4.scen	63	576	33	1017	5	0.28	9.34	NO SOLUTION	2796	126	271679	77691
empty24-4.scen	63	576	33	1017	6	0.46	7.07	OK	3141	160	349343	102992
empty24-4.scen	64	576	33	1033	0	0	1.74	NO SOLUTION	0	1	18735	0
empty24-4.scen	64	576	33	1033	1	0	2.11	NO SOLUTION	0	1	57309	0
empty24-4.scen	64	576	33	1033	2	0.06	5.36	NO SOLUTION	2325	92	92997	20411
empty24-4.scen	64	576	33	1033	3	0.1	6.19	NO SOLUTION	2684	87	144497	36210
empty24-4.scen	64	576	33	1033	4	0.15	8.27	NO SOLUTION	2855	95	209573	56996
empty24-4.scen	64	576	33	1033	5	0.31	9.48	NO SOLUTION	3003	162	275304	79002
empty24-4.scen	64	576	33	1033	6	0.58	7.33	OK	3102	238	354088	104657
empty24-4.scen	65	576	33	1038	0	0	1.76	NO SOLUTION	0	1	18773	0
empty24-4.scen	65	576	33	1038	1	0	2.21	NO SOLUTION	0	1	57396	0
empty24-4.scen	65	576	33	1038	2	0.06	5.46	NO SOLUTION	2346	90	93239	20402
empty24-4.scen	65	576	33	1038	3	0.09	6.26	NO SOLUTION	2209	87	144904	36218
empty24-4.scen	65	576	33	1038	4	0.16	8.35	NO SOLUTION	2748	103	210246	57033
empty24-4.scen	65	576	33	1038	5	0.31	9.57	NO SOLUTION	3091	151	276258	79080
empty24-4.scen	65	576	33	1038	6	0.47	7.37	OK	3262	198	355437	104798
empty24-4.scen	66	576	33	1051	0	0	1.79	NO SOLUTION	0	1	18977	0
empty24-4.scen	66	576	33	1051	1	0	2.24	NO SOLUTION	0	1	57987	0
empty24-4.scen	66	576	33	1051	2	0.06	5.52	NO SOLUTION	2248	81	94335	20711
empty24-4.scen	66	576	33	1051	3	0.1	6.37	NO SOLUTION	2710	90	146511	36754
empty24-4.scen	66	576	33	1051	4	0.16	8.56	NO SOLUTION	2772	105	212563	57729
empty24-4.scen	66	576	33	1051	5	0.29	9.75	NO SOLUTION	3055	129	279277	79929
empty24-4.scen	66	576	33	1051	6	0.46	7.4	OK	3036	165	359452	105831
empty24-4.scen	67	576	33	1067	0	0	1.85	NO SOLUTION	0	1	19277	0
empty24-4.scen	67	576	33	1067	1	0	2.28	NO SOLUTION	0	1	58723	0
empty24-4.scen	67	576	33	1067	2	0.07	5.67	NO SOLUTION	2677	97	95722	21135
empty24-4.scen	67	576	33	1067	3	0.11	6.54	NO SOLUTION	2682	101	148565	37375
empty24-4.scen	67	576	33	1067	4	0.17	8.79	NO SOLUTION	3114	111	215468	58552
empty24-4.scen	67	576	33	1067	5	0.34	9.94	NO SOLUTION	3489	158	283119	80941
empty24-4.scen	67	576	33	1067	6	0.49	7.66	OK	3527	179	364468	107081
empty24-4.scen	68	576	33	1085	0	0	1.88	NO SOLUTION	0	1	19601	0
empty24-4.scen	68	576	33	1085	1	0	2.33	NO SOLUTION	0	1	59544	0
empty24-4.scen	68	576	33	1085	2	0.06	5.71	NO SOLUTION	2161	75	97365	21580
empty24-4.scen	68	576	33	1085	3	0.1	6.63	NO SOLUTION	2810	103	151024	38139
empty24-4.scen	68	576	33	1085	4	0.18	8.89	NO SOLUTION	3158	124	218802	59669
empty24-4.scen	68	576	33	1085	5	0.3	10.23	NO SOLUTION	2478	106	287337	82365
empty24-4.scen	68	576	33	1085	6	0.57	7.87	OK	3754	225	369621	108827
empty24-4.scen	69	576	33	1096	0	0	1.89	NO SOLUTION	0	1	19731	0
empty24-4.scen	69	576	33	1096	1	0	2.37	NO SOLUTION	0	1	59853	0
empty24-4.scen	69	576	33	1096	2	0.06	5.81	NO SOLUTION	2313	72	98106	21773
empty24-4.scen	69	576	33	1096	3	0.09	6.72	NO SOLUTION	2353	87	152224	38511
empty24-4.scen	69	576	33	1096	4	0.18	9.02	NO SOLUTION	3228	118	220603	60264
empty24-4.scen	69	576	33	1096	5	0.33	10.29	NO SOLUTION	3198	142	289780	83143
empty24-4.scen	69	576	33	1096	6	0.49	7.91	OK	3377	174	372821	109842
empty24-4.scen	70	576	33	1112	0	0	1.92	NO SOLUTION	0	1	19841	0
empty24-4.scen	70	576	33	1112	1	0	2.41	NO SOLUTION	0	1	60026	0
empty24-4.scen	70	576	33	1112	2	0.06	5.98	NO SOLUTION	2428	81	98787	21931
empty24-4.scen	70	576	33	1112	3	0.1	6.86	NO SOLUTION	2290	75	153317	38819
empty24-4.scen	70	576	33	1112	4	0.18	9.11	NO SOLUTION	2760	99	222354	60736
empty24-4.scen	70	576	33	1112	5	0.31	10.32	NO SOLUTION	3061	119	292188	83812
empty24-4.scen	70	576	33	1112	6	0.6	8.15	OK	3287	221	376134	110678
empty24-4.scen	71	576	33	1122	0	0	1.97	NO SOLUTION	0	1	19954	0
empty24-4.scen	71	576	33	1122	1	0	2.45	NO SOLUTION	0	1	60287	0
empty24-4.scen	71	576	33	1122	2	0.07	6.07	NO SOLUTION	2534	94	99435	22012
empty24-4.scen	71	576	33	1122	3	0.13	6.98	NO SOLUTION	3076	103	154288	39014
empty24-4.scen	71	576	33	1122	4	0.21	9.29	NO SOLUTION	3150	117	223793	61055
empty24-4.scen	71	576	33	1122	5	0.41	10.54	NO SOLUTION	3303	153	294090	84220
empty24-4.scen	71	576	33	1122	6	1.04	14	NO SOLUTION	3917	350	378644	111221
empty24-4.scen	71	576	33	1122	7	0.82	9.37	OK	3534	193	464328	139035
empty24-4.scen	72	576	33	1136	0	0	2	NO SOLUTION	0	1	20179	0
empty24-4.scen	72	576	33	1136	1	0	2.44	NO SOLUTION	0	1	47173	0
empty24-4.scen	72	576	33	1136	2	0.07	6.2	NO SOLUTION	2873	80	100516	22285
empty24-4.scen	72	576	33	1136	3	0.2	7.17	NO SOLUTION	3496	150	155916	39411
empty24-4.scen	72	576	33	1136	4	0.28	9.43	NO SOLUTION	2943	131	226176	61641
empty24-4.scen	72	576	33	1136	5	0.4	10.7	NO SOLUTION	3141	137	297222	85047
empty24-4.scen	72	576	33	1136	6	1.48	14.53	NO SOLUTION	4174	485	382715	112337
empty24-4.scen	72	576	33	1136	7	0.91	9.59	OK	3438	251	469355	140402
empty24-4.scen	73	576	33	1155	0	0	2.08	NO SOLUTION	0	1	20638	0
empty24-4.scen	73	576	33	1155	1	0	2.5	NO SOLUTION	0	1	48181	0
empty24-4.scen	73	576	33	1155	2	0.07	6.3	NO SOLUTION	2731	74	102591	22838
empty24-4.scen	73	576	33	1155	3	0.21	7.33	NO SOLUTION	3718	152	159044	40314
empty24-4.scen	73	576	33	1155	4	0.29	9.62	NO SOLUTION	3348	118	230577	62980
empty24-4.scen	73	576	33	1155	5	0.42	10.94	NO SOLUTION	3182	124	302844	86743
empty24-4.scen	73	576	33	1155	6	1.04	14.5	NO SOLUTION	4161	298	389834	114405
empty24-4.scen	73	576	33	1155	7	1.03	9.5	OK	4087	244	478029	142805
empty24-4.scen	74	576	33	1164	0	0	2.06	NO SOLUTION	0	1	20701	0
empty24-4.scen	74	576	33	1164	1	0	2.54	NO SOLUTION	0	1	48324	0
empty24-4.scen	74	576	33	1164	2	0.08	6.37	NO SOLUTION	2868	80	102971	22863
empty24-4.scen	74	576	33	1164	3	0.22	7.46	NO SOLUTION	3896	169	159667	40364
empty24-4.scen	74	576	33	1164	4	0.29	9.8	NO SOLUTION	3205	134	231584	63082
empty24-4.scen	74	576	33	1164	5	0.42	11.09	NO SOLUTION	3812	138	304283	86917
empty24-4.scen	74	576	33	1164	6	1.38	14.93	NO SOLUTION	4638	408	391887	114731
empty24-4.scen	74	576	33	1164	7	0.88	9.46	OK	4047	208	480713	143315
empty24-4.scen	75	576	33	1185	0	0	2.15	NO SOLUTION	0	1	21249	0
empty24-4.scen	75	576	33	1185	1	0	2.59	NO SOLUTION	0	1	49538	0
empty24-4.scen	75	576	33	1185	2	0.08	6.56	NO SOLUTION	2527	76	105390	23557
empty24-4.scen	75	576	33	1185	3	0.22	7.59	NO SOLUTION	3503	165	163334	41451
empty24-4.scen	75	576	33	1185	4	0.31	10	NO SOLUTION	3281	146	236657	64518
empty24-4.scen	75	576	33	1185	5	0.41	11.36	NO SOLUTION	3483	124	310881	88774
empty24-4.scen	75	576	33	1185	6	1.15	14.99	NO SOLUTION	4364	310	400190	117061
empty24-4.scen	75	576	33	1185	7	0.9	9.66	OK	3695	168	490771	146192
empty24-4.scen	76	576	33	1200	0	0	2.2	NO SOLUTION	0	1	21517	0
empty24-4.scen	76	576	33	1200	1	0	2.64	NO SOLUTION	0	1	50163	0
empty24-4.scen	76	576	33	1200	2	0.08	6.65	NO SOLUTION	2773	87	106782	23940
empty24-4.scen	76	576	33	1200	3	0.2	7.73	NO SOLUTION	3392	124	165429	42142
empty24-4.scen	76	576	33	1200	4	0.31	10.16	NO SOLUTION	3566	167	239599	65531
empty24-4.scen	76	576	33	1200	5	0.43	11.64	NO SOLUTION	3883	130	314731	90088
empty24-4.scen	76	576	33	1200	6	1.23	15.28	NO SOLUTION	4551	323	405007	118678
empty24-4.scen	76	576	33	1200	7	0.94	9.88	OK	4126	187	496613	148085
empty24-4.scen	77	576	33	1219	0	0	2.25	NO SOLUTION	0	1	21966	0
empty24-4.scen	77	576	33	1219	1	0	2.68	NO SOLUTION	0	1	51198	0
empty24-4.scen	77	576	33	1219	2	0.08	6.79	NO SOLUTION	2908	110	108745	24164
empty24-4.scen	77	576	33	1219	3	0.21	7.88	NO SOLUTION	3442	144	168279	42601
empty24-4.scen	77	576	33	1219	4	0.53	10.62	NO SOLUTION	4525	256	243620	66192
empty24-4.scen	77	576	33	1219	5	0.45	11.8	NO SOLUTION	3929	135	319966	91009
empty24-4.scen	77	576	33	1219	6	0.9	15.2	NO SOLUTION	4496	283	411783	119919
empty24-4.scen	77	576	33	1219	7	0.96	10.04	OK	4482	236	504969	149687
empty24-4.scen	78	576	33	1228	0	0	2.3	NO SOLUTION	0	1	22053	0
empty24-4.scen	78	576	33	1228	1	0	2.75	NO SOLUTION	0	1	51395	0
empty24-4.scen	78	576	33	1228	2	0.08	6.9	NO SOLUTION	3395	85	109181	24293
empty24-4.scen	78	576	33	1228	3	0.21	8	NO SOLUTION	3750	147	168971	42834
empty24-4.scen	78	576	33	1228	4	0.5	10.68	NO SOLUTION	4268	243	244596	66630
empty24-4.scen	78	576	33	1228	5	0.62	12.11	NO SOLUTION	4502	227	321257	91547
empty24-4.scen	78	576	33	1228	6	1.09	15.64	NO SOLUTION	4513	334	413427	120606
empty24-4.scen	78	576	33	1228	7	1.01	10.27	OK	4431	223	507019	150401
empty24-4.scen	79	576	33	1238	0	0	2.29	NO SOLUTION	0	1	22122	0
empty24-4.scen	79	576	33	1238	1	0	2.78	NO SOLUTION	0	1	51556	0
empty24-4.scen	79	576	33	1238	2	0.1	6.99	NO SOLUTION	4396	96	109633	24425
empty24-4.scen	79	576	33	1238	3	0.22	8.16	NO SOLUTION	3745	151	169690	43072
empty24-4.scen	79	576	33	1238	4	0.59	10.87	NO SOLUTION	5057	295	245760	66970
empty24-4.scen	79	576	33	1238	5	0.66	12.29	NO SOLUTION	4610	220	322868	92039
empty24-4.scen	79	576	33	1238	6	0.96	15.58	NO SOLUTION	4806	289	415678	121275
empty24-4.scen	79	576	33	1238	7	1.05	10.35	OK	4132	248	509887	151269
empty24-4.scen	80	576	35	1273	0	0	2.71	NO SOLUTION	0	1	23533	0
empty24-4.scen	80	576	35	1273	1	0	3.18	NO SOLUTION	0	1	54742	0
empty24-4.scen	80	576	35	1273	2	0.11	7.93	NO SOLUTION	4060	120	115699	25722
empty24-4.scen	80	576	35	1273	3	0.31	9.3	NO SOLUTION	4749	225	178629	45162
empty24-4.scen	80	576	35	1273	4	0.46	11.98	NO SOLUTION	4754	222	257802	69944
empty24-4.scen	80	576	35	1273	5	0.77	13.72	NO SOLUTION	5050	249	338054	95889
empty24-4.scen	80	576	35	1273	6	1.11	17.33	NO SOLUTION	5214	328	434176	126181
empty24-4.scen	80	576	35	1273	7	2.76	20	NO SOLUTION	6255	644	531749	157097
empty24-4.scen	80	576	35	1273	8	6.34	18.78	OK	7836	1052	644989	191800
empty24-4.scen	81	576	35	1306	0	0	2.71	NO SOLUTION	0	1	24789	0
empty24-4.scen	81	576	35	1306	1	0	3.28	NO SOLUTION	0	1	57764	0
empty24-4.scen	81	576	35	1306	2	0.11	8.28	NO SOLUTION	3757	94	121383	27039
empty24-4.scen	81	576	35	1306	3	0.31	9.53	NO SOLUTION	5073	216	186998	47265
empty24-4.scen	81	576	35	1306	4	0.45	12.35	NO SOLUTION	4242	176	269090	72860
empty24-4.scen	81	576	35	1306	5	0.76	14.26	NO SOLUTION	4888	247	352330	99739
empty24-4.scen	81	576	35	1306	6	1.24	18.14	NO SOLUTION	9528	260	451714	130919
empty24-4.scen	81	576	35	1306	7	2.09	19.86	NO SOLUTION	5377	417	552718	162723
empty24-4.scen	81	576	35	1306	8	6.45	19.28	OK	8390	992	669702	198385
empty24-4.scen	82	576	35	1317	0	0	2.77	NO SOLUTION	0	1	24950	0
empty24-4.scen	82	576	35	1317	1	0	3.33	NO SOLUTION	0	1	58138	0
empty24-4.scen	82	576	35	1317	2	0.15	8.36	NO SOLUTION	5029	107	122184	27021
empty24-4.scen	82	576	35	1317	3	0.33	9.68	NO SOLUTION	4253	249	188208	47175
empty24-4.scen	82	576	35	1317	4	0.65	12.72	NO SOLUTION	5025	277	270858	72766
empty24-4.scen	82	576	35	1317	5	1.81	15.5	NO SOLUTION	15147	624	354706	99638
empty24-4.scen	82	576	35	1317	6	4.09	21.11	NO SOLUTION	6448	1029	454898	130889
empty24-4.scen	82	576	35	1317	7	6.28	24.4	NO SOLUTION	9373	1450	556724	162859
empty24-4.scen	82	576	35	1317	8	9.55	31.3	NO SOLUTION	12218	1533	674755	198770
empty24-4.scen	82	576	35	1317	9	10.36	24.93	OK	11581	1425	795118	235726
empty24-4.scen	83	576	35	1342	0	0	2.81	NO SOLUTION	0	1	25717	0
empty24-4.scen	83	576	35	1342	1	0	3.38	NO SOLUTION	0	1	59792	0
empty24-4.scen	83	576	35	1342	2	0.19	8.58	NO SOLUTION	5460	191	125337	27896
empty24-4.scen	83	576	35	1342	3	0.35	9.86	NO SOLUTION	5425	224	192847	48460
empty24-4.scen	83	576	35	1342	4	1.11	13.47	NO SOLUTION	6521	539	277310	74568
empty24-4.scen	83	576	35	1342	5	1.09	15.07	NO SOLUTION	6297	418	363034	101983
empty24-4.scen	83	576	35	1342	6	3.13	20.58	NO SOLUTION	34277	773	465357	133857
empty24-4.scen	83	576	35	1342	7	2.59	21.13	NO SOLUTION	6071	579	569383	166438
empty24-4.scen	83	576	35	1342	8	14.52	36.79	NO SOLUTION	14375	2035	689833	203010
empty24-4.scen	83	576	35	1342	9	11.31	25.89	OK	10328	1603	812649	240691
empty24-4.scen	84	576	35	1369	0	0	2.89	NO SOLUTION	0	1	26591	0
empty24-4.scen	84	576	35	1369	1	0	3.45	NO SOLUTION	0	1	61739	0
empty24-4.scen	84	576	35	1369	2	0.23	8.85	NO SOLUTION	5537	166	129198	28738
empty24-4.scen	84	576	35	1369	3	0.48	10.33	NO SOLUTION	5321	337	198585	49839
empty24-4.scen	84	576	35	1369	4	1.27	13.91	NO SOLUTION	6791	506	285145	76521
empty24-4.scen	84	576	35	1369	5	0.89	15.14	NO SOLUTION	6899	276	372892	104591
empty24-4.scen	84	576	35	1369	6	4.03	20.97	NO SOLUTION	7351	1018	477397	137082
empty24-4.scen	84	576	35	1369	7	3.88	22.78	NO SOLUTION	7528	786	583614	170347
empty24-4.scen	84	576	35	1369	8	10.32	33.13	NO SOLUTION	9268	1683	706464	207548
empty24-4.scen	84	576	35	1369	9	15.86	30.61	OK	20936	2173	831688	245953
empty24-4.scen	85	576	35	1379	0	0	2.96	NO SOLUTION	0	1	26698	0
empty24-4.scen	85	576	35	1379	1	0	3.52	NO SOLUTION	0	1	61974	0
empty24-4.scen	85	576	35	1379	2	0.16	8.85	NO SOLUTION	4506	127	129765	28771
empty24-4.scen	85	576	35	1379	3	0.32	10.24	NO SOLUTION	3976	188	199444	49918
empty24-4.scen	85	576	35	1379	4	2.58	15.41	NO SOLUTION	8264	1087	286452	76587
empty24-4.scen	85	576	35	1379	5	2.08	16.58	NO SOLUTION	7265	699	374685	104672
empty24-4.scen	85	576	35	1379	6	3.44	20.76	NO SOLUTION	17411	708	479875	137233
empty24-4.scen	85	576	35	1379	7	4.53	23.66	NO SOLUTION	10361	767	586801	170615
empty24-4.scen	85	576	35	1379	8	17.95	40.96	NO SOLUTION	13616	2414	710568	207965
empty24-4.scen	85	576	35	1379	9	17.83	32.87	OK	10151	2043	836749	246559
empty24-4.scen	86	576	35	1397	0	0	2.96	NO SOLUTION	0	1	26849	0
empty24-4.scen	86	576	35	1397	1	0	3.54	NO SOLUTION	0	1	62280	0
empty24-4.scen	86	576	35	1397	2	0.17	8.95	NO SOLUTION	4373	106	130509	29054
empty24-4.scen	86	576	35	1397	3	0.64	10.67	NO SOLUTION	6304	331	200650	50361
empty24-4.scen	86	576	35	1397	4	3.37	16.38	NO SOLUTION	11917	1345	288349	77224
empty24-4.scen	86	576	35	1397	5	3.35	18.05	NO SOLUTION	8457	942	377300	105514
empty24-4.scen	86	576	35	1397	6	4.3	22.15	NO SOLUTION	8517	1037	483443	138303
empty24-4.scen	86	576	35	1397	7	8.34	27.69	NO SOLUTION	17696	1512	591366	171936
empty24-4.scen	86	576	35	1397	8	21.52	44.95	NO SOLUTION	12556	2963	716277	209582
empty24-4.scen	86	576	35	1397	9	32.07	57.32	NO SOLUTION	14001	3963	843642	248458
empty24-4.scen	86	576	35	1397	10	34.28	52.09	OK	57652	2802	988086	290977
empty24-4.scen	87	576	35	1417	0	0	3.02	NO SOLUTION	0	1	27364	0
empty24-4.scen	87	576	35	1417	1	0	3.62	NO SOLUTION	0	1	63322	0
empty24-4.scen	87	576	35	1417	2	0.2	9.1	NO SOLUTION	4970	154	132525	29591
empty24-4.scen	87	576	35	1417	3	0.55	10.76	NO SOLUTION	6838	341	203624	51204
empty24-4.scen	87	576	35	1417	4	2.87	16.06	NO SOLUTION	10140	1203	292570	78413
empty24-4.scen	87	576	35	1417	5	2.38	17.3	NO SOLUTION	14407	843	382785	107057
empty24-4.scen	87	576	35	1417	6	3.68	21.6	NO SOLUTION	12916	933	490500	140282
empty24-4.scen	87	576	35	1417	7	5.81	25.59	NO SOLUTION	22809	1132	600050	174368
empty24-4.scen	87	576	35	1417	8	25.97	49.66	NO SOLUTION	16702	3053	726804	212584
empty24-4.scen	87	576	35	1417	9	53.02	78.84	NO SOLUTION	19799	5412	856083	251993
