empty08-2.scen	1	64	4	4	0	0	0.01	OK	2	1	23	2
empty08-2.scen	2	64	4	7	0	0	0.01	OK	4	1	39	3
empty08-2.scen	3	64	8	15	0	0	0.01	OK	7	1	90	9
empty08-2.scen	4	64	9	24	0	0	0.01	OK	12	1	231	19
empty08-2.scen	5	64	9	33	0	0	0.01	OK	19	1	313	26
empty08-2.scen	6	64	11	44	0	0	0.02	OK	23	1	551	41
empty08-2.scen	7	64	11	50	0	0	0.02	OK	21	1	589	42
empty08-2.scen	8	64	11	58	0	0	0.02	OK	22	1	698	47
empty08-2.scen	9	64	11	58	0	0	0.02	OK	25	1	693	38
empty08-2.scen	10	64	11	60	0	0	0.02	OK	22	1	702	37
empty08-2.scen	11	64	12	72	0	0	0.03	OK	27	1	1008	51
empty08-2.scen	12	64	12	80	0	0	0.03	OK	29	1	1079	53
empty08-2.scen	13	64	12	80	0	0	0.03	OK	26	1	1074	52
empty08-2.scen	14	64	12	84	0	0	0.04	OK	22	1	1103	50
empty08-2.scen	15	64	12	89	0	0	0.03	NO SOLUTION	0	1	1122	0
empty08-2.scen	15	64	12	89	1	0	0.04	NO SOLUTION	0	1	2076	0
empty08-2.scen	15	64	12	89	2	0	0.07	OK	49	11	4911	1054
empty08-2.scen	16	64	12	97	0	0	0.04	NO SOLUTION	0	1	1193	0
empty08-2.scen	16	64	12	97	1	0	0.05	NO SOLUTION	0	1	2254	0
empty08-2.scen	16	64	12	97	2	0	0.08	OK	60	12	5292	1172
empty08-2.scen	17	64	12	106	0	0	0.04	NO SOLUTION	0	1	1334	0
empty08-2.scen	17	64	12	106	1	0	0.05	NO SOLUTION	0	1	2538	0
empty08-2.scen	17	64	12	106	2	0	0.09	OK	68	12	5897	1313
empty08-2.scen	18	64	12	114	0	0	0.04	NO SOLUTION	0	1	1423	0
empty08-2.scen	18	64	12	114	1	0	0.06	NO SOLUTION	0	1	2762	0
empty08-2.scen	18	64	12	114	2	0	0.16	NO SOLUTION	98	15	6391	1457
empty08-2.scen	18	64	12	114	3	0	0.12	OK	82	17	10278	2594
empty08-2.scen	19	64	12	125	0	0	0.04	NO SOLUTION	0	1	1310	0
empty08-2.scen	19	64	12	125	1	0	0.06	NO SOLUTION	0	1	3194	0
empty08-2.scen	19	64	12	125	2	0	0.17	NO SOLUTION	103	15	7142	1672
empty08-2.scen	19	64	12	125	3	0	0.13	OK	92	18	11423	2914
empty08-2.scen	20	64	12	128	0	0	0.05	NO SOLUTION	0	1	1326	0
empty08-2.scen	20	64	12	128	1	0	0.06	NO SOLUTION	0	1	3238	0
empty08-2.scen	20	64	12	128	2	0	0.19	NO SOLUTION	70	19	7278	1566
empty08-2.scen	20	64	12	128	3	0	0.22	NO SOLUTION	62	15	11659	2778
empty08-2.scen	20	64	12	128	4	0.01	0.19	OK	94	35	17058	4660
empty08-2.scen	21	64	12	130	0	0	0.05	NO SOLUTION	0	1	1336	0
empty08-2.scen	21	64	12	130	1	0	0.07	NO SOLUTION	0	1	3265	0
empty08-2.scen	21	64	12	130	2	0	0.18	NO SOLUTION	74	24	7361	1576
empty08-2.scen	21	64	12	130	3	0	0.24	NO SOLUTION	53	20	11799	2794
empty08-2.scen	21	64	12	130	4	0.01	0.19	OK	99	32	17288	4691
empty08-2.scen	22	64	12	137	0	0	0.05	NO SOLUTION	0	1	1728	0
empty08-2.scen	22	64	12	137	1	0	0.07	NO SOLUTION	0	1	3378	0
empty08-2.scen	22	64	12	137	2	0	0.2	NO SOLUTION	85	22	7660	1644
empty08-2.scen	22	64	12	137	3	0	0.24	NO SOLUTION	54	20	12278	2913
empty08-2.scen	22	64	12	137	4	0.01	0.2	OK	75	31	18003	4905
empty08-2.scen	23	64	12	141	0	0	0.05	NO SOLUTION	0	1	1751	0
empty08-2.scen	23	64	12	141	1	0	0.07	NO SOLUTION	0	1	3436	0
empty08-2.scen	23	64	12	141	2	0	0.2	NO SOLUTION	86	25	7823	1694
empty08-2.scen	23	64	12	141	3	0	0.25	NO SOLUTION	56	21	12533	2999
empty08-2.scen	23	64	12	141	4	0.01	0.21	OK	88	38	18385	5015
empty08-2.scen	24	64	12	150	0	0	0.05	NO SOLUTION	0	1	1855	0
empty08-2.scen	24	64	12	150	1	0	0.07	NO SOLUTION	0	1	3654	0
empty08-2.scen	24	64	12	150	2	0	0.22	NO SOLUTION	57	22	8285	1787
empty08-2.scen	24	64	12	150	3	0	0.26	NO SOLUTION	70	14	13236	3195
empty08-2.scen	24	64	12	150	4	0.01	0.22	OK	61	21	19394	5261
empty08-2.scen	25	64	12	159	0	0	0.06	NO SOLUTION	0	1	1641	0
empty08-2.scen	25	64	12	159	1	0	0.07	NO SOLUTION	0	1	3922	0
empty08-2.scen	25	64	12	159	2	0	0.13	NO SOLUTION	0	1	8853	0
empty08-2.scen	25	64	12	159	3	0.01	0.28	NO SOLUTION	103	27	14082	3281
empty08-2.scen	25	64	12	159	4	0.01	0.39	NO SOLUTION	126	68	20571	5408
empty08-2.scen	25	64	12	159	5	0.03	0.48	NO SOLUTION	143	86	27218	7569
empty08-2.scen	25	64	12	159	6	0.06	0.62	NO SOLUTION	279	156	34960	10070
empty08-2.scen	25	64	12	159	7	0.14	0.8	NO SOLUTION	497	262	42901	12636
empty08-2.scen	25	64	12	159	8	0.48	0.95	OK	1066	680	51820	15458
empty08-2.scen	26	64	12	163	0	0	0.06	NO SOLUTION	0	1	1644	0
empty08-2.scen	26	64	12	163	1	0	0.08	NO SOLUTION	0	1	3949	0
empty08-2.scen	26	64	12	163	2	0	0.14	NO SOLUTION	0	1	8945	0
empty08-2.scen	26	64	12	163	3	0.01	0.3	NO SOLUTION	59	25	14244	3234
empty08-2.scen	26	64	12	163	4	0.01	0.4	NO SOLUTION	92	44	20834	5417
empty08-2.scen	26	64	12	163	5	0.04	0.51	NO SOLUTION	220	127	27584	7560
empty08-2.scen	26	64	12	163	6	0.09	0.67	NO SOLUTION	377	258	35473	10023
empty08-2.scen	26	64	12	163	7	0.09	0.75	NO SOLUTION	302	156	43569	12583
empty08-2.scen	26	64	12	163	8	0.46	0.95	OK	885	579	52690	15397
empty08-2.scen	27	64	12	171	0	0	0.06	NO SOLUTION	0	1	1741	0
empty08-2.scen	27	64	12	171	1	0	0.08	NO SOLUTION	0	1	4159	0
empty08-2.scen	27	64	12	171	2	0	0.14	NO SOLUTION	0	1	9418	0
empty08-2.scen	27	64	12	171	3	0.01	0.3	NO SOLUTION	60	34	14975	3290
empty08-2.scen	27	64	12	171	4	0.02	0.42	NO SOLUTION	171	89	21925	5565
empty08-2.scen	27	64	12	171	5	0.05	0.54	NO SOLUTION	319	153	29046	7788
empty08-2.scen	27	64	12	171	6	0.28	0.89	NO SOLUTION	896	603	37353	10335
empty08-2.scen	27	64	12	171	7	0.58	1.29	NO SOLUTION	1303	967	45872	13006
empty08-2.scen	27	64	12	171	8	1.59	2.44	NO SOLUTION	2821	2065	55416	15939
empty08-2.scen	27	64	12	171	9	2.47	3.44	NO SOLUTION	3072	2185	65160	19020
empty08-2.scen	27	64	12	171	10	1.82	2.5	OK	2016	1357	75669	22301
empty08-2.scen	28	64	12	175	0	0	0.06	NO SOLUTION	0	1	1765	0
empty08-2.scen	28	64	12	175	1	0	0.08	NO SOLUTION	0	1	4216	0
empty08-2.scen	28	64	12	175	2	0	0.14	NO SOLUTION	0	1	9572	0
empty08-2.scen	28	64	12	175	3	0.03	0.38	OK	436	162	30455	5928
empty08-2.scen	29	64	12	182	0	0	0.06	NO SOLUTION	0	1	1789	0
empty08-2.scen	29	64	12	182	1	0	0.08	NO SOLUTION	0	1	4269	0
empty08-2.scen	29	64	12	182	2	0	0.15	NO SOLUTION	0	1	9770	0
empty08-2.scen	29	64	12	182	3	0.02	0.39	OK	372	114	31154	6358
empty08-2.scen	30	64	12	187	0	0	0.06	NO SOLUTION	0	1	1831	0
empty08-2.scen	30	64	12	187	1	0	0.09	NO SOLUTION	0	1	4368	0
empty08-2.scen	30	64	12	187	2	0	0.15	NO SOLUTION	0	1	9997	0
empty08-2.scen	30	64	12	187	3	0.02	0.4	NO SOLUTION	259	128	15932	3282
empty08-2.scen	30	64	12	187	4	0.14	0.64	NO SOLUTION	712	471	23444	5698
empty08-2.scen	30	64	12	187	5	1.05	1.62	NO SOLUTION	3115	2390	31160	8058
empty08-2.scen	30	64	12	187	6	7.77	8.55	OK	14758	11632	80488	21632
empty08-2.scen	31	64	12	189	0	0	0.06	NO SOLUTION	0	1	1833	0
empty08-2.scen	31	64	12	189	1	0	0.09	NO SOLUTION	0	1	4385	0
empty08-2.scen	31	64	12	189	2	0	0.16	NO SOLUTION	0	1	10073	0
empty08-2.scen	31	64	12	189	3	0	0.19	NO SOLUTION	0	1	16071	0
empty08-2.scen	31	64	12	189	4	0	0.28	NO SOLUTION	0	1	23710	0
empty08-2.scen	31	64	12	189	5	1.07	1.71	NO SOLUTION	3625	2682	31563	8020
empty08-2.scen	31	64	12	189	6	6.82	7.6	NO SOLUTION	12747	10269	40855	10786
empty08-2.scen	31	64	12	189	7	11.22	12.09	NO SOLUTION	15476	12177	50425	13719
empty08-2.scen	31	64	12	189	8	27.75	28.79	NO SOLUTION	28365	22357	61230	16967
empty08-2.scen	31	64	12	189	9	100.21	101.51	OK	90922	72562	144548	40802
empty08-2.scen	32	64	12	192	0	0	0.07	NO SOLUTION	0	1	1851	0
empty08-2.scen	32	64	12	192	1	0	0.09	NO SOLUTION	0	1	4430	0
empty08-2.scen	32	64	12	192	2	0	0.16	NO SOLUTION	0	1	10201	0
empty08-2.scen	32	64	12	192	3	0	0.2	NO SOLUTION	0	1	16288	0
empty08-2.scen	32	64	12	192	4	0	0.29	NO SOLUTION	0	1	24077	0
empty08-2.scen	32	64	12	192	5	8.49	9.34	NO SOLUTION	25067	19846	32096	7564
empty08-2.scen	32	64	12	192	6	60.32	61.33	NO SOLUTION	116716	95674	41616	10341
empty08-2.scen	32	64	12	192	7	108	109.08	NO SOLUTION	145119	118544	51427	13311
