empty08-3.scen	1	64	8	8	0	0	0.01	OK	3	0	71	10
empty08-3.scen	2	64	8	11	0	0	0.01	OK	6	0	87	7
empty08-3.scen	3	64	8	18	0	0	0.01	OK	13	0	164	14
empty08-3.scen	4	64	8	19	0	0	0.01	OK	12	0	165	12
empty08-3.scen	5	64	8	25	0	0	0.01	OK	17	0	216	16
empty08-3.scen	6	64	8	28	0	0	0.01	OK	16	0	234	16
empty08-3.scen	7	64	8	28	0	0	0.01	OK	16	0	234	16
empty08-3.scen	8	64	12	40	0	0	0.02	OK	20	0	521	31
empty08-3.scen	9	64	12	44	0	0	0.02	OK	18	0	524	28
empty08-3.scen	10	64	12	48	0	0	0.02	OK	18	0	550	30
empty08-3.scen	11	64	12	49	0	0	0.02	OK	16	0	547	27
empty08-3.scen	12	64	12	50	0	0	0.02	OK	18	0	548	22
empty08-3.scen	13	64	12	59	0	0	0.03	OK	9	0	693	22
empty08-3.scen	14	64	12	61	0	0	0.03	OK	9	0	699	22
empty08-3.scen	15	64	12	71	0	0	0.03	NO SOLUTION	0	1	878	65
empty08-3.scen	15	64	12	71	1	0	0.04	OK	24	1	2647	124
empty08-3.scen	16	64	12	78	0	0	0.03	NO SOLUTION	0	1	920	67
empty08-3.scen	16	64	12	78	1	0	0.04	NO SOLUTION	3	2	2766	125
empty08-3.scen	16	64	12	78	2	0	0.07	OK	62	10	4133	858
empty08-3.scen	17	64	12	82	0	0	0.04	NO SOLUTION	0	1	943	68
empty08-3.scen	17	64	12	82	1	0	0.05	NO SOLUTION	3	2	2829	122
empty08-3.scen	17	64	12	82	2	0	0.07	OK	113	37	4312	901
empty08-3.scen	18	64	12	89	0	0	0.04	NO SOLUTION	0	1	1024	73
empty08-3.scen	18	64	12	89	1	0	0.05	NO SOLUTION	1	2	1984	241
empty08-3.scen	18	64	12	89	2	0	0.08	OK	123	39	4737	1018
empty08-3.scen	19	64	12	91	0	0	0.04	NO SOLUTION	0	1	1014	62
empty08-3.scen	19	64	12	91	1	0	0.05	NO SOLUTION	0	1	1998	408
empty08-3.scen	19	64	12	91	2	0	0.08	NO SOLUTION	9	6	4807	850
empty08-3.scen	19	64	12	91	3	0	0.1	NO SOLUTION	119	35	7818	1642
empty08-3.scen	19	64	12	91	4	0.02	0.18	NO SOLUTION	481	277	12003	3003
empty08-3.scen	19	64	12	91	5	0.04	0.21	OK	704	343	16316	4426
empty08-3.scen	20	64	12	97	0	0	0.04	NO SOLUTION	0	1	1064	66
empty08-3.scen	20	64	12	97	1	0	0.05	NO SOLUTION	0	1	2118	439
empty08-3.scen	20	64	12	97	2	0	0.09	NO SOLUTION	12	6	5099	932
empty08-3.scen	20	64	12	97	3	0	0.12	NO SOLUTION	162	50	8281	1768
empty08-3.scen	20	64	12	97	4	0.03	0.18	NO SOLUTION	530	293	12703	3191
empty08-3.scen	20	64	12	97	5	0.08	0.26	NO SOLUTION	1116	577	17257	4684
empty08-3.scen	20	64	12	97	6	0.1	0.34	OK	1544	719	22765	6584
empty08-3.scen	21	64	12	106	0	0	0.04	NO SOLUTION	0	1	1202	74
empty08-3.scen	21	64	12	106	1	0	0.06	NO SOLUTION	0	1	2376	518
empty08-3.scen	21	64	12	106	2	0	0.09	NO SOLUTION	0	1	5652	1729
empty08-3.scen	21	64	12	106	3	0	0.12	NO SOLUTION	57	26	9139	1805
empty08-3.scen	21	64	12	106	4	0.01	0.18	NO SOLUTION	298	158	13955	3278
empty08-3.scen	21	64	12	106	5	0.05	0.24	NO SOLUTION	620	357	18909	4905
empty08-3.scen	21	64	12	106	6	0.09	0.35	NO SOLUTION	978	503	24845	6907
empty08-3.scen	21	64	12	106	7	0.27	0.57	NO SOLUTION	2246	1256	30931	8978
empty08-3.scen	21	64	12	106	8	1.13	1.49	NO SOLUTION	7369	4004	37818	11253
empty08-3.scen	21	64	12	106	9	0.39	0.79	OK	2943	1484	44845	13616
empty08-3.scen	22	64	12	117	0	0	0.05	NO SOLUTION	0	1	1429	90
empty08-3.scen	22	64	12	117	1	0	0.06	NO SOLUTION	0	1	2725	597
empty08-3.scen	22	64	12	117	2	0	0.1	NO SOLUTION	0	1	6387	1959
empty08-3.scen	22	64	12	117	3	0	0.14	NO SOLUTION	59	26	10235	2028
empty08-3.scen	22	64	12	117	4	0.01	0.19	NO SOLUTION	316	135	15459	3620
empty08-3.scen	22	64	12	117	5	0.05	0.27	NO SOLUTION	907	445	20816	5370
empty08-3.scen	22	64	12	117	6	0.11	0.39	NO SOLUTION	1262	613	27169	7488
empty08-3.scen	22	64	12	117	7	0.29	0.62	NO SOLUTION	2451	1396	33672	9673
empty08-3.scen	22	64	12	117	8	1.28	1.67	NO SOLUTION	7787	4166	40981	12072
empty08-3.scen	22	64	12	117	9	0.6	1.04	OK	4152	1990	48433	14556
empty08-3.scen	23	64	12	121	0	0	0.05	NO SOLUTION	0	1	1448	93
empty08-3.scen	23	64	12	121	1	0	0.06	NO SOLUTION	0	1	2793	611
empty08-3.scen	23	64	12	121	2	0	0.11	NO SOLUTION	0	1	6574	2022
empty08-3.scen	23	64	12	121	3	0	0.14	NO SOLUTION	59	26	10552	2110
empty08-3.scen	23	64	12	121	4	0.02	0.21	NO SOLUTION	339	154	15946	3754
empty08-3.scen	23	64	12	121	5	0.05	0.28	NO SOLUTION	625	310	21467	5542
empty08-3.scen	23	64	12	121	6	0.13	0.42	NO SOLUTION	1125	610	28063	7713
empty08-3.scen	23	64	12	121	7	0.33	0.67	NO SOLUTION	2161	1240	34803	9960
empty08-3.scen	23	64	12	121	8	0.99	1.4	NO SOLUTION	5760	3037	42403	12435
empty08-3.scen	23	64	12	121	9	1.96	2.41	OK	10200	5574	50155	15004
empty08-3.scen	24	64	12	132	0	0	0.05	NO SOLUTION	0	1	1675	106
empty08-3.scen	24	64	12	132	1	0	0.07	NO SOLUTION	0	1	3172	703
empty08-3.scen	24	64	12	132	2	0	0.12	NO SOLUTION	0	1	7364	2258
empty08-3.scen	24	64	12	132	3	0	0.15	NO SOLUTION	64	28	11752	2381
empty08-3.scen	24	64	12	132	4	0.02	0.22	NO SOLUTION	289	134	17606	4142
empty08-3.scen	24	64	12	132	5	0.04	0.29	NO SOLUTION	682	337	23554	6043
empty08-3.scen	24	64	12	132	6	0.12	0.43	NO SOLUTION	1016	586	30572	8315
empty08-3.scen	24	64	12	132	7	0.33	0.69	NO SOLUTION	2144	1179	37721	10672
empty08-3.scen	24	64	12	132	8	0.96	1.39	NO SOLUTION	6095	3015	45729	13251
empty08-3.scen	24	64	12	132	9	3.46	3.95	NO SOLUTION	13891	7938	53897	15933
empty08-3.scen	24	64	12	132	10	3.04	3.61	OK	13067	6692	62729	18767
empty08-3.scen	25	64	12	142	0	0	0.05	NO SOLUTION	0	1	1475	224
empty08-3.scen	25	64	12	142	1	0	0.07	NO SOLUTION	0	1	3497	766
empty08-3.scen	25	64	12	142	2	0	0.12	NO SOLUTION	0	1	8000	2453
empty08-3.scen	25	64	12	142	3	0	0.16	NO SOLUTION	74	37	12725	2559
empty08-3.scen	25	64	12	142	4	0.02	0.24	NO SOLUTION	289	130	18938	4429
empty08-3.scen	25	64	12	142	5	0.05	0.32	NO SOLUTION	717	390	25265	6421
empty08-3.scen	25	64	12	142	6	0.14	0.48	NO SOLUTION	1126	648	32683	8813
empty08-3.scen	25	64	12	142	7	0.42	0.8	NO SOLUTION	2219	1276	40257	11276
empty08-3.scen	25	64	12	142	8	1.33	1.79	NO SOLUTION	6797	3873	48688	13972
empty08-3.scen	25	64	12	142	9	3.47	3.99	NO SOLUTION	14020	7673	57283	16784
empty08-3.scen	25	64	12	142	10	6.95	7.56	NO SOLUTION	22853	12440	66538	19750
empty08-3.scen	25	64	12	142	11	1.99	2.68	OK	8808	4120	75917	22822
empty08-3.scen	26	64	12	147	0	0	0.05	NO SOLUTION	0	1	1505	0
empty08-3.scen	26	64	12	147	1	0	0.07	NO SOLUTION	0	1	3531	772
empty08-3.scen	26	64	12	147	2	0	0.13	NO SOLUTION	0	1	8134	2506
empty08-3.scen	26	64	12	147	3	0	0.16	NO SOLUTION	74	37	12969	2594
empty08-3.scen	26	64	12	147	4	0.01	0.25	NO SOLUTION	205	107	19368	4504
empty08-3.scen	26	64	12	147	5	0.03	0.3	NO SOLUTION	421	180	25902	6545
empty08-3.scen	26	64	12	147	6	0.08	0.43	NO SOLUTION	667	348	33615	8999
empty08-3.scen	26	64	12	147	7	0.18	0.59	NO SOLUTION	1418	642	41504	11537
empty08-3.scen	26	64	12	147	8	0.49	0.97	NO SOLUTION	3393	1537	50313	14328
empty08-3.scen	26	64	12	147	9	1.21	1.75	NO SOLUTION	5074	2714	59297	17248
empty08-3.scen	26	64	12	147	10	2.79	3.44	NO SOLUTION	8891	4966	68965	20338
empty08-3.scen	26	64	12	147	11	7.93	8.64	NO SOLUTION	21918	11553	78760	23538
empty08-3.scen	26	64	12	147	12	18.45	19.24	NO SOLUTION	72184	20412	89032	26860
empty08-3.scen	26	64	12	147	13	34.35	35.22	NO SOLUTION	118486	32109	99390	30252
empty08-3.scen	26	64	12	147	14	29.9	30.86	OK	80787	27054	110087	33723
empty08-3.scen	27	64	12	150	0	0	0.06	NO SOLUTION	0	1	1524	0
empty08-3.scen	27	64	12	150	1	0	0.08	NO SOLUTION	0	1	3577	780
empty08-3.scen	27	64	12	150	2	0	0.13	NO SOLUTION	0	1	8264	2562
empty08-3.scen	27	64	12	150	3	0	0.17	NO SOLUTION	73	31	13184	2682
empty08-3.scen	27	64	12	150	4	0.01	0.25	NO SOLUTION	185	89	19726	4630
empty08-3.scen	27	64	12	150	5	0.03	0.31	NO SOLUTION	458	211	26414	6711
empty08-3.scen	27	64	12	150	6	0.08	0.45	NO SOLUTION	757	342	34329	9204
empty08-3.scen	27	64	12	150	7	0.19	0.6	NO SOLUTION	1333	574	42432	11792
empty08-3.scen	27	64	12	150	8	0.62	1.12	NO SOLUTION	3229	1582	51509	14644
empty08-3.scen	27	64	12	150	9	1.75	2.33	NO SOLUTION	6287	3403	60773	17638
empty08-3.scen	27	64	12	150	10	3.47	4.14	NO SOLUTION	12626	6386	70774	20824
empty08-3.scen	27	64	12	150	11	7.41	8.14	NO SOLUTION	19278	10752	80912	24126
empty08-3.scen	27	64	12	150	12	16.55	17.38	NO SOLUTION	48865	18755	91560	27560
empty08-3.scen	27	64	12	150	13	34.88	35.79	NO SOLUTION	88222	31887	102299	31068
empty08-3.scen	27	64	12	150	14	97.83	98.83	NO SOLUTION	336608	77293	113395	34659
