empty32-4.scen	1	1024	39	39	0	0	0.11	OK	26	0	3192	34
empty32-4.scen	2	1024	39	76	0	0	0.26	OK	323	0	17623	1168
empty32-4.scen	3	1024	39	99	0	0.01	0.79	OK	1117	0	54283	9469
empty32-4.scen	4	1024	39	108	0	0.01	1.57	OK	3745	0	100206	21666
empty32-4.scen	5	1024	39	131	0	0.02	2.01	OK	2649	0	138356	30860
empty32-4.scen	6	1024	39	156	0	0.02	2.28	OK	4454	0	168093	37617
empty32-4.scen	7	1024	39	160	0	0.03	2.96	OK	6554	0	215770	55600
empty32-4.scen	8	1024	39	180	0	0.04	3.52	OK	7106	0	261367	71566
empty32-4.scen	9	1024	39	195	0	0.06	4.8	OK	10765	19	326532	92880
empty32-4.scen	10	1024	39	201	0	0.07	5.95	OK	12051	0	396002	118006
empty32-4.scen	11	1024	39	215	0	0.09	6.91	OK	13861	0	457280	137387
empty32-4.scen	12	1024	39	235	0	0.1	7.49	OK	15121	0	494518	152963
empty32-4.scen	13	1024	49	284	0	0.2	19.8	OK	26554	0	1018458	348036
empty32-4.scen	14	1024	49	329	0	0.2	20	OK	25119	0	1036933	353793
empty32-4.scen	15	1024	49	349	0	0.22	21.53	OK	26503	0	1130017	386612
empty32-4.scen	16	1024	49	379	0	0.24	23.09	OK	30694	0	1206366	412741
empty32-4.scen	17	1024	49	396	0	0.27	25.54	OK	33613	1	1315199	447963
empty32-4.scen	18	1024	49	423	0	0.33	26.99	OK	48699	1	1387032	472953
empty32-4.scen	19	1024	49	440	0	0.35	28.43	OK	56798	1	1475100	500650
empty32-4.scen	20	1024	49	464	0	0.33	30.16	OK	46534	0	1558994	527559
empty32-4.scen	21	1024	49	482	0	0.35	31.95	OK	49466	0	1651252	556679
empty32-4.scen	22	1024	49	501	0	0.35	33.75	OK	51491	0	1707138	575012
empty32-4.scen	23	1024	49	513	0	0.38	36.36	OK	53324	1	1818954	608326
empty32-4.scen	24	1024	49	536	0	0.39	36.79	OK	54733	1	1865832	622685
empty32-4.scen	25	1024	49	578	0	0.48	37.69	OK	80830	10	1895906	631154
empty32-4.scen	26	1024	49	615	0	0.57	38.52	OK	94245	9	1946301	645937
empty32-4.scen	27	1024	49	639	0	0.53	40.09	OK	78455	5	2033786	672582
empty32-4.scen	28	1024	49	657	0	0.56	41.31	OK	84115	4	2094367	690479
empty32-4.scen	29	1024	49	686	0	0.59	42.48	OK	82513	5	2166964	711868
empty32-4.scen	30	1024	49	727	0	0.68	42.94	OK	103909	17	2199204	720801
empty32-4.scen	31	1024	49	745	0	0.66	45.04	OK	108425	9	2280400	744360
empty32-4.scen	32	1024	49	768	0	0.64	46.95	OK	98463	3	2375827	772249
empty32-4.scen	33	1024	49	789	0	0.76	48.49	OK	115798	15	2458275	797517
empty32-4.scen	34	1024	49	815	0	0.68	50.26	OK	87663	12	2517047	815151
empty32-4.scen	35	1024	49	824	0	0.64	52.64	OK	80377	1	2625313	846792
empty32-4.scen	36	1024	49	831	0	0.67	55.05	OK	83629	1	2728273	877006
empty32-4.scen	37	1024	49	852	0	0.68	56.09	OK	85505	1	2789057	895863
empty32-4.scen	38	1024	49	856	0	0.74	59.57	OK	94517	4	2900887	928108
empty32-4.scen	39	1024	49	866	0	0.73	61.95	OK	90230	0	3017979	961368
empty32-4.scen	40	1024	49	882	0	0.74	63.33	OK	92366	0	3088708	981713
empty32-4.scen	41	1024	49	892	0	0.93	66.06	OK	131358	9	3207684	1011434
empty32-4.scen	42	1024	49	927	0	0.87	66.96	OK	104314	7	3258379	1025563
empty32-4.scen	43	1024	49	968	0	0.85	67.28	OK	99362	4	3292256	1034647
empty32-4.scen	44	1024	49	996	0	0.86	68.47	OK	97552	5	3351032	1051299
empty32-4.scen	45	1024	49	998	0	1.07	70.04	OK	139850	9	3438502	1076929
empty32-4.scen	46	1024	49	1012	0	1.04	72.54	OK	122737	14	3526201	1101983
empty32-4.scen	47	1024	49	1032	0	0.96	74.07	OK	104991	8	3596314	1121864
empty32-4.scen	48	1024	49	1076	0	0.99	74.29	OK	107192	14	3618562	1127573
empty32-4.scen	49	1024	49	1086	0	0.92	76.51	OK	95957	2	3707885	1153461
empty32-4.scen	50	1024	49	1123	0	0.96	76.65	OK	96894	2	3749248	1165259
empty32-4.scen	51	1024	49	1131	0	0.99	78.18	OK	96622	0	3838672	1190618
empty32-4.scen	52	1024	49	1137	0	1.05	80.18	OK	106795	5	3903272	1209645
empty32-4.scen	53	1024	49	1157	0	1.03	82.36	OK	101448	3	3992963	1234876
empty32-4.scen	54	1024	49	1178	0	1.04	85.07	OK	98572	1	4072582	1257147
empty32-4.scen	55	1024	49	1191	0	1.08	35.07	OK	102317	2	4155979	1281215
empty32-4.scen	56	1024	49	1201	0	1.16	36.64	OK	108207	3	4272818	1313897
empty32-4.scen	57	1024	49	1229	0	1.24	37.21	OK	116380	5	4326066	1328914
empty32-4.scen	58	1024	49	1271	0	1.3	37.65	OK	129716	11	4353981	1336138
empty32-4.scen	59	1024	49	1287	0	1.28	38.79	OK	119485	9	4453113	1363894
empty32-4.scen	60	1024	49	1309	0	1.22	39.86	OK	104193	5	4534571	1387080
empty32-4.scen	61	1024	49	1323	0	1.22	39.94	OK	104509	6	4600820	1405858
empty32-4.scen	62	1024	49	1355	0	1.26	40.58	OK	106153	3	4645554	1418416
empty32-4.scen	63	1024	49	1375	0	1.29	41.46	OK	108122	7	4728204	1441619
empty32-4.scen	64	1024	49	1401	0	1.69	43.14	OK	172901	8	4772483	1454696
empty32-4.scen	65	1024	49	1435	0	1.67	43.78	OK	168884	4	4834398	1471612
empty32-4.scen	66	1024	49	1457	0	1.71	44.29	OK	170365	8	4913412	1493761
empty32-4.scen	67	1024	49	1492	0	1.38	44.71	OK	112662	8	4959246	1506780
empty32-4.scen	68	1024	49	1539	0	1.41	45.05	OK	117902	9	4968618	1508757
empty32-4.scen	69	1024	49	1568	0	1.56	45.46	OK	135356	10	5032814	1526833
empty32-4.scen	70	1024	49	1602	0	1.52	46.99	OK	123919	5	5084590	1541298
empty32-4.scen	71	1024	49	1613	0	1.55	47.54	OK	127783	11	5161051	1562947
empty32-4.scen	72	1024	49	1637	0	1.57	48.16	OK	125394	5	5223103	1580733
empty32-4.scen	73	1024	49	1651	0	1.6	49.15	OK	124024	7	5327045	1609672
empty32-4.scen	74	1024	49	1677	0	1.67	49.69	OK	126555	8	5390714	1627608
empty32-4.scen	75	1024	49	1701	0	1.56	50.06	OK	109969	5	5455838	1646056
empty32-4.scen	76	1024	49	1729	0	1.71	50.69	OK	135343	16	5523787	1664841
empty32-4.scen	77	1024	49	1764	0	1.59	51.12	OK	115028	11	5582316	1680590
empty32-4.scen	78	1024	49	1774	0	1.64	52.1	OK	118083	8	5650157	1700231
empty32-4.scen	79	1024	49	1799	0	1.76	52.82	OK	125803	7	5732610	1723076
empty32-4.scen	80	1024	49	1822	0	1.84	56.41	OK	125897	12	5808122	1744145
empty32-4.scen	81	1024	49	1844	0	1.81	57.33	OK	114076	11	5891496	1767570
empty32-4.scen	82	1024	49	1858	0	1.88	57.79	OK	118164	20	5974948	1790965
empty32-4.scen	83	1024	49	1881	0	1.85	58.75	OK	109277	2	6048143	1811080
empty32-4.scen	84	1024	49	1917	0	1.91	59.46	OK	112136	1	6099806	1825137
empty32-4.scen	85	1024	49	1950	0	1.94	60.06	OK	119201	4	6157393	1840911
empty32-4.scen	86	1024	49	1957	0	1.95	60.7	OK	109483	4	6252971	1867727
empty32-4.scen	87	1024	49	1985	0	2.05	61.42	OK	120587	5	6318432	1886006
empty32-4.scen	88	1024	49	1991	0	2.08	62.52	OK	116373	7	6440213	1919903
empty32-4.scen	89	1024	49	1997	0	2.2	63.62	OK	136720	27	6545996	1949497
empty32-4.scen	90	1024	49	2023	0	2.61	64.76	OK	173104	8	6627335	1971815
empty32-4.scen	91	1024	49	2050	0	2.46	65.47	OK	160363	68	6698686	1991342
empty32-4.scen	92	1024	49	2064	0	2.72	66.75	OK	181175	60	6809815	2022177
empty32-4.scen	93	1024	49	2072	0	3.32	67.95	OK	223580	78	6886137	2043869
empty32-4.scen	94	1024	49	2105	0	3.31	68.99	OK	220140	67	6942947	2059393
empty32-4.scen	95	1024	49	2125	0	3.37	69.75	OK	219672	64	7023722	2081914
empty32-4.scen	96	1024	49	2130	0	3.52	70.26	OK	225555	70	7122777	2109676
empty32-4.scen	97	1024	49	2150	0	3.64	71.39	OK	232873	67	7222228	2137076
empty32-4.scen	98	1024	49	2162	0	2.79	71.52	OK	160924	58	7337145	2169075
empty32-4.scen	99	1024	49	2206	0	2.77	72.33	OK	160032	72	7359641	2174706
empty32-4.scen	100	1024	49	2242	0	4.13	74.7	OK	265731	93	7409704	2188215
empty32-4.scen	101	1024	49	2261	0	3.21	74.64	OK	173489	100	7465186	2203947
empty32-4.scen	102	1024	49	2278	0	3.29	75.3	OK	179611	95	7550418	2227701
empty32-4.scen	103	1024	49	2317	0	4.42	77.01	OK	275372	110	7589356	2238013
empty32-4.scen	104	1024	49	2327	0	3.64	77.35	OK	213964	149	7704269	2269902
empty32-4.scen	105	1024	49	2349	0	4.7	79.53	OK	298391	147	7785496	2292475
empty32-4.scen	106	1024	49	2366	0	4.53	80.08	OK	279311	90	7853161	2311406
empty32-4.scen	107	1024	49	2385	0	4.57	80.7	OK	283795	94	7906649	2326518
empty32-4.scen	108	1024	49	2402	0	4.63	81.56	OK	272579	115	7967085	2343524
empty32-4.scen	109	1024	49	2424	0	4.61	82.94	OK	282254	117	8061541	2369473
empty32-4.scen	110	1024	49	2460	0	4.6	83.03	OK	268230	81	8112579	2383335
empty32-4.scen	111	1024	49	2480	0	5.73	85.39	OK	345665	211	8196246	2406432
empty32-4.scen	112	1024	49	2487	0	5.84	86.02	OK	328651	181	8276546	2429114
empty32-4.scen	113	1024	49	2511	0	4.99	86.73	OK	296524	111	8348311	2448988
empty32-4.scen	114	1024	49	2554	0	6.06	88.21	OK	365524	142	8375058	2455678
empty32-4.scen	115	1024	49	2594	0	5.2	87.88	OK	303147	131	8408388	2464541
empty32-4.scen	116	1024	49	2627	0	6.06	89.95	OK	353435	146	8470382	2481265
empty32-4.scen	117	1024	49	2658	0	5.34	90.36	OK	302005	144	8520017	2495012
empty32-4.scen	118	1024	49	2667	0	5.95	91.72	OK	321172	136	8637630	2527749
empty32-4.scen	119	1024	49	2683	0	6.7	93.66	OK	380465	189	8719463	2550668
empty32-4.scen	120	1024	49	2699	0	7.58	95.16	OK	432086	208	8796271	2572208
empty32-4.scen	121	1024	49	2720	0	7.22	95.48	OK	398525	147	8872569	2593529
empty32-4.scen	122	1024	49	2737	0	6.91	96.07	OK	369170	248	8929793	2609654
