empty40-1.scen	1	1600	45	45	0	0	0.19	OK	15	0	4333	83
empty40-1.scen	2	1600	45	83	0	0	0.26	OK	32	0	6357	152
empty40-1.scen	3	1600	45	98	0	0	0.27	OK	64	0	6505	165
empty40-1.scen	4	1600	45	126	0	0	0.34	OK	90	0	7254	214
empty40-1.scen	5	1600	45	142	0	0	0.35	OK	116	0	7413	228
empty40-1.scen	6	1600	45	151	0	0	0.36	OK	137	0	7471	235
empty40-1.scen	7	1600	45	179	0	0	0.45	OK	120	0	9275	282
empty40-1.scen	8	1600	45	207	0	0	0.52	OK	148	0	10759	331
empty40-1.scen	9	1600	45	210	0	0	0.54	OK	146	0	10775	332
empty40-1.scen	10	1600	45	241	0	0	0.58	OK	177	0	11620	387
empty40-1.scen	11	1600	45	261	0	0	0.61	OK	188	0	11755	405
empty40-1.scen	12	1600	45	278	0	0	0.65	OK	186	0	12372	432
empty40-1.scen	13	1600	51	329	0	0	1.08	OK	291	0	18729	527
empty40-1.scen	14	1600	51	340	0	0	1.11	OK	294	0	18902	542
empty40-1.scen	15	1600	51	364	0	0	1.14	OK	295	0	19065	564
empty40-1.scen	16	1600	51	386	0	0	1.18	OK	300	0	19214	584
empty40-1.scen	17	1600	51	398	0	0	1.21	OK	305	0	19329	593
empty40-1.scen	18	1600	51	415	0	0	1.29	OK	286	0	19907	616
empty40-1.scen	19	1600	51	447	0	0.01	1.39	OK	320	0	21857	673
empty40-1.scen	20	1600	51	471	0	0	1.45	OK	340	0	22344	714
empty40-1.scen	21	1600	51	483	0	0	1.5	OK	348	0	22353	714
empty40-1.scen	22	1600	51	510	0	0	1.55	OK	342	0	22913	746
empty40-1.scen	23	1600	51	526	0	0	1.57	OK	351	0	23020	760
empty40-1.scen	24	1600	51	532	0	0	1.6	OK	362	0	23024	760
empty40-1.scen	25	1600	51	552	0	0	1.69	OK	361	0	23523	793
empty40-1.scen	26	1600	60	612	0	0	2.65	OK	424	0	29302	944
empty40-1.scen	27	1600	60	651	0	0	2.77	OK	429	0	29801	1051
empty40-1.scen	28	1600	60	672	0	0	2.83	OK	422	0	29944	1070
empty40-1.scen	29	1600	60	705	0	0	3.02	OK	421	0	31109	1173
empty40-1.scen	30	1600	60	733	0	0	3.2	OK	467	0	31988	1274
empty40-1.scen	31	1600	60	750	0	0	3.26	OK	471	0	32161	1317
empty40-1.scen	32	1600	60	761	0	0	3.33	OK	457	0	32291	1334
empty40-1.scen	33	1600	60	767	0	0	3.38	OK	475	0	32328	1338
empty40-1.scen	34	1600	60	783	0	0.01	3.46	OK	525	0	32517	1379
empty40-1.scen	35	1600	60	822	0	0.01	3.68	OK	549	0	34026	1506
empty40-1.scen	36	1600	60	858	0	0.01	3.88	OK	589	0	35432	1630
empty40-1.scen	37	1600	60	878	0	0.01	3.95	OK	615	0	35594	1649
empty40-1.scen	38	1600	60	913	0	0.01	4.19	OK	619	0	35917	1683
empty40-1.scen	39	1600	60	954	0	0.01	4.4	OK	639	0	37587	1804
empty40-1.scen	40	1600	60	970	0	0.01	4.5	OK	639	0	37838	1840
empty40-1.scen	41	1600	60	1002	0	0.01	4.63	OK	682	0	38862	1927
empty40-1.scen	42	1600	60	1029	0	0.01	4.77	OK	692	0	39352	1997
empty40-1.scen	43	1600	60	1052	0	0.01	4.86	OK	721	0	39810	2054
empty40-1.scen	44	1600	60	1084	0	0.01	5.04	OK	764	0	40660	2142
empty40-1.scen	45	1600	60	1102	0	0.01	5.16	OK	765	0	40978	2186
empty40-1.scen	46	1600	60	1138	0	0.01	5.26	OK	756	0	41293	2222
empty40-1.scen	47	1600	60	1173	0	0.01	5.46	OK	830	0	42686	2345
empty40-1.scen	48	1600	60	1198	0	0.01	5.54	OK	834	0	42952	2411
empty40-1.scen	49	1600	60	1233	0	0.01	5.67	OK	814	0	43795	2516
empty40-1.scen	50	1600	60	1258	0	0	5.56	NO SOLUTION	0	1	31218	0
empty40-1.scen	50	1600	60	1258	1	0	6.26	NO SOLUTION	0	1	84864	10799
empty40-1.scen	50	1600	60	1258	2	0.06	8.73	OK	2338	46	159574	28367
empty40-1.scen	51	1600	60	1278	0	0	5.72	NO SOLUTION	0	1	31684	0
empty40-1.scen	51	1600	60	1278	1	0	7.13	NO SOLUTION	0	1	85901	10971
empty40-1.scen	51	1600	60	1278	2	0.06	8.94	OK	2405	47	161786	28804
empty40-1.scen	52	1600	60	1301	0	0	5.77	NO SOLUTION	0	1	31862	0
empty40-1.scen	52	1600	60	1301	1	0	6.58	NO SOLUTION	0	1	86304	11089
empty40-1.scen	52	1600	60	1301	2	0.06	9.06	OK	2573	49	162835	29160
empty40-1.scen	53	1600	60	1331	0	0	5.96	NO SOLUTION	0	1	32828	0
empty40-1.scen	53	1600	60	1331	1	0	6.82	NO SOLUTION	0	1	88651	11451
empty40-1.scen	53	1600	60	1331	2	0.07	9.26	OK	2642	50	167516	30207
empty40-1.scen	54	1600	60	1350	0	0	6.03	NO SOLUTION	0	1	33170	0
empty40-1.scen	54	1600	60	1350	1	0	6.91	NO SOLUTION	0	1	89433	11590
empty40-1.scen	54	1600	60	1350	2	0.07	9.48	OK	2640	51	169222	30452
empty40-1.scen	55	1600	60	1353	0	0	6.12	NO SOLUTION	0	1	33173	0
empty40-1.scen	55	1600	60	1353	1	0	7	NO SOLUTION	0	1	89453	11591
empty40-1.scen	55	1600	60	1353	2	0.07	9.54	OK	2631	50	169290	30479
empty40-1.scen	56	1600	60	1394	0	0	6.47	NO SOLUTION	0	1	35068	0
empty40-1.scen	56	1600	60	1394	1	0	7.31	NO SOLUTION	0	1	93715	12218
empty40-1.scen	56	1600	60	1394	2	0.07	10.07	OK	2706	51	177756	32204
empty40-1.scen	57	1600	60	1442	0	0	6.86	NO SOLUTION	0	1	36863	0
empty40-1.scen	57	1600	60	1442	1	0	7.57	NO SOLUTION	0	1	97724	12813
empty40-1.scen	57	1600	60	1442	2	0.11	10.36	OK	2808	55	185603	33752
empty40-1.scen	58	1600	60	1445	0	0	6.78	NO SOLUTION	0	1	36879	0
empty40-1.scen	58	1600	60	1445	1	0	7.71	NO SOLUTION	0	1	97764	12819
empty40-1.scen	58	1600	60	1445	2	0.08	10.68	OK	2750	53	185720	33763
empty40-1.scen	59	1600	60	1487	0	0	6.93	NO SOLUTION	0	1	38901	0
empty40-1.scen	59	1600	60	1487	1	0	7.86	NO SOLUTION	0	1	102318	13574
empty40-1.scen	59	1600	60	1487	2	0.13	10.87	NO SOLUTION	2747	166	194707	35968
empty40-1.scen	59	1600	60	1487	3	0.12	11.8	OK	2781	93	293324	63590
empty40-1.scen	60	1600	60	1512	0	0	6.83	NO SOLUTION	0	1	39162	0
empty40-1.scen	60	1600	60	1512	1	0	7.97	NO SOLUTION	0	1	102918	13727
empty40-1.scen	60	1600	60	1512	2	0.15	10.98	NO SOLUTION	3346	226	196209	36320
empty40-1.scen	60	1600	60	1512	3	0.15	12.04	OK	3346	130	295842	64267
empty40-1.scen	61	1600	60	1538	0	0	7.02	NO SOLUTION	0	1	39930	0
empty40-1.scen	61	1600	60	1538	1	0	8	NO SOLUTION	0	1	104625	13896
empty40-1.scen	61	1600	60	1538	2	0.11	11.27	NO SOLUTION	3146	195	199974	37149
empty40-1.scen	61	1600	60	1538	3	0.15	12.25	OK	3211	118	301806	65846
empty40-1.scen	62	1600	60	1565	0	0	7.17	NO SOLUTION	0	1	40210	0
empty40-1.scen	62	1600	60	1565	1	0	8.09	NO SOLUTION	0	1	105320	14040
empty40-1.scen	62	1600	60	1565	2	0.13	11.31	NO SOLUTION	3374	180	201325	37307
empty40-1.scen	62	1600	60	1565	3	0.15	12.47	OK	3576	153	304518	66473
empty40-1.scen	63	1600	60	1593	0	0	7.25	NO SOLUTION	0	1	40763	0
empty40-1.scen	63	1600	60	1593	1	0	8.25	NO SOLUTION	0	1	106619	14265
empty40-1.scen	63	1600	60	1593	2	0.14	11.31	NO SOLUTION	3675	205	204200	37880
empty40-1.scen	63	1600	60	1593	3	0.22	12.59	OK	4507	121	309044	67493
empty40-1.scen	64	1600	60	1615	0	0	7.34	NO SOLUTION	0	1	40992	0
empty40-1.scen	64	1600	60	1615	1	0	8.38	NO SOLUTION	0	1	107127	14377
empty40-1.scen	64	1600	60	1615	2	0.14	11.47	NO SOLUTION	3895	269	205403	38137
empty40-1.scen	64	1600	60	1615	3	0.16	12.71	OK	4533	140	310929	67928
empty40-1.scen	65	1600	60	1653	0	0	7.52	NO SOLUTION	0	1	41787	0
empty40-1.scen	65	1600	60	1653	1	0	8.51	NO SOLUTION	0	1	108924	14704
empty40-1.scen	65	1600	60	1653	2	0.14	11.71	NO SOLUTION	3457	211	209360	38969
empty40-1.scen	65	1600	60	1653	3	0.18	12.91	OK	4552	124	317123	69499
empty40-1.scen	66	1600	60	1693	0	0	7.55	NO SOLUTION	0	1	42214	0
empty40-1.scen	66	1600	60	1693	1	0	8.61	NO SOLUTION	0	1	109960	14948
empty40-1.scen	66	1600	60	1693	2	0.14	11.9	NO SOLUTION	3480	225	211695	39415
empty40-1.scen	66	1600	60	1693	3	0.19	13.12	OK	4708	147	320908	70434
empty40-1.scen	67	1600	60	1744	0	0	7.87	NO SOLUTION	0	1	44986	0
empty40-1.scen	67	1600	60	1744	1	0	9.28	NO SOLUTION	0	1	116282	15849
empty40-1.scen	67	1600	60	1744	2	0.14	12.38	NO SOLUTION	4128	197	224222	41748
empty40-1.scen	67	1600	60	1744	3	0.17	13.78	OK	4581	184	340203	75137
empty40-1.scen	68	1600	60	1773	0	0	8.02	NO SOLUTION	0	1	45777	0
empty40-1.scen	68	1600	60	1773	1	0	9.45	NO SOLUTION	0	1	118146	16168
empty40-1.scen	68	1600	60	1773	2	0.17	12.63	NO SOLUTION	4454	211	228220	42524
empty40-1.scen	68	1600	60	1773	3	0.16	14.09	OK	4307	148	346205	76700
empty40-1.scen	69	1600	60	1795	0	0	8.25	NO SOLUTION	0	1	46227	0
empty40-1.scen	69	1600	60	1795	1	0	9.67	NO SOLUTION	0	1	119145	16341
empty40-1.scen	69	1600	60	1795	2	0.18	12.86	NO SOLUTION	4457	292	230368	42968
empty40-1.scen	69	1600	60	1795	3	0.19	14.4	OK	4251	141	349566	77498
empty40-1.scen	70	1600	60	1815	0	0	8.31	NO SOLUTION	0	1	46696	0
empty40-1.scen	70	1600	60	1815	1	0	9.81	NO SOLUTION	0	1	120221	16563
empty40-1.scen	70	1600	60	1815	2	0.17	13.06	NO SOLUTION	5084	209	232642	43526
empty40-1.scen	70	1600	60	1815	3	0.22	14.61	OK	4813	157	353027	78457
empty40-1.scen	71	1600	60	1828	0	0	8.46	NO SOLUTION	0	1	46878	0
empty40-1.scen	71	1600	60	1828	1	0	9.89	NO SOLUTION	0	1	120618	16637
empty40-1.scen	71	1600	60	1828	2	0.17	13.25	NO SOLUTION	3881	244	233492	43698
empty40-1.scen	71	1600	60	1828	3	0.21	14.86	OK	4503	207	354429	78764
empty40-1.scen	72	1600	60	1879	0	0	8.93	NO SOLUTION	0	1	49185	0
empty40-1.scen	72	1600	60	1879	1	0	10.24	NO SOLUTION	0	1	125971	17436
empty40-1.scen	72	1600	60	1879	2	0.19	13.71	NO SOLUTION	5131	199	244377	46369
empty40-1.scen	72	1600	60	1879	3	0.2	15.26	OK	4607	151	370326	83673
empty40-1.scen	73	1600	60	1914	0	0	9.17	NO SOLUTION	0	1	50512	0
empty40-1.scen	73	1600	60	1914	1	0	10.48	NO SOLUTION	0	1	128967	17925
empty40-1.scen	73	1600	60	1914	2	0.18	14	NO SOLUTION	4429	206	250403	47620
empty40-1.scen	73	1600	60	1914	3	0.31	15.73	OK	5611	166	379731	86103
empty40-1.scen	74	1600	60	1952	0	0	9.3	NO SOLUTION	0	1	51638	0
empty40-1.scen	74	1600	60	1952	1	0	10.7	NO SOLUTION	0	1	131588	18380
empty40-1.scen	74	1600	60	1952	2	0.18	14.34	NO SOLUTION	5886	230	255894	48893
empty40-1.scen	74	1600	60	1952	3	0.27	16.02	OK	5427	171	387929	88401
empty40-1.scen	75	1600	60	1978	0	0	9.46	NO SOLUTION	0	1	52410	0
empty40-1.scen	75	1600	60	1978	1	0	11.01	NO SOLUTION	0	1	133388	18672
empty40-1.scen	75	1600	60	1978	2	0.19	15.13	NO SOLUTION	4646	182	259566	49741
empty40-1.scen	75	1600	60	1978	3	0.25	18.35	OK	6110	173	393517	89998
empty40-1.scen	76	1600	60	1989	0	0	9.59	NO SOLUTION	0	1	52483	0
empty40-1.scen	76	1600	60	1989	1	0	11.04	NO SOLUTION	0	1	133541	18708
empty40-1.scen	76	1600	60	1989	2	0.17	14.74	NO SOLUTION	4596	190	260041	49802
empty40-1.scen	76	1600	60	1989	3	0.26	16.64	OK	5426	177	394319	90125
empty40-1.scen	77	1600	60	2003	0	0	9.77	NO SOLUTION	0	1	52576	0
empty40-1.scen	77	1600	60	2003	1	0	11.15	NO SOLUTION	0	1	133705	18755
empty40-1.scen	77	1600	60	2003	2	0.18	14.92	NO SOLUTION	4626	229	260678	49953
empty40-1.scen	77	1600	60	2003	3	0.24	16.76	OK	5514	167	395372	90444
empty40-1.scen	78	1600	60	2024	0	0	9.96	NO SOLUTION	0	1	53098	0
empty40-1.scen	78	1600	60	2024	1	0	11.28	NO SOLUTION	0	1	134872	18973
empty40-1.scen	78	1600	60	2024	2	0.14	15.06	NO SOLUTION	4143	192	263279	50497
empty40-1.scen	78	1600	60	2024	3	0.26	17.05	OK	6070	205	399366	91519
empty40-1.scen	79	1600	60	2056	0	0	9.94	NO SOLUTION	0	1	53318	0
empty40-1.scen	79	1600	60	2056	1	0	11.42	NO SOLUTION	0	1	135297	19103
empty40-1.scen	79	1600	60	2056	2	0.14	15.38	NO SOLUTION	3760	201	264608	50863
empty40-1.scen	79	1600	60	2056	3	0.31	17.3	OK	6756	200	401701	92167
empty40-1.scen	80	1600	60	2064	0	0	10.15	NO SOLUTION	0	1	53405	0
empty40-1.scen	80	1600	60	2064	1	0	11.55	NO SOLUTION	0	1	135522	19139
empty40-1.scen	80	1600	60	2064	2	0.03	15.41	NO SOLUTION	149	5	265060	50891
empty40-1.scen	80	1600	60	2064	3	0.4	17.62	NO SOLUTION	5641	262	402401	92255
empty40-1.scen	80	1600	60	2064	4	0.51	22.14	OK	7309	205	569218	146012
empty40-1.scen	81	1600	60	2085	0	0	10.2	NO SOLUTION	0	1	53694	0
empty40-1.scen	81	1600	60	2085	1	0	11.63	NO SOLUTION	0	1	136162	19275
empty40-1.scen	81	1600	60	2085	2	0.02	15.55	NO SOLUTION	149	5	266509	51003
empty40-1.scen	81	1600	60	2085	3	0.13	17.62	NO SOLUTION	831	38	404770	92565
empty40-1.scen	81	1600	60	2085	4	0.21	22.24	NO SOLUTION	652	48	572797	146698
