random24-3.scen	1	462	4	4	0	0	0.02	OK	0	0	4	0
random24-3.scen	2	462	17	21	0	0	0.03	OK	4	0	47	2
random24-3.scen	3	462	17	33	0	0	0.03	OK	11	0	146	12
random24-3.scen	4	462	23	56	0	0	0.04	OK	19	0	252	20
random24-3.scen	5	462	23	77	0	0	0.04	OK	31	0	651	48
random24-3.scen	6	462	23	85	0	0	0.05	OK	34	0	712	46
random24-3.scen	7	462	23	93	0	0	0.06	OK	37	0	758	50
random24-3.scen	8	462	25	118	0	0	0.06	OK	44	0	889	51
random24-3.scen	9	462	30	148	0	0	0.1	OK	63	0	1455	91
random24-3.scen	10	462	30	165	0	0	0.11	OK	71	0	1645	106
random24-3.scen	11	462	30	169	0	0	0.12	OK	71	0	1649	106
random24-3.scen	12	462	30	181	0	0	0.12	NO SOLUTION	0	1	1282	0
random24-3.scen	12	462	30	181	1	0	0.15	NO SOLUTION	0	1	5108	450
random24-3.scen	12	462	30	181	2	0	0.28	OK	164	4	14947	132
random24-3.scen	13	462	30	202	0	0	0.13	NO SOLUTION	0	1	1429	0
random24-3.scen	13	462	30	202	1	0	0.16	NO SOLUTION	0	1	5601	506
random24-3.scen	13	462	30	202	2	0	0.31	OK	121	3	16613	151
random24-3.scen	14	462	30	204	0	0	0.14	NO SOLUTION	0	1	1438	0
random24-3.scen	14	462	30	204	1	0	0.17	NO SOLUTION	0	1	5626	509
random24-3.scen	14	462	30	204	2	0	0.31	NO SOLUTION	0	1	16751	1703
random24-3.scen	14	462	30	204	3	0.01	0.37	OK	214	16	28105	2785
random24-3.scen	15	462	30	229	0	0	0.16	NO SOLUTION	0	1	1786	0
random24-3.scen	15	462	30	229	1	0	0.21	NO SOLUTION	0	1	7346	616
random24-3.scen	15	462	30	229	2	0	0.36	NO SOLUTION	0	1	20821	2043
random24-3.scen	15	462	30	229	3	0.01	0.46	OK	238	17	31141	3463
random24-3.scen	16	462	30	242	0	0	0.16	NO SOLUTION	0	1	1813	0
random24-3.scen	16	462	30	242	1	0	0.21	NO SOLUTION	0	1	7444	625
random24-3.scen	16	462	30	242	2	0	0.39	NO SOLUTION	0	1	21257	2106
random24-3.scen	16	462	30	242	3	0.01	0.47	OK	239	17	31550	3588
random24-3.scen	17	462	30	266	0	0	0.19	NO SOLUTION	0	1	2207	0
random24-3.scen	17	462	30	266	1	0	0.24	NO SOLUTION	0	1	8981	733
random24-3.scen	17	462	30	266	2	0	0.45	NO SOLUTION	0	1	24820	2462
random24-3.scen	17	462	30	266	3	0.01	0.52	NO SOLUTION	203	41	34320	4135
random24-3.scen	17	462	30	266	4	0.03	0.74	OK	579	113	44814	6982
random24-3.scen	18	462	30	280	0	0	0.22	NO SOLUTION	0	1	2354	0
random24-3.scen	18	462	30	280	1	0	0.26	NO SOLUTION	0	1	9610	795
random24-3.scen	18	462	30	280	2	0	0.48	NO SOLUTION	0	1	26475	2648
random24-3.scen	18	462	30	280	3	0.02	0.55	NO SOLUTION	295	55	35511	4476
random24-3.scen	18	462	30	280	4	0.02	0.77	OK	569	87	46526	7521
random24-3.scen	19	462	30	308	0	0	0.23	NO SOLUTION	0	1	2671	0
random24-3.scen	19	462	30	308	1	0	0.29	NO SOLUTION	0	1	11037	909
random24-3.scen	19	462	30	308	2	0	0.52	NO SOLUTION	0	1	28624	3016
random24-3.scen	19	462	30	308	3	0.01	0.61	NO SOLUTION	305	48	38086	5098
random24-3.scen	19	462	30	308	4	0.03	0.88	OK	848	125	50224	8521
random24-3.scen	20	462	30	319	0	0	0.24	NO SOLUTION	0	1	2689	0
random24-3.scen	20	462	30	319	1	0	0.3	NO SOLUTION	0	1	11114	914
random24-3.scen	20	462	30	319	2	0	0.65	NO SOLUTION	0	1	28747	3082
random24-3.scen	20	462	30	319	3	0.01	0.65	NO SOLUTION	271	48	38485	5209
random24-3.scen	20	462	30	319	4	0.04	0.92	OK	729	102	50900	8703
random24-3.scen	21	462	30	325	0	0	0.25	NO SOLUTION	0	1	2720	0
random24-3.scen	21	462	30	325	1	0	0.31	NO SOLUTION	0	1	11189	927
random24-3.scen	21	462	30	325	2	0	0.56	NO SOLUTION	0	1	28978	3134
random24-3.scen	21	462	30	325	3	0.02	0.65	NO SOLUTION	264	51	38799	5295
random24-3.scen	21	462	30	325	4	0.04	0.94	OK	994	130	51478	8839
random24-3.scen	22	462	30	354	0	0	0.26	NO SOLUTION	0	1	2969	0
random24-3.scen	22	462	30	354	1	0	0.33	NO SOLUTION	0	1	12124	1020
random24-3.scen	22	462	30	354	2	0	0.6	NO SOLUTION	0	1	30283	3446
random24-3.scen	22	462	30	354	3	0.02	0.71	NO SOLUTION	277	43	41090	5838
random24-3.scen	22	462	30	354	4	0.03	1.01	OK	704	94	55067	9803
random24-3.scen	23	462	30	364	0	0	0.27	NO SOLUTION	0	1	3020	0
random24-3.scen	23	462	30	364	1	0	0.34	NO SOLUTION	0	1	12285	1039
random24-3.scen	23	462	30	364	2	0	0.62	NO SOLUTION	0	1	30588	3519
random24-3.scen	23	462	30	364	3	0.02	0.73	NO SOLUTION	261	44	41609	5963
random24-3.scen	23	462	30	364	4	0.04	1.04	OK	776	125	55932	10027
random24-3.scen	24	462	30	385	0	0	0.29	NO SOLUTION	0	1	3089	0
random24-3.scen	24	462	30	385	1	0	0.35	NO SOLUTION	0	1	12599	1087
random24-3.scen	24	462	30	385	2	0	0.64	NO SOLUTION	0	1	31217	3711
random24-3.scen	24	462	30	385	3	0.01	0.74	NO SOLUTION	696	41	42640	6252
random24-3.scen	24	462	30	385	4	0.03	1.08	NO SOLUTION	508	97	58362	10761
random24-3.scen	24	462	30	385	5	0.07	1.26	NO SOLUTION	599	156	75595	15999
random24-3.scen	24	462	30	385	6	0.12	1.66	OK	1006	193	96349	22834
random24-3.scen	25	462	30	401	0	0	0.31	NO SOLUTION	0	1	3264	0
random24-3.scen	25	462	30	401	1	0	0.38	NO SOLUTION	0	1	13405	1145
random24-3.scen	25	462	30	401	2	0	0.67	NO SOLUTION	0	1	32142	3917
random24-3.scen	25	462	30	401	3	0.01	0.79	NO SOLUTION	645	41	44118	6599
random24-3.scen	25	462	30	401	4	0.03	1.13	NO SOLUTION	269	84	60942	11416
random24-3.scen	25	462	30	401	5	0.11	1.35	NO SOLUTION	829	185	78711	16821
random24-3.scen	25	462	30	401	6	0.06	1.67	OK	856	119	100387	24025
random24-3.scen	26	462	30	417	0	0	0.32	NO SOLUTION	0	1	3448	0
random24-3.scen	26	462	30	417	1	0	0.4	NO SOLUTION	0	1	14249	1206
random24-3.scen	26	462	30	417	2	0	0.71	NO SOLUTION	0	1	33054	4141
random24-3.scen	26	462	30	417	3	0.01	0.82	NO SOLUTION	655	41	45573	6945
random24-3.scen	26	462	30	417	4	0.04	1.21	NO SOLUTION	707	116	63436	12075
random24-3.scen	26	462	30	417	5	0.11	1.41	NO SOLUTION	1246	213	82017	17810
random24-3.scen	26	462	30	417	6	0.07	1.76	OK	1298	135	104654	25398
random24-3.scen	27	462	30	430	0	0	0.33	NO SOLUTION	0	1	3534	0
random24-3.scen	27	462	30	430	1	0	0.42	NO SOLUTION	0	1	14584	1247
random24-3.scen	27	462	30	430	2	0	0.73	NO SOLUTION	0	1	33540	4320
random24-3.scen	27	462	30	430	3	0.01	0.84	NO SOLUTION	163	17	46412	7104
random24-3.scen	27	462	30	430	4	0.03	1.24	NO SOLUTION	473	92	64909	12430
random24-3.scen	27	462	30	430	5	0.05	1.4	NO SOLUTION	407	102	84032	18358
random24-3.scen	27	462	30	430	6	0.15	1.89	NO SOLUTION	998	192	107356	26187
random24-3.scen	27	462	30	430	7	0.28	2.24	OK	1335	258	116936	34609
random24-3.scen	28	462	30	454	0	0	0.35	NO SOLUTION	0	1	3625	0
random24-3.scen	28	462	30	454	1	0	0.43	NO SOLUTION	0	1	14855	1281
random24-3.scen	28	462	30	454	2	0	0.76	NO SOLUTION	0	1	34115	4500
random24-3.scen	28	462	30	454	3	0.01	0.88	NO SOLUTION	184	16	47377	7454
random24-3.scen	28	462	30	454	4	0.03	1.27	NO SOLUTION	462	87	66697	13080
random24-3.scen	28	462	30	454	5	0.06	1.45	NO SOLUTION	437	113	86586	19317
random24-3.scen	28	462	30	454	6	0.14	1.95	NO SOLUTION	704	173	110906	27499
random24-3.scen	28	462	30	454	7	0.37	2.41	NO SOLUTION	1337	317	121571	36269
random24-3.scen	28	462	30	454	8	0.49	2.93	OK	1431	331	150867	46412
random24-3.scen	29	462	30	465	0	0	0.36	NO SOLUTION	0	1	3680	0
random24-3.scen	29	462	30	465	1	0	0.45	NO SOLUTION	0	1	15055	1306
random24-3.scen	29	462	30	465	2	0	0.79	NO SOLUTION	0	1	34414	4588
random24-3.scen	29	462	30	465	3	0.01	0.91	NO SOLUTION	182	16	48010	7596
random24-3.scen	29	462	30	465	4	0.03	1.3	NO SOLUTION	401	80	67651	13337
random24-3.scen	29	462	30	465	5	0.05	1.49	NO SOLUTION	360	127	87932	19688
random24-3.scen	29	462	30	465	6	0.13	2.05	NO SOLUTION	577	162	112732	28063
random24-3.scen	29	462	30	465	7	0.38	2.47	NO SOLUTION	1361	297	123889	37026
random24-3.scen	29	462	30	465	8	0.5	3.06	OK	1562	347	153730	47440
random24-3.scen	30	462	30	484	0	0	0.37	NO SOLUTION	0	1	3760	0
random24-3.scen	30	462	30	484	1	0	0.47	NO SOLUTION	0	1	15286	1336
random24-3.scen	30	462	30	484	2	0	0.81	NO SOLUTION	0	1	34973	4754
random24-3.scen	30	462	30	484	3	0.01	0.96	NO SOLUTION	252	17	49111	7748
random24-3.scen	30	462	30	484	4	0.03	1.35	NO SOLUTION	501	61	69510	13793
random24-3.scen	30	462	30	484	5	0.02	1.51	NO SOLUTION	263	47	90526	20409
random24-3.scen	30	462	30	484	6	0.06	2.03	NO SOLUTION	353	132	101589	29400
random24-3.scen	30	462	30	484	7	0.11	2.3	NO SOLUTION	391	119	128367	38405
random24-3.scen	30	462	30	484	8	0.28	2.94	NO SOLUTION	781	233	159388	49279
random24-3.scen	30	462	30	484	9	0.85	3.78	NO SOLUTION	1785	512	191316	60326
random24-3.scen	30	462	30	484	10	0.83	4.3	OK	3164	451	226992	73005
random24-3.scen	31	462	30	507	0	0	0.39	NO SOLUTION	0	1	4071	0
random24-3.scen	31	462	30	507	1	0	0.51	NO SOLUTION	0	1	16719	1435
random24-3.scen	31	462	30	507	2	0	0.85	NO SOLUTION	0	1	36565	5111
random24-3.scen	31	462	30	507	3	0	0.98	NO SOLUTION	77	5	38201	9289
random24-3.scen	31	462	30	507	4	0.02	1.42	NO SOLUTION	145	39	73388	15024
random24-3.scen	31	462	30	507	5	0.03	1.57	NO SOLUTION	225	87	81057	22454
random24-3.scen	31	462	30	507	6	0.07	2.13	NO SOLUTION	359	130	108148	31536
random24-3.scen	31	462	30	507	7	0.13	2.44	NO SOLUTION	693	136	136399	41022
random24-3.scen	31	462	30	507	8	0.23	3.02	NO SOLUTION	1038	274	169011	52460
random24-3.scen	31	462	30	507	9	0.84	3.96	NO SOLUTION	2447	705	202542	64073
random24-3.scen	31	462	30	507	10	0.6	4.25	OK	3005	458	239916	77290
random24-3.scen	32	462	30	529	0	0	0.41	NO SOLUTION	0	1	4190	0
random24-3.scen	32	462	30	529	1	0	0.52	NO SOLUTION	0	1	17137	1484
random24-3.scen	32	462	30	529	2	0	0.87	NO SOLUTION	0	1	37196	5283
random24-3.scen	32	462	30	529	3	0.01	1.01	NO SOLUTION	79	5	39310	9575
random24-3.scen	32	462	30	529	4	0.02	1.46	NO SOLUTION	141	39	75115	15464
random24-3.scen	32	462	30	529	5	0.03	1.61	NO SOLUTION	228	75	83453	23114
random24-3.scen	32	462	30	529	6	0.07	2.21	NO SOLUTION	723	110	111377	32489
random24-3.scen	32	462	30	529	7	0.13	2.49	NO SOLUTION	649	142	140427	42322
random24-3.scen	32	462	30	529	8	0.38	3.29	NO SOLUTION	1103	290	173923	54063
random24-3.scen	32	462	30	529	9	0.79	3.94	NO SOLUTION	2034	496	208337	66016
random24-3.scen	32	462	30	529	10	0.52	4.28	OK	2517	413	246710	79511
random24-3.scen	33	462	30	532	0	0	0.43	NO SOLUTION	0	1	4193	0
random24-3.scen	33	462	30	532	1	0	0.53	NO SOLUTION	0	1	17159	1485
random24-3.scen	33	462	30	532	2	0	0.89	NO SOLUTION	0	1	37266	5307
random24-3.scen	33	462	30	532	3	0	1.02	NO SOLUTION	82	5	39437	9592
random24-3.scen	33	462	30	532	4	0.02	1.47	NO SOLUTION	143	39	75348	15487
random24-3.scen	33	462	30	532	5	0.03	1.64	NO SOLUTION	224	72	83792	23160
random24-3.scen	33	462	30	532	6	0.07	2.21	NO SOLUTION	763	111	111882	32539
random24-3.scen	33	462	30	532	7	0.13	2.53	NO SOLUTION	773	143	141101	42359
random24-3.scen	33	462	30	532	8	0.23	3.18	NO SOLUTION	748	238	174832	54123
random24-3.scen	33	462	30	532	9	0.43	3.65	NO SOLUTION	1431	261	209485	66085
random24-3.scen	33	462	30	532	10	0.94	4.76	NO SOLUTION	2371	487	248159	79626
random24-3.scen	33	462	30	532	11	2.71	6.91	NO SOLUTION	3902	1195	287727	93139
random24-3.scen	33	462	30	532	12	5.29	10.34	OK	9123	1605	331062	108038
random24-3.scen	34	462	32	564	0	0	0.51	NO SOLUTION	0	1	4666	0
random24-3.scen	34	462	32	564	1	0	0.64	NO SOLUTION	0	1	19490	1651
random24-3.scen	34	462	32	564	2	0	1.06	NO SOLUTION	0	1	39589	5912
random24-3.scen	34	462	32	564	3	0	1.19	NO SOLUTION	82	5	43528	10511
random24-3.scen	34	462	32	564	4	0.02	1.69	NO SOLUTION	159	46	81357	17087
random24-3.scen	34	462	32	564	5	0.03	1.88	NO SOLUTION	256	50	91709	25407
random24-3.scen	34	462	32	564	6	0.07	2.49	NO SOLUTION	317	104	121892	35540
random24-3.scen	34	462	32	564	7	0.13	2.82	NO SOLUTION	619	126	153314	45929
random24-3.scen	34	462	32	564	8	0.2	3.55	NO SOLUTION	1130	275	189525	58343
random24-3.scen	34	462	32	564	9	0.48	3.92	NO SOLUTION	1609	384	226712	71022
random24-3.scen	34	462	32	564	10	0.8	4.82	NO SOLUTION	2249	383	268066	85326
random24-3.scen	34	462	32	564	11	2.5	6.86	NO SOLUTION	4292	908	310259	99656
random24-3.scen	34	462	32	564	12	2.45	7.66	OK	5910	979	356357	115369
random24-3.scen	35	462	32	580	0	0	0.53	NO SOLUTION	0	1	4713	0
random24-3.scen	35	462	32	580	1	0	0.64	NO SOLUTION	0	1	19641	1668
random24-3.scen	35	462	32	580	2	0	1.08	NO SOLUTION	0	1	39997	6025
random24-3.scen	35	462	32	580	3	0.01	1.21	NO SOLUTION	85	5	44298	10734
random24-3.scen	35	462	32	580	4	0.02	1.7	NO SOLUTION	114	26	68183	17952
random24-3.scen	35	462	32	580	5	0.03	1.92	NO SOLUTION	262	50	93516	26052
random24-3.scen	35	462	32	580	6	0.07	2.55	NO SOLUTION	306	95	124307	36434
random24-3.scen	35	462	32	580	7	0.12	2.89	NO SOLUTION	671	150	156336	47032
random24-3.scen	35	462	32	580	8	0.26	3.67	NO SOLUTION	934	215	193277	59687
random24-3.scen	35	462	32	580	9	0.57	4.07	NO SOLUTION	1785	411	231242	72543
random24-3.scen	35	462	32	580	10	1.21	5.5	NO SOLUTION	2620	607	273468	87124
random24-3.scen	35	462	32	580	11	3.07	7.55	NO SOLUTION	3181	1075	316582	101669
random24-3.scen	35	462	32	580	12	3.17	8.4	OK	3697	1108	363732	117657
random24-3.scen	36	462	32	592	0	0	0.53	NO SOLUTION	0	1	4784	0
random24-3.scen	36	462	32	592	1	0	0.67	NO SOLUTION	0	1	19896	1695
random24-3.scen	36	462	32	592	2	0	1.11	NO SOLUTION	0	1	40487	6142
random24-3.scen	36	462	32	592	3	0.01	1.24	NO SOLUTION	87	5	45081	10947
random24-3.scen	36	462	32	592	4	0.02	1.74	NO SOLUTION	155	40	83970	17906
random24-3.scen	36	462	32	592	5	0.03	2.03	NO SOLUTION	267	50	95265	26665
random24-3.scen	36	462	32	592	6	0.07	2.64	NO SOLUTION	309	95	126584	37274
random24-3.scen	36	462	32	592	7	0.12	2.94	NO SOLUTION	642	114	159126	48094
random24-3.scen	36	462	32	592	8	0.25	3.75	NO SOLUTION	940	208	196649	60991
random24-3.scen	36	462	32	592	9	0.68	4.28	NO SOLUTION	1969	402	235225	74014
random24-3.scen	36	462	32	592	10	1	5.24	NO SOLUTION	3420	538	278130	88840
random24-3.scen	36	462	32	592	11	1.91	6.59	NO SOLUTION	5433	898	321977	103550
random24-3.scen	36	462	32	592	12	4	9.4	NO SOLUTION	4547	1339	369945	119758
random24-3.scen	36	462	32	592	13	2.33	8.11	OK	7618	1058	418878	135848
random24-3.scen	37	462	32	610	0	0	0.56	NO SOLUTION	0	1	4944	0
random24-3.scen	37	462	32	610	1	0	0.69	NO SOLUTION	0	1	20667	1761
random24-3.scen	37	462	32	610	2	0	1.15	NO SOLUTION	0	1	41377	6385
random24-3.scen	37	462	32	610	3	0	1.28	NO SOLUTION	53	7	46607	11347
random24-3.scen	37	462	32	610	4	0.02	1.76	NO SOLUTION	150	31	71719	19044
random24-3.scen	37	462	32	610	5	0.04	2.07	NO SOLUTION	532	84	98181	27631
random24-3.scen	37	462	32	610	6	0.1	2.73	NO SOLUTION	806	126	130311	38553
random24-3.scen	37	462	32	610	7	0.11	3.04	NO SOLUTION	443	121	163620	49678
random24-3.scen	37	462	32	610	8	0.33	3.93	NO SOLUTION	1562	359	202050	62915
random24-3.scen	37	462	32	610	9	0.48	4.2	NO SOLUTION	1795	385	241545	76213
random24-3.scen	37	462	32	610	10	0.9	5.25	NO SOLUTION	2503	537	285527	91314
random24-3.scen	37	462	32	610	11	1.78	6.62	NO SOLUTION	3145	714	330496	106299
random24-3.scen	37	462	32	610	12	4.56	10.09	NO SOLUTION	11563	1352	379765	122844
random24-3.scen	37	462	32	610	13	7.84	13.79	OK	8984	1961	430026	139289
random24-3.scen	38	462	32	632	0	0	0.59	NO SOLUTION	0	1	5083	0
random24-3.scen	38	462	32	632	1	0	0.72	NO SOLUTION	0	1	21294	1818
random24-3.scen	38	462	32	632	2	0	1.18	NO SOLUTION	0	1	42247	6603
random24-3.scen	38	462	32	632	3	0	1.32	NO SOLUTION	52	7	48212	11722
random24-3.scen	38	462	32	632	4	0.02	1.83	NO SOLUTION	152	31	74238	19707
random24-3.scen	38	462	32	632	5	0.05	2.14	NO SOLUTION	538	80	101637	28611
random24-3.scen	38	462	32	632	6	0.11	2.75	NO SOLUTION	762	141	134742	39958
random24-3.scen	38	462	32	632	7	0.15	3.18	NO SOLUTION	703	158	169047	51382
random24-3.scen	38	462	32	632	8	0.31	4.02	NO SOLUTION	1182	293	208560	65177
random24-3.scen	38	462	32	632	9	0.57	4.4	NO SOLUTION	1465	336	249240	78766
random24-3.scen	38	462	32	632	10	1.12	5.76	NO SOLUTION	3290	653	294494	94204
random24-3.scen	38	462	32	632	11	2.02	7	NO SOLUTION	3443	706	340782	109569
random24-3.scen	38	462	32	632	12	5.33	11.04	NO SOLUTION	3837	1276	391443	126559
random24-3.scen	38	462	32	632	13	23.17	29.31	NO SOLUTION	163867	5312	443132	143418
