random48-1.scen	1	1873	61	61	0	0	0.15	OK	28	0	1576	111
random48-1.scen	2	1873	61	87	0	0	0.17	OK	33	0	1681	120
random48-1.scen	3	1873	61	94	0	0	0.21	OK	36	0	1729	125
random48-1.scen	4	1873	61	129	0	0	0.25	OK	54	0	2115	162
random48-1.scen	5	1873	61	188	0	0	0.34	OK	97	0	3429	257
random48-1.scen	6	1873	61	220	0	0	0.38	OK	100	0	3624	278
random48-1.scen	7	1873	61	258	0	0	0.46	OK	121	0	4304	331
random48-1.scen	8	1873	61	284	0	0	0.51	OK	126	0	4759	363
random48-1.scen	9	1873	61	332	0	0	0.57	OK	155	0	5126	401
random48-1.scen	10	1873	61	392	0	0	0.75	OK	195	0	7562	502
random48-1.scen	11	1873	61	432	0	0	0.87	OK	212	0	8741	565
random48-1.scen	12	1873	61	462	0	0	0.9	OK	226	0	8918	583
random48-1.scen	13	1873	61	506	0	0	1.01	OK	250	0	9979	648
random48-1.scen	14	1873	61	530	0	0	1.04	OK	264	0	10143	667
random48-1.scen	15	1873	61	540	0	0	1.07	OK	264	0	10202	674
random48-1.scen	16	1873	61	544	0	0	1.09	OK	264	0	10206	674
random48-1.scen	17	1873	61	568	0	0	1.15	OK	263	0	10486	715
random48-1.scen	18	1873	61	584	0	0	1.2	OK	273	0	10564	723
random48-1.scen	19	1873	61	618	0	0	1.34	OK	296	0	11679	777
random48-1.scen	20	1873	61	669	0	0	1.43	OK	302	0	12453	852
random48-1.scen	21	1873	61	716	0	0	1.6	OK	333	0	14328	923
random48-1.scen	22	1873	61	736	0	0	1.65	OK	335	0	14453	933
random48-1.scen	23	1873	61	749	0	0	1.71	OK	351	0	14522	934
random48-1.scen	24	1873	61	779	0	0	1.74	OK	361	0	14627	941
random48-1.scen	25	1873	61	813	0	0	1.86	OK	375	0	14835	961
random48-1.scen	26	1873	61	826	0	0	1.89	OK	380	0	14862	962
random48-1.scen	27	1873	61	846	0	0	1.95	OK	370	0	14993	974
random48-1.scen	28	1873	61	858	0	0	1.98	OK	374	0	15005	972
random48-1.scen	29	1873	74	932	0	0	3.01	OK	415	0	17281	1101
random48-1.scen	30	1873	74	968	0	0	3.11	NO SOLUTION	3	2	17585	1138
random48-1.scen	30	1873	74	968	1	0.01	3.34	OK	540	3	38681	3820
random48-1.scen	31	1873	74	995	0	0	3.24	NO SOLUTION	2	2	18208	1176
random48-1.scen	31	1873	74	995	1	0.01	3.49	OK	542	3	39485	3968
random48-1.scen	32	1873	74	1010	0	0	3.31	NO SOLUTION	2	2	18269	1173
random48-1.scen	32	1873	74	1010	1	0.01	3.57	OK	544	3	39637	3979
random48-1.scen	33	1873	74	1045	0	0	3.41	NO SOLUTION	2	2	18413	1154
random48-1.scen	33	1873	74	1045	1	0.01	3.64	OK	546	3	39957	3994
random48-1.scen	34	1873	74	1062	0	0	3.48	NO SOLUTION	2	2	18513	1166
random48-1.scen	34	1873	74	1062	1	0.01	3.74	OK	560	3	40148	4039
random48-1.scen	35	1873	74	1071	0	0	3.57	NO SOLUTION	2	2	18522	1166
random48-1.scen	35	1873	74	1071	1	0.01	3.8	OK	556	3	40204	4040
random48-1.scen	36	1873	74	1085	0	0	3.67	NO SOLUTION	0	1	18603	1235
random48-1.scen	36	1873	74	1085	1	0	3.91	NO SOLUTION	31	6	40365	4086
random48-1.scen	36	1873	74	1085	2	0.03	6.46	OK	1367	35	75605	13271
random48-1.scen	37	1873	74	1124	0	0	3.83	NO SOLUTION	0	1	20018	1309
random48-1.scen	37	1873	74	1124	1	0	4.12	NO SOLUTION	24	7	42006	4352
random48-1.scen	37	1873	74	1124	2	0.03	6.72	OK	1408	40	79146	13970
random48-1.scen	38	1873	74	1139	0	0	3.96	NO SOLUTION	0	1	20255	1325
random48-1.scen	38	1873	74	1139	1	0	4.23	NO SOLUTION	25	8	42384	4408
random48-1.scen	38	1873	74	1139	2	0.03	6.84	OK	1587	41	79978	14135
random48-1.scen	39	1873	74	1153	0	0	4.07	NO SOLUTION	0	1	20438	1342
random48-1.scen	39	1873	74	1153	1	0	4.36	NO SOLUTION	25	8	42687	4469
random48-1.scen	39	1873	74	1153	2	0.03	7.03	OK	1670	42	80710	14301
random48-1.scen	40	1873	74	1165	0	0	4.14	NO SOLUTION	0	1	20506	1349
random48-1.scen	40	1873	74	1165	1	0	4.48	NO SOLUTION	26	8	42823	4496
random48-1.scen	40	1873	74	1165	2	0.03	7.16	OK	1696	43	81073	14390
random48-1.scen	41	1873	74	1180	0	0	4.28	NO SOLUTION	0	1	20652	1364
random48-1.scen	41	1873	74	1180	1	0	4.6	NO SOLUTION	26	8	43130	4565
random48-1.scen	41	1873	74	1180	2	0.03	7.33	OK	1733	44	81749	14568
random48-1.scen	42	1873	74	1189	0	0	4.36	NO SOLUTION	0	1	20706	1369
random48-1.scen	42	1873	74	1189	1	0	4.73	NO SOLUTION	26	8	43242	4580
random48-1.scen	42	1873	74	1189	2	0.03	7.44	OK	1756	45	82058	14626
random48-1.scen	43	1873	74	1228	0	0	4.36	NO SOLUTION	0	1	12936	0
random48-1.scen	43	1873	74	1228	1	0	4.81	NO SOLUTION	0	1	43695	4871
random48-1.scen	43	1873	74	1228	2	0.01	7.62	NO SOLUTION	93	8	83444	14656
random48-1.scen	43	1873	74	1228	3	0.03	8.16	NO SOLUTION	208	32	127882	25235
random48-1.scen	43	1873	74	1228	4	0.1	10.84	OK	1525	86	188208	40490
random48-1.scen	44	1873	74	1258	0	0	4.56	NO SOLUTION	0	1	13419	0
random48-1.scen	44	1873	74	1258	1	0	5.15	NO SOLUTION	0	1	44793	5062
random48-1.scen	44	1873	74	1258	2	0.01	7.87	NO SOLUTION	95	8	85850	15122
random48-1.scen	44	1873	74	1258	3	0.04	8.45	NO SOLUTION	231	32	131684	26001
random48-1.scen	44	1873	74	1258	4	0.1	11.24	OK	1632	73	193830	41752
random48-1.scen	45	1873	74	1281	0	0	4.65	NO SOLUTION	0	1	13556	0
random48-1.scen	45	1873	74	1281	1	0	5.3	NO SOLUTION	0	1	45088	5122
random48-1.scen	45	1873	74	1281	2	0.01	8.01	NO SOLUTION	96	8	86597	15313
random48-1.scen	45	1873	74	1281	3	0.04	8.62	NO SOLUTION	385	33	132920	26295
random48-1.scen	45	1873	74	1281	4	0.1	11.41	OK	1719	93	195794	42201
random48-1.scen	46	1873	74	1331	0	0	4.74	NO SOLUTION	0	1	12846	0
random48-1.scen	46	1873	74	1331	1	0	5.36	NO SOLUTION	0	1	45531	5218
random48-1.scen	46	1873	74	1331	2	0.01	8.2	NO SOLUTION	95	6	88095	15727
random48-1.scen	46	1873	74	1331	3	0.02	8.84	NO SOLUTION	129	23	135525	26960
random48-1.scen	46	1873	74	1331	4	0.12	11.79	NO SOLUTION	697	87	200329	43377
random48-1.scen	46	1873	74	1331	5	0.16	12.64	NO SOLUTION	354	56	270767	62158
random48-1.scen	46	1873	74	1331	6	0.47	16.04	OK	2943	191	356615	87551
random48-1.scen	47	1873	74	1352	0	0	4.88	NO SOLUTION	0	1	13036	0
random48-1.scen	47	1873	74	1352	1	0	5.49	NO SOLUTION	0	1	46013	5313
random48-1.scen	47	1873	74	1352	2	0.01	8.41	NO SOLUTION	98	6	89231	15982
random48-1.scen	47	1873	74	1352	3	0.02	9.08	NO SOLUTION	123	23	137359	27403
random48-1.scen	47	1873	74	1352	4	0.14	12.03	NO SOLUTION	830	77	203080	44125
random48-1.scen	47	1873	74	1352	5	0.17	12.88	NO SOLUTION	350	56	274412	63284
random48-1.scen	47	1873	74	1352	6	0.44	16.26	OK	2802	150	361284	89113
random48-1.scen	48	1873	74	1376	0	0	5.08	NO SOLUTION	0	1	13212	0
random48-1.scen	48	1873	74	1376	1	0	5.63	NO SOLUTION	0	1	46442	5409
random48-1.scen	48	1873	74	1376	2	0.03	8.67	NO SOLUTION	98	8	90453	16185
random48-1.scen	48	1873	74	1376	3	0.02	9.26	NO SOLUTION	124	23	139428	27781
random48-1.scen	48	1873	74	1376	4	0.13	12.29	NO SOLUTION	716	88	206423	44855
random48-1.scen	48	1873	74	1376	5	0.15	13.18	NO SOLUTION	343	58	279066	64429
random48-1.scen	48	1873	74	1376	6	0.46	16.63	OK	2853	148	367519	90801
random48-1.scen	49	1873	74	1410	0	0	5.22	NO SOLUTION	0	1	13318	0
random48-1.scen	49	1873	74	1410	1	0	5.74	NO SOLUTION	0	1	46736	5459
random48-1.scen	49	1873	74	1410	2	0.01	8.81	NO SOLUTION	92	6	91501	16430
random48-1.scen	49	1873	74	1410	3	0.02	9.71	NO SOLUTION	126	23	141414	28189
random48-1.scen	49	1873	74	1410	4	0.16	12.71	NO SOLUTION	753	105	209972	45659
random48-1.scen	49	1873	74	1410	5	0.15	13.46	NO SOLUTION	348	58	284348	65679
random48-1.scen	49	1873	74	1410	6	0.48	17.11	OK	2853	148	375104	92711
random48-1.scen	50	1873	74	1440	0	0	5.34	NO SOLUTION	0	1	13605	0
random48-1.scen	50	1873	74	1440	1	0	5.92	NO SOLUTION	0	1	47479	5616
random48-1.scen	50	1873	74	1440	2	0.01	9.11	NO SOLUTION	93	7	93374	16843
random48-1.scen	50	1873	74	1440	3	0.02	10.01	NO SOLUTION	128	23	144517	28936
random48-1.scen	50	1873	74	1440	4	0.14	12.99	NO SOLUTION	783	92	214733	47043
random48-1.scen	50	1873	74	1440	5	0.16	13.84	NO SOLUTION	353	58	290770	67772
random48-1.scen	50	1873	74	1440	6	0.43	17.54	OK	3101	204	383497	95736
random48-1.scen	51	1873	74	1483	0	0	5.55	NO SOLUTION	0	1	14272	0
random48-1.scen	51	1873	74	1483	1	0	6.15	NO SOLUTION	0	1	49106	5884
random48-1.scen	51	1873	74	1483	2	0.01	9.38	NO SOLUTION	137	7	96899	17608
random48-1.scen	51	1873	74	1483	3	0.02	10.36	NO SOLUTION	123	23	150075	30229
random48-1.scen	51	1873	74	1483	4	0.15	13.41	NO SOLUTION	800	95	222981	49117
random48-1.scen	51	1873	74	1483	5	0.16	14.37	NO SOLUTION	355	58	301888	70734
random48-1.scen	51	1873	74	1483	6	0.54	18.09	OK	3256	209	398056	100074
random48-1.scen	52	1873	74	1525	0	0	5.65	NO SOLUTION	0	1	14564	0
random48-1.scen	52	1873	74	1525	1	0	6.28	NO SOLUTION	0	1	49816	6013
random48-1.scen	52	1873	74	1525	2	0.01	9.88	NO SOLUTION	128	7	98658	18036
random48-1.scen	52	1873	74	1525	3	0.02	10.58	NO SOLUTION	124	23	152965	30957
random48-1.scen	52	1873	74	1525	4	0.15	13.75	NO SOLUTION	828	92	227500	50315
random48-1.scen	52	1873	74	1525	5	0.17	14.91	NO SOLUTION	356	58	308223	72586
random48-1.scen	52	1873	74	1525	6	0.52	19.15	OK	3439	214	406682	102668
random48-1.scen	53	1873	74	1552	0	0	5.77	NO SOLUTION	0	1	14629	0
random48-1.scen	53	1873	74	1552	1	0	6.44	NO SOLUTION	0	1	50026	6039
random48-1.scen	53	1873	74	1552	2	0.01	10.09	NO SOLUTION	127	7	99270	18124
random48-1.scen	53	1873	74	1552	3	0.03	10.83	NO SOLUTION	138	26	154056	31114
random48-1.scen	53	1873	74	1552	4	0.15	14.05	NO SOLUTION	821	91	229326	50694
random48-1.scen	53	1873	74	1552	5	0.2	15.25	NO SOLUTION	375	65	310812	73258
random48-1.scen	53	1873	74	1552	6	0.54	19.45	OK	2949	158	410308	103743
random48-1.scen	54	1873	74	1611	0	0	5.89	NO SOLUTION	0	1	14937	0
random48-1.scen	54	1873	74	1611	1	0	6.56	NO SOLUTION	0	1	50793	6184
random48-1.scen	54	1873	74	1611	2	0.01	10.29	NO SOLUTION	128	7	101271	18642
random48-1.scen	54	1873	74	1611	3	0.03	11.12	NO SOLUTION	126	26	157422	31930
random48-1.scen	54	1873	74	1611	4	0.15	14.54	NO SOLUTION	830	92	235054	51942
random48-1.scen	54	1873	74	1611	5	0.2	15.73	NO SOLUTION	375	56	319427	74989
random48-1.scen	54	1873	74	1611	6	0.57	20.07	OK	2984	155	422796	106104
random48-1.scen	55	1873	74	1649	0	0	6.14	NO SOLUTION	0	1	15619	0
random48-1.scen	55	1873	74	1649	1	0	6.79	NO SOLUTION	0	1	52570	6480
random48-1.scen	55	1873	74	1649	2	0.01	10.67	NO SOLUTION	121	8	104904	19389
random48-1.scen	55	1873	74	1649	3	0.03	11.42	NO SOLUTION	127	26	163163	33226
random48-1.scen	55	1873	74	1649	4	0.17	14.93	NO SOLUTION	852	94	243414	54021
random48-1.scen	55	1873	74	1649	5	0.16	16.11	NO SOLUTION	372	57	330350	78021
random48-1.scen	55	1873	74	1649	6	0.59	20.55	OK	3126	152	436483	110525
random48-1.scen	56	1873	74	1660	0	0	6.27	NO SOLUTION	0	1	15646	0
random48-1.scen	56	1873	74	1660	1	0	6.98	NO SOLUTION	0	1	52665	6494
random48-1.scen	56	1873	74	1660	2	0.01	10.83	NO SOLUTION	121	8	105191	19476
random48-1.scen	56	1873	74	1660	3	0.02	11.66	NO SOLUTION	114	23	163681	33368
random48-1.scen	56	1873	74	1660	4	0.17	15.33	NO SOLUTION	882	94	244340	54256
random48-1.scen	56	1873	74	1660	5	0.16	16.34	NO SOLUTION	376	57	331717	78370
random48-1.scen	56	1873	74	1660	6	0.52	20.82	OK	3496	194	438460	111037
random48-1.scen	57	1873	74	1696	0	0	6.42	NO SOLUTION	0	1	16048	0
random48-1.scen	57	1873	74	1696	1	0	7.16	NO SOLUTION	0	1	53704	6701
random48-1.scen	57	1873	74	1696	2	0.01	10.79	NO SOLUTION	121	8	107541	19857
random48-1.scen	57	1873	74	1696	3	0.02	11.59	NO SOLUTION	117	23	167597	34032
random48-1.scen	57	1873	74	1696	4	0.14	15.63	NO SOLUTION	764	82	250226	55483
random48-1.scen	57	1873	74	1696	5	0.2	16.88	NO SOLUTION	503	85	339668	80346
random48-1.scen	57	1873	74	1696	6	0.39	21.15	OK	3203	177	448720	114111
random48-1.scen	58	1873	74	1762	0	0	6.75	NO SOLUTION	0	1	17531	0
random48-1.scen	58	1873	74	1762	1	0	7.52	NO SOLUTION	0	1	57638	7299
random48-1.scen	58	1873	74	1762	2	0.01	11.35	NO SOLUTION	122	8	115724	21312
random48-1.scen	58	1873	74	1762	3	0.03	12.2	NO SOLUTION	127	23	180571	36834
random48-1.scen	58	1873	74	1762	4	0.18	16.46	NO SOLUTION	1006	86	268657	60104
random48-1.scen	58	1873	74	1762	5	0.21	17.62	NO SOLUTION	520	86	363617	86982
random48-1.scen	58	1873	74	1762	6	0.5	22.14	OK	3357	148	478631	122872
random48-1.scen	59	1873	74	1776	0	0	6.88	NO SOLUTION	0	1	17586	0
random48-1.scen	59	1873	74	1776	1	0	7.67	NO SOLUTION	0	1	57797	7331
random48-1.scen	59	1873	74	1776	2	0	11.47	NO SOLUTION	0	1	116102	23166
random48-1.scen	59	1873	74	1776	3	0.01	12.36	NO SOLUTION	93	11	181224	36643
random48-1.scen	59	1873	74	1776	4	0.04	16.47	NO SOLUTION	149	16	269727	59804
random48-1.scen	59	1873	74	1776	5	0.14	17.71	NO SOLUTION	549	28	365162	86575
random48-1.scen	59	1873	74	1776	6	0.19	22.2	NO SOLUTION	502	52	480770	122433
