random64-3.scen	1	3270	43	43	0	0	0.15	OK	37	0	523	120
random64-3.scen	2	3270	43	80	0	0	0.18	OK	50	0	1668	115
random64-3.scen	3	3270	60	140	0	0	0.3	OK	68	0	2436	191
random64-3.scen	4	3270	60	148	0	0	0.31	OK	68	0	2451	191
random64-3.scen	5	3270	60	198	0	0	0.35	OK	74	0	2618	200
random64-3.scen	6	3270	60	227	0	0	0.36	OK	76	0	2654	200
random64-3.scen	7	3270	60	258	0	0	0.4	OK	79	0	2806	217
random64-3.scen	8	3270	60	270	0	0	0.42	OK	84	0	2843	220
random64-3.scen	9	3270	60	322	0	0	0.48	OK	116	0	3398	281
random64-3.scen	10	3270	60	328	0	0	0.5	OK	120	0	3417	282
random64-3.scen	11	3270	76	404	0	0	0.86	OK	158	0	5084	386
random64-3.scen	12	3270	78	482	0	0	1.07	OK	177	0	7095	508
random64-3.scen	13	3270	78	517	0	0	1.18	OK	198	0	7934	554
random64-3.scen	14	3270	78	567	0	0	1.28	OK	207	0	8405	595
random64-3.scen	15	3270	78	627	0	0	1.59	OK	244	0	11097	701
random64-3.scen	16	3270	78	643	0	0	1.65	OK	242	0	11189	679
random64-3.scen	17	3270	78	699	0	0	1.92	OK	277	0	13043	774
random64-3.scen	18	3270	78	709	0	0	1.98	OK	275	0	13109	779
random64-3.scen	19	3270	78	754	0	0	2.16	OK	302	0	14272	849
random64-3.scen	20	3270	78	777	0	0	2.22	OK	308	0	14367	858
random64-3.scen	21	3270	78	853	0	0	2.36	OK	338	0	15026	917
random64-3.scen	22	3270	78	920	0	0	2.52	OK	364	0	16614	1021
random64-3.scen	23	3270	78	953	0	0	2.59	OK	359	0	16692	1025
random64-3.scen	24	3270	78	980	0	0	2.74	OK	374	0	17017	1063
random64-3.scen	25	3270	78	1044	0	0	2.97	OK	415	0	19006	1173
random64-3.scen	26	3270	78	1066	0	0	3.07	OK	430	0	19205	1189
random64-3.scen	27	3270	78	1103	0	0	3.27	OK	440	0	20803	1247
random64-3.scen	28	3270	78	1117	0	0	3.34	OK	444	0	20880	1255
random64-3.scen	29	3270	78	1135	0	0	3.42	OK	456	0	21057	1275
random64-3.scen	30	3270	80	1215	0	0	3.78	OK	477	0	22493	1370
random64-3.scen	31	3270	80	1283	0	0	4.12	OK	500	0	23519	1476
random64-3.scen	32	3270	80	1310	0	0	4.23	OK	511	0	23860	1498
random64-3.scen	33	3270	80	1381	0	0.01	4.58	OK	531	0	27177	1607
random64-3.scen	34	3270	80	1456	0	0	4.55	NO SOLUTION	0	1	15115	0
random64-3.scen	34	3270	80	1456	1	0	5.06	NO SOLUTION	14	2	51833	5949
random64-3.scen	34	3270	80	1456	2	0.03	9.26	NO SOLUTION	144	19	101790	18549
random64-3.scen	34	3270	80	1456	3	0.08	9.99	OK	1766	69	158242	31889
random64-3.scen	35	3270	88	1544	0	0	6.01	NO SOLUTION	0	1	17584	0
random64-3.scen	35	3270	88	1544	1	0	6.58	NO SOLUTION	13	2	57966	6577
random64-3.scen	35	3270	88	1544	2	0.03	11.03	NO SOLUTION	160	24	114701	20197
random64-3.scen	35	3270	88	1544	3	0.15	11.82	NO SOLUTION	488	73	178782	34888
random64-3.scen	35	3270	88	1544	4	0.15	17.15	OK	2626	77	265711	56489
random64-3.scen	36	3270	88	1577	0	0	6.12	NO SOLUTION	0	1	17748	0
random64-3.scen	36	3270	88	1577	1	0	6.76	NO SOLUTION	13	2	58400	6678
random64-3.scen	36	3270	88	1577	2	0.03	11.25	NO SOLUTION	173	24	115911	20491
random64-3.scen	36	3270	88	1577	3	0.15	11.99	NO SOLUTION	508	73	180863	35405
random64-3.scen	36	3270	88	1577	4	0.15	17.37	OK	2861	80	269134	57477
random64-3.scen	37	3270	88	1634	0	0	6.31	NO SOLUTION	0	1	18169	0
random64-3.scen	37	3270	88	1634	1	0	6.92	NO SOLUTION	13	2	59514	6915
random64-3.scen	37	3270	88	1634	2	0.03	11.57	NO SOLUTION	175	24	118786	21118
random64-3.scen	37	3270	88	1634	3	0.16	12.44	NO SOLUTION	502	73	185844	36527
random64-3.scen	37	3270	88	1634	4	0.13	17.96	OK	1616	71	277335	59555
random64-3.scen	38	3270	88	1664	0	0	6.43	NO SOLUTION	0	1	18324	0
random64-3.scen	38	3270	88	1664	1	0	7	NO SOLUTION	0	1	59939	7471
random64-3.scen	38	3270	88	1664	2	0	11.76	NO SOLUTION	0	1	119752	22958
random64-3.scen	38	3270	88	1664	3	0	12.45	NO SOLUTION	0	1	187445	39655
random64-3.scen	38	3270	88	1664	4	0	18.08	NO SOLUTION	0	1	279766	63971
random64-3.scen	38	3270	88	1664	5	0	19.14	NO SOLUTION	0	1	379380	91342
random64-3.scen	38	3270	88	1664	6	0	24.36	NO SOLUTION	0	1	501220	126839
