random56-1.scen	1	2519	33	33	0	0	0.12	OK	22	0	336	73
random56-1.scen	2	2519	52	85	0	0	0.15	OK	37	0	799	66
random56-1.scen	3	2519	52	111	0	0	0.18	OK	46	0	902	76
random56-1.scen	4	2519	70	181	0	0	0.36	OK	73	0	2905	198
random56-1.scen	5	2519	70	223	0	0	0.47	OK	91	0	3979	260
random56-1.scen	6	2519	70	276	0	0	0.58	OK	131	0	5387	341
random56-1.scen	7	2519	70	333	0	0	0.69	OK	155	0	6425	420
random56-1.scen	8	2519	70	358	0	0	0.81	OK	167	0	6780	454
random56-1.scen	9	2519	70	423	0	0	0.87	OK	184	0	7242	485
random56-1.scen	10	2519	70	488	0	0	1.06	OK	216	0	9669	605
random56-1.scen	11	2519	70	537	0	0	1.12	OK	222	0	9897	631
random56-1.scen	12	2519	70	592	0	0	1.22	OK	246	0	10565	691
random56-1.scen	13	2519	70	605	0	0	1.25	OK	238	0	10584	684
random56-1.scen	14	2519	70	622	0	0	1.31	OK	239	0	10802	701
random56-1.scen	15	2519	70	644	0	0	1.37	OK	244	0	10980	722
random56-1.scen	16	2519	70	710	0	0	1.44	OK	273	0	11366	762
random56-1.scen	17	2519	70	749	0	0	1.49	OK	272	0	11502	774
random56-1.scen	18	2519	70	757	0	0	1.54	OK	279	0	11553	780
random56-1.scen	19	2519	70	788	0	0	1.61	OK	288	0	11790	801
random56-1.scen	20	2519	70	832	0	0	1.81	OK	301	0	12773	876
random56-1.scen	21	2519	70	897	0	0	1.91	NO SOLUTION	0	1	8813	0
random56-1.scen	21	2519	70	897	1	0	2.16	NO SOLUTION	3	2	35109	3171
random56-1.scen	21	2519	70	897	2	0.04	4.25	OK	1090	27	63824	10633
random56-1.scen	22	2519	70	925	0	0	2	NO SOLUTION	0	1	9098	0
random56-1.scen	22	2519	70	925	1	0	2.24	NO SOLUTION	5	2	35760	3326
random56-1.scen	22	2519	70	925	2	0.05	4.42	OK	955	28	65287	10994
random56-1.scen	23	2519	70	965	0	0	2.08	NO SOLUTION	0	1	9354	0
random56-1.scen	23	2519	70	965	1	0	2.34	NO SOLUTION	5	2	36415	3455
random56-1.scen	23	2519	70	965	2	0.03	4.6	OK	888	28	67104	11387
random56-1.scen	24	2519	70	1015	0	0	2.19	NO SOLUTION	0	1	9834	0
random56-1.scen	24	2519	70	1015	1	0	2.48	NO SOLUTION	5	2	37512	3691
random56-1.scen	24	2519	70	1015	2	0.02	4.86	OK	906	22	69786	12018
random56-1.scen	25	2519	70	1044	0	0	2.27	NO SOLUTION	0	1	10041	0
random56-1.scen	25	2519	70	1044	1	0	2.56	NO SOLUTION	6	2	38008	3717
random56-1.scen	25	2519	70	1044	2	0.03	5.04	OK	954	28	71096	12051
random56-1.scen	26	2519	70	1108	0	0	2.34	NO SOLUTION	0	1	10501	0
random56-1.scen	26	2519	70	1108	1	0	2.68	NO SOLUTION	7	2	38944	3939
random56-1.scen	26	2519	70	1108	2	0.02	5.24	OK	1123	23	73981	12731
random56-1.scen	27	2519	70	1126	0	0	2.42	NO SOLUTION	0	1	10588	0
random56-1.scen	27	2519	70	1126	1	0	2.74	NO SOLUTION	7	2	39171	3983
random56-1.scen	27	2519	70	1126	2	0.02	5.32	OK	1094	23	74522	12879
random56-1.scen	28	2519	70	1177	0	0	2.53	NO SOLUTION	0	1	10875	0
random56-1.scen	28	2519	70	1177	1	0	2.82	NO SOLUTION	8	2	39844	4141
random56-1.scen	28	2519	70	1177	2	0.03	5.45	OK	1183	24	76474	13396
random56-1.scen	29	2519	70	1226	0	0	2.59	NO SOLUTION	0	1	11139	0
random56-1.scen	29	2519	70	1226	1	0	2.9	NO SOLUTION	8	2	40456	4256
random56-1.scen	29	2519	70	1226	2	0.03	5.68	OK	1158	22	78382	13818
random56-1.scen	30	2519	70	1277	0	0	2.67	NO SOLUTION	0	1	11403	0
random56-1.scen	30	2519	70	1277	1	0	2.99	NO SOLUTION	8	2	40992	4375
random56-1.scen	30	2519	70	1277	2	0.03	5.85	OK	1241	23	79933	14258
random56-1.scen	31	2519	70	1337	0	0	2.87	NO SOLUTION	0	1	12610	0
random56-1.scen	31	2519	70	1337	1	0	3.2	NO SOLUTION	13	2	43968	4826
random56-1.scen	31	2519	70	1337	2	0.03	6.09	OK	1469	23	86146	15653
random56-1.scen	32	2519	70	1385	0	0	3	NO SOLUTION	0	1	13282	0
random56-1.scen	32	2519	70	1385	1	0	3.34	NO SOLUTION	13	3	45517	5095
random56-1.scen	32	2519	70	1385	2	0.03	6.32	OK	1512	26	89319	16356
random56-1.scen	33	2519	70	1398	0	0	3.05	NO SOLUTION	0	1	13328	0
random56-1.scen	33	2519	70	1398	1	0	3.41	NO SOLUTION	13	3	45626	5113
random56-1.scen	33	2519	70	1398	2	0.03	6.4	OK	1403	26	89612	16453
random56-1.scen	34	2519	70	1414	0	0	3.11	NO SOLUTION	0	1	13434	0
random56-1.scen	34	2519	70	1414	1	0	3.51	NO SOLUTION	13	3	45847	5155
random56-1.scen	34	2519	70	1414	2	0.03	6.53	OK	1540	27	90235	16595
random56-1.scen	35	2519	72	1486	0	0	3.53	NO SOLUTION	0	1	14782	0
random56-1.scen	35	2519	72	1486	1	0	3.92	NO SOLUTION	13	3	49032	5661
random56-1.scen	35	2519	72	1486	2	0.03	7.24	OK	1630	28	97179	18081
random56-1.scen	36	2519	72	1554	0	0	3.85	NO SOLUTION	0	1	16155	0
random56-1.scen	36	2519	72	1554	1	0	4.31	NO SOLUTION	16	3	52422	6203
random56-1.scen	36	2519	72	1554	2	0.03	7.24	OK	1745	26	104097	19544
random56-1.scen	37	2519	72	1617	0	0	3.94	NO SOLUTION	0	1	16570	0
random56-1.scen	37	2519	72	1617	1	0	4.39	NO SOLUTION	0	1	53653	6594
random56-1.scen	37	2519	72	1617	2	0.02	7.64	NO SOLUTION	98	18	107055	19676
random56-1.scen	37	2519	72	1617	3	0.05	8.33	NO SOLUTION	215	46	167693	34299
random56-1.scen	37	2519	72	1617	4	0.09	11.67	OK	1159	66	251713	56177
random56-1.scen	38	2519	72	1685	0	0	4.12	NO SOLUTION	0	1	17517	0
random56-1.scen	38	2519	72	1685	1	0	4.57	NO SOLUTION	0	1	55931	7010
random56-1.scen	38	2519	72	1685	2	0.03	8.02	NO SOLUTION	110	27	112349	20795
random56-1.scen	38	2519	72	1685	3	0.06	8.69	NO SOLUTION	221	46	176349	36222
random56-1.scen	38	2519	72	1685	4	0.09	12.14	OK	1185	66	264809	59451
random56-1.scen	39	2519	72	1741	0	0	4.27	NO SOLUTION	0	1	18359	0
random56-1.scen	39	2519	72	1741	1	0	4.77	NO SOLUTION	0	1	58041	7361
random56-1.scen	39	2519	72	1741	2	0.03	8.34	NO SOLUTION	116	25	117124	21778
random56-1.scen	39	2519	72	1741	3	0.06	9.04	NO SOLUTION	238	46	184246	38060
random56-1.scen	39	2519	72	1741	4	0.11	12.75	OK	1942	75	276774	62878
random56-1.scen	40	2519	72	1777	0	0	4.39	NO SOLUTION	0	1	18544	0
random56-1.scen	40	2519	72	1777	1	0	4.88	NO SOLUTION	0	1	58511	7470
random56-1.scen	40	2519	72	1777	2	0.02	8.43	NO SOLUTION	116	20	118310	22108
random56-1.scen	40	2519	72	1777	3	0.06	9.16	NO SOLUTION	191	44	186183	38654
random56-1.scen	40	2519	72	1777	4	0.11	12.93	OK	2105	76	279805	63834
random56-1.scen	41	2519	72	1805	0	0	4.44	NO SOLUTION	0	1	18835	0
random56-1.scen	41	2519	72	1805	1	0	4.98	NO SOLUTION	0	1	59189	7619
random56-1.scen	41	2519	72	1805	2	0.02	8.63	NO SOLUTION	115	20	119952	22488
random56-1.scen	41	2519	72	1805	3	0.06	9.36	NO SOLUTION	243	49	188985	39335
random56-1.scen	41	2519	72	1805	4	0.12	13.29	OK	2221	77	284185	65033
random56-1.scen	42	2519	72	1845	0	0	4.59	NO SOLUTION	0	1	19001	0
random56-1.scen	42	2519	72	1845	1	0	5.04	NO SOLUTION	0	1	59659	7720
random56-1.scen	42	2519	72	1845	2	0.02	8.77	NO SOLUTION	116	19	121116	22813
random56-1.scen	42	2519	72	1845	3	0.06	9.49	NO SOLUTION	193	44	191035	39868
random56-1.scen	42	2519	72	1845	4	0.12	13.58	OK	2136	85	287632	65902
random56-1.scen	43	2519	72	1904	0	0	4.6	NO SOLUTION	0	1	19029	0
random56-1.scen	43	2519	72	1904	1	0	5.14	NO SOLUTION	0	1	60797	8131
random56-1.scen	43	2519	72	1904	2	0.01	8.96	NO SOLUTION	119	16	124022	23319
random56-1.scen	43	2519	72	1904	3	0.06	9.72	NO SOLUTION	193	44	195625	41497
random56-1.scen	43	2519	72	1904	4	0.23	14.18	NO SOLUTION	430	91	295441	68862
random56-1.scen	43	2519	72	1904	5	0.37	15.37	OK	2881	116	403254	99987
random56-1.scen	44	2519	72	1950	0	0	4.7	NO SOLUTION	0	1	18946	0
random56-1.scen	44	2519	72	1950	1	0	5.26	NO SOLUTION	0	1	61354	8246
random56-1.scen	44	2519	72	1950	2	0.01	9.1	NO SOLUTION	117	15	125344	23683
random56-1.scen	44	2519	72	1950	3	0.05	9.87	NO SOLUTION	164	45	197832	42066
random56-1.scen	44	2519	72	1950	4	0.21	14.34	NO SOLUTION	473	83	298916	69724
random56-1.scen	44	2519	72	1950	5	0.41	15.76	NO SOLUTION	803	107	408150	101199
random56-1.scen	44	2519	72	1950	6	0.28	19.76	OK	2553	75	543055	143171
random56-1.scen	45	2519	72	1954	0	0	4.77	NO SOLUTION	0	1	18950	0
random56-1.scen	45	2519	72	1954	1	0	5.34	NO SOLUTION	0	1	61380	8247
random56-1.scen	45	2519	72	1954	2	0.01	9.16	NO SOLUTION	117	15	125440	23701
random56-1.scen	45	2519	72	1954	3	0.07	9.97	NO SOLUTION	246	48	198010	42100
random56-1.scen	45	2519	72	1954	4	0.23	14.57	NO SOLUTION	485	89	299223	69786
random56-1.scen	45	2519	72	1954	5	0.44	15.74	NO SOLUTION	813	111	408604	101287
random56-1.scen	45	2519	72	1954	6	0.29	19.88	OK	2507	77	543735	143292
random56-1.scen	46	2519	72	1977	0	0	4.88	NO SOLUTION	0	1	19064	0
random56-1.scen	46	2519	72	1977	1	0	5.41	NO SOLUTION	0	1	61694	8319
random56-1.scen	46	2519	72	1977	2	0.01	9.35	NO SOLUTION	117	15	126212	23922
random56-1.scen	46	2519	72	1977	3	0.05	10.13	NO SOLUTION	262	44	199270	42478
random56-1.scen	46	2519	72	1977	4	0.22	14.69	NO SOLUTION	470	90	301243	70392
random56-1.scen	46	2519	72	1977	5	0.45	16.03	NO SOLUTION	780	119	411483	102151
random56-1.scen	46	2519	72	1977	6	0.29	20.13	OK	2720	76	547830	144505
random56-1.scen	47	2519	72	1994	0	0	4.95	NO SOLUTION	0	1	19081	0
random56-1.scen	47	2519	72	1994	1	0	5.52	NO SOLUTION	0	1	61798	8320
random56-1.scen	47	2519	72	1994	2	0.01	9.44	NO SOLUTION	118	15	126525	24012
random56-1.scen	47	2519	72	1994	3	0.05	10.26	NO SOLUTION	265	44	199826	42621
random56-1.scen	47	2519	72	1994	4	0.23	14.79	NO SOLUTION	503	89	302192	70615
random56-1.scen	47	2519	72	1994	5	0.46	16.21	NO SOLUTION	804	113	412867	102460
random56-1.scen	47	2519	72	1994	6	0.29	20.44	OK	2671	76	549913	144940
random56-1.scen	48	2519	72	2007	0	0	5.05	NO SOLUTION	0	1	19157	0
random56-1.scen	48	2519	72	2007	1	0	5.6	NO SOLUTION	0	1	61985	8364
random56-1.scen	48	2519	72	2007	2	0.03	9.61	NO SOLUTION	119	15	126957	24126
random56-1.scen	48	2519	72	2007	3	0.05	10.37	NO SOLUTION	261	44	200539	42801
random56-1.scen	48	2519	72	2007	4	0.23	15.07	NO SOLUTION	511	89	303294	70878
random56-1.scen	48	2519	72	2007	5	0.44	16.42	NO SOLUTION	864	114	414413	102823
random56-1.scen	48	2519	72	2007	6	0.29	20.63	OK	2605	71	552086	145449
random56-1.scen	49	2519	74	2081	0	0	5.65	NO SOLUTION	0	1	21134	0
random56-1.scen	49	2519	74	2081	1	0	6.31	NO SOLUTION	0	1	66878	9078
random56-1.scen	49	2519	74	2081	2	0.02	10.68	NO SOLUTION	113	16	137794	26215
random56-1.scen	49	2519	74	2081	3	0.05	11.49	NO SOLUTION	262	44	217983	46563
random56-1.scen	49	2519	74	2081	4	0.24	17.01	NO SOLUTION	498	90	329073	77111
random56-1.scen	49	2519	74	2081	5	0.52	18.49	NO SOLUTION	958	122	448819	111771
random56-1.scen	49	2519	74	2081	6	0.32	22.51	OK	3070	79	596102	157605
random56-1.scen	50	2519	74	2125	0	0	5.82	NO SOLUTION	0	1	21716	0
random56-1.scen	50	2519	74	2125	1	0	6.52	NO SOLUTION	0	1	68348	9346
random56-1.scen	50	2519	74	2125	2	0.02	10.88	NO SOLUTION	118	16	141006	26974
random56-1.scen	50	2519	74	2125	3	0.06	11.75	NO SOLUTION	280	44	223099	47852
random56-1.scen	50	2519	74	2125	4	0.25	17.38	NO SOLUTION	521	85	336524	79243
random56-1.scen	50	2519	74	2125	5	0.57	18.87	NO SOLUTION	906	121	458658	114814
random56-1.scen	50	2519	74	2125	6	0.7	23.38	NO SOLUTION	684	107	608652	161788
