random56-3.scen	1	2519	65	65	0	0	0.24	OK	50	0	2885	109
random56-3.scen	2	2519	65	100	0	0	0.27	OK	53	0	3059	125
random56-3.scen	3	2519	65	119	0	0	0.3	OK	65	0	3168	134
random56-3.scen	4	2519	65	137	0	0	0.32	OK	79	0	3352	150
random56-3.scen	5	2519	65	180	0	0	0.37	OK	89	0	3573	172
random56-3.scen	6	2519	65	205	0	0	0.41	OK	97	0	3688	183
random56-3.scen	7	2519	65	210	0	0	0.42	OK	102	0	3712	185
random56-3.scen	8	2519	65	229	0	0	0.47	OK	104	0	3937	209
random56-3.scen	9	2519	65	247	0	0	0.5	OK	111	0	4048	223
random56-3.scen	10	2519	65	290	0	0	0.61	OK	136	0	5313	289
random56-3.scen	11	2519	65	312	0	0	0.65	OK	141	0	5404	296
random56-3.scen	12	2519	65	338	0	0	0.69	OK	153	0	5545	308
random56-3.scen	13	2519	65	389	0	0	0.81	OK	171	0	6130	338
random56-3.scen	14	2519	65	398	0	0	0.83	OK	170	0	6152	339
random56-3.scen	15	2519	65	454	0	0	1.02	OK	207	0	8244	427
random56-3.scen	16	2519	65	497	0	0	1.07	OK	219	0	8415	443
random56-3.scen	17	2519	65	555	0	0	1.25	OK	243	0	10643	539
random56-3.scen	18	2519	65	614	0	0	1.3	OK	256	0	10927	565
random56-3.scen	19	2519	65	635	0	0	1.36	OK	270	0	11189	586
random56-3.scen	20	2519	72	707	0	0	1.9	OK	308	0	13967	715
random56-3.scen	21	2519	72	747	0	0	1.99	OK	330	0	14302	754
random56-3.scen	22	2519	72	771	0	0	2.06	OK	333	0	14456	769
random56-3.scen	23	2519	72	798	0	0	2.18	OK	359	0	15011	811
random56-3.scen	24	2519	72	817	0	0	2.25	OK	345	0	15256	837
random56-3.scen	25	2519	72	868	0	0	2.33	OK	374	0	15588	870
random56-3.scen	26	2519	72	874	0	0	2.39	OK	374	0	15594	870
random56-3.scen	27	2519	72	933	0	0	2.47	OK	392	0	16001	893
random56-3.scen	28	2519	72	968	0	0	2.54	OK	400	0	16169	909
random56-3.scen	29	2519	72	1005	0	0	2.69	OK	426	0	16883	966
random56-3.scen	30	2519	72	1067	0	0	3.02	OK	462	0	20036	1074
random56-3.scen	31	2519	72	1122	0	0	3.08	OK	473	0	20290	1098
random56-3.scen	32	2519	72	1190	0	0	3.21	NO SOLUTION	0	1	20898	1246
random56-3.scen	32	2519	72	1190	1	0	3.41	NO SOLUTION	0	1	42755	4593
random56-3.scen	32	2519	72	1190	2	0.03	6.08	OK	852	24	80899	13946
random56-3.scen	33	2519	72	1229	0	0	3.28	NO SOLUTION	0	1	21352	1280
random56-3.scen	33	2519	72	1229	1	0	3.55	NO SOLUTION	0	1	43484	4750
random56-3.scen	33	2519	72	1229	2	0.03	6.38	OK	1107	24	82920	14364
random56-3.scen	34	2519	72	1246	0	0	3.35	NO SOLUTION	0	1	21472	1293
random56-3.scen	34	2519	72	1246	1	0	3.63	NO SOLUTION	0	1	43756	4804
random56-3.scen	34	2519	72	1246	2	0.03	6.49	OK	1114	24	83655	14451
random56-3.scen	35	2519	72	1303	0	0	3.4	NO SOLUTION	0	1	21669	1308
random56-3.scen	35	2519	72	1303	1	0	3.7	NO SOLUTION	0	1	44220	4883
random56-3.scen	35	2519	72	1303	2	0.04	6.6	OK	1161	26	84994	14849
random56-3.scen	36	2519	72	1367	0	0	3.53	NO SOLUTION	0	1	22140	1365
random56-3.scen	36	2519	72	1367	1	0	3.8	NO SOLUTION	0	1	45126	5109
random56-3.scen	36	2519	72	1367	2	0.04	6.87	OK	1173	25	87590	15500
random56-3.scen	37	2519	72	1403	0	0	3.64	NO SOLUTION	0	1	22508	1404
random56-3.scen	37	2519	72	1403	1	0	3.92	NO SOLUTION	0	1	45746	5258
random56-3.scen	37	2519	72	1403	2	0.04	7.05	OK	1223	25	89241	15855
random56-3.scen	38	2519	72	1465	0	0	3.63	NO SOLUTION	0	1	14272	0
random56-3.scen	38	2519	72	1465	1	0	4.04	NO SOLUTION	0	1	46777	5444
random56-3.scen	38	2519	72	1465	2	0	7.23	NO SOLUTION	52	4	91710	16029
random56-3.scen	38	2519	72	1465	3	0.01	7.77	NO SOLUTION	83	14	142014	27705
random56-3.scen	38	2519	72	1465	4	0.1	10.6	OK	945	35	210593	44394
random56-3.scen	39	2519	72	1480	0	0	3.74	NO SOLUTION	0	1	14412	0
random56-3.scen	39	2519	72	1480	1	0	4.26	NO SOLUTION	0	1	47104	5506
random56-3.scen	39	2519	72	1480	2	0	7.36	NO SOLUTION	51	4	92440	16211
random56-3.scen	39	2519	72	1480	3	0.01	7.93	NO SOLUTION	85	14	143223	28000
random56-3.scen	39	2519	72	1480	4	0.1	10.74	OK	1002	36	212435	44837
random56-3.scen	40	2519	72	1511	0	0	3.85	NO SOLUTION	0	1	14689	0
random56-3.scen	40	2519	72	1511	1	0	4.41	NO SOLUTION	0	1	47711	5633
random56-3.scen	40	2519	72	1511	2	0	7.55	NO SOLUTION	46	4	94020	16548
random56-3.scen	40	2519	72	1511	3	0.01	8.12	NO SOLUTION	81	8	145820	28553
random56-3.scen	40	2519	72	1511	4	0.1	11.06	OK	954	37	216413	45709
random56-3.scen	41	2519	72	1553	0	0	3.91	NO SOLUTION	0	1	14854	0
random56-3.scen	41	2519	72	1553	1	0	4.5	NO SOLUTION	0	1	48086	5700
random56-3.scen	41	2519	72	1553	2	0	7.84	NO SOLUTION	45	4	95387	16890
random56-3.scen	41	2519	72	1553	3	0.01	8.58	NO SOLUTION	82	8	148394	29118
random56-3.scen	41	2519	72	1553	4	0.11	11.33	OK	1016	38	221051	46756
random56-3.scen	42	2519	72	1573	0	0	4.01	NO SOLUTION	0	1	14982	0
random56-3.scen	42	2519	72	1573	1	0	4.57	NO SOLUTION	0	1	48331	5760
random56-3.scen	42	2519	72	1573	2	0	7.94	NO SOLUTION	43	4	96162	17068
random56-3.scen	42	2519	72	1573	3	0.01	8.72	NO SOLUTION	84	8	149767	29407
random56-3.scen	42	2519	72	1573	4	0.11	11.47	OK	1052	39	223327	47288
random56-3.scen	43	2519	72	1613	0	0	4.11	NO SOLUTION	0	1	15150	0
random56-3.scen	43	2519	72	1613	1	0	4.68	NO SOLUTION	0	1	48709	5836
random56-3.scen	43	2519	72	1613	2	0	8.14	NO SOLUTION	43	4	97453	17409
random56-3.scen	43	2519	72	1613	3	0.01	9.02	NO SOLUTION	86	8	152197	30005
random56-3.scen	43	2519	72	1613	4	0.11	11.77	OK	1043	39	227658	48417
random56-3.scen	44	2519	72	1627	0	0	4.32	NO SOLUTION	0	1	15237	0
random56-3.scen	44	2519	72	1627	1	0	4.77	NO SOLUTION	0	1	48882	5876
random56-3.scen	44	2519	72	1627	2	0	8.48	NO SOLUTION	43	4	97959	17550
random56-3.scen	44	2519	72	1627	3	0.01	9.12	NO SOLUTION	85	8	153052	30250
random56-3.scen	44	2519	72	1627	4	0.11	12.12	OK	1066	40	228989	48846
random56-3.scen	45	2519	72	1685	0	0	4.46	NO SOLUTION	0	1	15866	0
random56-3.scen	45	2519	72	1685	1	0	4.97	NO SOLUTION	0	1	50393	6140
random56-3.scen	45	2519	72	1685	2	0	8.55	NO SOLUTION	48	4	101781	18347
random56-3.scen	45	2519	72	1685	3	0.01	9.2	NO SOLUTION	85	8	159579	31639
random56-3.scen	45	2519	72	1685	4	0.11	12.57	OK	1102	40	239321	51109
random56-3.scen	46	2519	72	1739	0	0	4.56	NO SOLUTION	0	1	16091	0
random56-3.scen	46	2519	72	1739	1	0	5.09	NO SOLUTION	0	1	50936	6241
random56-3.scen	46	2519	72	1739	2	0	8.74	NO SOLUTION	49	4	103253	18715
random56-3.scen	46	2519	72	1739	3	0.01	9.38	NO SOLUTION	85	8	162078	32212
random56-3.scen	46	2519	72	1739	4	0.12	12.8	OK	1134	37	243420	52042
random56-3.scen	47	2519	72	1765	0	0	4.67	NO SOLUTION	0	1	16314	0
random56-3.scen	47	2519	72	1765	1	0	5.19	NO SOLUTION	0	1	51463	6341
random56-3.scen	47	2519	72	1765	2	0	8.86	NO SOLUTION	49	4	104474	19004
random56-3.scen	47	2519	72	1765	3	0.01	9.59	NO SOLUTION	85	8	164044	32681
random56-3.scen	47	2519	72	1765	4	0.12	13.03	OK	1141	40	246416	52759
random56-3.scen	48	2519	72	1812	0	0	4.8	NO SOLUTION	0	1	16672	0
random56-3.scen	48	2519	72	1812	1	0	5.33	NO SOLUTION	0	1	52321	6555
random56-3.scen	48	2519	72	1812	2	0.02	9.2	NO SOLUTION	51	4	106981	19535
random56-3.scen	48	2519	72	1812	3	0.01	9.9	NO SOLUTION	90	8	168489	33657
random56-3.scen	48	2519	72	1812	4	0.12	13.48	OK	1173	41	253872	54600
random56-3.scen	49	2519	72	1847	0	0	4.94	NO SOLUTION	0	1	17023	0
random56-3.scen	49	2519	72	1847	1	0	5.45	NO SOLUTION	0	1	53153	6744
random56-3.scen	49	2519	72	1847	2	0	9.37	NO SOLUTION	54	4	108834	19977
random56-3.scen	49	2519	72	1847	3	0.01	10.08	NO SOLUTION	84	8	171484	34372
random56-3.scen	49	2519	72	1847	4	0.13	13.8	OK	1178	41	258451	55681
random56-3.scen	50	2519	72	1900	0	0	5.23	NO SOLUTION	0	1	18092	0
random56-3.scen	50	2519	72	1900	1	0	5.78	NO SOLUTION	0	1	55856	7146
random56-3.scen	50	2519	72	1900	2	0.01	9.81	NO SOLUTION	58	4	114561	21102
random56-3.scen	50	2519	72	1900	3	0.01	10.53	NO SOLUTION	86	8	180834	36318
random56-3.scen	50	2519	72	1900	4	0.07	14.35	OK	1228	35	271922	58722
random56-3.scen	51	2519	94	1994	0	0	9.15	NO SOLUTION	0	1	19725	0
random56-3.scen	51	2519	94	1994	1	0	9.94	NO SOLUTION	0	1	59805	7841
random56-3.scen	51	2519	94	1994	2	0	16.07	NO SOLUTION	59	4	124404	22978
random56-3.scen	51	2519	94	1994	3	0.01	17.24	NO SOLUTION	90	8	197636	39961
random56-3.scen	51	2519	94	1994	4	0.08	22.98	OK	1329	42	298205	65315
random56-3.scen	52	2519	94	2039	0	0	9.42	NO SOLUTION	0	1	20234	0
random56-3.scen	52	2519	94	2039	1	0	10.32	NO SOLUTION	0	1	60996	8085
random56-3.scen	52	2519	94	2039	2	0	16.59	NO SOLUTION	58	4	127270	23564
random56-3.scen	52	2519	94	2039	3	0.01	17.73	NO SOLUTION	116	22	202519	40984
random56-3.scen	52	2519	94	2039	4	0.16	23.63	OK	1384	43	305905	67023
random56-3.scen	53	2519	94	2060	0	0	9.59	NO SOLUTION	0	1	20365	0
random56-3.scen	53	2519	94	2060	1	0	10.5	NO SOLUTION	0	1	61313	8165
random56-3.scen	53	2519	94	2060	2	0.01	16.91	NO SOLUTION	59	4	128107	23748
random56-3.scen	53	2519	94	2060	3	0.01	17.96	NO SOLUTION	118	22	203972	41298
random56-3.scen	53	2519	94	2060	4	0.16	24.13	OK	1410	44	308328	67553
random56-3.scen	54	2519	94	2092	0	0	9.76	NO SOLUTION	0	1	20523	0
random56-3.scen	54	2519	94	2092	1	0	10.68	NO SOLUTION	0	1	61722	8248
random56-3.scen	54	2519	94	2092	2	0.01	17.22	NO SOLUTION	59	4	129062	23999
random56-3.scen	54	2519	94	2092	3	0.01	18.2	NO SOLUTION	121	22	205592	41698
random56-3.scen	54	2519	94	2092	4	0.16	24.53	OK	1463	45	310930	68172
random56-3.scen	55	2519	94	2130	0	0	9.97	NO SOLUTION	0	1	20030	0
random56-3.scen	55	2519	94	2130	1	0	11.12	NO SOLUTION	0	1	62162	8333
random56-3.scen	55	2519	94	2130	2	0.01	17.49	NO SOLUTION	58	4	130399	24329
random56-3.scen	55	2519	94	2130	3	0.01	18.71	NO SOLUTION	123	22	208022	42283
random56-3.scen	55	2519	94	2130	4	0.05	24.92	NO SOLUTION	179	18	315220	69245
