random64-1.scen	1	3270	37	37	0	0	0.13	OK	10	0	109	9
random64-1.scen	2	3270	59	96	0	0	0.19	OK	39	0	1431	104
random64-1.scen	3	3270	59	149	0	0	0.27	OK	54	0	2238	195
random64-1.scen	4	3270	64	213	0	0	0.48	OK	93	0	5408	308
random64-1.scen	5	3270	64	231	0	0	0.5	OK	98	0	5500	317
random64-1.scen	6	3270	64	262	0	0	0.57	OK	118	0	5934	354
random64-1.scen	7	3270	70	332	0	0	0.69	OK	128	0	6092	363
random64-1.scen	8	3270	70	365	0	0	0.78	OK	137	0	6472	400
random64-1.scen	9	3270	70	406	0	0	0.84	OK	153	0	6722	427
random64-1.scen	10	3270	70	450	0	0	0.89	OK	167	0	6916	444
random64-1.scen	11	3270	70	463	0	0	0.93	OK	182	0	7148	460
random64-1.scen	12	3270	70	510	0	0	0.99	OK	187	0	7340	479
random64-1.scen	13	3270	70	546	0	0	1.03	OK	191	0	7404	476
random64-1.scen	14	3270	75	621	0	0	1.32	OK	213	0	9273	608
random64-1.scen	15	3270	105	726	0	0.01	3.27	OK	286	0	17520	796
random64-1.scen	16	3270	105	739	0	0.01	3.35	OK	289	0	17594	803
random64-1.scen	17	3270	105	777	0	0.01	3.53	OK	301	0	18132	846
random64-1.scen	18	3270	105	786	0	0	3.67	NO SOLUTION	0	1	9624	0
random64-1.scen	18	3270	105	786	1	0	3.97	NO SOLUTION	0	1	37160	3207
random64-1.scen	18	3270	105	786	2	0.01	6.72	OK	555	11	64458	1616
random64-1.scen	19	3270	105	833	0	0	3.88	NO SOLUTION	0	1	10028	0
random64-1.scen	19	3270	105	833	1	0	4.16	NO SOLUTION	0	1	37992	3388
random64-1.scen	19	3270	105	833	2	0.01	7.27	OK	556	11	66743	1748
random64-1.scen	20	3270	105	894	0	0	4.23	NO SOLUTION	0	1	10860	0
random64-1.scen	20	3270	105	894	1	0	4.54	NO SOLUTION	0	1	40254	3720
random64-1.scen	20	3270	105	894	2	0.01	8.24	OK	672	12	72105	1960
random64-1.scen	21	3270	105	917	0	0	4.35	NO SOLUTION	0	1	11035	0
random64-1.scen	21	3270	105	917	1	0	4.73	NO SOLUTION	0	1	40595	3806
random64-1.scen	21	3270	105	917	2	0.01	8.47	OK	700	13	72955	2027
random64-1.scen	22	3270	105	947	0	0	4.53	NO SOLUTION	0	1	11188	0
random64-1.scen	22	3270	105	947	1	0	4.88	NO SOLUTION	0	1	40916	3889
random64-1.scen	22	3270	105	947	2	0	8.77	NO SOLUTION	0	1	74007	12847
random64-1.scen	22	3270	105	947	3	0.03	9.15	OK	687	23	112046	21541
random64-1.scen	23	3270	105	994	0	0	4.7	NO SOLUTION	0	1	11638	0
random64-1.scen	23	3270	105	994	1	0	5.11	NO SOLUTION	0	1	41861	4090
random64-1.scen	23	3270	105	994	2	0	9.24	NO SOLUTION	0	1	76810	13446
random64-1.scen	23	3270	105	994	3	0.03	9.78	OK	712	23	116949	22618
random64-1.scen	24	3270	105	1036	0	0	5.06	NO SOLUTION	0	1	12255	0
random64-1.scen	24	3270	105	1036	1	0	5.42	NO SOLUTION	0	1	43320	4331
random64-1.scen	24	3270	105	1036	2	0	9.9	NO SOLUTION	0	1	80105	14146
random64-1.scen	24	3270	105	1036	3	0.04	11.16	OK	762	24	122290	23823
random64-1.scen	25	3270	105	1076	0	0	5.66	NO SOLUTION	0	1	12617	0
random64-1.scen	25	3270	105	1076	1	0	7.01	NO SOLUTION	0	1	44129	4489
random64-1.scen	25	3270	105	1076	2	0	10.64	NO SOLUTION	0	1	82093	14595
random64-1.scen	25	3270	105	1076	3	0.04	11.21	OK	814	24	125642	24554
random64-1.scen	26	3270	105	1110	0	0	5.48	NO SOLUTION	0	1	13020	0
random64-1.scen	26	3270	105	1110	1	0	5.92	NO SOLUTION	0	1	45059	4654
random64-1.scen	26	3270	105	1110	2	0	10.71	NO SOLUTION	0	1	84189	15079
random64-1.scen	26	3270	105	1110	3	0.04	11.17	OK	825	25	128945	25351
random64-1.scen	27	3270	105	1136	0	0	5.68	NO SOLUTION	0	1	13252	0
random64-1.scen	27	3270	105	1136	1	0	6.17	NO SOLUTION	0	1	45615	4759
random64-1.scen	27	3270	105	1136	2	0	11.06	NO SOLUTION	0	1	85545	15407
random64-1.scen	27	3270	105	1136	3	0.04	11.58	OK	883	26	131255	25889
random64-1.scen	28	3270	105	1197	0	0	6.13	NO SOLUTION	0	1	14136	0
random64-1.scen	28	3270	105	1197	1	0	6.59	NO SOLUTION	0	1	47876	5117
random64-1.scen	28	3270	105	1197	2	0	11.62	NO SOLUTION	0	1	90739	16458
random64-1.scen	28	3270	105	1197	3	0.04	12.38	OK	925	26	139915	27683
random64-1.scen	29	3270	105	1262	0	0	6.36	NO SOLUTION	0	1	14692	0
random64-1.scen	29	3270	105	1262	1	0	6.85	NO SOLUTION	0	1	49029	5372
random64-1.scen	29	3270	105	1262	2	0	12.11	NO SOLUTION	0	1	93426	17140
random64-1.scen	29	3270	105	1262	3	0.04	12.73	OK	988	26	144206	28755
random64-1.scen	30	3270	105	1333	0	0	6.81	NO SOLUTION	0	1	15825	0
random64-1.scen	30	3270	105	1333	1	0	7.32	NO SOLUTION	0	1	51754	5864
random64-1.scen	30	3270	105	1333	2	0	13.11	NO SOLUTION	0	1	99495	18425
random64-1.scen	30	3270	105	1333	3	0.05	13.7	OK	1019	27	154080	30861
random64-1.scen	31	3270	105	1388	0	0	7	NO SOLUTION	0	1	16190	0
random64-1.scen	31	3270	105	1388	1	0	7.57	NO SOLUTION	0	1	52588	6080
random64-1.scen	31	3270	105	1388	2	0	13.52	NO SOLUTION	0	1	101629	18970
random64-1.scen	31	3270	105	1388	3	0.05	14.17	OK	1029	27	157784	31769
random64-1.scen	32	3270	105	1433	0	0	7.34	NO SOLUTION	0	1	16914	0
random64-1.scen	32	3270	105	1433	1	0	7.96	NO SOLUTION	0	1	54342	6380
random64-1.scen	32	3270	105	1433	2	0	13.33	NO SOLUTION	0	1	105389	19799
random64-1.scen	32	3270	105	1433	3	0.08	14.08	OK	1090	28	163921	33190
random64-1.scen	33	3270	105	1458	0	0	7.57	NO SOLUTION	0	1	17122	0
random64-1.scen	33	3270	105	1458	1	0	8.15	NO SOLUTION	0	1	54851	6496
random64-1.scen	33	3270	105	1458	2	0	13.54	NO SOLUTION	0	1	106483	20080
random64-1.scen	33	3270	105	1458	3	0.05	14.35	OK	1127	29	165649	33640
random64-1.scen	34	3270	105	1468	0	0	7.7	NO SOLUTION	0	1	17139	0
random64-1.scen	34	3270	105	1468	1	0	8.31	NO SOLUTION	0	1	54923	6502
random64-1.scen	34	3270	105	1468	2	0	13.79	NO SOLUTION	0	1	106658	20139
random64-1.scen	34	3270	105	1468	3	0.05	14.61	OK	1176	30	165941	33732
random64-1.scen	35	3270	105	1510	0	0	7.88	NO SOLUTION	0	1	17263	0
random64-1.scen	35	3270	105	1510	1	0	8.52	NO SOLUTION	0	1	55295	6562
random64-1.scen	35	3270	105	1510	2	0	14.02	NO SOLUTION	0	1	107585	20425
random64-1.scen	35	3270	105	1510	3	0.02	14.79	NO SOLUTION	64	14	167552	34169
random64-1.scen	35	3270	105	1510	4	0.09	20.47	NO SOLUTION	134	25	247374	54446
random64-1.scen	35	3270	105	1510	5	0.16	21.63	OK	1462	61	333218	76834
random64-1.scen	36	3270	105	1585	0	0	8.06	NO SOLUTION	0	1	17952	0
random64-1.scen	36	3270	105	1585	1	0	8.77	NO SOLUTION	0	1	57022	6916
random64-1.scen	36	3270	105	1585	2	0	14.86	NO SOLUTION	0	1	112293	21404
random64-1.scen	36	3270	105	1585	3	0.02	15.69	NO SOLUTION	59	14	176256	36041
random64-1.scen	36	3270	105	1585	4	0.09	21.74	NO SOLUTION	139	25	261965	57981
random64-1.scen	36	3270	105	1585	5	0.17	22.84	OK	1532	61	354003	82346
random64-1.scen	37	3270	105	1606	0	0	8.35	NO SOLUTION	0	1	18146	0
random64-1.scen	37	3270	105	1606	1	0	9.05	NO SOLUTION	0	1	57479	7013
random64-1.scen	37	3270	105	1606	2	0	15.21	NO SOLUTION	0	1	113250	21651
random64-1.scen	37	3270	105	1606	3	0.02	16.09	NO SOLUTION	61	13	177742	36447
random64-1.scen	37	3270	105	1606	4	0.1	22.12	NO SOLUTION	139	25	264093	58598
random64-1.scen	37	3270	105	1606	5	0.17	23.15	OK	1521	64	356817	83191
random64-1.scen	38	3270	105	1670	0	0	8.88	NO SOLUTION	0	1	19168	0
random64-1.scen	38	3270	105	1670	1	0	9.78	NO SOLUTION	0	1	59910	7446
random64-1.scen	38	3270	105	1670	2	0	15.9	NO SOLUTION	0	1	118372	22811
random64-1.scen	38	3270	105	1670	3	0.03	16.78	NO SOLUTION	63	14	185736	38440
random64-1.scen	38	3270	105	1670	4	0.11	23.12	NO SOLUTION	248	28	275697	61710
random64-1.scen	38	3270	105	1670	5	0.17	24.25	OK	1628	62	372231	87612
random64-1.scen	39	3270	105	1705	0	0	9.24	NO SOLUTION	0	1	19393	0
random64-1.scen	39	3270	105	1705	1	0	10.01	NO SOLUTION	0	1	60412	7577
random64-1.scen	39	3270	105	1705	2	0	16.17	NO SOLUTION	0	1	119498	23143
random64-1.scen	39	3270	105	1705	3	0.03	17.04	NO SOLUTION	66	13	187570	38965
random64-1.scen	39	3270	105	1705	4	0.11	23.59	NO SOLUTION	258	28	278547	62567
