random16-4.scen	1	212	18	18	0	0	0.01	OK	8	0	90	9
random16-4.scen	2	212	18	30	0	0	0.02	OK	17	0	179	19
random16-4.scen	3	212	18	47	0	0	0.02	OK	19	0	351	32
random16-4.scen	4	212	18	59	0	0	0.03	OK	22	0	420	39
random16-4.scen	5	212	18	69	0	0	0.03	OK	26	0	465	42
random16-4.scen	6	212	18	76	0	0	0.03	OK	26	0	479	31
random16-4.scen	7	212	18	89	0	0	0.04	OK	34	0	540	36
random16-4.scen	8	212	18	105	0	0	0.05	OK	39	0	695	48
random16-4.scen	9	212	18	108	0	0	0.04	NO SOLUTION	0	1	689	0
random16-4.scen	9	212	18	108	1	0	0.05	OK	89	2	1602	328
random16-4.scen	10	212	18	114	0	0	0.04	NO SOLUTION	0	1	692	0
random16-4.scen	10	212	18	114	1	0	0.06	OK	88	2	1640	325
random16-4.scen	11	212	18	127	0	0	0.05	NO SOLUTION	0	1	803	0
random16-4.scen	11	212	18	127	1	0	0.06	OK	109	2	1886	384
random16-4.scen	12	212	20	147	0	0	0.06	NO SOLUTION	0	1	1230	0
random16-4.scen	12	212	20	147	1	0	0.08	NO SOLUTION	2	3	2544	498
random16-4.scen	12	212	20	147	2	0	0.16	NO SOLUTION	109	29	12159	1189
random16-4.scen	12	212	20	147	3	0.01	0.2	OK	256	42	20796	2147
random16-4.scen	13	212	20	157	0	0	0.07	NO SOLUTION	0	1	1259	0
random16-4.scen	13	212	20	157	1	0	0.08	NO SOLUTION	2	3	2635	511
random16-4.scen	13	212	20	157	2	0	0.16	NO SOLUTION	43	11	12609	1246
random16-4.scen	13	212	20	157	3	0.01	0.22	NO SOLUTION	239	81	21700	2252
random16-4.scen	13	212	20	157	4	0.03	0.32	NO SOLUTION	325	169	30806	3824
random16-4.scen	13	212	20	157	5	0.01	0.35	OK	354	101	37157	5677
random16-4.scen	14	212	20	174	0	0	0.07	NO SOLUTION	0	1	1532	0
random16-4.scen	14	212	20	174	1	0	0.1	NO SOLUTION	1	2	4929	417
random16-4.scen	14	212	20	174	2	0	0.18	NO SOLUTION	47	11	14609	1438
random16-4.scen	14	212	20	174	3	0.01	0.25	NO SOLUTION	157	89	24884	2589
random16-4.scen	14	212	20	174	4	0.02	0.35	NO SOLUTION	240	133	32956	4415
random16-4.scen	14	212	20	174	5	0.02	0.39	OK	386	93	39975	6532
random16-4.scen	15	212	20	189	0	0	0.08	NO SOLUTION	0	1	1544	0
random16-4.scen	15	212	20	189	1	0	0.1	NO SOLUTION	1	2	5028	418
random16-4.scen	15	212	20	189	2	0	0.2	NO SOLUTION	52	11	15096	1500
random16-4.scen	15	212	20	189	3	0.01	0.26	NO SOLUTION	129	69	26003	2701
random16-4.scen	15	212	20	189	4	0.03	0.36	NO SOLUTION	326	157	33958	4658
random16-4.scen	15	212	20	189	5	0.02	0.42	OK	366	91	41411	6928
random16-4.scen	16	212	20	192	0	0	0.08	NO SOLUTION	0	1	1543	0
random16-4.scen	16	212	20	192	1	0	0.11	NO SOLUTION	1	2	5048	410
random16-4.scen	16	212	20	192	2	0	0.21	NO SOLUTION	54	11	15203	1507
random16-4.scen	16	212	20	192	3	0.02	0.27	NO SOLUTION	165	95	26253	2708
random16-4.scen	16	212	20	192	4	0.03	0.38	NO SOLUTION	274	140	34205	4698
random16-4.scen	16	212	20	192	5	0.03	0.44	OK	434	126	41744	7001
random16-4.scen	17	212	20	204	0	0	0.09	NO SOLUTION	0	1	1612	0
random16-4.scen	17	212	20	204	1	0	0.11	NO SOLUTION	0	1	5266	479
random16-4.scen	17	212	20	204	2	0	0.2	NO SOLUTION	25	5	8037	1894
random16-4.scen	17	212	20	204	3	0	0.24	NO SOLUTION	116	63	13406	3177
random16-4.scen	17	212	20	204	4	0.01	0.35	NO SOLUTION	240	84	21080	5323
random16-4.scen	17	212	20	204	5	0.04	0.43	NO SOLUTION	453	181	29262	7819
random16-4.scen	17	212	20	204	6	0.08	0.61	NO SOLUTION	580	223	39345	11226
random16-4.scen	17	212	20	204	7	0.1	0.71	OK	939	238	49771	14847
random16-4.scen	18	212	20	206	0	0	0.09	NO SOLUTION	0	1	1621	0
random16-4.scen	18	212	20	206	1	0	0.12	NO SOLUTION	0	1	5291	482
random16-4.scen	18	212	20	206	2	0	0.2	NO SOLUTION	26	5	8117	1910
random16-4.scen	18	212	20	206	3	0	0.25	NO SOLUTION	118	63	13570	3206
random16-4.scen	18	212	20	206	4	0.01	0.37	NO SOLUTION	242	84	21385	5383
random16-4.scen	18	212	20	206	5	0.03	0.45	NO SOLUTION	320	134	29727	7933
random16-4.scen	18	212	20	206	6	0.1	0.65	NO SOLUTION	703	255	39995	11448
random16-4.scen	18	212	20	206	7	0.09	0.71	OK	996	203	50604	15178
random16-4.scen	19	212	20	208	0	0	0.09	NO SOLUTION	0	1	1623	0
random16-4.scen	19	212	20	208	1	0	0.12	NO SOLUTION	0	1	5305	483
random16-4.scen	19	212	20	208	2	0	0.21	NO SOLUTION	27	5	8167	1927
random16-4.scen	19	212	20	208	3	0	0.26	NO SOLUTION	118	63	13660	3238
random16-4.scen	19	212	20	208	4	0.01	0.38	NO SOLUTION	241	84	21525	5434
random16-4.scen	19	212	20	208	5	0.04	0.46	NO SOLUTION	512	201	29923	8002
random16-4.scen	19	212	20	208	6	0.1	0.66	NO SOLUTION	732	283	40266	11533
random16-4.scen	19	212	20	208	7	0.08	0.72	OK	838	162	50954	15280
random16-4.scen	20	212	20	217	0	0	0.1	NO SOLUTION	0	1	1684	0
random16-4.scen	20	212	20	217	1	0	0.13	NO SOLUTION	0	1	5504	511
random16-4.scen	20	212	20	217	2	0	0.22	NO SOLUTION	33	5	8516	2018
random16-4.scen	20	212	20	217	3	0	0.27	NO SOLUTION	114	55	14243	3405
random16-4.scen	20	212	20	217	4	0.01	0.38	NO SOLUTION	295	93	22436	5721
random16-4.scen	20	212	20	217	5	0.04	0.49	NO SOLUTION	461	198	31163	8410
random16-4.scen	20	212	20	217	6	0.1	0.68	NO SOLUTION	636	258	41906	12113
random16-4.scen	20	212	20	217	7	0.06	0.73	OK	561	128	53008	15989
random16-4.scen	21	212	20	230	0	0	0.11	NO SOLUTION	0	1	1758	0
random16-4.scen	21	212	20	230	1	0	0.13	NO SOLUTION	0	1	5708	540
random16-4.scen	21	212	20	230	2	0	0.24	NO SOLUTION	35	4	8995	2154
random16-4.scen	21	212	20	230	3	0	0.29	NO SOLUTION	114	55	15054	3639
random16-4.scen	21	212	20	230	4	0.01	0.41	NO SOLUTION	294	93	23723	6117
random16-4.scen	21	212	20	230	5	0.03	0.51	NO SOLUTION	329	134	32935	8947
random16-4.scen	21	212	20	230	6	0.11	0.74	NO SOLUTION	712	263	44190	12869
random16-4.scen	21	212	20	230	7	0.07	0.79	OK	601	145	55843	16927
random16-4.scen	22	212	20	246	0	0	0.11	NO SOLUTION	0	1	1879	0
random16-4.scen	22	212	20	246	1	0	0.14	NO SOLUTION	0	1	6043	585
random16-4.scen	22	212	20	246	2	0	0.25	NO SOLUTION	39	4	9647	2359
random16-4.scen	22	212	20	246	3	0.01	0.3	NO SOLUTION	121	58	16122	3986
random16-4.scen	22	212	20	246	4	0.01	0.45	NO SOLUTION	226	84	25382	6662
random16-4.scen	22	212	20	246	5	0.04	0.54	NO SOLUTION	367	150	35252	9684
random16-4.scen	22	212	20	246	6	0.12	0.78	NO SOLUTION	661	246	47337	13829
random16-4.scen	22	212	20	246	7	0.16	0.92	OK	1076	262	59852	18125
random16-4.scen	23	212	20	265	0	0	0.11	NO SOLUTION	0	1	1818	0
random16-4.scen	23	212	20	265	1	0	0.15	NO SOLUTION	0	1	4473	923
random16-4.scen	23	212	20	265	2	0	0.26	NO SOLUTION	27	4	10655	2590
random16-4.scen	23	212	20	265	3	0.01	0.33	NO SOLUTION	122	58	17778	4406
random16-4.scen	23	212	20	265	4	0.02	0.48	NO SOLUTION	317	103	27750	7368
random16-4.scen	23	212	20	265	5	0.03	0.57	NO SOLUTION	342	115	38327	10697
random16-4.scen	23	212	20	265	6	0.09	0.79	NO SOLUTION	428	190	51223	15105
random16-4.scen	23	212	20	265	7	0.33	1.13	NO SOLUTION	1216	457	64543	19640
random16-4.scen	23	212	20	265	8	0.76	1.7	NO SOLUTION	1739	611	79869	25032
random16-4.scen	23	212	20	265	9	0.37	1.45	OK	1251	336	95600	30450
random16-4.scen	24	212	20	273	0	0	0.12	NO SOLUTION	0	1	1857	0
random16-4.scen	24	212	20	273	1	0	0.16	NO SOLUTION	0	1	4571	946
random16-4.scen	24	212	20	273	2	0	0.27	NO SOLUTION	30	4	10884	2594
random16-4.scen	24	212	20	273	3	0	0.33	NO SOLUTION	94	32	18164	4415
random16-4.scen	24	212	20	273	4	0.01	0.48	NO SOLUTION	309	93	28365	7426
random16-4.scen	24	212	20	273	5	0.03	0.59	NO SOLUTION	315	125	39176	10832
random16-4.scen	24	212	20	273	6	0.07	0.79	NO SOLUTION	544	214	52342	15319
random16-4.scen	24	212	20	273	7	0.18	1.01	NO SOLUTION	918	333	65937	19923
random16-4.scen	24	212	20	273	8	0.43	1.43	NO SOLUTION	1560	517	81545	25430
random16-4.scen	24	212	20	273	9	1.22	2.33	NO SOLUTION	1769	865	97583	30936
random16-4.scen	24	212	20	273	10	2.12	3.44	NO SOLUTION	3845	1391	115420	37023
random16-4.scen	24	212	20	273	11	0.31	1.74	OK	1572	404	133665	43062
random16-4.scen	25	212	20	279	0	0	0.13	NO SOLUTION	0	1	1863	0
random16-4.scen	25	212	20	279	1	0	0.16	NO SOLUTION	0	1	4614	947
random16-4.scen	25	212	20	279	2	0	0.28	NO SOLUTION	0	1	11018	3021
random16-4.scen	25	212	20	279	3	0	0.34	NO SOLUTION	57	11	18400	4324
random16-4.scen	25	212	20	279	4	0.01	0.61	NO SOLUTION	322	84	28777	7359
random16-4.scen	25	212	20	279	5	0.03	0.6	NO SOLUTION	351	144	39757	10751
random16-4.scen	25	212	20	279	6	0.06	0.82	NO SOLUTION	542	177	53214	15251
random16-4.scen	25	212	20	279	7	0.11	0.96	NO SOLUTION	742	214	67095	19859
random16-4.scen	25	212	20	279	8	0.17	1.17	NO SOLUTION	1124	360	83122	25435
random16-4.scen	25	212	20	279	9	0.57	1.71	NO SOLUTION	1427	611	99579	31003
random16-4.scen	25	212	20	279	10	1.28	2.64	NO SOLUTION	2545	1086	117939	37185
random16-4.scen	25	212	20	279	11	2.47	3.96	NO SOLUTION	3549	1650	136727	43309
random16-4.scen	25	212	20	279	12	1.44	3.13	OK	3581	1032	157297	50099
random16-4.scen	26	212	20	291	0	0	0.13	NO SOLUTION	0	1	1956	0
random16-4.scen	26	212	20	291	1	0	0.16	NO SOLUTION	0	1	4848	1001
random16-4.scen	26	212	20	291	2	0	0.29	NO SOLUTION	0	1	11547	3181
random16-4.scen	26	212	20	291	3	0	0.35	NO SOLUTION	207	24	19270	4578
random16-4.scen	26	212	20	291	4	0.01	0.52	NO SOLUTION	153	71	30037	7743
random16-4.scen	26	212	20	291	5	0.02	0.61	NO SOLUTION	267	108	41404	11325
random16-4.scen	26	212	20	291	6	0.05	0.82	NO SOLUTION	478	164	55308	15992
random16-4.scen	26	212	20	291	7	0.09	0.98	NO SOLUTION	688	227	69645	20775
random16-4.scen	26	212	20	291	8	0.24	1.31	NO SOLUTION	1157	382	86275	26557
random16-4.scen	26	212	20	291	9	0.36	1.55	NO SOLUTION	1162	405	103331	32343
random16-4.scen	26	212	20	291	10	1.47	2.87	NO SOLUTION	3034	1163	122369	38735
random16-4.scen	26	212	20	291	11	3.45	4.98	NO SOLUTION	5166	2459	141843	45075
random16-4.scen	26	212	20	291	12	0.49	2.28	OK	1552	377	163186	52022
random16-4.scen	27	212	20	295	0	0	0.13	NO SOLUTION	0	1	1979	0
random16-4.scen	27	212	20	295	1	0	0.17	NO SOLUTION	0	1	7388	717
random16-4.scen	27	212	20	295	2	0	0.3	NO SOLUTION	0	1	11704	3233
random16-4.scen	27	212	20	295	3	0	0.36	NO SOLUTION	48	6	19552	4460
random16-4.scen	27	212	20	295	4	0.01	0.54	NO SOLUTION	105	48	30491	7562
random16-4.scen	27	212	20	295	5	0.02	0.62	NO SOLUTION	203	74	42039	11158
random16-4.scen	27	212	20	295	6	0.04	0.83	NO SOLUTION	298	88	56189	15831
random16-4.scen	27	212	20	295	7	0.06	0.92	NO SOLUTION	383	141	70749	20671
random16-4.scen	27	212	20	295	8	0.15	1.25	NO SOLUTION	840	225	87684	26546
random16-4.scen	27	212	20	295	9	0.37	1.6	NO SOLUTION	1376	491	105067	32394
random16-4.scen	27	212	20	295	10	0.77	2.23	NO SOLUTION	2371	848	124522	38889
random16-4.scen	27	212	20	295	11	1.15	2.74	NO SOLUTION	2618	1221	144443	45338
random16-4.scen	27	212	20	295	12	2.96	4.79	NO SOLUTION	5080	2322	166343	52434
random16-4.scen	27	212	20	295	13	4.47	6.48	NO SOLUTION	7402	3014	188767	59569
random16-4.scen	27	212	20	295	14	1.38	3.65	OK	4186	1020	213007	67263
random16-4.scen	28	212	22	317	0	0	0.17	NO SOLUTION	0	1	2274	0
random16-4.scen	28	212	22	317	1	0	0.22	NO SOLUTION	0	1	8676	813
random16-4.scen	28	212	22	317	2	0	0.37	NO SOLUTION	0	1	13085	3629
random16-4.scen	28	212	22	317	3	0	0.43	NO SOLUTION	57	6	21672	4942
random16-4.scen	28	212	22	317	4	0.01	0.62	NO SOLUTION	105	47	33472	8276
random16-4.scen	28	212	22	317	5	0.02	0.72	NO SOLUTION	213	72	45851	12116
random16-4.scen	28	212	22	317	6	0.04	0.94	NO SOLUTION	299	94	60879	17102
random16-4.scen	28	212	22	317	7	0.06	1.06	NO SOLUTION	430	151	76323	22210
random16-4.scen	28	212	22	317	8	0.16	1.41	NO SOLUTION	878	281	94193	28371
random16-4.scen	28	212	22	317	9	0.32	1.71	NO SOLUTION	1263	422	112559	34513
random16-4.scen	28	212	22	317	10	0.9	2.51	NO SOLUTION	2317	952	133049	41339
random16-4.scen	28	212	22	317	11	1.48	3.25	NO SOLUTION	2483	995	154047	48106
random16-4.scen	28	212	22	317	12	2.32	4.36	NO SOLUTION	5111	2015	177045	55518
random16-4.scen	28	212	22	317	13	5.09	7.31	NO SOLUTION	8399	3558	200609	62983
random16-4.scen	28	212	22	317	14	12.62	15.18	NO SOLUTION	13951	6453	226042	70999
random16-4.scen	28	212	22	317	15	8.17	11	OK	11912	5167	252008	79107
random16-4.scen	29	212	22	333	0	0	0.17	NO SOLUTION	0	1	2334	0
random16-4.scen	29	212	22	333	1	0	0.23	NO SOLUTION	0	1	8847	836
random16-4.scen	29	212	22	333	2	0	0.38	NO SOLUTION	0	1	13528	3807
random16-4.scen	29	212	22	333	3	0	0.46	NO SOLUTION	59	6	22410	5080
random16-4.scen	29	212	22	333	4	0.01	0.64	NO SOLUTION	98	35	34634	8546
random16-4.scen	29	212	22	333	5	0.02	0.75	NO SOLUTION	258	75	47482	12506
random16-4.scen	29	212	22	333	6	0.03	1	NO SOLUTION	441	80	63099	17679
random16-4.scen	29	212	22	333	7	0.04	1.1	NO SOLUTION	479	95	79174	22951
random16-4.scen	29	212	22	333	8	0.08	1.39	NO SOLUTION	628	136	97736	29335
random16-4.scen	29	212	22	333	9	0.2	1.63	NO SOLUTION	836	272	116830	35663
random16-4.scen	29	212	22	333	10	0.3	2	NO SOLUTION	1143	314	138080	42690
random16-4.scen	29	212	22	333	11	0.67	2.52	NO SOLUTION	2445	728	159872	49725
random16-4.scen	29	212	22	333	12	1.28	3.39	NO SOLUTION	2853	1116	183701	57343
random16-4.scen	29	212	22	333	13	3.17	5.48	NO SOLUTION	7049	2342	208114	65047
random16-4.scen	29	212	22	333	14	3.26	5.93	NO SOLUTION	6459	2589	234453	73309
random16-4.scen	29	212	22	333	15	10.99	13.91	NO SOLUTION	21504	4597	261353	81671
random16-4.scen	29	212	22	333	16	14.82	18.04	NO SOLUTION	40246	5416	289967	90531
random16-4.scen	29	212	22	333	17	34.69	38.11	NO SOLUTION	119736	10207	319068	99493
