random56-5.scen	1	2519	18	18	0	0	0.1	OK	19	0	165	28
random56-5.scen	2	2519	35	53	0	0	0.11	OK	21	0	259	22
random56-5.scen	3	2519	36	89	0	0	0.14	OK	32	0	1257	81
random56-5.scen	4	2519	36	115	0	0	0.15	OK	45	0	1460	103
random56-5.scen	5	2519	36	140	0	0	0.16	OK	61	0	1869	134
random56-5.scen	6	2519	52	192	0	0	0.3	OK	85	0	3076	208
random56-5.scen	7	2519	56	248	0	0	0.35	OK	99	0	3278	227
random56-5.scen	8	2519	56	268	0	0	0.38	OK	102	0	3342	232
random56-5.scen	9	2519	56	279	0	0	0.39	OK	105	0	3376	234
random56-5.scen	10	2519	65	344	0	0	0.61	OK	134	0	5305	339
random56-5.scen	11	2519	65	386	0	0	0.65	OK	159	0	5503	357
random56-5.scen	12	2519	65	430	0	0	0.76	OK	176	0	5849	407
random56-5.scen	13	2519	65	481	0	0	0.81	OK	185	0	6116	434
random56-5.scen	14	2519	65	522	0	0	0.89	NO SOLUTION	46	11	6672	469
random56-5.scen	14	2519	65	522	1	0	0.98	OK	235	0	19292	1492
random56-5.scen	15	2519	65	584	0	0	0.96	NO SOLUTION	50	15	7121	513
random56-5.scen	15	2519	65	584	1	0	1.05	OK	250	0	20925	1653
random56-5.scen	16	2519	65	633	0	0	1.02	NO SOLUTION	53	15	7396	542
random56-5.scen	16	2519	65	633	1	0.01	1.13	OK	263	0	21816	1761
random56-5.scen	17	2519	65	691	0	0	1.18	NO SOLUTION	64	11	9236	634
random56-5.scen	17	2519	65	691	1	0.01	1.32	OK	308	0	26562	2038
random56-5.scen	18	2519	65	742	0	0	1.25	NO SOLUTION	72	11	9710	688
random56-5.scen	18	2519	65	742	1	0.01	1.41	OK	333	0	28262	2203
random56-5.scen	19	2519	65	775	0	0	1.37	NO SOLUTION	73	11	10501	738
random56-5.scen	19	2519	65	775	1	0.01	1.51	OK	356	0	29995	2364
random56-5.scen	20	2519	65	784	0	0	1.42	NO SOLUTION	72	15	10567	745
random56-5.scen	20	2519	65	784	1	0.01	1.56	OK	369	0	30111	2395
random56-5.scen	21	2519	65	828	0	0	1.52	NO SOLUTION	66	11	11355	772
random56-5.scen	21	2519	65	828	1	0.01	1.67	OK	370	0	31240	2612
random56-5.scen	22	2519	65	863	0	0	1.66	NO SOLUTION	73	11	12422	830
random56-5.scen	22	2519	65	863	1	0.01	1.86	OK	376	0	32564	2850
random56-5.scen	23	2519	65	919	0	0	1.83	NO SOLUTION	76	15	13930	915
random56-5.scen	23	2519	65	919	1	0.01	2	OK	661	13	34439	3147
random56-5.scen	24	2519	65	980	0	0	1.95	NO SOLUTION	86	15	15106	998
random56-5.scen	24	2519	65	980	1	0.01	2.13	OK	532	4	36194	3449
random56-5.scen	25	2519	65	1017	0	0	2.03	NO SOLUTION	86	15	15361	1020
random56-5.scen	25	2519	65	1017	1	0.01	2.22	OK	455	0	36682	3564
random56-5.scen	26	2519	65	1050	0	0	2.08	NO SOLUTION	87	15	15420	1017
random56-5.scen	26	2519	65	1050	1	0.01	2.26	OK	451	0	36909	3580
random56-5.scen	27	2519	65	1077	0	0	2.11	NO SOLUTION	88	15	15570	1028
random56-5.scen	27	2519	65	1077	1	0.01	2.33	OK	460	0	37226	3631
random56-5.scen	28	2519	65	1109	0	0	2.21	NO SOLUTION	95	15	16132	1065
random56-5.scen	28	2519	65	1109	1	0.01	2.43	OK	475	0	38001	3760
random56-5.scen	29	2519	65	1149	0	0	2.27	NO SOLUTION	96	15	16351	1074
random56-5.scen	29	2519	65	1149	1	0.01	2.48	OK	610	4	38479	3829
random56-5.scen	30	2519	65	1192	0	0	2.41	NO SOLUTION	107	15	17459	1134
random56-5.scen	30	2519	65	1192	1	0.01	2.65	OK	506	0	39860	4083
random56-5.scen	31	2519	65	1248	0	0	2.62	NO SOLUTION	118	11	19677	1228
random56-5.scen	31	2519	65	1248	1	0.01	2.87	OK	518	0	42376	4488
random56-5.scen	32	2519	65	1294	0	0	2.78	NO SOLUTION	132	15	21205	1306
random56-5.scen	32	2519	65	1294	1	0.01	3.02	OK	556	0	44172	4779
random56-5.scen	33	2519	65	1350	0	0	2.87	NO SOLUTION	137	15	21845	1334
random56-5.scen	33	2519	65	1350	1	0.01	3.11	OK	838	4	45280	4958
random56-5.scen	34	2519	65	1407	0	0	2.94	NO SOLUTION	135	11	22104	1342
random56-5.scen	34	2519	65	1407	1	0.01	3.18	OK	619	1	45850	5068
random56-5.scen	35	2519	65	1421	0	0	2.98	NO SOLUTION	135	11	22132	1341
random56-5.scen	35	2519	65	1421	1	0.01	3.25	OK	634	1	45955	5072
random56-5.scen	36	2519	65	1473	0	0	3.13	NO SOLUTION	152	11	23534	1421
random56-5.scen	36	2519	65	1473	1	0.01	3.41	OK	650	0	47658	5367
random56-5.scen	37	2519	65	1504	0	0	3.21	NO SOLUTION	155	15	23735	1439
random56-5.scen	37	2519	65	1504	1	0.01	3.46	OK	659	0	48072	5457
random56-5.scen	38	2519	65	1527	0	0	3.28	NO SOLUTION	157	11	23884	1449
random56-5.scen	38	2519	65	1527	1	0.01	3.57	OK	678	0	48383	5519
random56-5.scen	39	2519	65	1573	0	0	3.44	NO SOLUTION	64	11	25386	1527
random56-5.scen	39	2519	65	1573	1	0.01	3.74	OK	706	0	50226	5808
random56-5.scen	40	2519	65	1609	0	0	3.49	NO SOLUTION	122	11	25515	1537
random56-5.scen	40	2519	65	1609	1	0.01	3.81	OK	700	0	50560	5862
random56-5.scen	41	2519	78	1687	0	0	5.48	NO SOLUTION	128	15	29893	1672
random56-5.scen	41	2519	78	1687	1	0.02	5.85	OK	1137	13	55179	6497
random56-5.scen	42	2519	78	1760	0	0	5.73	NO SOLUTION	142	15	31395	1873
random56-5.scen	42	2519	78	1760	1	0.02	6.17	OK	1901	15	58917	7075
random56-5.scen	43	2519	78	1804	0	0	5.83	NO SOLUTION	147	15	31682	1922
random56-5.scen	43	2519	78	1804	1	0.02	6.3	OK	2734	18	59760	7267
random56-5.scen	44	2519	78	1840	0	0	6.05	NO SOLUTION	139	15	31811	1929
random56-5.scen	44	2519	78	1840	1	0.02	6.38	OK	2759	17	60181	7350
random56-5.scen	45	2519	78	1876	0	0	6.03	NO SOLUTION	136	11	31988	1955
random56-5.scen	45	2519	78	1876	1	0.02	6.54	OK	2734	16	60700	7462
random56-5.scen	46	2519	78	1918	0	0	6.19	NO SOLUTION	137	15	32180	1980
random56-5.scen	46	2519	78	1918	1	0.03	6.67	OK	3306	17	61304	7598
random56-5.scen	47	2519	78	1951	0	0	6.36	NO SOLUTION	140	15	32527	2049
random56-5.scen	47	2519	78	1951	1	0.03	6.79	OK	3472	18	62260	7777
random56-5.scen	48	2519	78	1969	0	0	6.22	NO SOLUTION	0	1	20898	0
random56-5.scen	48	2519	78	1969	1	0	6.89	NO SOLUTION	0	1	62569	8113
random56-5.scen	48	2519	78	1969	2	0.05	11.36	NO SOLUTION	1163	36	127699	24341
random56-5.scen	48	2519	78	1969	3	0.09	12.16	OK	1439	53	201591	42180
random56-5.scen	49	2519	78	2039	0	0	6.56	NO SOLUTION	0	1	22286	0
random56-5.scen	49	2519	78	2039	1	0	7.19	NO SOLUTION	0	1	65872	8631
random56-5.scen	49	2519	78	2039	2	0.03	11.85	NO SOLUTION	1099	36	134979	25807
random56-5.scen	49	2519	78	2039	3	0.1	12.84	OK	1464	51	213356	44773
random56-5.scen	50	2519	78	2074	0	0	6.76	NO SOLUTION	0	1	22861	0
random56-5.scen	50	2519	78	2074	1	0	7.42	NO SOLUTION	0	1	67250	8872
random56-5.scen	50	2519	78	2074	2	0.03	12.11	NO SOLUTION	1155	40	137941	26235
random56-5.scen	50	2519	78	2074	3	0.1	13.18	OK	1571	53	218080	45557
random56-5.scen	51	2519	78	2113	0	0	6.77	NO SOLUTION	0	1	21483	0
random56-5.scen	51	2519	78	2113	1	0	7.51	NO SOLUTION	0	1	67576	8912
random56-5.scen	51	2519	78	2113	2	0.02	12.41	NO SOLUTION	123	5	138991	26518
random56-5.scen	51	2519	78	2113	3	0.07	13.33	NO SOLUTION	124	25	220142	46052
random56-5.scen	51	2519	78	2113	4	0.25	18.84	NO SOLUTION	1304	86	331156	76240
random56-5.scen	51	2519	78	2113	5	0.35	20.05	OK	1905	104	450508	110543
random56-5.scen	52	2519	78	2154	0	0	6.97	NO SOLUTION	0	1	21851	0
random56-5.scen	52	2519	78	2154	1	0	7.68	NO SOLUTION	0	1	68630	9123
random56-5.scen	52	2519	78	2154	2	0.02	12.56	NO SOLUTION	132	5	141171	27030
random56-5.scen	52	2519	78	2154	3	0.06	13.55	NO SOLUTION	147	29	223788	46926
random56-5.scen	52	2519	78	2154	4	0.21	19.18	NO SOLUTION	1242	74	336559	77709
random56-5.scen	52	2519	78	2154	5	0.46	20.64	OK	2294	119	457850	112693
random56-5.scen	53	2519	78	2187	0	0	7.15	NO SOLUTION	0	1	21985	0
random56-5.scen	53	2519	78	2187	1	0	7.86	NO SOLUTION	0	1	69012	9212
random56-5.scen	53	2519	78	2187	2	0.01	12.8	NO SOLUTION	130	5	142065	27282
random56-5.scen	53	2519	78	2187	3	0.04	13.89	NO SOLUTION	142	26	225269	47315
random56-5.scen	53	2519	78	2187	4	0.16	19.44	NO SOLUTION	411	36	338976	78309
random56-5.scen	53	2519	78	2187	5	0.41	20.87	NO SOLUTION	1247	124	461300	113531
