random08-2.scen	1	52	11	11	0	0	0.01	OK	4	0	40	3
random08-2.scen	2	52	11	21	0	0	0.01	OK	5	0	87	7
random08-2.scen	3	52	11	23	0	0	0.01	OK	5	0	89	7
random08-2.scen	4	52	11	27	0	0	0.01	OK	5	0	93	7
random08-2.scen	5	52	11	29	0	0	0.01	OK	5	0	93	5
random08-2.scen	6	52	11	31	0	0	0.01	NO SOLUTION	0	1	97	0
random08-2.scen	6	52	11	31	1	0	0.01	NO SOLUTION	0	1	321	39
random08-2.scen	6	52	11	31	2	0	0.02	NO SOLUTION	0	1	749	215
random08-2.scen	6	52	11	31	3	0	0.02	NO SOLUTION	0	1	1290	361
random08-2.scen	6	52	11	31	4	0	0.03	NO SOLUTION	0	1	2028	577
random08-2.scen	6	52	11	31	5	0	0.04	NO SOLUTION	0	1	2851	821
random08-2.scen	6	52	11	31	6	0	0.04	NO SOLUTION	0	1	3833	1159
random08-2.scen	6	52	11	31	7	0	0.06	OK	83	18	9770	852
random08-2.scen	7	52	11	35	0	0	0.01	NO SOLUTION	0	1	122	0
random08-2.scen	7	52	11	35	1	0	0.02	NO SOLUTION	0	1	384	49
random08-2.scen	7	52	11	35	2	0	0.02	NO SOLUTION	0	1	911	267
random08-2.scen	7	52	11	35	3	0	0.03	NO SOLUTION	0	1	1561	464
random08-2.scen	7	52	11	35	4	0	0.04	NO SOLUTION	0	1	2436	754
random08-2.scen	7	52	11	35	5	0	0.04	NO SOLUTION	0	1	3406	1078
random08-2.scen	7	52	11	35	6	0	0.06	NO SOLUTION	0	1	9163	1385
random08-2.scen	7	52	11	35	7	0	0.08	NO SOLUTION	99	24	11801	1122
random08-2.scen	7	52	11	35	8	0.01	0.09	NO SOLUTION	159	74	14952	1631
random08-2.scen	7	52	11	35	9	0.01	0.1	OK	198	61	18175	2093
random08-2.scen	8	52	11	45	0	0	0.01	NO SOLUTION	0	1	163	0
random08-2.scen	8	52	11	45	1	0	0.02	NO SOLUTION	0	1	492	67
random08-2.scen	8	52	11	45	2	0	0.03	NO SOLUTION	0	1	1209	354
random08-2.scen	8	52	11	45	3	0	0.03	NO SOLUTION	0	1	2078	618
random08-2.scen	8	52	11	45	4	0	0.04	NO SOLUTION	0	1	3257	1003
random08-2.scen	8	52	11	45	5	0	0.05	NO SOLUTION	0	1	4523	1441
random08-2.scen	8	52	11	45	6	0	0.06	NO SOLUTION	0	1	6014	1969
random08-2.scen	8	52	11	45	7	0	0.07	NO SOLUTION	79	22	7579	1755
random08-2.scen	8	52	11	45	8	0.01	0.09	NO SOLUTION	281	156	9337	2462
random08-2.scen	8	52	11	45	9	0.01	0.11	NO SOLUTION	326	160	11157	3062
random08-2.scen	8	52	11	45	10	0.02	0.13	NO SOLUTION	518	247	13125	3784
random08-2.scen	8	52	11	45	11	0.01	0.13	OK	399	160	15140	4475
random08-2.scen	9	52	11	48	0	0	0.02	NO SOLUTION	0	1	158	0
random08-2.scen	9	52	11	48	1	0	0.02	NO SOLUTION	0	1	514	69
random08-2.scen	9	52	11	48	2	0	0.03	NO SOLUTION	0	1	1285	388
random08-2.scen	9	52	11	48	3	0	0.04	NO SOLUTION	0	1	2215	676
random08-2.scen	9	52	11	48	4	0	0.05	NO SOLUTION	0	1	3497	1103
random08-2.scen	9	52	11	48	5	0	0.06	NO SOLUTION	0	1	4875	1581
random08-2.scen	9	52	11	48	6	0	0.07	NO SOLUTION	0	1	6539	2178
random08-2.scen	9	52	11	48	7	0	0.08	NO SOLUTION	112	17	8279	1982
random08-2.scen	9	52	11	48	8	0.01	0.1	NO SOLUTION	272	139	10262	2718
random08-2.scen	9	52	11	48	9	0.01	0.12	NO SOLUTION	390	195	12309	3390
random08-2.scen	9	52	11	48	10	0.02	0.14	NO SOLUTION	345	168	14542	4140
random08-2.scen	9	52	11	48	11	0.02	0.17	NO SOLUTION	462	235	16819	4913
random08-2.scen	9	52	11	48	12	0.02	0.18	OK	608	230	19239	5745
random08-2.scen	10	52	11	50	0	0	0.02	NO SOLUTION	0	1	167	0
random08-2.scen	10	52	11	50	1	0	0.02	NO SOLUTION	0	1	539	72
random08-2.scen	10	52	11	50	2	0	0.03	NO SOLUTION	0	1	1359	415
random08-2.scen	10	52	11	50	3	0	0.04	NO SOLUTION	0	1	2352	730
random08-2.scen	10	52	11	50	4	0	0.05	NO SOLUTION	0	1	3718	1204
random08-2.scen	10	52	11	50	5	0	0.06	NO SOLUTION	0	1	5180	1712
random08-2.scen	10	52	11	50	6	0	0.07	NO SOLUTION	0	1	6946	2366
random08-2.scen	10	52	11	50	7	0	0.09	NO SOLUTION	103	35	8807	2197
random08-2.scen	10	52	11	50	8	0.01	0.11	NO SOLUTION	298	151	10936	2972
random08-2.scen	10	52	11	50	9	0.01	0.13	NO SOLUTION	412	189	13139	3686
random08-2.scen	10	52	11	50	10	0.02	0.16	NO SOLUTION	439	218	15548	4482
random08-2.scen	10	52	11	50	11	0.03	0.18	NO SOLUTION	636	321	18014	5313
random08-2.scen	10	52	11	50	12	0.03	0.2	OK	581	270	20661	6208
random08-2.scen	11	52	11	56	0	0	0.02	NO SOLUTION	0	1	187	0
random08-2.scen	11	52	11	56	1	0	0.02	NO SOLUTION	0	1	599	82
random08-2.scen	11	52	11	56	2	0	0.03	NO SOLUTION	0	1	1543	485
random08-2.scen	11	52	11	56	3	0	0.04	NO SOLUTION	0	1	2668	845
random08-2.scen	11	52	11	56	4	0	0.06	NO SOLUTION	0	1	4223	1399
random08-2.scen	11	52	11	56	5	0	0.07	NO SOLUTION	0	1	5929	1963
random08-2.scen	11	52	11	56	6	0	0.08	NO SOLUTION	0	1	7953	2716
random08-2.scen	11	52	11	56	7	0	0.1	NO SOLUTION	83	24	10111	2616
random08-2.scen	11	52	11	56	8	0.01	0.13	NO SOLUTION	326	151	12519	3488
random08-2.scen	11	52	11	56	9	0.02	0.15	NO SOLUTION	406	240	15034	4298
random08-2.scen	11	52	11	56	10	0.02	0.18	NO SOLUTION	485	240	17731	5195
random08-2.scen	11	52	11	56	11	0.03	0.2	NO SOLUTION	537	250	20503	6118
random08-2.scen	11	52	11	56	12	0.04	0.24	NO SOLUTION	760	345	23436	7106
random08-2.scen	11	52	11	56	13	0.05	0.26	OK	839	398	26414	8119
random08-2.scen	12	52	11	64	0	0	0.02	NO SOLUTION	0	1	202	0
random08-2.scen	12	52	11	64	1	0	0.02	NO SOLUTION	0	1	661	87
random08-2.scen	12	52	11	64	2	0	0.04	NO SOLUTION	0	1	1729	544
random08-2.scen	12	52	11	64	3	0	0.05	NO SOLUTION	0	1	2981	956
random08-2.scen	12	52	11	64	4	0	0.06	NO SOLUTION	0	1	4753	1572
random08-2.scen	12	52	11	64	5	0	0.07	NO SOLUTION	0	1	6678	2221
random08-2.scen	12	52	11	64	6	0	0.1	NO SOLUTION	0	1	8993	3052
random08-2.scen	12	52	11	64	7	0	0.11	NO SOLUTION	72	12	11441	3009
random08-2.scen	12	52	11	64	8	0.01	0.15	NO SOLUTION	361	167	14163	4041
random08-2.scen	12	52	11	64	9	0.02	0.17	NO SOLUTION	470	224	16983	4992
random08-2.scen	12	52	11	64	10	0.02	0.2	NO SOLUTION	517	238	19981	6015
random08-2.scen	12	52	11	64	11	0.03	0.22	NO SOLUTION	418	203	23044	7062
random08-2.scen	12	52	11	64	12	0.04	0.26	NO SOLUTION	779	278	26274	8157
random08-2.scen	12	52	11	64	13	0.06	0.29	NO SOLUTION	670	335	29548	9276
random08-2.scen	12	52	11	64	14	0.04	0.31	OK	842	313	32936	10413
random08-2.scen	13	52	11	68	0	0	0.02	NO SOLUTION	0	1	206	0
random08-2.scen	13	52	11	68	1	0	0.03	NO SOLUTION	0	1	688	88
random08-2.scen	13	52	11	68	2	0	0.04	NO SOLUTION	0	1	1827	595
random08-2.scen	13	52	11	68	3	0	0.05	NO SOLUTION	0	1	3150	1043
random08-2.scen	13	52	11	68	4	0	0.07	NO SOLUTION	0	1	5052	1702
random08-2.scen	13	52	11	68	5	0	0.08	NO SOLUTION	0	1	7102	2411
random08-2.scen	13	52	11	68	6	0	0.11	NO SOLUTION	0	1	9585	3284
random08-2.scen	13	52	11	68	7	0	0.12	NO SOLUTION	77	12	12210	3203
random08-2.scen	13	52	11	68	8	0.01	0.15	NO SOLUTION	331	133	15141	4295
random08-2.scen	13	52	11	68	9	0.02	0.18	NO SOLUTION	412	202	18183	5293
random08-2.scen	13	52	11	68	10	0.02	0.21	NO SOLUTION	518	242	21427	6380
random08-2.scen	13	52	11	68	11	0.03	0.24	NO SOLUTION	501	220	24746	7487
random08-2.scen	13	52	11	68	12	0.05	0.29	NO SOLUTION	774	298	28257	8654
random08-2.scen	13	52	11	68	13	0.06	0.32	NO SOLUTION	687	260	31817	9846
random08-2.scen	13	52	11	68	14	0.09	0.38	NO SOLUTION	688	293	35500	11065
random08-2.scen	13	52	11	68	15	0.1	0.41	NO SOLUTION	772	345	39232	12300
random08-2.scen	13	52	11	68	16	0.15	0.49	NO SOLUTION	1325	530	43077	13572
random08-2.scen	13	52	11	68	17	0.23	0.6	OK	1807	827	46961	14852
random08-2.scen	14	52	11	70	0	0	0.02	NO SOLUTION	0	1	214	0
random08-2.scen	14	52	11	70	1	0	0.03	NO SOLUTION	0	1	713	91
random08-2.scen	14	52	11	70	2	0	0.04	NO SOLUTION	0	1	1899	620
random08-2.scen	14	52	11	70	3	0	0.05	NO SOLUTION	0	1	3289	1084
random08-2.scen	14	52	11	70	4	0	0.07	NO SOLUTION	0	1	5295	1777
random08-2.scen	14	52	11	70	5	0	0.09	NO SOLUTION	0	1	7452	2526
random08-2.scen	14	52	11	70	6	0	0.11	NO SOLUTION	0	1	10056	3458
random08-2.scen	14	52	11	70	7	0	0.13	NO SOLUTION	139	16	12809	3401
random08-2.scen	14	52	11	70	8	0.01	0.17	NO SOLUTION	271	144	15899	4561
random08-2.scen	14	52	11	70	9	0.06	0.23	NO SOLUTION	786	492	19096	5623
random08-2.scen	14	52	11	70	10	0.03	0.23	NO SOLUTION	527	237	22525	6773
random08-2.scen	14	52	11	70	11	0.04	0.26	NO SOLUTION	677	260	26048	7948
random08-2.scen	14	52	11	70	12	0.07	0.33	NO SOLUTION	1004	449	29791	9176
random08-2.scen	14	52	11	70	13	0.07	0.36	NO SOLUTION	806	360	33598	10424
random08-2.scen	14	52	11	70	14	0.1	0.41	NO SOLUTION	899	380	37559	11719
random08-2.scen	14	52	11	70	15	0.13	0.47	NO SOLUTION	1407	574	41577	13035
random08-2.scen	14	52	11	70	16	0.19	0.57	NO SOLUTION	1523	652	45717	14388
random08-2.scen	14	52	11	70	17	0.08	0.47	OK	1313	415	49899	15755
random08-2.scen	15	52	11	75	0	0	0.02	NO SOLUTION	0	1	243	0
random08-2.scen	15	52	11	75	1	0	0.03	NO SOLUTION	0	1	785	104
random08-2.scen	15	52	11	75	2	0	0.04	NO SOLUTION	0	1	2070	686
random08-2.scen	15	52	11	75	3	0	0.05	NO SOLUTION	0	1	3566	1178
random08-2.scen	15	52	11	75	4	0	0.08	NO SOLUTION	0	1	5723	1934
random08-2.scen	15	52	11	75	5	0	0.09	NO SOLUTION	0	1	8035	2735
random08-2.scen	15	52	11	75	6	0	0.12	NO SOLUTION	0	1	10859	3756
random08-2.scen	15	52	11	75	7	0	0.14	NO SOLUTION	91	12	13843	3710
random08-2.scen	15	52	11	75	8	0.01	0.18	NO SOLUTION	295	130	17196	4964
random08-2.scen	15	52	11	75	9	0.04	0.23	NO SOLUTION	550	314	20657	6097
random08-2.scen	15	52	11	75	10	0.07	0.28	NO SOLUTION	878	472	24360	7337
random08-2.scen	15	52	11	75	11	0.03	0.28	NO SOLUTION	591	241	28165	8575
random08-2.scen	15	52	11	75	12	0.06	0.35	NO SOLUTION	958	389	32196	9877
random08-2.scen	15	52	11	75	13	0.09	0.41	NO SOLUTION	847	410	36293	11202
random08-2.scen	15	52	11	75	14	0.09	0.43	NO SOLUTION	947	391	40549	12576
random08-2.scen	15	52	11	75	15	0.19	0.56	NO SOLUTION	1350	629	44864	13976
random08-2.scen	15	52	11	75	16	0.21	0.6	NO SOLUTION	1750	561	49304	15415
random08-2.scen	15	52	11	75	17	0.3	0.73	NO SOLUTION	1368	641	53788	16870
random08-2.scen	15	52	11	75	18	0.71	1.17	NO SOLUTION	3211	1244	58349	18349
random08-2.scen	15	52	11	75	19	1.44	1.94	NO SOLUTION	4173	1999	62933	19838
random08-2.scen	15	52	11	75	20	2.25	2.78	OK	6026	2869	67560	21339
random08-2.scen	16	52	11	84	0	0	0.02	NO SOLUTION	0	1	298	0
random08-2.scen	16	52	11	84	1	0	0.03	NO SOLUTION	0	1	923	129
random08-2.scen	16	52	11	84	2	0	0.05	NO SOLUTION	0	1	2388	804
random08-2.scen	16	52	11	84	3	0	0.06	NO SOLUTION	0	1	4076	1366
random08-2.scen	16	52	11	84	4	0	0.08	NO SOLUTION	0	1	6470	2211
random08-2.scen	16	52	11	84	5	0	0.1	NO SOLUTION	0	1	9027	3113
random08-2.scen	16	52	11	84	6	0	0.13	NO SOLUTION	0	1	12130	4224
random08-2.scen	16	52	11	84	7	0	0.15	NO SOLUTION	73	17	15382	4044
random08-2.scen	16	52	11	84	8	0.03	0.22	NO SOLUTION	378	185	19012	5401
random08-2.scen	16	52	11	84	9	0.05	0.26	NO SOLUTION	550	342	22758	6626
random08-2.scen	16	52	11	84	10	0.09	0.32	NO SOLUTION	826	418	26753	7940
random08-2.scen	16	52	11	84	11	0.08	0.35	NO SOLUTION	803	420	30855	9259
random08-2.scen	16	52	11	84	12	0.19	0.5	NO SOLUTION	1205	661	35186	10643
random08-2.scen	16	52	11	84	13	0.07	0.41	NO SOLUTION	594	259	39585	12055
random08-2.scen	16	52	11	84	14	0.09	0.46	NO SOLUTION	918	360	44143	13514
random08-2.scen	16	52	11	84	15	0.1	0.5	NO SOLUTION	853	373	48760	15001
random08-2.scen	16	52	11	84	16	0.22	0.66	NO SOLUTION	1134	601	53502	16528
random08-2.scen	16	52	11	84	17	0.32	0.79	NO SOLUTION	1468	579	58288	18071
random08-2.scen	16	52	11	84	18	0.47	0.98	NO SOLUTION	1591	772	63151	19638
random08-2.scen	16	52	11	84	19	0.85	1.38	NO SOLUTION	2997	1111	68037	21215
random08-2.scen	16	52	11	84	20	1.23	1.82	NO SOLUTION	3671	1465	72966	22804
random08-2.scen	16	52	11	84	21	2.26	2.88	NO SOLUTION	3902	2120	77908	24399
random08-2.scen	16	52	11	84	22	4.01	4.68	NO SOLUTION	8338	3806	82864	25999
random08-2.scen	16	52	11	84	23	5.88	6.58	NO SOLUTION	10584	5498	87827	27600
random08-2.scen	16	52	11	84	24	1.78	2.51	OK	4268	1771	92795	29203
random08-2.scen	17	52	11	85	0	0	0.02	NO SOLUTION	0	1	299	0
random08-2.scen	17	52	11	85	1	0	0.03	NO SOLUTION	0	1	931	130
random08-2.scen	17	52	11	85	2	0	0.05	NO SOLUTION	0	1	2424	820
random08-2.scen	17	52	11	85	3	0	0.06	NO SOLUTION	0	1	4148	1394
random08-2.scen	17	52	11	85	4	0	0.09	NO SOLUTION	0	1	6608	2270
random08-2.scen	17	52	11	85	5	0	0.1	NO SOLUTION	0	1	9240	3200
random08-2.scen	17	52	11	85	6	0	0.14	NO SOLUTION	0	1	12462	4355
random08-2.scen	17	52	11	85	7	0	0.16	NO SOLUTION	60	14	15824	3977
random08-2.scen	17	52	11	85	8	0.01	0.21	NO SOLUTION	221	87	19599	5369
random08-2.scen	17	52	11	85	9	0.02	0.24	NO SOLUTION	444	206	23498	6661
random08-2.scen	17	52	11	85	10	0.04	0.3	NO SOLUTION	599	291	27676	8015
random08-2.scen	17	52	11	85	11	0.03	0.32	NO SOLUTION	518	231	31967	9388
random08-2.scen	17	52	11	85	12	0.05	0.38	NO SOLUTION	659	300	36510	10823
random08-2.scen	17	52	11	85	13	0.05	0.41	NO SOLUTION	501	198	41132	12292
random08-2.scen	17	52	11	85	14	0.09	0.49	NO SOLUTION	879	368	45940	13824
random08-2.scen	17	52	11	85	15	0.14	0.56	NO SOLUTION	1591	580	50817	15386
random08-2.scen	17	52	11	85	16	0.18	0.65	NO SOLUTION	1233	584	55835	16995
random08-2.scen	17	52	11	85	17	0.4	0.91	NO SOLUTION	1147	491	60904	18622
random08-2.scen	17	52	11	85	18	0.44	0.98	NO SOLUTION	1950	771	66055	20275
random08-2.scen	17	52	11	85	19	0.81	1.39	NO SOLUTION	2886	1083	71233	21938
random08-2.scen	17	52	11	85	20	1.11	1.74	NO SOLUTION	3721	1525	76460	23615
random08-2.scen	17	52	11	85	21	2.06	2.74	NO SOLUTION	6054	2411	81704	25298
random08-2.scen	17	52	11	85	22	3.6	4.31	NO SOLUTION	6671	3096	86962	26986
random08-2.scen	17	52	11	85	23	4.09	4.84	NO SOLUTION	8851	3808	92227	28675
random08-2.scen	17	52	11	85	24	5.54	6.33	NO SOLUTION	11284	5374	97497	30366
random08-2.scen	17	52	11	85	25	6.43	7.26	NO SOLUTION	15555	6553	102771	32057
random08-2.scen	17	52	11	85	26	9.46	10.33	NO SOLUTION	16464	7502	108048	33749
random08-2.scen	17	52	11	85	27	11.07	11.98	NO SOLUTION	22540	9563	113327	35441
random08-2.scen	17	52	11	85	28	12.94	13.9	OK	30377	9532	118606	37133
random08-2.scen	18	52	11	91	0	0	0.03	NO SOLUTION	0	1	332	0
random08-2.scen	18	52	11	91	1	0	0.03	NO SOLUTION	0	1	1020	145
random08-2.scen	18	52	11	91	2	0	0.05	NO SOLUTION	0	1	2637	881
random08-2.scen	18	52	11	91	3	0	0.07	NO SOLUTION	0	1	4482	1510
random08-2.scen	18	52	11	91	4	0	0.09	NO SOLUTION	0	1	7108	2453
random08-2.scen	18	52	11	91	5	0	0.12	NO SOLUTION	0	1	9891	3446
random08-2.scen	18	52	11	91	6	0	0.14	NO SOLUTION	0	1	13305	4679
random08-2.scen	18	52	11	91	7	0	0.17	NO SOLUTION	57	14	16851	4304
random08-2.scen	18	52	11	91	8	0.01	0.22	NO SOLUTION	237	59	20827	5760
random08-2.scen	18	52	11	91	9	0.06	0.29	NO SOLUTION	726	412	24946	7083
random08-2.scen	18	52	11	91	10	0.09	0.37	NO SOLUTION	721	382	29374	8495
random08-2.scen	18	52	11	91	11	0.12	0.43	NO SOLUTION	814	454	33926	9932
random08-2.scen	18	52	11	91	12	0.08	0.43	NO SOLUTION	827	357	38748	11447
random08-2.scen	18	52	11	91	13	0.08	0.47	NO SOLUTION	908	384	43656	12996
random08-2.scen	18	52	11	91	14	0.09	0.52	NO SOLUTION	1148	398	48757	14615
random08-2.scen	18	52	11	91	15	0.12	0.57	NO SOLUTION	1638	537	53931	16263
random08-2.scen	18	52	11	91	16	0.28	0.77	NO SOLUTION	1023	423	59249	17961
random08-2.scen	18	52	11	91	17	0.45	0.99	NO SOLUTION	1477	579	64620	19676
random08-2.scen	18	52	11	91	18	0.58	1.17	NO SOLUTION	1691	695	70073	21417
random08-2.scen	18	52	11	91	19	1.08	1.72	NO SOLUTION	2242	953	75553	23168
random08-2.scen	18	52	11	91	20	1.3	1.98	NO SOLUTION	3956	1599	81082	24933
random08-2.scen	18	52	11	91	21	2.18	2.89	NO SOLUTION	8096	2471	86628	26704
random08-2.scen	18	52	11	91	22	3.13	3.9	NO SOLUTION	6474	2998	92188	28480
random08-2.scen	18	52	11	91	23	5.94	6.74	NO SOLUTION	10516	5260	97755	30257
random08-2.scen	18	52	11	91	24	3.95	4.79	NO SOLUTION	8688	3646	103327	32036
random08-2.scen	18	52	11	91	25	7.97	8.86	NO SOLUTION	15673	6813	108903	33815
random08-2.scen	18	52	11	91	26	10.44	11.38	NO SOLUTION	15206	8032	114482	35595
random08-2.scen	18	52	11	91	27	9.27	10.26	NO SOLUTION	22365	8725	120063	37375
random08-2.scen	18	52	11	91	28	10.95	11.99	OK	19986	8173	125644	39155
random08-2.scen	19	52	11	95	0	0	0.03	NO SOLUTION	0	1	348	0
random08-2.scen	19	52	11	95	1	0	0.04	NO SOLUTION	0	1	1065	152
random08-2.scen	19	52	11	95	2	0	0.06	NO SOLUTION	0	1	2761	922
random08-2.scen	19	52	11	95	3	0	0.07	NO SOLUTION	0	1	4682	1580
random08-2.scen	19	52	11	95	4	0	0.1	NO SOLUTION	0	1	7417	2577
random08-2.scen	19	52	11	95	5	0	0.12	NO SOLUTION	0	1	10323	3593
random08-2.scen	19	52	11	95	6	0	0.15	NO SOLUTION	0	1	13896	4895
random08-2.scen	19	52	11	95	7	0	0.18	NO SOLUTION	61	14	17619	4560
random08-2.scen	19	52	11	95	8	0.02	0.25	NO SOLUTION	456	181	21804	6059
random08-2.scen	19	52	11	95	9	0.04	0.28	NO SOLUTION	522	261	26146	7443
random08-2.scen	19	52	11	95	10	0.03	0.33	NO SOLUTION	520	216	30833	8920
random08-2.scen	19	52	11	95	11	0.16	0.49	NO SOLUTION	1075	596	35652	10427
random08-2.scen	19	52	11	95	12	0.06	0.44	NO SOLUTION	756	345	40747	12020
random08-2.scen	19	52	11	95	13	0.08	0.49	NO SOLUTION	689	315	45932	13651
random08-2.scen	19	52	11	95	14	0.1	0.55	NO SOLUTION	992	357	51316	15354
random08-2.scen	19	52	11	95	15	0.17	0.66	NO SOLUTION	1382	515	56777	17086
random08-2.scen	19	52	11	95	16	0.29	0.83	NO SOLUTION	1633	536	62385	18870
random08-2.scen	19	52	11	95	17	0.34	0.92	NO SOLUTION	2584	670	68048	20671
random08-2.scen	19	52	11	95	18	0.73	1.37	NO SOLUTION	1484	718	73796	22499
random08-2.scen	19	52	11	95	19	1.11	1.8	NO SOLUTION	3068	1236	79573	24337
random08-2.scen	19	52	11	95	20	1.17	1.89	NO SOLUTION	3269	1227	85402	26190
random08-2.scen	19	52	11	95	21	1.98	2.75	NO SOLUTION	5490	2083	91250	28049
random08-2.scen	19	52	11	95	22	3.43	4.25	NO SOLUTION	6549	3077	97112	29913
random08-2.scen	19	52	11	95	23	5.95	6.81	NO SOLUTION	9010	4649	102981	31778
random08-2.scen	19	52	11	95	24	7.77	8.68	NO SOLUTION	12655	5848	108855	33645
random08-2.scen	19	52	11	95	25	8.29	9.25	NO SOLUTION	13759	6266	114733	35512
random08-2.scen	19	52	11	95	26	11.88	12.89	NO SOLUTION	24072	9625	120614	37380
random08-2.scen	19	52	11	95	27	16.5	17.56	NO SOLUTION	23383	11715	126497	39248
random08-2.scen	19	52	11	95	28	18.1	19.22	OK	29881	13789	132380	41116
random08-2.scen	20	52	11	97	0	0	0.03	NO SOLUTION	0	1	327	0
random08-2.scen	20	52	11	97	1	0	0.04	NO SOLUTION	0	1	1079	153
random08-2.scen	20	52	11	97	2	0	0.06	NO SOLUTION	0	1	2819	949
random08-2.scen	20	52	11	97	3	0	0.08	NO SOLUTION	0	1	4790	1627
random08-2.scen	20	52	11	97	4	0	0.1	NO SOLUTION	0	1	7583	2653
random08-2.scen	20	52	11	97	5	0	0.13	NO SOLUTION	0	1	10553	3690
random08-2.scen	20	52	11	97	6	0	0.16	NO SOLUTION	0	1	14218	5014
random08-2.scen	20	52	11	97	7	0	0.19	NO SOLUTION	61	14	18045	4602
random08-2.scen	20	52	11	97	8	0.03	0.26	NO SOLUTION	339	185	22363	6111
random08-2.scen	20	52	11	97	9	0.05	0.31	NO SOLUTION	653	333	26845	7523
random08-2.scen	20	52	11	97	10	0.11	0.42	NO SOLUTION	887	494	31685	9045
random08-2.scen	20	52	11	97	11	0.07	0.42	NO SOLUTION	724	352	36664	10600
random08-2.scen	20	52	11	97	12	0.04	0.43	NO SOLUTION	639	232	41944	12247
random08-2.scen	20	52	11	97	13	0.09	0.52	NO SOLUTION	694	291	47328	13934
random08-2.scen	20	52	11	97	14	0.11	0.58	NO SOLUTION	661	308	52953	15705
random08-2.scen	20	52	11	97	15	0.24	0.76	NO SOLUTION	1171	438	58664	17509
random08-2.scen	20	52	11	97	16	0.2	0.77	NO SOLUTION	1708	597	64547	19374
random08-2.scen	20	52	11	97	17	0.33	0.95	NO SOLUTION	1471	530	70492	21259
random08-2.scen	20	52	11	97	18	0.53	1.21	NO SOLUTION	2595	832	76525	23172
random08-2.scen	20	52	11	97	19	4.25	4.98	NO SOLUTION	12703	5322	82589	25095
random08-2.scen	20	52	11	97	20	1.1	1.86	NO SOLUTION	2427	1125	88708	27034
random08-2.scen	20	52	11	97	21	1.54	2.36	NO SOLUTION	4209	1643	94848	28979
random08-2.scen	20	52	11	97	22	2.45	3.31	NO SOLUTION	4654	2136	101005	30930
random08-2.scen	20	52	11	97	23	5.86	6.78	NO SOLUTION	6296	3751	107171	32882
random08-2.scen	20	52	11	97	24	5.52	6.49	NO SOLUTION	9690	4405	113345	34837
random08-2.scen	20	52	11	97	25	6.91	7.93	NO SOLUTION	15636	6127	119525	36792
random08-2.scen	20	52	11	97	26	10.88	11.96	NO SOLUTION	17531	7444	125708	38748
random08-2.scen	20	52	11	97	27	13.76	14.89	NO SOLUTION	25807	10313	131893	40704
random08-2.scen	20	52	11	97	28	21.08	22.28	NO SOLUTION	32419	14670	138078	42660
