random24-3.scen	1	462	4	4	0	0	0.02	OK	0	0	4	0
random24-3.scen	2	462	17	21	0	0	0.05	OK	131	0	6427	695
random24-3.scen	3	462	17	33	0	0	0.06	OK	254	0	10441	1095
random24-3.scen	4	462	23	56	0	0	0.18	OK	759	0	29940	3712
random24-3.scen	5	462	23	77	0	0	0.23	OK	796	0	31257	3957
random24-3.scen	6	462	23	85	0	0.01	0.3	OK	1240	0	40511	6306
random24-3.scen	7	462	23	93	0	0.01	0.4	OK	1788	0	48969	9161
random24-3.scen	8	462	25	118	0	0.01	0.54	OK	2661	1	63111	13247
random24-3.scen	9	462	30	148	0	0.02	1.16	OK	4007	0	113939	30202
random24-3.scen	10	462	30	165	0	0.02	1.26	OK	4312	0	125346	34726
random24-3.scen	11	462	30	169	0	0.02	1.38	OK	4686	0	137460	38611
random24-3.scen	12	462	30	181	0	0.03	1.51	OK	5066	0	148776	43097
random24-3.scen	13	462	30	202	0	0.03	1.55	OK	4605	0	141554	45854
random24-3.scen	14	462	30	204	0	0.03	1.78	OK	5276	0	163313	53741
random24-3.scen	15	462	30	229	0	0.03	1.87	OK	5215	0	168584	55485
random24-3.scen	16	462	30	242	0	0.03	2.03	OK	5625	0	180401	59352
random24-3.scen	17	462	30	266	0	0.04	2.08	OK	5662	0	185946	61501
random24-3.scen	18	462	30	280	0	0.04	2.31	OK	6219	0	202652	67495
random24-3.scen	19	462	30	308	0	0.04	2.33	OK	6107	0	204217	68001
random24-3.scen	20	462	30	319	0	0.04	2.44	OK	6593	0	217793	72131
random24-3.scen	21	462	30	325	0	0.04	2.55	OK	6793	0	231277	76578
random24-3.scen	22	462	30	354	0	0.04	2.57	OK	6735	0	231883	76749
random24-3.scen	23	462	30	364	0	0.05	2.67	OK	7293	1	242149	81323
random24-3.scen	24	462	30	385	0	0.05	2.77	OK	7364	0	248634	83658
random24-3.scen	25	462	30	401	0	0.05	2.93	OK	7796	0	261258	88057
random24-3.scen	26	462	30	417	0	0.06	3.08	OK	8348	1	275614	92719
random24-3.scen	27	462	30	430	0	0.06	3.25	OK	8784	1	291030	98020
random24-3.scen	28	462	30	454	0	0.06	3.28	OK	8585	0	294282	99167
random24-3.scen	29	462	30	465	0	0.06	3.37	OK	9457	0	305782	103430
random24-3.scen	30	462	30	484	0	0.06	3.5	OK	9427	0	314934	106506
random24-3.scen	31	462	30	507	0	0.07	3.58	OK	9742	1	322246	108627
random24-3.scen	32	462	30	529	0	0.08	3.64	OK	11931	2	326642	109985
random24-3.scen	33	462	30	532	0	0.07	3.79	OK	10193	1	343054	115273
random24-3.scen	34	462	32	564	0	0.09	5.12	OK	12880	4	434652	145307
random24-3.scen	35	462	32	580	0	0.1	5.25	OK	13085	1	446811	148945
random24-3.scen	36	462	32	592	0	0.1	5.44	OK	13419	1	461997	153713
random24-3.scen	37	462	32	610	0	0.11	5.57	OK	14146	4	474436	157522
random24-3.scen	38	462	32	632	0	0.12	5.65	OK	16209	6	482962	160150
random24-3.scen	39	462	32	637	0	0.11	5.82	OK	14828	6	499297	165235
random24-3.scen	40	462	32	650	0	0.13	6	OK	19175	8	514162	169664
random24-3.scen	41	462	32	671	0	0.14	6.1	OK	19145	6	526298	173440
random24-3.scen	42	462	32	676	0	0.13	6.41	OK	15235	5	547746	179820
random24-3.scen	43	462	32	687	0	0.12	6.61	OK	15335	2	558249	183094
random24-3.scen	44	462	32	699	0	0.15	5.15	OK	18399	6	576808	188474
random24-3.scen	45	462	32	715	0	0.15	5.29	OK	19782	5	592044	193263
random24-3.scen	46	462	32	739	0	0.14	5.32	OK	16831	3	598499	195075
random24-3.scen	47	462	32	755	0	0.17	5.49	OK	20821	5	614888	199809
random24-3.scen	48	462	32	770	0	0.17	5.6	OK	20306	5	631623	204759
random24-3.scen	49	462	32	790	0	0.17	5.73	OK	20726	4	645157	208521
random24-3.scen	50	462	32	801	0	0.19	5.85	OK	20924	7	665173	214360
random24-3.scen	51	462	32	801	0	0.19	5.96	OK	20915	7	671471	216137
random24-3.scen	52	462	32	809	0	0.19	6.03	OK	20253	7	684435	220013
random24-3.scen	53	462	32	817	0	0.19	6.22	OK	20393	10	706662	226300
random24-3.scen	54	462	32	848	0	0.19	6.26	OK	18717	8	707530	226460
random24-3.scen	55	462	32	866	0	0.21	6.4	OK	22200	15	721678	230580
random24-3.scen	56	462	32	868	0	0.2	6.48	OK	20037	11	734597	234655
random24-3.scen	57	462	32	884	0	0.21	6.64	OK	19963	5	751399	239494
random24-3.scen	58	462	32	902	0	0.21	6.72	OK	18819	13	759335	242032
random24-3.scen	59	462	32	916	0	0.2	6.81	OK	21197	6	772018	245657
random24-3.scen	60	462	32	923	0	0.22	7.01	OK	21937	11	795254	252262
random24-3.scen	61	462	32	933	0	0.24	7.25	OK	27132	12	816965	258481
random24-3.scen	62	462	32	948	0	0.23	7.39	OK	20986	13	836190	263898
random24-3.scen	63	462	32	966	0	0.23	7.48	OK	20934	11	847198	267012
random24-3.scen	64	462	32	997	0	0.22	7.52	OK	19722	9	848064	267207
random24-3.scen	65	462	37	1034	0	0.42	12.57	OK	28739	4	1387439	427758
random24-3.scen	66	462	37	1055	0	0.43	12.86	OK	28305	7	1420760	432731
random24-3.scen	67	462	37	1058	0	0.45	13.02	OK	30388	13	1445099	439719
random24-3.scen	68	462	37	1068	0	0.46	13.2	OK	31996	10	1471387	447073
random24-3.scen	69	462	37	1075	0	0.5	13.5	OK	34548	12	1501871	455794
random24-3.scen	70	462	37	1091	0	0.5	13.77	OK	33297	7	1525777	462615
random24-3.scen	71	462	37	1093	0	0.48	14.06	OK	28622	11	1561993	472946
random24-3.scen	72	462	37	1107	0	0.49	14.26	OK	28608	10	1590222	480946
random24-3.scen	73	462	37	1112	0	0.6	14.59	OK	40716	8	1609052	486401
random24-3.scen	74	462	37	1131	0	0.65	14.81	OK	45129	11	1630425	492496
random24-3.scen	75	462	37	1138	0	0.52	14.95	OK	29689	6	1663542	501962
random24-3.scen	76	462	37	1156	0	0.55	15.28	OK	29988	7	1675448	505300
random24-3.scen	77	462	37	1169	0	0.56	15.59	OK	31189	6	1699914	512238
random24-3.scen	78	462	37	1183	0	0.58	15.66	OK	32110	9	1726378	519748
random24-3.scen	79	462	37	1211	0	0.55	15.86	OK	26162	4	1740217	523601
random24-3.scen	80	462	37	1228	0	0.6	15.98	OK	30239	17	1754702	527730
random24-3.scen	81	462	37	1230	0	0.59	16.12	OK	28819	11	1774147	533134
random24-3.scen	82	462	37	1255	0	0.65	16.36	OK	34027	22	1788981	537184
random24-3.scen	83	462	38	1293	0	0.81	17.46	OK	41445	11	1946088	583558
random24-3.scen	84	462	38	1305	0	0.81	17.74	OK	40530	14	1980696	593402
random24-3.scen	85	462	38	1323	0	0.84	17.98	OK	42321	13	1998748	598492
random24-3.scen	86	462	38	1333	0	0.87	18.22	OK	41211	24	2032469	608040
random24-3.scen	87	462	38	1343	0	0.87	18.63	OK	39596	26	2061679	616366
random24-3.scen	88	462	38	1366	0	0.92	18.67	OK	46997	14	2078570	621103
random24-3.scen	89	462	38	1379	0	0.93	18.85	OK	45415	23	2105456	628671
random24-3.scen	90	462	38	1388	0	0.93	19.15	OK	44015	18	2136478	637428
random24-3.scen	91	462	38	1392	0	0.93	19.74	OK	40758	23	2171470	647370
random24-3.scen	92	462	38	1415	0	0.99	19.89	OK	47580	26	2188190	652056
random24-3.scen	93	462	38	1440	0	1.09	20.3	OK	54601	25	2206434	657137
random24-3.scen	94	462	38	1452	0	1.12	20.66	OK	55661	31	2236284	665597
random24-3.scen	95	462	38	1464	0	1.03	21.25	OK	46777	20	2264763	673727
random24-3.scen	96	462	38	1480	0	1.02	21.63	OK	41996	19	2292796	681682
random24-3.scen	97	462	38	1506	0	1.04	21.72	OK	44086	24	2307777	685911
random24-3.scen	98	462	38	1508	0	1.06	22.02	OK	46019	28	2334723	693432
random24-3.scen	99	462	38	1521	0	1.08	22.19	OK	45582	25	2351349	698021
random24-3.scen	100	462	38	1533	0	1.07	22.43	OK	43527	16	2380226	706230
random24-3.scen	101	462	38	1543	0	1.1	22.78	OK	46462	34	2412868	715388
random24-3.scen	102	462	38	1549	0	1.11	23.37	OK	44436	15	2436967	722256
random24-3.scen	103	462	38	1558	0	1.11	23.55	OK	44674	29	2466413	730607
random24-3.scen	104	462	38	1586	0	1.12	23.83	OK	41954	42	2479822	734247
random24-3.scen	105	462	38	1590	0	1.29	24.21	OK	55394	37	2515565	744445
random24-3.scen	106	462	38	1615	0	1.3	24.24	OK	55269	44	2527915	747871
random24-3.scen	107	462	38	1630	0	1.19	24.47	OK	46804	40	2551225	754352
random24-3.scen	108	462	38	1647	0	1.24	24.45	OK	47779	33	2574484	760812
random24-3.scen	109	462	38	1677	0	1.34	24.73	OK	52644	40	2585275	763714
random24-3.scen	110	462	38	1700	0	1.51	24.93	OK	69627	57	2605395	769342
random24-3.scen	111	462	38	1719	0	1.33	24.89	OK	52350	51	2628607	775911
random24-3.scen	112	462	38	1735	0	1.64	25.51	OK	73149	55	2656268	783701
random24-3.scen	113	462	38	1752	0	1.44	25.48	OK	57033	67	2679580	790313
random24-3.scen	114	462	38	1761	0	1.49	25.68	OK	57553	46	2708628	798431
random24-3.scen	115	462	38	1772	0	1.43	25.85	OK	59753	52	2732881	805223
random24-3.scen	116	462	38	1777	0	1.5	26.26	OK	55556	37	2766745	814770
random24-3.scen	117	462	38	1787	0	1.71	26.72	OK	70038	47	2798974	823874
random24-3.scen	118	462	38	1794	0	1.59	26.86	OK	60863	54	2830543	832870
random24-3.scen	119	462	38	1827	0	1.73	27.08	OK	67114	95	2836770	834453
random24-3.scen	120	462	38	1843	0	2.04	27.63	OK	82038	96	2866080	842690
random24-3.scen	121	462	38	1864	0	1.83	27.62	OK	73826	137	2880995	846898
random24-3.scen	122	462	38	1868	0	1.78	27.69	OK	75186	71	2902621	853144
random24-3.scen	123	462	38	1886	0	1.51	27.68	OK	54592	64	2927681	860134
random24-3.scen	124	462	38	1908	0	1.6	27.94	OK	57332	67	2947687	865747
random24-3.scen	125	462	38	1929	0	1.5	28.11	OK	51100	59	2970943	872244
random24-3.scen	126	462	38	1947	0	1.47	28.3	OK	48147	68	2996447	879424
random24-3.scen	127	462	38	1965	0	2.04	29.06	OK	77321	60	3023296	886971
random24-3.scen	128	462	38	1971	0	1.75	29.15	OK	55874	33	3054209	895628
random24-3.scen	129	462	38	1981	0	3.29	31.08	OK	128767	198	3086524	904791
random24-3.scen	130	462	38	1993	0	2.03	29.92	OK	67646	92	3114322	912655
random24-3.scen	131	462	38	2001	0	3.47	31.43	OK	134402	163	3141868	920511
random24-3.scen	132	462	38	2031	0	2.72	30.8	OK	115572	191	3149394	922574
random24-3.scen	133	462	38	2038	0	2.22	30.78	OK	82159	90	3176721	930190
random24-3.scen	134	462	38	2055	0	2.15	30.74	OK	73967	62	3197079	935454
random24-3.scen	135	462	38	2063	0	3.48	32.38	OK	139412	166	3230820	944947
random24-3.scen	136	462	38	2085	0	2.36	31.5	OK	88159	142	3253968	951381
random24-3.scen	137	462	38	2102	0	2.73	31.99	OK	108996	148	3271079	956230
random24-3.scen	138	462	38	2117	0	1.95	31.48	OK	64510	71	3296556	963452
random24-3.scen	139	462	38	2126	0	3.39	33.23	OK	131643	294	3322917	970792
random24-3.scen	140	462	38	2144	0	2.34	32.46	OK	80880	120	3347016	977601
random24-3.scen	141	462	38	2161	0	3.52	33.7	OK	136435	186	3372021	984612
random24-3.scen	142	462	38	2172	0	1.97	32.29	OK	61461	116	3395473	991256
random24-3.scen	143	462	38	2181	0	3.85	34.7	OK	155366	190	3432751	1001780
random24-3.scen	144	462	38	2203	0	3.14	34.19	OK	112188	162	3449682	1006473
random24-3.scen	145	462	38	2218	0	3.18	34.35	OK	119851	104	3469123	1011899
random24-3.scen	146	462	38	2228	0	2.55	34.15	OK	82759	118	3504007	1021763
random24-3.scen	147	462	38	2246	0	3.4	35.04	OK	116784	182	3526092	1027969
random24-3.scen	148	462	38	2263	0	4.47	36.33	OK	180102	200	3552319	1035345
random24-3.scen	149	462	38	2292	0	2.96	34.95	OK	92827	128	3566066	1039068
random24-3.scen	150	462	38	2314	0	5.01	37.27	OK	198567	218	3588596	1045331
random24-3.scen	151	462	38	2338	0	3.38	35.89	OK	123379	170	3606584	1050251
random24-3.scen	152	462	38	2361	0	3.94	36.61	OK	152029	282	3624005	1055133
random24-3.scen	153	462	38	2391	0	6.83	39.55	OK	284633	380	3635145	1058078
random24-3.scen	154	462	38	2402	0	3.93	37.05	OK	134959	227	3668599	1067554
random24-3.scen	155	462	38	2421	0	6.11	39.42	OK	224521	271	3694260	1074740
random24-3.scen	156	462	38	2432	0	5.83	39.5	OK	240405	317	3724821	1083287
random24-3.scen	157	462	38	2455	0	6.51	40.41	OK	254223	396	3746240	1089247
random24-3.scen	158	462	38	2479	0	6.3	40.28	OK	245215	360	3764592	1094284
random24-3.scen	159	462	38	2490	0	4.34	38.6	OK	137723	227	3791361	1101869
random24-3.scen	160	462	38	2491	0	7.87	42.47	OK	327298	335	3817130	1109210
random24-3.scen	161	462	38	2512	0	11	45.65	OK	493188	440	3837243	1114789
random24-3.scen	162	462	38	2533	0	6.52	41.49	OK	250977	399	3858304	1120628
random24-3.scen	163	462	38	2557	0	5.5	40.45	OK	205080	380	3872682	1124596
random24-3.scen	164	462	38	2566	0	13.36	48.73	OK	547432	691	3905260	1133749
random24-3.scen	165	462	38	2595	0	6.38	41.85	OK	212421	354	3916056	1136715
random24-3.scen	166	462	38	2626	0	9.32	44.96	OK	390258	477	3926678	1139520
random24-3.scen	167	462	38	2641	0	7.68	43.41	OK	282876	412	3946610	1145186
random24-3.scen	168	462	38	2651	0	9.69	45.59	OK	370287	587	3976463	1153619
random24-3.scen	169	462	38	2659	0	9.43	45.85	OK	339609	483	4013661	1164063
random24-3.scen	170	462	38	2674	0	8.7	45.35	OK	331072	576	4036306	1170452
random24-3.scen	171	462	38	2695	0	11.03	47.81	OK	441432	551	4054540	1175468
random24-3.scen	172	462	38	2707	0	9.19	46.25	OK	356128	582	4083952	1183835
random24-3.scen	173	462	38	2729	0	12.09	49.28	OK	488849	713	4104197	1189433
random24-3.scen	174	462	38	2735	0	13.2	50.61	OK	552182	737	4128837	1196441
random24-3.scen	175	462	38	2751	0	11.56	49.38	OK	449461	632	4154998	1203778
random24-3.scen	176	462	38	2780	0	13.1	50.99	OK	536585	717	4167574	1207217
random24-3.scen	177	462	38	2792	0	13.82	52.49	OK	546901	597	4200607	1216488
random24-3.scen	178	462	38	2806	0	9.07	48.06	OK	310375	703	4232603	1225497
random24-3.scen	179	462	38	2827	0	13.87	53.19	OK	485334	645	4245545	1229099
random24-3.scen	180	462	38	2844	0	10.45	49.86	OK	446064	634	4272940	1236747
random24-3.scen	181	462	38	2871	0	10.99	51.08	OK	439225	927	4286821	1240489
random24-3.scen	182	462	38	2890	0	13.48	53.63	OK	552354	1069	4313453	1247964
random24-3.scen	183	462	38	2900	0	14.92	56.29	OK	555499	779	4335339	1254052
random24-3.scen	184	462	38	2911	0	11.53	52.28	OK	443149	715	4362278	1261619
random24-3.scen	185	462	38	2927	0	14.4	55.33	OK	592673	679	4383441	1267545
random24-3.scen	186	462	38	2952	0	18.23	59.36	OK	710282	890	4402245	1272735
random24-3.scen	187	462	38	2971	0	15.52	57.01	OK	467405	889	4427264	1279689
random24-3.scen	188	462	38	2992	0	15.2	56.74	OK	569650	605	4452073	1286604
random24-3.scen	189	462	38	3004	0	16.08	57.99	OK	634575	919	4470789	1291748
random24-3.scen	190	462	38	3031	0	13.88	55.98	OK	482654	904	4485279	1295676
random24-3.scen	191	462	38	3045	0	21.67	64.99	OK	690703	1088	4512934	1303411
random24-3.scen	192	462	38	3069	0	17.76	61.23	OK	608971	835	4529826	1308054
random24-3.scen	193	462	38	3092	0	19.36	63.05	OK	617570	973	4542677	1311584
random24-3.scen	194	462	38	3108	0	16.29	60.27	OK	596291	1045	4569790	1319125
random24-3.scen	195	462	38	3125	0	22.6	66.83	OK	746886	1181	4595731	1326445
random24-3.scen	196	462	38	3138	0	28.11	72.4	OK	942790	1652	4619665	1333240
random24-3.scen	197	462	38	3138	0	20.69	65.19	OK	664769	1164	4638612	1338663
random24-3.scen	198	462	38	3155	0	16.91	61.65	OK	581037	1081	4663798	1345742
random24-3.scen	199	462	38	3166	0	18.44	63.62	OK	651861	976	4693666	1354138
random24-3.scen	200	462	38	3192	0	16.77	62.04	OK	588914	919	4712136	1359200
random24-3.scen	201	462	38	3213	0	18.62	64.16	OK	720729	1008	4731821	1364692
random24-3.scen	202	462	38	3226	0	18.67	64.34	OK	610370	1062	4757100	1371774
random24-3.scen	203	462	38	3233	0	17	63.32	OK	520693	1002	4791497	1381525
random24-3.scen	204	462	38	3244	0	52.21	98.59	OK	1667089	3599	4811585	1387061
random24-3.scen	205	462	38	3256	0	21.06	67.72	OK	767157	1090	4844872	1396423
