random32-4.scen	1	819	31	31	0	0	0.05	OK	19	0	366	81
random32-4.scen	2	819	31	58	0	0	0.07	OK	34	0	684	144
random32-4.scen	3	819	31	70	0	0	0.08	OK	45	0	797	164
random32-4.scen	4	819	31	93	0	0	0.11	OK	34	0	1328	71
random32-4.scen	5	819	40	133	0	0	0.18	OK	56	0	2646	137
random32-4.scen	6	819	40	170	0	0	0.2	OK	69	0	2971	176
random32-4.scen	7	819	40	177	0	0	0.2	OK	73	0	3009	180
random32-4.scen	8	819	40	208	0	0	0.23	OK	86	0	3454	220
random32-4.scen	9	819	40	214	0	0	0.24	OK	85	0	3459	220
random32-4.scen	10	819	40	228	0	0	0.25	OK	96	0	3550	230
random32-4.scen	11	819	40	237	0	0	0.26	OK	92	0	3557	211
random32-4.scen	12	819	40	260	0	0	0.28	OK	100	0	3626	214
random32-4.scen	13	819	40	277	0	0	0.29	OK	104	0	3685	218
random32-4.scen	14	819	40	315	0	0	0.35	OK	121	0	4817	268
random32-4.scen	15	819	40	346	0	0	0.38	OK	135	0	5072	286
random32-4.scen	16	819	40	357	0	0	0.41	OK	139	0	5158	295
random32-4.scen	17	819	40	396	0	0	0.41	NO SOLUTION	0	1	3673	0
random32-4.scen	17	819	40	396	1	0	0.51	NO SOLUTION	12	3	16632	1176
random32-4.scen	17	819	40	396	2	0.01	0.88	OK	539	22	33876	4055
random32-4.scen	18	819	40	431	0	0	0.45	NO SOLUTION	0	1	3955	0
random32-4.scen	18	819	40	431	1	0	0.56	NO SOLUTION	13	3	17856	1276
random32-4.scen	18	819	40	431	2	0.01	0.96	OK	626	26	35539	4445
random32-4.scen	19	819	40	460	0	0	0.48	NO SOLUTION	0	1	4251	0
random32-4.scen	19	819	40	460	1	0	0.59	NO SOLUTION	13	3	19158	1375
random32-4.scen	19	819	40	460	2	0.01	1.04	OK	696	24	37133	4780
random32-4.scen	20	819	40	493	0	0	0.53	NO SOLUTION	0	1	4662	0
random32-4.scen	20	819	40	493	1	0	0.65	NO SOLUTION	13	2	21265	1506
random32-4.scen	20	819	40	493	2	0.01	1.11	OK	857	30	39504	5258
random32-4.scen	21	819	43	536	0	0	0.63	NO SOLUTION	0	1	5023	0
random32-4.scen	21	819	43	536	1	0	0.75	NO SOLUTION	14	2	22732	1642
random32-4.scen	21	819	43	536	2	0.01	1.31	OK	842	25	41526	5703
random32-4.scen	22	819	43	554	0	0	0.66	NO SOLUTION	0	1	5172	0
random32-4.scen	22	819	43	554	1	0	0.79	NO SOLUTION	17	2	23417	1700
random32-4.scen	22	819	43	554	2	0.02	1.36	OK	962	26	42414	5910
random32-4.scen	23	819	43	564	0	0	0.68	NO SOLUTION	0	1	5182	0
random32-4.scen	23	819	43	564	1	0	0.81	NO SOLUTION	17	2	23479	1681
random32-4.scen	23	819	43	564	2	0.02	1.4	OK	920	26	42601	5859
random32-4.scen	24	819	43	594	0	0	0.71	NO SOLUTION	0	1	5448	0
random32-4.scen	24	819	43	594	1	0	0.86	NO SOLUTION	5	3	24630	1777
random32-4.scen	24	819	43	594	2	0.02	1.48	NO SOLUTION	329	42	44049	6270
random32-4.scen	24	819	43	594	3	0.03	1.66	OK	806	40	64003	11240
random32-4.scen	25	819	47	641	0	0	0.9	NO SOLUTION	0	1	5789	0
random32-4.scen	25	819	47	641	1	0	1.04	NO SOLUTION	6	3	26112	1883
random32-4.scen	25	819	47	641	2	0.02	1.82	NO SOLUTION	345	41	46197	6689
random32-4.scen	25	819	47	641	3	0.08	2.08	NO SOLUTION	670	125	68002	12017
random32-4.scen	25	819	47	641	4	0.12	2.85	OK	1050	109	97072	19956
random32-4.scen	26	819	47	658	0	0	0.92	NO SOLUTION	0	1	5867	0
random32-4.scen	26	819	47	658	1	0	1.07	NO SOLUTION	2	2	26380	1909
random32-4.scen	26	819	47	658	2	0.02	1.85	NO SOLUTION	361	41	46809	6814
random32-4.scen	26	819	47	658	3	0.07	2.11	NO SOLUTION	428	96	69115	12258
random32-4.scen	26	819	47	658	4	0.1	2.91	OK	1052	127	98837	20379
random32-4.scen	27	819	47	664	0	0	0.95	NO SOLUTION	0	1	5904	0
random32-4.scen	27	819	47	664	1	0	1.11	NO SOLUTION	2	2	26490	1928
random32-4.scen	27	819	47	664	2	0.02	1.89	NO SOLUTION	213	39	47035	6869
random32-4.scen	27	819	47	664	3	0.07	2.16	NO SOLUTION	374	91	69534	12360
random32-4.scen	27	819	47	664	4	0.1	2.98	OK	1094	124	99504	20560
random32-4.scen	28	819	47	687	0	0	0.98	NO SOLUTION	0	1	6037	0
random32-4.scen	28	819	47	687	1	0	1.16	NO SOLUTION	3	2	26897	1985
random32-4.scen	28	819	47	687	2	0.02	1.98	NO SOLUTION	218	43	47944	7080
random32-4.scen	28	819	47	687	3	0.09	2.25	NO SOLUTION	564	100	71141	12756
random32-4.scen	28	819	47	687	4	0.1	3.06	OK	1496	117	102171	21264
random32-4.scen	29	819	47	708	0	0	1.03	NO SOLUTION	0	1	6294	0
random32-4.scen	29	819	47	708	1	0	1.22	NO SOLUTION	3	2	28107	2069
random32-4.scen	29	819	47	708	2	0.02	2.07	NO SOLUTION	342	39	49235	7377
random32-4.scen	29	819	47	708	3	0.07	2.31	NO SOLUTION	498	96	73203	13267
random32-4.scen	29	819	47	708	4	0.13	3.2	OK	1274	135	105169	22081
random32-4.scen	30	819	47	739	0	0	1.06	NO SOLUTION	0	1	6450	0
random32-4.scen	30	819	47	739	1	0	1.25	NO SOLUTION	0	1	28658	2304
random32-4.scen	30	819	47	739	2	0	2.1	NO SOLUTION	0	1	50090	8030
random32-4.scen	30	819	47	739	3	0	2.32	NO SOLUTION	0	1	74797	14472
random32-4.scen	30	819	47	739	4	0.01	3.2	NO SOLUTION	59	3	107708	21174
random32-4.scen	30	819	47	739	5	0.04	3.53	NO SOLUTION	158	25	142831	30801
random32-4.scen	30	819	47	739	6	0.14	4.63	NO SOLUTION	528	52	185415	43292
random32-4.scen	30	819	47	739	7	0.34	5.2	NO SOLUTION	416	119	229694	56620
random32-4.scen	30	819	47	739	8	0.24	6.11	OK	2016	160	280370	73280
random32-4.scen	31	819	47	762	0	0	1.14	NO SOLUTION	0	1	6675	0
random32-4.scen	31	819	47	762	1	0	1.31	NO SOLUTION	0	1	29626	2404
random32-4.scen	31	819	47	762	2	0	2.19	NO SOLUTION	0	1	51355	8333
random32-4.scen	31	819	47	762	3	0	2.38	NO SOLUTION	0	1	76946	15024
random32-4.scen	31	819	47	762	4	0.01	3.33	NO SOLUTION	62	3	110941	22076
random32-4.scen	31	819	47	762	5	0.03	3.65	NO SOLUTION	162	31	147260	32123
random32-4.scen	31	819	47	762	6	0.1	4.76	NO SOLUTION	217	49	191191	45163
random32-4.scen	31	819	47	762	7	0.33	5.34	NO SOLUTION	339	81	236928	59002
random32-4.scen	31	819	47	762	8	0.44	6.51	OK	2604	309	289123	76335
random32-4.scen	32	819	47	789	0	0	1.17	NO SOLUTION	0	1	6840	0
random32-4.scen	32	819	47	789	1	0	1.35	NO SOLUTION	0	1	30011	2486
random32-4.scen	32	819	47	789	2	0	2.23	NO SOLUTION	0	1	52432	8614
random32-4.scen	32	819	47	789	3	0	2.47	NO SOLUTION	0	1	78891	15597
random32-4.scen	32	819	47	789	4	0.01	3.39	NO SOLUTION	63	3	113938	23000
random32-4.scen	32	819	47	789	5	0.03	3.72	NO SOLUTION	159	38	151323	33463
random32-4.scen	32	819	47	789	6	0.13	4.89	NO SOLUTION	236	67	196469	47027
random32-4.scen	32	819	47	789	7	0.38	5.5	NO SOLUTION	321	84	243379	61302
random32-4.scen	32	819	47	789	8	0.34	6.69	OK	2005	192	296964	79154
random32-4.scen	33	819	47	805	0	0	1.22	NO SOLUTION	0	1	7002	0
random32-4.scen	33	819	47	805	1	0	1.39	NO SOLUTION	0	1	30391	2561
random32-4.scen	33	819	47	805	2	0	2.32	NO SOLUTION	0	1	53629	8922
random32-4.scen	33	819	47	805	3	0	2.61	NO SOLUTION	0	1	80336	15936
random32-4.scen	33	819	47	805	4	0.01	3.5	NO SOLUTION	66	3	116137	23481
random32-4.scen	33	819	47	805	5	0.03	3.94	NO SOLUTION	163	38	154316	34121
random32-4.scen	33	819	47	805	6	0.1	4.97	NO SOLUTION	192	60	200443	47940
random32-4.scen	33	819	47	805	7	0.4	5.7	NO SOLUTION	377	120	248371	62478
random32-4.scen	33	819	47	805	8	0.39	6.87	OK	2201	170	303087	80698
random32-4.scen	34	819	47	823	0	0	1.25	NO SOLUTION	0	1	7109	0
random32-4.scen	34	819	47	823	1	0	1.43	NO SOLUTION	0	1	30611	2610
random32-4.scen	34	819	47	823	2	0	2.37	NO SOLUTION	0	1	54357	9125
random32-4.scen	34	819	47	823	3	0	2.63	NO SOLUTION	0	1	81479	16252
random32-4.scen	34	819	47	823	4	0.02	3.6	NO SOLUTION	69	3	118065	23988
random32-4.scen	34	819	47	823	5	0.03	4.03	NO SOLUTION	169	38	157116	34904
random32-4.scen	34	819	47	823	6	0.13	5.09	NO SOLUTION	200	52	204322	49157
random32-4.scen	34	819	47	823	7	0.45	5.92	NO SOLUTION	472	113	253308	64180
random32-4.scen	34	819	47	823	8	0.34	7.04	OK	2071	224	309151	83012
random32-4.scen	35	819	47	843	0	0	1.29	NO SOLUTION	0	1	7304	0
random32-4.scen	35	819	47	843	1	0	1.48	NO SOLUTION	0	1	30997	2740
random32-4.scen	35	819	47	843	2	0	2.45	NO SOLUTION	0	1	55418	9517
random32-4.scen	35	819	47	843	3	0	2.7	NO SOLUTION	0	1	83117	16942
random32-4.scen	35	819	47	843	4	0.02	3.68	NO SOLUTION	73	3	120432	24774
random32-4.scen	35	819	47	843	5	0.05	4.14	NO SOLUTION	165	23	160271	35984
random32-4.scen	35	819	47	843	6	0.16	5.31	NO SOLUTION	594	51	208425	50520
random32-4.scen	35	819	47	843	7	0.37	5.93	NO SOLUTION	483	118	258440	65783
random32-4.scen	35	819	47	843	8	0.49	7.42	OK	2433	292	315467	85009
random32-4.scen	36	819	47	874	0	0	1.33	NO SOLUTION	0	1	7550	0
random32-4.scen	36	819	47	874	1	0	1.53	NO SOLUTION	0	1	31538	2857
random32-4.scen	36	819	47	874	2	0	2.51	NO SOLUTION	0	1	56917	9900
random32-4.scen	36	819	47	874	3	0	2.76	NO SOLUTION	0	1	85685	17657
random32-4.scen	36	819	47	874	4	0.02	3.92	NO SOLUTION	75	3	124558	26012
random32-4.scen	36	819	47	874	5	0.04	4.31	NO SOLUTION	161	27	165862	37946
random32-4.scen	36	819	47	874	6	0.18	5.49	NO SOLUTION	694	48	215697	53319
random32-4.scen	36	819	47	874	7	0.49	6.26	NO SOLUTION	794	161	267269	69357
random32-4.scen	36	819	47	874	8	0.27	7.4	OK	1667	146	326049	89282
random32-4.scen	37	819	47	897	0	0	1.38	NO SOLUTION	0	1	7814	0
random32-4.scen	37	819	47	897	1	0	1.58	NO SOLUTION	0	1	32151	2980
random32-4.scen	37	819	47	897	2	0	2.58	NO SOLUTION	0	1	58402	10282
random32-4.scen	37	819	47	897	3	0	2.87	NO SOLUTION	0	1	88075	18354
random32-4.scen	37	819	47	897	4	0.02	4.04	NO SOLUTION	79	3	128069	27143
random32-4.scen	37	819	47	897	5	0.04	4.44	NO SOLUTION	177	38	170498	39520
random32-4.scen	37	819	47	897	6	0.12	5.61	NO SOLUTION	240	49	221659	55326
random32-4.scen	37	819	47	897	7	0.54	6.51	NO SOLUTION	481	152	274524	71830
random32-4.scen	37	819	47	897	8	0.46	7.83	OK	2289	241	334805	92170
random32-4.scen	38	819	47	926	0	0	1.41	NO SOLUTION	0	1	7932	0
random32-4.scen	38	819	47	926	1	0	1.62	NO SOLUTION	0	1	32416	3027
random32-4.scen	38	819	47	926	2	0	2.65	NO SOLUTION	0	1	59298	10530
random32-4.scen	38	819	47	926	3	0	2.97	NO SOLUTION	0	1	89715	18796
random32-4.scen	38	819	47	926	4	0.02	4.17	NO SOLUTION	81	3	130915	27979
random32-4.scen	38	819	47	926	5	0.04	4.56	NO SOLUTION	181	43	174660	40818
random32-4.scen	38	819	47	926	6	0.12	5.82	NO SOLUTION	220	59	227515	57362
random32-4.scen	38	819	47	926	7	0.49	6.67	NO SOLUTION	523	160	282139	74569
random32-4.scen	38	819	47	926	8	0.66	8.32	OK	3760	330	344418	95656
random32-4.scen	39	819	47	951	0	0	1.46	NO SOLUTION	0	1	8181	0
random32-4.scen	39	819	47	951	1	0	1.67	NO SOLUTION	0	1	33000	3153
random32-4.scen	39	819	47	951	2	0	3.02	NO SOLUTION	0	1	60660	10855
random32-4.scen	39	819	47	951	3	0	3.06	NO SOLUTION	0	1	91969	19367
random32-4.scen	39	819	47	951	4	0.02	4.3	NO SOLUTION	83	3	134300	28875
random32-4.scen	39	819	47	951	5	0.04	4.74	NO SOLUTION	194	34	179184	42156
random32-4.scen	39	819	47	951	6	0.14	5.99	NO SOLUTION	496	59	233294	59240
random32-4.scen	39	819	47	951	7	0.6	7.02	NO SOLUTION	549	165	289152	76990
random32-4.scen	39	819	47	951	8	0.95	8.74	OK	3061	365	352814	98644
random32-4.scen	40	819	51	1002	0	0	1.77	NO SOLUTION	0	1	8993	0
random32-4.scen	40	819	51	1002	1	0	2.05	NO SOLUTION	0	1	34962	3502
random32-4.scen	40	819	51	1002	2	0	3.32	NO SOLUTION	0	1	65175	11840
random32-4.scen	40	819	51	1002	3	0	3.64	NO SOLUTION	0	1	99436	21244
random32-4.scen	40	819	51	1002	4	0.02	5.05	NO SOLUTION	86	3	145529	31738
random32-4.scen	40	819	51	1002	5	0.04	5.51	NO SOLUTION	191	38	194387	46331
random32-4.scen	40	819	51	1002	6	0.23	7.19	NO SOLUTION	731	67	253119	64813
random32-4.scen	40	819	51	1002	7	0.5	8.02	NO SOLUTION	428	130	313648	84057
random32-4.scen	40	819	51	1002	8	0.52	9.51	OK	2572	197	382506	107166
random32-4.scen	41	819	51	1008	0	0	1.81	NO SOLUTION	0	1	8999	0
random32-4.scen	41	819	51	1008	1	0	2.08	NO SOLUTION	0	1	35000	3503
random32-4.scen	41	819	51	1008	2	0	3.38	NO SOLUTION	0	1	65322	11885
random32-4.scen	41	819	51	1008	3	0	3.71	NO SOLUTION	0	1	99714	21325
random32-4.scen	41	819	51	1008	4	0.02	5.16	NO SOLUTION	88	3	146029	31837
random32-4.scen	41	819	51	1008	5	0.05	5.61	NO SOLUTION	197	40	195095	46494
random32-4.scen	41	819	51	1008	6	0.23	7.26	NO SOLUTION	744	66	254074	65083
random32-4.scen	41	819	51	1008	7	0.58	8.2	NO SOLUTION	483	158	314840	84399
random32-4.scen	41	819	51	1008	8	0.37	9.47	OK	2357	203	383978	107602
random32-4.scen	42	819	51	1052	0	0	1.9	NO SOLUTION	0	1	9693	0
random32-4.scen	42	819	51	1052	1	0	2.24	NO SOLUTION	0	1	36710	3773
random32-4.scen	42	819	51	1052	2	0	3.56	NO SOLUTION	0	1	69196	12721
random32-4.scen	42	819	51	1052	3	0	3.91	NO SOLUTION	0	1	106183	22869
random32-4.scen	42	819	51	1052	4	0.01	5.38	NO SOLUTION	85	3	155585	32845
random32-4.scen	42	819	51	1052	5	0.03	5.85	NO SOLUTION	174	19	207865	48301
random32-4.scen	42	819	51	1052	6	0.11	7.51	NO SOLUTION	665	36	270076	68039
random32-4.scen	42	819	51	1052	7	0.12	8.12	NO SOLUTION	298	36	334001	88558
random32-4.scen	42	819	51	1052	8	0.49	10.15	NO SOLUTION	1404	215	391501	113300
random32-4.scen	42	819	51	1052	9	0.97	11.21	NO SOLUTION	2034	379	465096	138316
random32-4.scen	42	819	51	1052	10	1.71	12.77	OK	4335	469	545873	166890
random32-4.scen	43	819	51	1081	0	0	1.94	NO SOLUTION	0	1	9835	0
random32-4.scen	43	819	51	1081	1	0	2.29	NO SOLUTION	0	1	37051	3835
random32-4.scen	43	819	51	1081	2	0	3.62	NO SOLUTION	0	1	70090	12973
random32-4.scen	43	819	51	1081	3	0	4	NO SOLUTION	0	1	107787	23288
random32-4.scen	43	819	51	1081	4	0.01	5.51	NO SOLUTION	84	3	158252	33586
random32-4.scen	43	819	51	1081	5	0.03	6.03	NO SOLUTION	175	19	211723	49480
random32-4.scen	43	819	51	1081	6	0.11	7.46	NO SOLUTION	670	36	275259	69971
random32-4.scen	43	819	51	1081	7	0.12	8.06	NO SOLUTION	257	31	340383	91141
random32-4.scen	43	819	51	1081	8	0.45	10.17	NO SOLUTION	1154	240	399231	116633
random32-4.scen	43	819	51	1081	9	0.97	11.52	NO SOLUTION	1702	261	474205	142124
random32-4.scen	43	819	51	1081	10	1.64	13.04	OK	3025	371	556603	171220
random32-4.scen	44	819	51	1102	0	0	1.98	NO SOLUTION	0	1	9878	0
random32-4.scen	44	819	51	1102	1	0	2.33	NO SOLUTION	0	1	37185	3849
random32-4.scen	44	819	51	1102	2	0	3.71	NO SOLUTION	0	1	70564	13140
random32-4.scen	44	819	51	1102	3	0	4.2	NO SOLUTION	0	1	108605	23554
random32-4.scen	44	819	51	1102	4	0.01	5.59	NO SOLUTION	85	3	159640	34047
random32-4.scen	44	819	51	1102	5	0.03	6.12	NO SOLUTION	188	20	213726	50146
random32-4.scen	44	819	51	1102	6	0.11	7.58	NO SOLUTION	675	36	278072	70915
random32-4.scen	44	819	51	1102	7	0.13	8.25	NO SOLUTION	321	37	344022	92373
random32-4.scen	44	819	51	1102	8	0.45	10.36	NO SOLUTION	1371	191	403845	118219
random32-4.scen	44	819	51	1102	9	1.25	11.94	NO SOLUTION	2772	399	479818	144083
random32-4.scen	44	819	51	1102	10	1.26	12.79	OK	3884	388	563274	173579
random32-4.scen	45	819	51	1121	0	0	2.03	NO SOLUTION	0	1	9910	0
random32-4.scen	45	819	51	1121	1	0	2.38	NO SOLUTION	0	1	37320	3856
random32-4.scen	45	819	51	1121	2	0	3.76	NO SOLUTION	0	1	70974	13278
random32-4.scen	45	819	51	1121	3	0	4.26	NO SOLUTION	0	1	109352	23797
random32-4.scen	45	819	51	1121	4	0.01	5.7	NO SOLUTION	87	3	160919	33984
random32-4.scen	45	819	51	1121	5	0.03	6.23	NO SOLUTION	179	19	215591	50122
random32-4.scen	45	819	51	1121	6	0.11	7.67	NO SOLUTION	685	35	280796	71079
random32-4.scen	45	819	51	1121	7	0.12	8.4	NO SOLUTION	312	36	347688	92758
random32-4.scen	45	819	51	1121	8	0.46	10.55	NO SOLUTION	1453	185	408730	118937
random32-4.scen	45	819	51	1121	9	1.77	12.65	NO SOLUTION	3479	524	485879	145206
random32-4.scen	45	819	51	1121	10	1.67	13.92	OK	4385	352	570657	175135
random32-4.scen	46	819	51	1159	0	0	2.28	NO SOLUTION	0	1	10369	0
random32-4.scen	46	819	51	1159	1	0	2.56	NO SOLUTION	0	1	38415	4056
random32-4.scen	46	819	51	1159	2	0	4	NO SOLUTION	0	1	73404	13853
random32-4.scen	46	819	51	1159	3	0	4.39	NO SOLUTION	0	1	113346	24832
random32-4.scen	46	819	51	1159	4	0	5.87	NO SOLUTION	0	1	167008	41730
random32-4.scen	46	819	51	1159	5	0.02	6.46	NO SOLUTION	121	7	224105	50706
random32-4.scen	46	819	51	1159	6	0.09	7.99	NO SOLUTION	650	25	291945	72351
random32-4.scen	46	819	51	1159	7	0.07	8.84	NO SOLUTION	269	25	346557	94642
random32-4.scen	46	819	51	1159	8	0.22	10.69	NO SOLUTION	1137	100	424701	121099
random32-4.scen	46	819	51	1159	9	0.24	11.54	NO SOLUTION	612	87	504354	147874
random32-4.scen	46	819	51	1159	10	0.4	12.71	NO SOLUTION	859	153	591923	178333
random32-4.scen	46	819	51	1159	11	0.86	13.91	NO SOLUTION	2623	205	681021	208149
