random16-1.scen	1	212	9	9	0	0	0.01	OK	5	0	46	5
random16-1.scen	2	212	20	29	0	0	0.02	OK	11	0	151	13
random16-1.scen	3	212	20	39	0	0	0.02	OK	20	0	228	21
random16-1.scen	4	212	20	50	0	0	0.02	OK	22	0	256	21
random16-1.scen	5	212	20	62	0	0	0.03	OK	28	0	358	31
random16-1.scen	6	212	24	86	0	0	0.05	OK	52	0	887	69
random16-1.scen	7	212	24	106	0	0	0.05	OK	54	0	1102	79
random16-1.scen	8	212	24	114	0	0	0.07	OK	52	0	1138	81
random16-1.scen	9	212	24	127	0	0	0.07	OK	51	0	1250	85
random16-1.scen	10	212	24	139	0	0	0.07	OK	49	0	1286	84
random16-1.scen	11	212	24	151	0	0	0.08	OK	50	0	1297	74
random16-1.scen	12	212	24	165	0	0	0.08	OK	51	0	1398	83
random16-1.scen	13	212	24	167	0	0	0.09	OK	48	0	1407	77
random16-1.scen	14	212	24	178	0	0	0.09	NO SOLUTION	0	1	1123	0
random16-1.scen	14	212	24	178	1	0	0.11	OK	54	2	4459	372
random16-1.scen	15	212	24	187	0	0	0.1	NO SOLUTION	0	1	1208	0
random16-1.scen	15	212	24	187	1	0	0.12	OK	59	2	4789	400
random16-1.scen	16	212	24	200	0	0	0.1	NO SOLUTION	0	1	1320	0
random16-1.scen	16	212	24	200	1	0	0.13	NO SOLUTION	8	4	5220	406
random16-1.scen	16	212	24	200	2	0	0.23	NO SOLUTION	44	17	7996	1915
random16-1.scen	16	212	24	200	3	0.01	0.28	NO SOLUTION	253	77	13368	3231
random16-1.scen	16	212	24	200	4	0.01	0.39	OK	325	95	20874	5415
random16-1.scen	17	212	24	204	0	0	0.11	NO SOLUTION	0	1	1324	0
random16-1.scen	17	212	24	204	1	0	0.14	NO SOLUTION	8	4	5246	388
random16-1.scen	17	212	24	204	2	0	0.23	NO SOLUTION	43	17	8097	1897
random16-1.scen	17	212	24	204	3	0.01	0.28	NO SOLUTION	202	106	13560	3198
random16-1.scen	17	212	24	204	4	0.01	0.41	OK	417	80	21203	5390
random16-1.scen	18	212	24	223	0	0	0.12	NO SOLUTION	0	1	1648	0
random16-1.scen	18	212	24	223	1	0	0.15	NO SOLUTION	6	4	6501	450
random16-1.scen	18	212	24	223	2	0	0.26	NO SOLUTION	52	20	9446	2163
random16-1.scen	18	212	24	223	3	0.01	0.32	NO SOLUTION	266	101	15707	3616
random16-1.scen	18	212	24	223	4	0.02	0.46	OK	368	103	24284	6114
random16-1.scen	19	212	24	228	0	0	0.12	NO SOLUTION	0	1	1665	0
random16-1.scen	19	212	24	228	1	0	0.16	NO SOLUTION	0	1	6552	597
random16-1.scen	19	212	24	228	2	0	0.27	NO SOLUTION	0	1	9574	2577
random16-1.scen	19	212	24	228	3	0	0.32	NO SOLUTION	55	13	15926	3455
random16-1.scen	19	212	24	228	4	0.02	0.48	NO SOLUTION	641	104	24654	5870
random16-1.scen	19	212	24	228	5	0.04	0.57	NO SOLUTION	472	159	33926	8507
random16-1.scen	19	212	24	228	6	0.04	0.74	OK	377	98	45261	12287
random16-1.scen	20	212	24	240	0	0	0.13	NO SOLUTION	0	1	1755	0
random16-1.scen	20	212	24	240	1	0	0.17	NO SOLUTION	0	1	6949	639
random16-1.scen	20	212	24	240	2	0	0.29	NO SOLUTION	0	1	10125	2784
random16-1.scen	20	212	24	240	3	0	0.34	NO SOLUTION	51	13	16874	3793
random16-1.scen	20	212	24	240	4	0.01	0.5	NO SOLUTION	117	34	26064	6365
random16-1.scen	20	212	24	240	5	0.04	0.6	NO SOLUTION	405	137	35854	9228
random16-1.scen	20	212	24	240	6	0.11	0.83	NO SOLUTION	517	227	47826	13150
random16-1.scen	20	212	24	240	7	0.08	0.9	OK	598	155	60152	17229
random16-1.scen	21	212	24	244	0	0	0.14	NO SOLUTION	0	1	1759	0
random16-1.scen	21	212	24	244	1	0	0.17	NO SOLUTION	0	1	6975	640
random16-1.scen	21	212	24	244	2	0	0.3	NO SOLUTION	0	1	10210	2813
random16-1.scen	21	212	24	244	3	0	0.34	NO SOLUTION	53	13	17025	3841
random16-1.scen	21	212	24	244	4	0.01	0.52	NO SOLUTION	120	34	26319	6446
random16-1.scen	21	212	24	244	5	0.03	0.6	NO SOLUTION	244	103	36218	9336
random16-1.scen	21	212	24	244	6	0.11	0.87	NO SOLUTION	560	241	48331	13316
random16-1.scen	21	212	24	244	7	0.09	0.94	OK	647	145	60815	17441
random16-1.scen	22	212	24	250	0	0	0.14	NO SOLUTION	0	1	1765	0
random16-1.scen	22	212	24	250	1	0	0.18	NO SOLUTION	0	1	7013	641
random16-1.scen	22	212	24	250	2	0	0.31	NO SOLUTION	0	1	10330	2859
random16-1.scen	22	212	24	250	3	0	0.36	NO SOLUTION	53	13	17267	3914
random16-1.scen	22	212	24	250	4	0.01	0.53	NO SOLUTION	124	34	26751	6593
random16-1.scen	22	212	24	250	5	0.04	0.64	NO SOLUTION	263	112	36869	9557
random16-1.scen	22	212	24	250	6	0.13	0.9	NO SOLUTION	597	269	49274	13634
random16-1.scen	22	212	24	250	7	0.09	0.97	OK	706	186	62053	17876
random16-1.scen	23	212	24	262	0	0	0.15	NO SOLUTION	0	1	1846	0
random16-1.scen	23	212	24	262	1	0	0.19	NO SOLUTION	0	1	7303	672
random16-1.scen	23	212	24	262	2	0	0.32	NO SOLUTION	0	1	10752	2980
random16-1.scen	23	212	24	262	3	0	0.38	NO SOLUTION	56	12	17960	4102
random16-1.scen	23	212	24	262	4	0.01	0.55	NO SOLUTION	126	34	27801	6926
random16-1.scen	23	212	24	262	5	0.04	0.66	NO SOLUTION	286	96	38240	10054
random16-1.scen	23	212	24	262	6	0.12	0.93	NO SOLUTION	514	236	51081	14302
random16-1.scen	23	212	24	262	7	0.1	1.01	OK	701	180	64329	18686
random16-1.scen	24	212	24	286	0	0	0.17	NO SOLUTION	0	1	2233	0
random16-1.scen	24	212	24	286	1	0	0.22	NO SOLUTION	0	1	9172	797
random16-1.scen	24	212	24	286	2	0	0.35	NO SOLUTION	0	1	12672	3462
random16-1.scen	24	212	24	286	3	0	0.42	NO SOLUTION	53	10	20952	4843
random16-1.scen	24	212	24	286	4	0.01	0.62	NO SOLUTION	194	37	31940	8128
random16-1.scen	24	212	24	286	5	0.05	0.74	NO SOLUTION	288	90	43584	11668
random16-1.scen	24	212	24	286	6	0.17	1.06	NO SOLUTION	617	293	57731	16322
random16-1.scen	24	212	24	286	7	0.06	1.01	OK	850	116	72317	21091
random16-1.scen	25	212	24	302	0	0	0.18	NO SOLUTION	0	1	2313	0
random16-1.scen	25	212	24	302	1	0	0.23	NO SOLUTION	0	1	9380	830
random16-1.scen	25	212	24	302	2	0	0.37	NO SOLUTION	0	1	13176	3599
random16-1.scen	25	212	24	302	3	0	0.45	NO SOLUTION	55	10	21801	5024
random16-1.scen	25	212	24	302	4	0.01	0.65	NO SOLUTION	115	28	33275	8443
random16-1.scen	25	212	24	302	5	0.05	0.77	NO SOLUTION	291	90	45405	12133
random16-1.scen	25	212	24	302	6	0.15	1.1	NO SOLUTION	663	306	60112	17004
random16-1.scen	25	212	24	302	7	0.1	1.14	OK	742	165	75248	21939
random16-1.scen	26	212	24	320	0	0	0.19	NO SOLUTION	0	1	2524	0
random16-1.scen	26	212	24	320	1	0	0.25	NO SOLUTION	0	1	10387	899
random16-1.scen	26	212	24	320	2	0	0.4	NO SOLUTION	0	1	14281	3890
random16-1.scen	26	212	24	320	3	0	0.49	NO SOLUTION	58	12	23568	5472
random16-1.scen	26	212	24	320	4	0.02	0.69	NO SOLUTION	175	33	35838	9130
random16-1.scen	26	212	24	320	5	0.06	0.83	NO SOLUTION	266	106	48783	13106
random16-1.scen	26	212	24	320	6	0.19	1.2	NO SOLUTION	724	269	64355	18287
random16-1.scen	26	212	24	320	7	0.19	1.29	OK	1235	326	80379	23524
random16-1.scen	27	212	24	333	0	0	0.2	NO SOLUTION	0	1	2588	0
random16-1.scen	27	212	24	333	1	0	0.26	NO SOLUTION	0	1	10643	922
random16-1.scen	27	212	24	333	2	0	0.43	NO SOLUTION	0	1	14753	4013
random16-1.scen	27	212	24	333	3	0	0.5	NO SOLUTION	60	12	24394	5680
random16-1.scen	27	212	24	333	4	0.02	0.71	NO SOLUTION	167	34	37159	9512
random16-1.scen	27	212	24	333	5	0.08	0.88	NO SOLUTION	433	142	50550	13643
random16-1.scen	27	212	24	333	6	0.24	1.29	NO SOLUTION	667	355	66618	18984
random16-1.scen	27	212	24	333	7	0.57	1.71	NO SOLUTION	1302	596	83203	24378
random16-1.scen	27	212	24	333	8	0.07	1.47	OK	977	81	102333	30739
random16-1.scen	28	212	24	356	0	0	0.21	NO SOLUTION	0	1	2865	0
random16-1.scen	28	212	24	356	1	0	0.27	NO SOLUTION	0	1	7121	1433
random16-1.scen	28	212	24	356	2	0	0.46	NO SOLUTION	0	1	16328	4418
random16-1.scen	28	212	24	356	3	0.01	0.55	NO SOLUTION	60	10	26952	6193
random16-1.scen	28	212	24	356	4	0.02	0.76	NO SOLUTION	175	34	40950	10469
random16-1.scen	28	212	24	356	5	0.07	0.92	NO SOLUTION	358	104	55486	14956
random16-1.scen	28	212	24	356	6	0.25	1.35	NO SOLUTION	866	300	72766	20718
random16-1.scen	28	212	24	356	7	0.71	1.93	NO SOLUTION	1589	743	90622	26430
random16-1.scen	28	212	24	356	8	0.07	1.54	OK	749	122	111056	33109
random16-1.scen	29	212	24	365	0	0	0.23	NO SOLUTION	0	1	2900	0
random16-1.scen	29	212	24	365	1	0	0.28	NO SOLUTION	0	1	7216	1456
random16-1.scen	29	212	24	365	2	0	0.48	NO SOLUTION	0	1	16588	4507
random16-1.scen	29	212	24	365	3	0.01	0.56	NO SOLUTION	63	10	27410	6297
random16-1.scen	29	212	24	365	4	0.02	0.78	NO SOLUTION	181	34	41702	10648
random16-1.scen	29	212	24	365	5	0.09	0.98	NO SOLUTION	498	158	56541	15238
random16-1.scen	29	212	24	365	6	0.21	1.34	NO SOLUTION	635	262	74233	21127
random16-1.scen	29	212	24	365	7	0.65	1.9	NO SOLUTION	2014	816	92490	26965
random16-1.scen	29	212	24	365	8	0.34	1.86	OK	1173	337	113433	33800
random16-1.scen	30	212	24	375	0	0	0.23	NO SOLUTION	0	1	2972	0
random16-1.scen	30	212	24	375	1	0	0.29	NO SOLUTION	0	1	7381	1507
random16-1.scen	30	212	24	375	2	0	0.49	NO SOLUTION	0	1	17018	4640
random16-1.scen	30	212	24	375	3	0.01	0.58	NO SOLUTION	66	12	28068	6527
random16-1.scen	30	212	24	375	4	0.02	0.81	NO SOLUTION	183	34	42727	11011
random16-1.scen	30	212	24	375	5	0.13	1.04	NO SOLUTION	642	208	57929	15729
random16-1.scen	30	212	24	375	6	0.25	1.41	NO SOLUTION	776	331	76083	21764
random16-1.scen	30	212	24	375	7	0.67	1.97	NO SOLUTION	1608	628	94858	27719
random16-1.scen	30	212	24	375	8	0.07	1.66	OK	833	138	116443	34718
random16-1.scen	31	212	24	385	0	0	0.24	NO SOLUTION	0	1	3050	0
random16-1.scen	31	212	24	385	1	0	0.3	NO SOLUTION	0	1	7568	1549
random16-1.scen	31	212	24	385	2	0	0.5	NO SOLUTION	0	1	17440	4776
random16-1.scen	31	212	24	385	3	0	0.59	NO SOLUTION	63	12	28750	6747
random16-1.scen	31	212	24	385	4	0.02	0.84	NO SOLUTION	196	42	43714	11321
random16-1.scen	31	212	24	385	5	0.12	1.09	NO SOLUTION	625	190	59195	16144
random16-1.scen	31	212	24	385	6	0.29	1.46	NO SOLUTION	763	313	77654	22274
random16-1.scen	31	212	24	385	7	0.6	1.92	NO SOLUTION	1591	615	96710	28344
random16-1.scen	31	212	24	385	8	0.24	1.86	OK	1085	223	118635	35414
random16-1.scen	32	212	24	393	0	0	0.24	NO SOLUTION	0	1	3071	0
random16-1.scen	32	212	24	393	1	0	0.31	NO SOLUTION	0	1	7637	1560
random16-1.scen	32	212	24	393	2	0	0.52	NO SOLUTION	0	1	17614	4839
random16-1.scen	32	212	24	393	3	0.01	0.61	NO SOLUTION	63	12	29047	6835
random16-1.scen	32	212	24	393	4	0.02	0.86	NO SOLUTION	192	34	44221	11459
random16-1.scen	32	212	24	393	5	0.11	1.1	NO SOLUTION	524	163	59964	16343
random16-1.scen	32	212	24	393	6	0.27	1.48	NO SOLUTION	783	331	78790	22584
random16-1.scen	32	212	24	393	7	0.65	2.02	NO SOLUTION	1520	633	98236	28781
random16-1.scen	32	212	24	393	8	0.32	1.95	OK	1339	305	120589	35985
random16-1.scen	33	212	24	400	0	0	0.26	NO SOLUTION	0	1	3067	0
random16-1.scen	33	212	24	400	1	0	0.32	NO SOLUTION	0	1	7751	1586
random16-1.scen	33	212	24	400	2	0	0.53	NO SOLUTION	0	1	17888	4941
random16-1.scen	33	212	24	400	3	0	0.63	NO SOLUTION	68	7	29508	6883
random16-1.scen	33	212	24	400	4	0.01	0.87	NO SOLUTION	199	35	44938	11572
random16-1.scen	33	212	24	400	5	0.04	1.06	NO SOLUTION	286	75	60930	16568
random16-1.scen	33	212	24	400	6	0.13	1.37	NO SOLUTION	529	167	80075	22909
random16-1.scen	33	212	24	400	7	0.24	1.66	NO SOLUTION	777	284	99865	29219
random16-1.scen	33	212	24	400	8	0.76	2.45	NO SOLUTION	1407	696	122652	36527
random16-1.scen	33	212	24	400	9	1.53	3.39	NO SOLUTION	2144	1020	146198	43911
random16-1.scen	33	212	24	400	10	0.31	2.6	OK	1894	441	172459	52303
random16-1.scen	34	212	24	406	0	0	0.26	NO SOLUTION	0	1	3073	0
random16-1.scen	34	212	24	406	1	0	0.33	NO SOLUTION	0	1	7789	1587
random16-1.scen	34	212	24	406	2	0	0.55	NO SOLUTION	0	1	18018	4983
random16-1.scen	34	212	24	406	3	0	0.65	NO SOLUTION	68	7	29760	6904
random16-1.scen	34	212	24	406	4	0.01	0.9	NO SOLUTION	204	34	45424	11623
random16-1.scen	34	212	24	406	5	0.03	1.07	NO SOLUTION	270	62	61651	16693
random16-1.scen	34	212	24	406	6	0.09	1.37	NO SOLUTION	464	132	81090	23100
random16-1.scen	34	212	24	406	7	0.25	1.69	NO SOLUTION	830	222	101196	29463
random16-1.scen	34	212	24	406	8	0.55	2.28	NO SOLUTION	997	408	124377	36812
random16-1.scen	34	212	24	406	9	1.38	3.29	NO SOLUTION	1874	868	148325	44334
random16-1.scen	34	212	24	406	10	0.61	2.9	OK	1919	503	175050	52825
random16-1.scen	35	212	24	409	0	0	0.27	NO SOLUTION	0	1	3089	0
random16-1.scen	35	212	24	409	1	0	0.34	NO SOLUTION	0	1	12813	1121
random16-1.scen	35	212	24	409	2	0	0.56	NO SOLUTION	0	1	18150	5024
random16-1.scen	35	212	24	409	3	0.01	0.65	NO SOLUTION	73	7	29999	6946
random16-1.scen	35	212	24	409	4	0.01	0.92	NO SOLUTION	226	34	45820	11711
random16-1.scen	35	212	24	409	5	0.03	1.1	NO SOLUTION	273	62	62193	16831
random16-1.scen	35	212	24	409	6	0.12	1.43	NO SOLUTION	557	157	81821	23278
random16-1.scen	35	212	24	409	7	0.22	1.69	NO SOLUTION	800	294	102131	29697
random16-1.scen	35	212	24	409	8	0.47	2.23	NO SOLUTION	1010	377	125558	37102
random16-1.scen	35	212	24	409	9	1.51	3.48	NO SOLUTION	1797	732	149758	44717
random16-1.scen	35	212	24	409	10	0.38	2.71	OK	1574	351	176765	53270
random16-1.scen	36	212	24	428	0	0	0.28	NO SOLUTION	0	1	3207	0
random16-1.scen	36	212	24	428	1	0	0.35	NO SOLUTION	0	1	8128	1668
random16-1.scen	36	212	24	428	2	0	0.58	NO SOLUTION	0	1	18923	5284
random16-1.scen	36	212	24	428	3	0	0.68	NO SOLUTION	0	1	31240	9229
random16-1.scen	36	212	24	428	4	0.01	0.97	NO SOLUTION	89	15	47642	12130
random16-1.scen	36	212	24	428	5	0.02	1.12	NO SOLUTION	269	34	64594	17405
random16-1.scen	36	212	24	428	6	0.03	1.38	NO SOLUTION	338	45	84863	23948
random16-1.scen	36	212	24	428	7	0.06	1.59	NO SOLUTION	403	86	105876	30532
random16-1.scen	36	212	24	428	8	0.16	1.99	NO SOLUTION	611	150	130032	38126
random16-1.scen	36	212	24	428	9	0.35	2.37	NO SOLUTION	1842	381	154989	45986
random16-1.scen	36	212	24	428	10	0.56	2.99	NO SOLUTION	1586	407	182779	54746
random16-1.scen	36	212	24	428	11	1.28	3.93	NO SOLUTION	2735	802	211238	63678
random16-1.scen	36	212	24	428	12	3.6	6.66	NO SOLUTION	3747	1447	242306	73364
random16-1.scen	36	212	24	428	13	1.69	5.03	OK	3877	975	274046	83272
random16-1.scen	37	212	24	439	0	0	0.29	NO SOLUTION	0	1	3283	0
random16-1.scen	37	212	24	439	1	0	0.36	NO SOLUTION	0	1	8338	1726
random16-1.scen	37	212	24	439	2	0	0.59	NO SOLUTION	0	1	19479	5439
random16-1.scen	37	212	24	439	3	0	0.71	NO SOLUTION	0	1	32135	9508
random16-1.scen	37	212	24	439	4	0.01	0.99	NO SOLUTION	93	15	48997	12322
random16-1.scen	37	212	24	439	5	0.02	1.14	NO SOLUTION	459	39	66428	17704
random16-1.scen	37	212	24	439	6	0.03	1.43	NO SOLUTION	346	45	87266	24370
random16-1.scen	37	212	24	439	7	0.06	1.63	NO SOLUTION	416	86	108829	31135
random16-1.scen	37	212	24	439	8	0.2	2.09	NO SOLUTION	747	191	133622	38914
random16-1.scen	37	212	24	439	9	0.17	2.27	NO SOLUTION	1136	160	159181	46971
random16-1.scen	37	212	24	439	10	0.69	3.18	NO SOLUTION	1855	345	187604	55942
random16-1.scen	37	212	24	439	11	1.07	3.82	NO SOLUTION	1571	491	216729	65052
random16-1.scen	37	212	24	439	12	2.42	5.57	NO SOLUTION	2682	1107	248537	74922
random16-1.scen	37	212	24	439	13	1.53	4.95	OK	3951	1111	281049	85017
random16-1.scen	38	212	24	444	0	0	0.3	NO SOLUTION	0	1	3299	0
random16-1.scen	38	212	24	444	1	0	0.38	NO SOLUTION	0	1	8388	1735
random16-1.scen	38	212	24	444	2	0	0.63	NO SOLUTION	0	1	19586	5474
random16-1.scen	38	212	24	444	3	0	0.72	NO SOLUTION	0	1	32303	9563
random16-1.scen	38	212	24	444	4	0.01	1.01	NO SOLUTION	93	15	49243	12401
random16-1.scen	38	212	24	444	5	0.03	1.16	NO SOLUTION	452	37	66761	17804
random16-1.scen	38	212	24	444	6	0.03	1.46	NO SOLUTION	263	54	87725	24497
random16-1.scen	38	212	24	444	7	0.07	1.67	NO SOLUTION	343	85	109424	31282
random16-1.scen	38	212	24	444	8	0.16	2.09	NO SOLUTION	893	161	134393	39080
random16-1.scen	38	212	24	444	9	0.26	2.4	NO SOLUTION	965	222	160126	47162
random16-1.scen	38	212	24	444	10	0.55	3.1	NO SOLUTION	1652	369	188761	56168
random16-1.scen	38	212	24	444	11	1.48	4.27	NO SOLUTION	2881	636	218102	65320
random16-1.scen	38	212	24	444	12	3.16	6.37	NO SOLUTION	4414	1036	250140	75265
random16-1.scen	38	212	24	444	13	2.94	6.41	OK	6350	1321	282911	85408
random16-1.scen	39	212	24	449	0	0	0.31	NO SOLUTION	0	1	3302	0
random16-1.scen	39	212	24	449	1	0	0.39	NO SOLUTION	0	1	13590	1219
random16-1.scen	39	212	24	449	2	0	0.61	NO SOLUTION	0	1	19691	5508
random16-1.scen	39	212	24	449	3	0	0.73	NO SOLUTION	0	1	32478	9641
random16-1.scen	39	212	24	449	4	0.01	1.04	NO SOLUTION	93	15	49521	12518
random16-1.scen	39	212	24	449	5	0.03	1.18	NO SOLUTION	457	42	67148	17963
random16-1.scen	39	212	24	449	6	0.03	1.48	NO SOLUTION	266	54	88276	24698
random16-1.scen	39	212	24	449	7	0.09	1.73	NO SOLUTION	532	102	110154	31519
random16-1.scen	39	212	24	449	8	0.14	2.1	NO SOLUTION	763	144	135350	39363
random16-1.scen	39	212	24	449	9	0.29	2.47	NO SOLUTION	946	239	161326	47497
random16-1.scen	39	212	24	449	10	0.58	3.18	NO SOLUTION	1403	410	190261	56575
random16-1.scen	39	212	24	449	11	1.33	4.18	NO SOLUTION	2155	758	219917	65811
random16-1.scen	39	212	24	449	12	2.34	5.61	NO SOLUTION	2080	1017	252328	75859
random16-1.scen	39	212	24	449	13	2.39	5.94	OK	4186	1073	285491	86112
random16-1.scen	40	212	24	454	0	0	0.32	NO SOLUTION	0	1	3332	0
random16-1.scen	40	212	24	454	1	0	0.4	NO SOLUTION	0	1	13664	1231
random16-1.scen	40	212	24	454	2	0	0.63	NO SOLUTION	0	1	19894	5569
random16-1.scen	40	212	24	454	3	0	0.75	NO SOLUTION	0	1	32810	9772
random16-1.scen	40	212	24	454	4	0.01	1.06	NO SOLUTION	95	15	50045	12706
random16-1.scen	40	212	24	454	5	0.03	1.2	NO SOLUTION	461	37	67829	18201
random16-1.scen	40	212	24	454	6	0.04	1.52	NO SOLUTION	285	56	89183	24994
random16-1.scen	40	212	24	454	7	0.07	1.75	NO SOLUTION	349	87	111300	31857
random16-1.scen	40	212	24	454	8	0.18	2.19	NO SOLUTION	778	172	136810	39716
random16-1.scen	40	212	24	454	9	0.38	2.59	NO SOLUTION	1329	326	163126	47888
random16-1.scen	40	212	24	454	10	0.72	3.38	NO SOLUTION	2189	470	192496	57031
random16-1.scen	40	212	24	454	11	1.23	4.15	NO SOLUTION	2723	704	222606	66364
random16-1.scen	40	212	24	454	12	2.96	6.31	NO SOLUTION	3388	1266	255528	76526
random16-1.scen	40	212	24	454	13	1.13	4.77	OK	2738	791	289217	86914
random16-1.scen	41	212	24	468	0	0	0.32	NO SOLUTION	0	1	3401	0
random16-1.scen	41	212	24	468	1	0	0.41	NO SOLUTION	0	1	13853	1259
random16-1.scen	41	212	24	468	2	0	0.66	NO SOLUTION	0	1	20363	5722
random16-1.scen	41	212	24	468	3	0	0.77	NO SOLUTION	0	1	33586	10074
random16-1.scen	41	212	24	468	4	0.01	1.09	NO SOLUTION	95	15	51147	12916
random16-1.scen	41	212	24	468	5	0.03	1.25	NO SOLUTION	462	37	69348	18401
random16-1.scen	41	212	24	468	6	0.04	1.57	NO SOLUTION	286	56	91155	25188
random16-1.scen	41	212	24	468	7	0.08	1.78	NO SOLUTION	438	100	113791	32062
random16-1.scen	41	212	24	468	8	0.2	2.25	NO SOLUTION	728	171	139823	39973
random16-1.scen	41	212	24	468	9	0.37	2.66	NO SOLUTION	1397	318	166710	48191
random16-1.scen	41	212	24	468	10	0.59	3.35	NO SOLUTION	1822	388	196696	57348
random16-1.scen	41	212	24	468	11	1.18	4.16	NO SOLUTION	2216	673	227454	66724
random16-1.scen	41	212	24	468	12	3	6.45	NO SOLUTION	3318	1273	261077	76943
random16-1.scen	41	212	24	468	13	7.36	11.08	NO SOLUTION	7160	2691	295492	87399
random16-1.scen	41	212	24	468	14	17.29	21.47	NO SOLUTION	12867	4286	332544	98591
random16-1.scen	41	212	24	468	15	28.68	33.19	NO SOLUTION	23295	6160	370375	109974
