random08-1.scen	1	52	2	2	0	0	0.01	OK	0	0	2	0
random08-1.scen	2	52	4	6	0	0	0.01	OK	0	0	6	0
random08-1.scen	3	52	12	18	0	0	0.01	OK	3	0	57	3
random08-1.scen	4	52	12	20	0	0	0.01	NO SOLUTION	0	1	61	0
random08-1.scen	4	52	12	20	1	0	0.01	NO SOLUTION	0	1	213	24
random08-1.scen	4	52	12	20	2	0	0.02	OK	11	1	467	112
random08-1.scen	5	52	12	22	0	0	0.01	NO SOLUTION	0	1	63	0
random08-1.scen	5	52	12	22	1	0	0.01	NO SOLUTION	0	1	227	25
random08-1.scen	5	52	12	22	2	0	0.02	OK	11	3	524	124
random08-1.scen	6	52	12	31	0	0	0.01	NO SOLUTION	0	1	91	0
random08-1.scen	6	52	12	31	1	0	0.01	NO SOLUTION	0	1	319	39
random08-1.scen	6	52	12	31	2	0	0.02	NO SOLUTION	1	2	748	135
random08-1.scen	6	52	12	31	3	0	0.03	NO SOLUTION	36	19	1280	322
random08-1.scen	6	52	12	31	4	0	0.04	OK	58	27	2084	524
random08-1.scen	7	52	12	36	0	0	0.01	NO SOLUTION	0	1	120	0
random08-1.scen	7	52	12	36	1	0	0.02	NO SOLUTION	0	1	402	51
random08-1.scen	7	52	12	36	2	0	0.02	NO SOLUTION	0	1	931	277
random08-1.scen	7	52	12	36	3	0	0.03	NO SOLUTION	43	19	1606	359
random08-1.scen	7	52	12	36	4	0	0.04	OK	64	22	2565	617
random08-1.scen	8	52	12	42	0	0	0.01	NO SOLUTION	0	1	149	0
random08-1.scen	8	52	12	42	1	0	0.02	NO SOLUTION	0	1	486	63
random08-1.scen	8	52	12	42	2	0	0.03	NO SOLUTION	0	1	1139	337
random08-1.scen	8	52	12	42	3	0	0.03	NO SOLUTION	37	17	1964	456
random08-1.scen	8	52	12	42	4	0	0.05	NO SOLUTION	75	40	3136	774
random08-1.scen	8	52	12	42	5	0	0.06	NO SOLUTION	181	126	4439	1164
random08-1.scen	8	52	12	42	6	0.01	0.08	NO SOLUTION	214	121	6047	1706
random08-1.scen	8	52	12	42	7	0.01	0.08	OK	269	116	7754	2280
random08-1.scen	9	52	12	49	0	0	0.02	NO SOLUTION	0	1	183	0
random08-1.scen	9	52	12	49	1	0	0.02	NO SOLUTION	0	1	598	79
random08-1.scen	9	52	12	49	2	0	0.03	NO SOLUTION	0	1	1400	409
random08-1.scen	9	52	12	49	3	0	0.04	NO SOLUTION	31	16	2400	562
random08-1.scen	9	52	12	49	4	0	0.06	NO SOLUTION	84	42	3830	955
random08-1.scen	9	52	12	49	5	0	0.07	NO SOLUTION	201	125	5384	1415
random08-1.scen	9	52	12	49	6	0.01	0.08	NO SOLUTION	313	166	7286	2075
random08-1.scen	9	52	12	49	7	0.01	0.1	OK	238	115	9255	2754
random08-1.scen	10	52	12	52	0	0	0.02	NO SOLUTION	0	1	186	0
random08-1.scen	10	52	12	52	1	0	0.02	NO SOLUTION	0	1	618	80
random08-1.scen	10	52	12	52	2	0	0.03	NO SOLUTION	0	1	1460	431
random08-1.scen	10	52	12	52	3	0	0.04	NO SOLUTION	32	16	2508	602
random08-1.scen	10	52	12	52	4	0	0.06	NO SOLUTION	164	79	4013	1027
random08-1.scen	10	52	12	52	5	0	0.07	NO SOLUTION	170	91	5649	1511
random08-1.scen	10	52	12	52	6	0.01	0.09	NO SOLUTION	243	133	7669	2219
random08-1.scen	10	52	12	52	7	0.01	0.1	OK	239	96	9750	2945
random08-1.scen	11	52	12	57	0	0	0.02	NO SOLUTION	0	1	191	0
random08-1.scen	11	52	12	57	1	0	0.02	NO SOLUTION	0	1	650	81
random08-1.scen	11	52	12	57	2	0	0.04	NO SOLUTION	0	1	1543	456
random08-1.scen	11	52	12	57	3	0	0.04	NO SOLUTION	33	16	2652	648
random08-1.scen	11	52	12	57	4	0	0.06	NO SOLUTION	164	79	4241	1106
random08-1.scen	11	52	12	57	5	0.01	0.08	NO SOLUTION	227	110	5966	1631
random08-1.scen	11	52	12	57	6	0.01	0.09	NO SOLUTION	240	129	8098	2391
random08-1.scen	11	52	12	57	7	0.01	0.11	NO SOLUTION	369	184	10295	3161
random08-1.scen	11	52	12	57	8	0.02	0.14	NO SOLUTION	447	217	12803	4105
random08-1.scen	11	52	12	57	9	0.03	0.18	NO SOLUTION	605	293	15391	5005
random08-1.scen	11	52	12	57	10	0.03	0.19	OK	601	265	18221	6025
random08-1.scen	12	52	12	62	0	0	0.02	NO SOLUTION	0	1	208	0
random08-1.scen	12	52	12	62	1	0	0.03	NO SOLUTION	0	1	709	90
random08-1.scen	12	52	12	62	2	0	0.04	NO SOLUTION	0	1	1719	519
random08-1.scen	12	52	12	62	3	0	0.05	NO SOLUTION	49	21	2966	688
random08-1.scen	12	52	12	62	4	0	0.07	NO SOLUTION	112	56	4733	1215
random08-1.scen	12	52	12	62	5	0	0.08	NO SOLUTION	258	118	6649	1807
random08-1.scen	12	52	12	62	6	0.01	0.11	NO SOLUTION	249	129	8978	2641
random08-1.scen	12	52	12	62	7	0.02	0.13	NO SOLUTION	426	227	11402	3493
random08-1.scen	12	52	12	62	8	0.03	0.17	NO SOLUTION	596	344	14140	4488
random08-1.scen	12	52	12	62	9	0.03	0.18	NO SOLUTION	550	231	16988	5469
random08-1.scen	12	52	12	62	10	0.03	0.22	NO SOLUTION	598	274	20084	6546
random08-1.scen	12	52	12	62	11	0.09	0.29	NO SOLUTION	1098	587	23261	7636
random08-1.scen	12	52	12	62	12	0.05	0.28	OK	804	345	26606	8787
random08-1.scen	13	52	12	69	0	0	0.02	NO SOLUTION	0	1	260	0
random08-1.scen	13	52	12	69	1	0	0.03	NO SOLUTION	0	1	907	114
random08-1.scen	13	52	12	69	2	0	0.05	NO SOLUTION	0	1	2039	623
random08-1.scen	13	52	12	69	3	0	0.06	NO SOLUTION	30	16	3464	828
random08-1.scen	13	52	12	69	4	0	0.08	NO SOLUTION	99	66	5465	1459
random08-1.scen	13	52	12	69	5	0	0.09	NO SOLUTION	191	91	7588	2131
random08-1.scen	13	52	12	69	6	0.01	0.12	NO SOLUTION	247	118	10158	3059
random08-1.scen	13	52	12	69	7	0.01	0.14	NO SOLUTION	323	181	12817	3975
random08-1.scen	13	52	12	69	8	0.02	0.18	NO SOLUTION	521	276	15828	5033
random08-1.scen	13	52	12	69	9	0.03	0.2	NO SOLUTION	527	244	18943	6087
random08-1.scen	13	52	12	69	10	0.05	0.25	NO SOLUTION	813	385	22318	7247
random08-1.scen	13	52	12	69	11	0.08	0.3	NO SOLUTION	1100	507	25775	8417
random08-1.scen	13	52	12	69	12	0.07	0.32	OK	838	365	29408	9651
random08-1.scen	14	52	12	73	0	0	0.02	NO SOLUTION	0	1	262	0
random08-1.scen	14	52	12	73	1	0	0.03	NO SOLUTION	0	1	934	115
random08-1.scen	14	52	12	73	2	0	0.05	NO SOLUTION	0	1	2147	660
random08-1.scen	14	52	12	73	3	0	0.06	NO SOLUTION	42	16	3657	845
random08-1.scen	14	52	12	73	4	0	0.08	NO SOLUTION	115	72	5798	1498
random08-1.scen	14	52	12	73	5	0.01	0.1	NO SOLUTION	195	123	8057	2232
random08-1.scen	14	52	12	73	6	0.01	0.13	NO SOLUTION	218	120	10795	3200
random08-1.scen	14	52	12	73	7	0.02	0.16	NO SOLUTION	450	258	13630	4179
random08-1.scen	14	52	12	73	8	0.04	0.21	NO SOLUTION	578	310	16845	5291
random08-1.scen	14	52	12	73	9	0.07	0.25	NO SOLUTION	882	510	20173	6410
random08-1.scen	14	52	12	73	10	0.14	0.36	NO SOLUTION	1362	769	23796	7636
random08-1.scen	14	52	12	73	11	0.09	0.33	NO SOLUTION	1016	536	27511	8880
random08-1.scen	14	52	12	73	12	0.26	0.54	NO SOLUTION	1846	1037	31425	10195
random08-1.scen	14	52	12	73	13	0.36	0.66	NO SOLUTION	1979	1066	35408	11515
random08-1.scen	14	52	12	73	14	0.39	0.72	OK	1974	1121	39532	12889
random08-1.scen	15	52	12	73	0	0	0.02	NO SOLUTION	0	1	262	0
random08-1.scen	15	52	12	73	1	0	0.03	NO SOLUTION	0	1	934	115
random08-1.scen	15	52	12	73	2	0	0.05	NO SOLUTION	0	1	2158	662
random08-1.scen	15	52	12	73	3	0	0.06	NO SOLUTION	42	16	3681	850
random08-1.scen	15	52	12	73	4	0	0.08	NO SOLUTION	115	72	5838	1508
random08-1.scen	15	52	12	73	5	0.01	0.1	NO SOLUTION	181	113	8118	2247
random08-1.scen	15	52	12	73	6	0.01	0.14	NO SOLUTION	217	120	10884	3227
random08-1.scen	15	52	12	73	7	0.02	0.17	NO SOLUTION	436	239	13748	4218
random08-1.scen	15	52	12	73	8	0.04	0.21	NO SOLUTION	540	342	16996	5345
random08-1.scen	15	52	12	73	9	0.09	0.28	NO SOLUTION	973	585	20361	6477
random08-1.scen	15	52	12	73	10	0.12	0.35	NO SOLUTION	1243	765	24030	7716
random08-1.scen	15	52	12	73	11	0.23	0.48	NO SOLUTION	1627	1024	27800	8972
random08-1.scen	15	52	12	73	12	0.21	0.5	NO SOLUTION	1337	739	31793	10309
random08-1.scen	15	52	12	73	13	0.29	0.6	NO SOLUTION	2011	1088	35865	11655
random08-1.scen	15	52	12	73	14	0.06	0.41	OK	1162	371	40105	13063
random08-1.scen	16	52	12	73	0	0	0.03	NO SOLUTION	0	1	262	0
random08-1.scen	16	52	12	73	1	0	0.03	NO SOLUTION	0	1	927	105
random08-1.scen	16	52	12	73	2	0	0.05	NO SOLUTION	0	1	2181	673
random08-1.scen	16	52	12	73	3	0	0.06	NO SOLUTION	21	7	3730	829
random08-1.scen	16	52	12	73	4	0	0.09	NO SOLUTION	102	49	5956	1472
random08-1.scen	16	52	12	73	5	0.01	0.11	NO SOLUTION	179	110	8301	2202
random08-1.scen	16	52	12	73	6	0.01	0.14	NO SOLUTION	237	131	11180	3173
random08-1.scen	16	52	12	73	7	0.02	0.17	NO SOLUTION	402	239	14169	4164
random08-1.scen	16	52	12	73	8	0.03	0.21	NO SOLUTION	477	291	17571	5310
random08-1.scen	16	52	12	73	9	0.06	0.27	NO SOLUTION	673	386	21101	6465
random08-1.scen	16	52	12	73	10	0.13	0.37	NO SOLUTION	1148	677	24967	7734
random08-1.scen	16	52	12	73	11	0.15	0.42	NO SOLUTION	1131	570	28947	9024
random08-1.scen	16	52	12	73	12	0.27	0.58	NO SOLUTION	1666	966	33184	10408
random08-1.scen	16	52	12	73	13	0.18	0.52	NO SOLUTION	1389	688	37510	11810
random08-1.scen	16	52	12	73	14	0.35	0.73	NO SOLUTION	1839	936	42023	13290
random08-1.scen	16	52	12	73	15	0.73	1.13	NO SOLUTION	2568	1626	46601	14778
random08-1.scen	16	52	12	73	16	0.74	1.19	NO SOLUTION	2948	1578	51290	16312
random08-1.scen	16	52	12	73	17	2.3	2.77	NO SOLUTION	6465	3306	56025	17846
random08-1.scen	16	52	12	73	18	2.96	3.47	OK	6924	3534	60823	19403
random08-1.scen	17	52	12	83	0	0	0.02	NO SOLUTION	0	1	272	0
random08-1.scen	17	52	12	83	1	0	0.03	NO SOLUTION	0	1	992	106
random08-1.scen	17	52	12	83	2	0	0.05	NO SOLUTION	0	1	2357	721
random08-1.scen	17	52	12	83	3	0	0.07	NO SOLUTION	0	1	4035	1299
random08-1.scen	17	52	12	83	4	0	0.09	NO SOLUTION	0	1	6446	2177
random08-1.scen	17	52	12	83	5	0	0.11	NO SOLUTION	0	1	8971	3119
random08-1.scen	17	52	12	83	6	0	0.14	NO SOLUTION	31	3	12059	2893
random08-1.scen	17	52	12	83	7	0.01	0.17	NO SOLUTION	236	116	15274	4262
random08-1.scen	17	52	12	83	8	0.01	0.21	NO SOLUTION	256	129	18933	5460
random08-1.scen	17	52	12	83	9	0.02	0.25	NO SOLUTION	415	213	22730	6679
random08-1.scen	17	52	12	83	10	0.04	0.3	NO SOLUTION	596	239	26880	8016
random08-1.scen	17	52	12	83	11	0.08	0.38	NO SOLUTION	700	369	31150	9377
random08-1.scen	17	52	12	83	12	0.13	0.46	NO SOLUTION	952	562	35682	10840
random08-1.scen	17	52	12	83	13	0.17	0.54	NO SOLUTION	1568	725	40306	12327
random08-1.scen	17	52	12	83	14	0.25	0.66	NO SOLUTION	1595	834	45119	13893
random08-1.scen	17	52	12	83	15	0.29	0.72	NO SOLUTION	1791	892	49999	15470
random08-1.scen	17	52	12	83	16	0.52	0.99	NO SOLUTION	2720	1364	54990	17088
random08-1.scen	17	52	12	83	17	0.77	1.28	NO SOLUTION	3855	1572	60027	18710
random08-1.scen	17	52	12	83	18	1.4	1.95	NO SOLUTION	3456	1830	65127	20355
random08-1.scen	17	52	12	83	19	2.15	2.74	NO SOLUTION	6573	3072	70256	22004
random08-1.scen	17	52	12	83	20	2.16	2.81	NO SOLUTION	5660	2835	75430	23666
random08-1.scen	17	52	12	83	21	2.87	3.55	NO SOLUTION	7791	3251	80622	25332
random08-1.scen	17	52	12	83	22	3.45	4.17	NO SOLUTION	8102	3815	85840	27007
random08-1.scen	17	52	12	83	23	5.53	6.29	NO SOLUTION	12497	6073	91070	28684
random08-1.scen	17	52	12	83	24	5.59	6.39	NO SOLUTION	14095	6539	96329	30369
random08-1.scen	17	52	12	83	25	6.97	7.8	NO SOLUTION	15376	7212	101597	32057
random08-1.scen	17	52	12	83	26	8.66	9.54	NO SOLUTION	19029	8655	106871	33747
random08-1.scen	17	52	12	83	27	13.91	14.84	NO SOLUTION	25905	13255	112146	35438
random08-1.scen	17	52	12	83	28	8.68	9.65	OK	20970	8780	117423	37130
random08-1.scen	18	52	12	86	0	0	0.03	NO SOLUTION	0	1	275	0
random08-1.scen	18	52	12	86	1	0	0.03	NO SOLUTION	0	1	1012	107
random08-1.scen	18	52	12	86	2	0	0.06	NO SOLUTION	0	1	2442	753
random08-1.scen	18	52	12	86	3	0	0.07	NO SOLUTION	0	1	4195	1361
random08-1.scen	18	52	12	86	4	0	0.09	NO SOLUTION	0	1	6699	2281
random08-1.scen	18	52	12	86	5	0	0.13	NO SOLUTION	0	1	9326	3253
random08-1.scen	18	52	12	86	6	0	0.15	NO SOLUTION	34	3	12525	3007
random08-1.scen	18	52	12	86	7	0.01	0.18	NO SOLUTION	257	107	15869	4401
random08-1.scen	18	52	12	86	8	0.01	0.22	NO SOLUTION	307	141	19692	5633
random08-1.scen	18	52	12	86	9	0.02	0.26	NO SOLUTION	505	225	23659	6894
random08-1.scen	18	52	12	86	10	0.04	0.33	NO SOLUTION	564	270	28006	8273
random08-1.scen	18	52	12	86	11	0.07	0.38	NO SOLUTION	883	331	32479	9682
random08-1.scen	18	52	12	86	12	0.09	0.44	NO SOLUTION	1008	441	37237	11198
random08-1.scen	18	52	12	86	13	0.15	0.54	NO SOLUTION	1498	730	42097	12741
random08-1.scen	18	52	12	86	14	0.33	0.76	NO SOLUTION	2139	1127	47166	14373
random08-1.scen	18	52	12	86	15	0.22	0.69	NO SOLUTION	1533	733	52311	16022
random08-1.scen	18	52	12	86	16	0.39	0.9	NO SOLUTION	2312	1290	57580	17721
random08-1.scen	18	52	12	86	17	1.13	1.67	NO SOLUTION	3325	1520	62900	19425
random08-1.scen	18	52	12	86	18	1.12	1.71	NO SOLUTION	3600	1456	68288	21155
random08-1.scen	18	52	12	86	19	0.98	1.63	NO SOLUTION	5033	1934	73709	22890
random08-1.scen	18	52	12	86	20	3.29	3.99	NO SOLUTION	9626	4466	79181	24640
random08-1.scen	18	52	12	86	21	4.48	5.25	NO SOLUTION	7855	4388	84675	26394
random08-1.scen	18	52	12	86	22	3.51	4.28	NO SOLUTION	9397	4051	90195	28157
random08-1.scen	18	52	12	86	23	4.69	5.51	NO SOLUTION	10342	4912	95727	29922
random08-1.scen	18	52	12	86	24	10.45	11.31	NO SOLUTION	22962	9426	101288	31695
random08-1.scen	18	52	12	86	25	11.55	12.44	NO SOLUTION	18487	9398	106858	33471
random08-1.scen	18	52	12	86	26	12.42	13.36	NO SOLUTION	22628	10866	112434	35249
random08-1.scen	18	52	12	86	27	11.45	12.45	NO SOLUTION	28492	10854	118011	37028
random08-1.scen	18	52	12	86	28	19.93	20.98	NO SOLUTION	39974	16563	123590	38808
