random64-5.scen	1	3270	42	42	0	0	0.16	OK	31	0	765	138
random64-5.scen	2	3270	80	122	0	0	0.55	OK	55	0	5398	209
random64-5.scen	3	3270	80	173	0	0	0.67	OK	80	0	6136	290
random64-5.scen	4	3270	80	223	0	0	0.75	OK	88	0	6296	303
random64-5.scen	5	3270	84	307	0	0	1.22	OK	121	0	11228	451
random64-5.scen	6	3270	84	339	0	0	1.3	OK	142	0	11464	476
random64-5.scen	7	3270	84	355	0	0	1.33	OK	147	0	11497	477
random64-5.scen	8	3270	84	409	0	0	1.4	OK	168	0	11774	507
random64-5.scen	9	3270	84	452	0	0	1.6	OK	185	0	12308	568
random64-5.scen	10	3270	84	501	0	0	1.74	OK	212	0	13050	634
random64-5.scen	11	3270	84	571	0	0	2.07	OK	242	0	16203	756
random64-5.scen	12	3270	84	591	0	0	2.14	OK	238	0	16333	768
random64-5.scen	13	3270	84	652	0	0	2.43	OK	285	0	18496	864
random64-5.scen	14	3270	84	685	0	0	2.53	OK	298	0	18773	890
random64-5.scen	15	3270	84	755	0	0	2.64	OK	319	0	19186	923
random64-5.scen	16	3270	84	811	0	0	2.8	OK	336	0	19710	974
random64-5.scen	17	3270	84	844	0	0	2.88	OK	350	0	19923	999
random64-5.scen	18	3270	84	874	0	0	2.97	OK	361	0	20343	1043
random64-5.scen	19	3270	84	956	0	0	3.47	OK	419	0	24758	1186
random64-5.scen	20	3270	84	976	0	0	3.52	OK	424	0	24805	1187
random64-5.scen	21	3270	84	1007	0	0	3.77	OK	431	0	25402	1225
random64-5.scen	22	3270	84	1041	0	0	3.87	OK	431	0	25466	1228
random64-5.scen	23	3270	84	1100	0	0	3.79	NO SOLUTION	0	1	13380	0
random64-5.scen	23	3270	84	1100	1	0	4.19	NO SOLUTION	22	2	46414	4836
random64-5.scen	23	3270	84	1100	2	0.02	8.07	OK	672	15	89139	15679
random64-5.scen	24	3270	84	1168	0	0	4.09	NO SOLUTION	0	1	14555	0
random64-5.scen	24	3270	84	1168	1	0	4.5	NO SOLUTION	29	2	49842	5325
random64-5.scen	24	3270	84	1168	2	0.02	8.44	OK	764	16	96392	17172
random64-5.scen	25	3270	84	1212	0	0	4.2	NO SOLUTION	0	1	14662	0
random64-5.scen	25	3270	84	1212	1	0	4.59	NO SOLUTION	29	2	50218	5377
random64-5.scen	25	3270	84	1212	2	0.03	8.81	OK	896	17	97520	17491
random64-5.scen	26	3270	84	1219	0	0	4.25	NO SOLUTION	0	1	14690	0
random64-5.scen	26	3270	84	1219	1	0	4.65	NO SOLUTION	29	2	50299	5393
random64-5.scen	26	3270	84	1219	2	0.02	8.87	OK	919	17	97720	17544
random64-5.scen	27	3270	84	1240	0	0	4.31	NO SOLUTION	0	1	14795	0
random64-5.scen	27	3270	84	1240	1	0	4.79	NO SOLUTION	30	2	50553	5452
random64-5.scen	27	3270	84	1240	2	0.03	9	OK	896	17	98316	17710
random64-5.scen	28	3270	84	1283	0	0	4.44	NO SOLUTION	0	1	15072	0
random64-5.scen	28	3270	84	1283	1	0	4.88	NO SOLUTION	29	2	51201	5612
random64-5.scen	28	3270	84	1283	2	0.03	9.25	OK	859	16	100126	18115
random64-5.scen	29	3270	84	1335	0	0	4.62	NO SOLUTION	0	1	15613	0
random64-5.scen	29	3270	84	1335	1	0	5.08	NO SOLUTION	30	2	52528	5899
random64-5.scen	29	3270	84	1335	2	0.03	9.19	OK	868	17	103278	18798
random64-5.scen	30	3270	84	1370	0	0	4.7	NO SOLUTION	0	1	15763	0
random64-5.scen	30	3270	84	1370	1	0	5.17	NO SOLUTION	30	2	52962	5990
random64-5.scen	30	3270	84	1370	2	0.03	9.38	OK	877	17	104413	19096
random64-5.scen	31	3270	84	1403	0	0	4.85	NO SOLUTION	0	1	16086	0
random64-5.scen	31	3270	84	1403	1	0	5.34	NO SOLUTION	0	1	53729	6262
random64-5.scen	31	3270	84	1403	2	0	9.62	NO SOLUTION	21	5	106102	19021
random64-5.scen	31	3270	84	1403	3	0.02	10.27	NO SOLUTION	90	22	166337	33144
random64-5.scen	31	3270	84	1403	4	0.08	14.05	OK	915	44	247115	53854
random64-5.scen	32	3270	84	1434	0	0	4.97	NO SOLUTION	0	1	16253	0
random64-5.scen	32	3270	84	1434	1	0	5.42	NO SOLUTION	0	1	54155	6362
random64-5.scen	32	3270	84	1434	2	0	9.86	NO SOLUTION	21	5	107202	19303
random64-5.scen	32	3270	84	1434	3	0.03	10.46	NO SOLUTION	92	22	168268	33611
random64-5.scen	32	3270	84	1434	4	0.08	14.32	OK	909	44	250246	54620
random64-5.scen	33	3270	84	1498	0	0	5.35	NO SOLUTION	0	1	17541	0
random64-5.scen	33	3270	84	1498	1	0	5.92	NO SOLUTION	0	1	57284	6847
random64-5.scen	33	3270	84	1498	2	0	10.38	NO SOLUTION	28	8	113706	20664
random64-5.scen	33	3270	84	1498	3	0.02	11.1	NO SOLUTION	94	22	178411	35931
random64-5.scen	33	3270	84	1498	4	0.09	15.32	OK	975	45	265017	58102
random64-5.scen	34	3270	84	1563	0	0	5.63	NO SOLUTION	0	1	18229	0
random64-5.scen	34	3270	84	1563	1	0	6.14	NO SOLUTION	0	1	59023	7180
random64-5.scen	34	3270	84	1563	2	0	10.81	NO SOLUTION	25	7	118047	21634
random64-5.scen	34	3270	84	1563	3	0.02	11.51	NO SOLUTION	105	23	185726	37731
random64-5.scen	34	3270	84	1563	4	0.11	16.49	OK	1037	40	276704	61415
random64-5.scen	35	3270	84	1613	0	0	5.69	NO SOLUTION	0	1	18482	0
random64-5.scen	35	3270	84	1613	1	0	6.25	NO SOLUTION	0	1	59681	7329
random64-5.scen	35	3270	84	1613	2	0	11.03	NO SOLUTION	25	7	119606	22064
random64-5.scen	35	3270	84	1613	3	0.02	11.7	NO SOLUTION	86	21	188368	38409
random64-5.scen	35	3270	84	1613	4	0.11	16.9	OK	1073	41	281141	62489
random64-5.scen	36	3270	84	1665	0	0	5.87	NO SOLUTION	0	1	18919	0
random64-5.scen	36	3270	84	1665	1	0	6.43	NO SOLUTION	0	1	60750	7541
random64-5.scen	36	3270	84	1665	2	0	11.28	NO SOLUTION	25	7	122297	22669
random64-5.scen	36	3270	84	1665	3	0.02	11.98	NO SOLUTION	86	21	193257	39483
random64-5.scen	36	3270	84	1665	4	0.12	17.33	OK	1076	41	289322	64553
random64-5.scen	37	3270	84	1708	0	0	6.1	NO SOLUTION	0	1	19679	0
random64-5.scen	37	3270	84	1708	1	0	6.66	NO SOLUTION	0	1	62712	7838
random64-5.scen	37	3270	84	1708	2	0	11.66	NO SOLUTION	25	7	126517	23494
random64-5.scen	37	3270	84	1708	3	0.02	12.65	NO SOLUTION	89	21	200214	40930
random64-5.scen	37	3270	84	1708	4	0.12	17.84	OK	1213	42	299678	66970
random64-5.scen	38	3270	84	1743	0	0	6.31	NO SOLUTION	0	1	20125	0
random64-5.scen	38	3270	84	1743	1	0	6.85	NO SOLUTION	0	1	63822	8047
random64-5.scen	38	3270	84	1743	2	0.01	11.9	NO SOLUTION	25	7	129029	24075
random64-5.scen	38	3270	84	1743	3	0.02	12.98	NO SOLUTION	88	21	204267	41975
random64-5.scen	38	3270	84	1743	4	0.13	18.24	OK	1246	42	305752	68728
random64-5.scen	39	3270	84	1787	0	0	6.38	NO SOLUTION	0	1	20461	0
random64-5.scen	39	3270	84	1787	1	0	7	NO SOLUTION	0	1	64707	8230
random64-5.scen	39	3270	84	1787	2	0.01	12.27	NO SOLUTION	33	8	131237	24579
random64-5.scen	39	3270	84	1787	3	0.02	13.31	NO SOLUTION	89	21	208100	42917
random64-5.scen	39	3270	84	1787	4	0.13	18.59	OK	1210	43	311727	70379
random64-5.scen	40	3270	84	1819	0	0	6.54	NO SOLUTION	0	1	20662	0
random64-5.scen	40	3270	84	1819	1	0	7.14	NO SOLUTION	0	1	65159	8341
random64-5.scen	40	3270	84	1819	2	0.01	12.46	NO SOLUTION	33	8	132338	24861
random64-5.scen	40	3270	84	1819	3	0.02	13.37	NO SOLUTION	83	16	209920	43355
random64-5.scen	40	3270	84	1819	4	0.13	18.77	OK	1274	43	314614	71042
random64-5.scen	41	3270	84	1886	0	0	6.61	NO SOLUTION	0	1	20848	0
random64-5.scen	41	3270	84	1886	1	0	7.24	NO SOLUTION	0	1	65770	8443
random64-5.scen	41	3270	84	1886	2	0.01	12.75	NO SOLUTION	33	8	133818	25297
random64-5.scen	41	3270	84	1886	3	0.02	13.61	NO SOLUTION	85	15	212452	44041
random64-5.scen	41	3270	84	1886	4	0.13	19.17	OK	1312	44	318645	72116
random64-5.scen	42	3270	84	1911	0	0	6.75	NO SOLUTION	0	1	20915	0
random64-5.scen	42	3270	84	1911	1	0	7.36	NO SOLUTION	0	1	66000	8483
random64-5.scen	42	3270	84	1911	2	0	12.94	NO SOLUTION	0	1	134460	26249
random64-5.scen	42	3270	84	1911	3	0.01	13.84	NO SOLUTION	57	6	213568	43486
random64-5.scen	42	3270	84	1911	4	0.04	19.31	NO SOLUTION	130	13	320597	71394
random64-5.scen	42	3270	84	1911	5	0.09	20.51	NO SOLUTION	183	24	436812	103345
