random32-1.scen	1	819	17	17	0	0	0.04	OK	5	0	50	2
random32-1.scen	2	819	17	25	0	0	0.04	OK	7	0	99	7
random32-1.scen	3	819	17	34	0	0	0.04	OK	14	0	157	12
random32-1.scen	4	819	38	72	0	0	0.08	OK	29	0	553	48
random32-1.scen	5	819	38	98	0	0	0.09	OK	39	0	778	64
random32-1.scen	6	819	38	112	0	0	0.12	OK	42	0	928	77
random32-1.scen	7	819	38	119	0	0	0.11	OK	44	0	954	79
random32-1.scen	8	819	51	170	0	0	0.24	OK	66	0	2227	156
random32-1.scen	9	819	51	186	0	0	0.27	OK	73	0	2449	178
random32-1.scen	10	819	51	216	0	0	0.3	OK	78	0	2587	192
random32-1.scen	11	819	51	250	0	0	0.32	OK	84	0	2686	198
random32-1.scen	12	819	51	286	0	0	0.34	OK	90	0	2764	194
random32-1.scen	13	819	51	318	0	0	0.4	OK	104	0	3089	229
random32-1.scen	14	819	51	356	0	0	0.47	OK	118	0	3934	286
random32-1.scen	15	819	51	364	0	0	0.47	NO SOLUTION	0	1	2763	0
random32-1.scen	15	819	51	364	1	0	0.54	NO SOLUTION	2	2	12120	931
random32-1.scen	15	819	51	364	2	0.01	1.08	OK	395	20	30368	3315
random32-1.scen	16	819	51	385	0	0	0.51	NO SOLUTION	0	1	3030	0
random32-1.scen	16	819	51	385	1	0	0.6	NO SOLUTION	2	2	13315	1016
random32-1.scen	16	819	51	385	2	0.01	1.15	OK	427	16	31646	3597
random32-1.scen	17	819	51	398	0	0	0.54	NO SOLUTION	0	1	3097	0
random32-1.scen	17	819	51	398	1	0	0.63	NO SOLUTION	2	2	13528	1034
random32-1.scen	17	819	51	398	2	0.01	1.19	OK	439	19	32034	3680
random32-1.scen	18	819	51	421	0	0	0.59	NO SOLUTION	0	1	3269	0
random32-1.scen	18	819	51	421	1	0	0.68	NO SOLUTION	0	1	14401	1149
random32-1.scen	18	819	51	421	2	0	1.26	NO SOLUTION	0	1	33053	4025
random32-1.scen	18	819	51	421	3	0.01	1.37	NO SOLUTION	103	15	45749	6646
random32-1.scen	18	819	51	421	4	0.03	1.97	OK	470	65	63668	11120
random32-1.scen	19	819	51	441	0	0	0.62	NO SOLUTION	0	1	3395	0
random32-1.scen	19	819	51	441	1	0	0.71	NO SOLUTION	0	1	14802	1198
random32-1.scen	19	819	51	441	2	0	1.31	NO SOLUTION	0	1	33645	4198
random32-1.scen	19	819	51	441	3	0.01	1.42	NO SOLUTION	115	22	46704	6921
random32-1.scen	19	819	51	441	4	0.03	2.06	OK	469	56	65171	11538
random32-1.scen	20	819	51	484	0	0	0.7	NO SOLUTION	0	1	4025	0
random32-1.scen	20	819	51	484	1	0	0.82	NO SOLUTION	0	1	18054	1398
random32-1.scen	20	819	51	484	2	0	1.49	NO SOLUTION	0	1	36915	4919
random32-1.scen	20	819	51	484	3	0.01	1.61	NO SOLUTION	153	22	52173	7995
random32-1.scen	20	819	51	484	4	0.03	2.29	OK	480	43	73202	13412
random32-1.scen	21	819	51	494	0	0	0.73	NO SOLUTION	0	1	4090	0
random32-1.scen	21	819	51	494	1	0	0.85	NO SOLUTION	0	1	18286	1426
random32-1.scen	21	819	51	494	2	0	1.53	NO SOLUTION	0	1	37316	5014
random32-1.scen	21	819	51	494	3	0.01	1.67	NO SOLUTION	155	22	52791	8123
random32-1.scen	21	819	51	494	4	0.03	2.34	OK	514	44	74177	13616
random32-1.scen	22	819	51	540	0	0	0.78	NO SOLUTION	0	1	4369	0
random32-1.scen	22	819	51	540	1	0	0.9	NO SOLUTION	0	1	19487	1525
random32-1.scen	22	819	51	540	2	0	1.61	NO SOLUTION	0	1	39083	5423
random32-1.scen	22	819	51	540	3	0.01	1.78	NO SOLUTION	178	31	55997	8438
random32-1.scen	22	819	51	540	4	0.02	2.52	NO SOLUTION	218	32	79581	14393
random32-1.scen	22	819	51	540	5	0.02	2.74	NO SOLUTION	124	21	105124	21054
random32-1.scen	22	819	51	540	6	0.06	3.56	OK	640	73	136510	30040
random32-1.scen	23	819	51	572	0	0	0.82	NO SOLUTION	0	1	4581	0
random32-1.scen	23	819	51	572	1	0	0.97	NO SOLUTION	0	1	20285	1607
random32-1.scen	23	819	51	572	2	0	1.71	NO SOLUTION	0	1	40208	5708
random32-1.scen	23	819	51	572	3	0.01	1.91	NO SOLUTION	175	16	58034	8936
random32-1.scen	23	819	51	572	4	0.02	2.64	NO SOLUTION	221	31	82891	15256
random32-1.scen	23	819	51	572	5	0.02	2.88	NO SOLUTION	134	21	109842	22347
random32-1.scen	23	819	51	572	6	0.07	3.88	OK	719	51	142975	31948
random32-1.scen	24	819	51	598	0	0	0.88	NO SOLUTION	0	1	4682	0
random32-1.scen	24	819	51	598	1	0	1.01	NO SOLUTION	0	1	20723	1647
random32-1.scen	24	819	51	598	2	0	1.78	NO SOLUTION	0	1	40997	5905
random32-1.scen	24	819	51	598	3	0.01	2.01	NO SOLUTION	170	17	59709	9349
random32-1.scen	24	819	51	598	4	0.02	2.78	NO SOLUTION	228	32	85712	16069
random32-1.scen	24	819	51	598	5	0.02	3.03	NO SOLUTION	140	21	113935	23676
random32-1.scen	24	819	51	598	6	0.08	4.07	OK	665	53	148475	33975
random32-1.scen	25	819	51	621	0	0	0.88	NO SOLUTION	0	1	4788	0
random32-1.scen	25	819	51	621	1	0	1.04	NO SOLUTION	0	1	21063	1689
random32-1.scen	25	819	51	621	2	0	1.89	NO SOLUTION	0	1	41807	6082
random32-1.scen	25	819	51	621	3	0.01	2.09	NO SOLUTION	180	16	61180	9693
random32-1.scen	25	819	51	621	4	0.02	2.89	NO SOLUTION	240	32	88273	16705
random32-1.scen	25	819	51	621	5	0.02	3.15	NO SOLUTION	143	21	117644	24681
random32-1.scen	25	819	51	621	6	0.1	4.23	OK	923	82	153586	35451
random32-1.scen	26	819	51	629	0	0	0.94	NO SOLUTION	0	1	4835	0
random32-1.scen	26	819	51	629	1	0	1.08	NO SOLUTION	0	1	21233	1715
random32-1.scen	26	819	51	629	2	0	1.96	NO SOLUTION	0	1	42143	6166
random32-1.scen	26	819	51	629	3	0.01	2.16	NO SOLUTION	186	16	61730	9853
random32-1.scen	26	819	51	629	4	0.02	2.96	NO SOLUTION	251	32	89142	16963
random32-1.scen	26	819	51	629	5	0.02	3.2	NO SOLUTION	147	21	118833	25067
random32-1.scen	26	819	51	629	6	0.13	4.36	OK	964	82	155207	35968
random32-1.scen	27	819	51	653	0	0	0.98	NO SOLUTION	0	1	4907	0
random32-1.scen	27	819	51	653	1	0	1.12	NO SOLUTION	0	1	21473	1740
random32-1.scen	27	819	51	653	2	0	2.03	NO SOLUTION	0	1	42771	6322
random32-1.scen	27	819	51	653	3	0.01	2.25	NO SOLUTION	174	16	63051	10155
random32-1.scen	27	819	51	653	4	0.02	3.08	NO SOLUTION	257	32	91386	17563
random32-1.scen	27	819	51	653	5	0.02	3.35	NO SOLUTION	152	21	122077	25994
random32-1.scen	27	819	51	653	6	0.08	4.45	OK	798	53	159595	37285
random32-1.scen	28	819	51	674	0	0	1.01	NO SOLUTION	0	1	5012	0
random32-1.scen	28	819	51	674	1	0	1.16	NO SOLUTION	0	1	21765	1781
random32-1.scen	28	819	51	674	2	0	2.1	NO SOLUTION	0	1	43381	6483
random32-1.scen	28	819	51	674	3	0.01	2.29	NO SOLUTION	178	16	64178	10439
random32-1.scen	28	819	51	674	4	0.02	3.17	NO SOLUTION	259	31	93217	18059
random32-1.scen	28	819	51	674	5	0.03	3.45	NO SOLUTION	155	21	124717	26721
random32-1.scen	28	819	51	674	6	0.08	4.56	OK	743	74	163148	38313
random32-1.scen	29	819	51	714	0	0	1.06	NO SOLUTION	0	1	5192	0
random32-1.scen	29	819	51	714	1	0	1.2	NO SOLUTION	0	1	22363	1866
random32-1.scen	29	819	51	714	2	0	2.17	NO SOLUTION	0	1	44462	6779
random32-1.scen	29	819	51	714	3	0.01	2.37	NO SOLUTION	177	16	66078	10942
random32-1.scen	29	819	51	714	4	0.02	3.27	NO SOLUTION	261	31	96135	18816
random32-1.scen	29	819	51	714	5	0.03	3.57	NO SOLUTION	157	21	128757	27771
random32-1.scen	29	819	51	714	6	0.09	4.71	OK	858	55	168699	39773
random32-1.scen	30	819	51	722	0	0	1.08	NO SOLUTION	0	1	5220	0
random32-1.scen	30	819	51	722	1	0	1.23	NO SOLUTION	0	1	22442	1876
random32-1.scen	30	819	51	722	2	0	2.21	NO SOLUTION	0	1	44650	6839
random32-1.scen	30	819	51	722	3	0.01	2.42	NO SOLUTION	181	16	66444	10782
random32-1.scen	30	819	51	722	4	0.02	3.35	NO SOLUTION	270	31	96779	18671
random32-1.scen	30	819	51	722	5	0.03	3.63	NO SOLUTION	161	21	129711	27607
random32-1.scen	30	819	51	722	6	0.07	4.81	OK	858	59	170102	39626
random32-1.scen	31	819	51	752	0	0	1.14	NO SOLUTION	0	1	5428	0
random32-1.scen	31	819	51	752	1	0	1.31	NO SOLUTION	0	1	23314	1964
random32-1.scen	31	819	51	752	2	0	2.29	NO SOLUTION	0	1	45799	7145
random32-1.scen	31	819	51	752	3	0.01	2.5	NO SOLUTION	94	10	68486	11276
random32-1.scen	31	819	51	752	4	0.02	3.45	NO SOLUTION	267	31	100017	19497
random32-1.scen	31	819	51	752	5	0.03	3.78	NO SOLUTION	162	21	134251	28820
random32-1.scen	31	819	51	752	6	0.08	4.99	OK	866	55	176287	41369
random32-1.scen	32	819	51	785	0	0	1.19	NO SOLUTION	0	1	5758	0
random32-1.scen	32	819	51	785	1	0	1.36	NO SOLUTION	0	1	24795	2086
random32-1.scen	32	819	51	785	2	0	2.39	NO SOLUTION	0	1	47612	7552
random32-1.scen	32	819	51	785	3	0.01	2.67	NO SOLUTION	104	10	71660	12035
random32-1.scen	32	819	51	785	4	0.02	3.62	NO SOLUTION	277	32	105060	20812
random32-1.scen	32	819	51	785	5	0.03	4.06	NO SOLUTION	166	21	141176	30908
random32-1.scen	32	819	51	785	6	0.08	5.22	OK	914	60	185277	44415
random32-1.scen	33	819	51	813	0	0	1.24	NO SOLUTION	0	1	5849	0
random32-1.scen	33	819	51	813	1	0	1.4	NO SOLUTION	0	1	25125	2120
random32-1.scen	33	819	51	813	2	0	2.49	NO SOLUTION	0	1	48311	7755
random32-1.scen	33	819	51	813	3	0	2.73	NO SOLUTION	115	11	73067	12200
random32-1.scen	33	819	51	813	4	0.01	3.73	NO SOLUTION	130	18	107543	21192
random32-1.scen	33	819	51	813	5	0.02	4.18	NO SOLUTION	149	12	144853	31549
random32-1.scen	33	819	51	813	6	0.04	5.34	NO SOLUTION	216	35	190528	45551
random32-1.scen	33	819	51	813	7	0.1	5.83	NO SOLUTION	452	41	238206	60522
random32-1.scen	33	819	51	813	8	0.31	7.43	OK	1292	96	293744	79177
random32-1.scen	34	819	51	819	0	0	1.27	NO SOLUTION	0	1	5861	0
random32-1.scen	34	819	51	819	1	0	1.44	NO SOLUTION	0	1	25178	2124
random32-1.scen	34	819	51	819	2	0	2.53	NO SOLUTION	0	1	48438	7813
random32-1.scen	34	819	51	819	3	0	2.79	NO SOLUTION	82	9	73350	12045
random32-1.scen	34	819	51	819	4	0.01	3.78	NO SOLUTION	114	15	107977	20972
random32-1.scen	34	819	51	819	5	0.02	4.25	NO SOLUTION	150	14	145464	31180
random32-1.scen	34	819	51	819	6	0.04	5.43	NO SOLUTION	216	21	191361	45133
random32-1.scen	34	819	51	819	7	0.1	5.91	NO SOLUTION	465	41	239291	60040
random32-1.scen	34	819	51	819	8	0.22	7.43	OK	1416	110	295150	78711
random32-1.scen	35	819	51	852	0	0	1.33	NO SOLUTION	0	1	6252	0
random32-1.scen	35	819	51	852	1	0	1.54	NO SOLUTION	0	1	27193	2254
random32-1.scen	35	819	51	852	2	0	2.71	NO SOLUTION	0	1	50648	8305
random32-1.scen	35	819	51	852	3	0	2.9	NO SOLUTION	72	5	77175	12510
random32-1.scen	35	819	51	852	4	0.01	4.08	NO SOLUTION	119	12	113680	22019
random32-1.scen	35	819	51	852	5	0.02	4.45	NO SOLUTION	160	17	153189	32886
random32-1.scen	35	819	51	852	6	0.04	5.7	NO SOLUTION	223	22	201416	47561
random32-1.scen	35	819	51	852	7	0.09	6.16	NO SOLUTION	473	38	251557	63328
random32-1.scen	35	819	51	852	8	0.13	7.71	NO SOLUTION	470	76	309788	82801
random32-1.scen	35	819	51	852	9	0.33	8.51	NO SOLUTION	1298	155	369251	103103
random32-1.scen	35	819	51	852	10	0.3	9.63	OK	1570	143	420394	126435
random32-1.scen	36	819	51	863	0	0	1.39	NO SOLUTION	0	1	6344	0
random32-1.scen	36	819	51	863	1	0	1.58	NO SOLUTION	0	1	27616	2290
random32-1.scen	36	819	51	863	2	0	2.69	NO SOLUTION	0	1	51176	8438
random32-1.scen	36	819	51	863	3	0	3	NO SOLUTION	72	5	78085	12518
random32-1.scen	36	819	51	863	4	0.01	4.21	NO SOLUTION	123	12	115101	22068
random32-1.scen	36	819	51	863	5	0.02	4.55	NO SOLUTION	166	17	155149	32999
random32-1.scen	36	819	51	863	6	0.04	5.81	NO SOLUTION	227	22	204081	47854
random32-1.scen	36	819	51	863	7	0.09	6.35	NO SOLUTION	488	38	254862	63859
random32-1.scen	36	819	51	863	8	0.13	7.91	NO SOLUTION	483	53	313857	83637
random32-1.scen	36	819	51	863	9	0.34	8.66	NO SOLUTION	1485	138	374030	104355
random32-1.scen	36	819	51	863	10	0.4	9.95	OK	1574	197	426000	127854
random32-1.scen	37	819	51	865	0	0	1.42	NO SOLUTION	0	1	6346	0
random32-1.scen	37	819	51	865	1	0	1.61	NO SOLUTION	0	1	27630	2291
random32-1.scen	37	819	51	865	2	0	2.77	NO SOLUTION	0	1	51240	8458
random32-1.scen	37	819	51	865	3	0	3.04	NO SOLUTION	73	5	78209	12532
random32-1.scen	37	819	51	865	4	0.01	4.26	NO SOLUTION	127	12	115326	22090
random32-1.scen	37	819	51	865	5	0.02	4.6	NO SOLUTION	172	17	155501	33031
random32-1.scen	37	819	51	865	6	0.04	5.87	NO SOLUTION	243	25	204594	47910
random32-1.scen	37	819	51	865	7	0.09	6.45	NO SOLUTION	497	38	255591	63949
random32-1.scen	37	819	51	865	8	0.12	7.98	NO SOLUTION	451	49	314824	83784
random32-1.scen	37	819	51	865	9	0.3	8.74	NO SOLUTION	1232	131	375265	104565
random32-1.scen	37	819	51	865	10	0.36	10	OK	1449	165	427550	128189
random32-1.scen	38	819	51	880	0	0	1.48	NO SOLUTION	0	1	6510	0
random32-1.scen	38	819	51	880	1	0	1.69	NO SOLUTION	0	1	28419	2354
random32-1.scen	38	819	51	880	2	0	2.85	NO SOLUTION	0	1	52080	8698
random32-1.scen	38	819	51	880	3	0	3.12	NO SOLUTION	76	5	79604	12937
random32-1.scen	38	819	51	880	4	0.01	4.36	NO SOLUTION	131	12	117245	22780
random32-1.scen	38	819	51	880	5	0.02	4.77	NO SOLUTION	177	17	158000	33887
random32-1.scen	38	819	51	880	6	0.04	6.02	NO SOLUTION	247	25	207641	49055
random32-1.scen	38	819	51	880	7	0.1	6.57	NO SOLUTION	509	38	259201	65268
random32-1.scen	38	819	51	880	8	0.16	8.18	NO SOLUTION	594	84	319022	85361
random32-1.scen	38	819	51	880	9	0.33	9.22	NO SOLUTION	1460	156	380058	106334
random32-1.scen	38	819	51	880	10	0.32	10.2	OK	1366	144	433015	130183
random32-1.scen	39	819	51	926	0	0	1.58	NO SOLUTION	0	1	7254	0
random32-1.scen	39	819	51	926	1	0	1.81	NO SOLUTION	0	1	31419	2600
random32-1.scen	39	819	51	926	2	0	3.01	NO SOLUTION	0	1	56029	9676
random32-1.scen	39	819	51	926	3	0	3.31	NO SOLUTION	78	5	85346	14220
random32-1.scen	39	819	51	926	4	0.01	4.64	NO SOLUTION	133	12	125490	24821
random32-1.scen	39	819	51	926	5	0.02	5.03	NO SOLUTION	182	17	168945	36762
random32-1.scen	39	819	51	926	6	0.05	6.48	NO SOLUTION	254	26	221760	52965
random32-1.scen	39	819	51	926	7	0.1	7.07	NO SOLUTION	522	38	276662	70254
random32-1.scen	39	819	51	926	8	0.23	8.31	NO SOLUTION	794	154	340145	91576
random32-1.scen	39	819	51	926	9	0.29	9.3	NO SOLUTION	951	166	404928	113838
random32-1.scen	39	819	51	926	10	0.4	10.7	OK	1977	157	461726	139054
random32-1.scen	40	819	51	938	0	0	1.64	NO SOLUTION	0	1	7272	0
random32-1.scen	40	819	51	938	1	0	1.84	NO SOLUTION	0	1	31502	2605
random32-1.scen	40	819	51	938	2	0	3.09	NO SOLUTION	0	1	56292	9762
random32-1.scen	40	819	51	938	3	0	3.38	NO SOLUTION	80	5	85836	14298
random32-1.scen	40	819	51	938	4	0.02	4.71	NO SOLUTION	137	12	126410	24934
random32-1.scen	40	819	51	938	5	0.02	5.11	NO SOLUTION	187	17	170311	36958
random32-1.scen	40	819	51	938	6	0.05	6.55	NO SOLUTION	259	26	223701	53444
random32-1.scen	40	819	51	938	7	0.1	7.24	NO SOLUTION	537	38	279138	70985
random32-1.scen	40	819	51	938	8	0.25	8.49	NO SOLUTION	811	150	343317	92629
random32-1.scen	40	819	51	938	9	0.2	9.38	NO SOLUTION	794	83	408823	115108
random32-1.scen	40	819	51	938	10	0.49	11.08	OK	2264	261	466516	140532
random32-1.scen	41	819	51	953	0	0	1.66	NO SOLUTION	0	1	7330	0
random32-1.scen	41	819	51	953	1	0	1.9	NO SOLUTION	0	1	31625	2628
random32-1.scen	41	819	51	953	2	0	3.15	NO SOLUTION	0	1	56694	9883
random32-1.scen	41	819	51	953	3	0	3.45	NO SOLUTION	80	5	86551	14044
random32-1.scen	41	819	51	953	4	0.02	4.79	NO SOLUTION	139	12	127574	24563
random32-1.scen	41	819	51	953	5	0.02	5.22	NO SOLUTION	191	17	171964	36493
random32-1.scen	41	819	51	953	6	0.04	6.67	NO SOLUTION	261	24	225939	53067
random32-1.scen	41	819	51	953	7	0.08	7.33	NO SOLUTION	543	36	281971	70735
random32-1.scen	41	819	51	953	8	0.15	8.8	NO SOLUTION	843	73	346841	92574
random32-1.scen	41	819	51	953	9	0.24	9.55	NO SOLUTION	1111	101	398276	115428
random32-1.scen	41	819	51	953	10	0.4	11.21	NO SOLUTION	1865	147	471584	140847
random32-1.scen	41	819	51	953	11	0.75	12.36	NO SOLUTION	3073	314	546472	166166
random32-1.scen	41	819	51	953	12	1.29	13.56	NO SOLUTION	2507	482	627756	194298
