random56-4.scen	1	2519	37	37	0	0	0.1	OK	4	0	93	7
random56-4.scen	2	2519	37	62	0	0	0.12	OK	12	0	554	40
random56-4.scen	3	2519	47	109	0	0	0.17	OK	44	0	1412	108
random56-4.scen	4	2519	47	140	0	0	0.23	OK	59	0	2399	158
random56-4.scen	5	2519	47	157	0	0	0.24	OK	62	0	2518	170
random56-4.scen	6	2519	47	182	0	0	0.29	OK	78	0	3012	206
random56-4.scen	7	2519	47	200	0	0	0.3	OK	86	0	3108	215
random56-4.scen	8	2519	56	256	0	0	0.53	OK	121	0	6105	310
random56-4.scen	9	2519	56	291	0	0	0.59	OK	141	0	6786	360
random56-4.scen	10	2519	86	377	0	0	1.38	OK	178	0	9626	487
random56-4.scen	11	2519	86	441	0	0	1.82	OK	234	0	12823	600
random56-4.scen	12	2519	86	496	0	0	2.07	OK	248	0	14478	694
random56-4.scen	13	2519	86	542	0	0	2.16	OK	271	0	14730	721
random56-4.scen	14	2519	86	585	0	0	2.25	OK	276	0	14964	741
random56-4.scen	15	2519	86	658	0	0	2.59	OK	309	0	17522	860
random56-4.scen	16	2519	86	681	0	0	2.69	OK	316	0	17794	890
random56-4.scen	17	2519	86	701	0	0	2.81	OK	322	0	18057	916
random56-4.scen	18	2519	86	751	0	0.01	3.02	OK	363	0	19438	1002
random56-4.scen	19	2519	86	771	0	0	3.08	OK	361	0	19557	1016
random56-4.scen	20	2519	86	796	0	0	3.15	OK	369	0	19619	1017
random56-4.scen	21	2519	86	840	0	0	3.24	OK	376	0	19825	1037
random56-4.scen	22	2519	86	875	0	0	3.47	OK	395	0	20778	1055
random56-4.scen	23	2519	86	881	0	0	3.49	OK	399	0	20791	1055
random56-4.scen	24	2519	86	915	0	0	3.61	OK	411	0	20968	1072
random56-4.scen	25	2519	86	943	0	0	3.73	OK	421	0	21101	1083
random56-4.scen	26	2519	86	984	0	0	3.81	NO SOLUTION	0	1	21264	1128
random56-4.scen	26	2519	86	984	1	0.01	4.18	OK	476	1	41626	4086
random56-4.scen	27	2519	93	1077	0	0	4.88	NO SOLUTION	0	1	25940	1289
random56-4.scen	27	2519	93	1077	1	0.01	5.18	OK	544	1	46687	4825
random56-4.scen	28	2519	93	1086	0	0	4.97	NO SOLUTION	0	1	25982	1294
random56-4.scen	28	2519	93	1086	1	0.01	5.29	OK	542	1	46779	4835
random56-4.scen	29	2519	93	1117	0	0	5.1	NO SOLUTION	0	1	26080	1300
random56-4.scen	29	2519	93	1117	1	0.01	5.39	OK	541	1	47053	4865
random56-4.scen	30	2519	93	1142	0	0	5.26	NO SOLUTION	0	1	26419	1333
random56-4.scen	30	2519	93	1142	1	0.01	5.59	OK	562	1	47639	4984
random56-4.scen	31	2519	93	1197	0	0	5.61	NO SOLUTION	0	1	27902	1452
random56-4.scen	31	2519	93	1197	1	0.01	6.01	OK	594	1	49840	5305
random56-4.scen	32	2519	93	1214	0	0	5.7	NO SOLUTION	0	1	27957	1456
random56-4.scen	32	2519	93	1214	1	0.01	6.18	OK	596	1	50024	5333
random56-4.scen	33	2519	93	1300	0	0	6.43	NO SOLUTION	0	1	30567	1751
random56-4.scen	33	2519	93	1300	1	0.01	6.79	OK	1214	2	56317	6142
random56-4.scen	34	2519	93	1342	0	0	6.64	NO SOLUTION	0	1	31017	1849
random56-4.scen	34	2519	93	1342	1	0.02	7.04	OK	1840	3	57670	6398
random56-4.scen	35	2519	93	1399	0	0	6.87	NO SOLUTION	0	1	31518	1938
random56-4.scen	35	2519	93	1399	1	0.02	7.24	OK	1912	3	59043	6705
random56-4.scen	36	2519	93	1485	0	0	7.3	NO SOLUTION	0	1	33755	2237
random56-4.scen	36	2519	93	1485	1	0.02	7.79	OK	2048	3	64622	7329
random56-4.scen	37	2519	93	1516	0	0	7.48	NO SOLUTION	0	1	33881	2247
random56-4.scen	37	2519	93	1516	1	0.02	7.95	OK	2039	3	64947	7397
random56-4.scen	38	2519	93	1540	0	0	7.63	NO SOLUTION	0	1	34046	2272
random56-4.scen	38	2519	93	1540	1	0.02	8.46	OK	2081	3	65415	7500
random56-4.scen	39	2519	93	1605	0	0	7.59	NO SOLUTION	0	1	22060	0
random56-4.scen	39	2519	93	1605	1	0	8.27	NO SOLUTION	0	1	66168	7985
random56-4.scen	39	2519	93	1605	2	0.01	13.26	NO SOLUTION	68	3	130119	23112
random56-4.scen	39	2519	93	1605	3	0.1	14.2	OK	1733	47	201457	40088
random56-4.scen	40	2519	93	1663	0	0	7.92	NO SOLUTION	0	1	22900	0
random56-4.scen	40	2519	93	1663	1	0	8.65	NO SOLUTION	0	1	68172	8367
random56-4.scen	40	2519	93	1663	2	0.01	13.83	NO SOLUTION	70	4	134854	24091
random56-4.scen	40	2519	93	1663	3	0.1	14.98	OK	2060	48	209406	41900
random56-4.scen	41	2519	93	1716	0	0	8.05	NO SOLUTION	0	1	21926	0
random56-4.scen	41	2519	93	1716	1	0	8.79	NO SOLUTION	0	1	68998	8574
random56-4.scen	41	2519	93	1716	2	0.01	14.11	NO SOLUTION	70	3	136898	24612
random56-4.scen	41	2519	93	1716	3	0.04	15.01	NO SOLUTION	129	19	212874	42870
random56-4.scen	41	2519	93	1716	4	0.3	20.44	NO SOLUTION	1067	122	313086	69273
random56-4.scen	41	2519	93	1716	5	0.32	21.71	OK	3007	132	420448	98935
random56-4.scen	42	2519	93	1732	0	0	8.24	NO SOLUTION	0	1	22043	0
random56-4.scen	42	2519	93	1732	1	0	8.96	NO SOLUTION	0	1	69301	8647
random56-4.scen	42	2519	93	1732	2	0.01	14.28	NO SOLUTION	74	3	137562	24796
random56-4.scen	42	2519	93	1732	3	0.05	15.31	NO SOLUTION	226	40	213945	43156
random56-4.scen	42	2519	93	1732	4	0.3	20.74	NO SOLUTION	1256	109	314700	69700
random56-4.scen	42	2519	93	1732	5	0.44	22.12	OK	3951	126	422666	99506
random56-4.scen	43	2519	93	1780	0	0	8.35	NO SOLUTION	0	1	22239	0
random56-4.scen	43	2519	93	1780	1	0	9.37	NO SOLUTION	0	1	69897	8778
random56-4.scen	43	2519	93	1780	2	0.01	14.64	NO SOLUTION	70	3	139321	25263
random56-4.scen	43	2519	93	1780	3	0.04	15.66	NO SOLUTION	148	22	217099	44023
random56-4.scen	43	2519	93	1780	4	0.27	21.17	NO SOLUTION	888	111	320238	71314
random56-4.scen	43	2519	93	1780	5	0.59	22.84	NO SOLUTION	1317	157	430638	102043
