random40-1.scen	1	1291	12	12	0	0	0.06	OK	6	0	62	6
random40-1.scen	2	1291	52	64	0	0	0.15	OK	31	0	2402	96
random40-1.scen	3	1291	52	67	0	0	0.16	OK	33	0	2418	97
random40-1.scen	4	1291	52	79	0	0	0.17	OK	33	0	2430	97
random40-1.scen	5	1291	52	97	0	0	0.17	OK	33	0	2445	97
random40-1.scen	6	1291	52	107	0	0	0.19	OK	35	0	2475	98
random40-1.scen	7	1291	52	133	0	0	0.23	OK	48	0	2603	109
random40-1.scen	8	1291	52	142	0	0	0.23	OK	48	0	2632	109
random40-1.scen	9	1291	52	166	0	0	0.25	OK	51	0	2682	111
random40-1.scen	10	1291	52	185	0	0	0.28	OK	58	0	2849	127
random40-1.scen	11	1291	52	234	0	0	0.33	OK	87	0	3844	200
random40-1.scen	12	1291	52	266	0	0	0.42	OK	99	0	4704	247
random40-1.scen	13	1291	52	304	0	0	0.45	OK	116	0	4925	267
random40-1.scen	14	1291	52	334	0	0	0.5	OK	132	0	5234	296
random40-1.scen	15	1291	52	380	0	0	0.58	OK	145	0	6103	354
random40-1.scen	16	1291	52	426	0	0	0.66	OK	177	0	7293	430
random40-1.scen	17	1291	52	475	0	0	0.73	OK	211	0	8294	499
random40-1.scen	18	1291	52	521	0	0	0.85	OK	232	0	9286	563
random40-1.scen	19	1291	52	533	0	0	0.88	OK	239	0	9346	568
random40-1.scen	20	1291	52	570	0	0	0.86	NO SOLUTION	0	1	5770	0
random40-1.scen	20	1291	52	570	1	0	1.01	NO SOLUTION	0	1	26797	1854
random40-1.scen	20	1291	52	570	2	0.01	1.68	OK	391	9	43991	1005
random40-1.scen	21	1291	52	609	0	0	0.92	NO SOLUTION	0	1	6150	0
random40-1.scen	21	1291	52	609	1	0	1.08	NO SOLUTION	0	1	28647	1994
random40-1.scen	21	1291	52	609	2	0.01	1.86	OK	405	9	46046	1040
random40-1.scen	22	1291	52	621	0	0	0.96	NO SOLUTION	0	1	6214	0
random40-1.scen	22	1291	52	621	1	0	1.11	NO SOLUTION	0	1	28829	2022
random40-1.scen	22	1291	52	621	2	0.01	1.89	OK	414	9	46408	1053
random40-1.scen	23	1291	52	644	0	0	0.99	NO SOLUTION	0	1	6341	0
random40-1.scen	23	1291	52	644	1	0	1.15	NO SOLUTION	0	1	29095	2080
random40-1.scen	23	1291	52	644	2	0.01	1.98	OK	405	9	47049	1079
random40-1.scen	24	1291	52	671	0	0	1.02	NO SOLUTION	0	1	6476	0
random40-1.scen	24	1291	52	671	1	0	1.19	NO SOLUTION	0	1	29422	2141
random40-1.scen	24	1291	52	671	2	0.01	2.03	OK	435	10	47860	1110
random40-1.scen	25	1291	54	725	0	0	1.16	NO SOLUTION	0	1	6960	0
random40-1.scen	25	1291	54	725	1	0	1.34	NO SOLUTION	0	1	30501	2350
random40-1.scen	25	1291	54	725	2	0	2.4	OK	451	10	50967	1206
random40-1.scen	26	1291	54	762	0	0	1.22	NO SOLUTION	0	1	7237	0
random40-1.scen	26	1291	54	762	1	0	1.43	NO SOLUTION	0	1	31127	2484
random40-1.scen	26	1291	54	762	2	0	2.51	OK	486	10	52763	1270
random40-1.scen	27	1291	54	788	0	0	1.31	NO SOLUTION	0	1	7620	0
random40-1.scen	27	1291	54	788	1	0	1.5	NO SOLUTION	0	1	32004	2633
random40-1.scen	27	1291	54	788	2	0.01	2.63	OK	517	11	54717	1387
random40-1.scen	28	1291	54	819	0	0	1.37	NO SOLUTION	0	1	7951	0
random40-1.scen	28	1291	54	819	1	0	1.58	NO SOLUTION	0	1	32787	2804
random40-1.scen	28	1291	54	819	2	0.01	2.76	OK	539	12	56503	1504
random40-1.scen	29	1291	54	861	0	0	1.42	NO SOLUTION	0	1	8333	0
random40-1.scen	29	1291	54	861	1	0	1.66	NO SOLUTION	0	1	33606	3001
random40-1.scen	29	1291	54	861	2	0.01	2.91	OK	584	13	58705	1643
random40-1.scen	30	1291	54	896	0	0	1.49	NO SOLUTION	0	1	8676	0
random40-1.scen	30	1291	54	896	1	0	1.73	NO SOLUTION	0	1	34356	3191
random40-1.scen	30	1291	54	896	2	0.01	3.01	OK	682	14	60507	1767
random40-1.scen	31	1291	54	916	0	0	1.55	NO SOLUTION	0	1	8795	0
random40-1.scen	31	1291	54	916	1	0	1.76	NO SOLUTION	0	1	34579	3243
random40-1.scen	31	1291	54	916	2	0.01	3.1	OK	693	14	61236	1798
random40-1.scen	32	1291	54	962	0	0	1.62	NO SOLUTION	0	1	9331	0
random40-1.scen	32	1291	54	962	1	0	1.88	NO SOLUTION	0	1	35907	3494
random40-1.scen	32	1291	54	962	2	0.01	3.22	OK	735	15	64088	1964
random40-1.scen	33	1291	54	981	0	0	1.66	NO SOLUTION	0	1	9419	0
random40-1.scen	33	1291	54	981	1	0	1.91	NO SOLUTION	0	1	36057	3531
random40-1.scen	33	1291	54	981	2	0.01	3.27	OK	798	16	64641	1999
random40-1.scen	34	1291	54	989	0	0	1.69	NO SOLUTION	0	1	9465	0
random40-1.scen	34	1291	54	989	1	0	2	NO SOLUTION	0	1	36163	3549
random40-1.scen	34	1291	54	989	2	0.01	3.36	OK	805	17	64867	2014
random40-1.scen	35	1291	69	1058	0	0	3.06	NO SOLUTION	0	1	11254	0
random40-1.scen	35	1291	69	1058	1	0	3.38	NO SOLUTION	0	1	40529	4178
random40-1.scen	35	1291	69	1058	2	0.01	5.55	OK	843	18	73975	2295
random40-1.scen	36	1291	69	1071	0	0	3.1	NO SOLUTION	0	1	11298	0
random40-1.scen	36	1291	69	1071	1	0	3.44	NO SOLUTION	0	1	40639	4196
random40-1.scen	36	1291	69	1071	2	0.01	5.79	OK	816	18	74309	2316
random40-1.scen	37	1291	69	1101	0	0	3.22	NO SOLUTION	0	1	11569	0
random40-1.scen	37	1291	69	1101	1	0	3.53	NO SOLUTION	0	1	41277	4341
random40-1.scen	37	1291	69	1101	2	0.01	5.78	OK	834	18	75856	2412
random40-1.scen	38	1291	69	1134	0	0	3.3	NO SOLUTION	0	1	11848	0
random40-1.scen	38	1291	69	1134	1	0	3.66	NO SOLUTION	0	1	41912	4465
random40-1.scen	38	1291	69	1134	2	0	5.92	NO SOLUTION	0	1	77469	14220
random40-1.scen	38	1291	69	1134	3	0.01	6.34	NO SOLUTION	95	14	118539	22637
random40-1.scen	38	1291	69	1134	4	0.06	8.7	OK	810	29	172689	36801
random40-1.scen	39	1291	69	1146	0	0	3.4	NO SOLUTION	0	1	11837	0
random40-1.scen	39	1291	69	1146	1	0	3.76	NO SOLUTION	0	1	42054	4500
random40-1.scen	39	1291	69	1146	2	0	6.03	NO SOLUTION	0	1	77905	14344
random40-1.scen	39	1291	69	1146	3	0	6.43	NO SOLUTION	0	1	119220	25108
random40-1.scen	39	1291	69	1146	4	0	8.76	NO SOLUTION	0	1	173708	40297
random40-1.scen	39	1291	69	1146	5	0.03	9.37	NO SOLUTION	129	18	232846	53061
random40-1.scen	39	1291	69	1146	6	0.08	11.17	NO SOLUTION	365	21	303502	74273
random40-1.scen	39	1291	69	1146	7	0.16	11.86	NO SOLUTION	786	77	377419	97451
random40-1.scen	39	1291	69	1146	8	0.21	14.25	NO SOLUTION	728	59	461502	126023
random40-1.scen	39	1291	69	1146	9	0.35	15.53	OK	1983	117	547390	155321
random40-1.scen	40	1291	69	1159	0	0	3.48	NO SOLUTION	0	1	11882	0
random40-1.scen	40	1291	69	1159	1	0	3.85	NO SOLUTION	0	1	42144	4517
random40-1.scen	40	1291	69	1159	2	0	6.13	NO SOLUTION	0	1	78234	14450
random40-1.scen	40	1291	69	1159	3	0	6.57	NO SOLUTION	0	1	119790	25279
random40-1.scen	40	1291	69	1159	4	0	8.92	NO SOLUTION	0	1	174636	40573
random40-1.scen	40	1291	69	1159	5	0.03	9.57	NO SOLUTION	132	18	234172	53337
random40-1.scen	40	1291	69	1159	6	0.08	11.33	NO SOLUTION	369	21	305337	74694
random40-1.scen	40	1291	69	1159	7	0.17	12.16	NO SOLUTION	821	80	379800	98017
random40-1.scen	40	1291	69	1159	8	0.21	14.63	NO SOLUTION	740	59	464613	126854
random40-1.scen	40	1291	69	1159	9	0.29	15.76	OK	1211	113	551274	156423
random40-1.scen	41	1291	69	1188	0	0	3.62	NO SOLUTION	0	1	12240	0
random40-1.scen	41	1291	69	1188	1	0	3.97	NO SOLUTION	0	1	42940	4667
random40-1.scen	41	1291	69	1188	2	0	6.34	NO SOLUTION	0	1	80158	14872
random40-1.scen	41	1291	69	1188	3	0	6.8	NO SOLUTION	0	1	122966	26032
random40-1.scen	41	1291	69	1188	4	0	9.24	NO SOLUTION	0	1	179506	41839
random40-1.scen	41	1291	69	1188	5	0.03	9.86	NO SOLUTION	136	18	240833	55125
random40-1.scen	41	1291	69	1188	6	0.08	11.66	NO SOLUTION	380	21	314103	77190
random40-1.scen	41	1291	69	1188	7	0.17	12.5	NO SOLUTION	845	59	390758	101236
random40-1.scen	41	1291	69	1188	8	0.25	15.22	NO SOLUTION	506	81	478015	131026
random40-1.scen	41	1291	69	1188	9	0.29	16.25	OK	1686	135	567169	161571
random40-1.scen	42	1291	69	1224	0	0	3.66	NO SOLUTION	0	1	12310	0
random40-1.scen	42	1291	69	1224	1	0	4.1	NO SOLUTION	0	1	43474	4824
random40-1.scen	42	1291	69	1224	2	0	6.44	NO SOLUTION	0	1	81666	15428
random40-1.scen	42	1291	69	1224	3	0	6.96	NO SOLUTION	0	1	125346	26976
random40-1.scen	42	1291	69	1224	4	0	9.45	NO SOLUTION	0	1	183204	43381
random40-1.scen	42	1291	69	1224	5	0.03	10.09	NO SOLUTION	137	18	245849	57031
random40-1.scen	42	1291	69	1224	6	0.08	11.92	NO SOLUTION	389	21	320713	79704
random40-1.scen	42	1291	69	1224	7	0.18	12.83	NO SOLUTION	840	53	398902	104359
random40-1.scen	42	1291	69	1224	8	0.26	15.53	NO SOLUTION	968	68	487923	134711
random40-1.scen	42	1291	69	1224	9	0.33	16.62	NO SOLUTION	518	87	578790	165677
