random24-4.scen	1	462	19	19	0	0	0.02	OK	3	0	69	6
random24-4.scen	2	462	19	30	0	0	0.03	OK	6	0	180	10
random24-4.scen	3	462	19	38	0	0	0.03	NO SOLUTION	0	1	233	0
random24-4.scen	3	462	19	38	1	0	0.03	NO SOLUTION	0	1	569	115
random24-4.scen	3	462	19	38	2	0	0.05	NO SOLUTION	0	1	1375	366
random24-4.scen	3	462	19	38	3	0	0.05	NO SOLUTION	0	1	2278	592
random24-4.scen	3	462	19	38	4	0	0.07	OK	24	1	7750	477
random24-4.scen	4	462	19	41	0	0	0.03	NO SOLUTION	0	1	236	0
random24-4.scen	4	462	19	41	1	0	0.03	NO SOLUTION	0	1	589	116
random24-4.scen	4	462	19	41	2	0	0.05	NO SOLUTION	0	1	1447	394
random24-4.scen	4	462	19	41	3	0	0.05	NO SOLUTION	0	1	2413	638
random24-4.scen	4	462	19	41	4	0	0.08	OK	21	1	8218	541
random24-4.scen	5	462	19	52	0	0	0.03	NO SOLUTION	0	1	329	0
random24-4.scen	5	462	19	52	1	0	0.04	NO SOLUTION	0	1	812	166
random24-4.scen	5	462	19	52	2	0	0.06	NO SOLUTION	0	1	1924	520
random24-4.scen	5	462	19	52	3	0	0.06	NO SOLUTION	0	1	3161	841
random24-4.scen	5	462	19	52	4	0	0.1	OK	31	2	10622	812
random24-4.scen	6	462	19	70	0	0	0.04	NO SOLUTION	0	1	392	0
random24-4.scen	6	462	19	70	1	0	0.05	NO SOLUTION	0	1	986	198
random24-4.scen	6	462	19	70	2	0	0.07	NO SOLUTION	0	1	2353	654
random24-4.scen	6	462	19	70	3	0	0.08	NO SOLUTION	0	1	3898	1051
random24-4.scen	6	462	19	70	4	0	0.11	OK	32	2	6077	1256
random24-4.scen	7	462	23	93	0	0	0.05	NO SOLUTION	0	1	468	0
random24-4.scen	7	462	23	93	1	0	0.06	NO SOLUTION	0	1	1205	238
random24-4.scen	7	462	23	93	2	0	0.09	NO SOLUTION	0	1	2924	823
random24-4.scen	7	462	23	93	3	0	0.11	NO SOLUTION	0	1	4904	1323
random24-4.scen	7	462	23	93	4	0	0.17	NO SOLUTION	16	5	16966	1331
random24-4.scen	7	462	23	93	5	0	0.2	NO SOLUTION	53	24	23902	2054
random24-4.scen	7	462	23	93	6	0	0.27	OK	129	28	29498	2999
random24-4.scen	8	462	23	97	0	0	0.05	NO SOLUTION	0	1	495	0
random24-4.scen	8	462	23	97	1	0	0.06	NO SOLUTION	0	1	1269	251
random24-4.scen	8	462	23	97	2	0	0.1	NO SOLUTION	0	1	3090	869
random24-4.scen	8	462	23	97	3	0	0.11	NO SOLUTION	0	1	5184	1398
random24-4.scen	8	462	23	97	4	0	0.18	NO SOLUTION	18	5	17814	1434
random24-4.scen	8	462	23	97	5	0	0.22	NO SOLUTION	45	18	25082	2196
random24-4.scen	8	462	23	97	6	0	0.28	OK	134	28	30356	3197
random24-4.scen	9	462	29	126	0	0	0.09	NO SOLUTION	0	1	888	0
random24-4.scen	9	462	29	126	1	0	0.1	NO SOLUTION	0	1	3727	300
random24-4.scen	9	462	29	126	2	0	0.19	NO SOLUTION	0	1	10678	1077
random24-4.scen	9	462	29	126	3	0	0.22	NO SOLUTION	0	1	18121	1885
random24-4.scen	9	462	29	126	4	0	0.31	NO SOLUTION	21	5	27525	2485
random24-4.scen	9	462	29	126	5	0	0.36	NO SOLUTION	49	19	32443	3671
random24-4.scen	9	462	29	126	6	0.01	0.46	OK	158	27	38552	5135
random24-4.scen	10	462	29	148	0	0	0.1	NO SOLUTION	0	1	1112	0
random24-4.scen	10	462	29	148	1	0	0.12	NO SOLUTION	0	1	4740	377
random24-4.scen	10	462	29	148	2	0	0.23	NO SOLUTION	0	1	13339	1309
random24-4.scen	10	462	29	148	3	0	0.27	NO SOLUTION	0	1	22525	2308
random24-4.scen	10	462	29	148	4	0	0.38	NO SOLUTION	22	5	30584	3167
random24-4.scen	10	462	29	148	5	0	0.43	NO SOLUTION	71	24	36591	4650
random24-4.scen	10	462	29	148	6	0.01	0.55	OK	176	28	43838	6460
random24-4.scen	11	462	29	163	0	0	0.11	NO SOLUTION	0	1	1223	0
random24-4.scen	11	462	29	163	1	0	0.14	NO SOLUTION	0	1	5161	419
random24-4.scen	11	462	29	163	2	0	0.26	NO SOLUTION	0	1	14635	1432
random24-4.scen	11	462	29	163	3	0	0.29	NO SOLUTION	0	1	24697	2526
random24-4.scen	11	462	29	163	4	0	0.43	NO SOLUTION	23	5	32066	3537
random24-4.scen	11	462	29	163	5	0	0.48	NO SOLUTION	76	24	38787	5180
random24-4.scen	11	462	29	163	6	0.01	0.62	OK	191	31	46933	7200
random24-4.scen	12	462	29	183	0	0	0.12	NO SOLUTION	0	1	1282	0
random24-4.scen	12	462	29	183	1	0	0.15	NO SOLUTION	0	1	5338	440
random24-4.scen	12	462	29	183	2	0	0.27	NO SOLUTION	0	1	15374	1538
random24-4.scen	12	462	29	183	3	0	0.32	NO SOLUTION	0	1	26206	2706
random24-4.scen	12	462	29	183	4	0	0.47	NO SOLUTION	24	5	33469	3858
random24-4.scen	12	462	29	183	5	0	0.52	NO SOLUTION	91	32	40766	5687
random24-4.scen	12	462	29	183	6	0.01	0.67	OK	263	38	49781	7978
random24-4.scen	13	462	29	191	0	0	0.13	NO SOLUTION	0	1	1297	0
random24-4.scen	13	462	29	191	1	0	0.15	NO SOLUTION	0	1	5398	444
random24-4.scen	13	462	29	191	2	0	0.28	NO SOLUTION	0	1	15648	1582
random24-4.scen	13	462	29	191	3	0	0.33	NO SOLUTION	0	1	26791	2781
random24-4.scen	13	462	29	191	4	0	0.49	NO SOLUTION	26	5	34011	3986
random24-4.scen	13	462	29	191	5	0.01	0.55	NO SOLUTION	96	32	41620	5877
random24-4.scen	13	462	29	191	6	0.01	0.72	OK	242	43	50931	8257
random24-4.scen	14	462	29	194	0	0	0.13	NO SOLUTION	0	1	1307	0
random24-4.scen	14	462	29	194	1	0	0.16	NO SOLUTION	0	1	5428	448
random24-4.scen	14	462	29	194	2	0	0.29	NO SOLUTION	0	1	15765	1600
random24-4.scen	14	462	29	194	3	0	0.35	NO SOLUTION	0	1	27019	2813
random24-4.scen	14	462	29	194	4	0	0.5	NO SOLUTION	27	5	34132	4045
random24-4.scen	14	462	29	194	5	0	0.56	NO SOLUTION	95	33	41922	5962
random24-4.scen	14	462	29	194	6	0.01	0.74	OK	283	45	51501	8375
random24-4.scen	15	462	29	220	0	0	0.14	NO SOLUTION	0	1	1359	0
random24-4.scen	15	462	29	220	1	0	0.17	NO SOLUTION	0	1	5622	463
random24-4.scen	15	462	29	220	2	0	0.32	NO SOLUTION	0	1	17037	1723
random24-4.scen	15	462	29	220	3	0	0.38	NO SOLUTION	0	1	28312	3087
random24-4.scen	15	462	29	220	4	0	0.55	NO SOLUTION	28	7	36365	4568
random24-4.scen	15	462	29	220	5	0.01	0.63	NO SOLUTION	102	32	45199	6791
random24-4.scen	15	462	29	220	6	0.02	0.87	OK	197	36	56272	9696
random24-4.scen	16	462	29	235	0	0	0.15	NO SOLUTION	0	1	1462	0
random24-4.scen	16	462	29	235	1	0	0.18	NO SOLUTION	0	1	5890	505
random24-4.scen	16	462	29	235	2	0	0.34	NO SOLUTION	0	1	18165	1840
random24-4.scen	16	462	29	235	3	0	0.42	NO SOLUTION	0	1	29266	3324
random24-4.scen	16	462	29	235	4	0	0.6	NO SOLUTION	30	7	37885	4929
random24-4.scen	16	462	29	235	5	0.01	0.67	NO SOLUTION	109	32	47290	7325
random24-4.scen	16	462	29	235	6	0.02	0.92	OK	208	37	59034	10518
random24-4.scen	17	462	31	266	0	0	0.19	NO SOLUTION	0	1	1825	0
random24-4.scen	17	462	31	266	1	0	0.23	NO SOLUTION	0	1	7649	622
random24-4.scen	17	462	31	266	2	0	0.47	NO SOLUTION	0	1	22586	2205
random24-4.scen	17	462	31	266	3	0	0.53	NO SOLUTION	0	1	32617	4059
random24-4.scen	17	462	31	266	4	0	0.74	NO SOLUTION	30	5	43100	5920
random24-4.scen	17	462	31	266	5	0.01	0.83	NO SOLUTION	113	32	54501	8877
random24-4.scen	17	462	31	266	6	0.03	1.11	OK	237	37	68505	12894
random24-4.scen	18	462	31	285	0	0	0.21	NO SOLUTION	0	1	2079	0
random24-4.scen	18	462	31	285	1	0	0.26	NO SOLUTION	0	1	8719	693
random24-4.scen	18	462	31	285	2	0	0.5	NO SOLUTION	0	1	25152	2470
random24-4.scen	18	462	31	285	3	0	0.57	NO SOLUTION	0	1	34561	4573
random24-4.scen	18	462	31	285	4	0	0.79	NO SOLUTION	31	5	45895	6639
random24-4.scen	18	462	31	285	5	0.01	0.92	NO SOLUTION	105	24	58072	9919
random24-4.scen	18	462	31	285	6	0.02	1.18	NO SOLUTION	93	34	73526	14469
random24-4.scen	18	462	31	285	7	0.08	1.36	OK	688	95	89403	19277
random24-4.scen	19	462	31	295	0	0	0.22	NO SOLUTION	0	1	2103	0
random24-4.scen	19	462	31	295	1	0	0.28	NO SOLUTION	0	1	8801	700
random24-4.scen	19	462	31	295	2	0	0.52	NO SOLUTION	0	1	25521	2528
random24-4.scen	19	462	31	295	3	0	0.59	NO SOLUTION	0	1	34955	4683
random24-4.scen	19	462	31	295	4	0	0.82	NO SOLUTION	33	5	46537	6828
random24-4.scen	19	462	31	295	5	0.01	0.96	NO SOLUTION	109	24	59300	10246
random24-4.scen	19	462	31	295	6	0.01	1.22	NO SOLUTION	92	30	75082	14932
random24-4.scen	19	462	31	295	7	0.03	1.37	OK	407	66	91465	19928
random24-4.scen	20	462	31	314	0	0	0.24	NO SOLUTION	0	1	2237	0
random24-4.scen	20	462	31	314	1	0	0.29	NO SOLUTION	0	1	9350	753
random24-4.scen	20	462	31	314	2	0	0.55	NO SOLUTION	0	1	27211	2703
random24-4.scen	20	462	31	314	3	0	0.62	NO SOLUTION	0	1	36321	5069
random24-4.scen	20	462	31	314	4	0	0.9	NO SOLUTION	34	5	48721	7367
random24-4.scen	20	462	31	314	5	0.01	1.02	NO SOLUTION	115	24	62656	11170
random24-4.scen	20	462	31	314	6	0.02	1.3	NO SOLUTION	107	33	79254	16237
random24-4.scen	20	462	31	314	7	0.05	1.46	OK	583	86	96684	21710
random24-4.scen	21	462	31	322	0	0	0.25	NO SOLUTION	0	1	2258	0
random24-4.scen	21	462	31	322	1	0	0.3	NO SOLUTION	0	1	9419	760
random24-4.scen	21	462	31	322	2	0	0.57	NO SOLUTION	0	1	27401	2762
random24-4.scen	21	462	31	322	3	0	0.64	NO SOLUTION	0	1	36719	5164
random24-4.scen	21	462	31	322	4	0	0.91	NO SOLUTION	36	5	49333	7503
random24-4.scen	21	462	31	322	5	0.01	1.03	NO SOLUTION	122	24	63620	11404
random24-4.scen	21	462	31	322	6	0.02	1.33	NO SOLUTION	99	24	80593	16614
random24-4.scen	21	462	31	322	7	0.05	1.51	OK	584	86	98458	22229
random24-4.scen	22	462	31	345	0	0	0.26	NO SOLUTION	0	1	2432	0
random24-4.scen	22	462	31	345	1	0	0.32	NO SOLUTION	0	1	10030	827
random24-4.scen	22	462	31	345	2	0	0.61	NO SOLUTION	0	1	28284	2988
random24-4.scen	22	462	31	345	3	0	0.68	NO SOLUTION	0	1	38199	5558
random24-4.scen	22	462	31	345	4	0	0.97	NO SOLUTION	39	7	51587	8142
random24-4.scen	22	462	31	345	5	0.01	1.11	NO SOLUTION	126	24	66952	12388
random24-4.scen	22	462	31	345	6	0.02	1.42	NO SOLUTION	132	31	85098	17976
random24-4.scen	22	462	31	345	7	0.04	1.58	OK	528	63	104128	23996
random24-4.scen	23	462	31	361	0	0	0.29	NO SOLUTION	0	1	2594	0
random24-4.scen	23	462	31	361	1	0	0.34	NO SOLUTION	0	1	10780	882
random24-4.scen	23	462	31	361	2	0	0.63	NO SOLUTION	0	1	29167	3190
random24-4.scen	23	462	31	361	3	0	0.71	NO SOLUTION	0	1	39581	5894
random24-4.scen	23	462	31	361	4	0	1.01	NO SOLUTION	42	7	53629	8681
random24-4.scen	23	462	31	361	5	0.01	1.17	NO SOLUTION	134	24	69743	13286
random24-4.scen	23	462	31	361	6	0.02	1.48	NO SOLUTION	114	30	88688	19239
random24-4.scen	23	462	31	361	7	0.05	1.67	OK	470	58	108582	25625
random24-4.scen	24	462	31	375	0	0	0.3	NO SOLUTION	0	1	2686	0
random24-4.scen	24	462	31	375	1	0	0.36	NO SOLUTION	0	1	11125	917
random24-4.scen	24	462	31	375	2	0	0.66	NO SOLUTION	0	1	29695	3331
random24-4.scen	24	462	31	375	3	0	0.74	NO SOLUTION	0	1	40296	6143
random24-4.scen	24	462	31	375	4	0	1.05	NO SOLUTION	41	5	54782	9128
random24-4.scen	24	462	31	375	5	0.01	1.19	NO SOLUTION	139	24	71440	13973
random24-4.scen	24	462	31	375	6	0.02	1.52	NO SOLUTION	109	29	90857	20126
random24-4.scen	24	462	31	375	7	0.05	1.72	OK	515	62	111236	26720
random24-4.scen	25	462	31	387	0	0	0.31	NO SOLUTION	0	1	2777	0
random24-4.scen	25	462	31	387	1	0	0.38	NO SOLUTION	0	1	11469	957
random24-4.scen	25	462	31	387	2	0	0.68	NO SOLUTION	0	1	30136	3458
random24-4.scen	25	462	31	387	3	0	0.77	NO SOLUTION	0	1	41196	6362
random24-4.scen	25	462	31	387	4	0	1.09	NO SOLUTION	45	7	55962	9485
random24-4.scen	25	462	31	387	5	0.01	1.24	NO SOLUTION	144	24	73145	14537
random24-4.scen	25	462	31	387	6	0.02	1.58	NO SOLUTION	119	30	93148	20901
random24-4.scen	25	462	31	387	7	0.06	1.79	OK	697	67	114104	27744
random24-4.scen	26	462	31	409	0	0	0.33	NO SOLUTION	0	1	3079	0
random24-4.scen	26	462	31	409	1	0	0.41	NO SOLUTION	0	1	12886	1050
random24-4.scen	26	462	31	409	2	0	0.72	NO SOLUTION	0	1	31747	3790
random24-4.scen	26	462	31	409	3	0	0.82	NO SOLUTION	0	1	43659	6983
random24-4.scen	26	462	31	409	4	0	1.17	NO SOLUTION	48	7	60504	10804
random24-4.scen	26	462	31	409	5	0.01	1.31	NO SOLUTION	85	18	78272	16195
random24-4.scen	26	462	31	409	6	0.02	1.68	NO SOLUTION	131	37	99796	23203
random24-4.scen	26	462	31	409	7	0.07	1.91	OK	748	81	122154	30708
random24-4.scen	27	462	31	424	0	0	0.35	NO SOLUTION	0	1	3154	0
random24-4.scen	27	462	31	424	1	0	0.42	NO SOLUTION	0	1	13088	1080
random24-4.scen	27	462	31	424	2	0	0.74	NO SOLUTION	0	1	32223	3919
random24-4.scen	27	462	31	424	3	0	0.85	NO SOLUTION	0	1	44531	7209
random24-4.scen	27	462	31	424	4	0	1.22	NO SOLUTION	50	5	62109	11317
random24-4.scen	27	462	31	424	5	0.01	1.36	NO SOLUTION	90	20	80559	17022
random24-4.scen	27	462	31	424	6	0.03	1.75	NO SOLUTION	256	52	102909	24389
random24-4.scen	27	462	31	424	7	0.08	2.02	OK	766	85	111412	32438
random24-4.scen	28	462	31	437	0	0	0.35	NO SOLUTION	0	1	3167	0
random24-4.scen	28	462	31	437	1	0	0.44	NO SOLUTION	0	1	13168	1081
random24-4.scen	28	462	31	437	2	0	0.76	NO SOLUTION	0	1	32377	3990
random24-4.scen	28	462	31	437	3	0	0.87	NO SOLUTION	0	1	45023	7339
random24-4.scen	28	462	31	437	4	0	1.25	NO SOLUTION	50	5	63017	11582
random24-4.scen	28	462	31	437	5	0.01	1.4	NO SOLUTION	90	18	81931	17453
random24-4.scen	28	462	31	437	6	0.02	1.85	NO SOLUTION	117	32	104870	25070
random24-4.scen	28	462	31	437	7	0.08	2.08	OK	744	85	113970	33378
random24-4.scen	29	462	31	462	0	0	0.38	NO SOLUTION	0	1	3452	0
random24-4.scen	29	462	31	462	1	0	0.5	NO SOLUTION	0	1	14608	1178
random24-4.scen	29	462	31	462	2	0	0.81	NO SOLUTION	0	1	34014	4384
random24-4.scen	29	462	31	462	3	0	0.95	NO SOLUTION	0	1	47503	8116
random24-4.scen	29	462	31	462	4	0	1.32	NO SOLUTION	52	5	67147	12886
random24-4.scen	29	462	31	462	5	0.01	1.48	NO SOLUTION	93	18	87305	19302
random24-4.scen	29	462	31	462	6	0.03	1.97	NO SOLUTION	180	52	97179	27853
random24-4.scen	29	462	31	462	7	0.05	2.17	OK	515	48	122418	36450
random24-4.scen	30	462	31	462	0	0	0.38	NO SOLUTION	0	1	3452	0
random24-4.scen	30	462	31	462	1	0	0.49	NO SOLUTION	0	1	14608	1178
random24-4.scen	30	462	31	462	2	0	0.83	NO SOLUTION	0	1	34032	4392
random24-4.scen	30	462	31	462	3	0	0.97	NO SOLUTION	0	1	47543	8131
random24-4.scen	30	462	31	462	4	0	1.34	NO SOLUTION	52	5	67229	12909
random24-4.scen	30	462	31	462	5	0.01	1.51	NO SOLUTION	93	18	87435	19333
random24-4.scen	30	462	31	462	6	0.03	1.98	NO SOLUTION	259	52	97389	27894
random24-4.scen	30	462	31	462	7	0.05	2.2	OK	520	48	122721	36498
random24-4.scen	31	462	31	476	0	0	0.39	NO SOLUTION	0	1	3452	0
random24-4.scen	31	462	31	476	1	0	0.5	NO SOLUTION	0	1	14787	1205
random24-4.scen	31	462	31	476	2	0	0.85	NO SOLUTION	0	1	34410	4502
random24-4.scen	31	462	31	476	3	0	1.01	NO SOLUTION	0	1	48254	8329
random24-4.scen	31	462	31	476	4	0	1.38	NO SOLUTION	54	5	68605	13299
random24-4.scen	31	462	31	476	5	0.01	1.56	NO SOLUTION	96	18	89437	19965
random24-4.scen	31	462	31	476	6	0.02	2.02	NO SOLUTION	177	38	100229	28848
random24-4.scen	31	462	31	476	7	0.06	2.28	NO SOLUTION	479	53	126368	37728
random24-4.scen	31	462	31	476	8	0.15	2.86	NO SOLUTION	621	165	156700	48567
random24-4.scen	31	462	31	476	9	0.13	3.14	OK	1242	163	187706	59263
random24-4.scen	32	462	31	498	0	0	0.41	NO SOLUTION	0	1	3718	0
random24-4.scen	32	462	31	498	1	0	0.53	NO SOLUTION	0	1	16037	1298
random24-4.scen	32	462	31	498	2	0	0.93	NO SOLUTION	0	1	35732	4863
random24-4.scen	32	462	31	498	3	0	1.05	NO SOLUTION	0	1	50324	8956
random24-4.scen	32	462	31	498	4	0.01	1.46	NO SOLUTION	53	5	71845	14368
random24-4.scen	32	462	31	498	5	0.01	1.6	NO SOLUTION	96	21	79190	21779
random24-4.scen	32	462	31	498	6	0.03	2.13	NO SOLUTION	272	52	105643	30765
random24-4.scen	32	462	31	498	7	0.04	2.37	NO SOLUTION	204	43	132955	40023
random24-4.scen	32	462	31	498	8	0.13	2.96	NO SOLUTION	676	138	164503	51334
random24-4.scen	32	462	31	498	9	0.15	3.33	OK	1267	164	196840	62478
random24-4.scen	33	462	31	524	0	0	0.45	NO SOLUTION	0	1	3872	0
random24-4.scen	33	462	31	524	1	0	0.56	NO SOLUTION	0	1	16653	1366
random24-4.scen	33	462	31	524	2	0	0.96	NO SOLUTION	0	1	36806	5140
random24-4.scen	33	462	31	524	3	0	1.1	NO SOLUTION	0	1	52187	9454
random24-4.scen	33	462	31	524	4	0.01	1.53	NO SOLUTION	58	6	75116	14878
random24-4.scen	33	462	31	524	5	0.01	1.69	NO SOLUTION	106	23	83668	22624
random24-4.scen	33	462	31	524	6	0.02	2.22	NO SOLUTION	149	41	111511	32052
random24-4.scen	33	462	31	524	7	0.04	2.49	NO SOLUTION	233	40	140178	41748
random24-4.scen	33	462	31	524	8	0.18	3.16	NO SOLUTION	547	145	173233	53573
random24-4.scen	33	462	31	524	9	0.12	3.46	OK	1180	109	207005	65207
random24-4.scen	34	462	31	534	0	0	0.46	NO SOLUTION	0	1	3934	0
random24-4.scen	34	462	31	534	1	0	0.58	NO SOLUTION	0	1	16872	1391
random24-4.scen	34	462	31	534	2	0	0.99	NO SOLUTION	0	1	37209	5241
random24-4.scen	34	462	31	534	3	0	1.12	NO SOLUTION	0	1	52900	9647
random24-4.scen	34	462	31	534	4	0.01	1.56	NO SOLUTION	61	6	76155	15204
random24-4.scen	34	462	31	534	5	0.01	1.74	NO SOLUTION	110	23	85065	23090
random24-4.scen	34	462	31	534	6	0.04	2.3	NO SOLUTION	292	53	113334	32672
random24-4.scen	34	462	31	534	7	0.05	2.55	NO SOLUTION	242	41	142422	42533
random24-4.scen	34	462	31	534	8	0.21	3.29	NO SOLUTION	598	195	175985	54518
random24-4.scen	34	462	31	534	9	0.13	3.51	OK	1288	118	210283	66301
random24-4.scen	35	462	31	557	0	0	0.49	NO SOLUTION	0	1	4213	0
random24-4.scen	35	462	31	557	1	0	0.61	NO SOLUTION	0	1	18166	1488
random24-4.scen	35	462	31	557	2	0	1.03	NO SOLUTION	0	1	38593	5638
random24-4.scen	35	462	31	557	3	0	1.14	NO SOLUTION	0	1	42003	11332
random24-4.scen	35	462	31	557	4	0.01	1.58	NO SOLUTION	64	7	65237	16823
random24-4.scen	35	462	31	557	5	0.01	1.79	NO SOLUTION	112	23	89756	24647
random24-4.scen	35	462	31	557	6	0.03	2.37	NO SOLUTION	157	41	119294	34600
random24-4.scen	35	462	31	557	7	0.06	2.66	NO SOLUTION	247	43	149769	44833
random24-4.scen	35	462	31	557	8	0.14	3.38	NO SOLUTION	785	164	184867	57249
random24-4.scen	35	462	31	557	9	0.18	3.73	OK	1373	201	220833	69582
random24-4.scen	36	462	31	564	0	0	0.49	NO SOLUTION	0	1	4125	0
random24-4.scen	36	462	31	564	1	0	0.62	NO SOLUTION	0	1	18210	1489
random24-4.scen	36	462	31	564	2	0	1.06	NO SOLUTION	0	1	38710	5691
random24-4.scen	36	462	31	564	3	0	1.17	NO SOLUTION	0	1	42335	11437
random24-4.scen	36	462	31	564	4	0.01	1.6	NO SOLUTION	66	7	65833	16316
random24-4.scen	36	462	31	564	5	0.01	1.83	NO SOLUTION	114	23	90629	24127
random24-4.scen	36	462	31	564	6	0.02	2.42	NO SOLUTION	161	41	120523	34148
random24-4.scen	36	462	31	564	7	0.04	2.69	NO SOLUTION	308	42	151372	44498
random24-4.scen	36	462	31	564	8	0.08	3.39	NO SOLUTION	486	82	186927	57063
random24-4.scen	36	462	31	564	9	0.2	3.84	NO SOLUTION	1074	193	223366	69527
random24-4.scen	36	462	31	564	10	0.2	4.19	NO SOLUTION	749	198	264358	83727
random24-4.scen	36	462	31	564	11	0.35	4.69	NO SOLUTION	1933	278	306279	97897
random24-4.scen	36	462	31	564	12	0.83	5.93	NO SOLUTION	1712	455	352450	113655
random24-4.scen	36	462	31	564	13	0.94	6.4	OK	4027	536	399579	129349
random24-4.scen	37	462	31	579	0	0	0.51	NO SOLUTION	0	1	4182	0
random24-4.scen	37	462	31	579	1	0	0.64	NO SOLUTION	0	1	18365	1512
random24-4.scen	37	462	31	579	2	0	1.08	NO SOLUTION	0	1	39104	5811
random24-4.scen	37	462	31	579	3	0	1.19	NO SOLUTION	0	1	43113	11709
random24-4.scen	37	462	31	579	4	0.01	1.65	NO SOLUTION	68	7	67124	16479
random24-4.scen	37	462	31	579	5	0.01	1.87	NO SOLUTION	117	23	92401	24377
random24-4.scen	37	462	31	579	6	0.02	2.43	NO SOLUTION	164	41	122981	34607
random24-4.scen	37	462	31	579	7	0.04	2.77	NO SOLUTION	309	34	154572	45134
random24-4.scen	37	462	31	579	8	0.08	3.46	NO SOLUTION	506	86	191056	57894
random24-4.scen	37	462	31	579	9	0.16	3.66	NO SOLUTION	632	154	228460	70548
random24-4.scen	37	462	31	579	10	0.15	4.24	NO SOLUTION	757	155	270575	85029
random24-4.scen	37	462	31	579	11	0.37	4.81	NO SOLUTION	996	256	313690	99448
random24-4.scen	37	462	31	579	12	0.64	5.92	NO SOLUTION	1499	427	361191	115540
random24-4.scen	37	462	31	579	13	0.59	6.25	NO SOLUTION	2552	390	409718	131538
random24-4.scen	37	462	31	579	14	0.95	7.47	NO SOLUTION	1777	588	462526	149099
random24-4.scen	37	462	31	579	15	2.08	9.01	NO SOLUTION	4149	1070	516505	166565
random24-4.scen	37	462	31	579	16	2.73	10.49	NO SOLUTION	5118	826	574429	185352
random24-4.scen	37	462	31	579	17	4.45	12.71	OK	5533	1275	633547	204149
random24-4.scen	38	462	31	598	0	0	0.52	NO SOLUTION	0	1	4295	0
random24-4.scen	38	462	31	598	1	0	0.65	NO SOLUTION	0	1	18739	1565
random24-4.scen	38	462	31	598	2	0	1.1	NO SOLUTION	0	1	39720	6046
random24-4.scen	38	462	31	598	3	0	1.22	NO SOLUTION	0	1	44336	12186
random24-4.scen	38	462	31	598	4	0.01	1.71	NO SOLUTION	70	7	69045	17173
random24-4.scen	38	462	31	598	5	0.01	1.98	NO SOLUTION	119	23	95012	25352
random24-4.scen	38	462	31	598	6	0.02	2.49	NO SOLUTION	167	41	126443	35960
random24-4.scen	38	462	31	598	7	0.04	2.8	NO SOLUTION	279	34	158926	46791
random24-4.scen	38	462	31	598	8	0.08	3.59	NO SOLUTION	548	90	196484	59872
random24-4.scen	38	462	31	598	9	0.16	3.76	NO SOLUTION	655	172	235047	72820
random24-4.scen	38	462	31	598	10	0.16	4.42	NO SOLUTION	768	155	278489	87720
random24-4.scen	38	462	31	598	11	0.46	5.06	NO SOLUTION	1926	398	322962	102513
random24-4.scen	38	462	31	598	12	0.36	5.83	NO SOLUTION	1327	283	371944	119011
random24-4.scen	38	462	31	598	13	0.57	6.49	NO SOLUTION	2105	428	421975	135427
random24-4.scen	38	462	31	598	14	0.76	7.52	NO SOLUTION	2436	510	476374	153396
random24-4.scen	38	462	31	598	15	2.82	10.01	NO SOLUTION	4598	1339	531976	171327
random24-4.scen	38	462	31	598	16	4.07	11.96	NO SOLUTION	8742	1469	591586	190606
random24-4.scen	38	462	31	598	17	2.98	11.34	OK	9227	1520	652421	209926
random24-4.scen	39	462	31	605	0	0	0.54	NO SOLUTION	0	1	4168	0
random24-4.scen	39	462	31	605	1	0	0.66	NO SOLUTION	0	1	18801	1573
random24-4.scen	39	462	31	605	2	0	1.12	NO SOLUTION	0	1	39860	6095
random24-4.scen	39	462	31	605	3	0	1.25	NO SOLUTION	0	1	44663	12276
random24-4.scen	39	462	31	605	4	0.01	1.74	NO SOLUTION	71	7	69595	17319
random24-4.scen	39	462	31	605	5	0.01	2.01	NO SOLUTION	121	23	95856	25562
random24-4.scen	39	462	31	605	6	0.02	2.54	NO SOLUTION	169	41	127593	36301
random24-4.scen	39	462	31	605	7	0.05	2.87	NO SOLUTION	281	34	160446	47219
random24-4.scen	39	462	31	605	8	0.08	3.57	NO SOLUTION	537	84	198375	60460
random24-4.scen	39	462	31	605	9	0.19	3.88	NO SOLUTION	840	165	237366	73518
random24-4.scen	39	462	31	605	10	0.16	4.51	NO SOLUTION	616	137	281236	88575
random24-4.scen	39	462	31	605	11	0.45	5.25	NO SOLUTION	1001	279	326190	103498
random24-4.scen	39	462	31	605	12	0.45	6.04	NO SOLUTION	2794	453	375685	120121
random24-4.scen	39	462	31	605	13	0.86	6.82	NO SOLUTION	1768	498	426263	136700
random24-4.scen	39	462	31	605	14	0.94	7.8	NO SOLUTION	1720	438	481274	154814
random24-4.scen	39	462	31	605	15	2.11	9.41	NO SOLUTION	4428	1034	537521	172928
random24-4.scen	39	462	31	605	16	2.65	10.65	NO SOLUTION	3891	906	597847	192379
random24-4.scen	39	462	31	605	17	3.74	12.2	NO SOLUTION	11392	1347	659408	211926
random24-4.scen	39	462	31	605	18	8.36	17.73	NO SOLUTION	10795	1924	724759	232576
