random16-3.scen	1	212	16	16	0	0	0.01	OK	8	0	99	10
random16-3.scen	2	212	16	24	0	0	0.02	OK	11	0	144	14
random16-3.scen	3	212	16	36	0	0	0.02	OK	16	0	197	19
random16-3.scen	4	212	16	46	0	0	0.02	OK	18	0	232	17
random16-3.scen	5	212	16	49	0	0	0.02	OK	19	0	242	17
random16-3.scen	6	212	16	62	0	0	0.03	OK	26	0	463	34
random16-3.scen	7	212	16	73	0	0	0.03	OK	23	0	507	34
random16-3.scen	8	212	16	89	0	0	0.04	NO SOLUTION	0	1	588	0
random16-3.scen	8	212	16	89	1	0	0.04	NO SOLUTION	0	1	1402	295
random16-3.scen	8	212	16	89	2	0	0.07	OK	30	3	3367	168
random16-3.scen	9	212	16	100	0	0	0.03	NO SOLUTION	0	1	632	0
random16-3.scen	9	212	16	100	1	0	0.04	NO SOLUTION	0	1	1525	317
random16-3.scen	9	212	16	100	2	0	0.08	OK	39	4	3651	183
random16-3.scen	10	212	16	113	0	0	0.04	NO SOLUTION	0	1	652	0
random16-3.scen	10	212	16	113	1	0	0.04	NO SOLUTION	0	1	1616	323
random16-3.scen	10	212	16	113	2	0	0.08	OK	38	4	3930	188
random16-3.scen	11	212	16	129	0	0	0.04	NO SOLUTION	0	1	827	0
random16-3.scen	11	212	16	129	1	0	0.05	NO SOLUTION	0	1	2014	407
random16-3.scen	11	212	16	129	2	0	0.1	OK	53	5	4782	237
random16-3.scen	12	212	16	141	0	0	0.05	NO SOLUTION	0	1	911	0
random16-3.scen	12	212	16	141	1	0	0.06	NO SOLUTION	0	1	2216	450
random16-3.scen	12	212	16	141	2	0	0.11	OK	58	5	5291	268
random16-3.scen	13	212	16	152	0	0	0.05	NO SOLUTION	0	1	922	0
random16-3.scen	13	212	16	152	1	0	0.06	NO SOLUTION	0	1	2284	451
random16-3.scen	13	212	16	152	2	0	0.11	OK	56	5	5520	274
random16-3.scen	14	212	16	165	0	0	0.05	NO SOLUTION	0	1	1029	0
random16-3.scen	14	212	16	165	1	0	0.07	NO SOLUTION	0	1	2542	511
random16-3.scen	14	212	16	165	2	0	0.12	OK	63	5	6085	308
random16-3.scen	15	212	22	187	0	0	0.1	NO SOLUTION	0	1	1341	0
random16-3.scen	15	212	22	187	1	0	0.12	NO SOLUTION	0	1	5258	459
random16-3.scen	15	212	22	187	2	0	0.22	OK	106	6	15308	140
random16-3.scen	16	212	22	199	0	0	0.1	NO SOLUTION	0	1	1436	0
random16-3.scen	16	212	22	199	1	0	0.13	NO SOLUTION	0	1	5648	493
random16-3.scen	16	212	22	199	2	0	0.21	OK	88	7	8172	419
random16-3.scen	17	212	22	209	0	0	0.1	NO SOLUTION	0	1	1509	0
random16-3.scen	17	212	22	209	1	0	0.14	NO SOLUTION	0	1	5853	522
random16-3.scen	17	212	22	209	2	0	0.23	OK	110	8	8536	447
random16-3.scen	18	212	22	221	0	0	0.1	NO SOLUTION	0	1	1464	0
random16-3.scen	18	212	22	221	1	0	0.14	NO SOLUTION	0	1	5937	526
random16-3.scen	18	212	22	221	2	0	0.24	NO SOLUTION	0	1	8828	2331
random16-3.scen	18	212	22	221	3	0	0.28	NO SOLUTION	111	37	14766	3571
random16-3.scen	18	212	22	221	4	0.01	0.42	OK	276	81	23149	6047
random16-3.scen	19	212	22	239	0	0	0.11	NO SOLUTION	0	1	1627	0
random16-3.scen	19	212	22	239	1	0	0.15	NO SOLUTION	0	1	6651	594
random16-3.scen	19	212	22	239	2	0	0.26	NO SOLUTION	0	1	9765	2605
random16-3.scen	19	212	22	239	3	0	0.3	NO SOLUTION	50	14	16269	3716
random16-3.scen	19	212	22	239	4	0.01	0.45	NO SOLUTION	132	49	25302	6365
random16-3.scen	19	212	22	239	5	0.02	0.53	NO SOLUTION	251	92	34746	9463
random16-3.scen	19	212	22	239	6	0.03	0.69	OK	650	119	46309	13364
random16-3.scen	20	212	22	249	0	0	0.12	NO SOLUTION	0	1	1650	0
random16-3.scen	20	212	22	249	1	0	0.15	NO SOLUTION	0	1	6736	601
random16-3.scen	20	212	22	249	2	0	0.27	NO SOLUTION	0	1	10006	2685
random16-3.scen	20	212	22	249	3	0	0.32	NO SOLUTION	50	14	16675	3861
random16-3.scen	20	212	22	249	4	0.01	0.46	NO SOLUTION	136	49	25945	6643
random16-3.scen	20	212	22	249	5	0.02	0.54	NO SOLUTION	401	93	35630	9831
random16-3.scen	20	212	22	249	6	0.04	0.73	NO SOLUTION	604	205	47548	13843
random16-3.scen	20	212	22	249	7	0.06	0.83	OK	989	171	59822	17877
random16-3.scen	21	212	22	266	0	0	0.13	NO SOLUTION	0	1	1690	0
random16-3.scen	21	212	22	266	1	0	0.16	NO SOLUTION	0	1	6897	612
random16-3.scen	21	212	22	266	2	0	0.28	NO SOLUTION	0	1	10410	2832
random16-3.scen	21	212	22	266	3	0	0.33	NO SOLUTION	51	14	17373	4111
random16-3.scen	21	212	22	266	4	0.01	0.49	NO SOLUTION	134	49	27173	7051
random16-3.scen	21	212	22	266	5	0.01	0.58	NO SOLUTION	219	76	37476	10398
random16-3.scen	21	212	22	266	6	0.04	0.76	NO SOLUTION	595	185	50239	14699
random16-3.scen	21	212	22	266	7	0.07	0.9	NO SOLUTION	536	197	63397	19040
random16-3.scen	21	212	22	266	8	0.1	1.13	NO SOLUTION	816	221	78580	24297
random16-3.scen	21	212	22	266	9	0.18	1.27	OK	1257	297	94159	29533
random16-3.scen	22	212	22	272	0	0	0.13	NO SOLUTION	0	1	1707	0
random16-3.scen	22	212	22	272	1	0	0.16	NO SOLUTION	0	1	6962	619
random16-3.scen	22	212	22	272	2	0	0.29	NO SOLUTION	0	1	10569	2880
random16-3.scen	22	212	22	272	3	0	0.34	NO SOLUTION	51	14	17661	4171
random16-3.scen	22	212	22	272	4	0.01	0.51	NO SOLUTION	134	49	27611	7155
random16-3.scen	22	212	22	272	5	0.01	0.59	NO SOLUTION	223	77	38078	10550
random16-3.scen	22	212	22	272	6	0.03	0.77	NO SOLUTION	429	121	51024	14915
random16-3.scen	22	212	22	272	7	0.08	0.93	NO SOLUTION	872	191	64370	19321
random16-3.scen	22	212	22	272	8	0.13	1.13	NO SOLUTION	791	231	79771	24651
random16-3.scen	22	212	22	272	9	0.12	1.26	OK	1070	248	95584	29946
random16-3.scen	23	212	22	280	0	0	0.13	NO SOLUTION	0	1	1722	0
random16-3.scen	23	212	22	280	1	0	0.17	NO SOLUTION	0	1	7030	623
random16-3.scen	23	212	22	280	2	0	0.29	NO SOLUTION	0	1	10768	2960
random16-3.scen	23	212	22	280	3	0	0.35	NO SOLUTION	18	6	18021	4053
random16-3.scen	23	212	22	280	4	0.01	0.52	NO SOLUTION	106	19	28201	7051
random16-3.scen	23	212	22	280	5	0.01	0.61	NO SOLUTION	224	84	38910	10470
random16-3.scen	23	212	22	280	6	0.03	0.8	NO SOLUTION	480	119	52189	14892
random16-3.scen	23	212	22	280	7	0.06	0.94	NO SOLUTION	552	149	65903	19409
random16-3.scen	23	212	22	280	8	0.11	1.16	NO SOLUTION	1199	228	81788	24912
random16-3.scen	23	212	22	280	9	0.16	1.33	NO SOLUTION	1080	352	98109	30380
random16-3.scen	23	212	22	280	10	0.34	1.72	NO SOLUTION	1204	427	116230	36634
random16-3.scen	23	212	22	280	11	0.48	1.97	OK	1938	516	134757	42828
random16-3.scen	24	212	22	293	0	0	0.14	NO SOLUTION	0	1	1850	0
random16-3.scen	24	212	22	293	1	0	0.18	NO SOLUTION	0	1	7479	678
random16-3.scen	24	212	22	293	2	0	0.31	NO SOLUTION	0	1	11394	3227
random16-3.scen	24	212	22	293	3	0	0.37	NO SOLUTION	19	6	18960	4371
random16-3.scen	24	212	22	293	4	0.01	0.55	NO SOLUTION	129	24	29544	7569
random16-3.scen	24	212	22	293	5	0.01	0.63	NO SOLUTION	237	80	40674	11173
random16-3.scen	24	212	22	293	6	0.04	0.84	NO SOLUTION	500	148	54415	15751
random16-3.scen	24	212	22	293	7	0.08	0.99	NO SOLUTION	667	217	68627	20424
random16-3.scen	24	212	22	293	8	0.18	1.27	NO SOLUTION	940	357	85090	26053
random16-3.scen	24	212	22	293	9	0.18	1.4	NO SOLUTION	893	294	102035	31673
random16-3.scen	24	212	22	293	10	0.38	1.82	NO SOLUTION	1905	543	120860	38120
random16-3.scen	24	212	22	293	11	0.41	1.97	OK	1713	475	140113	44517
random16-3.scen	25	212	22	297	0	0	0.15	NO SOLUTION	0	1	1854	0
random16-3.scen	25	212	22	297	1	0	0.19	NO SOLUTION	0	1	7505	679
random16-3.scen	25	212	22	297	2	0	0.32	NO SOLUTION	0	1	11474	3260
random16-3.scen	25	212	22	297	3	0	0.37	NO SOLUTION	19	6	19115	4429
random16-3.scen	25	212	22	297	4	0.01	0.56	NO SOLUTION	112	22	29816	7659
random16-3.scen	25	212	22	297	5	0.01	0.65	NO SOLUTION	238	80	41075	11309
random16-3.scen	25	212	22	297	6	0.05	0.87	NO SOLUTION	626	165	55010	15951
random16-3.scen	25	212	22	297	7	0.06	0.96	NO SOLUTION	566	172	69414	20700
random16-3.scen	25	212	22	297	8	0.17	1.3	NO SOLUTION	910	330	86152	26430
random16-3.scen	25	212	22	297	9	0.23	1.49	NO SOLUTION	895	321	103379	32125
random16-3.scen	25	212	22	297	10	0.33	1.8	NO SOLUTION	1348	411	122542	38668
random16-3.scen	25	212	22	297	11	0.47	2.08	OK	1715	464	142147	45157
random16-3.scen	26	212	22	304	0	0	0.15	NO SOLUTION	0	1	1861	0
random16-3.scen	26	212	22	304	1	0	0.19	NO SOLUTION	0	1	7549	680
random16-3.scen	26	212	22	304	2	0	0.33	NO SOLUTION	0	1	11643	3311
random16-3.scen	26	212	22	304	3	0	0.39	NO SOLUTION	19	6	19429	4510
random16-3.scen	26	212	22	304	4	0.01	0.57	NO SOLUTION	127	24	30364	7822
random16-3.scen	26	212	22	304	5	0.01	0.67	NO SOLUTION	240	81	41846	11543
random16-3.scen	26	212	22	304	6	0.04	0.89	NO SOLUTION	505	146	56106	16312
random16-3.scen	26	212	22	304	7	0.05	0.98	NO SOLUTION	546	136	70857	21132
random16-3.scen	26	212	22	304	8	0.15	1.31	NO SOLUTION	516	250	87986	27004
random16-3.scen	26	212	22	304	9	0.19	1.51	NO SOLUTION	922	325	105623	32822
random16-3.scen	26	212	22	304	10	0.43	1.95	NO SOLUTION	1510	477	125230	39510
random16-3.scen	26	212	22	304	11	0.63	2.28	OK	2223	613	145316	46133
random16-3.scen	27	212	22	309	0	0	0.15	NO SOLUTION	0	1	1866	0
random16-3.scen	27	212	22	309	1	0	0.2	NO SOLUTION	0	1	7581	681
random16-3.scen	27	212	22	309	2	0	0.34	NO SOLUTION	0	1	11744	3342
random16-3.scen	27	212	22	309	3	0	0.4	NO SOLUTION	19	6	19615	4566
random16-3.scen	27	212	22	309	4	0.01	0.58	NO SOLUTION	118	20	30678	7916
random16-3.scen	27	212	22	309	5	0.02	0.68	NO SOLUTION	277	87	42299	11693
random16-3.scen	27	212	22	309	6	0.03	0.9	NO SOLUTION	429	105	56733	16551
random16-3.scen	27	212	22	309	7	0.05	1.01	NO SOLUTION	505	142	71650	21465
random16-3.scen	27	212	22	309	8	0.11	1.31	NO SOLUTION	828	225	89005	27432
random16-3.scen	27	212	22	309	9	0.27	1.59	NO SOLUTION	1321	492	106864	33344
random16-3.scen	27	212	22	309	10	0.41	1.95	NO SOLUTION	1557	557	126770	40099
random16-3.scen	27	212	22	309	11	0.47	2.16	NO SOLUTION	1606	475	147180	46792
random16-3.scen	27	212	22	309	12	0.8	2.76	NO SOLUTION	2154	771	169651	54234
random16-3.scen	27	212	22	309	13	1.54	3.66	NO SOLUTION	2737	1057	192701	61610
random16-3.scen	27	212	22	309	14	1.49	3.95	OK	3526	977	217636	69590
random16-3.scen	28	212	22	322	0	0	0.16	NO SOLUTION	0	1	1878	0
random16-3.scen	28	212	22	322	1	0	0.21	NO SOLUTION	0	1	7680	688
random16-3.scen	28	212	22	322	2	0	0.35	NO SOLUTION	0	1	12097	3443
random16-3.scen	28	212	22	322	3	0	0.41	NO SOLUTION	20	6	20274	4770
random16-3.scen	28	212	22	322	4	0.01	0.61	NO SOLUTION	115	18	31705	8335
random16-3.scen	28	212	22	322	5	0.02	0.71	NO SOLUTION	242	75	43718	12258
random16-3.scen	28	212	22	322	6	0.03	0.92	NO SOLUTION	552	117	58614	17301
random16-3.scen	28	212	22	322	7	0.09	1.08	NO SOLUTION	700	193	74027	22354
random16-3.scen	28	212	22	322	8	0.13	1.36	NO SOLUTION	693	280	91948	28507
random16-3.scen	28	212	22	322	9	0.23	1.61	NO SOLUTION	1193	359	110356	34617
random16-3.scen	28	212	22	322	10	0.52	2.12	NO SOLUTION	1459	538	130891	41540
random16-3.scen	28	212	22	322	11	0.8	2.56	NO SOLUTION	2126	760	151940	48419
random16-3.scen	28	212	22	322	12	1.81	3.85	NO SOLUTION	3514	1257	175146	56028
random16-3.scen	28	212	22	322	13	1.58	3.79	NO SOLUTION	3222	1055	198950	63605
random16-3.scen	28	212	22	322	14	2.83	5.38	NO SOLUTION	5420	1418	224715	71807
random16-3.scen	28	212	22	322	15	4.79	7.6	NO SOLUTION	12123	2001	251007	80071
random16-3.scen	28	212	22	322	16	7.32	10.39	OK	9686	2852	278989	88814
random16-3.scen	29	212	22	323	0	0	0.17	NO SOLUTION	0	1	1879	0
random16-3.scen	29	212	22	323	1	0	0.21	NO SOLUTION	0	1	7689	689
random16-3.scen	29	212	22	323	2	0	0.38	NO SOLUTION	0	1	12145	3461
random16-3.scen	29	212	22	323	3	0	0.42	NO SOLUTION	20	6	20377	4779
random16-3.scen	29	212	22	323	4	0.01	0.62	NO SOLUTION	114	17	31917	8353
random16-3.scen	29	212	22	323	5	0.02	0.72	NO SOLUTION	251	79	44031	12274
random16-3.scen	29	212	22	323	6	0.03	0.95	NO SOLUTION	571	125	59069	17304
random16-3.scen	29	212	22	323	7	0.05	1.05	NO SOLUTION	551	187	74636	22339
random16-3.scen	29	212	22	323	8	0.16	1.41	NO SOLUTION	1198	305	92783	28494
random16-3.scen	29	212	22	323	9	0.33	1.73	NO SOLUTION	1671	457	111431	34631
random16-3.scen	29	212	22	323	10	0.3	1.95	NO SOLUTION	1231	364	132276	41594
random16-3.scen	29	212	22	323	11	0.47	2.28	NO SOLUTION	1518	510	153645	48534
random16-3.scen	29	212	22	323	12	1.11	3.19	NO SOLUTION	2746	902	177228	56219
random16-3.scen	29	212	22	323	13	1.91	4.18	NO SOLUTION	4022	1209	201432	63886
random16-3.scen	29	212	22	323	14	3.18	5.81	NO SOLUTION	6849	1734	227689	72206
random16-3.scen	29	212	22	323	15	4.66	7.54	NO SOLUTION	8603	2405	254500	80614
random16-3.scen	29	212	22	323	16	7.03	10.2	NO SOLUTION	7835	2611	283084	89518
random16-3.scen	29	212	22	323	17	5.77	9.15	OK	8417	1690	312180	98553
random16-3.scen	30	212	22	327	0	0	0.17	NO SOLUTION	0	1	1902	0
random16-3.scen	30	212	22	327	1	0	0.22	NO SOLUTION	0	1	7745	698
random16-3.scen	30	212	22	327	2	0	0.37	NO SOLUTION	0	1	12284	3504
random16-3.scen	30	212	22	327	3	0	0.44	NO SOLUTION	19	6	20629	4828
random16-3.scen	30	212	22	327	4	0.01	0.64	NO SOLUTION	126	23	32354	8425
random16-3.scen	30	212	22	327	5	0.02	0.74	NO SOLUTION	246	73	44695	12371
random16-3.scen	30	212	22	327	6	0.04	1	NO SOLUTION	430	110	60004	17425
random16-3.scen	30	212	22	327	7	0.05	1.08	NO SOLUTION	612	171	75866	22523
random16-3.scen	30	212	22	327	8	0.15	1.43	NO SOLUTION	1155	271	94322	28748
random16-3.scen	30	212	22	327	9	0.2	1.64	NO SOLUTION	1715	376	113309	34950
random16-3.scen	30	212	22	327	10	0.42	2.11	NO SOLUTION	1702	479	134520	41992
random16-3.scen	30	212	22	327	11	0.66	2.52	NO SOLUTION	2665	669	156292	49021
random16-3.scen	30	212	22	327	12	1.13	3.27	NO SOLUTION	2151	919	180328	56785
random16-3.scen	30	212	22	327	13	1.81	4.2	NO SOLUTION	4347	1558	205006	64557
random16-3.scen	30	212	22	327	14	2.62	5.32	NO SOLUTION	4635	1409	231806	72968
random16-3.scen	30	212	22	327	15	3.78	6.72	NO SOLUTION	6483	1741	259170	81503
random16-3.scen	30	212	22	327	16	6.32	9.59	NO SOLUTION	6671	2425	288353	90529
random16-3.scen	30	212	22	327	17	4.66	8.17	OK	7384	1750	318059	99709
random16-3.scen	31	212	22	339	0	0	0.18	NO SOLUTION	0	1	1902	0
random16-3.scen	31	212	22	339	1	0	0.23	NO SOLUTION	0	1	7958	725
random16-3.scen	31	212	22	339	2	0	0.39	NO SOLUTION	0	1	12726	3668
random16-3.scen	31	212	22	339	3	0	0.45	NO SOLUTION	10	5	21352	5095
random16-3.scen	31	212	22	339	4	0.01	0.65	NO SOLUTION	120	16	33434	8860
random16-3.scen	31	212	22	339	5	0.01	0.77	NO SOLUTION	229	60	46155	12915
random16-3.scen	31	212	22	339	6	0.03	1.03	NO SOLUTION	526	149	61909	18115
random16-3.scen	31	212	22	339	7	0.06	1.15	NO SOLUTION	601	167	78263	23334
random16-3.scen	31	212	22	339	8	0.14	1.48	NO SOLUTION	992	309	97281	29724
random16-3.scen	31	212	22	339	9	0.25	1.72	NO SOLUTION	1288	421	116882	36085
random16-3.scen	31	212	22	339	10	0.37	2.12	NO SOLUTION	1171	470	138748	43344
random16-3.scen	31	212	22	339	11	0.67	2.6	NO SOLUTION	1957	586	161225	50541
random16-3.scen	31	212	22	339	12	0.94	3.23	NO SOLUTION	2253	739	186037	58520
random16-3.scen	31	212	22	339	13	1.61	4.08	NO SOLUTION	5026	1091	211534	66501
random16-3.scen	31	212	22	339	14	2.79	5.61	NO SOLUTION	9125	1668	239230	75158
random16-3.scen	31	212	22	339	15	6.14	9.2	NO SOLUTION	7967	2280	267509	83952
random16-3.scen	31	212	22	339	16	6.48	9.87	NO SOLUTION	5886	2025	297680	93252
random16-3.scen	31	212	22	339	17	17.36	20.99	NO SOLUTION	21844	4538	328397	102719
random16-3.scen	31	212	22	339	18	10.39	14.35	OK	14878	3084	360758	112671
random16-3.scen	32	212	22	349	0	0	0.18	NO SOLUTION	0	1	1971	0
random16-3.scen	32	212	22	349	1	0	0.24	NO SOLUTION	0	1	8215	754
random16-3.scen	32	212	22	349	2	0	0.4	NO SOLUTION	0	1	13183	3824
random16-3.scen	32	212	22	349	3	0	0.48	NO SOLUTION	10	5	22117	5277
random16-3.scen	32	212	22	349	4	0.01	0.69	NO SOLUTION	126	16	34555	9224
random16-3.scen	32	212	22	349	5	0.02	0.8	NO SOLUTION	261	88	47655	13382
random16-3.scen	32	212	22	349	6	0.03	1.07	NO SOLUTION	523	134	63873	18691
random16-3.scen	32	212	22	349	7	0.07	1.21	NO SOLUTION	756	159	80728	24038
random16-3.scen	32	212	22	349	8	0.13	1.52	NO SOLUTION	1226	227	100334	30583
random16-3.scen	32	212	22	349	9	0.19	1.72	NO SOLUTION	885	220	120531	37128
random16-3.scen	32	212	22	349	10	0.42	2.23	NO SOLUTION	2135	465	143050	44553
random16-3.scen	32	212	22	349	11	0.5	2.49	NO SOLUTION	1942	484	166194	51941
random16-3.scen	32	212	22	349	12	1.37	3.73	NO SOLUTION	4478	1002	191735	60080
random16-3.scen	32	212	22	349	13	1.79	4.39	NO SOLUTION	3547	1210	217988	68246
random16-3.scen	32	212	22	349	14	2.28	5.23	NO SOLUTION	4042	1192	246504	77092
random16-3.scen	32	212	22	349	15	6.47	9.66	NO SOLUTION	14582	2820	275631	86097
random16-3.scen	32	212	22	349	16	8.64	12.15	NO SOLUTION	6980	2527	306749	95647
random16-3.scen	32	212	22	349	17	11.67	15.43	NO SOLUTION	13118	3377	338446	105378
random16-3.scen	32	212	22	349	18	11.65	15.79	OK	9496	2909	371873	115625
random16-3.scen	33	212	22	361	0	0	0.19	NO SOLUTION	0	1	2064	0
random16-3.scen	33	212	22	361	1	0	0.26	NO SOLUTION	0	1	8631	792
random16-3.scen	33	212	22	361	2	0	0.43	NO SOLUTION	0	1	13768	3982
random16-3.scen	33	212	22	361	3	0	0.51	NO SOLUTION	10	5	23109	5539
random16-3.scen	33	212	22	361	4	0.01	0.72	NO SOLUTION	128	16	36049	9667
random16-3.scen	33	212	22	361	5	0.02	0.83	NO SOLUTION	264	88	49712	13977
random16-3.scen	33	212	22	361	6	0.04	1.12	NO SOLUTION	474	140	66486	19512
random16-3.scen	33	212	22	361	7	0.09	1.26	NO SOLUTION	1024	223	83906	25066
random16-3.scen	33	212	22	361	8	0.14	1.58	NO SOLUTION	1143	342	104071	31846
random16-3.scen	33	212	22	361	9	0.21	1.8	NO SOLUTION	1051	287	124876	38579
random16-3.scen	33	212	22	361	10	0.46	2.34	NO SOLUTION	1492	478	148027	46207
random16-3.scen	33	212	22	361	11	0.62	2.65	NO SOLUTION	2208	634	171848	53777
random16-3.scen	33	212	22	361	12	1.46	3.93	NO SOLUTION	3596	882	198108	62114
random16-3.scen	33	212	22	361	13	2.55	5.22	NO SOLUTION	5263	1373	225124	70476
random16-3.scen	33	212	22	361	14	2.36	5.4	NO SOLUTION	7355	1213	254503	79543
random16-3.scen	33	212	22	361	15	4.82	8.11	NO SOLUTION	6180	1682	284532	88789
random16-3.scen	33	212	22	361	16	8.05	11.72	NO SOLUTION	7140	2425	316668	98594
random16-3.scen	33	212	22	361	17	10.26	14.18	NO SOLUTION	18487	3331	349413	108610
random16-3.scen	33	212	22	361	18	8.03	12.33	OK	7911	2199	383954	119153
random16-3.scen	34	212	22	368	0	0	0.2	NO SOLUTION	0	1	2080	0
random16-3.scen	34	212	22	368	1	0	0.27	NO SOLUTION	0	1	8692	799
random16-3.scen	34	212	22	368	2	0	0.43	NO SOLUTION	0	1	13948	4072
random16-3.scen	34	212	22	368	3	0	0.53	NO SOLUTION	10	5	23431	5422
random16-3.scen	34	212	22	368	4	0.01	0.73	NO SOLUTION	68	19	36587	9517
random16-3.scen	34	212	22	368	5	0.01	0.85	NO SOLUTION	269	77	50480	13874
random16-3.scen	34	212	22	368	6	0.04	1.11	NO SOLUTION	569	130	67573	19447
random16-3.scen	34	212	22	368	7	0.1	1.31	NO SOLUTION	743	228	85326	25080
random16-3.scen	34	212	22	368	8	0.13	1.61	NO SOLUTION	863	221	105902	31970
random16-3.scen	34	212	22	368	9	0.3	1.93	NO SOLUTION	1268	391	127145	38811
random16-3.scen	34	212	22	368	10	0.37	2.33	NO SOLUTION	1920	485	150825	46568
random16-3.scen	34	212	22	368	11	0.52	2.64	NO SOLUTION	2449	669	175207	54293
random16-3.scen	34	212	22	368	12	1.09	3.58	NO SOLUTION	2540	786	202123	62806
random16-3.scen	34	212	22	368	13	1.49	4.25	NO SOLUTION	3959	878	229824	71356
random16-3.scen	34	212	22	368	14	3.07	6.21	NO SOLUTION	4421	1347	259981	80638
random16-3.scen	34	212	22	368	15	4.13	7.52	NO SOLUTION	11384	1951	290809	90110
random16-3.scen	34	212	22	368	16	4.84	8.63	NO SOLUTION	5151	1680	323798	100159
random16-3.scen	34	212	22	368	17	10.05	14.09	NO SOLUTION	8425	2513	357417	110424
random16-3.scen	34	212	22	368	18	10.91	15.39	NO SOLUTION	7059	2463	392903	121231
random16-3.scen	34	212	22	368	19	17.42	22.18	NO SOLUTION	17869	4006	428916	132234
