random24-5.scen	1	462	19	19	0	0	0.03	OK	5	0	57	4
random24-5.scen	2	462	26	45	0	0	0.04	OK	24	0	382	73
random24-5.scen	3	462	26	59	0	0	0.04	OK	16	0	647	42
random24-5.scen	4	462	26	79	0	0	0.05	OK	24	0	838	60
random24-5.scen	5	462	26	91	0	0	0.05	NO SOLUTION	0	1	557	0
random24-5.scen	5	462	26	91	1	0	0.09	OK	38	2	1520	276
random24-5.scen	6	462	26	106	0	0	0.07	NO SOLUTION	0	1	695	0
random24-5.scen	6	462	26	106	1	0	0.08	OK	41	0	1864	353
random24-5.scen	7	462	26	124	0	0	0.07	NO SOLUTION	0	1	814	0
random24-5.scen	7	462	26	124	1	0	0.09	OK	50	2	2191	437
random24-5.scen	8	462	26	135	0	0	0.08	NO SOLUTION	0	1	841	0
random24-5.scen	8	462	26	135	1	0	0.09	OK	51	2	2291	439
random24-5.scen	9	462	26	150	0	0	0.08	NO SOLUTION	0	1	873	0
random24-5.scen	9	462	26	150	1	0	0.1	OK	90	4	3946	312
random24-5.scen	10	462	26	171	0	0	0.09	NO SOLUTION	0	1	1026	0
random24-5.scen	10	462	26	171	1	0	0.11	OK	125	3	2796	546
random24-5.scen	11	462	26	189	0	0	0.09	NO SOLUTION	0	1	1086	0
random24-5.scen	11	462	26	189	1	0	0.12	OK	110	4	4716	399
random24-5.scen	12	462	26	214	0	0	0.1	NO SOLUTION	0	1	1148	0
random24-5.scen	12	462	26	214	1	0	0.13	OK	117	3	4923	419
random24-5.scen	13	462	26	229	0	0	0.11	NO SOLUTION	0	1	1214	0
random24-5.scen	13	462	26	229	1	0	0.13	OK	139	3	5139	447
random24-5.scen	14	462	26	253	0	0	0.12	NO SOLUTION	0	1	1409	0
random24-5.scen	14	462	26	253	1	0	0.15	NO SOLUTION	15	4	5813	497
random24-5.scen	14	462	26	253	2	0	0.32	OK	259	12	19495	1874
random24-5.scen	15	462	26	274	0	0	0.13	NO SOLUTION	0	1	1647	0
random24-5.scen	15	462	26	274	1	0	0.18	NO SOLUTION	6	5	6959	577
random24-5.scen	15	462	26	274	2	0	0.35	OK	297	12	22236	2129
random24-5.scen	16	462	26	293	0	0	0.14	NO SOLUTION	0	1	1814	0
random24-5.scen	16	462	26	293	1	0	0.19	NO SOLUTION	8	5	7735	635
random24-5.scen	16	462	26	293	2	0.01	0.38	OK	325	24	24212	2343
random24-5.scen	17	462	26	294	0	0	0.15	NO SOLUTION	0	1	1815	0
random24-5.scen	17	462	26	294	1	0	0.19	NO SOLUTION	8	5	7743	636
random24-5.scen	17	462	26	294	2	0.01	0.4	OK	316	24	24261	2357
random24-5.scen	18	462	26	316	0	0	0.16	NO SOLUTION	0	1	1964	0
random24-5.scen	18	462	26	316	1	0	0.21	NO SOLUTION	8	5	8402	671
random24-5.scen	18	462	26	316	2	0.01	0.43	OK	258	13	26253	2493
random24-5.scen	19	462	26	336	0	0	0.16	NO SOLUTION	0	1	2034	0
random24-5.scen	19	462	26	336	1	0	0.22	NO SOLUTION	8	5	8607	691
random24-5.scen	19	462	26	336	2	0.01	0.46	OK	261	18	27112	2593
random24-5.scen	20	462	26	347	0	0	0.17	NO SOLUTION	0	1	2070	0
random24-5.scen	20	462	26	347	1	0	0.23	NO SOLUTION	8	5	8729	687
random24-5.scen	20	462	26	347	2	0.01	0.47	OK	322	18	27364	2638
random24-5.scen	21	462	26	357	0	0	0.19	NO SOLUTION	0	1	2164	0
random24-5.scen	21	462	26	357	1	0	0.24	NO SOLUTION	0	1	9139	822
random24-5.scen	21	462	26	357	2	0	0.48	NO SOLUTION	0	1	27807	2963
random24-5.scen	21	462	26	357	3	0	0.56	NO SOLUTION	0	1	37552	5590
random24-5.scen	21	462	26	357	4	0	0.79	NO SOLUTION	32	16	50688	8048
random24-5.scen	21	462	26	357	5	0.01	0.92	NO SOLUTION	67	25	66097	12471
random24-5.scen	21	462	26	357	6	0.02	1.21	NO SOLUTION	162	37	84160	18263
random24-5.scen	21	462	26	357	7	0.03	1.36	NO SOLUTION	192	62	102975	24439
random24-5.scen	21	462	26	357	8	0.07	1.67	OK	769	141	110318	32204
random24-5.scen	22	462	26	383	0	0	0.2	NO SOLUTION	0	1	2445	0
random24-5.scen	22	462	26	383	1	0	0.26	NO SOLUTION	0	1	10518	917
random24-5.scen	22	462	26	383	2	0	0.52	NO SOLUTION	0	1	29324	3319
random24-5.scen	22	462	26	383	3	0	0.6	NO SOLUTION	0	1	39985	6188
random24-5.scen	22	462	26	383	4	0	0.87	NO SOLUTION	32	16	54480	8891
random24-5.scen	22	462	26	383	5	0.01	1	NO SOLUTION	69	25	71477	13753
random24-5.scen	22	462	26	383	6	0.02	1.3	NO SOLUTION	164	37	91177	20053
random24-5.scen	22	462	26	383	7	0.04	1.46	NO SOLUTION	201	62	111663	26752
random24-5.scen	22	462	26	383	8	0.1	1.82	OK	821	147	120809	35163
random24-5.scen	23	462	26	407	0	0	0.22	NO SOLUTION	0	1	2739	0
random24-5.scen	23	462	26	407	1	0	0.29	NO SOLUTION	0	1	12099	1013
random24-5.scen	23	462	26	407	2	0	0.56	NO SOLUTION	0	1	31076	3695
random24-5.scen	23	462	26	407	3	0	0.66	NO SOLUTION	0	1	43020	6869
random24-5.scen	23	462	26	407	4	0	0.93	NO SOLUTION	32	13	59813	10377
random24-5.scen	23	462	26	407	5	0.01	1.09	NO SOLUTION	71	25	77230	15534
random24-5.scen	23	462	26	407	6	0.03	1.35	NO SOLUTION	215	56	83802	22855
random24-5.scen	23	462	26	407	7	0.04	1.53	NO SOLUTION	188	64	105739	30107
random24-5.scen	23	462	26	407	8	0.1	2	OK	652	134	131240	39029
random24-5.scen	24	462	26	413	0	0	0.23	NO SOLUTION	0	1	2764	0
random24-5.scen	24	462	26	413	1	0	0.3	NO SOLUTION	0	1	12182	1025
random24-5.scen	24	462	26	413	2	0	0.57	NO SOLUTION	0	1	31283	3745
random24-5.scen	24	462	26	413	3	0	0.67	NO SOLUTION	0	1	43241	6955
random24-5.scen	24	462	26	413	4	0	0.95	NO SOLUTION	33	13	60266	10393
random24-5.scen	24	462	26	413	5	0.01	1.11	NO SOLUTION	73	25	77868	15563
random24-5.scen	24	462	26	413	6	0.02	1.4	NO SOLUTION	225	34	84710	22893
random24-5.scen	24	462	26	413	7	0.04	1.56	NO SOLUTION	192	64	106979	30166
random24-5.scen	24	462	26	413	8	0.1	2.04	NO SOLUTION	616	155	132899	39191
random24-5.scen	24	462	26	413	9	0.21	2.36	NO SOLUTION	695	233	159403	48304
random24-5.scen	24	462	26	413	10	0.33	2.89	OK	1168	297	189192	58903
random24-5.scen	25	462	26	426	0	0	0.24	NO SOLUTION	0	1	2818	0
random24-5.scen	25	462	26	426	1	0	0.3	NO SOLUTION	0	1	12373	1047
random24-5.scen	25	462	26	426	2	0	0.59	NO SOLUTION	0	1	31675	3849
random24-5.scen	25	462	26	426	3	0	0.69	NO SOLUTION	0	1	43972	7158
random24-5.scen	25	462	26	426	4	0	0.98	NO SOLUTION	35	13	61476	10661
random24-5.scen	25	462	26	426	5	0.01	1.13	NO SOLUTION	73	25	79564	15952
random24-5.scen	25	462	26	426	6	0.03	1.44	NO SOLUTION	238	36	87014	23421
random24-5.scen	25	462	26	426	7	0.04	1.61	NO SOLUTION	197	64	109889	30870
random24-5.scen	25	462	26	426	8	0.12	2.12	NO SOLUTION	605	124	136590	40131
random24-5.scen	25	462	26	426	9	0.24	2.47	NO SOLUTION	569	199	163869	49510
random24-5.scen	25	462	26	426	10	0.66	3.3	OK	2182	515	194576	60470
random24-5.scen	26	462	26	439	0	0	0.25	NO SOLUTION	0	1	2909	0
random24-5.scen	26	462	26	439	1	0	0.33	NO SOLUTION	0	1	12754	1091
random24-5.scen	26	462	26	439	2	0	0.61	NO SOLUTION	0	1	32219	4006
random24-5.scen	26	462	26	439	3	0	0.7	NO SOLUTION	0	1	44874	7426
random24-5.scen	26	462	26	439	4	0	1.01	NO SOLUTION	35	13	63056	11097
random24-5.scen	26	462	26	439	5	0.01	1.12	NO SOLUTION	96	36	67178	16955
random24-5.scen	26	462	26	439	6	0.02	1.49	NO SOLUTION	193	40	89903	24440
random24-5.scen	26	462	26	439	7	0.04	1.66	NO SOLUTION	202	64	113543	32188
random24-5.scen	26	462	26	439	8	0.11	2.19	NO SOLUTION	674	156	141083	41799
random24-5.scen	26	462	26	439	9	0.27	2.59	NO SOLUTION	651	235	169250	51441
random24-5.scen	26	462	26	439	10	0.45	3.21	OK	1533	358	200897	62673
random24-5.scen	27	462	26	451	0	0	0.26	NO SOLUTION	0	1	2951	0
random24-5.scen	27	462	26	451	1	0	0.33	NO SOLUTION	0	1	12882	1111
random24-5.scen	27	462	26	451	2	0	0.62	NO SOLUTION	0	1	32568	4098
random24-5.scen	27	462	26	451	3	0	0.73	NO SOLUTION	0	1	45519	7573
random24-5.scen	27	462	26	451	4	0	1.04	NO SOLUTION	36	13	64067	11372
random24-5.scen	27	462	26	451	5	0.01	1.16	NO SOLUTION	90	31	68611	17360
random24-5.scen	27	462	26	451	6	0.03	1.53	NO SOLUTION	216	56	91866	25094
random24-5.scen	27	462	26	451	7	0.04	1.72	NO SOLUTION	206	64	116061	33074
random24-5.scen	27	462	26	451	8	0.11	2.24	NO SOLUTION	641	126	144217	42992
random24-5.scen	27	462	26	451	9	0.26	2.62	NO SOLUTION	751	234	173002	52906
random24-5.scen	27	462	26	451	10	0.33	3.19	OK	1271	253	205370	64369
random24-5.scen	28	462	26	460	0	0	0.26	NO SOLUTION	0	1	2988	0
random24-5.scen	28	462	26	460	1	0	0.34	NO SOLUTION	0	1	13010	1131
random24-5.scen	28	462	26	460	2	0	0.64	NO SOLUTION	0	1	32819	4175
random24-5.scen	28	462	26	460	3	0	0.74	NO SOLUTION	0	1	45990	7703
random24-5.scen	28	462	26	460	4	0	1.07	NO SOLUTION	37	13	64899	11603
random24-5.scen	28	462	26	460	5	0.01	1.18	NO SOLUTION	97	36	69787	17701
random24-5.scen	28	462	26	460	6	0.02	1.56	NO SOLUTION	209	54	93466	25567
random24-5.scen	28	462	26	460	7	0.05	1.79	NO SOLUTION	373	74	118112	33705
random24-5.scen	28	462	26	460	8	0.11	2.28	NO SOLUTION	615	127	146725	43832
random24-5.scen	28	462	26	460	9	0.26	2.68	NO SOLUTION	589	199	175980	53981
random24-5.scen	28	462	26	460	10	0.8	3.72	OK	1925	565	208831	65660
random24-5.scen	29	462	26	475	0	0	0.28	NO SOLUTION	0	1	3113	0
random24-5.scen	29	462	26	475	1	0	0.36	NO SOLUTION	0	1	13594	1180
random24-5.scen	29	462	26	475	2	0	0.66	NO SOLUTION	0	1	33499	4345
random24-5.scen	29	462	26	475	3	0	0.77	NO SOLUTION	0	1	47129	8013
random24-5.scen	29	462	26	475	4	0	1.06	NO SOLUTION	36	8	52245	12432
random24-5.scen	29	462	26	475	5	0.01	1.23	NO SOLUTION	101	36	72231	18350
random24-5.scen	29	462	26	475	6	0.03	1.61	NO SOLUTION	264	36	96685	26569
random24-5.scen	29	462	26	475	7	0.05	1.84	NO SOLUTION	196	53	122069	35021
random24-5.scen	29	462	26	475	8	0.13	2.39	NO SOLUTION	634	154	151614	45442
random24-5.scen	29	462	26	475	9	0.31	2.81	NO SOLUTION	867	245	181793	55880
random24-5.scen	29	462	26	475	10	0.37	3.4	OK	1881	272	215828	67903
random24-5.scen	30	462	26	492	0	0	0.29	NO SOLUTION	0	1	3253	0
random24-5.scen	30	462	26	492	1	0	0.38	NO SOLUTION	0	1	14252	1236
random24-5.scen	30	462	26	492	2	0	0.68	NO SOLUTION	0	1	34399	4542
random24-5.scen	30	462	26	492	3	0	0.77	NO SOLUTION	0	1	34931	9188
random24-5.scen	30	462	26	492	4	0	1.1	NO SOLUTION	37	8	54666	13128
random24-5.scen	30	462	26	492	5	0.01	1.28	NO SOLUTION	101	37	75513	19433
random24-5.scen	30	462	26	492	6	0.03	1.7	NO SOLUTION	211	40	100900	28097
random24-5.scen	30	462	26	492	7	0.05	1.97	NO SOLUTION	201	53	127078	37060
random24-5.scen	30	462	26	492	8	0.15	2.51	NO SOLUTION	994	202	157587	47871
random24-5.scen	30	462	26	492	9	0.29	2.88	NO SOLUTION	748	247	188737	58621
random24-5.scen	30	462	26	492	10	0.27	3.45	OK	1049	257	223947	70941
random24-5.scen	31	462	26	507	0	0	0.3	NO SOLUTION	0	1	3313	0
random24-5.scen	31	462	26	507	1	0	0.4	NO SOLUTION	0	1	14448	1263
random24-5.scen	31	462	26	507	2	0	0.67	NO SOLUTION	0	1	21214	5515
random24-5.scen	31	462	26	507	3	0	0.79	NO SOLUTION	0	1	35687	9423
random24-5.scen	31	462	26	507	4	0	1.12	NO SOLUTION	36	8	55857	13462
random24-5.scen	31	462	26	507	5	0.01	1.3	NO SOLUTION	101	37	77179	19913
random24-5.scen	31	462	26	507	6	0.03	1.74	NO SOLUTION	217	40	103194	28776
random24-5.scen	31	462	26	507	7	0.05	2.03	NO SOLUTION	401	76	130004	37967
random24-5.scen	31	462	26	507	8	0.17	2.56	NO SOLUTION	1068	206	161255	49062
random24-5.scen	31	462	26	507	9	0.24	2.89	NO SOLUTION	683	223	193125	60082
random24-5.scen	31	462	26	507	10	0.61	3.84	NO SOLUTION	1494	482	229131	72728
random24-5.scen	31	462	26	507	11	1.16	4.73	NO SOLUTION	2301	656	265995	85153
random24-5.scen	31	462	26	507	12	2.59	6.78	NO SOLUTION	3523	1143	306487	99142
random24-5.scen	31	462	26	507	13	3.9	8.65	OK	8623	1639	347844	112997
random24-5.scen	32	462	26	529	0	0	0.31	NO SOLUTION	0	1	3626	0
random24-5.scen	32	462	26	529	1	0	0.41	NO SOLUTION	0	1	15952	1361
random24-5.scen	32	462	26	529	2	0	0.7	NO SOLUTION	0	1	22923	5945
random24-5.scen	32	462	26	529	3	0	0.83	NO SOLUTION	0	1	38366	10258
random24-5.scen	32	462	26	529	4	0	1.18	NO SOLUTION	37	8	59684	14553
random24-5.scen	32	462	26	529	5	0.01	1.37	NO SOLUTION	108	36	82135	21399
random24-5.scen	32	462	26	529	6	0.03	1.8	NO SOLUTION	236	61	109485	30634
random24-5.scen	32	462	26	529	7	0.05	2.13	NO SOLUTION	221	59	137716	40236
random24-5.scen	32	462	26	529	8	0.14	2.65	NO SOLUTION	852	174	170544	51744
random24-5.scen	32	462	26	529	9	0.25	3.09	NO SOLUTION	1421	299	204023	63270
random24-5.scen	32	462	26	529	10	0.5	3.92	NO SOLUTION	1653	431	241821	76448
random24-5.scen	32	462	26	529	11	1.21	4.99	NO SOLUTION	2312	679	280500	89419
random24-5.scen	32	462	26	529	12	2.88	7.46	NO SOLUTION	3917	1244	323079	103948
random24-5.scen	32	462	26	529	13	1.29	6.34	OK	3970	683	366574	118418
random24-5.scen	33	462	26	540	0	0	0.32	NO SOLUTION	0	1	3704	0
random24-5.scen	33	462	26	540	1	0	0.43	NO SOLUTION	0	1	16255	1394
random24-5.scen	33	462	26	540	2	0	0.72	NO SOLUTION	0	1	23408	6070
random24-5.scen	33	462	26	540	3	0	0.88	NO SOLUTION	0	1	39201	10495
random24-5.scen	33	462	26	540	4	0	1.21	NO SOLUTION	40	8	60956	14960
random24-5.scen	33	462	26	540	5	0.01	1.41	NO SOLUTION	114	40	83768	22068
random24-5.scen	33	462	26	540	6	0.03	1.89	NO SOLUTION	201	41	111615	31580
random24-5.scen	33	462	26	540	7	0.07	2.18	NO SOLUTION	438	76	140324	41386
random24-5.scen	33	462	26	540	8	0.13	2.7	NO SOLUTION	870	168	173762	53088
random24-5.scen	33	462	26	540	9	0.29	3.21	NO SOLUTION	1461	323	207859	64755
random24-5.scen	33	462	26	540	10	0.57	4.05	NO SOLUTION	1551	337	246363	78090
random24-5.scen	33	462	26	540	11	1.16	5.02	NO SOLUTION	2826	671	285763	91234
random24-5.scen	33	462	26	540	12	2.9	7.58	NO SOLUTION	4483	1280	329154	105973
random24-5.scen	33	462	26	540	13	2.57	7.72	OK	3339	1045	373484	120646
random24-5.scen	34	462	31	571	0	0	0.49	NO SOLUTION	0	1	3961	0
random24-5.scen	34	462	31	571	1	0	0.6	NO SOLUTION	0	1	17519	1487
random24-5.scen	34	462	31	571	2	0	1.02	NO SOLUTION	0	1	38394	5574
random24-5.scen	34	462	31	571	3	0	1.13	NO SOLUTION	0	1	41831	11260
random24-5.scen	34	462	31	571	4	0	1.58	NO SOLUTION	40	8	65072	16031
random24-5.scen	34	462	31	571	5	0.01	1.78	NO SOLUTION	101	34	89516	23530
random24-5.scen	34	462	31	571	6	0.04	2.38	NO SOLUTION	306	56	119375	33615
random24-5.scen	34	462	31	571	7	0.05	2.64	NO SOLUTION	230	59	150154	43998
random24-5.scen	34	462	31	571	8	0.16	3.38	NO SOLUTION	532	153	185831	56483
random24-5.scen	34	462	31	571	9	0.31	3.82	NO SOLUTION	1540	288	222309	68849
random24-5.scen	34	462	31	571	10	0.7	4.63	NO SOLUTION	1377	457	263319	82967
random24-5.scen	34	462	31	571	11	1.34	5.59	NO SOLUTION	2376	688	305349	96927
random24-5.scen	34	462	31	571	12	3.09	8.08	NO SOLUTION	7303	1195	351452	112546
random24-5.scen	34	462	31	571	13	5.4	10.76	OK	7594	1787	398504	128118
random24-5.scen	35	462	31	574	0	0	0.5	NO SOLUTION	0	1	3964	0
random24-5.scen	35	462	31	574	1	0	0.62	NO SOLUTION	0	1	17540	1488
random24-5.scen	35	462	31	574	2	0	1.03	NO SOLUTION	0	1	38437	5592
random24-5.scen	35	462	31	574	3	0	1.15	NO SOLUTION	0	1	41941	11302
random24-5.scen	35	462	31	574	4	0	1.58	NO SOLUTION	39	8	65269	16000
random24-5.scen	35	462	31	574	5	0.01	1.8	NO SOLUTION	101	34	89801	23481
random24-5.scen	35	462	31	574	6	0.03	2.41	NO SOLUTION	250	61	119798	33574
random24-5.scen	35	462	31	574	7	0.05	2.69	NO SOLUTION	232	59	150736	43961
random24-5.scen	35	462	31	574	8	0.16	3.43	NO SOLUTION	539	153	186647	56482
random24-5.scen	35	462	31	574	9	0.32	3.69	NO SOLUTION	774	246	223388	68851
random24-5.scen	35	462	31	574	10	0.72	4.71	NO SOLUTION	1805	404	264742	83050
random24-5.scen	35	462	31	574	11	1.65	5.97	NO SOLUTION	3292	646	307150	97003
random24-5.scen	35	462	31	574	12	4.28	9.39	NO SOLUTION	7804	1527	353725	112657
random24-5.scen	35	462	31	574	13	3.1	8.55	OK	3796	1216	401282	128301
random24-5.scen	36	462	31	585	0	0	0.53	NO SOLUTION	0	1	4056	0
random24-5.scen	36	462	31	585	1	0	0.63	NO SOLUTION	0	1	17990	1529
random24-5.scen	36	462	31	585	2	0	1.06	NO SOLUTION	0	1	38964	5742
random24-5.scen	36	462	31	585	3	0	1.18	NO SOLUTION	0	1	42814	11576
random24-5.scen	36	462	31	585	4	0	1.63	NO SOLUTION	46	8	66579	16428
random24-5.scen	36	462	31	585	5	0.01	1.83	NO SOLUTION	105	34	91594	24068
random24-5.scen	36	462	31	585	6	0.04	2.5	NO SOLUTION	315	56	122247	34365
random24-5.scen	36	462	31	585	7	0.06	2.76	NO SOLUTION	237	59	153843	44942
random24-5.scen	36	462	31	585	8	0.15	3.52	NO SOLUTION	529	131	190492	57728
random24-5.scen	36	462	31	585	9	0.32	3.8	NO SOLUTION	758	237	227970	70333
random24-5.scen	36	462	31	585	10	0.58	4.69	NO SOLUTION	1185	364	270099	84834
random24-5.scen	36	462	31	585	11	1.28	5.71	NO SOLUTION	2249	751	313299	99050
random24-5.scen	36	462	31	585	12	4.09	9.32	NO SOLUTION	3903	1493	360724	115060
random24-5.scen	36	462	31	585	13	2.33	7.97	OK	4597	948	409191	130982
random24-5.scen	37	462	31	598	0	0	0.52	NO SOLUTION	0	1	4080	0
random24-5.scen	37	462	31	598	1	0	0.65	NO SOLUTION	0	1	18088	1537
random24-5.scen	37	462	31	598	2	0	1.08	NO SOLUTION	0	1	39248	5830
random24-5.scen	37	462	31	598	3	0	1.21	NO SOLUTION	0	1	43396	11750
random24-5.scen	37	462	31	598	4	0	1.69	NO SOLUTION	45	8	67631	16243
random24-5.scen	37	462	31	598	5	0.01	1.89	NO SOLUTION	109	31	93178	23911
random24-5.scen	37	462	31	598	6	0.03	2.47	NO SOLUTION	283	37	124402	34316
random24-5.scen	37	462	31	598	7	0.04	2.82	NO SOLUTION	345	34	156632	45016
random24-5.scen	37	462	31	598	8	0.11	3.55	NO SOLUTION	537	103	193959	57895
random24-5.scen	37	462	31	598	9	0.22	3.76	NO SOLUTION	728	147	232146	70618
random24-5.scen	37	462	31	598	10	0.43	4.63	NO SOLUTION	992	271	275037	85271
random24-5.scen	37	462	31	598	11	0.66	5.21	NO SOLUTION	1617	346	319039	99670
random24-5.scen	37	462	31	598	12	1.41	6.73	NO SOLUTION	1968	613	367330	115908
random24-5.scen	37	462	31	598	13	2.58	8.33	NO SOLUTION	4156	984	416683	132079
random24-5.scen	37	462	31	598	14	7.49	14.03	NO SOLUTION	8938	2086	470050	149628
random24-5.scen	37	462	31	598	15	5.06	12.09	OK	6385	1674	524526	167144
random24-5.scen	38	462	31	625	0	0	0.56	NO SOLUTION	0	1	4441	0
random24-5.scen	38	462	31	625	1	0	0.68	NO SOLUTION	0	1	19930	1667
random24-5.scen	38	462	31	625	2	0	1.14	NO SOLUTION	0	1	41071	6370
random24-5.scen	38	462	31	625	3	0	1.27	NO SOLUTION	0	1	46547	12825
random24-5.scen	38	462	31	625	4	0	1.77	NO SOLUTION	47	8	72099	17662
random24-5.scen	38	462	31	625	5	0.01	2.04	NO SOLUTION	110	33	99092	25757
random24-5.scen	38	462	31	625	6	0.03	2.62	NO SOLUTION	290	37	131941	36722
random24-5.scen	38	462	31	625	7	0.05	2.93	NO SOLUTION	376	53	165876	47926
random24-5.scen	38	462	31	625	8	0.14	3.77	NO SOLUTION	786	99	205075	61397
random24-5.scen	38	462	31	625	9	0.21	3.98	NO SOLUTION	791	154	245265	74679
random24-5.scen	38	462	31	625	10	0.46	4.91	NO SOLUTION	894	271	290371	90051
random24-5.scen	38	462	31	625	11	0.67	5.57	NO SOLUTION	2187	341	336701	105127
random24-5.scen	38	462	31	625	12	1.76	7.44	NO SOLUTION	2715	866	387469	122049
random24-5.scen	38	462	31	625	13	2.5	8.57	NO SOLUTION	4101	962	439348	138898
random24-5.scen	38	462	31	625	14	7.21	14.11	NO SOLUTION	11767	2502	495313	157106
random24-5.scen	38	462	31	625	15	3.92	11.31	OK	5496	1272	552423	175331
random24-5.scen	39	462	31	644	0	0	0.58	NO SOLUTION	0	1	4525	0
random24-5.scen	39	462	31	644	1	0	0.7	NO SOLUTION	0	1	20257	1701
random24-5.scen	39	462	31	644	2	0	1.13	NO SOLUTION	0	1	28670	7604
random24-5.scen	39	462	31	644	3	0	1.29	NO SOLUTION	0	1	47727	13217
random24-5.scen	39	462	31	644	4	0.01	1.79	NO SOLUTION	48	8	73949	18287
random24-5.scen	39	462	31	644	5	0.01	2.08	NO SOLUTION	112	33	101592	26640
random24-5.scen	39	462	31	644	6	0.03	2.68	NO SOLUTION	297	37	135203	37895
random24-5.scen	39	462	31	644	7	0.05	3.03	NO SOLUTION	390	57	169961	49391
random24-5.scen	39	462	31	644	8	0.13	3.78	NO SOLUTION	761	132	210166	63148
random24-5.scen	39	462	31	644	9	0.2	4.05	NO SOLUTION	758	139	251423	76730
random24-5.scen	39	462	31	644	10	0.38	5.05	NO SOLUTION	993	360	297771	92408
random24-5.scen	39	462	31	644	11	0.6	5.64	NO SOLUTION	1265	292	345398	107852
random24-5.scen	39	462	31	644	12	1.56	7.41	NO SOLUTION	2019	765	397639	125157
random24-5.scen	39	462	31	644	13	3.57	9.87	NO SOLUTION	6234	1157	451052	142447
random24-5.scen	39	462	31	644	14	5.69	12.84	NO SOLUTION	9109	1771	508729	161127
random24-5.scen	39	462	31	644	15	6.37	13.99	OK	7067	1524	567608	179842
random24-5.scen	40	462	31	653	0	0	0.59	NO SOLUTION	0	1	4534	0
random24-5.scen	40	462	31	653	1	0	0.72	NO SOLUTION	0	1	20313	1702
random24-5.scen	40	462	31	653	2	0	1.17	NO SOLUTION	0	1	28856	7665
random24-5.scen	40	462	31	653	3	0	1.33	NO SOLUTION	0	1	48102	13323
random24-5.scen	40	462	31	653	4	0.01	1.89	NO SOLUTION	50	8	74600	18431
random24-5.scen	40	462	31	653	5	0.01	2.13	NO SOLUTION	115	26	102572	26854
random24-5.scen	40	462	31	653	6	0.03	2.73	NO SOLUTION	305	37	136502	38234
random24-5.scen	40	462	31	653	7	0.06	3.1	NO SOLUTION	341	45	171638	49853
random24-5.scen	40	462	31	653	8	0.13	3.86	NO SOLUTION	582	110	212220	63736
random24-5.scen	40	462	31	653	9	0.22	4.06	NO SOLUTION	770	155	253906	77470
random24-5.scen	40	462	31	653	10	0.38	5.15	NO SOLUTION	736	236	300712	93277
random24-5.scen	40	462	31	653	11	0.68	5.84	NO SOLUTION	1830	365	348821	108895
random24-5.scen	40	462	31	653	12	1.57	7.49	NO SOLUTION	2230	815	401615	126342
random24-5.scen	40	462	31	653	13	2.91	9.36	NO SOLUTION	5541	1244	455597	143812
random24-5.scen	40	462	31	653	14	6.58	13.83	NO SOLUTION	8026	1928	513930	162642
random24-5.scen	40	462	31	653	15	7.6	15.36	OK	11908	2512	573494	181545
random24-5.scen	41	462	33	686	0	0	0.7	NO SOLUTION	0	1	5087	0
random24-5.scen	41	462	33	686	1	0	0.85	NO SOLUTION	0	1	23122	1867
random24-5.scen	41	462	33	686	2	0	1.31	NO SOLUTION	0	1	31788	8485
random24-5.scen	41	462	33	686	3	0	1.53	NO SOLUTION	0	1	52650	14735
random24-5.scen	41	462	33	686	4	0.01	2.14	NO SOLUTION	50	9	81039	20476
random24-5.scen	41	462	33	686	5	0.02	2.42	NO SOLUTION	116	29	110969	29589
random24-5.scen	41	462	33	686	6	0.04	3.09	NO SOLUTION	314	39	147018	41643
random24-5.scen	41	462	33	686	7	0.05	3.44	NO SOLUTION	428	52	184311	53855
random24-5.scen	41	462	33	686	8	0.09	3.99	NO SOLUTION	450	101	227122	68406
random24-5.scen	41	462	33	686	9	0.2	4.55	NO SOLUTION	704	130	271053	82804
random24-5.scen	41	462	33	686	10	0.34	5.6	NO SOLUTION	897	160	320114	99349
random24-5.scen	41	462	33	686	11	0.78	6.44	NO SOLUTION	1525	352	370504	115666
random24-5.scen	41	462	33	686	12	1.42	8	NO SOLUTION	2397	665	425678	133776
random24-5.scen	41	462	33	686	13	3.12	10.12	NO SOLUTION	2759	1158	482085	151882
random24-5.scen	41	462	33	686	14	7.02	14.75	NO SOLUTION	6256	2009	542959	171358
random24-5.scen	41	462	33	686	15	8.83	17.06	OK	9786	2375	605093	190908
random24-5.scen	42	462	33	705	0	0	0.71	NO SOLUTION	0	1	5145	0
random24-5.scen	42	462	33	705	1	0	0.86	NO SOLUTION	0	1	23318	1896
random24-5.scen	42	462	33	705	2	0	1.36	NO SOLUTION	0	1	32255	8625
random24-5.scen	42	462	33	705	3	0	1.57	NO SOLUTION	0	1	53446	14965
random24-5.scen	42	462	33	705	4	0.01	2.2	NO SOLUTION	50	9	82339	20842
random24-5.scen	42	462	33	705	5	0.02	2.46	NO SOLUTION	121	28	112807	30153
random24-5.scen	42	462	33	705	6	0.04	3.2	NO SOLUTION	321	39	149549	42476
random24-5.scen	42	462	33	705	7	0.05	3.51	NO SOLUTION	436	52	187499	54990
random24-5.scen	42	462	33	705	8	0.1	4.08	NO SOLUTION	427	67	231072	69821
random24-5.scen	42	462	33	705	9	0.23	4.58	NO SOLUTION	1024	187	275766	84504
random24-5.scen	42	462	33	705	10	0.3	5.67	NO SOLUTION	901	161	325668	101301
random24-5.scen	42	462	33	705	11	0.49	6.33	NO SOLUTION	1725	316	376841	117914
random24-5.scen	42	462	33	705	12	1.26	7.97	NO SOLUTION	2666	605	432867	136268
random24-5.scen	42	462	33	705	13	1.86	9	NO SOLUTION	3425	771	490098	154634
random24-5.scen	42	462	33	705	14	4.43	12.3	NO SOLUTION	4294	1323	551895	174337
random24-5.scen	42	462	33	705	15	7.12	15.53	NO SOLUTION	11076	2464	614970	194166
