random16-5.scen	1	212	15	15	0	0	0.02	OK	6	0	155	34
random16-5.scen	2	212	25	40	0	0	0.03	OK	22	0	486	98
random16-5.scen	3	212	25	44	0	0	0.03	OK	29	0	509	99
random16-5.scen	4	212	25	49	0	0	0.04	OK	34	0	539	102
random16-5.scen	5	212	25	71	0	0	0.06	OK	39	0	1243	90
random16-5.scen	6	212	25	81	0	0	0.06	OK	46	0	1346	102
random16-5.scen	7	212	25	89	0	0	0.07	OK	48	0	1367	103
random16-5.scen	8	212	25	96	0	0	0.07	OK	48	0	1371	102
random16-5.scen	9	212	25	104	0	0	0.07	OK	55	0	1419	106
random16-5.scen	10	212	25	116	0	0	0.08	OK	57	0	1475	111
random16-5.scen	11	212	25	132	0	0	0.09	OK	60	0	1666	126
random16-5.scen	12	212	25	146	0	0	0.1	OK	64	0	1784	125
random16-5.scen	13	212	25	155	0	0	0.1	NO SOLUTION	0	1	1374	0
random16-5.scen	13	212	25	155	1	0	0.12	OK	88	2	5747	434
random16-5.scen	14	212	25	163	0	0	0.11	NO SOLUTION	0	1	1402	0
random16-5.scen	14	212	25	163	1	0	0.13	OK	68	1	5826	425
random16-5.scen	15	212	25	180	0	0	0.11	NO SOLUTION	0	1	1520	0
random16-5.scen	15	212	25	180	1	0	0.14	OK	82	1	6171	462
random16-5.scen	16	212	25	190	0	0	0.12	NO SOLUTION	0	1	1585	0
random16-5.scen	16	212	25	190	1	0	0.15	NO SOLUTION	8	4	6318	487
random16-5.scen	16	212	25	190	2	0	0.27	OK	319	20	17578	1668
random16-5.scen	17	212	25	205	0	0	0.13	NO SOLUTION	0	1	1735	0
random16-5.scen	17	212	25	205	1	0	0.16	NO SOLUTION	8	4	6937	537
random16-5.scen	17	212	25	205	2	0	0.28	OK	276	26	9411	2299
random16-5.scen	18	212	25	211	0	0	0.13	NO SOLUTION	0	1	1741	0
random16-5.scen	18	212	25	211	1	0	0.17	NO SOLUTION	8	4	6975	538
random16-5.scen	18	212	25	211	2	0	0.28	OK	299	28	9573	2349
random16-5.scen	19	212	25	222	0	0	0.14	NO SOLUTION	0	1	1845	0
random16-5.scen	19	212	25	222	1	0	0.18	NO SOLUTION	12	3	7389	578
random16-5.scen	19	212	25	222	2	0	0.3	OK	307	28	10158	2531
random16-5.scen	20	212	25	227	0	0	0.15	NO SOLUTION	0	1	1863	0
random16-5.scen	20	212	25	227	1	0	0.19	NO SOLUTION	12	3	7440	575
random16-5.scen	20	212	25	227	2	0	0.31	OK	336	29	10298	2547
random16-5.scen	21	212	25	232	0	0	0.15	NO SOLUTION	0	1	1868	0
random16-5.scen	21	212	25	232	1	0	0.19	NO SOLUTION	12	3	7472	568
random16-5.scen	21	212	25	232	2	0	0.31	OK	323	28	10379	2548
random16-5.scen	22	212	25	244	0	0	0.16	NO SOLUTION	0	1	1973	0
random16-5.scen	22	212	25	244	1	0	0.21	NO SOLUTION	16	4	7865	585
random16-5.scen	22	212	25	244	2	0	0.33	OK	287	31	10936	2680
random16-5.scen	23	212	25	251	0	0	0.17	NO SOLUTION	0	1	2013	0
random16-5.scen	23	212	25	251	1	0	0.21	NO SOLUTION	16	4	7997	600
random16-5.scen	23	212	25	251	2	0	0.34	OK	237	25	11187	2751
random16-5.scen	24	212	25	265	0	0	0.18	NO SOLUTION	0	1	2088	0
random16-5.scen	24	212	25	265	1	0	0.23	NO SOLUTION	16	4	8291	616
random16-5.scen	24	212	25	265	2	0.01	0.37	OK	266	22	11630	2855
random16-5.scen	25	212	25	281	0	0	0.19	NO SOLUTION	0	1	2233	0
random16-5.scen	25	212	25	281	1	0	0.24	NO SOLUTION	0	1	8901	803
random16-5.scen	25	212	25	281	2	0	0.38	NO SOLUTION	0	1	12478	3517
random16-5.scen	25	212	25	281	3	0	0.45	NO SOLUTION	23	4	20278	4619
random16-5.scen	25	212	25	281	4	0.01	0.64	NO SOLUTION	65	15	30905	7786
random16-5.scen	25	212	25	281	5	0.02	0.74	NO SOLUTION	129	40	42242	11042
random16-5.scen	25	212	25	281	6	0.05	1.01	OK	482	96	56216	15406
random16-5.scen	26	212	25	297	0	0	0.21	NO SOLUTION	0	1	2362	0
random16-5.scen	26	212	25	297	1	0	0.26	NO SOLUTION	0	1	9438	849
random16-5.scen	26	212	25	297	2	0	0.4	NO SOLUTION	0	1	13114	3691
random16-5.scen	26	212	25	297	3	0	0.47	NO SOLUTION	0	1	21284	6204
random16-5.scen	26	212	25	297	4	0	0.67	NO SOLUTION	0	1	32380	9804
random16-5.scen	26	212	25	297	5	0	0.78	NO SOLUTION	31	11	44179	11165
random16-5.scen	26	212	25	297	6	0.01	1.01	NO SOLUTION	91	35	58678	15677
random16-5.scen	26	212	25	297	7	0.02	1.1	NO SOLUTION	135	32	73644	20431
random16-5.scen	26	212	25	297	8	0.02	1.35	NO SOLUTION	152	39	91183	26240
random16-5.scen	26	212	25	297	9	0.06	1.51	NO SOLUTION	350	129	109139	32096
random16-5.scen	26	212	25	297	10	0.17	1.89	NO SOLUTION	847	338	129493	38856
random16-5.scen	26	212	25	297	11	0.25	2.11	NO SOLUTION	1179	466	150316	45586
random16-5.scen	26	212	25	297	12	0.78	2.92	NO SOLUTION	2269	892	173240	53069
random16-5.scen	26	212	25	297	13	0.4	2.78	OK	1248	362	196604	60586
random16-5.scen	27	212	25	306	0	0	0.21	NO SOLUTION	0	1	2403	0
random16-5.scen	27	212	25	306	1	0	0.27	NO SOLUTION	0	1	9545	865
random16-5.scen	27	212	25	306	2	0	0.41	NO SOLUTION	0	1	13465	3798
random16-5.scen	27	212	25	306	3	0	0.49	NO SOLUTION	0	1	21904	6420
random16-5.scen	27	212	25	306	4	0	0.68	NO SOLUTION	0	1	33379	10197
random16-5.scen	27	212	25	306	5	0	0.79	NO SOLUTION	34	11	45555	11603
random16-5.scen	27	212	25	306	6	0.01	1.05	NO SOLUTION	94	35	60506	16295
random16-5.scen	27	212	25	306	7	0.02	1.13	NO SOLUTION	139	32	75969	21200
random16-5.scen	27	212	25	306	8	0.03	1.41	NO SOLUTION	196	49	94052	27182
random16-5.scen	27	212	25	306	9	0.05	1.56	NO SOLUTION	273	107	112587	33221
random16-5.scen	27	212	25	306	10	0.16	1.95	NO SOLUTION	820	324	133594	40145
random16-5.scen	27	212	25	306	11	0.34	2.28	NO SOLUTION	1051	537	155120	47039
random16-5.scen	27	212	25	306	12	0.35	2.64	NO SOLUTION	1360	535	178845	54717
random16-5.scen	27	212	25	306	13	0.41	2.87	OK	1493	355	203052	62440
random16-5.scen	28	212	25	323	0	0	0.23	NO SOLUTION	0	1	2470	0
random16-5.scen	28	212	25	323	1	0	0.28	NO SOLUTION	0	1	9750	886
random16-5.scen	28	212	25	323	2	0	0.45	NO SOLUTION	0	1	14057	3956
random16-5.scen	28	212	25	323	3	0	0.51	NO SOLUTION	0	1	22980	6722
random16-5.scen	28	212	25	323	4	0	0.72	NO SOLUTION	0	1	35136	10789
random16-5.scen	28	212	25	323	5	0	0.82	NO SOLUTION	34	11	47974	12148
random16-5.scen	28	212	25	323	6	0.01	1.09	NO SOLUTION	85	33	63703	17053
random16-5.scen	28	212	25	323	7	0.02	1.19	NO SOLUTION	118	35	79982	22154
random16-5.scen	28	212	25	323	8	0.03	1.49	NO SOLUTION	199	49	99003	28361
random16-5.scen	28	212	25	323	9	0.06	1.66	NO SOLUTION	368	116	118513	34655
random16-5.scen	28	212	25	323	10	0.16	2.05	NO SOLUTION	789	293	140579	41863
random16-5.scen	28	212	25	323	11	0.34	2.39	NO SOLUTION	1336	568	163189	49055
random16-5.scen	28	212	25	323	12	0.62	3.03	NO SOLUTION	1983	801	188073	57057
random16-5.scen	28	212	25	323	13	0.78	3.38	NO SOLUTION	2473	938	213455	65107
random16-5.scen	28	212	25	323	14	1.33	4.29	NO SOLUTION	2596	1116	240561	73720
random16-5.scen	28	212	25	323	15	2.65	5.8	OK	6427	1426	268112	82395
random16-5.scen	29	212	26	349	0	0	0.25	NO SOLUTION	0	1	2819	0
random16-5.scen	29	212	26	349	1	0	0.32	NO SOLUTION	0	1	11433	996
random16-5.scen	29	212	26	349	2	0	0.51	NO SOLUTION	0	1	15865	4403
random16-5.scen	29	212	26	349	3	0	0.58	NO SOLUTION	0	1	25876	7503
random16-5.scen	29	212	26	349	4	0	0.81	NO SOLUTION	0	1	39283	12012
random16-5.scen	29	212	26	349	5	0	0.93	NO SOLUTION	33	10	53429	13208
random16-5.scen	29	212	26	349	6	0.01	1.18	NO SOLUTION	72	23	70497	18508
random16-5.scen	29	212	26	349	7	0.02	1.32	NO SOLUTION	150	36	88176	23957
random16-5.scen	29	212	26	349	8	0.05	1.64	NO SOLUTION	239	63	108537	30575
random16-5.scen	29	212	26	349	9	0.06	1.81	NO SOLUTION	378	119	129421	37221
random16-5.scen	29	212	26	349	10	0.22	2.27	NO SOLUTION	931	346	152777	44817
random16-5.scen	29	212	26	349	11	0.43	2.65	NO SOLUTION	2319	802	176707	52377
random16-5.scen	29	212	26	349	12	0.55	3.18	NO SOLUTION	1794	822	202865	60737
random16-5.scen	29	212	26	349	13	0.75	3.57	NO SOLUTION	2011	878	229531	69157
random16-5.scen	29	212	26	349	14	1.51	4.68	NO SOLUTION	2762	1192	257906	78099
random16-5.scen	29	212	26	349	15	0.75	4.12	OK	3456	698	286745	87110
random16-5.scen	30	212	26	365	0	0	0.27	NO SOLUTION	0	1	2926	0
random16-5.scen	30	212	26	365	1	0	0.33	NO SOLUTION	0	1	11807	1038
random16-5.scen	30	212	26	365	2	0	0.52	NO SOLUTION	0	1	16448	4574
random16-5.scen	30	212	26	365	3	0	0.61	NO SOLUTION	0	1	26785	7805
random16-5.scen	30	212	26	365	4	0	0.83	NO SOLUTION	0	1	40626	12534
random16-5.scen	30	212	26	365	5	0.01	1	NO SOLUTION	34	10	55219	13512
random16-5.scen	30	212	26	365	6	0.01	1.23	NO SOLUTION	73	23	72812	18933
random16-5.scen	30	212	26	365	7	0.02	1.38	NO SOLUTION	122	23	91021	24492
random16-5.scen	30	212	26	365	8	0.03	1.68	NO SOLUTION	187	41	111948	31223
random16-5.scen	30	212	26	365	9	0.05	1.84	NO SOLUTION	311	90	133427	38050
random16-5.scen	30	212	26	365	10	0.22	2.35	NO SOLUTION	864	325	157449	45776
random16-5.scen	30	212	26	365	11	0.41	2.78	NO SOLUTION	1639	505	182081	53514
random16-5.scen	30	212	26	365	12	0.43	3.16	NO SOLUTION	1501	569	208969	62035
random16-5.scen	30	212	26	365	13	0.6	3.57	NO SOLUTION	1982	898	236392	70650
random16-5.scen	30	212	26	365	14	1.3	4.57	NO SOLUTION	3231	1061	265590	79801
random16-5.scen	30	212	26	365	15	1.92	5.42	NO SOLUTION	7866	1534	295290	89030
random16-5.scen	30	212	26	365	16	2.88	6.74	NO SOLUTION	8345	1765	326615	98694
random16-5.scen	30	212	26	365	17	5.11	9.22	NO SOLUTION	15261	2708	358404	108507
random16-5.scen	30	212	26	365	18	7.13	11.59	OK	38415	3391	391587	118697
random16-5.scen	31	212	26	379	0	0	0.28	NO SOLUTION	0	1	2996	0
random16-5.scen	31	212	26	379	1	0	0.35	NO SOLUTION	0	1	12000	1064
random16-5.scen	31	212	26	379	2	0	0.55	NO SOLUTION	0	1	16928	4708
random16-5.scen	31	212	26	379	3	0	0.63	NO SOLUTION	0	1	27632	8042
random16-5.scen	31	212	26	379	4	0	0.86	NO SOLUTION	0	1	42000	12969
random16-5.scen	31	212	26	379	5	0.01	1.01	NO SOLUTION	36	10	57078	13996
random16-5.scen	31	212	26	379	6	0.01	1.27	NO SOLUTION	75	23	75174	19618
random16-5.scen	31	212	26	379	7	0.02	1.42	NO SOLUTION	116	19	93846	25393
random16-5.scen	31	212	26	379	8	0.04	1.73	NO SOLUTION	203	54	115260	32345
random16-5.scen	31	212	26	379	9	0.06	1.92	NO SOLUTION	371	96	137250	39302
random16-5.scen	31	212	26	379	10	0.22	2.47	NO SOLUTION	1137	293	161866	47171
random16-5.scen	31	212	26	379	11	0.33	2.77	NO SOLUTION	1610	603	187143	55023
random16-5.scen	31	212	26	379	12	0.4	3.21	NO SOLUTION	1399	580	214757	63666
random16-5.scen	31	212	26	379	13	0.65	3.67	NO SOLUTION	3161	905	242932	72433
random16-5.scen	31	212	26	379	14	1.02	4.39	NO SOLUTION	2852	1046	272965	81762
random16-5.scen	31	212	26	379	15	2.3	5.93	NO SOLUTION	7762	1673	303517	91206
random16-5.scen	31	212	26	379	16	3.88	7.86	NO SOLUTION	9562	2233	335768	101121
random16-5.scen	31	212	26	379	17	4.93	9.18	NO SOLUTION	13896	2201	368500	111197
random16-5.scen	31	212	26	379	18	8.01	12.63	NO SOLUTION	21596	3661	402674	121666
random16-5.scen	31	212	26	379	19	11.41	16.32	NO SOLUTION	27420	5267	437270	132300
random16-5.scen	31	212	26	379	20	13.97	19.37	OK	30365	4876	473055	143269
random16-5.scen	32	212	26	386	0	0	0.29	NO SOLUTION	0	1	3032	0
random16-5.scen	32	212	26	386	1	0	0.36	NO SOLUTION	0	1	12099	1082
random16-5.scen	32	212	26	386	2	0	0.56	NO SOLUTION	0	1	17180	4782
random16-5.scen	32	212	26	386	3	0	0.65	NO SOLUTION	0	1	28077	8179
random16-5.scen	32	212	26	386	4	0	0.89	NO SOLUTION	0	1	42748	13218
random16-5.scen	32	212	26	386	5	0	1.04	NO SOLUTION	0	1	58121	18561
random16-5.scen	32	212	26	386	6	0	1.27	NO SOLUTION	0	1	76569	25204
random16-5.scen	32	212	26	386	7	0.01	1.46	NO SOLUTION	28	3	95596	25329
random16-5.scen	32	212	26	386	8	0.03	1.79	NO SOLUTION	169	32	117424	32396
random16-5.scen	32	212	26	386	9	0.07	1.99	NO SOLUTION	319	114	139876	39314
random16-5.scen	32	212	26	386	10	0.22	2.55	NO SOLUTION	1016	302	165012	47233
random16-5.scen	32	212	26	386	11	0.31	2.83	NO SOLUTION	1208	495	190839	55137
random16-5.scen	32	212	26	386	12	0.51	3.39	NO SOLUTION	1983	754	219078	63901
random16-5.scen	32	212	26	386	13	0.61	3.74	NO SOLUTION	1800	731	247905	72752
random16-5.scen	32	212	26	386	14	1.3	4.79	NO SOLUTION	3084	1403	278688	82234
random16-5.scen	32	212	26	386	15	2.9	6.65	NO SOLUTION	4318	1555	310013	91866
random16-5.scen	32	212	26	386	16	2.19	6.29	NO SOLUTION	3966	1200	343126	101972
random16-5.scen	32	212	26	386	17	3.73	8.14	NO SOLUTION	7429	2481	376742	112257
random16-5.scen	32	212	26	386	18	4.37	9.14	NO SOLUTION	9436	2158	411878	122957
random16-5.scen	32	212	26	386	19	5.42	10.52	NO SOLUTION	9787	2696	447453	133835
random16-5.scen	32	212	26	386	20	10.26	15.89	NO SOLUTION	32774	5351	484268	145063
