random08-5.scen	1	52	2	2	0	0	0.01	OK	0	0	2	0
random08-5.scen	2	52	2	2	0	0	0.01	OK	0	0	2	0
random08-5.scen	3	52	4	6	0	0	0.01	OK	0	0	6	0
random08-5.scen	4	52	4	7	0	0	0.01	OK	0	0	7	0
random08-5.scen	5	52	9	16	0	0	0.01	OK	1	0	58	0
random08-5.scen	6	52	10	26	0	0	0.01	NO SOLUTION	0	1	75	0
random08-5.scen	6	52	10	26	1	0	0.01	NO SOLUTION	0	1	319	24
random08-5.scen	6	52	10	26	2	0	0.02	NO SOLUTION	0	1	696	215
random08-5.scen	6	52	10	26	3	0	0.03	NO SOLUTION	0	1	1213	357
random08-5.scen	6	52	10	26	4	0	0.03	NO SOLUTION	0	1	1987	598
random08-5.scen	6	52	10	26	5	0	0.03	NO SOLUTION	0	1	2843	852
random08-5.scen	6	52	10	26	6	0	0.04	NO SOLUTION	0	1	3939	1196
random08-5.scen	6	52	10	26	7	0	0.06	NO SOLUTION	0	1	10301	1464
random08-5.scen	6	52	10	26	8	0	0.07	NO SOLUTION	140	37	13211	1133
random08-5.scen	6	52	10	26	9	0.01	0.09	OK	332	151	16169	1640
random08-5.scen	7	52	10	32	0	0	0.01	NO SOLUTION	0	1	112	0
random08-5.scen	7	52	10	32	1	0	0.01	NO SOLUTION	0	1	405	39
random08-5.scen	7	52	10	32	2	0	0.02	NO SOLUTION	0	1	905	277
random08-5.scen	7	52	10	32	3	0	0.03	NO SOLUTION	0	1	1567	467
random08-5.scen	7	52	10	32	4	0	0.04	NO SOLUTION	0	1	2550	773
random08-5.scen	7	52	10	32	5	0	0.04	NO SOLUTION	0	1	3620	1113
random08-5.scen	7	52	10	32	6	0	0.06	NO SOLUTION	0	1	10167	1445
random08-5.scen	7	52	10	32	7	0	0.07	NO SOLUTION	0	1	13160	1917
random08-5.scen	7	52	10	32	8	0	0.08	NO SOLUTION	164	59	8125	1745
random08-5.scen	7	52	10	32	9	0.01	0.11	NO SOLUTION	296	141	20408	2224
random08-5.scen	7	52	10	32	10	0.01	0.11	NO SOLUTION	249	144	11676	3072
random08-5.scen	7	52	10	32	11	0.02	0.13	NO SOLUTION	324	172	13537	3689
random08-5.scen	7	52	10	32	12	0.01	0.13	OK	305	151	15500	4419
random08-5.scen	8	52	10	39	0	0	0.01	NO SOLUTION	0	1	124	0
random08-5.scen	8	52	10	39	1	0	0.02	NO SOLUTION	0	1	469	46
random08-5.scen	8	52	10	39	2	0	0.02	NO SOLUTION	0	1	1090	333
random08-5.scen	8	52	10	39	3	0	0.03	NO SOLUTION	0	1	1905	570
random08-5.scen	8	52	10	39	4	0	0.04	NO SOLUTION	0	1	3103	944
random08-5.scen	8	52	10	39	5	0	0.05	NO SOLUTION	0	1	4392	1368
random08-5.scen	8	52	10	39	6	0	0.06	NO SOLUTION	0	1	6031	1941
random08-5.scen	8	52	10	39	7	0	0.07	NO SOLUTION	0	1	7703	2542
random08-5.scen	8	52	10	39	8	0	0.09	NO SOLUTION	172	57	9663	2316
random08-5.scen	8	52	10	39	9	0.01	0.11	NO SOLUTION	274	163	11631	3165
random08-5.scen	8	52	10	39	10	0.01	0.12	NO SOLUTION	277	170	13746	3936
random08-5.scen	8	52	10	39	11	0.01	0.14	NO SOLUTION	349	156	15902	4651
random08-5.scen	8	52	10	39	12	0.03	0.17	NO SOLUTION	425	211	18161	5455
random08-5.scen	8	52	10	39	13	0.05	0.2	NO SOLUTION	758	323	20452	6238
random08-5.scen	8	52	10	39	14	0.02	0.19	OK	508	234	22829	7090
random08-5.scen	9	52	10	45	0	0	0.01	NO SOLUTION	0	1	142	0
random08-5.scen	9	52	10	45	1	0	0.02	NO SOLUTION	0	1	534	53
random08-5.scen	9	52	10	45	2	0	0.03	NO SOLUTION	0	1	1298	394
random08-5.scen	9	52	10	45	3	0	0.03	NO SOLUTION	0	1	2287	675
random08-5.scen	9	52	10	45	4	0	0.05	NO SOLUTION	0	1	3712	1144
random08-5.scen	9	52	10	45	5	0	0.06	NO SOLUTION	0	1	5262	1653
random08-5.scen	9	52	10	45	6	0	0.07	NO SOLUTION	0	1	7153	2344
random08-5.scen	9	52	10	45	7	0	0.08	NO SOLUTION	0	1	9103	3058
random08-5.scen	9	52	10	45	8	0	0.1	NO SOLUTION	147	53	11307	2793
random08-5.scen	9	52	10	45	9	0.01	0.12	NO SOLUTION	259	138	13547	3735
random08-5.scen	9	52	10	45	10	0.02	0.15	NO SOLUTION	507	257	15930	4590
random08-5.scen	9	52	10	45	11	0.02	0.16	NO SOLUTION	284	141	18370	5394
random08-5.scen	9	52	10	45	12	0.03	0.19	NO SOLUTION	434	222	20913	6282
random08-5.scen	9	52	10	45	13	0.05	0.23	NO SOLUTION	585	322	23496	7157
random08-5.scen	9	52	10	45	14	0.07	0.26	NO SOLUTION	778	454	26168	8092
random08-5.scen	9	52	10	45	15	0.13	0.34	NO SOLUTION	1046	618	28868	9018
random08-5.scen	9	52	10	45	16	0.06	0.29	OK	805	411	31632	9984
random08-5.scen	10	52	10	53	0	0	0.01	NO SOLUTION	0	1	156	0
random08-5.scen	10	52	10	53	1	0	0.02	NO SOLUTION	0	1	594	57
random08-5.scen	10	52	10	53	2	0	0.03	NO SOLUTION	0	1	1444	440
random08-5.scen	10	52	10	53	3	0	0.04	NO SOLUTION	0	1	2527	758
random08-5.scen	10	52	10	53	4	0	0.05	NO SOLUTION	0	1	4077	1288
random08-5.scen	10	52	10	53	5	0	0.06	NO SOLUTION	0	1	5755	1847
random08-5.scen	10	52	10	53	6	0	0.08	NO SOLUTION	0	1	7802	2611
random08-5.scen	10	52	10	53	7	0	0.09	NO SOLUTION	0	1	9924	3367
random08-5.scen	10	52	10	53	8	0	0.11	NO SOLUTION	179	55	12322	3165
random08-5.scen	10	52	10	53	9	0.01	0.14	NO SOLUTION	383	177	14774	4206
random08-5.scen	10	52	10	53	10	0.01	0.16	NO SOLUTION	342	189	17405	5143
random08-5.scen	10	52	10	53	11	0.03	0.19	NO SOLUTION	577	302	20106	6027
random08-5.scen	10	52	10	53	12	0.04	0.22	NO SOLUTION	577	347	22935	7000
random08-5.scen	10	52	10	53	13	0.06	0.25	NO SOLUTION	590	340	25813	7956
random08-5.scen	10	52	10	53	14	0.08	0.29	NO SOLUTION	848	445	28778	8962
random08-5.scen	10	52	10	53	15	0.14	0.38	NO SOLUTION	1268	726	31774	9969
random08-5.scen	10	52	10	53	16	0.2	0.45	NO SOLUTION	1434	741	34836	11011
random08-5.scen	10	52	10	53	17	0.23	0.51	OK	1350	785	37921	12057
random08-5.scen	11	52	10	57	0	0	0.02	NO SOLUTION	0	1	172	0
random08-5.scen	11	52	10	57	1	0	0.02	NO SOLUTION	0	1	644	64
random08-5.scen	11	52	10	57	2	0	0.03	NO SOLUTION	0	1	1578	487
random08-5.scen	11	52	10	57	3	0	0.04	NO SOLUTION	0	1	2763	851
random08-5.scen	11	52	10	57	4	0	0.06	NO SOLUTION	0	1	4452	1446
random08-5.scen	11	52	10	57	5	0	0.07	NO SOLUTION	0	1	6288	2079
random08-5.scen	11	52	10	57	6	0	0.08	NO SOLUTION	0	1	8518	2913
random08-5.scen	11	52	10	57	7	0	0.1	NO SOLUTION	0	1	10828	3748
random08-5.scen	11	52	10	57	8	0.01	0.13	NO SOLUTION	268	99	13466	3455
random08-5.scen	11	52	10	57	9	0.02	0.16	NO SOLUTION	370	219	16170	4585
random08-5.scen	11	52	10	57	10	0.01	0.17	NO SOLUTION	315	165	19083	5585
random08-5.scen	11	52	10	57	11	0.02	0.2	NO SOLUTION	362	160	22066	6557
random08-5.scen	11	52	10	57	12	0.03	0.23	NO SOLUTION	404	205	25188	7606
random08-5.scen	11	52	10	57	13	0.06	0.28	NO SOLUTION	737	366	28363	8649
random08-5.scen	11	52	10	57	14	0.09	0.34	NO SOLUTION	977	500	31628	9738
random08-5.scen	11	52	10	57	15	0.14	0.4	NO SOLUTION	1122	585	34926	10833
random08-5.scen	11	52	10	57	16	0.2	0.49	NO SOLUTION	1469	718	38290	11961
random08-5.scen	11	52	10	57	17	0.1	0.4	OK	1540	597	41677	13094
random08-5.scen	12	52	10	59	0	0	0.02	NO SOLUTION	0	1	175	0
random08-5.scen	12	52	10	59	1	0	0.02	NO SOLUTION	0	1	659	66
random08-5.scen	12	52	10	59	2	0	0.03	NO SOLUTION	0	1	1647	521
random08-5.scen	12	52	10	59	3	0	0.04	NO SOLUTION	0	1	2890	908
random08-5.scen	12	52	10	59	4	0	0.06	NO SOLUTION	0	1	4679	1545
random08-5.scen	12	52	10	59	5	0	0.07	NO SOLUTION	0	1	6623	2209
random08-5.scen	12	52	10	59	6	0	0.09	NO SOLUTION	0	1	8994	3097
random08-5.scen	12	52	10	59	7	0	0.11	NO SOLUTION	0	1	11463	3982
random08-5.scen	12	52	10	59	8	0.02	0.15	NO SOLUTION	430	251	14303	3641
random08-5.scen	12	52	10	59	9	0.01	0.16	NO SOLUTION	401	193	17229	4835
random08-5.scen	12	52	10	59	10	0.04	0.21	NO SOLUTION	580	351	20404	5892
random08-5.scen	12	52	10	59	11	0.02	0.21	NO SOLUTION	346	147	23658	6938
random08-5.scen	12	52	10	59	12	0.04	0.26	NO SOLUTION	533	260	27060	8060
random08-5.scen	12	52	10	59	13	0.05	0.29	NO SOLUTION	563	272	30518	9188
random08-5.scen	12	52	10	59	14	0.1	0.38	NO SOLUTION	802	344	34071	10361
random08-5.scen	12	52	10	59	15	0.14	0.44	NO SOLUTION	1011	557	37661	11543
random08-5.scen	12	52	10	59	16	0.17	0.49	NO SOLUTION	1442	614	41320	12758
random08-5.scen	12	52	10	59	17	0.31	0.65	NO SOLUTION	1817	1013	45004	13978
random08-5.scen	12	52	10	59	18	0.38	0.74	NO SOLUTION	2348	1113	48729	15220
random08-5.scen	12	52	10	59	19	0.44	0.83	OK	2893	1293	52468	16463
random08-5.scen	13	52	10	63	0	0	0.02	NO SOLUTION	0	1	176	0
random08-5.scen	13	52	10	63	1	0	0.02	NO SOLUTION	0	1	671	0
random08-5.scen	13	52	10	63	2	0	0.04	NO SOLUTION	0	1	1734	550
random08-5.scen	13	52	10	63	3	0	0.04	NO SOLUTION	0	1	3046	964
random08-5.scen	13	52	10	63	4	0	0.06	NO SOLUTION	0	1	4945	1641
random08-5.scen	13	52	10	63	5	0	0.08	NO SOLUTION	0	1	6974	2355
random08-5.scen	13	52	10	63	6	0	0.1	NO SOLUTION	0	1	9475	3279
random08-5.scen	13	52	10	63	7	0	0.11	NO SOLUTION	0	1	12074	4190
random08-5.scen	13	52	10	63	8	0.01	0.15	NO SOLUTION	300	171	15078	3837
random08-5.scen	13	52	10	63	9	0.02	0.18	NO SOLUTION	483	257	18170	5109
random08-5.scen	13	52	10	63	10	0.02	0.2	NO SOLUTION	379	173	21547	6222
random08-5.scen	13	52	10	63	11	0.03	0.24	NO SOLUTION	352	172	25010	7325
random08-5.scen	13	52	10	63	12	0.04	0.28	NO SOLUTION	434	238	28652	8512
random08-5.scen	13	52	10	63	13	0.04	0.3	NO SOLUTION	624	281	32361	9710
random08-5.scen	13	52	10	63	14	0.06	0.35	NO SOLUTION	602	290	36190	10957
random08-5.scen	13	52	10	63	15	0.08	0.39	NO SOLUTION	701	373	40061	12219
random08-5.scen	13	52	10	63	16	0.12	0.46	NO SOLUTION	1206	549	44010	13519
random08-5.scen	13	52	10	63	17	0.19	0.56	NO SOLUTION	1514	768	47987	14825
random08-5.scen	13	52	10	63	18	0.2	0.59	NO SOLUTION	1522	803	52010	16155
random08-5.scen	13	52	10	63	19	0.41	0.83	NO SOLUTION	2188	1185	56051	17486
random08-5.scen	13	52	10	63	20	0.49	0.94	NO SOLUTION	1815	1048	60103	18822
random08-5.scen	13	52	10	63	21	0.69	1.16	NO SOLUTION	2883	1305	64160	20159
random08-5.scen	13	52	10	63	22	1.09	1.59	NO SOLUTION	4254	1982	68222	21498
random08-5.scen	13	52	10	63	23	0.24	0.77	OK	3109	932	72288	22837
random08-5.scen	14	52	10	68	0	0	0.02	NO SOLUTION	0	1	198	0
random08-5.scen	14	52	10	68	1	0	0.02	NO SOLUTION	0	1	733	0
random08-5.scen	14	52	10	68	2	0	0.04	NO SOLUTION	0	1	1898	601
random08-5.scen	14	52	10	68	3	0	0.05	NO SOLUTION	0	1	3325	1050
random08-5.scen	14	52	10	68	4	0	0.07	NO SOLUTION	0	1	5412	1785
random08-5.scen	14	52	10	68	5	0	0.08	NO SOLUTION	0	1	7640	2562
random08-5.scen	14	52	10	68	6	0	0.11	NO SOLUTION	0	1	10339	3580
random08-5.scen	14	52	10	68	7	0	0.12	NO SOLUTION	0	1	13147	4571
random08-5.scen	14	52	10	68	8	0.01	0.16	NO SOLUTION	209	80	16349	4227
random08-5.scen	14	52	10	68	9	0.03	0.2	NO SOLUTION	453	259	19667	5560
random08-5.scen	14	52	10	68	10	0.02	0.22	NO SOLUTION	379	164	23286	6714
random08-5.scen	14	52	10	68	11	0.04	0.26	NO SOLUTION	593	274	27005	7888
random08-5.scen	14	52	10	68	12	0.04	0.3	NO SOLUTION	581	239	30920	9149
random08-5.scen	14	52	10	68	13	0.04	0.33	NO SOLUTION	568	248	34907	10429
random08-5.scen	14	52	10	68	14	0.07	0.39	NO SOLUTION	650	316	39019	11759
random08-5.scen	14	52	10	68	15	0.11	0.45	NO SOLUTION	796	422	43177	13106
random08-5.scen	14	52	10	68	16	0.16	0.53	NO SOLUTION	1126	565	47419	14493
random08-5.scen	14	52	10	68	17	0.27	0.67	NO SOLUTION	1549	808	51693	15886
random08-5.scen	14	52	10	68	18	0.37	0.8	NO SOLUTION	1534	684	56016	17304
random08-5.scen	14	52	10	68	19	0.44	0.9	NO SOLUTION	1649	909	60359	18723
random08-5.scen	14	52	10	68	20	0.56	1.05	NO SOLUTION	3277	1477	64713	20147
random08-5.scen	14	52	10	68	21	1.02	1.53	NO SOLUTION	2576	1470	69072	21572
random08-5.scen	14	52	10	68	22	1.31	1.86	NO SOLUTION	4222	2282	73436	22999
random08-5.scen	14	52	10	68	23	1.52	2.1	NO SOLUTION	5675	2843	77804	24426
random08-5.scen	14	52	10	68	24	2.59	3.2	NO SOLUTION	5296	3272	82175	25854
random08-5.scen	14	52	10	68	25	2.11	2.77	OK	7742	3319	86548	27282
random08-5.scen	15	52	10	76	0	0	0.02	NO SOLUTION	0	1	228	0
random08-5.scen	15	52	10	76	1	0	0.02	NO SOLUTION	0	1	837	0
random08-5.scen	15	52	10	76	2	0	0.04	NO SOLUTION	0	1	2114	682
random08-5.scen	15	52	10	76	3	0	0.05	NO SOLUTION	0	1	3671	1171
random08-5.scen	15	52	10	76	4	0	0.07	NO SOLUTION	0	1	5927	1978
random08-5.scen	15	52	10	76	5	0	0.09	NO SOLUTION	0	1	8329	2807
random08-5.scen	15	52	10	76	6	0	0.11	NO SOLUTION	0	1	11227	3881
random08-5.scen	15	52	10	76	7	0	0.13	NO SOLUTION	0	1	14248	4930
random08-5.scen	15	52	10	76	8	0.01	0.18	NO SOLUTION	382	159	17693	4658
random08-5.scen	15	52	10	76	9	0.02	0.2	NO SOLUTION	314	158	21268	6097
random08-5.scen	15	52	10	76	10	0.03	0.24	NO SOLUTION	441	214	25166	7342
random08-5.scen	15	52	10	76	11	0.07	0.31	NO SOLUTION	1001	460	29171	8601
random08-5.scen	15	52	10	76	12	0.03	0.32	NO SOLUTION	478	197	33377	9953
random08-5.scen	15	52	10	76	13	0.04	0.36	NO SOLUTION	455	209	37660	11324
random08-5.scen	15	52	10	76	14	0.07	0.41	NO SOLUTION	632	244	42070	12747
random08-5.scen	15	52	10	76	15	0.09	0.46	NO SOLUTION	650	293	46530	14186
random08-5.scen	15	52	10	76	16	0.21	0.62	NO SOLUTION	1405	616	51074	15660
random08-5.scen	15	52	10	76	17	0.27	0.7	NO SOLUTION	1222	574	55650	17143
random08-5.scen	15	52	10	76	18	0.28	0.76	NO SOLUTION	1274	709	60275	18648
random08-5.scen	15	52	10	76	19	0.38	0.88	NO SOLUTION	1808	942	64920	20155
random08-5.scen	15	52	10	76	20	0.62	1.14	NO SOLUTION	2319	1058	69576	21667
random08-5.scen	15	52	10	76	21	0.82	1.39	NO SOLUTION	2753	1274	74237	23180
random08-5.scen	15	52	10	76	22	1.17	1.78	NO SOLUTION	4770	1927	78903	24695
random08-5.scen	15	52	10	76	23	1.72	2.37	NO SOLUTION	3105	1757	83573	26210
random08-5.scen	15	52	10	76	24	1.7	2.38	NO SOLUTION	5806	2589	88246	27726
random08-5.scen	15	52	10	76	25	3.64	4.36	NO SOLUTION	8209	3850	92921	29242
random08-5.scen	15	52	10	76	26	2.11	2.86	OK	4780	2287	97596	30758
random08-5.scen	16	52	10	86	0	0	0.02	NO SOLUTION	0	1	313	0
random08-5.scen	16	52	10	86	1	0	0.03	NO SOLUTION	0	1	1211	0
random08-5.scen	16	52	10	86	2	0	0.05	NO SOLUTION	0	1	2589	832
random08-5.scen	16	52	10	86	3	0	0.06	NO SOLUTION	0	1	4407	1435
random08-5.scen	16	52	10	86	4	0	0.08	NO SOLUTION	0	1	6957	2385
random08-5.scen	16	52	10	86	5	0	0.1	NO SOLUTION	0	1	9617	3365
random08-5.scen	16	52	10	86	6	0	0.13	NO SOLUTION	0	1	12772	4554
random08-5.scen	16	52	10	86	7	0	0.15	NO SOLUTION	0	1	16060	5705
random08-5.scen	16	52	10	86	8	0.01	0.19	NO SOLUTION	180	54	19796	5226
random08-5.scen	16	52	10	86	9	0.03	0.24	NO SOLUTION	510	222	23667	6739
random08-5.scen	16	52	10	86	10	0.04	0.27	NO SOLUTION	630	316	27861	8066
random08-5.scen	16	52	10	86	11	0.04	0.32	NO SOLUTION	673	266	32168	9407
random08-5.scen	16	52	10	86	12	0.04	0.35	NO SOLUTION	417	177	36676	10843
random08-5.scen	16	52	10	86	13	0.07	0.41	NO SOLUTION	859	385	41261	12302
random08-5.scen	16	52	10	86	14	0.12	0.49	NO SOLUTION	702	340	45973	13810
random08-5.scen	16	52	10	86	15	0.11	0.52	NO SOLUTION	1071	446	50735	15337
random08-5.scen	16	52	10	86	16	0.22	0.66	NO SOLUTION	1544	558	55581	16899
random08-5.scen	16	52	10	86	17	0.19	0.67	NO SOLUTION	1309	497	60459	18470
random08-5.scen	16	52	10	86	18	0.24	0.75	NO SOLUTION	1594	760	65386	20063
random08-5.scen	16	52	10	86	19	0.5	1.04	NO SOLUTION	1654	787	70333	21658
random08-5.scen	16	52	10	86	20	0.59	1.18	NO SOLUTION	2611	1233	75291	23258
random08-5.scen	16	52	10	86	21	0.85	1.47	NO SOLUTION	2928	1389	80254	24859
random08-5.scen	16	52	10	86	22	1.13	1.8	NO SOLUTION	3661	1718	85222	26462
random08-5.scen	16	52	10	86	23	1.73	2.43	NO SOLUTION	5927	2303	90194	28065
random08-5.scen	16	52	10	86	24	3.1	3.84	NO SOLUTION	8570	3645	95169	29669
random08-5.scen	16	52	10	86	25	3.79	4.57	NO SOLUTION	8541	3791	100146	31273
random08-5.scen	16	52	10	86	26	7.3	8.12	NO SOLUTION	11043	5932	105123	32877
random08-5.scen	16	52	10	86	27	1.56	2.4	OK	4059	1675	110100	34481
random08-5.scen	17	52	10	93	0	0	0.02	NO SOLUTION	0	1	343	0
random08-5.scen	17	52	10	93	1	0	0.03	NO SOLUTION	0	1	1291	0
random08-5.scen	17	52	10	93	2	0	0.05	NO SOLUTION	0	1	2824	915
random08-5.scen	17	52	10	93	3	0	0.07	NO SOLUTION	0	1	4795	1578
random08-5.scen	17	52	10	93	4	0	0.09	NO SOLUTION	0	1	7552	2631
random08-5.scen	17	52	10	93	5	0	0.11	NO SOLUTION	0	1	10442	3679
random08-5.scen	17	52	10	93	6	0	0.14	NO SOLUTION	0	1	13849	4948
random08-5.scen	17	52	10	93	7	0	0.16	NO SOLUTION	0	1	17405	6180
random08-5.scen	17	52	10	93	8	0.01	0.21	NO SOLUTION	253	104	21413	5627
random08-5.scen	17	52	10	93	9	0.02	0.25	NO SOLUTION	441	175	25566	7222
random08-5.scen	17	52	10	93	10	0.03	0.29	NO SOLUTION	494	212	30045	8624
random08-5.scen	17	52	10	93	11	0.15	0.44	NO SOLUTION	1233	674	34639	10049
random08-5.scen	17	52	10	93	12	0.04	0.37	NO SOLUTION	628	233	39437	11569
random08-5.scen	17	52	10	93	13	0.05	0.41	NO SOLUTION	612	244	44314	13113
random08-5.scen	17	52	10	93	14	0.06	0.46	NO SOLUTION	658	271	49321	14706
random08-5.scen	17	52	10	93	15	0.13	0.56	NO SOLUTION	896	358	54380	16319
random08-5.scen	17	52	10	93	16	0.14	0.62	NO SOLUTION	1589	473	59526	17967
random08-5.scen	17	52	10	93	17	0.28	0.79	NO SOLUTION	2215	712	64706	19625
random08-5.scen	17	52	10	93	18	0.31	0.86	NO SOLUTION	2574	772	69935	21305
random08-5.scen	17	52	10	93	19	0.51	1.1	NO SOLUTION	2644	1047	75184	22988
random08-5.scen	17	52	10	93	20	0.58	1.23	NO SOLUTION	3475	1377	80444	24676
random08-5.scen	17	52	10	93	21	0.53	1.22	NO SOLUTION	2853	1102	85709	26365
random08-5.scen	17	52	10	93	22	1.17	1.88	NO SOLUTION	4328	1488	90979	28056
random08-5.scen	17	52	10	93	23	2.1	2.85	NO SOLUTION	3948	1990	96253	29747
random08-5.scen	17	52	10	93	24	1.58	2.37	NO SOLUTION	5679	2020	101530	31439
random08-5.scen	17	52	10	93	25	2.02	2.85	NO SOLUTION	7971	2785	106809	33131
random08-5.scen	17	52	10	93	26	3.25	4.12	NO SOLUTION	10108	3527	112088	34823
random08-5.scen	17	52	10	93	27	5.86	6.77	NO SOLUTION	15882	4709	117367	36515
random08-5.scen	17	52	10	93	28	6.29	7.25	NO SOLUTION	15240	6125	122646	38207
random08-5.scen	17	52	10	93	29	11.34	12.35	NO SOLUTION	36004	8750	127925	39899
random08-5.scen	17	52	10	93	30	6.24	7.3	OK	11980	5264	133204	41591
random08-5.scen	18	52	13	106	0	0	0.03	NO SOLUTION	0	1	391	0
random08-5.scen	18	52	13	106	1	0	0.04	NO SOLUTION	0	1	1454	0
random08-5.scen	18	52	13	106	2	0	0.07	NO SOLUTION	0	1	3142	1007
random08-5.scen	18	52	13	106	3	0	0.08	NO SOLUTION	0	1	5308	1735
random08-5.scen	18	52	13	106	4	0	0.11	NO SOLUTION	0	1	8290	2863
random08-5.scen	18	52	13	106	5	0	0.14	NO SOLUTION	0	1	11410	3986
random08-5.scen	18	52	13	106	6	0	0.17	NO SOLUTION	0	1	15068	5335
random08-5.scen	18	52	13	106	7	0	0.2	NO SOLUTION	0	1	18892	6654
random08-5.scen	18	52	13	106	8	0.01	0.25	NO SOLUTION	201	74	23185	5956
random08-5.scen	18	52	13	106	9	0.02	0.29	NO SOLUTION	347	145	27628	7647
random08-5.scen	18	52	13	106	10	0.03	0.35	NO SOLUTION	517	232	32402	9145
random08-5.scen	18	52	13	106	11	0.06	0.41	NO SOLUTION	615	273	37291	10658
random08-5.scen	18	52	13	106	12	0.04	0.43	NO SOLUTION	579	198	42385	12268
random08-5.scen	18	52	13	106	13	0.06	0.49	NO SOLUTION	563	222	47560	13899
random08-5.scen	18	52	13	106	14	0.07	0.55	NO SOLUTION	706	255	52869	15585
random08-5.scen	18	52	13	106	15	0.13	0.63	NO SOLUTION	1109	414	58230	17284
random08-5.scen	18	52	13	106	16	0.35	0.9	NO SOLUTION	2372	879	63678	19021
random08-5.scen	18	52	13	106	17	0.22	0.81	NO SOLUTION	2031	573	69160	20767
random08-5.scen	18	52	13	106	18	0.25	0.9	NO SOLUTION	2707	611	74691	22536
random08-5.scen	18	52	13	106	19	0.46	1.15	NO SOLUTION	2976	1062	80242	24307
random08-5.scen	18	52	13	106	20	0.4	1.12	NO SOLUTION	2792	786	85804	26083
random08-5.scen	18	52	13	106	21	0.42	1.19	NO SOLUTION	4332	887	91371	27860
random08-5.scen	18	52	13	106	22	0.72	1.53	NO SOLUTION	3224	1100	96943	29639
random08-5.scen	18	52	13	106	23	1.17	2.02	NO SOLUTION	2958	1237	102519	31418
random08-5.scen	18	52	13	106	24	2.25	3.15	NO SOLUTION	4157	1771	108098	33198
random08-5.scen	18	52	13	106	25	1.14	2.09	NO SOLUTION	6384	1729	113679	34978
random08-5.scen	18	52	13	106	26	1.71	2.69	NO SOLUTION	7397	2188	119260	36758
random08-5.scen	18	52	13	106	27	2.06	3.11	NO SOLUTION	6839	2417	124841	38538
random08-5.scen	18	52	13	106	28	2.74	3.83	NO SOLUTION	7535	2604	130422	40318
random08-5.scen	18	52	13	106	29	3.73	4.87	NO SOLUTION	11284	3649	136003	42098
random08-5.scen	18	52	13	106	30	4.89	6.07	NO SOLUTION	13278	4034	141584	43878
random08-5.scen	18	52	13	106	31	4.99	6.22	NO SOLUTION	13247	4556	147165	45658
random08-5.scen	18	52	13	106	32	6.81	8.12	NO SOLUTION	20528	6341	152746	47438
random08-5.scen	18	52	13	106	33	8.98	10.35	NO SOLUTION	23717	6795	158327	49218
random08-5.scen	18	52	13	106	34	19.49	20.91	NO SOLUTION	24505	10946	163908	50998
