random48-3.scen	1	1873	23	23	0	0	0.08	OK	12	0	123	12
random48-3.scen	2	1873	23	25	0	0	0.08	OK	13	0	132	12
random48-3.scen	3	1873	23	36	0	0	0.08	OK	13	0	143	12
random48-3.scen	4	1873	31	67	0	0	0.09	OK	19	0	218	17
random48-3.scen	5	1873	31	79	0	0	0.09	OK	25	0	277	21
random48-3.scen	6	1873	45	124	0	0	0.15	OK	54	0	1689	85
random48-3.scen	7	1873	45	151	0	0	0.17	OK	62	0	1782	93
random48-3.scen	8	1873	45	183	0	0	0.22	OK	80	0	2559	142
random48-3.scen	9	1873	45	213	0	0	0.26	OK	102	0	3188	189
random48-3.scen	10	1873	45	247	0	0	0.32	OK	108	0	4195	239
random48-3.scen	11	1873	45	283	0	0	0.4	OK	132	0	5388	297
random48-3.scen	12	1873	45	316	0	0	0.45	OK	143	0	5823	344
random48-3.scen	13	1873	45	340	0	0	0.5	OK	161	0	6322	375
random48-3.scen	14	1873	45	384	0	0	0.56	OK	185	0	7692	451
random48-3.scen	15	1873	45	424	0	0	0.59	OK	200	0	8165	488
random48-3.scen	16	1873	45	452	0	0	0.63	OK	214	0	8556	530
random48-3.scen	17	1873	45	460	0	0	0.65	OK	218	0	8589	533
random48-3.scen	18	1873	45	470	0	0	0.67	OK	223	0	8621	534
random48-3.scen	19	1873	45	507	0	0	0.7	OK	236	0	8853	561
random48-3.scen	20	1873	45	526	0	0	0.72	OK	246	0	8950	570
random48-3.scen	21	1873	45	547	0	0	0.74	OK	247	0	9049	570
random48-3.scen	22	1873	45	584	0	0	0.77	OK	272	0	9439	601
random48-3.scen	23	1873	63	647	0	0	1.58	OK	301	0	12694	712
random48-3.scen	24	1873	63	673	0	0	1.64	OK	322	0	12822	726
random48-3.scen	25	1873	63	680	0	0	1.69	OK	329	0	12860	728
random48-3.scen	26	1873	63	740	0	0	1.79	OK	333	0	13729	804
random48-3.scen	27	1873	63	753	0	0	1.83	OK	339	0	13770	807
random48-3.scen	28	1873	63	791	0	0	2	OK	350	0	14777	834
random48-3.scen	29	1873	63	833	0	0	2.1	OK	379	1	15432	893
random48-3.scen	30	1873	63	851	0	0	2.17	OK	385	1	15552	879
random48-3.scen	31	1873	63	883	0	0	2.25	OK	394	1	15766	891
random48-3.scen	32	1873	63	883	0	0	2.22	NO SOLUTION	0	1	15763	0
random48-3.scen	32	1873	63	883	1	0	2.42	NO SOLUTION	0	1	35792	0
random48-3.scen	32	1873	63	883	2	0.03	4.34	OK	1197	24	64684	10244
random48-3.scen	33	1873	63	925	0	0	2.42	NO SOLUTION	0	1	17586	0
random48-3.scen	33	1873	63	925	1	0	2.64	NO SOLUTION	0	1	37877	0
random48-3.scen	33	1873	63	925	2	0.03	4.63	OK	1261	23	68752	11121
random48-3.scen	34	1873	63	956	0	0	2.49	NO SOLUTION	0	1	17744	0
random48-3.scen	34	1873	63	956	1	0	2.72	NO SOLUTION	0	1	38168	0
random48-3.scen	34	1873	63	956	2	0.03	4.77	OK	1255	23	69697	11373
random48-3.scen	35	1873	63	992	0	0	2.63	NO SOLUTION	0	1	18765	0
random48-3.scen	35	1873	63	992	1	0	2.9	NO SOLUTION	0	1	39415	0
random48-3.scen	35	1873	63	992	2	0.03	5.09	OK	1306	24	72440	11961
random48-3.scen	36	1873	63	1014	0	0	2.7	NO SOLUTION	0	1	18844	0
random48-3.scen	36	1873	63	1014	1	0	2.95	NO SOLUTION	0	1	39645	0
random48-3.scen	36	1873	63	1014	2	0.03	5.15	OK	1313	24	73064	12136
random48-3.scen	37	1873	63	1037	0	0	2.81	NO SOLUTION	0	1	19023	0
random48-3.scen	37	1873	63	1037	1	0	3.02	NO SOLUTION	0	1	40049	0
random48-3.scen	37	1873	63	1037	2	0.03	5.3	OK	1441	27	74138	12405
random48-3.scen	38	1873	63	1087	0	0	2.97	NO SOLUTION	0	1	20762	0
random48-3.scen	38	1873	63	1087	1	0	3.25	NO SOLUTION	0	1	42051	0
random48-3.scen	38	1873	63	1087	2	0.03	5.58	OK	1528	28	78502	13341
random48-3.scen	39	1873	63	1131	0	0	3.11	NO SOLUTION	0	1	22251	0
random48-3.scen	39	1873	63	1131	1	0	3.39	NO SOLUTION	0	1	43805	0
random48-3.scen	39	1873	63	1131	2	0.04	5.82	OK	1608	28	82180	14110
random48-3.scen	40	1873	63	1151	0	0	3.22	NO SOLUTION	0	1	22562	0
random48-3.scen	40	1873	63	1151	1	0	3.48	NO SOLUTION	0	1	44316	0
random48-3.scen	40	1873	63	1151	2	0.04	5.97	OK	1638	28	83365	14350
random48-3.scen	41	1873	63	1198	0	0	3.38	NO SOLUTION	0	1	24495	0
random48-3.scen	41	1873	63	1198	1	0	3.67	NO SOLUTION	0	1	46519	0
random48-3.scen	41	1873	63	1198	2	0.04	6.26	OK	1758	30	88433	15362
random48-3.scen	42	1873	63	1240	0	0	3.42	NO SOLUTION	0	1	24780	0
random48-3.scen	42	1873	63	1240	1	0	3.74	NO SOLUTION	0	1	47082	0
random48-3.scen	42	1873	63	1240	2	0.04	6.42	OK	1739	30	90059	15749
random48-3.scen	43	1873	63	1256	0	0	3.5	NO SOLUTION	0	1	25066	0
random48-3.scen	43	1873	63	1256	1	0	3.84	NO SOLUTION	0	1	47511	0
random48-3.scen	43	1873	63	1256	2	0.04	6.51	OK	1771	31	91051	15927
random48-3.scen	44	1873	63	1293	0	0	3.65	NO SOLUTION	0	1	26393	0
random48-3.scen	44	1873	63	1293	1	0	4.04	NO SOLUTION	0	1	49057	0
random48-3.scen	44	1873	63	1293	2	0.04	6.81	OK	1791	29	94434	16485
random48-3.scen	45	1873	63	1351	0	0	3.81	NO SOLUTION	0	1	27839	0
random48-3.scen	45	1873	63	1351	1	0	4.18	NO SOLUTION	0	1	50952	0
random48-3.scen	45	1873	63	1351	2	0.04	6.98	OK	1742	29	98424	17407
random48-3.scen	46	1873	63	1370	0	0	3.89	NO SOLUTION	0	1	28070	0
random48-3.scen	46	1873	63	1370	1	0	4.27	NO SOLUTION	0	1	51380	0
random48-3.scen	46	1873	63	1370	2	0.04	7.16	OK	1810	30	99424	17614
random48-3.scen	47	1873	63	1402	0	0	4.01	NO SOLUTION	0	1	28530	0
random48-3.scen	47	1873	63	1402	1	0	4.42	NO SOLUTION	0	1	52194	0
random48-3.scen	47	1873	63	1402	2	0.05	7.3	OK	1951	31	101399	18040
random48-3.scen	48	1873	63	1425	0	0	4.12	NO SOLUTION	0	1	28714	0
random48-3.scen	48	1873	63	1425	1	0	4.62	NO SOLUTION	0	1	52620	0
random48-3.scen	48	1873	63	1425	2	0.07	7.41	OK	2023	30	102482	18319
random48-3.scen	49	1873	63	1452	0	0	4.17	NO SOLUTION	0	1	28807	0
random48-3.scen	49	1873	63	1452	1	0	4.67	NO SOLUTION	0	1	52898	0
random48-3.scen	49	1873	63	1452	2	0.05	7.54	OK	1920	30	103287	18570
random48-3.scen	50	1873	63	1491	0	0	4.28	NO SOLUTION	0	1	29459	0
random48-3.scen	50	1873	63	1491	1	0	4.82	NO SOLUTION	0	1	54553	0
random48-3.scen	50	1873	63	1491	2	0.05	7.78	OK	2152	35	106835	19298
random48-3.scen	51	1873	63	1517	0	0	4.25	NO SOLUTION	0	1	17376	0
random48-3.scen	51	1873	63	1517	1	0	4.88	NO SOLUTION	0	1	54852	0
random48-3.scen	51	1873	63	1517	2	0	7.82	NO SOLUTION	0	1	107628	20805
random48-3.scen	51	1873	63	1517	3	0.03	8.58	NO SOLUTION	395	22	166879	33778
random48-3.scen	51	1873	63	1517	4	0.07	11.12	OK	1255	51	245482	54866
random48-3.scen	52	1873	72	1589	0	0	5.8	NO SOLUTION	0	1	18751	0
random48-3.scen	52	1873	72	1589	1	0	6.47	NO SOLUTION	0	1	58151	0
random48-3.scen	52	1873	72	1589	2	0	10.09	NO SOLUTION	0	1	114605	22272
random48-3.scen	52	1873	72	1589	3	0.04	10.84	NO SOLUTION	544	28	177934	35918
random48-3.scen	52	1873	72	1589	4	0.07	14.25	OK	1338	51	261794	58291
random48-3.scen	53	1873	72	1622	0	0	5.98	NO SOLUTION	0	1	19183	0
random48-3.scen	53	1873	72	1622	1	0	6.69	NO SOLUTION	0	1	59342	0
random48-3.scen	53	1873	72	1622	2	0	10.33	NO SOLUTION	0	1	117129	22819
random48-3.scen	53	1873	72	1622	3	0.02	11.1	NO SOLUTION	201	16	182156	36945
random48-3.scen	53	1873	72	1622	4	0.08	14.63	OK	1385	52	267961	60089
random48-3.scen	54	1873	72	1646	0	0	6.07	NO SOLUTION	0	1	19243	0
random48-3.scen	54	1873	72	1646	1	0	6.81	NO SOLUTION	0	1	59542	0
random48-3.scen	54	1873	72	1646	2	0	10.55	NO SOLUTION	0	1	117721	23001
random48-3.scen	54	1873	72	1646	3	0.02	11.32	NO SOLUTION	204	16	183302	37163
random48-3.scen	54	1873	72	1646	4	0.07	14.86	OK	1397	52	270010	60535
random48-3.scen	55	1873	72	1696	0	0	6.28	NO SOLUTION	0	1	20273	0
random48-3.scen	55	1873	72	1696	1	0	7.09	NO SOLUTION	0	1	62354	0
random48-3.scen	55	1873	72	1696	2	0	10.93	NO SOLUTION	0	1	123764	24455
random48-3.scen	55	1873	72	1696	3	0.05	11.82	NO SOLUTION	583	28	193063	39871
random48-3.scen	55	1873	72	1696	4	0.08	15.41	OK	1460	53	283984	64938
random48-3.scen	56	1873	72	1751	0	0	6.5	NO SOLUTION	0	1	20966	0
random48-3.scen	56	1873	72	1751	1	0	7.28	NO SOLUTION	0	1	64038	0
random48-3.scen	56	1873	72	1751	2	0	11.18	NO SOLUTION	0	1	127851	25415
random48-3.scen	56	1873	72	1751	3	0.03	12.08	NO SOLUTION	230	16	199870	41404
random48-3.scen	56	1873	72	1751	4	0.08	15.99	OK	1536	54	294594	67578
random48-3.scen	57	1873	72	1784	0	0	6.66	NO SOLUTION	0	1	21172	0
random48-3.scen	57	1873	72	1784	1	0	7.41	NO SOLUTION	0	1	64535	0
random48-3.scen	57	1873	72	1784	2	0	11.42	NO SOLUTION	0	1	128973	25730
random48-3.scen	57	1873	72	1784	3	0.04	12.39	NO SOLUTION	445	22	201678	41788
random48-3.scen	57	1873	72	1784	4	0.08	16.17	OK	1569	54	297311	68176
random48-3.scen	58	1873	72	1815	0	0	6.84	NO SOLUTION	0	1	21496	0
random48-3.scen	58	1873	72	1815	1	0	7.86	NO SOLUTION	0	1	65310	0
random48-3.scen	58	1873	72	1815	2	0	11.69	NO SOLUTION	0	1	130812	26157
random48-3.scen	58	1873	72	1815	3	0.03	12.6	NO SOLUTION	234	16	204706	42429
random48-3.scen	58	1873	72	1815	4	0.09	16.88	OK	1601	55	302172	69264
random48-3.scen	59	1873	72	1853	0	0	6.9	NO SOLUTION	0	1	21499	0
random48-3.scen	59	1873	72	1853	1	0	7.72	NO SOLUTION	0	1	65947	0
random48-3.scen	59	1873	72	1853	2	0	11.91	NO SOLUTION	0	1	132477	26591
random48-3.scen	59	1873	72	1853	3	0.03	12.79	NO SOLUTION	235	16	207639	43192
random48-3.scen	59	1873	72	1853	4	0.05	16.85	NO SOLUTION	188	27	307021	70687
random48-3.scen	59	1873	72	1853	5	0.13	18.11	NO SOLUTION	470	46	412133	101739
random48-3.scen	59	1873	72	1853	6	0.3	22.76	OK	2790	135	536249	142440
random48-3.scen	60	1873	72	1889	0	0	7.04	NO SOLUTION	0	1	21693	0
random48-3.scen	60	1873	72	1889	1	0	7.86	NO SOLUTION	0	1	66426	0
random48-3.scen	60	1873	72	1889	2	0	12.12	NO SOLUTION	0	1	133604	26895
random48-3.scen	60	1873	72	1889	3	0.03	13.02	NO SOLUTION	237	16	209511	43365
random48-3.scen	60	1873	72	1889	4	0.06	17.17	NO SOLUTION	191	27	309917	71000
random48-3.scen	60	1873	72	1889	5	0.15	18.93	NO SOLUTION	474	44	416227	102271
random48-3.scen	60	1873	72	1889	6	0.28	23.04	OK	2764	130	541961	143312
random48-3.scen	61	1873	72	1908	0	0	7.24	NO SOLUTION	0	1	21782	0
random48-3.scen	61	1873	72	1908	1	0	8	NO SOLUTION	0	1	66677	0
random48-3.scen	61	1873	72	1908	2	0	12.32	NO SOLUTION	0	1	134186	27062
random48-3.scen	61	1873	72	1908	3	0.03	13.37	NO SOLUTION	235	16	210478	43626
random48-3.scen	61	1873	72	1908	4	0.06	17.34	NO SOLUTION	195	27	311464	71414
random48-3.scen	61	1873	72	1908	5	0.15	18.71	NO SOLUTION	480	44	418405	102855
random48-3.scen	61	1873	72	1908	6	0.32	23.44	OK	2795	145	545005	144218
random48-3.scen	62	1873	72	1931	0	0	7.32	NO SOLUTION	0	1	21994	0
random48-3.scen	62	1873	72	1931	1	0	8.13	NO SOLUTION	0	1	67190	0
random48-3.scen	62	1873	72	1931	2	0	12.62	NO SOLUTION	0	1	135322	27373
random48-3.scen	62	1873	72	1931	3	0.03	13.54	NO SOLUTION	242	16	212319	44100
random48-3.scen	62	1873	72	1931	4	0.06	17.65	NO SOLUTION	194	27	314307	72269
random48-3.scen	62	1873	72	1931	5	0.15	19.58	NO SOLUTION	481	44	422360	104100
