random64-2.scen	1	3270	10	10	0	0	0.13	OK	9	0	91	15
random64-2.scen	2	3270	34	44	0	0	0.15	OK	33	0	523	109
random64-2.scen	3	3270	68	112	0	0	0.23	OK	62	0	1143	92
random64-2.scen	4	3270	68	170	0	0	0.36	OK	90	0	2659	190
random64-2.scen	5	3270	68	191	0	0	0.38	OK	94	0	2781	203
random64-2.scen	6	3270	82	273	0	0	0.56	OK	127	0	3296	257
random64-2.scen	7	3270	82	316	0	0	0.6	NO SOLUTION	0	1	2502	0
random64-2.scen	7	3270	82	316	1	0	0.66	OK	133	2	10068	883
random64-2.scen	8	3270	82	383	0	0	0.71	NO SOLUTION	0	1	2948	0
random64-2.scen	8	3270	82	383	1	0	0.79	OK	155	2	11689	1053
random64-2.scen	9	3270	82	414	0	0	0.77	NO SOLUTION	0	1	3155	0
random64-2.scen	9	3270	82	414	1	0	0.85	OK	173	2	12413	1132
random64-2.scen	10	3270	82	489	0	0	1.09	NO SOLUTION	0	1	4653	0
random64-2.scen	10	3270	82	489	1	0.01	1.22	OK	220	2	20830	1552
random64-2.scen	11	3270	82	541	0	0	1.32	NO SOLUTION	0	1	5658	0
random64-2.scen	11	3270	82	541	1	0.01	1.48	OK	254	2	26072	1840
random64-2.scen	12	3270	82	599	0	0	1.5	NO SOLUTION	0	1	6396	0
random64-2.scen	12	3270	82	599	1	0.01	1.75	OK	278	2	29003	2113
random64-2.scen	13	3270	82	643	0	0	1.69	NO SOLUTION	0	1	6671	0
random64-2.scen	13	3270	82	643	1	0	1.88	NO SOLUTION	10	4	29964	2289
random64-2.scen	13	3270	82	643	2	0.01	3.71	OK	470	16	51283	7803
random64-2.scen	14	3270	82	671	0	0	1.78	NO SOLUTION	0	1	6886	0
random64-2.scen	14	3270	82	671	1	0	1.96	NO SOLUTION	10	4	30421	2411
random64-2.scen	14	3270	82	671	2	0.01	3.86	OK	517	19	52453	8116
random64-2.scen	15	3270	82	737	0	0	1.94	NO SOLUTION	0	1	7590	0
random64-2.scen	15	3270	82	737	1	0	2.16	NO SOLUTION	10	4	31962	2720
random64-2.scen	15	3270	82	737	2	0.02	4.18	OK	556	18	56026	8963
random64-2.scen	16	3270	82	785	0	0	2.09	NO SOLUTION	0	1	8071	0
random64-2.scen	16	3270	82	785	1	0	2.31	NO SOLUTION	11	4	33195	2963
random64-2.scen	16	3270	82	785	2	0.02	4.55	OK	569	18	58956	9626
random64-2.scen	17	3270	82	838	0	0	2.2	NO SOLUTION	0	1	8428	0
random64-2.scen	17	3270	82	838	1	0	2.4	NO SOLUTION	11	4	33989	3120
random64-2.scen	17	3270	82	838	2	0.02	4.86	OK	617	18	61284	10156
random64-2.scen	18	3270	82	857	0	0	2.24	NO SOLUTION	0	1	8528	0
random64-2.scen	18	3270	82	857	1	0	2.47	NO SOLUTION	11	4	34209	3146
random64-2.scen	18	3270	82	857	2	0.02	5.02	OK	636	19	61957	10291
random64-2.scen	19	3270	82	869	0	0	2.3	NO SOLUTION	0	1	8574	0
random64-2.scen	19	3270	82	869	1	0	2.55	NO SOLUTION	12	4	34322	3170
random64-2.scen	19	3270	82	869	2	0.02	5.06	OK	694	20	62286	10391
random64-2.scen	20	3270	82	882	0	0	2.37	NO SOLUTION	0	1	8657	0
random64-2.scen	20	3270	82	882	1	0	2.61	NO SOLUTION	12	4	34478	3207
random64-2.scen	20	3270	82	882	2	0.02	5.18	OK	737	22	62714	10509
random64-2.scen	21	3270	82	962	0	0	2.43	NO SOLUTION	0	1	9008	0
random64-2.scen	21	3270	82	962	1	0	2.7	NO SOLUTION	13	4	35255	3368
random64-2.scen	21	3270	82	962	2	0.02	5.46	OK	778	18	65068	11168
random64-2.scen	22	3270	82	1000	0	0	2.6	NO SOLUTION	0	1	9519	0
random64-2.scen	22	3270	82	1000	1	0	2.94	NO SOLUTION	14	4	36489	3569
random64-2.scen	22	3270	82	1000	2	0.04	5.81	OK	797	19	67791	11759
random64-2.scen	23	3270	82	1065	0	0	2.74	NO SOLUTION	0	1	9846	0
random64-2.scen	23	3270	82	1065	1	0	3.03	NO SOLUTION	14	4	37186	3743
random64-2.scen	23	3270	82	1065	2	0.02	6	OK	807	19	70064	12345
random64-2.scen	24	3270	82	1098	0	0	2.83	NO SOLUTION	0	1	10047	0
random64-2.scen	24	3270	82	1098	1	0	3.13	NO SOLUTION	14	4	37622	3817
random64-2.scen	24	3270	82	1098	2	0.03	6.16	OK	780	20	71315	12631
random64-2.scen	25	3270	82	1170	0	0	2.99	NO SOLUTION	0	1	10528	0
random64-2.scen	25	3270	82	1170	1	0	3.28	NO SOLUTION	15	4	38754	4056
random64-2.scen	25	3270	82	1170	2	0.03	6.47	OK	803	20	74291	13372
random64-2.scen	26	3270	82	1189	0	0	3.05	NO SOLUTION	0	1	10684	0
random64-2.scen	26	3270	82	1189	1	0	3.37	NO SOLUTION	15	4	39071	4138
random64-2.scen	26	3270	82	1189	2	0.03	6.7	OK	841	21	75132	13585
random64-2.scen	27	3270	82	1219	0	0	3.23	NO SOLUTION	0	1	11110	0
random64-2.scen	27	3270	82	1219	1	0	3.55	NO SOLUTION	15	4	40065	4306
random64-2.scen	27	3270	82	1219	2	0.03	6.9	OK	889	22	77255	14072
random64-2.scen	28	3270	82	1268	0	0	3.35	NO SOLUTION	0	1	11446	0
random64-2.scen	28	3270	82	1268	1	0	3.82	NO SOLUTION	24	3	40768	4483
random64-2.scen	28	3270	82	1268	2	0.03	7.13	OK	925	22	79267	14580
random64-2.scen	29	3270	86	1354	0	0	4.24	NO SOLUTION	0	1	13542	0
random64-2.scen	29	3270	86	1354	1	0	4.65	NO SOLUTION	17	4	45860	5259
random64-2.scen	29	3270	86	1354	2	0.03	8.99	OK	890	20	89934	16727
random64-2.scen	30	3270	86	1386	0	0	4.36	NO SOLUTION	0	1	13858	0
random64-2.scen	30	3270	86	1386	1	0.01	4.79	NO SOLUTION	21	3	46566	5392
random64-2.scen	30	3270	86	1386	2	0.03	9.26	OK	978	20	91497	17103
random64-2.scen	31	3270	86	1463	0	0	4.68	NO SOLUTION	0	1	15146	0
random64-2.scen	31	3270	86	1463	1	0	5.17	NO SOLUTION	16	4	49707	5912
random64-2.scen	31	3270	86	1463	2	0.04	9.73	OK	1044	21	98021	18421
random64-2.scen	32	3270	86	1490	0	0	4.82	NO SOLUTION	0	1	15424	0
random64-2.scen	32	3270	86	1490	1	0	5.34	NO SOLUTION	16	4	50353	6053
random64-2.scen	32	3270	86	1490	2	0.04	10.09	OK	1062	22	99536	18753
random64-2.scen	33	3270	86	1542	0	0	5.1	NO SOLUTION	0	1	16176	0
random64-2.scen	33	3270	86	1542	1	0.01	5.6	NO SOLUTION	19	4	52142	6362
random64-2.scen	33	3270	86	1542	2	0.04	9.81	OK	1132	23	103481	19587
random64-2.scen	34	3270	86	1596	0	0	5.51	NO SOLUTION	0	1	17385	0
random64-2.scen	34	3270	86	1596	1	0	6.08	NO SOLUTION	0	1	55031	6897
random64-2.scen	34	3270	86	1596	2	0	10.3	NO SOLUTION	0	1	109630	21078
random64-2.scen	34	3270	86	1596	3	0	11.07	NO SOLUTION	0	1	170113	36100
random64-2.scen	34	3270	86	1596	4	0	15.34	NO SOLUTION	0	1	253906	57434
random64-2.scen	34	3270	86	1596	5	0	16.76	NO SOLUTION	0	1	344999	81404
random64-2.scen	34	3270	86	1596	6	0.03	21.42	NO SOLUTION	49	3	458486	107244
