random48-5.scen	1	1873	32	32	0	0	0.09	OK	18	0	389	95
random48-5.scen	2	1873	32	58	0	0	0.1	OK	43	0	705	163
random48-5.scen	3	1873	36	94	0	0	0.14	OK	58	0	1230	266
random48-5.scen	4	1873	36	121	0	0	0.16	OK	82	0	1395	293
random48-5.scen	5	1873	44	165	0	0	0.21	OK	78	0	2399	181
random48-5.scen	6	1873	44	187	0	0	0.24	OK	88	0	2701	209
random48-5.scen	7	1873	44	213	0	0	0.26	OK	99	0	2866	227
random48-5.scen	8	1873	44	222	0	0	0.28	OK	101	0	2882	227
random48-5.scen	9	1873	44	264	0	0	0.29	OK	114	0	3099	245
random48-5.scen	10	1873	44	279	0	0	0.31	OK	125	0	3231	259
random48-5.scen	11	1873	46	325	0	0	0.44	OK	168	0	5017	336
random48-5.scen	12	1873	49	374	0	0	0.5	OK	175	0	5250	357
random48-5.scen	13	1873	49	399	0	0	0.54	OK	185	0	5466	378
random48-5.scen	14	1873	49	442	0	0	0.6	OK	209	0	6253	433
random48-5.scen	15	1873	49	484	0	0	0.65	OK	222	0	6816	482
random48-5.scen	16	1873	49	496	0	0	0.67	OK	232	0	6872	487
random48-5.scen	17	1873	51	547	0	0	0.81	OK	264	0	8279	561
random48-5.scen	18	1873	51	572	0	0	0.85	OK	265	0	8456	587
random48-5.scen	19	1873	51	622	0	0	0.94	OK	260	0	9580	673
random48-5.scen	20	1873	51	667	0	0	1.01	OK	292	0	10369	744
random48-5.scen	21	1873	51	715	0	0	1.12	NO SOLUTION	135	67	12385	830
random48-5.scen	21	1873	51	715	1	0.01	1.28	OK	577	60	32129	2623
random48-5.scen	22	1873	51	728	0	0	1.17	NO SOLUTION	164	92	12504	843
random48-5.scen	22	1873	51	728	1	0.01	1.32	OK	631	62	32346	2678
random48-5.scen	23	1873	51	746	0	0	1.18	NO SOLUTION	145	80	12583	837
random48-5.scen	23	1873	51	746	1	0.01	1.34	OK	605	75	32528	2682
random48-5.scen	24	1873	77	823	0	0	2.88	NO SOLUTION	113	74	17529	978
random48-5.scen	24	1873	77	823	1	0.01	3.09	OK	601	66	37662	3399
random48-5.scen	25	1873	77	843	0	0	2.99	NO SOLUTION	116	74	17774	999
random48-5.scen	25	1873	77	843	1	0.01	3.18	OK	552	54	38063	3478
random48-5.scen	26	1873	77	875	0	0.01	3.06	NO SOLUTION	143	106	18009	1024
random48-5.scen	26	1873	77	875	1	0.01	3.26	OK	545	70	38623	3576
random48-5.scen	27	1873	79	954	0	0	3.57	NO SOLUTION	182	65	22200	1166
random48-5.scen	27	1873	79	954	1	0.01	3.79	OK	710	61	43076	4209
random48-5.scen	28	1873	79	988	0	0	3.67	NO SOLUTION	108	58	23215	1396
random48-5.scen	28	1873	79	988	1	0.01	3.93	OK	604	61	44292	4777
random48-5.scen	29	1873	79	1030	0	0.01	3.81	NO SOLUTION	124	84	23549	1431
random48-5.scen	29	1873	79	1030	1	0.01	4.16	OK	629	61	44919	4925
random48-5.scen	30	1873	79	1068	0	0.01	3.94	NO SOLUTION	129	93	24477	1489
random48-5.scen	30	1873	79	1068	1	0.02	4.34	OK	641	71	46171	5144
random48-5.scen	31	1873	79	1105	0	0	4.09	NO SOLUTION	0	1	25031	1579
random48-5.scen	31	1873	79	1105	1	0.01	4.45	NO SOLUTION	222	86	47128	5320
random48-5.scen	31	1873	79	1105	2	0.07	7.21	OK	1940	137	88857	16565
random48-5.scen	32	1873	79	1149	0	0	4.27	NO SOLUTION	0	1	25273	1597
random48-5.scen	32	1873	79	1149	1	0.01	4.59	NO SOLUTION	230	86	47645	5421
random48-5.scen	32	1873	79	1149	2	0.05	7.39	OK	1996	99	90302	16962
random48-5.scen	33	1873	79	1156	0	0	4.33	NO SOLUTION	0	1	25293	1598
random48-5.scen	33	1873	79	1156	1	0.01	4.65	NO SOLUTION	233	86	47707	5429
random48-5.scen	33	1873	79	1156	2	0.05	7.72	OK	2015	100	90470	17014
random48-5.scen	34	1873	79	1205	0	0	4.61	NO SOLUTION	0	1	27204	1678
random48-5.scen	34	1873	79	1205	1	0.02	4.94	NO SOLUTION	217	84	50007	5814
random48-5.scen	34	1873	79	1205	2	0.06	7.89	OK	2065	110	95124	17851
random48-5.scen	35	1873	79	1225	0	0	4.68	NO SOLUTION	0	1	27279	1683
random48-5.scen	35	1873	79	1225	1	0.02	5.03	NO SOLUTION	222	103	50211	5855
random48-5.scen	35	1873	79	1225	2	0.06	8.05	OK	2132	114	95604	17996
random48-5.scen	36	1873	79	1246	0	0	4.81	NO SOLUTION	0	1	27685	1709
random48-5.scen	36	1873	79	1246	1	0.02	5.15	NO SOLUTION	172	55	50794	5914
random48-5.scen	36	1873	79	1246	2	0.06	8.24	OK	1861	61	96865	18145
random48-5.scen	37	1873	79	1275	0	0	4.96	NO SOLUTION	0	1	27947	1743
random48-5.scen	37	1873	79	1275	1	0.02	5.33	NO SOLUTION	186	61	51335	6061
random48-5.scen	37	1873	79	1275	2	0.06	8.42	OK	2342	70	98211	18512
random48-5.scen	38	1873	79	1331	0	0	5.13	NO SOLUTION	0	1	29046	1869
random48-5.scen	38	1873	79	1331	1	0.01	5.52	NO SOLUTION	230	53	53411	6439
random48-5.scen	38	1873	79	1331	2	0.07	9.01	OK	2311	78	102721	19543
random48-5.scen	39	1873	79	1363	0	0	5.27	NO SOLUTION	0	1	29181	1883
random48-5.scen	39	1873	79	1363	1	0.01	5.62	NO SOLUTION	211	43	53787	6519
random48-5.scen	39	1873	79	1363	2	0.06	9.27	OK	1928	72	103622	19800
random48-5.scen	40	1873	79	1399	0	0	5.4	NO SOLUTION	0	1	29412	1929
random48-5.scen	40	1873	79	1399	1	0.01	5.8	NO SOLUTION	226	49	54490	6667
random48-5.scen	40	1873	79	1399	2	0.09	9.5	OK	2169	139	105304	20186
random48-5.scen	41	1873	79	1405	0	0	5.5	NO SOLUTION	0	1	29442	1934
random48-5.scen	41	1873	79	1405	1	0.02	5.91	NO SOLUTION	237	54	54583	6654
random48-5.scen	41	1873	79	1405	2	0.08	9.68	OK	2331	89	105531	20165
random48-5.scen	42	1873	79	1420	0	0	5.63	NO SOLUTION	0	1	29507	1940
random48-5.scen	42	1873	79	1420	1	0.01	6.08	NO SOLUTION	212	17	54784	6671
random48-5.scen	42	1873	79	1420	2	0.08	9.83	OK	2421	73	105977	20215
random48-5.scen	43	1873	79	1452	0	0	5.77	NO SOLUTION	0	1	29648	1962
random48-5.scen	43	1873	79	1452	1	0.01	6.18	NO SOLUTION	200	17	55225	6757
random48-5.scen	43	1873	79	1452	2	0.08	9.99	OK	2282	84	107063	20524
random48-5.scen	44	1873	79	1482	0	0	5.85	NO SOLUTION	0	1	29819	1984
random48-5.scen	44	1873	79	1482	1	0.01	6.26	NO SOLUTION	135	15	55704	6873
random48-5.scen	44	1873	79	1482	2	0.09	10.22	OK	2530	78	108171	20879
random48-5.scen	45	1873	79	1543	0	0	6.02	NO SOLUTION	0	1	30387	2117
random48-5.scen	45	1873	79	1543	1	0.01	6.52	NO SOLUTION	147	17	57350	7173
random48-5.scen	45	1873	79	1543	2	0.08	10.18	OK	2797	87	111927	21555
random48-5.scen	46	1873	79	1580	0	0	6.23	NO SOLUTION	0	1	30814	2200
random48-5.scen	46	1873	79	1580	1	0.01	6.69	NO SOLUTION	147	17	58540	7390
random48-5.scen	46	1873	79	1580	2	0.11	10.41	OK	2499	85	114787	22221
random48-5.scen	47	1873	79	1600	0	0	6.35	NO SOLUTION	0	1	30929	2222
random48-5.scen	47	1873	79	1600	1	0.01	6.86	NO SOLUTION	155	17	58913	7476
random48-5.scen	47	1873	79	1600	2	0.1	10.65	OK	2838	77	115712	22457
random48-5.scen	48	1873	79	1613	0	0	6.48	NO SOLUTION	0	1	31024	2238
random48-5.scen	48	1873	79	1613	1	0.01	7	NO SOLUTION	157	17	59172	7535
random48-5.scen	48	1873	79	1613	2	0.11	10.82	OK	2780	129	116310	22599
random48-5.scen	49	1873	79	1674	0	0	6.72	NO SOLUTION	0	1	31724	2389
random48-5.scen	49	1873	79	1674	1	0.01	7.34	NO SOLUTION	149	17	61211	7901
random48-5.scen	49	1873	79	1674	2	0.1	11.15	OK	2889	75	120636	23512
random48-5.scen	50	1873	79	1707	0	0	6.92	NO SOLUTION	0	1	31939	2427
random48-5.scen	50	1873	79	1707	1	0.01	7.48	NO SOLUTION	147	17	61881	8025
random48-5.scen	50	1873	79	1707	2	0.09	11.41	OK	3214	74	122109	23842
random48-5.scen	51	1873	79	1717	0	0	7.03	NO SOLUTION	0	1	32001	2432
random48-5.scen	51	1873	79	1717	1	0.01	7.59	NO SOLUTION	148	17	62032	8061
random48-5.scen	51	1873	79	1717	2	0.08	11.57	OK	2884	91	122485	23939
random48-5.scen	52	1873	79	1742	0	0	7.3	NO SOLUTION	0	1	32145	2455
random48-5.scen	52	1873	79	1742	1	0.01	7.8	NO SOLUTION	152	16	62449	8157
random48-5.scen	52	1873	79	1742	2	0.09	11.8	OK	3113	90	123488	24179
random48-5.scen	53	1873	79	1778	0	0	7.22	NO SOLUTION	0	1	20411	0
random48-5.scen	53	1873	79	1778	1	0	7.96	NO SOLUTION	0	1	62946	8776
random48-5.scen	53	1873	79	1778	2	0.01	12.01	NO SOLUTION	131	7	124793	24321
random48-5.scen	53	1873	79	1778	3	0.14	12.94	NO SOLUTION	1352	95	194206	41816
random48-5.scen	53	1873	79	1778	4	0.48	17.17	OK	2110	168	285556	67574
random48-5.scen	54	1873	79	1805	0	0	7.38	NO SOLUTION	0	1	20587	0
random48-5.scen	54	1873	79	1805	1	0	8.13	NO SOLUTION	0	1	63362	8876
random48-5.scen	54	1873	79	1805	2	0.01	12.3	NO SOLUTION	136	7	126003	24587
random48-5.scen	54	1873	79	1805	3	0.16	13.28	NO SOLUTION	1260	137	196431	42287
random48-5.scen	54	1873	79	1805	4	0.29	17.38	OK	2253	108	289343	68459
random48-5.scen	55	1873	79	1852	0	0	7.57	NO SOLUTION	0	1	21269	0
random48-5.scen	55	1873	79	1852	1	0	8.3	NO SOLUTION	0	1	65112	9173
random48-5.scen	55	1873	79	1852	2	0.01	12.64	NO SOLUTION	140	7	129865	25380
random48-5.scen	55	1873	79	1852	3	0.13	13.63	NO SOLUTION	858	80	202624	43753
random48-5.scen	55	1873	79	1852	4	0.51	17.95	OK	2180	174	298404	70945
random48-5.scen	56	1873	79	1879	0	0	7.79	NO SOLUTION	0	1	21563	0
random48-5.scen	56	1873	79	1879	1	0	8.57	NO SOLUTION	0	1	65794	9313
random48-5.scen	56	1873	79	1879	2	0.01	12.91	NO SOLUTION	141	7	131338	25673
random48-5.scen	56	1873	79	1879	3	0.1	13.86	NO SOLUTION	813	70	205014	44226
random48-5.scen	56	1873	79	1879	4	0.28	18.22	OK	2213	84	301984	71674
random48-5.scen	57	1873	79	1913	0	0	7.92	NO SOLUTION	0	1	21805	0
random48-5.scen	57	1873	79	1913	1	0	8.72	NO SOLUTION	0	1	66406	9428
random48-5.scen	57	1873	79	1913	2	0.01	13.15	NO SOLUTION	145	7	132806	26032
random48-5.scen	57	1873	79	1913	3	0.13	14.22	NO SOLUTION	891	131	207445	44832
random48-5.scen	57	1873	79	1913	4	0.41	18.62	OK	2220	113	305794	72634
random48-5.scen	58	1873	79	1954	0	0	8.08	NO SOLUTION	0	1	22346	0
random48-5.scen	58	1873	79	1954	1	0	8.94	NO SOLUTION	0	1	67764	9678
random48-5.scen	58	1873	79	1954	2	0.01	13.42	NO SOLUTION	151	7	135777	26708
random48-5.scen	58	1873	79	1954	3	0.14	14.5	NO SOLUTION	944	137	212100	46093
random48-5.scen	58	1873	79	1954	4	0.31	19.48	OK	2238	96	312563	74717
random48-5.scen	59	1873	79	1983	0	0	8.27	NO SOLUTION	0	1	22725	0
random48-5.scen	59	1873	79	1983	1	0	9.13	NO SOLUTION	0	1	68725	9858
random48-5.scen	59	1873	79	1983	2	0.01	13.69	NO SOLUTION	156	7	137860	27200
random48-5.scen	59	1873	79	1983	3	0.14	14.87	NO SOLUTION	984	138	215446	46913
random48-5.scen	59	1873	79	1983	4	0.49	19.97	OK	2297	163	317392	76130
random48-5.scen	60	1873	79	2005	0	0	8.47	NO SOLUTION	0	1	22807	0
random48-5.scen	60	1873	79	2005	1	0	9.35	NO SOLUTION	0	1	68954	9901
random48-5.scen	60	1873	79	2005	2	0.01	13.92	NO SOLUTION	161	7	138490	27387
random48-5.scen	60	1873	79	2005	3	0.15	15.16	NO SOLUTION	955	87	216549	47243
random48-5.scen	60	1873	79	2005	4	0.32	20.09	OK	2277	95	319256	76702
random48-5.scen	61	1873	79	2047	0	0	8.6	NO SOLUTION	0	1	22887	0
random48-5.scen	61	1873	79	2047	1	0	9.54	NO SOLUTION	0	1	69289	9932
random48-5.scen	61	1873	79	2047	2	0.01	14.23	NO SOLUTION	168	7	139527	27738
random48-5.scen	61	1873	79	2047	3	0.14	15.37	NO SOLUTION	1024	138	218575	47829
random48-5.scen	61	1873	79	2047	4	0.27	20.43	OK	2253	94	322717	77835
random48-5.scen	62	1873	79	2090	0	0	8.72	NO SOLUTION	0	1	23071	0
random48-5.scen	62	1873	79	2090	1	0	9.68	NO SOLUTION	0	1	69762	10034
random48-5.scen	62	1873	79	2090	2	0.01	14.45	NO SOLUTION	166	7	140751	28047
random48-5.scen	62	1873	79	2090	3	0.19	15.72	NO SOLUTION	983	101	220817	48304
random48-5.scen	62	1873	79	2090	4	0.43	20.98	OK	2989	152	326633	78609
random48-5.scen	63	1873	79	2134	0	0	9.24	NO SOLUTION	0	1	23578	0
random48-5.scen	63	1873	79	2134	1	0	9.85	NO SOLUTION	0	1	70991	10285
random48-5.scen	63	1873	79	2134	2	0.01	14.87	NO SOLUTION	167	7	143688	28731
random48-5.scen	63	1873	79	2134	3	0.11	16.05	NO SOLUTION	822	73	225798	49540
random48-5.scen	63	1873	79	2134	4	0.58	22.31	OK	2453	136	334365	80746
random48-5.scen	64	1873	79	2172	0	0	9.04	NO SOLUTION	0	1	23223	0
random48-5.scen	64	1873	79	2172	1	0	9.99	NO SOLUTION	0	1	71422	10365
random48-5.scen	64	1873	79	2172	2	0.02	15.03	NO SOLUTION	168	7	144759	29027
random48-5.scen	64	1873	79	2172	3	0.06	16.32	NO SOLUTION	403	29	227628	50043
random48-5.scen	64	1873	79	2172	4	0.16	21.61	NO SOLUTION	279	34	337663	81696
random48-5.scen	64	1873	79	2172	5	0.4	23.42	NO SOLUTION	1173	101	454769	116838
